Command line
python /home/jxy/anaconda3/envs/chemprop_1119/bin/chemprop_train --data_path data1/train_full.csv --dataset_type classification --save_dir checkpoints_1 --config_path hyperoptfile3 --epochs 100 --separate_test_path data/test_random_nocanonical.csv --separate_val_path data1/val_full.csv --features_generator rdkit_2d_normalized --no_features_scaling
Args
{'activation': 'ReLU',
 'aggregation': 'mean',
 'aggregation_norm': 100,
 'alternative_loss_function': None,
 'atom_descriptor_scaling': True,
 'atom_descriptors': None,
 'atom_descriptors_path': None,
 'atom_descriptors_size': 0,
 'atom_features_size': 0,
 'atom_messages': False,
 'batch_size': 50,
 'bias': False,
 'bond_feature_scaling': True,
 'bond_features_path': None,
 'bond_features_size': 0,
 'cache_cutoff': 10000,
 'checkpoint_dir': None,
 'checkpoint_frzn': None,
 'checkpoint_path': None,
 'checkpoint_paths': None,
 'class_balance': False,
 'config_path': 'hyperoptfile3',
 'crossval_index_dir': None,
 'crossval_index_file': None,
 'crossval_index_sets': None,
 'cuda': True,
 'data_path': 'data1/train_full.csv',
 'data_weights_path': None,
 'dataset_type': 'classification',
 'depth': 4,
 'device': device(type='cuda'),
 'dropout': 0.3,
 'empty_cache': False,
 'ensemble_size': 1,
 'epochs': 100,
 'explicit_h': False,
 'extra_metrics': [],
 'features_generator': ['rdkit_2d_normalized'],
 'features_only': False,
 'features_path': None,
 'features_scaling': False,
 'features_size': None,
 'ffn_hidden_size': 600,
 'ffn_num_layers': 2,
 'final_lr': 0.0001,
 'folds_file': None,
 'freeze_first_only': False,
 'frzn_ffn_layers': 0,
 'gpu': None,
 'grad_clip': None,
 'hidden_size': 600,
 'ignore_columns': None,
 'init_lr': 0.0001,
 'log_frequency': 10,
 'max_data_size': None,
 'max_lr': 0.001,
 'metric': 'auc',
 'metrics': ['auc'],
 'minimize_score': False,
 'mpn_shared': False,
 'multiclass_num_classes': 3,
 'no_atom_descriptor_scaling': False,
 'no_bond_features_scaling': False,
 'no_cache_mol': False,
 'no_cuda': False,
 'no_features_scaling': True,
 'num_folds': 1,
 'num_lrs': 1,
 'num_tasks': 1,
 'num_workers': 8,
 'number_of_molecules': 1,
 'overwrite_default_atom_features': False,
 'overwrite_default_bond_features': False,
 'phase_features_path': None,
 'pytorch_seed': 0,
 'quiet': False,
 'reaction': False,
 'reaction_mode': 'reac_diff',
 'resume_experiment': False,
 'save_dir': 'checkpoints_1',
 'save_preds': False,
 'save_smiles_splits': False,
 'seed': 0,
 'separate_test_atom_descriptors_path': None,
 'separate_test_bond_features_path': None,
 'separate_test_features_path': None,
 'separate_test_path': 'data/test_random_nocanonical.csv',
 'separate_test_phase_features_path': None,
 'separate_val_atom_descriptors_path': None,
 'separate_val_bond_features_path': None,
 'separate_val_features_path': None,
 'separate_val_path': 'data1/val_full.csv',
 'separate_val_phase_features_path': None,
 'show_individual_scores': False,
 'smiles_columns': ['Smile'],
 'spectra_activation': 'exp',
 'spectra_phase_mask_path': None,
 'spectra_target_floor': 1e-08,
 'split_sizes': (0.8, 0.1, 0.1),
 'split_type': 'random',
 'target_columns': None,
 'target_weights': None,
 'task_names': ['Label'],
 'test': False,
 'test_fold_index': None,
 'train_data_size': None,
 'undirected': False,
 'use_input_features': True,
 'val_fold_index': None,
 'warmup_epochs': 2.0}
Setting molecule featurization parameters to default.
Loading data
Number of tasks = 1
Fold 0
Splitting data with seed 0
Class sizes
Label 0: 46.01%, 1: 53.99%
Total size = 1,041 | train size = 1,041 | val size = 116 | test size = 290
Building model 0
MoleculeModel(
  (sigmoid): Sigmoid()
  (encoder): MPN(
    (encoder): ModuleList(
      (0): MPNEncoder(
        (dropout_layer): Dropout(p=0.3, inplace=False)
        (act_func): ReLU()
        (W_i): Linear(in_features=147, out_features=600, bias=False)
        (W_h): Linear(in_features=600, out_features=600, bias=False)
        (W_o): Linear(in_features=733, out_features=600, bias=True)
      )
    )
  )
  (ffn): Sequential(
    (0): Dropout(p=0.3, inplace=False)
    (1): Linear(in_features=800, out_features=600, bias=True)
    (2): ReLU()
    (3): Dropout(p=0.3, inplace=False)
    (4): Linear(in_features=600, out_features=1, bias=True)
  )
)
Number of parameters = 1,370,401
Moving model to cuda
Epoch 0
Loss = 7.2192e-01, PNorm = 46.7659, GNorm = 1.9052, lr_0 = 3.4750e-04
Loss = 7.0005e-01, PNorm = 46.7807, GNorm = 1.0666, lr_0 = 5.7250e-04
Loss = 6.7155e-01, PNorm = 46.7828, GNorm = 1.6622, lr_0 = 5.9500e-04
Validation auc = 0.701754
Epoch 1
Loss = 6.6079e-01, PNorm = 46.8156, GNorm = 0.9878, lr_0 = 8.2000e-04
Loss = 6.4523e-01, PNorm = 46.8604, GNorm = 1.1911, lr_0 = 9.9765e-04
Validation auc = 0.705323
Epoch 2
Loss = 6.2805e-01, PNorm = 46.9072, GNorm = 0.9840, lr_0 = 9.8600e-04
Loss = 6.4230e-01, PNorm = 46.9511, GNorm = 0.8096, lr_0 = 9.7449e-04
Validation auc = 0.713351
Epoch 3
Loss = 6.1219e-01, PNorm = 46.9949, GNorm = 0.6563, lr_0 = 9.6310e-04
Loss = 6.4364e-01, PNorm = 47.0347, GNorm = 1.0218, lr_0 = 9.5186e-04
Validation auc = 0.728814
Epoch 4
Loss = 6.1989e-01, PNorm = 47.0754, GNorm = 1.0690, lr_0 = 9.4074e-04
Loss = 6.3203e-01, PNorm = 47.1217, GNorm = 0.7549, lr_0 = 9.2975e-04
Validation auc = 0.739518
Epoch 5
Loss = 6.4849e-01, PNorm = 47.1564, GNorm = 1.7500, lr_0 = 9.1889e-04
Loss = 6.2697e-01, PNorm = 47.1927, GNorm = 0.7835, lr_0 = 9.0816e-04
Validation auc = 0.735653
Epoch 6
Loss = 6.4560e-01, PNorm = 47.2359, GNorm = 0.6434, lr_0 = 8.9650e-04
Loss = 6.0028e-01, PNorm = 47.2674, GNorm = 0.6772, lr_0 = 8.8603e-04
Validation auc = 0.735355
Epoch 7
Loss = 5.7802e-01, PNorm = 47.3032, GNorm = 0.5486, lr_0 = 8.7568e-04
Loss = 5.9879e-01, PNorm = 47.3417, GNorm = 0.5849, lr_0 = 8.6546e-04
Validation auc = 0.750520
Epoch 8
Loss = 5.3947e-01, PNorm = 47.3807, GNorm = 0.8686, lr_0 = 8.5535e-04
Loss = 6.0651e-01, PNorm = 47.4211, GNorm = 0.8546, lr_0 = 8.4536e-04
Validation auc = 0.752602
Epoch 9
Loss = 5.9806e-01, PNorm = 47.4648, GNorm = 0.6400, lr_0 = 8.3549e-04
Loss = 5.6744e-01, PNorm = 47.5182, GNorm = 0.6556, lr_0 = 8.2573e-04
Validation auc = 0.734166
Epoch 10
Loss = 5.2377e-01, PNorm = 47.5679, GNorm = 0.7434, lr_0 = 8.1608e-04
Loss = 6.2473e-01, PNorm = 47.6138, GNorm = 1.5721, lr_0 = 8.0655e-04
Validation auc = 0.740113
Epoch 11
Loss = 4.9726e-01, PNorm = 47.6641, GNorm = 0.6946, lr_0 = 7.9713e-04
Loss = 5.8763e-01, PNorm = 47.7229, GNorm = 0.7040, lr_0 = 7.8782e-04
Validation auc = 0.741302
Epoch 12
Loss = 6.0920e-01, PNorm = 47.7743, GNorm = 0.6509, lr_0 = 7.7771e-04
Loss = 5.5497e-01, PNorm = 47.8277, GNorm = 0.5891, lr_0 = 7.6862e-04
Loss = 5.5734e-01, PNorm = 47.8877, GNorm = 0.5455, lr_0 = 7.5965e-04
Validation auc = 0.734761
Epoch 13
Loss = 5.6771e-01, PNorm = 47.9456, GNorm = 1.0035, lr_0 = 7.5078e-04
Loss = 5.5158e-01, PNorm = 48.0116, GNorm = 1.0135, lr_0 = 7.4201e-04
Validation auc = 0.741600
Epoch 14
Loss = 5.2560e-01, PNorm = 48.0751, GNorm = 0.5408, lr_0 = 7.3334e-04
Loss = 5.8627e-01, PNorm = 48.1262, GNorm = 0.6557, lr_0 = 7.2478e-04
Validation auc = 0.750818
Epoch 15
Loss = 5.4594e-01, PNorm = 48.1951, GNorm = 0.7909, lr_0 = 7.1631e-04
Loss = 5.5513e-01, PNorm = 48.2579, GNorm = 0.6193, lr_0 = 7.0795e-04
Validation auc = 0.736842
Epoch 16
Loss = 5.2624e-01, PNorm = 48.3186, GNorm = 0.8639, lr_0 = 6.9968e-04
Loss = 5.5138e-01, PNorm = 48.3889, GNorm = 0.8432, lr_0 = 6.9151e-04
Validation auc = 0.717811
Epoch 17
Loss = 5.5248e-01, PNorm = 48.4641, GNorm = 1.0937, lr_0 = 6.8263e-04
Loss = 5.5801e-01, PNorm = 48.5251, GNorm = 0.6608, lr_0 = 6.7465e-04
Validation auc = 0.729408
Epoch 18
Loss = 5.1793e-01, PNorm = 48.5932, GNorm = 0.6688, lr_0 = 6.6678e-04
Loss = 5.4099e-01, PNorm = 48.6606, GNorm = 0.7084, lr_0 = 6.5899e-04
Validation auc = 0.744276
Epoch 19
Loss = 5.1575e-01, PNorm = 48.7143, GNorm = 0.6391, lr_0 = 6.5129e-04
Loss = 5.0296e-01, PNorm = 48.7824, GNorm = 0.5974, lr_0 = 6.4369e-04
Validation auc = 0.739518
Epoch 20
Loss = 5.0678e-01, PNorm = 48.8449, GNorm = 1.2662, lr_0 = 6.3617e-04
Loss = 5.1882e-01, PNorm = 48.9109, GNorm = 0.6963, lr_0 = 6.2874e-04
Validation auc = 0.740410
Epoch 21
Loss = 5.3715e-01, PNorm = 48.9739, GNorm = 0.6203, lr_0 = 6.2139e-04
Loss = 4.9398e-01, PNorm = 49.0468, GNorm = 0.6149, lr_0 = 6.1414e-04
Validation auc = 0.732679
Epoch 22
Loss = 4.7896e-01, PNorm = 49.1104, GNorm = 0.7920, lr_0 = 6.0696e-04
Loss = 5.3539e-01, PNorm = 49.1834, GNorm = 0.7344, lr_0 = 5.9988e-04
Validation auc = 0.731490
Epoch 23
Loss = 4.6446e-01, PNorm = 49.2662, GNorm = 1.0233, lr_0 = 5.9217e-04
Loss = 5.0306e-01, PNorm = 49.3426, GNorm = 0.8862, lr_0 = 5.8526e-04
Validation auc = 0.722569
Epoch 24
Loss = 4.3432e-01, PNorm = 49.4114, GNorm = 0.6950, lr_0 = 5.7842e-04
Loss = 4.7963e-01, PNorm = 49.4825, GNorm = 0.6702, lr_0 = 5.7167e-04
Loss = 4.7911e-01, PNorm = 49.5546, GNorm = 0.8018, lr_0 = 5.6499e-04
Validation auc = 0.739221
Epoch 25
Loss = 5.3055e-01, PNorm = 49.6256, GNorm = 0.8578, lr_0 = 5.5839e-04
Loss = 4.7970e-01, PNorm = 49.7032, GNorm = 0.6732, lr_0 = 5.5187e-04
Validation auc = 0.747249
Epoch 26
Loss = 4.8083e-01, PNorm = 49.7701, GNorm = 0.7513, lr_0 = 5.4542e-04
Loss = 4.6054e-01, PNorm = 49.8364, GNorm = 0.6134, lr_0 = 5.3905e-04
Validation auc = 0.736842
Epoch 27
Loss = 4.5733e-01, PNorm = 49.9144, GNorm = 0.6122, lr_0 = 5.3276e-04
Loss = 4.6523e-01, PNorm = 49.9933, GNorm = 0.9817, lr_0 = 5.2654e-04
Validation auc = 0.726435
Epoch 28
Loss = 4.8535e-01, PNorm = 50.0661, GNorm = 0.6477, lr_0 = 5.1978e-04
Loss = 4.6609e-01, PNorm = 50.1417, GNorm = 0.7770, lr_0 = 5.1371e-04
Validation auc = 0.739221
Epoch 29
Loss = 4.8539e-01, PNorm = 50.2171, GNorm = 0.6977, lr_0 = 5.0771e-04
Loss = 4.4211e-01, PNorm = 50.2858, GNorm = 0.6826, lr_0 = 5.0178e-04
Validation auc = 0.740708
Epoch 30
Loss = 4.9513e-01, PNorm = 50.3565, GNorm = 0.7550, lr_0 = 4.9592e-04
Loss = 4.2973e-01, PNorm = 50.4345, GNorm = 1.0106, lr_0 = 4.9012e-04
Validation auc = 0.735058
Epoch 31
Loss = 4.6676e-01, PNorm = 50.5114, GNorm = 0.8415, lr_0 = 4.8440e-04
Loss = 3.9075e-01, PNorm = 50.5884, GNorm = 0.8225, lr_0 = 4.7874e-04
Validation auc = 0.745168
Epoch 32
Loss = 4.2343e-01, PNorm = 50.6491, GNorm = 0.8079, lr_0 = 4.7315e-04
Loss = 4.3177e-01, PNorm = 50.7258, GNorm = 0.8137, lr_0 = 4.6763e-04
Validation auc = 0.749034
Epoch 33
Loss = 3.7320e-01, PNorm = 50.7847, GNorm = 0.6248, lr_0 = 4.6216e-04
Loss = 4.1986e-01, PNorm = 50.8589, GNorm = 0.6342, lr_0 = 4.5677e-04
Validation auc = 0.737734
Epoch 34
Loss = 4.7090e-01, PNorm = 50.9304, GNorm = 1.3446, lr_0 = 4.5090e-04
Loss = 4.1764e-01, PNorm = 50.9942, GNorm = 0.8717, lr_0 = 4.4564e-04
Validation auc = 0.753197
Epoch 35
Loss = 4.1014e-01, PNorm = 51.0665, GNorm = 0.7091, lr_0 = 4.4043e-04
Loss = 4.1123e-01, PNorm = 51.1268, GNorm = 0.8225, lr_0 = 4.3529e-04
Validation auc = 0.756765
Epoch 36
Loss = 3.9709e-01, PNorm = 51.1942, GNorm = 0.9129, lr_0 = 4.3020e-04
Loss = 3.9656e-01, PNorm = 51.2671, GNorm = 0.8648, lr_0 = 4.2518e-04
Loss = 4.2212e-01, PNorm = 51.3272, GNorm = 0.7744, lr_0 = 4.2021e-04
Validation auc = 0.743087
Epoch 37
Loss = 4.0105e-01, PNorm = 51.4026, GNorm = 0.7807, lr_0 = 4.1531e-04
Loss = 3.8155e-01, PNorm = 51.4635, GNorm = 1.3507, lr_0 = 4.1045e-04
Validation auc = 0.770740
Epoch 38
Loss = 4.3098e-01, PNorm = 51.5225, GNorm = 0.8125, lr_0 = 4.0566e-04
Loss = 3.7774e-01, PNorm = 51.5811, GNorm = 1.0127, lr_0 = 4.0092e-04
Validation auc = 0.743087
Epoch 39
Loss = 3.7962e-01, PNorm = 51.6498, GNorm = 0.9002, lr_0 = 3.9578e-04
Loss = 4.0906e-01, PNorm = 51.7081, GNorm = 0.8178, lr_0 = 3.9115e-04
Validation auc = 0.761522
Epoch 40
Loss = 3.9838e-01, PNorm = 51.7656, GNorm = 0.9588, lr_0 = 3.8658e-04
Loss = 3.8304e-01, PNorm = 51.8282, GNorm = 0.7997, lr_0 = 3.8207e-04
Validation auc = 0.755278
Epoch 41
Loss = 3.6709e-01, PNorm = 51.8843, GNorm = 0.8087, lr_0 = 3.7761e-04
Loss = 3.3938e-01, PNorm = 51.9437, GNorm = 1.0144, lr_0 = 3.7320e-04
Validation auc = 0.758549
Epoch 42
Loss = 3.2609e-01, PNorm = 51.9930, GNorm = 1.7014, lr_0 = 3.6884e-04
Loss = 3.5530e-01, PNorm = 52.0481, GNorm = 1.2249, lr_0 = 3.6453e-04
Validation auc = 0.766577
Epoch 43
Loss = 3.4344e-01, PNorm = 52.1055, GNorm = 2.0384, lr_0 = 3.6027e-04
Loss = 3.5511e-01, PNorm = 52.1541, GNorm = 0.9731, lr_0 = 3.5607e-04
Validation auc = 0.754981
Epoch 44
Loss = 3.5255e-01, PNorm = 52.2091, GNorm = 0.9726, lr_0 = 3.5191e-04
Loss = 3.7727e-01, PNorm = 52.2730, GNorm = 1.0047, lr_0 = 3.4780e-04
Validation auc = 0.761522
Epoch 45
Loss = 3.4434e-01, PNorm = 52.3297, GNorm = 0.8761, lr_0 = 3.4333e-04
Loss = 3.3684e-01, PNorm = 52.3839, GNorm = 1.5342, lr_0 = 3.3932e-04
Validation auc = 0.754386
Epoch 46
Loss = 2.7960e-01, PNorm = 52.4323, GNorm = 1.5466, lr_0 = 3.3536e-04
Loss = 3.2187e-01, PNorm = 52.4787, GNorm = 1.4003, lr_0 = 3.3144e-04
Validation auc = 0.755873
Epoch 47
Loss = 3.0486e-01, PNorm = 52.5258, GNorm = 0.8529, lr_0 = 3.2757e-04
Loss = 3.1781e-01, PNorm = 52.5781, GNorm = 1.6045, lr_0 = 3.2375e-04
Validation auc = 0.749034
Epoch 48
Loss = 1.9605e-01, PNorm = 52.6343, GNorm = 0.8315, lr_0 = 3.1996e-04
Loss = 3.2551e-01, PNorm = 52.6868, GNorm = 1.7736, lr_0 = 3.1623e-04
Loss = 3.4131e-01, PNorm = 52.7332, GNorm = 1.4351, lr_0 = 3.1253e-04
Validation auc = 0.761820
Epoch 49
Loss = 3.0699e-01, PNorm = 52.7769, GNorm = 1.6114, lr_0 = 3.0888e-04
Loss = 2.9888e-01, PNorm = 52.8267, GNorm = 0.9465, lr_0 = 3.0528e-04
Validation auc = 0.774011
Epoch 50
Loss = 3.1534e-01, PNorm = 52.8706, GNorm = 1.3457, lr_0 = 3.0171e-04
Loss = 2.9995e-01, PNorm = 52.9145, GNorm = 1.2732, lr_0 = 2.9819e-04
Validation auc = 0.756170
Epoch 51
Loss = 3.1277e-01, PNorm = 52.9668, GNorm = 1.1973, lr_0 = 2.9436e-04
Loss = 3.2499e-01, PNorm = 53.0070, GNorm = 1.9803, lr_0 = 2.9092e-04
Validation auc = 0.747844
Epoch 52
Loss = 2.9403e-01, PNorm = 53.0479, GNorm = 1.1931, lr_0 = 2.8752e-04
Loss = 2.9470e-01, PNorm = 53.0900, GNorm = 1.2388, lr_0 = 2.8417e-04
Validation auc = 0.779661
Epoch 53
Loss = 3.1656e-01, PNorm = 53.1307, GNorm = 1.4553, lr_0 = 2.8085e-04
Loss = 2.8585e-01, PNorm = 53.1688, GNorm = 1.5703, lr_0 = 2.7757e-04
Validation auc = 0.766280
Epoch 54
Loss = 2.7401e-01, PNorm = 53.2004, GNorm = 1.6292, lr_0 = 2.7432e-04
Loss = 2.7678e-01, PNorm = 53.2398, GNorm = 1.3284, lr_0 = 2.7112e-04
Validation auc = 0.770740
Epoch 55
Loss = 2.7395e-01, PNorm = 53.2813, GNorm = 1.4868, lr_0 = 2.6795e-04
Loss = 2.8416e-01, PNorm = 53.3198, GNorm = 1.3339, lr_0 = 2.6483e-04
Validation auc = 0.760036
Epoch 56
Loss = 2.2394e-01, PNorm = 53.3632, GNorm = 1.2406, lr_0 = 2.6142e-04
Loss = 2.7857e-01, PNorm = 53.3993, GNorm = 3.4750, lr_0 = 2.5837e-04
Validation auc = 0.764496
Epoch 57
Loss = 3.0370e-01, PNorm = 53.4273, GNorm = 1.2028, lr_0 = 2.5535e-04
Loss = 2.4168e-01, PNorm = 53.4608, GNorm = 1.0279, lr_0 = 2.5237e-04
Validation auc = 0.754089
Epoch 58
Loss = 2.0250e-01, PNorm = 53.4995, GNorm = 1.2849, lr_0 = 2.4942e-04
Loss = 2.3970e-01, PNorm = 53.5329, GNorm = 1.5009, lr_0 = 2.4651e-04
Validation auc = 0.733274
Epoch 59
Loss = 2.6672e-01, PNorm = 53.5636, GNorm = 1.4916, lr_0 = 2.4363e-04
Loss = 2.5818e-01, PNorm = 53.5970, GNorm = 2.8045, lr_0 = 2.4079e-04
Validation auc = 0.770740
Epoch 60
Loss = 3.5725e-01, PNorm = 53.6255, GNorm = 2.0680, lr_0 = 2.3797e-04
Loss = 2.3567e-01, PNorm = 53.6539, GNorm = 1.8016, lr_0 = 2.3520e-04
Loss = 2.6355e-01, PNorm = 53.6790, GNorm = 2.3419, lr_0 = 2.3245e-04
Validation auc = 0.755873
Epoch 61
Loss = 2.2206e-01, PNorm = 53.7077, GNorm = 1.1459, lr_0 = 2.2973e-04
Loss = 2.6126e-01, PNorm = 53.7367, GNorm = 1.8835, lr_0 = 2.2705e-04
Loss = 1.3421e-01, PNorm = 53.7397, GNorm = 0.9804, lr_0 = 2.2678e-04
Validation auc = 0.768659
Epoch 62
Loss = 2.2236e-01, PNorm = 53.7715, GNorm = 1.2213, lr_0 = 2.2414e-04
Loss = 2.3772e-01, PNorm = 53.7956, GNorm = 1.1144, lr_0 = 2.2152e-04
Validation auc = 0.763307
Epoch 63
Loss = 2.2235e-01, PNorm = 53.8231, GNorm = 1.9308, lr_0 = 2.1893e-04
Loss = 2.2261e-01, PNorm = 53.8477, GNorm = 1.9297, lr_0 = 2.1637e-04
Validation auc = 0.770740
Epoch 64
Loss = 2.1885e-01, PNorm = 53.8713, GNorm = 1.6467, lr_0 = 2.1385e-04
Loss = 2.2682e-01, PNorm = 53.9012, GNorm = 3.9094, lr_0 = 2.1135e-04
Validation auc = 0.750223
Epoch 65
Loss = 2.0276e-01, PNorm = 53.9309, GNorm = 0.8621, lr_0 = 2.0888e-04
Loss = 2.0992e-01, PNorm = 53.9595, GNorm = 1.4244, lr_0 = 2.0644e-04
Validation auc = 0.762117
Epoch 66
Loss = 2.1477e-01, PNorm = 53.9810, GNorm = 1.9956, lr_0 = 2.0403e-04
Loss = 2.3622e-01, PNorm = 54.0044, GNorm = 2.8131, lr_0 = 2.0165e-04
Validation auc = 0.771632
Epoch 67
Loss = 2.1804e-01, PNorm = 54.0296, GNorm = 1.8249, lr_0 = 1.9906e-04
Loss = 2.2806e-01, PNorm = 54.0541, GNorm = 2.0785, lr_0 = 1.9673e-04
Validation auc = 0.747844
Epoch 68
Loss = 1.9387e-01, PNorm = 54.0777, GNorm = 1.2748, lr_0 = 1.9444e-04
Loss = 1.9822e-01, PNorm = 54.0987, GNorm = 1.4363, lr_0 = 1.9216e-04
Validation auc = 0.765983
Epoch 69
Loss = 1.8433e-01, PNorm = 54.1201, GNorm = 1.7512, lr_0 = 1.8992e-04
Loss = 2.2353e-01, PNorm = 54.1406, GNorm = 3.0070, lr_0 = 1.8770e-04
Validation auc = 0.771632
Epoch 70
Loss = 1.4607e-01, PNorm = 54.1586, GNorm = 1.0720, lr_0 = 1.8551e-04
Loss = 1.8016e-01, PNorm = 54.1811, GNorm = 1.1866, lr_0 = 1.8334e-04
Validation auc = 0.759738
Epoch 71
Loss = 2.1146e-01, PNorm = 54.2045, GNorm = 1.6605, lr_0 = 1.8120e-04
Loss = 1.6083e-01, PNorm = 54.2280, GNorm = 1.7136, lr_0 = 1.7909e-04
Validation auc = 0.758252
Epoch 72
Loss = 1.1376e-01, PNorm = 54.2483, GNorm = 0.9923, lr_0 = 1.7699e-04
Loss = 2.1303e-01, PNorm = 54.2677, GNorm = 1.1272, lr_0 = 1.7493e-04
Validation auc = 0.751412
Epoch 73
Loss = 2.2073e-01, PNorm = 54.2891, GNorm = 1.6891, lr_0 = 1.7268e-04
Loss = 1.9229e-01, PNorm = 54.3079, GNorm = 1.8044, lr_0 = 1.7066e-04
Loss = 1.7854e-01, PNorm = 54.3253, GNorm = 1.0927, lr_0 = 1.6867e-04
Validation auc = 0.773714
Epoch 74
Loss = 1.8938e-01, PNorm = 54.3439, GNorm = 1.2698, lr_0 = 1.6670e-04
Loss = 1.8464e-01, PNorm = 54.3624, GNorm = 2.4191, lr_0 = 1.6475e-04
Validation auc = 0.779364
Epoch 75
Loss = 1.6964e-01, PNorm = 54.3804, GNorm = 1.7917, lr_0 = 1.6283e-04
Loss = 1.8070e-01, PNorm = 54.3989, GNorm = 2.2114, lr_0 = 1.6093e-04
Validation auc = 0.771930
Epoch 76
Loss = 1.4945e-01, PNorm = 54.4154, GNorm = 1.3069, lr_0 = 1.5905e-04
Loss = 2.0764e-01, PNorm = 54.4314, GNorm = 1.6439, lr_0 = 1.5719e-04
Validation auc = 0.759738
Epoch 77
Loss = 1.9064e-01, PNorm = 54.4464, GNorm = 2.7708, lr_0 = 1.5536e-04
Loss = 1.9149e-01, PNorm = 54.4600, GNorm = 1.8559, lr_0 = 1.5354e-04
Validation auc = 0.766875
Epoch 78
Loss = 2.2522e-01, PNorm = 54.4765, GNorm = 1.5078, lr_0 = 1.5157e-04
Loss = 1.4239e-01, PNorm = 54.4916, GNorm = 0.9728, lr_0 = 1.4980e-04
Validation auc = 0.765685
Epoch 79
Loss = 1.7825e-01, PNorm = 54.5056, GNorm = 1.5465, lr_0 = 1.4805e-04
Loss = 1.9885e-01, PNorm = 54.5186, GNorm = 2.9849, lr_0 = 1.4632e-04
Validation auc = 0.749926
Epoch 80
Loss = 1.6647e-01, PNorm = 54.5335, GNorm = 1.9247, lr_0 = 1.4461e-04
Loss = 1.7426e-01, PNorm = 54.5483, GNorm = 1.4716, lr_0 = 1.4292e-04
Validation auc = 0.773417
Epoch 81
Loss = 1.9734e-01, PNorm = 54.5611, GNorm = 1.4995, lr_0 = 1.4125e-04
Loss = 1.5995e-01, PNorm = 54.5731, GNorm = 1.0909, lr_0 = 1.3960e-04
Validation auc = 0.753197
Epoch 82
Loss = 1.7430e-01, PNorm = 54.5873, GNorm = 1.1838, lr_0 = 1.3797e-04
Loss = 1.6036e-01, PNorm = 54.6029, GNorm = 1.8243, lr_0 = 1.3636e-04
Validation auc = 0.761225
Epoch 83
Loss = 1.3935e-01, PNorm = 54.6146, GNorm = 0.7800, lr_0 = 1.3477e-04
Loss = 1.7079e-01, PNorm = 54.6272, GNorm = 1.3582, lr_0 = 1.3320e-04
Validation auc = 0.764793
Epoch 84
Loss = 1.8836e-01, PNorm = 54.6402, GNorm = 1.2868, lr_0 = 1.3149e-04
Loss = 1.4773e-01, PNorm = 54.6533, GNorm = 2.5023, lr_0 = 1.2995e-04
Validation auc = 0.761522
Epoch 85
Loss = 1.8767e-01, PNorm = 54.6677, GNorm = 2.0401, lr_0 = 1.2843e-04
Loss = 1.5834e-01, PNorm = 54.6799, GNorm = 2.0522, lr_0 = 1.2693e-04
Loss = 1.5392e-01, PNorm = 54.6928, GNorm = 2.0154, lr_0 = 1.2545e-04
Validation auc = 0.771038
Epoch 86
Loss = 1.7057e-01, PNorm = 54.7064, GNorm = 2.0758, lr_0 = 1.2398e-04
Loss = 1.3455e-01, PNorm = 54.7182, GNorm = 1.2304, lr_0 = 1.2254e-04
Validation auc = 0.761522
Epoch 87
Loss = 1.2834e-01, PNorm = 54.7288, GNorm = 1.8789, lr_0 = 1.2111e-04
Loss = 1.8002e-01, PNorm = 54.7396, GNorm = 2.2559, lr_0 = 1.1969e-04
Validation auc = 0.761225
Epoch 88
Loss = 1.4825e-01, PNorm = 54.7481, GNorm = 1.8806, lr_0 = 1.1829e-04
Loss = 1.4130e-01, PNorm = 54.7569, GNorm = 1.4193, lr_0 = 1.1691e-04
Validation auc = 0.764793
Epoch 89
Loss = 1.7283e-01, PNorm = 54.7675, GNorm = 1.7052, lr_0 = 1.1541e-04
Loss = 1.6956e-01, PNorm = 54.7780, GNorm = 3.6377, lr_0 = 1.1406e-04
Validation auc = 0.768956
Epoch 90
Loss = 1.9340e-01, PNorm = 54.7871, GNorm = 1.7164, lr_0 = 1.1273e-04
Loss = 1.6460e-01, PNorm = 54.7955, GNorm = 1.9179, lr_0 = 1.1141e-04
Validation auc = 0.773714
Epoch 91
Loss = 1.2834e-01, PNorm = 54.8060, GNorm = 1.3922, lr_0 = 1.1011e-04
Loss = 1.5021e-01, PNorm = 54.8179, GNorm = 1.1081, lr_0 = 1.0883e-04
Validation auc = 0.757954
Epoch 92
Loss = 1.3902e-01, PNorm = 54.8290, GNorm = 2.5421, lr_0 = 1.0756e-04
Loss = 1.6182e-01, PNorm = 54.8396, GNorm = 2.1882, lr_0 = 1.0630e-04
Validation auc = 0.781445
Epoch 93
Loss = 1.5526e-01, PNorm = 54.8507, GNorm = 1.6678, lr_0 = 1.0506e-04
Loss = 1.2497e-01, PNorm = 54.8606, GNorm = 1.7576, lr_0 = 1.0383e-04
Validation auc = 0.765091
Epoch 94
Loss = 1.2313e-01, PNorm = 54.8688, GNorm = 1.6288, lr_0 = 1.0262e-04
Loss = 1.7895e-01, PNorm = 54.8766, GNorm = 1.3361, lr_0 = 1.0142e-04
Validation auc = 0.760928
Epoch 95
Loss = 1.6660e-01, PNorm = 54.8841, GNorm = 1.1112, lr_0 = 1.0012e-04
Loss = 1.2852e-01, PNorm = 54.8927, GNorm = 1.4441, lr_0 = 1.0000e-04
Validation auc = 0.777282
Epoch 96
Loss = 1.3901e-01, PNorm = 54.9019, GNorm = 2.3834, lr_0 = 1.0000e-04
Loss = 1.4716e-01, PNorm = 54.9117, GNorm = 1.3574, lr_0 = 1.0000e-04
Validation auc = 0.768362
Epoch 97
Loss = 1.5150e-01, PNorm = 54.9200, GNorm = 2.4248, lr_0 = 1.0000e-04
Loss = 1.3976e-01, PNorm = 54.9292, GNorm = 1.0859, lr_0 = 1.0000e-04
Loss = 1.4001e-01, PNorm = 54.9360, GNorm = 0.8884, lr_0 = 1.0000e-04
Validation auc = 0.760928
Epoch 98
Loss = 1.2090e-01, PNorm = 54.9445, GNorm = 1.2150, lr_0 = 1.0000e-04
Loss = 1.4127e-01, PNorm = 54.9530, GNorm = 2.6216, lr_0 = 1.0000e-04
Validation auc = 0.769254
Epoch 99
Loss = 1.3556e-01, PNorm = 54.9614, GNorm = 1.8445, lr_0 = 1.0000e-04
Loss = 1.3439e-01, PNorm = 54.9695, GNorm = 1.8385, lr_0 = 1.0000e-04
Validation auc = 0.769551
Model 0 best validation auc = 0.781445 on epoch 92
Loading pretrained parameter "encoder.encoder.0.cached_zero_vector".
Loading pretrained parameter "encoder.encoder.0.W_i.weight".
Loading pretrained parameter "encoder.encoder.0.W_h.weight".
Loading pretrained parameter "encoder.encoder.0.W_o.weight".
Loading pretrained parameter "encoder.encoder.0.W_o.bias".
Loading pretrained parameter "ffn.1.weight".
Loading pretrained parameter "ffn.1.bias".
Loading pretrained parameter "ffn.4.weight".
Loading pretrained parameter "ffn.4.bias".
Moving model to cuda
Model 0 test auc = 0.749376
Ensemble test auc = 0.749376
1-fold cross validation
	Seed 0 ==> test auc = 0.749376
Overall test auc = 0.749376 +/- 0.000000
Elapsed time = 0:02:17
