Command line
python /home/jxy/anaconda3/envs/chemprop_1119/bin/chemprop_train --data_path data/train_random_nocanonical.csv --dataset_type classification --save_dir checkpoints_8_split --split_sizes 0.9 0.1 0.0
Args
{'activation': 'ReLU',
 'aggregation': 'mean',
 'aggregation_norm': 100,
 'alternative_loss_function': None,
 'atom_descriptor_scaling': True,
 'atom_descriptors': None,
 'atom_descriptors_path': None,
 'atom_descriptors_size': 0,
 'atom_features_size': 0,
 'atom_messages': False,
 'batch_size': 50,
 'bias': False,
 'bond_feature_scaling': True,
 'bond_features_path': None,
 'bond_features_size': 0,
 'cache_cutoff': 10000,
 'checkpoint_dir': None,
 'checkpoint_frzn': None,
 'checkpoint_path': None,
 'checkpoint_paths': None,
 'class_balance': False,
 'config_path': None,
 'crossval_index_dir': None,
 'crossval_index_file': None,
 'crossval_index_sets': None,
 'cuda': True,
 'data_path': 'data/train_random_nocanonical.csv',
 'data_weights_path': None,
 'dataset_type': 'classification',
 'depth': 3,
 'device': device(type='cuda'),
 'dropout': 0.0,
 'empty_cache': False,
 'ensemble_size': 1,
 'epochs': 30,
 'explicit_h': False,
 'extra_metrics': [],
 'features_generator': None,
 'features_only': False,
 'features_path': None,
 'features_scaling': True,
 'features_size': None,
 'ffn_hidden_size': 300,
 'ffn_num_layers': 2,
 'final_lr': 0.0001,
 'folds_file': None,
 'freeze_first_only': False,
 'frzn_ffn_layers': 0,
 'gpu': None,
 'grad_clip': None,
 'hidden_size': 300,
 'ignore_columns': None,
 'init_lr': 0.0001,
 'log_frequency': 10,
 'max_data_size': None,
 'max_lr': 0.001,
 'metric': 'auc',
 'metrics': ['auc'],
 'minimize_score': False,
 'mpn_shared': False,
 'multiclass_num_classes': 3,
 'no_atom_descriptor_scaling': False,
 'no_bond_features_scaling': False,
 'no_cache_mol': False,
 'no_cuda': False,
 'no_features_scaling': False,
 'num_folds': 1,
 'num_lrs': 1,
 'num_tasks': 1,
 'num_workers': 8,
 'number_of_molecules': 1,
 'overwrite_default_atom_features': False,
 'overwrite_default_bond_features': False,
 'phase_features_path': None,
 'pytorch_seed': 0,
 'quiet': False,
 'reaction': False,
 'reaction_mode': 'reac_diff',
 'resume_experiment': False,
 'save_dir': 'checkpoints_8_split',
 'save_preds': False,
 'save_smiles_splits': False,
 'seed': 0,
 'separate_test_atom_descriptors_path': None,
 'separate_test_bond_features_path': None,
 'separate_test_features_path': None,
 'separate_test_path': None,
 'separate_test_phase_features_path': None,
 'separate_val_atom_descriptors_path': None,
 'separate_val_bond_features_path': None,
 'separate_val_features_path': None,
 'separate_val_path': None,
 'separate_val_phase_features_path': None,
 'show_individual_scores': False,
 'smiles_columns': ['Smile'],
 'spectra_activation': 'exp',
 'spectra_phase_mask_path': None,
 'spectra_target_floor': 1e-08,
 'split_sizes': (0.9, 0.1, 0.0),
 'split_type': 'random',
 'target_columns': None,
 'target_weights': None,
 'task_names': ['Label'],
 'test': False,
 'test_fold_index': None,
 'train_data_size': None,
 'undirected': False,
 'use_input_features': False,
 'val_fold_index': None,
 'warmup_epochs': 2.0}
Setting molecule featurization parameters to default.
Loading data
Number of tasks = 1
Fold 0
Splitting data with seed 0
Class sizes
Label 0: 46.33%, 1: 53.67%
Total size = 1,157 | train size = 1,041 | val size = 116 | test size = 0
Building model 0
MoleculeModel(
  (sigmoid): Sigmoid()
  (encoder): MPN(
    (encoder): ModuleList(
      (0): MPNEncoder(
        (dropout_layer): Dropout(p=0.0, inplace=False)
        (act_func): ReLU()
        (W_i): Linear(in_features=147, out_features=300, bias=False)
        (W_h): Linear(in_features=300, out_features=300, bias=False)
        (W_o): Linear(in_features=433, out_features=300, bias=True)
      )
    )
  )
  (ffn): Sequential(
    (0): Dropout(p=0.0, inplace=False)
    (1): Linear(in_features=300, out_features=300, bias=True)
    (2): ReLU()
    (3): Dropout(p=0.0, inplace=False)
    (4): Linear(in_features=300, out_features=1, bias=True)
  )
)
Number of parameters = 355,201
Moving model to cuda
Epoch 0
Loss = 6.9210e-01, PNorm = 34.0116, GNorm = 0.2648, lr_0 = 3.4750e-04
Loss = 6.9600e-01, PNorm = 34.0148, GNorm = 1.0454, lr_0 = 5.7250e-04
Loss = 6.6414e-01, PNorm = 34.0157, GNorm = 0.2310, lr_0 = 5.9500e-04
Validation auc = 0.599147
Epoch 1
Loss = 6.8765e-01, PNorm = 34.0300, GNorm = 1.1766, lr_0 = 8.2000e-04
Loss = 6.8239e-01, PNorm = 34.0539, GNorm = 0.2510, lr_0 = 9.9181e-04
Validation auc = 0.614377
Epoch 2
Loss = 6.8352e-01, PNorm = 34.0817, GNorm = 0.5798, lr_0 = 9.5186e-04
Loss = 6.7394e-01, PNorm = 34.1185, GNorm = 0.4471, lr_0 = 9.1351e-04
Validation auc = 0.642705
Epoch 3
Loss = 6.6120e-01, PNorm = 34.1661, GNorm = 0.7368, lr_0 = 8.7671e-04
Loss = 6.7334e-01, PNorm = 34.2101, GNorm = 0.9056, lr_0 = 8.4140e-04
Validation auc = 0.664941
Epoch 4
Loss = 6.3933e-01, PNorm = 34.2667, GNorm = 0.2766, lr_0 = 8.0750e-04
Loss = 6.5173e-01, PNorm = 34.3106, GNorm = 0.4653, lr_0 = 7.7497e-04
Validation auc = 0.675906
Epoch 5
Loss = 6.5259e-01, PNorm = 34.3557, GNorm = 0.3072, lr_0 = 7.4375e-04
Loss = 6.3899e-01, PNorm = 34.4140, GNorm = 0.4259, lr_0 = 7.1379e-04
Validation auc = 0.683826
Epoch 6
Loss = 6.4532e-01, PNorm = 34.4646, GNorm = 0.9404, lr_0 = 6.8223e-04
Loss = 6.3551e-01, PNorm = 34.5141, GNorm = 0.3587, lr_0 = 6.5474e-04
Validation auc = 0.683521
Epoch 7
Loss = 6.2969e-01, PNorm = 34.5717, GNorm = 0.5736, lr_0 = 6.2837e-04
Loss = 6.3683e-01, PNorm = 34.6182, GNorm = 0.6282, lr_0 = 6.0306e-04
Validation auc = 0.696619
Epoch 8
Loss = 6.2795e-01, PNorm = 34.6728, GNorm = 0.3455, lr_0 = 5.7876e-04
Loss = 6.1558e-01, PNorm = 34.7249, GNorm = 0.8108, lr_0 = 5.5545e-04
Validation auc = 0.713981
Epoch 9
Loss = 6.4122e-01, PNorm = 34.7714, GNorm = 0.4476, lr_0 = 5.3307e-04
Loss = 6.1187e-01, PNorm = 34.8236, GNorm = 1.3906, lr_0 = 5.1160e-04
Validation auc = 0.709108
Epoch 10
Loss = 5.9975e-01, PNorm = 34.8694, GNorm = 0.7886, lr_0 = 4.9099e-04
Loss = 5.9619e-01, PNorm = 34.9292, GNorm = 0.5566, lr_0 = 4.7121e-04
Validation auc = 0.718246
Epoch 11
Loss = 5.9429e-01, PNorm = 34.9685, GNorm = 0.3390, lr_0 = 4.5223e-04
Loss = 5.8369e-01, PNorm = 35.0144, GNorm = 0.7847, lr_0 = 4.3401e-04
Validation auc = 0.718246
Epoch 12
Loss = 5.2396e-01, PNorm = 35.0671, GNorm = 0.6635, lr_0 = 4.1482e-04
Loss = 5.8238e-01, PNorm = 35.1153, GNorm = 0.7425, lr_0 = 3.9811e-04
Loss = 5.9306e-01, PNorm = 35.1570, GNorm = 1.1114, lr_0 = 3.8207e-04
Validation auc = 0.724947
Epoch 13
Loss = 5.9864e-01, PNorm = 35.1955, GNorm = 0.7032, lr_0 = 3.6668e-04
Loss = 5.8155e-01, PNorm = 35.2367, GNorm = 0.8777, lr_0 = 3.5191e-04
Validation auc = 0.712763
Epoch 14
Loss = 5.8710e-01, PNorm = 35.2760, GNorm = 0.8818, lr_0 = 3.3773e-04
Loss = 5.7501e-01, PNorm = 35.3157, GNorm = 1.0200, lr_0 = 3.2413e-04
Validation auc = 0.730429
Epoch 15
Loss = 5.5442e-01, PNorm = 35.3638, GNorm = 0.5835, lr_0 = 3.1107e-04
Loss = 5.4990e-01, PNorm = 35.4056, GNorm = 0.6834, lr_0 = 2.9854e-04
Validation auc = 0.725556
Epoch 16
Loss = 5.4831e-01, PNorm = 35.4434, GNorm = 0.5828, lr_0 = 2.8651e-04
Loss = 5.6657e-01, PNorm = 35.4833, GNorm = 1.0917, lr_0 = 2.7497e-04
Validation auc = 0.741395
Epoch 17
Loss = 5.3883e-01, PNorm = 35.5151, GNorm = 0.5786, lr_0 = 2.6281e-04
Loss = 5.4874e-01, PNorm = 35.5465, GNorm = 1.3785, lr_0 = 2.5222e-04
Validation auc = 0.735608
Epoch 18
Loss = 5.2301e-01, PNorm = 35.5813, GNorm = 0.5736, lr_0 = 2.4206e-04
Loss = 5.2244e-01, PNorm = 35.6188, GNorm = 0.9043, lr_0 = 2.3231e-04
Validation auc = 0.739872
Epoch 19
Loss = 5.3575e-01, PNorm = 35.6476, GNorm = 2.2063, lr_0 = 2.2295e-04
Loss = 5.4225e-01, PNorm = 35.6793, GNorm = 1.5997, lr_0 = 2.1397e-04
Validation auc = 0.745964
Epoch 20
Loss = 5.2854e-01, PNorm = 35.7099, GNorm = 0.8640, lr_0 = 2.0535e-04
Loss = 5.4972e-01, PNorm = 35.7388, GNorm = 3.2412, lr_0 = 1.9708e-04
Validation auc = 0.740481
Epoch 21
Loss = 4.7654e-01, PNorm = 35.7592, GNorm = 1.1924, lr_0 = 1.8914e-04
Loss = 5.2168e-01, PNorm = 35.7844, GNorm = 0.5552, lr_0 = 1.8152e-04
Validation auc = 0.747487
Epoch 22
Loss = 5.4204e-01, PNorm = 35.8077, GNorm = 2.2706, lr_0 = 1.7421e-04
Loss = 5.1098e-01, PNorm = 35.8299, GNorm = 1.0051, lr_0 = 1.6719e-04
Validation auc = 0.737740
Epoch 23
Loss = 4.7755e-01, PNorm = 35.8510, GNorm = 0.8686, lr_0 = 1.5980e-04
Loss = 5.0266e-01, PNorm = 35.8722, GNorm = 0.9626, lr_0 = 1.5336e-04
Validation auc = 0.744441
Epoch 24
Loss = 4.9794e-01, PNorm = 35.8934, GNorm = 0.8245, lr_0 = 1.4718e-04
Loss = 4.9089e-01, PNorm = 35.9134, GNorm = 1.9719, lr_0 = 1.4125e-04
Command line
python /home/jxy/anaconda3/envs/chemprop_1119/bin/chemprop_train --data_path data/train_random_nocanonical.csv --dataset_type classification --save_dir checkpoints_8_split --split_sizes 0.9 0.1 0.0 --save_smiles_splits
Args
{'activation': 'ReLU',
 'aggregation': 'mean',
 'aggregation_norm': 100,
 'alternative_loss_function': None,
 'atom_descriptor_scaling': True,
 'atom_descriptors': None,
 'atom_descriptors_path': None,
 'atom_descriptors_size': 0,
 'atom_features_size': 0,
 'atom_messages': False,
 'batch_size': 50,
 'bias': False,
 'bond_feature_scaling': True,
 'bond_features_path': None,
 'bond_features_size': 0,
 'cache_cutoff': 10000,
 'checkpoint_dir': None,
 'checkpoint_frzn': None,
 'checkpoint_path': None,
 'checkpoint_paths': None,
 'class_balance': False,
 'config_path': None,
 'crossval_index_dir': None,
 'crossval_index_file': None,
 'crossval_index_sets': None,
 'cuda': True,
 'data_path': 'data/train_random_nocanonical.csv',
 'data_weights_path': None,
 'dataset_type': 'classification',
 'depth': 3,
 'device': device(type='cuda'),
 'dropout': 0.0,
 'empty_cache': False,
 'ensemble_size': 1,
 'epochs': 30,
 'explicit_h': False,
 'extra_metrics': [],
 'features_generator': None,
 'features_only': False,
 'features_path': None,
 'features_scaling': True,
 'features_size': None,
 'ffn_hidden_size': 300,
 'ffn_num_layers': 2,
 'final_lr': 0.0001,
 'folds_file': None,
 'freeze_first_only': False,
 'frzn_ffn_layers': 0,
 'gpu': None,
 'grad_clip': None,
 'hidden_size': 300,
 'ignore_columns': None,
 'init_lr': 0.0001,
 'log_frequency': 10,
 'max_data_size': None,
 'max_lr': 0.001,
 'metric': 'auc',
 'metrics': ['auc'],
 'minimize_score': False,
 'mpn_shared': False,
 'multiclass_num_classes': 3,
 'no_atom_descriptor_scaling': False,
 'no_bond_features_scaling': False,
 'no_cache_mol': False,
 'no_cuda': False,
 'no_features_scaling': False,
 'num_folds': 1,
 'num_lrs': 1,
 'num_tasks': 1,
 'num_workers': 8,
 'number_of_molecules': 1,
 'overwrite_default_atom_features': False,
 'overwrite_default_bond_features': False,
 'phase_features_path': None,
 'pytorch_seed': 0,
 'quiet': False,
 'reaction': False,
 'reaction_mode': 'reac_diff',
 'resume_experiment': False,
 'save_dir': 'checkpoints_8_split',
 'save_preds': False,
 'save_smiles_splits': True,
 'seed': 0,
 'separate_test_atom_descriptors_path': None,
 'separate_test_bond_features_path': None,
 'separate_test_features_path': None,
 'separate_test_path': None,
 'separate_test_phase_features_path': None,
 'separate_val_atom_descriptors_path': None,
 'separate_val_bond_features_path': None,
 'separate_val_features_path': None,
 'separate_val_path': None,
 'separate_val_phase_features_path': None,
 'show_individual_scores': False,
 'smiles_columns': ['Smile'],
 'spectra_activation': 'exp',
 'spectra_phase_mask_path': None,
 'spectra_target_floor': 1e-08,
 'split_sizes': (0.9, 0.1, 0.0),
 'split_type': 'random',
 'target_columns': None,
 'target_weights': None,
 'task_names': ['Label'],
 'test': False,
 'test_fold_index': None,
 'train_data_size': None,
 'undirected': False,
 'use_input_features': False,
 'val_fold_index': None,
 'warmup_epochs': 2.0}
Setting molecule featurization parameters to default.
Loading data
Number of tasks = 1
Fold 0
Splitting data with seed 0
Class sizes
Label 0: 46.33%, 1: 53.67%
Total size = 1,157 | train size = 1,041 | val size = 116 | test size = 0
Building model 0
MoleculeModel(
  (sigmoid): Sigmoid()
  (encoder): MPN(
    (encoder): ModuleList(
      (0): MPNEncoder(
        (dropout_layer): Dropout(p=0.0, inplace=False)
        (act_func): ReLU()
        (W_i): Linear(in_features=147, out_features=300, bias=False)
        (W_h): Linear(in_features=300, out_features=300, bias=False)
        (W_o): Linear(in_features=433, out_features=300, bias=True)
      )
    )
  )
  (ffn): Sequential(
    (0): Dropout(p=0.0, inplace=False)
    (1): Linear(in_features=300, out_features=300, bias=True)
    (2): ReLU()
    (3): Dropout(p=0.0, inplace=False)
    (4): Linear(in_features=300, out_features=1, bias=True)
  )
)
Number of parameters = 355,201
Moving model to cuda
Epoch 0
Loss = 6.9210e-01, PNorm = 34.0116, GNorm = 0.2648, lr_0 = 3.4750e-04
Loss = 6.9600e-01, PNorm = 34.0148, GNorm = 1.0454, lr_0 = 5.7250e-04
Loss = 6.6414e-01, PNorm = 34.0157, GNorm = 0.2310, lr_0 = 5.9500e-04
Validation auc = 0.599147
Epoch 1
Loss = 6.8765e-01, PNorm = 34.0300, GNorm = 1.1766, lr_0 = 8.2000e-04
Loss = 6.8239e-01, PNorm = 34.0539, GNorm = 0.2510, lr_0 = 9.9181e-04
Validation auc = 0.614377
Epoch 2
Loss = 6.8352e-01, PNorm = 34.0817, GNorm = 0.5798, lr_0 = 9.5186e-04
Loss = 6.7394e-01, PNorm = 34.1185, GNorm = 0.4471, lr_0 = 9.1351e-04
Validation auc = 0.642705
Epoch 3
Loss = 6.6120e-01, PNorm = 34.1661, GNorm = 0.7368, lr_0 = 8.7671e-04
Loss = 6.7334e-01, PNorm = 34.2101, GNorm = 0.9056, lr_0 = 8.4140e-04
Validation auc = 0.664941
Epoch 4
Loss = 6.3933e-01, PNorm = 34.2667, GNorm = 0.2766, lr_0 = 8.0750e-04
Loss = 6.5173e-01, PNorm = 34.3106, GNorm = 0.4653, lr_0 = 7.7497e-04
Validation auc = 0.675906
Epoch 5
Loss = 6.5259e-01, PNorm = 34.3557, GNorm = 0.3072, lr_0 = 7.4375e-04
Loss = 6.3899e-01, PNorm = 34.4140, GNorm = 0.4259, lr_0 = 7.1379e-04
Validation auc = 0.683826
Epoch 6
Loss = 6.4532e-01, PNorm = 34.4646, GNorm = 0.9404, lr_0 = 6.8223e-04
Loss = 6.3551e-01, PNorm = 34.5141, GNorm = 0.3587, lr_0 = 6.5474e-04
Validation auc = 0.683521
Epoch 7
Loss = 6.2969e-01, PNorm = 34.5717, GNorm = 0.5736, lr_0 = 6.2837e-04
Loss = 6.3683e-01, PNorm = 34.6182, GNorm = 0.6282, lr_0 = 6.0306e-04
Validation auc = 0.696619
Epoch 8
Loss = 6.2795e-01, PNorm = 34.6728, GNorm = 0.3455, lr_0 = 5.7876e-04
Loss = 6.1558e-01, PNorm = 34.7249, GNorm = 0.8108, lr_0 = 5.5545e-04
Validation auc = 0.713981
Epoch 9
Loss = 6.4122e-01, PNorm = 34.7714, GNorm = 0.4476, lr_0 = 5.3307e-04
Loss = 6.1187e-01, PNorm = 34.8236, GNorm = 1.3906, lr_0 = 5.1160e-04
Validation auc = 0.709108
Epoch 10
Loss = 5.9975e-01, PNorm = 34.8694, GNorm = 0.7886, lr_0 = 4.9099e-04
Loss = 5.9619e-01, PNorm = 34.9292, GNorm = 0.5566, lr_0 = 4.7121e-04
Validation auc = 0.718246
Epoch 11
Loss = 5.9429e-01, PNorm = 34.9685, GNorm = 0.3390, lr_0 = 4.5223e-04
Loss = 5.8369e-01, PNorm = 35.0144, GNorm = 0.7847, lr_0 = 4.3401e-04
Validation auc = 0.718246
Epoch 12
Loss = 5.2396e-01, PNorm = 35.0671, GNorm = 0.6635, lr_0 = 4.1482e-04
Loss = 5.8238e-01, PNorm = 35.1153, GNorm = 0.7425, lr_0 = 3.9811e-04
Loss = 5.9306e-01, PNorm = 35.1570, GNorm = 1.1114, lr_0 = 3.8207e-04
Validation auc = 0.724947
Epoch 13
Loss = 5.9864e-01, PNorm = 35.1955, GNorm = 0.7032, lr_0 = 3.6668e-04
Loss = 5.8155e-01, PNorm = 35.2367, GNorm = 0.8777, lr_0 = 3.5191e-04
Validation auc = 0.712763
Epoch 14
Loss = 5.8710e-01, PNorm = 35.2760, GNorm = 0.8818, lr_0 = 3.3773e-04
Loss = 5.7501e-01, PNorm = 35.3157, GNorm = 1.0200, lr_0 = 3.2413e-04
Validation auc = 0.730429
Epoch 15
Loss = 5.5442e-01, PNorm = 35.3638, GNorm = 0.5835, lr_0 = 3.1107e-04
Loss = 5.4990e-01, PNorm = 35.4056, GNorm = 0.6834, lr_0 = 2.9854e-04
Validation auc = 0.725556
Epoch 16
Loss = 5.4831e-01, PNorm = 35.4434, GNorm = 0.5828, lr_0 = 2.8651e-04
Loss = 5.6657e-01, PNorm = 35.4833, GNorm = 1.0917, lr_0 = 2.7497e-04
Validation auc = 0.741395
Epoch 17
Loss = 5.3883e-01, PNorm = 35.5151, GNorm = 0.5786, lr_0 = 2.6281e-04
Loss = 5.4874e-01, PNorm = 35.5465, GNorm = 1.3785, lr_0 = 2.5222e-04
Validation auc = 0.735608
Epoch 18
Loss = 5.2301e-01, PNorm = 35.5813, GNorm = 0.5736, lr_0 = 2.4206e-04
Loss = 5.2244e-01, PNorm = 35.6188, GNorm = 0.9043, lr_0 = 2.3231e-04
Validation auc = 0.739872
Epoch 19
Loss = 5.3575e-01, PNorm = 35.6476, GNorm = 2.2063, lr_0 = 2.2295e-04
Loss = 5.4225e-01, PNorm = 35.6793, GNorm = 1.5997, lr_0 = 2.1397e-04
Validation auc = 0.745964
Epoch 20
Loss = 5.2854e-01, PNorm = 35.7099, GNorm = 0.8640, lr_0 = 2.0535e-04
Loss = 5.4972e-01, PNorm = 35.7388, GNorm = 3.2412, lr_0 = 1.9708e-04
Validation auc = 0.740481
Epoch 21
Loss = 4.7654e-01, PNorm = 35.7592, GNorm = 1.1924, lr_0 = 1.8914e-04
Loss = 5.2168e-01, PNorm = 35.7844, GNorm = 0.5552, lr_0 = 1.8152e-04
Validation auc = 0.747487
Epoch 22
Loss = 5.4204e-01, PNorm = 35.8077, GNorm = 2.2706, lr_0 = 1.7421e-04
Loss = 5.1098e-01, PNorm = 35.8299, GNorm = 1.0051, lr_0 = 1.6719e-04
Validation auc = 0.737740
Epoch 23
Loss = 4.7755e-01, PNorm = 35.8510, GNorm = 0.8686, lr_0 = 1.5980e-04
Loss = 5.0266e-01, PNorm = 35.8722, GNorm = 0.9626, lr_0 = 1.5336e-04
Validation auc = 0.744441
Epoch 24
Loss = 4.9794e-01, PNorm = 35.8934, GNorm = 0.8245, lr_0 = 1.4718e-04
Loss = 4.9089e-01, PNorm = 35.9134, GNorm = 1.9719, lr_0 = 1.4125e-04
Loss = 5.0954e-01, PNorm = 35.9316, GNorm = 1.0523, lr_0 = 1.3556e-04
Validation auc = 0.747182
Epoch 25
Loss = 5.1216e-01, PNorm = 35.9486, GNorm = 0.8022, lr_0 = 1.3010e-04
Loss = 4.9086e-01, PNorm = 35.9662, GNorm = 1.0389, lr_0 = 1.2486e-04
Validation auc = 0.741090
Epoch 26
Loss = 5.0920e-01, PNorm = 35.9804, GNorm = 1.8506, lr_0 = 1.1983e-04
Loss = 4.7358e-01, PNorm = 35.9976, GNorm = 1.3513, lr_0 = 1.1500e-04
Validation auc = 0.756625
Epoch 27
Loss = 4.8287e-01, PNorm = 36.0138, GNorm = 2.2336, lr_0 = 1.1037e-04
Loss = 4.7800e-01, PNorm = 36.0283, GNorm = 0.9426, lr_0 = 1.0593e-04
Validation auc = 0.743832
Epoch 28
Loss = 4.5561e-01, PNorm = 36.0441, GNorm = 1.3764, lr_0 = 1.0124e-04
Loss = 4.8370e-01, PNorm = 36.0573, GNorm = 1.4638, lr_0 = 1.0000e-04
Validation auc = 0.749315
Epoch 29
Loss = 4.5904e-01, PNorm = 36.0711, GNorm = 1.8604, lr_0 = 1.0000e-04
Loss = 5.0228e-01, PNorm = 36.0835, GNorm = 1.2820, lr_0 = 1.0000e-04
Validation auc = 0.747182
Model 0 best validation auc = 0.756625 on epoch 26
Loading pretrained parameter "encoder.encoder.0.cached_zero_vector".
Loading pretrained parameter "encoder.encoder.0.W_i.weight".
Loading pretrained parameter "encoder.encoder.0.W_h.weight".
Loading pretrained parameter "encoder.encoder.0.W_o.weight".
Loading pretrained parameter "encoder.encoder.0.W_o.bias".
Loading pretrained parameter "ffn.1.weight".
Loading pretrained parameter "ffn.1.bias".
Loading pretrained parameter "ffn.4.weight".
Loading pretrained parameter "ffn.4.bias".
Moving model to cuda
Model 0 test auc = nan
Ensemble test auc = nan
1-fold cross validation
	Seed 0 ==> test auc = nan
Overall test auc = nan +/- nan
Elapsed time = 0:00:27
