Command line
python /home/jxy/anaconda3/envs/chemprop_1119/bin/chemprop_train --data_path data/train_random_nocanonical.csv --dataset_type classification --save_dir checkpoints_23 --config_path hyperoptfile --epochs 100 --separate_test_path data/test_random_nocanonical.csv --split_sizes 0.9 0.1 0.0 --features_generator rdkit_2d_normalized --no_features_scaling --aggregation_norm 100
Args
{'activation': 'ReLU',
 'aggregation': 'mean',
 'aggregation_norm': 100,
 'alternative_loss_function': None,
 'atom_descriptor_scaling': True,
 'atom_descriptors': None,
 'atom_descriptors_path': None,
 'atom_descriptors_size': 0,
 'atom_features_size': 0,
 'atom_messages': False,
 'batch_size': 50,
 'bias': False,
 'bond_feature_scaling': True,
 'bond_features_path': None,
 'bond_features_size': 0,
 'cache_cutoff': 10000,
 'checkpoint_dir': None,
 'checkpoint_frzn': None,
 'checkpoint_path': None,
 'checkpoint_paths': None,
 'class_balance': False,
 'config_path': 'hyperoptfile',
 'crossval_index_dir': None,
 'crossval_index_file': None,
 'crossval_index_sets': None,
 'cuda': True,
 'data_path': 'data/train_random_nocanonical.csv',
 'data_weights_path': None,
 'dataset_type': 'classification',
 'depth': 3,
 'device': device(type='cuda'),
 'dropout': 0.35,
 'empty_cache': False,
 'ensemble_size': 1,
 'epochs': 100,
 'explicit_h': False,
 'extra_metrics': [],
 'features_generator': ['rdkit_2d_normalized'],
 'features_only': False,
 'features_path': None,
 'features_scaling': False,
 'features_size': None,
 'ffn_hidden_size': 1200,
 'ffn_num_layers': 2,
 'final_lr': 0.0001,
 'folds_file': None,
 'freeze_first_only': False,
 'frzn_ffn_layers': 0,
 'gpu': None,
 'grad_clip': None,
 'hidden_size': 1200,
 'ignore_columns': None,
 'init_lr': 0.0001,
 'log_frequency': 10,
 'max_data_size': None,
 'max_lr': 0.001,
 'metric': 'auc',
 'metrics': ['auc'],
 'minimize_score': False,
 'mpn_shared': False,
 'multiclass_num_classes': 3,
 'no_atom_descriptor_scaling': False,
 'no_bond_features_scaling': False,
 'no_cache_mol': False,
 'no_cuda': False,
 'no_features_scaling': True,
 'num_folds': 1,
 'num_lrs': 1,
 'num_tasks': 1,
 'num_workers': 8,
 'number_of_molecules': 1,
 'overwrite_default_atom_features': False,
 'overwrite_default_bond_features': False,
 'phase_features_path': None,
 'pytorch_seed': 0,
 'quiet': False,
 'reaction': False,
 'reaction_mode': 'reac_diff',
 'resume_experiment': False,
 'save_dir': 'checkpoints_23',
 'save_preds': False,
 'save_smiles_splits': False,
 'seed': 0,
 'separate_test_atom_descriptors_path': None,
 'separate_test_bond_features_path': None,
 'separate_test_features_path': None,
 'separate_test_path': 'data/test_random_nocanonical.csv',
 'separate_test_phase_features_path': None,
 'separate_val_atom_descriptors_path': None,
 'separate_val_bond_features_path': None,
 'separate_val_features_path': None,
 'separate_val_path': None,
 'separate_val_phase_features_path': None,
 'show_individual_scores': False,
 'smiles_columns': ['Smile'],
 'spectra_activation': 'exp',
 'spectra_phase_mask_path': None,
 'spectra_target_floor': 1e-08,
 'split_sizes': (0.9, 0.1, 0.0),
 'split_type': 'random',
 'target_columns': None,
 'target_weights': None,
 'task_names': ['Label'],
 'test': False,
 'test_fold_index': None,
 'train_data_size': None,
 'undirected': False,
 'use_input_features': True,
 'val_fold_index': None,
 'warmup_epochs': 2.0}
Setting molecule featurization parameters to default.
Loading data
Number of tasks = 1
Fold 0
Splitting data with seed 0
Class sizes
Label 0: 46.33%, 1: 53.67%
Total size = 1,157 | train size = 925 | val size = 232 | test size = 290
Building model 0
MoleculeModel(
  (sigmoid): Sigmoid()
  (encoder): MPN(
    (encoder): ModuleList(
      (0): MPNEncoder(
        (dropout_layer): Dropout(p=0.35, inplace=False)
        (act_func): ReLU()
        (W_i): Linear(in_features=147, out_features=1200, bias=False)
        (W_h): Linear(in_features=1200, out_features=1200, bias=False)
        (W_o): Linear(in_features=1333, out_features=1200, bias=True)
      )
    )
  )
  (ffn): Sequential(
    (0): Dropout(p=0.35, inplace=False)
    (1): Linear(in_features=1400, out_features=1200, bias=True)
    (2): ReLU()
    (3): Dropout(p=0.35, inplace=False)
    (4): Linear(in_features=1200, out_features=1, bias=True)
  )
)
Number of parameters = 4,900,801
Moving model to cuda
Epoch 0
Loss = 7.1947e-01, PNorm = 63.4082, GNorm = 1.1714, lr_0 = 3.7500e-04
Validation auc = 0.724159
Epoch 1
Loss = 7.3923e-01, PNorm = 63.4613, GNorm = 1.7053, lr_0 = 6.5000e-04
Loss = 6.8067e-01, PNorm = 63.5427, GNorm = 1.3563, lr_0 = 9.0000e-04
Validation auc = 0.761719
Epoch 2
Loss = 6.8257e-01, PNorm = 63.6440, GNorm = 0.7065, lr_0 = 9.9220e-04
Loss = 6.7614e-01, PNorm = 63.7365, GNorm = 0.9970, lr_0 = 9.7933e-04
Validation auc = 0.753681
Epoch 3
Loss = 6.0568e-01, PNorm = 63.8182, GNorm = 0.7285, lr_0 = 9.6537e-04
Loss = 6.4362e-01, PNorm = 63.8771, GNorm = 0.8781, lr_0 = 9.5285e-04
Validation auc = 0.760968
Epoch 4
Loss = 6.2771e-01, PNorm = 63.9285, GNorm = 0.6641, lr_0 = 9.4049e-04
Loss = 6.2046e-01, PNorm = 63.9768, GNorm = 0.9076, lr_0 = 9.2830e-04
Validation auc = 0.773888
Epoch 5
Loss = 6.3631e-01, PNorm = 64.0323, GNorm = 0.9551, lr_0 = 9.1506e-04
Loss = 6.3105e-01, PNorm = 64.0872, GNorm = 0.8627, lr_0 = 9.0320e-04
Validation auc = 0.767127
Epoch 6
Loss = 6.0489e-01, PNorm = 64.1334, GNorm = 0.7675, lr_0 = 8.9148e-04
Validation auc = 0.770132
Epoch 7
Loss = 6.4176e-01, PNorm = 64.1856, GNorm = 0.9378, lr_0 = 8.7877e-04
Loss = 6.1977e-01, PNorm = 64.2449, GNorm = 1.4332, lr_0 = 8.6738e-04
Validation auc = 0.778546
Epoch 8
Loss = 6.2321e-01, PNorm = 64.2876, GNorm = 0.9763, lr_0 = 8.5613e-04
Loss = 6.2773e-01, PNorm = 64.3357, GNorm = 1.6208, lr_0 = 8.4503e-04
Validation auc = 0.771484
Epoch 9
Loss = 5.9277e-01, PNorm = 64.4020, GNorm = 0.7146, lr_0 = 8.3298e-04
Loss = 5.8768e-01, PNorm = 64.4567, GNorm = 0.9454, lr_0 = 8.2218e-04
Validation auc = 0.767203
Epoch 10
Loss = 6.0494e-01, PNorm = 64.5157, GNorm = 0.8455, lr_0 = 8.1152e-04
Loss = 5.8051e-01, PNorm = 64.5740, GNorm = 0.6149, lr_0 = 8.0099e-04
Validation auc = 0.779222
Epoch 11
Loss = 6.1197e-01, PNorm = 64.6486, GNorm = 1.2968, lr_0 = 7.8957e-04
Loss = 5.9231e-01, PNorm = 64.7159, GNorm = 0.5715, lr_0 = 7.7933e-04
Validation auc = 0.780499
Epoch 12
Loss = 5.6699e-01, PNorm = 64.7910, GNorm = 0.5962, lr_0 = 7.6923e-04
Loss = 5.8324e-01, PNorm = 64.8686, GNorm = 1.0334, lr_0 = 7.5925e-04
Loss = 8.8430e-01, PNorm = 64.8726, GNorm = 1.3975, lr_0 = 7.5826e-04
Validation auc = 0.770883
Epoch 13
Loss = 5.8846e-01, PNorm = 64.9384, GNorm = 1.0006, lr_0 = 7.4843e-04
Validation auc = 0.784029
Epoch 14
Loss = 5.3265e-01, PNorm = 65.0125, GNorm = 0.5825, lr_0 = 7.3872e-04
Loss = 5.6670e-01, PNorm = 65.0890, GNorm = 0.6236, lr_0 = 7.2914e-04
Validation auc = 0.766902
Epoch 15
Loss = 5.5659e-01, PNorm = 65.1850, GNorm = 0.5882, lr_0 = 7.1875e-04
Loss = 5.7343e-01, PNorm = 65.2833, GNorm = 1.0410, lr_0 = 7.0943e-04
Validation auc = 0.774264
Epoch 16
Loss = 4.6220e-01, PNorm = 65.3834, GNorm = 0.6037, lr_0 = 7.0023e-04
Loss = 5.7380e-01, PNorm = 65.4787, GNorm = 0.7621, lr_0 = 6.9114e-04
Validation auc = 0.787109
Epoch 17
Loss = 5.4511e-01, PNorm = 65.5716, GNorm = 0.5958, lr_0 = 6.8129e-04
Loss = 5.5897e-01, PNorm = 65.6726, GNorm = 0.6988, lr_0 = 6.7246e-04
Validation auc = 0.770207
Epoch 18
Loss = 5.6155e-01, PNorm = 65.7822, GNorm = 0.9189, lr_0 = 6.6374e-04
Loss = 5.3737e-01, PNorm = 65.8731, GNorm = 0.6538, lr_0 = 6.5513e-04
Validation auc = 0.791541
Epoch 19
Loss = 5.6160e-01, PNorm = 65.9843, GNorm = 1.0277, lr_0 = 6.4579e-04
Loss = 5.3677e-01, PNorm = 66.0844, GNorm = 1.2304, lr_0 = 6.3741e-04
Validation auc = 0.761794
Epoch 20
Loss = 5.3088e-01, PNorm = 66.1827, GNorm = 0.6790, lr_0 = 6.2915e-04
Validation auc = 0.772761
Epoch 21
Loss = 5.1722e-01, PNorm = 66.3064, GNorm = 0.6646, lr_0 = 6.2018e-04
Loss = 5.2383e-01, PNorm = 66.4159, GNorm = 0.6119, lr_0 = 6.1214e-04
Validation auc = 0.754657
Epoch 22
Loss = 5.1826e-01, PNorm = 66.5468, GNorm = 0.8549, lr_0 = 6.0420e-04
Loss = 5.0318e-01, PNorm = 66.6749, GNorm = 1.2732, lr_0 = 5.9636e-04
Validation auc = 0.763371
Epoch 23
Loss = 4.8266e-01, PNorm = 66.8170, GNorm = 0.5808, lr_0 = 5.8786e-04
Loss = 5.3525e-01, PNorm = 66.9410, GNorm = 0.7408, lr_0 = 5.8024e-04
Validation auc = 0.762470
Epoch 24
Loss = 5.0521e-01, PNorm = 67.0637, GNorm = 1.0847, lr_0 = 5.7271e-04
Loss = 5.0254e-01, PNorm = 67.1930, GNorm = 0.8615, lr_0 = 5.6529e-04
Validation auc = 0.745793
Epoch 25
Loss = 5.2120e-01, PNorm = 67.3225, GNorm = 1.4054, lr_0 = 5.5723e-04
Loss = 5.1314e-01, PNorm = 67.4503, GNorm = 0.7720, lr_0 = 5.5000e-04
Validation auc = 0.771334
Epoch 26
Loss = 5.0859e-01, PNorm = 67.5703, GNorm = 0.8077, lr_0 = 5.4287e-04
Validation auc = 0.771935
Epoch 27
Loss = 3.8199e-01, PNorm = 67.6910, GNorm = 0.6275, lr_0 = 5.3513e-04
Loss = 4.7813e-01, PNorm = 67.8012, GNorm = 0.7301, lr_0 = 5.2819e-04
Validation auc = 0.771409
Epoch 28
Loss = 4.3055e-01, PNorm = 67.9123, GNorm = 0.9974, lr_0 = 5.2134e-04
Loss = 4.9006e-01, PNorm = 68.0375, GNorm = 2.5101, lr_0 = 5.1458e-04
Validation auc = 0.768780
Epoch 29
Loss = 4.2863e-01, PNorm = 68.1677, GNorm = 1.2833, lr_0 = 5.0724e-04
Loss = 5.1760e-01, PNorm = 68.2905, GNorm = 1.1217, lr_0 = 5.0066e-04
Validation auc = 0.769757
Epoch 30
Loss = 4.6789e-01, PNorm = 68.4048, GNorm = 0.9360, lr_0 = 4.9417e-04
Loss = 4.6583e-01, PNorm = 68.5261, GNorm = 0.9199, lr_0 = 4.8776e-04
Validation auc = 0.767428
Epoch 31
Loss = 4.0446e-01, PNorm = 68.6630, GNorm = 0.8225, lr_0 = 4.8081e-04
Loss = 4.6505e-01, PNorm = 68.7854, GNorm = 0.9989, lr_0 = 4.7457e-04
Validation auc = 0.756686
Epoch 32
Loss = 4.3977e-01, PNorm = 68.9092, GNorm = 0.8492, lr_0 = 4.6842e-04
Loss = 4.5174e-01, PNorm = 69.0347, GNorm = 1.4983, lr_0 = 4.6234e-04
Loss = 3.6201e-01, PNorm = 69.0474, GNorm = 1.0343, lr_0 = 4.6174e-04
Validation auc = 0.765400
Epoch 33
Loss = 4.2139e-01, PNorm = 69.1887, GNorm = 0.8702, lr_0 = 4.5575e-04
Validation auc = 0.768630
Epoch 34
Loss = 3.8218e-01, PNorm = 69.3227, GNorm = 0.9710, lr_0 = 4.4984e-04
Loss = 4.1672e-01, PNorm = 69.4555, GNorm = 0.9196, lr_0 = 4.4401e-04
Validation auc = 0.774790
Epoch 35
Loss = 4.6540e-01, PNorm = 69.5875, GNorm = 1.2739, lr_0 = 4.3768e-04
Loss = 4.4763e-01, PNorm = 69.7071, GNorm = 0.9317, lr_0 = 4.3200e-04
Validation auc = 0.771635
Epoch 36
Loss = 4.3701e-01, PNorm = 69.8155, GNorm = 1.0965, lr_0 = 4.2640e-04
Loss = 4.0772e-01, PNorm = 69.9284, GNorm = 0.9789, lr_0 = 4.2087e-04
Validation auc = 0.768780
Epoch 37
Loss = 3.7810e-01, PNorm = 70.0510, GNorm = 1.4731, lr_0 = 4.1487e-04
Loss = 4.1692e-01, PNorm = 70.1644, GNorm = 0.9661, lr_0 = 4.0949e-04
Validation auc = 0.761644
Epoch 38
Loss = 3.6107e-01, PNorm = 70.2745, GNorm = 1.4540, lr_0 = 4.0418e-04
Loss = 4.2076e-01, PNorm = 70.3894, GNorm = 1.2152, lr_0 = 3.9894e-04
Validation auc = 0.757136
Epoch 39
Loss = 3.6992e-01, PNorm = 70.5208, GNorm = 0.8708, lr_0 = 3.9325e-04
Loss = 4.0879e-01, PNorm = 70.6288, GNorm = 1.5794, lr_0 = 3.8815e-04
Validation auc = 0.762695
Epoch 40
Loss = 3.8752e-01, PNorm = 70.7412, GNorm = 1.0869, lr_0 = 3.8312e-04
Validation auc = 0.754056
Epoch 41
Loss = 3.6524e-01, PNorm = 70.8718, GNorm = 1.2951, lr_0 = 3.7766e-04
Loss = 3.5578e-01, PNorm = 70.9795, GNorm = 1.2165, lr_0 = 3.7276e-04
Validation auc = 0.752329
Epoch 42
Loss = 3.9051e-01, PNorm = 71.0937, GNorm = 1.1622, lr_0 = 3.6793e-04
Loss = 3.5883e-01, PNorm = 71.1904, GNorm = 1.3082, lr_0 = 3.6315e-04
Validation auc = 0.754432
Epoch 43
Loss = 3.5016e-01, PNorm = 71.2987, GNorm = 1.4836, lr_0 = 3.5798e-04
Loss = 3.3084e-01, PNorm = 71.4039, GNorm = 3.1355, lr_0 = 3.5333e-04
Validation auc = 0.760817
Epoch 44
Loss = 3.6743e-01, PNorm = 71.4935, GNorm = 0.9460, lr_0 = 3.4875e-04
Loss = 3.0932e-01, PNorm = 71.5934, GNorm = 0.7225, lr_0 = 3.4423e-04
Validation auc = 0.759766
Epoch 45
Loss = 3.1576e-01, PNorm = 71.6964, GNorm = 1.4542, lr_0 = 3.3932e-04
Loss = 3.3245e-01, PNorm = 71.7847, GNorm = 3.3882, lr_0 = 3.3492e-04
Validation auc = 0.743164
Epoch 46
Loss = 3.0632e-01, PNorm = 71.8764, GNorm = 1.0228, lr_0 = 3.3058e-04
Validation auc = 0.759240
Epoch 47
Loss = 2.6050e-01, PNorm = 71.9795, GNorm = 1.5430, lr_0 = 3.2587e-04
Loss = 3.2028e-01, PNorm = 72.0776, GNorm = 1.6334, lr_0 = 3.2164e-04
Validation auc = 0.763522
Epoch 48
Loss = 3.2660e-01, PNorm = 72.1639, GNorm = 1.4375, lr_0 = 3.1747e-04
Loss = 3.0117e-01, PNorm = 72.2526, GNorm = 1.4569, lr_0 = 3.1335e-04
Validation auc = 0.759240
Epoch 49
Loss = 2.9331e-01, PNorm = 72.3435, GNorm = 0.7910, lr_0 = 3.0888e-04
Loss = 3.1929e-01, PNorm = 72.4276, GNorm = 1.0408, lr_0 = 3.0488e-04
Validation auc = 0.763822
Epoch 50
Loss = 2.6129e-01, PNorm = 72.5056, GNorm = 1.8065, lr_0 = 3.0092e-04
Loss = 3.0928e-01, PNorm = 72.5834, GNorm = 1.1212, lr_0 = 2.9702e-04
Validation auc = 0.746169
Epoch 51
Loss = 2.6020e-01, PNorm = 72.6721, GNorm = 1.4232, lr_0 = 2.9279e-04
Loss = 3.0555e-01, PNorm = 72.7414, GNorm = 1.2957, lr_0 = 2.8899e-04
Validation auc = 0.741662
Epoch 52
Loss = 2.8163e-01, PNorm = 72.8163, GNorm = 1.9358, lr_0 = 2.8524e-04
Loss = 2.9286e-01, PNorm = 72.8881, GNorm = 1.3212, lr_0 = 2.8154e-04
Loss = 3.1409e-01, PNorm = 72.8951, GNorm = 2.1153, lr_0 = 2.8118e-04
Validation auc = 0.762846
Epoch 53
Loss = 2.7567e-01, PNorm = 72.9648, GNorm = 1.8590, lr_0 = 2.7753e-04
Validation auc = 0.735727
Epoch 54
Loss = 2.6824e-01, PNorm = 73.0410, GNorm = 1.5493, lr_0 = 2.7393e-04
Loss = 2.7026e-01, PNorm = 73.1146, GNorm = 1.2769, lr_0 = 2.7038e-04
Validation auc = 0.743389
Epoch 55
Loss = 1.9380e-01, PNorm = 73.1842, GNorm = 0.7530, lr_0 = 2.6652e-04
Loss = 2.2788e-01, PNorm = 73.2492, GNorm = 1.0540, lr_0 = 2.6307e-04
Validation auc = 0.739784
Epoch 56
Loss = 2.4402e-01, PNorm = 73.3108, GNorm = 1.3840, lr_0 = 2.5966e-04
Loss = 2.3347e-01, PNorm = 73.3756, GNorm = 1.1932, lr_0 = 2.5629e-04
Validation auc = 0.738807
Epoch 57
Loss = 2.5477e-01, PNorm = 73.4414, GNorm = 1.3598, lr_0 = 2.5264e-04
Loss = 2.2255e-01, PNorm = 73.5058, GNorm = 1.1948, lr_0 = 2.4936e-04
Validation auc = 0.754357
Epoch 58
Loss = 2.0354e-01, PNorm = 73.5658, GNorm = 2.0499, lr_0 = 2.4613e-04
Loss = 2.3807e-01, PNorm = 73.6258, GNorm = 2.0063, lr_0 = 2.4293e-04
Validation auc = 0.738131
Epoch 59
Loss = 2.1887e-01, PNorm = 73.6892, GNorm = 1.2549, lr_0 = 2.3947e-04
Loss = 2.6496e-01, PNorm = 73.7361, GNorm = 2.5539, lr_0 = 2.3636e-04
Validation auc = 0.742713
Epoch 60
Loss = 2.1915e-01, PNorm = 73.7894, GNorm = 1.7494, lr_0 = 2.3330e-04
Validation auc = 0.747596
Epoch 61
Loss = 2.0272e-01, PNorm = 73.8535, GNorm = 1.2183, lr_0 = 2.2997e-04
Loss = 1.8352e-01, PNorm = 73.9085, GNorm = 1.1078, lr_0 = 2.2699e-04
Validation auc = 0.728516
Epoch 62
Loss = 1.9701e-01, PNorm = 73.9597, GNorm = 1.9428, lr_0 = 2.2405e-04
Loss = 2.1437e-01, PNorm = 74.0087, GNorm = 1.8154, lr_0 = 2.2114e-04
Validation auc = 0.747145
Epoch 63
Loss = 2.0281e-01, PNorm = 74.0663, GNorm = 2.1096, lr_0 = 2.1799e-04
Loss = 1.8375e-01, PNorm = 74.1164, GNorm = 1.3103, lr_0 = 2.1516e-04
Validation auc = 0.729117
Epoch 64
Loss = 2.0401e-01, PNorm = 74.1656, GNorm = 1.3423, lr_0 = 2.1237e-04
Loss = 1.7623e-01, PNorm = 74.2126, GNorm = 1.7954, lr_0 = 2.0962e-04
Validation auc = 0.739934
Epoch 65
Loss = 1.8327e-01, PNorm = 74.2667, GNorm = 1.6487, lr_0 = 2.0663e-04
Loss = 1.9043e-01, PNorm = 74.3123, GNorm = 1.7945, lr_0 = 2.0395e-04
Validation auc = 0.726337
Epoch 66
Loss = 2.2080e-01, PNorm = 74.3610, GNorm = 2.2973, lr_0 = 2.0131e-04
Validation auc = 0.740385
Epoch 67
Loss = 2.0022e-01, PNorm = 74.4096, GNorm = 1.4464, lr_0 = 1.9844e-04
Loss = 1.7747e-01, PNorm = 74.4512, GNorm = 2.9261, lr_0 = 1.9586e-04
Validation auc = 0.727163
Epoch 68
Loss = 2.6803e-01, PNorm = 74.4916, GNorm = 2.1712, lr_0 = 1.9332e-04
Loss = 2.2707e-01, PNorm = 74.5341, GNorm = 1.7286, lr_0 = 1.9081e-04
Validation auc = 0.746169
Epoch 69
Loss = 1.8876e-01, PNorm = 74.5793, GNorm = 0.8552, lr_0 = 1.8809e-04
Loss = 1.6728e-01, PNorm = 74.6214, GNorm = 1.6029, lr_0 = 1.8566e-04
Validation auc = 0.734901
Epoch 70
Loss = 1.2940e-01, PNorm = 74.6614, GNorm = 1.9600, lr_0 = 1.8325e-04
Loss = 1.7642e-01, PNorm = 74.6969, GNorm = 1.0875, lr_0 = 1.8087e-04
Validation auc = 0.734675
Epoch 71
Loss = 1.5875e-01, PNorm = 74.7366, GNorm = 1.2049, lr_0 = 1.7829e-04
Loss = 1.6033e-01, PNorm = 74.7738, GNorm = 1.6709, lr_0 = 1.7598e-04
Validation auc = 0.743164
Epoch 72
Loss = 1.7916e-01, PNorm = 74.8070, GNorm = 1.0769, lr_0 = 1.7370e-04
Loss = 1.4537e-01, PNorm = 74.8417, GNorm = 0.9845, lr_0 = 1.7145e-04
Loss = 1.2659e-01, PNorm = 74.8452, GNorm = 1.8891, lr_0 = 1.7122e-04
Validation auc = 0.733549
Epoch 73
Loss = 1.5554e-01, PNorm = 74.8798, GNorm = 1.1146, lr_0 = 1.6900e-04
Validation auc = 0.741511
Epoch 74
Loss = 1.1006e-01, PNorm = 74.9173, GNorm = 0.9427, lr_0 = 1.6681e-04
Loss = 1.1506e-01, PNorm = 74.9506, GNorm = 0.9633, lr_0 = 1.6465e-04
Validation auc = 0.735502
Epoch 75
Loss = 1.1670e-01, PNorm = 74.9849, GNorm = 0.8522, lr_0 = 1.6230e-04
Loss = 1.8506e-01, PNorm = 75.0141, GNorm = 1.3798, lr_0 = 1.6019e-04
Validation auc = 0.735877
Epoch 76
Loss = 1.4765e-01, PNorm = 75.0479, GNorm = 1.2080, lr_0 = 1.5812e-04
Loss = 1.2811e-01, PNorm = 75.0785, GNorm = 1.1022, lr_0 = 1.5607e-04
Validation auc = 0.727840
Epoch 77
Loss = 1.1731e-01, PNorm = 75.1137, GNorm = 2.3194, lr_0 = 1.5384e-04
Loss = 1.4552e-01, PNorm = 75.1426, GNorm = 1.4304, lr_0 = 1.5185e-04
Validation auc = 0.725511
Epoch 78
Loss = 1.0690e-01, PNorm = 75.1690, GNorm = 1.2221, lr_0 = 1.4988e-04
Loss = 1.7448e-01, PNorm = 75.1944, GNorm = 2.5882, lr_0 = 1.4793e-04
Validation auc = 0.734976
Epoch 79
Loss = 1.5348e-01, PNorm = 75.2239, GNorm = 1.8750, lr_0 = 1.4583e-04
Loss = 1.2936e-01, PNorm = 75.2525, GNorm = 1.3470, lr_0 = 1.4393e-04
Validation auc = 0.741211
Epoch 80
Loss = 1.2485e-01, PNorm = 75.2788, GNorm = 1.6449, lr_0 = 1.4207e-04
Validation auc = 0.733624
Epoch 81
Loss = 1.4174e-01, PNorm = 75.3082, GNorm = 1.6962, lr_0 = 1.4004e-04
Loss = 1.3634e-01, PNorm = 75.3329, GNorm = 1.0705, lr_0 = 1.3823e-04
Validation auc = 0.726112
Epoch 82
Loss = 1.7464e-01, PNorm = 75.3562, GNorm = 1.6548, lr_0 = 1.3643e-04
Loss = 1.2022e-01, PNorm = 75.3775, GNorm = 0.8362, lr_0 = 1.3466e-04
Validation auc = 0.728966
Epoch 83
Loss = 1.3951e-01, PNorm = 75.4035, GNorm = 1.5706, lr_0 = 1.3274e-04
Loss = 1.2704e-01, PNorm = 75.4275, GNorm = 1.3216, lr_0 = 1.3102e-04
Validation auc = 0.735276
Epoch 84
Loss = 1.2315e-01, PNorm = 75.4513, GNorm = 1.2791, lr_0 = 1.2932e-04
Loss = 1.3097e-01, PNorm = 75.4716, GNorm = 1.1797, lr_0 = 1.2765e-04
Validation auc = 0.737605
Epoch 85
Loss = 1.2801e-01, PNorm = 75.4931, GNorm = 1.9187, lr_0 = 1.2583e-04
Loss = 1.2244e-01, PNorm = 75.5110, GNorm = 1.8325, lr_0 = 1.2420e-04
Validation auc = 0.730243
Epoch 86
Loss = 9.5058e-02, PNorm = 75.5299, GNorm = 1.6112, lr_0 = 1.2258e-04
Validation auc = 0.726187
Epoch 87
Loss = 2.4015e-01, PNorm = 75.5501, GNorm = 1.9873, lr_0 = 1.2084e-04
Loss = 1.1783e-01, PNorm = 75.5699, GNorm = 1.5756, lr_0 = 1.1927e-04
Validation auc = 0.732197
Epoch 88
Loss = 9.9167e-02, PNorm = 75.5913, GNorm = 2.4527, lr_0 = 1.1772e-04
Loss = 1.3029e-01, PNorm = 75.6094, GNorm = 1.1117, lr_0 = 1.1620e-04
Validation auc = 0.728065
Epoch 89
Loss = 1.1472e-01, PNorm = 75.6289, GNorm = 1.6936, lr_0 = 1.1454e-04
Loss = 9.9391e-02, PNorm = 75.6449, GNorm = 1.5582, lr_0 = 1.1305e-04
Validation auc = 0.740535
Epoch 90
Loss = 1.0848e-01, PNorm = 75.6595, GNorm = 1.3413, lr_0 = 1.1159e-04
Loss = 1.1677e-01, PNorm = 75.6765, GNorm = 2.4084, lr_0 = 1.1014e-04
Validation auc = 0.731070
Epoch 91
Loss = 1.2743e-01, PNorm = 75.6952, GNorm = 1.6811, lr_0 = 1.0857e-04
Loss = 1.0812e-01, PNorm = 75.7129, GNorm = 1.7588, lr_0 = 1.0716e-04
Validation auc = 0.737380
Epoch 92
Loss = 1.3170e-01, PNorm = 75.7285, GNorm = 1.9961, lr_0 = 1.0577e-04
Loss = 1.0847e-01, PNorm = 75.7455, GNorm = 1.6014, lr_0 = 1.0440e-04
Loss = 4.7315e-02, PNorm = 75.7470, GNorm = 0.9034, lr_0 = 1.0427e-04
Validation auc = 0.728741
Epoch 93
Loss = 1.3108e-01, PNorm = 75.7620, GNorm = 1.1862, lr_0 = 1.0291e-04
Validation auc = 0.730694
Epoch 94
Loss = 7.7586e-02, PNorm = 75.7769, GNorm = 1.1470, lr_0 = 1.0158e-04
Loss = 1.0516e-01, PNorm = 75.7918, GNorm = 1.8143, lr_0 = 1.0026e-04
Validation auc = 0.731746
Epoch 95
Loss = 1.0762e-01, PNorm = 75.8080, GNorm = 1.8536, lr_0 = 1.0000e-04
Loss = 1.0780e-01, PNorm = 75.8216, GNorm = 2.2551, lr_0 = 1.0000e-04
Validation auc = 0.725511
Epoch 96
Loss = 1.3192e-01, PNorm = 75.8358, GNorm = 2.1906, lr_0 = 1.0000e-04
Loss = 9.5298e-02, PNorm = 75.8501, GNorm = 1.3069, lr_0 = 1.0000e-04
Validation auc = 0.735126
Epoch 97
Loss = 7.8416e-02, PNorm = 75.8656, GNorm = 0.9667, lr_0 = 1.0000e-04
Loss = 9.9416e-02, PNorm = 75.8801, GNorm = 2.5514, lr_0 = 1.0000e-04
Validation auc = 0.725886
Epoch 98
Loss = 9.1618e-02, PNorm = 75.8918, GNorm = 0.4874, lr_0 = 1.0000e-04
Loss = 9.5631e-02, PNorm = 75.9068, GNorm = 0.7777, lr_0 = 1.0000e-04
Validation auc = 0.732572
Epoch 99
Loss = 8.9298e-02, PNorm = 75.9232, GNorm = 1.4863, lr_0 = 1.0000e-04
Loss = 1.0982e-01, PNorm = 75.9358, GNorm = 1.7991, lr_0 = 1.0000e-04
Validation auc = 0.723107
Model 0 best validation auc = 0.791541 on epoch 18
Loading pretrained parameter "encoder.encoder.0.cached_zero_vector".
Loading pretrained parameter "encoder.encoder.0.W_i.weight".
Loading pretrained parameter "encoder.encoder.0.W_h.weight".
Loading pretrained parameter "encoder.encoder.0.W_o.weight".
Loading pretrained parameter "encoder.encoder.0.W_o.bias".
Loading pretrained parameter "ffn.1.weight".
Loading pretrained parameter "ffn.1.bias".
Loading pretrained parameter "ffn.4.weight".
Loading pretrained parameter "ffn.4.bias".
Moving model to cuda
Model 0 test auc = 0.793877
Ensemble test auc = 0.793877
1-fold cross validation
	Seed 0 ==> test auc = 0.793877
Overall test auc = 0.793877 +/- 0.000000
Elapsed time = 0:02:30
