Command line
python /home/jxy/anaconda3/envs/chemprop_1119/bin/chemprop_train --data_path data/train_full.csv --dataset_type classification --save_dir checkpoints_24 --config_path hyperoptfile3 --epochs 100 --separate_test_path data/test_random_nocanonical.csv --separate_val_path data/val_full.csv --features_generator rdkit_2d_normalized --no_features_scaling
Args
{'activation': 'ReLU',
 'aggregation': 'mean',
 'aggregation_norm': 100,
 'alternative_loss_function': None,
 'atom_descriptor_scaling': True,
 'atom_descriptors': None,
 'atom_descriptors_path': None,
 'atom_descriptors_size': 0,
 'atom_features_size': 0,
 'atom_messages': False,
 'batch_size': 50,
 'bias': False,
 'bond_feature_scaling': True,
 'bond_features_path': None,
 'bond_features_size': 0,
 'cache_cutoff': 10000,
 'checkpoint_dir': None,
 'checkpoint_frzn': None,
 'checkpoint_path': None,
 'checkpoint_paths': None,
 'class_balance': False,
 'config_path': 'hyperoptfile3',
 'crossval_index_dir': None,
 'crossval_index_file': None,
 'crossval_index_sets': None,
 'cuda': True,
 'data_path': 'data/train_full.csv',
 'data_weights_path': None,
 'dataset_type': 'classification',
 'depth': 5,
 'device': device(type='cuda'),
 'dropout': 0.0,
 'empty_cache': False,
 'ensemble_size': 1,
 'epochs': 100,
 'explicit_h': False,
 'extra_metrics': [],
 'features_generator': ['rdkit_2d_normalized'],
 'features_only': False,
 'features_path': None,
 'features_scaling': False,
 'features_size': None,
 'ffn_hidden_size': 800,
 'ffn_num_layers': 3,
 'final_lr': 0.0001,
 'folds_file': None,
 'freeze_first_only': False,
 'frzn_ffn_layers': 0,
 'gpu': None,
 'grad_clip': None,
 'hidden_size': 800,
 'ignore_columns': None,
 'init_lr': 0.0001,
 'log_frequency': 10,
 'max_data_size': None,
 'max_lr': 0.001,
 'metric': 'auc',
 'metrics': ['auc'],
 'minimize_score': False,
 'mpn_shared': False,
 'multiclass_num_classes': 3,
 'no_atom_descriptor_scaling': False,
 'no_bond_features_scaling': False,
 'no_cache_mol': False,
 'no_cuda': False,
 'no_features_scaling': True,
 'num_folds': 1,
 'num_lrs': 1,
 'num_tasks': 1,
 'num_workers': 8,
 'number_of_molecules': 1,
 'overwrite_default_atom_features': False,
 'overwrite_default_bond_features': False,
 'phase_features_path': None,
 'pytorch_seed': 0,
 'quiet': False,
 'reaction': False,
 'reaction_mode': 'reac_diff',
 'resume_experiment': False,
 'save_dir': 'checkpoints_24',
 'save_preds': False,
 'save_smiles_splits': False,
 'seed': 0,
 'separate_test_atom_descriptors_path': None,
 'separate_test_bond_features_path': None,
 'separate_test_features_path': None,
 'separate_test_path': 'data/test_random_nocanonical.csv',
 'separate_test_phase_features_path': None,
 'separate_val_atom_descriptors_path': None,
 'separate_val_bond_features_path': None,
 'separate_val_features_path': None,
 'separate_val_path': 'data/val_full.csv',
 'separate_val_phase_features_path': None,
 'show_individual_scores': False,
 'smiles_columns': ['Smile'],
 'spectra_activation': 'exp',
 'spectra_phase_mask_path': None,
 'spectra_target_floor': 1e-08,
 'split_sizes': (0.8, 0.1, 0.1),
 'split_type': 'random',
 'target_columns': None,
 'target_weights': None,
 'task_names': ['Label'],
 'test': False,
 'test_fold_index': None,
 'train_data_size': None,
 'undirected': False,
 'use_input_features': True,
 'val_fold_index': None,
 'warmup_epochs': 2.0}
Setting molecule featurization parameters to default.
Loading data
Number of tasks = 1
Fold 0
Splitting data with seed 0
Class sizes
Label 0: 46.78%, 1: 53.22%
Total size = 1,041 | train size = 1,041 | val size = 116 | test size = 290
Building model 0
MoleculeModel(
  (sigmoid): Sigmoid()
  (encoder): MPN(
    (encoder): ModuleList(
      (0): MPNEncoder(
        (dropout_layer): Dropout(p=0.0, inplace=False)
        (act_func): ReLU()
        (W_i): Linear(in_features=147, out_features=800, bias=False)
        (W_h): Linear(in_features=800, out_features=800, bias=False)
        (W_o): Linear(in_features=933, out_features=800, bias=True)
      )
    )
  )
  (ffn): Sequential(
    (0): Dropout(p=0.0, inplace=False)
    (1): Linear(in_features=1000, out_features=800, bias=True)
    (2): ReLU()
    (3): Dropout(p=0.0, inplace=False)
    (4): Linear(in_features=800, out_features=800, bias=True)
    (5): ReLU()
    (6): Dropout(p=0.0, inplace=False)
    (7): Linear(in_features=800, out_features=1, bias=True)
  )
)
Number of parameters = 2,948,001
Moving model to cuda
Epoch 0
Loss = 6.9200e-01, PNorm = 59.9880, GNorm = 0.7550, lr_0 = 3.4750e-04
Loss = 6.5932e-01, PNorm = 60.0118, GNorm = 0.9530, lr_0 = 5.7250e-04
Loss = 6.4794e-01, PNorm = 60.0148, GNorm = 1.7035, lr_0 = 5.9500e-04
Validation auc = 0.705757
Epoch 1
Loss = 6.3549e-01, PNorm = 60.0646, GNorm = 0.8364, lr_0 = 8.2000e-04
Loss = 6.4165e-01, PNorm = 60.1405, GNorm = 1.3822, lr_0 = 9.9765e-04
Validation auc = 0.741395
Epoch 2
Loss = 5.5945e-01, PNorm = 60.2380, GNorm = 1.0863, lr_0 = 9.8600e-04
Loss = 6.2586e-01, PNorm = 60.3361, GNorm = 0.5151, lr_0 = 9.7449e-04
Validation auc = 0.780079
Epoch 3
Loss = 5.5594e-01, PNorm = 60.4366, GNorm = 0.5418, lr_0 = 9.6310e-04
Loss = 5.6425e-01, PNorm = 60.5392, GNorm = 0.8946, lr_0 = 9.5186e-04
Validation auc = 0.759366
Epoch 4
Loss = 5.1404e-01, PNorm = 60.6393, GNorm = 0.8601, lr_0 = 9.4074e-04
Loss = 5.3649e-01, PNorm = 60.7493, GNorm = 0.5526, lr_0 = 9.2975e-04
Validation auc = 0.774596
Epoch 5
Loss = 4.9615e-01, PNorm = 60.8626, GNorm = 0.9540, lr_0 = 9.1889e-04
Loss = 5.2755e-01, PNorm = 60.9795, GNorm = 0.8842, lr_0 = 9.0816e-04
Validation auc = 0.795309
Epoch 6
Loss = 4.7911e-01, PNorm = 61.1211, GNorm = 0.5620, lr_0 = 8.9650e-04
Loss = 4.5699e-01, PNorm = 61.2584, GNorm = 0.6944, lr_0 = 8.8603e-04
Validation auc = 0.792872
Epoch 7
Loss = 3.9120e-01, PNorm = 61.3916, GNorm = 2.4102, lr_0 = 8.7568e-04
Loss = 4.3211e-01, PNorm = 61.5351, GNorm = 0.8072, lr_0 = 8.6546e-04
Validation auc = 0.792263
Epoch 8
Loss = 3.7070e-01, PNorm = 61.6773, GNorm = 0.9450, lr_0 = 8.5535e-04
Loss = 3.6814e-01, PNorm = 61.8453, GNorm = 1.8604, lr_0 = 8.4536e-04
Validation auc = 0.802620
Epoch 9
Loss = 3.5341e-01, PNorm = 61.9856, GNorm = 0.8811, lr_0 = 8.3549e-04
Loss = 3.4658e-01, PNorm = 62.1579, GNorm = 1.1324, lr_0 = 8.2573e-04
Validation auc = 0.799574
Epoch 10
Loss = 3.3411e-01, PNorm = 62.3059, GNorm = 0.9716, lr_0 = 8.1608e-04
Loss = 3.0424e-01, PNorm = 62.4886, GNorm = 1.6078, lr_0 = 8.0655e-04
Validation auc = 0.804447
Epoch 11
Loss = 2.6079e-01, PNorm = 62.6729, GNorm = 1.6939, lr_0 = 7.9713e-04
Loss = 2.7282e-01, PNorm = 62.8515, GNorm = 1.2901, lr_0 = 7.8782e-04
Validation auc = 0.802315
Epoch 12
Loss = 1.9582e-01, PNorm = 63.0501, GNorm = 1.0929, lr_0 = 7.7771e-04
Loss = 2.2283e-01, PNorm = 63.2074, GNorm = 1.2558, lr_0 = 7.6862e-04
Loss = 2.6135e-01, PNorm = 63.3651, GNorm = 3.1423, lr_0 = 7.5965e-04
Validation auc = 0.786476
Epoch 13
Loss = 2.5156e-01, PNorm = 63.5494, GNorm = 2.0082, lr_0 = 7.5078e-04
Loss = 2.5696e-01, PNorm = 63.7369, GNorm = 2.6560, lr_0 = 7.4201e-04
Validation auc = 0.819068
Epoch 14
Loss = 2.2335e-01, PNorm = 63.9178, GNorm = 2.8482, lr_0 = 7.3334e-04
Loss = 1.7562e-01, PNorm = 64.0628, GNorm = 2.4016, lr_0 = 7.2478e-04
Validation auc = 0.791654
Epoch 15
Loss = 1.8901e-01, PNorm = 64.2075, GNorm = 2.2743, lr_0 = 7.1631e-04
Loss = 1.7675e-01, PNorm = 64.3669, GNorm = 1.1967, lr_0 = 7.0795e-04
Validation auc = 0.823942
Epoch 16
Loss = 1.5093e-01, PNorm = 64.5155, GNorm = 2.7546, lr_0 = 6.9968e-04
Loss = 1.4471e-01, PNorm = 64.6676, GNorm = 1.6521, lr_0 = 6.9151e-04
Validation auc = 0.815717
Epoch 17
Loss = 1.0732e-01, PNorm = 64.8084, GNorm = 2.4531, lr_0 = 6.8263e-04
Loss = 1.1224e-01, PNorm = 64.9344, GNorm = 1.1307, lr_0 = 6.7465e-04
Validation auc = 0.802620
Epoch 18
Loss = 9.8446e-02, PNorm = 65.0558, GNorm = 1.7695, lr_0 = 6.6678e-04
Loss = 1.0141e-01, PNorm = 65.1658, GNorm = 1.6016, lr_0 = 6.5899e-04
Validation auc = 0.816327
Epoch 19
Loss = 7.3626e-02, PNorm = 65.2644, GNorm = 0.5242, lr_0 = 6.5129e-04
Loss = 8.6546e-02, PNorm = 65.3586, GNorm = 2.3050, lr_0 = 6.4369e-04
Validation auc = 0.803533
Epoch 20
Loss = 7.1892e-02, PNorm = 65.4533, GNorm = 1.0875, lr_0 = 6.3617e-04
Loss = 6.4256e-02, PNorm = 65.5354, GNorm = 0.8031, lr_0 = 6.2874e-04
Validation auc = 0.784953
Epoch 21
Loss = 7.4975e-02, PNorm = 65.6222, GNorm = 2.1668, lr_0 = 6.2139e-04
Loss = 5.6180e-02, PNorm = 65.7173, GNorm = 1.0134, lr_0 = 6.1414e-04
Validation auc = 0.815717
Epoch 22
Loss = 3.6585e-02, PNorm = 65.8049, GNorm = 1.4999, lr_0 = 6.0696e-04
Loss = 4.9821e-02, PNorm = 65.8822, GNorm = 1.0909, lr_0 = 5.9988e-04
Validation auc = 0.809321
Epoch 23
Loss = 4.3349e-02, PNorm = 65.9774, GNorm = 1.4638, lr_0 = 5.9217e-04
Loss = 4.2475e-02, PNorm = 66.0619, GNorm = 1.4996, lr_0 = 5.8526e-04
Validation auc = 0.818459
Epoch 24
Loss = 4.0930e-02, PNorm = 66.1400, GNorm = 1.4693, lr_0 = 5.7842e-04
Loss = 2.9045e-02, PNorm = 66.2267, GNorm = 0.3627, lr_0 = 5.7167e-04
Loss = 5.4228e-02, PNorm = 66.3030, GNorm = 1.9716, lr_0 = 5.6499e-04
Validation auc = 0.810691
Epoch 25
Loss = 5.5461e-02, PNorm = 66.3904, GNorm = 1.5225, lr_0 = 5.5839e-04
Loss = 5.2626e-02, PNorm = 66.4747, GNorm = 1.8521, lr_0 = 5.5187e-04
Validation auc = 0.809016
Epoch 26
Loss = 3.8375e-02, PNorm = 66.5589, GNorm = 1.0820, lr_0 = 5.4542e-04
Loss = 3.0611e-02, PNorm = 66.6246, GNorm = 1.1279, lr_0 = 5.3905e-04
Validation auc = 0.802163
Epoch 27
Loss = 2.1133e-02, PNorm = 66.6848, GNorm = 0.3708, lr_0 = 5.3276e-04
Loss = 1.8506e-02, PNorm = 66.7338, GNorm = 0.1320, lr_0 = 5.2654e-04
Validation auc = 0.803076
Epoch 28
Loss = 1.1170e-02, PNorm = 66.7772, GNorm = 1.1894, lr_0 = 5.1978e-04
Loss = 2.0860e-02, PNorm = 66.8143, GNorm = 0.4009, lr_0 = 5.1371e-04
Validation auc = 0.794395
Epoch 29
Loss = 1.0932e-02, PNorm = 66.8548, GNorm = 0.1751, lr_0 = 5.0771e-04
Loss = 1.2011e-02, PNorm = 66.8873, GNorm = 0.2843, lr_0 = 5.0178e-04
Validation auc = 0.809321
Epoch 30
Loss = 7.7120e-03, PNorm = 66.9163, GNorm = 0.6733, lr_0 = 4.9592e-04
Loss = 1.4795e-02, PNorm = 66.9495, GNorm = 0.5518, lr_0 = 4.9012e-04
Validation auc = 0.809625
Epoch 31
Loss = 5.2077e-03, PNorm = 66.9796, GNorm = 0.0793, lr_0 = 4.8440e-04
Loss = 9.5690e-03, PNorm = 67.0117, GNorm = 0.5691, lr_0 = 4.7874e-04
Validation auc = 0.800792
Epoch 32
Loss = 1.1068e-02, PNorm = 67.0412, GNorm = 0.0915, lr_0 = 4.7315e-04
Loss = 9.4099e-03, PNorm = 67.0712, GNorm = 0.2460, lr_0 = 4.6763e-04
Validation auc = 0.798660
Epoch 33
Loss = 4.8519e-03, PNorm = 67.1012, GNorm = 0.3953, lr_0 = 4.6216e-04
Loss = 9.1324e-03, PNorm = 67.1278, GNorm = 1.2975, lr_0 = 4.5677e-04
Validation auc = 0.807645
Epoch 34
Loss = 1.6509e-02, PNorm = 67.1610, GNorm = 1.5529, lr_0 = 4.5090e-04
Loss = 2.5799e-02, PNorm = 67.2093, GNorm = 1.8671, lr_0 = 4.4564e-04
Validation auc = 0.808712
Epoch 35
Loss = 2.1640e-02, PNorm = 67.2546, GNorm = 0.5707, lr_0 = 4.4043e-04
Loss = 1.8855e-02, PNorm = 67.2996, GNorm = 1.1221, lr_0 = 4.3529e-04
Validation auc = 0.801706
Epoch 36
Loss = 1.2705e-02, PNorm = 67.3540, GNorm = 0.4972, lr_0 = 4.3020e-04
Loss = 9.8514e-03, PNorm = 67.3981, GNorm = 0.1627, lr_0 = 4.2518e-04
Loss = 9.6434e-03, PNorm = 67.4265, GNorm = 0.0790, lr_0 = 4.2021e-04
Validation auc = 0.812367
Epoch 37
Loss = 7.6634e-03, PNorm = 67.4476, GNorm = 0.1177, lr_0 = 4.1531e-04
Loss = 3.5994e-03, PNorm = 67.4645, GNorm = 0.3961, lr_0 = 4.1045e-04
Validation auc = 0.807189
Epoch 38
Loss = 3.7447e-03, PNorm = 67.4806, GNorm = 0.0348, lr_0 = 4.0566e-04
Loss = 7.4564e-03, PNorm = 67.4930, GNorm = 0.6611, lr_0 = 4.0092e-04
Validation auc = 0.806275
Epoch 39
Loss = 6.7838e-03, PNorm = 67.5083, GNorm = 0.0638, lr_0 = 3.9578e-04
Loss = 1.6155e-03, PNorm = 67.5198, GNorm = 0.0493, lr_0 = 3.9115e-04
Validation auc = 0.801097
Epoch 40
Loss = 3.5062e-03, PNorm = 67.5295, GNorm = 0.3723, lr_0 = 3.8658e-04
Loss = 7.6513e-03, PNorm = 67.5399, GNorm = 1.9259, lr_0 = 3.8207e-04
Validation auc = 0.798507
Epoch 41
Loss = 1.0004e-02, PNorm = 67.5507, GNorm = 0.2748, lr_0 = 3.7761e-04
Loss = 1.6957e-03, PNorm = 67.5615, GNorm = 0.0855, lr_0 = 3.7320e-04
Validation auc = 0.800335
Epoch 42
Loss = 1.1509e-03, PNorm = 67.5714, GNorm = 0.0342, lr_0 = 3.6884e-04
Loss = 2.9205e-03, PNorm = 67.5802, GNorm = 0.2108, lr_0 = 3.6453e-04
Validation auc = 0.800792
Epoch 43
Loss = 1.2854e-03, PNorm = 67.5890, GNorm = 0.1634, lr_0 = 3.6027e-04
Loss = 5.1150e-03, PNorm = 67.5973, GNorm = 0.0332, lr_0 = 3.5607e-04
Validation auc = 0.801097
Epoch 44
Loss = 1.1389e-03, PNorm = 67.6048, GNorm = 0.0556, lr_0 = 3.5191e-04
Loss = 9.4636e-04, PNorm = 67.6119, GNorm = 0.0574, lr_0 = 3.4780e-04
Validation auc = 0.798964
Epoch 45
Loss = 3.2720e-03, PNorm = 67.6192, GNorm = 0.0623, lr_0 = 3.4333e-04
Loss = 1.6341e-03, PNorm = 67.6276, GNorm = 0.0826, lr_0 = 3.3932e-04
Validation auc = 0.801706
Epoch 46
Loss = 2.2953e-03, PNorm = 67.6367, GNorm = 0.0705, lr_0 = 3.3536e-04
Loss = 4.4444e-03, PNorm = 67.6460, GNorm = 0.0265, lr_0 = 3.3144e-04
Validation auc = 0.798812
Epoch 47
Loss = 1.7103e-03, PNorm = 67.6550, GNorm = 0.1730, lr_0 = 3.2757e-04
Loss = 2.8037e-03, PNorm = 67.6637, GNorm = 0.8051, lr_0 = 3.2375e-04
Validation auc = 0.800792
Epoch 48
Loss = 4.2209e-04, PNorm = 67.6721, GNorm = 0.0152, lr_0 = 3.1996e-04
Loss = 2.8071e-03, PNorm = 67.6797, GNorm = 0.0283, lr_0 = 3.1623e-04
Loss = 6.2051e-04, PNorm = 67.6857, GNorm = 0.0356, lr_0 = 3.1253e-04
Validation auc = 0.796832
Epoch 49
Loss = 2.4445e-03, PNorm = 67.6919, GNorm = 0.0171, lr_0 = 3.0888e-04
Loss = 6.7780e-04, PNorm = 67.6973, GNorm = 0.0900, lr_0 = 3.0528e-04
Validation auc = 0.796375
Epoch 50
Loss = 2.0555e-03, PNorm = 67.7040, GNorm = 0.0562, lr_0 = 3.0171e-04
Loss = 2.8948e-03, PNorm = 67.7101, GNorm = 0.0198, lr_0 = 2.9819e-04
Validation auc = 0.797746
Epoch 51
Loss = 4.3644e-03, PNorm = 67.7180, GNorm = 0.0533, lr_0 = 2.9436e-04
Loss = 1.2196e-03, PNorm = 67.7254, GNorm = 0.0770, lr_0 = 2.9092e-04
Validation auc = 0.801097
Epoch 52
Loss = 7.7025e-04, PNorm = 67.7315, GNorm = 0.0818, lr_0 = 2.8752e-04
Loss = 6.5979e-04, PNorm = 67.7367, GNorm = 0.0151, lr_0 = 2.8417e-04
Validation auc = 0.795157
Epoch 53
Loss = 1.1202e-03, PNorm = 67.7428, GNorm = 0.0079, lr_0 = 2.8085e-04
Loss = 5.0011e-04, PNorm = 67.7481, GNorm = 0.0177, lr_0 = 2.7757e-04
Validation auc = 0.796071
Epoch 54
Loss = 7.8422e-04, PNorm = 67.7526, GNorm = 0.1467, lr_0 = 2.7432e-04
Loss = 1.6306e-03, PNorm = 67.7579, GNorm = 0.0157, lr_0 = 2.7112e-04
Validation auc = 0.799269
Epoch 55
Loss = 7.9981e-04, PNorm = 67.7651, GNorm = 0.0471, lr_0 = 2.6795e-04
Loss = 1.4880e-03, PNorm = 67.7714, GNorm = 0.0337, lr_0 = 2.6483e-04
Validation auc = 0.794548
Epoch 56
Loss = 9.0948e-04, PNorm = 67.7781, GNorm = 0.1502, lr_0 = 2.6142e-04
Loss = 4.5288e-04, PNorm = 67.7830, GNorm = 0.0174, lr_0 = 2.5837e-04
Validation auc = 0.796375
Epoch 57
Loss = 1.0733e-03, PNorm = 67.7889, GNorm = 0.0041, lr_0 = 2.5535e-04
Loss = 4.9574e-04, PNorm = 67.7935, GNorm = 0.0342, lr_0 = 2.5237e-04
Validation auc = 0.793938
Epoch 58
Loss = 6.3529e-04, PNorm = 67.7982, GNorm = 0.0677, lr_0 = 2.4942e-04
Loss = 3.7696e-04, PNorm = 67.8024, GNorm = 0.0142, lr_0 = 2.4651e-04
Validation auc = 0.793177
Epoch 59
Loss = 4.0317e-04, PNorm = 67.8061, GNorm = 0.0171, lr_0 = 2.4363e-04
Loss = 7.6071e-04, PNorm = 67.8107, GNorm = 0.0107, lr_0 = 2.4079e-04
Validation auc = 0.792720
Epoch 60
Loss = 2.2257e-04, PNorm = 67.8148, GNorm = 0.0082, lr_0 = 2.3797e-04
Loss = 3.3984e-04, PNorm = 67.8182, GNorm = 0.0142, lr_0 = 2.3520e-04
Loss = 6.5078e-04, PNorm = 67.8219, GNorm = 0.0382, lr_0 = 2.3245e-04
Validation auc = 0.792111
Epoch 61
Loss = 4.1472e-04, PNorm = 67.8263, GNorm = 0.0115, lr_0 = 2.2973e-04
Loss = 5.1997e-04, PNorm = 67.8302, GNorm = 0.1308, lr_0 = 2.2705e-04
Loss = 3.0743e-04, PNorm = 67.8305, GNorm = 0.0120, lr_0 = 2.2678e-04
Validation auc = 0.791654
Epoch 62
Loss = 4.2493e-04, PNorm = 67.8339, GNorm = 0.0169, lr_0 = 2.2414e-04
Loss = 4.4849e-04, PNorm = 67.8377, GNorm = 0.0077, lr_0 = 2.2152e-04
Validation auc = 0.791349
Epoch 63
Loss = 4.0159e-04, PNorm = 67.8411, GNorm = 0.0174, lr_0 = 2.1893e-04
Loss = 4.2326e-04, PNorm = 67.8449, GNorm = 0.0124, lr_0 = 2.1637e-04
Validation auc = 0.790283
Epoch 64
Loss = 3.9987e-04, PNorm = 67.8480, GNorm = 0.0071, lr_0 = 2.1385e-04
Loss = 3.8269e-04, PNorm = 67.8514, GNorm = 0.0084, lr_0 = 2.1135e-04
Validation auc = 0.790588
Epoch 65
Loss = 3.8415e-04, PNorm = 67.8549, GNorm = 0.0114, lr_0 = 2.0888e-04
Loss = 3.9351e-04, PNorm = 67.8581, GNorm = 0.0106, lr_0 = 2.0644e-04
Validation auc = 0.790892
Epoch 66
Loss = 2.2303e-04, PNorm = 67.8608, GNorm = 0.0146, lr_0 = 2.0403e-04
Loss = 3.7823e-04, PNorm = 67.8635, GNorm = 0.0533, lr_0 = 2.0165e-04
Validation auc = 0.789826
Epoch 67
Loss = 4.0253e-04, PNorm = 67.8672, GNorm = 0.0136, lr_0 = 1.9906e-04
Loss = 3.4535e-04, PNorm = 67.8706, GNorm = 0.0243, lr_0 = 1.9673e-04
Validation auc = 0.790892
Epoch 68
Loss = 2.7946e-04, PNorm = 67.8734, GNorm = 0.0127, lr_0 = 1.9444e-04
Loss = 3.9481e-04, PNorm = 67.8764, GNorm = 0.0103, lr_0 = 1.9216e-04
Validation auc = 0.790283
Epoch 69
Loss = 4.5433e-04, PNorm = 67.8792, GNorm = 0.0099, lr_0 = 1.8992e-04
Loss = 2.4947e-04, PNorm = 67.8818, GNorm = 0.0307, lr_0 = 1.8770e-04
Validation auc = 0.789979
Epoch 70
Loss = 4.7649e-04, PNorm = 67.8846, GNorm = 0.0056, lr_0 = 1.8551e-04
Loss = 2.6680e-04, PNorm = 67.8875, GNorm = 0.0095, lr_0 = 1.8334e-04
Validation auc = 0.790588
Epoch 71
Loss = 3.0651e-04, PNorm = 67.8903, GNorm = 0.0082, lr_0 = 1.8120e-04
Loss = 2.8020e-04, PNorm = 67.8931, GNorm = 0.0087, lr_0 = 1.7909e-04
Validation auc = 0.790588
Epoch 72
Loss = 2.3732e-04, PNorm = 67.8958, GNorm = 0.0078, lr_0 = 1.7699e-04
Loss = 3.3124e-04, PNorm = 67.8984, GNorm = 0.0279, lr_0 = 1.7493e-04
Validation auc = 0.790283
Epoch 73
Loss = 3.3977e-04, PNorm = 67.9014, GNorm = 0.0270, lr_0 = 1.7268e-04
Loss = 2.8474e-04, PNorm = 67.9039, GNorm = 0.0117, lr_0 = 1.7066e-04
Loss = 2.7442e-04, PNorm = 67.9065, GNorm = 0.0060, lr_0 = 1.6867e-04
Validation auc = 0.790131
Epoch 74
Loss = 2.7937e-04, PNorm = 67.9090, GNorm = 0.0088, lr_0 = 1.6670e-04
Loss = 2.7454e-04, PNorm = 67.9115, GNorm = 0.0069, lr_0 = 1.6475e-04
Validation auc = 0.789369
Epoch 75
Loss = 2.6715e-04, PNorm = 67.9140, GNorm = 0.0156, lr_0 = 1.6283e-04
Loss = 2.8496e-04, PNorm = 67.9164, GNorm = 0.0061, lr_0 = 1.6093e-04
Validation auc = 0.789369
Epoch 76
Loss = 2.6268e-04, PNorm = 67.9186, GNorm = 0.0401, lr_0 = 1.5905e-04
Loss = 2.8023e-04, PNorm = 67.9211, GNorm = 0.0087, lr_0 = 1.5719e-04
Validation auc = 0.788913
Epoch 77
Loss = 2.3316e-04, PNorm = 67.9234, GNorm = 0.0166, lr_0 = 1.5536e-04
Loss = 2.7517e-04, PNorm = 67.9257, GNorm = 0.0420, lr_0 = 1.5354e-04
Validation auc = 0.789369
Epoch 78
Loss = 2.5019e-04, PNorm = 67.9282, GNorm = 0.0089, lr_0 = 1.5157e-04
Loss = 2.4799e-04, PNorm = 67.9304, GNorm = 0.0113, lr_0 = 1.4980e-04
Validation auc = 0.788608
Epoch 79
Loss = 1.8974e-04, PNorm = 67.9327, GNorm = 0.0051, lr_0 = 1.4805e-04
Loss = 2.7049e-04, PNorm = 67.9349, GNorm = 0.0211, lr_0 = 1.4632e-04
Validation auc = 0.788608
Epoch 80
Loss = 2.1009e-04, PNorm = 67.9371, GNorm = 0.0056, lr_0 = 1.4461e-04
Loss = 2.5860e-04, PNorm = 67.9393, GNorm = 0.0087, lr_0 = 1.4292e-04
Validation auc = 0.787999
Epoch 81
Loss = 2.6166e-04, PNorm = 67.9415, GNorm = 0.0131, lr_0 = 1.4125e-04
Loss = 2.1273e-04, PNorm = 67.9438, GNorm = 0.0031, lr_0 = 1.3960e-04
Validation auc = 0.787694
Epoch 82
Loss = 2.7498e-04, PNorm = 67.9459, GNorm = 0.0287, lr_0 = 1.3797e-04
Loss = 2.1192e-04, PNorm = 67.9479, GNorm = 0.0113, lr_0 = 1.3636e-04
Validation auc = 0.787999
Epoch 83
Loss = 3.5047e-04, PNorm = 67.9500, GNorm = 0.0167, lr_0 = 1.3477e-04
Loss = 1.8941e-04, PNorm = 67.9523, GNorm = 0.0180, lr_0 = 1.3320e-04
Validation auc = 0.787846
Epoch 84
Loss = 2.1397e-04, PNorm = 67.9544, GNorm = 0.0070, lr_0 = 1.3149e-04
Loss = 1.7956e-04, PNorm = 67.9563, GNorm = 0.0037, lr_0 = 1.2995e-04
Validation auc = 0.787694
Epoch 85
Loss = 2.1726e-04, PNorm = 67.9583, GNorm = 0.0086, lr_0 = 1.2843e-04
Loss = 2.2541e-04, PNorm = 67.9604, GNorm = 0.0056, lr_0 = 1.2693e-04
Loss = 2.0948e-04, PNorm = 67.9623, GNorm = 0.0061, lr_0 = 1.2545e-04
Validation auc = 0.788303
Epoch 86
Loss = 2.3215e-04, PNorm = 67.9643, GNorm = 0.0080, lr_0 = 1.2398e-04
Loss = 1.9432e-04, PNorm = 67.9662, GNorm = 0.0064, lr_0 = 1.2254e-04
Validation auc = 0.788303
Epoch 87
Loss = 2.2489e-04, PNorm = 67.9682, GNorm = 0.0067, lr_0 = 1.2111e-04
Loss = 1.9594e-04, PNorm = 67.9701, GNorm = 0.0054, lr_0 = 1.1969e-04
Validation auc = 0.787999
Epoch 88
Loss = 1.9700e-04, PNorm = 67.9718, GNorm = 0.0027, lr_0 = 1.1829e-04
Loss = 1.7786e-04, PNorm = 67.9735, GNorm = 0.0071, lr_0 = 1.1691e-04
Validation auc = 0.788303
Epoch 89
Loss = 1.9212e-04, PNorm = 67.9755, GNorm = 0.0116, lr_0 = 1.1541e-04
Loss = 2.0558e-04, PNorm = 67.9774, GNorm = 0.0028, lr_0 = 1.1406e-04
Validation auc = 0.788303
Epoch 90
Loss = 1.4567e-04, PNorm = 67.9791, GNorm = 0.0046, lr_0 = 1.1273e-04
Loss = 1.9315e-04, PNorm = 67.9807, GNorm = 0.0140, lr_0 = 1.1141e-04
Validation auc = 0.788608
Epoch 91
Loss = 1.9563e-04, PNorm = 67.9826, GNorm = 0.0089, lr_0 = 1.1011e-04
Loss = 1.7364e-04, PNorm = 67.9843, GNorm = 0.0069, lr_0 = 1.0883e-04
Validation auc = 0.788303
Epoch 92
Loss = 2.5885e-04, PNorm = 67.9861, GNorm = 0.0104, lr_0 = 1.0756e-04
Loss = 1.6138e-04, PNorm = 67.9878, GNorm = 0.0186, lr_0 = 1.0630e-04
Validation auc = 0.788608
Epoch 93
Loss = 1.1669e-04, PNorm = 67.9894, GNorm = 0.0040, lr_0 = 1.0506e-04
Loss = 2.2263e-04, PNorm = 67.9911, GNorm = 0.0060, lr_0 = 1.0383e-04
Validation auc = 0.788608
Epoch 94
Loss = 2.4363e-04, PNorm = 67.9928, GNorm = 0.0155, lr_0 = 1.0262e-04
Loss = 2.0146e-04, PNorm = 67.9944, GNorm = 0.0108, lr_0 = 1.0142e-04
Validation auc = 0.788608
Epoch 95
Loss = 1.2185e-04, PNorm = 67.9962, GNorm = 0.0032, lr_0 = 1.0012e-04
Loss = 1.8170e-04, PNorm = 67.9976, GNorm = 0.0122, lr_0 = 1.0000e-04
Validation auc = 0.788608
Epoch 96
Loss = 1.6196e-04, PNorm = 67.9992, GNorm = 0.0138, lr_0 = 1.0000e-04
Loss = 1.6549e-04, PNorm = 68.0009, GNorm = 0.0066, lr_0 = 1.0000e-04
Validation auc = 0.788608
Epoch 97
Loss = 1.1134e-04, PNorm = 68.0024, GNorm = 0.0047, lr_0 = 1.0000e-04
Loss = 1.4921e-04, PNorm = 68.0039, GNorm = 0.0100, lr_0 = 1.0000e-04
Loss = 2.0957e-04, PNorm = 68.0055, GNorm = 0.0141, lr_0 = 1.0000e-04
Validation auc = 0.788608
Epoch 98
Loss = 1.5110e-04, PNorm = 68.0071, GNorm = 0.0065, lr_0 = 1.0000e-04
Loss = 2.0058e-04, PNorm = 68.0087, GNorm = 0.0057, lr_0 = 1.0000e-04
Validation auc = 0.788913
Epoch 99
Loss = 1.6605e-04, PNorm = 68.0103, GNorm = 0.0106, lr_0 = 1.0000e-04
Loss = 1.7683e-04, PNorm = 68.0119, GNorm = 0.0067, lr_0 = 1.0000e-04
Validation auc = 0.788456
Model 0 best validation auc = 0.823942 on epoch 15
Loading pretrained parameter "encoder.encoder.0.cached_zero_vector".
Loading pretrained parameter "encoder.encoder.0.W_i.weight".
Loading pretrained parameter "encoder.encoder.0.W_h.weight".
Loading pretrained parameter "encoder.encoder.0.W_o.weight".
Loading pretrained parameter "encoder.encoder.0.W_o.bias".
Loading pretrained parameter "ffn.1.weight".
Loading pretrained parameter "ffn.1.bias".
Loading pretrained parameter "ffn.4.weight".
Loading pretrained parameter "ffn.4.bias".
Loading pretrained parameter "ffn.7.weight".
Loading pretrained parameter "ffn.7.bias".
Moving model to cuda
Model 0 test auc = 0.779060
Ensemble test auc = 0.779060
1-fold cross validation
	Seed 0 ==> test auc = 0.779060
Overall test auc = 0.779060 +/- 0.000000
Elapsed time = 0:02:29
