Command line
python /home/jxy/anaconda3/envs/chemprop_1119/bin/chemprop_train --data_path data/train_full.csv --dataset_type classification --save_dir checkpoints_36 --config_path hyperoptfile5 --epochs 100 --separate_test_path data/test_random_nocanonical.csv --separate_val_path data/val_full.csv --features_generator rdkit_2d_normalized --no_features_scaling
Args
{'activation': 'ReLU',
 'aggregation': 'mean',
 'aggregation_norm': 100,
 'alternative_loss_function': None,
 'atom_descriptor_scaling': True,
 'atom_descriptors': None,
 'atom_descriptors_path': None,
 'atom_descriptors_size': 0,
 'atom_features_size': 0,
 'atom_messages': False,
 'batch_size': 50,
 'bias': False,
 'bond_feature_scaling': True,
 'bond_features_path': None,
 'bond_features_size': 0,
 'cache_cutoff': 10000,
 'checkpoint_dir': None,
 'checkpoint_frzn': None,
 'checkpoint_path': None,
 'checkpoint_paths': None,
 'class_balance': False,
 'config_path': 'hyperoptfile5',
 'crossval_index_dir': None,
 'crossval_index_file': None,
 'crossval_index_sets': None,
 'cuda': True,
 'data_path': 'data/train_full.csv',
 'data_weights_path': None,
 'dataset_type': 'classification',
 'depth': 2,
 'device': device(type='cuda'),
 'dropout': 0.2,
 'empty_cache': False,
 'ensemble_size': 1,
 'epochs': 100,
 'explicit_h': False,
 'extra_metrics': [],
 'features_generator': ['rdkit_2d_normalized'],
 'features_only': False,
 'features_path': None,
 'features_scaling': False,
 'features_size': None,
 'ffn_hidden_size': 100,
 'ffn_num_layers': 3,
 'final_lr': 0.0001,
 'folds_file': None,
 'freeze_first_only': False,
 'frzn_ffn_layers': 0,
 'gpu': None,
 'grad_clip': None,
 'hidden_size': 100,
 'ignore_columns': None,
 'init_lr': 0.0001,
 'log_frequency': 10,
 'max_data_size': None,
 'max_lr': 0.001,
 'metric': 'auc',
 'metrics': ['auc'],
 'minimize_score': False,
 'mpn_shared': False,
 'multiclass_num_classes': 3,
 'no_atom_descriptor_scaling': False,
 'no_bond_features_scaling': False,
 'no_cache_mol': False,
 'no_cuda': False,
 'no_features_scaling': True,
 'num_folds': 1,
 'num_lrs': 1,
 'num_tasks': 1,
 'num_workers': 8,
 'number_of_molecules': 1,
 'overwrite_default_atom_features': False,
 'overwrite_default_bond_features': False,
 'phase_features_path': None,
 'pytorch_seed': 0,
 'quiet': False,
 'reaction': False,
 'reaction_mode': 'reac_diff',
 'resume_experiment': False,
 'save_dir': 'checkpoints_36',
 'save_preds': False,
 'save_smiles_splits': False,
 'seed': 0,
 'separate_test_atom_descriptors_path': None,
 'separate_test_bond_features_path': None,
 'separate_test_features_path': None,
 'separate_test_path': 'data/test_random_nocanonical.csv',
 'separate_test_phase_features_path': None,
 'separate_val_atom_descriptors_path': None,
 'separate_val_bond_features_path': None,
 'separate_val_features_path': None,
 'separate_val_path': 'data/val_full.csv',
 'separate_val_phase_features_path': None,
 'show_individual_scores': False,
 'smiles_columns': ['Smile'],
 'spectra_activation': 'exp',
 'spectra_phase_mask_path': None,
 'spectra_target_floor': 1e-08,
 'split_sizes': (0.8, 0.1, 0.1),
 'split_type': 'random',
 'target_columns': None,
 'target_weights': None,
 'task_names': ['Label'],
 'test': False,
 'test_fold_index': None,
 'train_data_size': None,
 'undirected': False,
 'use_input_features': True,
 'val_fold_index': None,
 'warmup_epochs': 2.0}
Setting molecule featurization parameters to default.
Loading data
Number of tasks = 1
Fold 0
Splitting data with seed 0
Class sizes
Label 0: 46.78%, 1: 53.22%
Total size = 1,041 | train size = 1,041 | val size = 116 | test size = 290
Building model 0
MoleculeModel(
  (sigmoid): Sigmoid()
  (encoder): MPN(
    (encoder): ModuleList(
      (0): MPNEncoder(
        (dropout_layer): Dropout(p=0.2, inplace=False)
        (act_func): ReLU()
        (W_i): Linear(in_features=147, out_features=100, bias=False)
        (W_h): Linear(in_features=100, out_features=100, bias=False)
        (W_o): Linear(in_features=233, out_features=100, bias=True)
      )
    )
  )
  (ffn): Sequential(
    (0): Dropout(p=0.2, inplace=False)
    (1): Linear(in_features=300, out_features=100, bias=True)
    (2): ReLU()
    (3): Dropout(p=0.2, inplace=False)
    (4): Linear(in_features=100, out_features=100, bias=True)
    (5): ReLU()
    (6): Dropout(p=0.2, inplace=False)
    (7): Linear(in_features=100, out_features=1, bias=True)
  )
)
Number of parameters = 88,501
Moving model to cuda
Epoch 0
Loss = 7.3849e-01, PNorm = 24.7983, GNorm = 0.5894, lr_0 = 3.4750e-04
Loss = 6.8679e-01, PNorm = 24.8025, GNorm = 0.5975, lr_0 = 5.7250e-04
Loss = 6.9109e-01, PNorm = 24.8029, GNorm = 0.6665, lr_0 = 5.9500e-04
Validation auc = 0.585136
Epoch 1
Loss = 6.8649e-01, PNorm = 24.8092, GNorm = 0.7069, lr_0 = 8.2000e-04
Loss = 6.6879e-01, PNorm = 24.8195, GNorm = 0.5227, lr_0 = 9.9765e-04
Validation auc = 0.683521
Epoch 2
Loss = 6.4993e-01, PNorm = 24.8312, GNorm = 0.7696, lr_0 = 9.8600e-04
Loss = 6.6532e-01, PNorm = 24.8423, GNorm = 0.7517, lr_0 = 9.7449e-04
Validation auc = 0.708498
Epoch 3
Loss = 6.4837e-01, PNorm = 24.8521, GNorm = 0.5296, lr_0 = 9.6310e-04
Loss = 6.4820e-01, PNorm = 24.8624, GNorm = 0.9831, lr_0 = 9.5186e-04
Validation auc = 0.713067
Epoch 4
Loss = 6.0549e-01, PNorm = 24.8746, GNorm = 0.5995, lr_0 = 9.4074e-04
Loss = 6.4985e-01, PNorm = 24.8891, GNorm = 1.3469, lr_0 = 9.2975e-04
Validation auc = 0.715504
Epoch 5
Loss = 6.6604e-01, PNorm = 24.9005, GNorm = 1.1754, lr_0 = 9.1889e-04
Loss = 6.1739e-01, PNorm = 24.9124, GNorm = 0.4410, lr_0 = 9.0816e-04
Validation auc = 0.719769
Epoch 6
Loss = 6.3869e-01, PNorm = 24.9240, GNorm = 0.7335, lr_0 = 8.9650e-04
Loss = 6.3691e-01, PNorm = 24.9360, GNorm = 0.5960, lr_0 = 8.8603e-04
Validation auc = 0.729820
Epoch 7
Loss = 6.1452e-01, PNorm = 24.9508, GNorm = 0.6198, lr_0 = 8.7568e-04
Loss = 6.1387e-01, PNorm = 24.9675, GNorm = 0.6362, lr_0 = 8.6546e-04
Validation auc = 0.735303
Epoch 8
Loss = 5.9301e-01, PNorm = 24.9820, GNorm = 0.6053, lr_0 = 8.5535e-04
Loss = 6.1258e-01, PNorm = 25.0009, GNorm = 0.5277, lr_0 = 8.4536e-04
Validation auc = 0.742613
Epoch 9
Loss = 6.5630e-01, PNorm = 25.0128, GNorm = 0.5534, lr_0 = 8.3549e-04
Loss = 5.9573e-01, PNorm = 25.0292, GNorm = 0.6560, lr_0 = 8.2573e-04
Validation auc = 0.742613
Epoch 10
Loss = 6.2933e-01, PNorm = 25.0496, GNorm = 0.5231, lr_0 = 8.1608e-04
Loss = 6.0636e-01, PNorm = 25.0717, GNorm = 0.6131, lr_0 = 8.0655e-04
Validation auc = 0.739872
Epoch 11
Loss = 6.3773e-01, PNorm = 25.0950, GNorm = 0.6027, lr_0 = 7.9713e-04
Loss = 5.6178e-01, PNorm = 25.1152, GNorm = 0.6003, lr_0 = 7.8782e-04
Validation auc = 0.744746
Epoch 12
Loss = 5.8040e-01, PNorm = 25.1405, GNorm = 0.5712, lr_0 = 7.7771e-04
Loss = 5.7017e-01, PNorm = 25.1647, GNorm = 0.5248, lr_0 = 7.6862e-04
Loss = 5.7616e-01, PNorm = 25.1832, GNorm = 0.6806, lr_0 = 7.5965e-04
Validation auc = 0.748096
Epoch 13
Loss = 5.9550e-01, PNorm = 25.1998, GNorm = 0.4760, lr_0 = 7.5078e-04
Loss = 5.8514e-01, PNorm = 25.2228, GNorm = 0.6229, lr_0 = 7.4201e-04
Validation auc = 0.746878
Epoch 14
Loss = 5.8547e-01, PNorm = 25.2486, GNorm = 0.4907, lr_0 = 7.3334e-04
Loss = 5.7109e-01, PNorm = 25.2701, GNorm = 0.7573, lr_0 = 7.2478e-04
Validation auc = 0.745355
Epoch 15
Loss = 5.6475e-01, PNorm = 25.2951, GNorm = 0.6971, lr_0 = 7.1631e-04
Loss = 5.4994e-01, PNorm = 25.3208, GNorm = 0.6497, lr_0 = 7.0795e-04
Validation auc = 0.748705
Epoch 16
Loss = 5.5574e-01, PNorm = 25.3341, GNorm = 0.7113, lr_0 = 6.9968e-04
Loss = 5.5828e-01, PNorm = 25.3552, GNorm = 0.6255, lr_0 = 6.9151e-04
Validation auc = 0.753884
Epoch 17
Loss = 5.3299e-01, PNorm = 25.3824, GNorm = 0.5775, lr_0 = 6.8263e-04
Loss = 5.5450e-01, PNorm = 25.4041, GNorm = 0.6648, lr_0 = 6.7465e-04
Validation auc = 0.751751
Epoch 18
Loss = 5.5229e-01, PNorm = 25.4215, GNorm = 0.6698, lr_0 = 6.6678e-04
Loss = 5.3218e-01, PNorm = 25.4451, GNorm = 0.7361, lr_0 = 6.5899e-04
Validation auc = 0.750228
Epoch 19
Loss = 5.2328e-01, PNorm = 25.4594, GNorm = 1.0235, lr_0 = 6.5129e-04
Loss = 5.5006e-01, PNorm = 25.4817, GNorm = 0.8677, lr_0 = 6.4369e-04
Validation auc = 0.750533
Epoch 20
Loss = 5.5932e-01, PNorm = 25.5039, GNorm = 0.6175, lr_0 = 6.3617e-04
Loss = 5.3405e-01, PNorm = 25.5193, GNorm = 0.6621, lr_0 = 6.2874e-04
Validation auc = 0.752056
Epoch 21
Loss = 5.3168e-01, PNorm = 25.5399, GNorm = 0.7726, lr_0 = 6.2139e-04
Loss = 5.2212e-01, PNorm = 25.5607, GNorm = 0.6332, lr_0 = 6.1414e-04
Validation auc = 0.745659
Epoch 22
Loss = 4.9756e-01, PNorm = 25.5782, GNorm = 0.7890, lr_0 = 6.0696e-04
Loss = 5.1605e-01, PNorm = 25.6019, GNorm = 0.7321, lr_0 = 5.9988e-04
Validation auc = 0.752970
Epoch 23
Loss = 5.0123e-01, PNorm = 25.6205, GNorm = 0.6662, lr_0 = 5.9217e-04
Loss = 5.1853e-01, PNorm = 25.6394, GNorm = 0.6504, lr_0 = 5.8526e-04
Validation auc = 0.747792
Epoch 24
Loss = 5.0445e-01, PNorm = 25.6613, GNorm = 0.6141, lr_0 = 5.7842e-04
Loss = 5.2357e-01, PNorm = 25.6813, GNorm = 1.0762, lr_0 = 5.7167e-04
Loss = 5.5642e-01, PNorm = 25.6979, GNorm = 0.8727, lr_0 = 5.6499e-04
Validation auc = 0.745050
Epoch 25
Loss = 5.2135e-01, PNorm = 25.7099, GNorm = 0.7794, lr_0 = 5.5839e-04
Loss = 5.0854e-01, PNorm = 25.7281, GNorm = 0.6269, lr_0 = 5.5187e-04
Validation auc = 0.758453
Epoch 26
Loss = 5.3866e-01, PNorm = 25.7467, GNorm = 1.2590, lr_0 = 5.4542e-04
Loss = 5.0602e-01, PNorm = 25.7672, GNorm = 1.1131, lr_0 = 5.3905e-04
Validation auc = 0.760585
Epoch 27
Loss = 5.4205e-01, PNorm = 25.7860, GNorm = 1.0607, lr_0 = 5.3276e-04
Loss = 5.0963e-01, PNorm = 25.8023, GNorm = 0.6940, lr_0 = 5.2654e-04
Validation auc = 0.754493
Epoch 28
Loss = 4.7127e-01, PNorm = 25.8248, GNorm = 1.0611, lr_0 = 5.1978e-04
Loss = 5.0951e-01, PNorm = 25.8450, GNorm = 0.7485, lr_0 = 5.1371e-04
Validation auc = 0.770637
Epoch 29
Loss = 5.0764e-01, PNorm = 25.8582, GNorm = 0.6563, lr_0 = 5.0771e-04
Loss = 5.1377e-01, PNorm = 25.8778, GNorm = 0.8051, lr_0 = 5.0178e-04
Validation auc = 0.771550
Epoch 30
Loss = 4.9234e-01, PNorm = 25.8970, GNorm = 0.7901, lr_0 = 4.9592e-04
Loss = 5.0334e-01, PNorm = 25.9157, GNorm = 1.0749, lr_0 = 4.9012e-04
Validation auc = 0.761803
Epoch 31
Loss = 5.2072e-01, PNorm = 25.9299, GNorm = 0.7181, lr_0 = 4.8440e-04
Loss = 5.3162e-01, PNorm = 25.9454, GNorm = 0.8284, lr_0 = 4.7874e-04
Validation auc = 0.769418
Epoch 32
Loss = 4.7532e-01, PNorm = 25.9646, GNorm = 0.8492, lr_0 = 4.7315e-04
Loss = 5.2942e-01, PNorm = 25.9836, GNorm = 0.7958, lr_0 = 4.6763e-04
Validation auc = 0.759671
Epoch 33
Loss = 5.1936e-01, PNorm = 26.0000, GNorm = 0.6833, lr_0 = 4.6216e-04
Loss = 5.0617e-01, PNorm = 26.0138, GNorm = 0.7110, lr_0 = 4.5677e-04
Validation auc = 0.769723
Epoch 34
Loss = 5.0017e-01, PNorm = 26.0319, GNorm = 0.9204, lr_0 = 4.5090e-04
Loss = 4.4918e-01, PNorm = 26.0510, GNorm = 0.8117, lr_0 = 4.4564e-04
Validation auc = 0.762108
Epoch 35
Loss = 4.9550e-01, PNorm = 26.0671, GNorm = 0.8667, lr_0 = 4.4043e-04
Loss = 4.6646e-01, PNorm = 26.0861, GNorm = 0.8037, lr_0 = 4.3529e-04
Validation auc = 0.767895
Epoch 36
Loss = 5.9927e-01, PNorm = 26.1011, GNorm = 1.1375, lr_0 = 4.3020e-04
Loss = 4.9132e-01, PNorm = 26.1187, GNorm = 1.1183, lr_0 = 4.2518e-04
Loss = 4.8236e-01, PNorm = 26.1351, GNorm = 0.9114, lr_0 = 4.2021e-04
Validation auc = 0.773987
Epoch 37
Loss = 4.7972e-01, PNorm = 26.1506, GNorm = 1.2393, lr_0 = 4.1531e-04
Loss = 4.8755e-01, PNorm = 26.1673, GNorm = 0.8065, lr_0 = 4.1045e-04
Validation auc = 0.769723
Epoch 38
Loss = 5.1178e-01, PNorm = 26.1814, GNorm = 0.8776, lr_0 = 4.0566e-04
Loss = 4.9465e-01, PNorm = 26.1947, GNorm = 0.6633, lr_0 = 4.0092e-04
Validation auc = 0.771246
Epoch 39
Loss = 5.0141e-01, PNorm = 26.2120, GNorm = 0.8699, lr_0 = 3.9578e-04
Loss = 4.6943e-01, PNorm = 26.2288, GNorm = 0.8917, lr_0 = 3.9115e-04
Validation auc = 0.771855
Epoch 40
Loss = 4.6760e-01, PNorm = 26.2448, GNorm = 0.8947, lr_0 = 3.8658e-04
Loss = 4.9503e-01, PNorm = 26.2560, GNorm = 0.9619, lr_0 = 3.8207e-04
Validation auc = 0.770332
Epoch 41
Loss = 4.4282e-01, PNorm = 26.2703, GNorm = 0.7926, lr_0 = 3.7761e-04
Loss = 4.6955e-01, PNorm = 26.2856, GNorm = 0.7797, lr_0 = 3.7320e-04
Validation auc = 0.774292
Epoch 42
Loss = 4.5424e-01, PNorm = 26.3002, GNorm = 0.9448, lr_0 = 3.6884e-04
Loss = 4.7688e-01, PNorm = 26.3129, GNorm = 1.0847, lr_0 = 3.6453e-04
Validation auc = 0.777033
Epoch 43
Loss = 4.7214e-01, PNorm = 26.3260, GNorm = 1.1499, lr_0 = 3.6027e-04
Loss = 4.7215e-01, PNorm = 26.3412, GNorm = 1.1809, lr_0 = 3.5607e-04
Validation auc = 0.770637
Epoch 44
Loss = 5.0448e-01, PNorm = 26.3556, GNorm = 0.8533, lr_0 = 3.5191e-04
Loss = 4.6598e-01, PNorm = 26.3696, GNorm = 0.7706, lr_0 = 3.4780e-04
Validation auc = 0.777033
Epoch 45
Loss = 4.7991e-01, PNorm = 26.3851, GNorm = 0.7752, lr_0 = 3.4333e-04
Loss = 4.7927e-01, PNorm = 26.3990, GNorm = 0.9297, lr_0 = 3.3932e-04
Validation auc = 0.780079
Epoch 46
Loss = 5.1794e-01, PNorm = 26.4056, GNorm = 1.0068, lr_0 = 3.3536e-04
Loss = 4.8528e-01, PNorm = 26.4141, GNorm = 0.8864, lr_0 = 3.3144e-04
Validation auc = 0.763631
Epoch 47
Loss = 4.7831e-01, PNorm = 26.4280, GNorm = 1.1351, lr_0 = 3.2757e-04
Loss = 4.4817e-01, PNorm = 26.4414, GNorm = 1.1983, lr_0 = 3.2375e-04
Validation auc = 0.777033
Epoch 48
Loss = 4.6089e-01, PNorm = 26.4516, GNorm = 1.1581, lr_0 = 3.1996e-04
Loss = 4.7217e-01, PNorm = 26.4633, GNorm = 1.4178, lr_0 = 3.1623e-04
Loss = 4.5726e-01, PNorm = 26.4746, GNorm = 1.3479, lr_0 = 3.1253e-04
Validation auc = 0.770332
Epoch 49
Loss = 4.5265e-01, PNorm = 26.4841, GNorm = 0.8346, lr_0 = 3.0888e-04
Loss = 4.4165e-01, PNorm = 26.4962, GNorm = 0.9080, lr_0 = 3.0528e-04
Validation auc = 0.767286
Epoch 50
Loss = 4.5089e-01, PNorm = 26.5073, GNorm = 0.9471, lr_0 = 3.0171e-04
Loss = 4.6948e-01, PNorm = 26.5177, GNorm = 1.0980, lr_0 = 2.9819e-04
Validation auc = 0.765458
Epoch 51
Loss = 4.5525e-01, PNorm = 26.5319, GNorm = 1.4623, lr_0 = 2.9436e-04
Loss = 4.3041e-01, PNorm = 26.5434, GNorm = 1.0066, lr_0 = 2.9092e-04
Validation auc = 0.773378
Epoch 52
Loss = 4.3728e-01, PNorm = 26.5527, GNorm = 1.3094, lr_0 = 2.8752e-04
Loss = 4.4071e-01, PNorm = 26.5641, GNorm = 1.0683, lr_0 = 2.8417e-04
Validation auc = 0.783430
Epoch 53
Loss = 4.6945e-01, PNorm = 26.5758, GNorm = 1.1715, lr_0 = 2.8085e-04
Loss = 4.5915e-01, PNorm = 26.5853, GNorm = 1.1468, lr_0 = 2.7757e-04
Validation auc = 0.774596
Epoch 54
Loss = 4.7099e-01, PNorm = 26.5955, GNorm = 1.0020, lr_0 = 2.7432e-04
Loss = 4.2849e-01, PNorm = 26.6064, GNorm = 1.1680, lr_0 = 2.7112e-04
Validation auc = 0.778252
Epoch 55
Loss = 4.2139e-01, PNorm = 26.6156, GNorm = 1.1007, lr_0 = 2.6795e-04
Loss = 4.4448e-01, PNorm = 26.6256, GNorm = 1.0852, lr_0 = 2.6483e-04
Validation auc = 0.772160
Epoch 56
Loss = 4.6723e-01, PNorm = 26.6346, GNorm = 1.7252, lr_0 = 2.6142e-04
Loss = 4.3927e-01, PNorm = 26.6437, GNorm = 1.2602, lr_0 = 2.5837e-04
Validation auc = 0.776729
Epoch 57
Loss = 4.3053e-01, PNorm = 26.6529, GNorm = 0.9900, lr_0 = 2.5535e-04
Loss = 4.3863e-01, PNorm = 26.6630, GNorm = 1.0269, lr_0 = 2.5237e-04
Validation auc = 0.780384
Epoch 58
Loss = 4.8042e-01, PNorm = 26.6709, GNorm = 0.9769, lr_0 = 2.4942e-04
Loss = 4.2414e-01, PNorm = 26.6807, GNorm = 1.0177, lr_0 = 2.4651e-04
Validation auc = 0.773683
Epoch 59
Loss = 3.6330e-01, PNorm = 26.6913, GNorm = 0.9886, lr_0 = 2.4363e-04
Loss = 4.2836e-01, PNorm = 26.7020, GNorm = 1.0059, lr_0 = 2.4079e-04
Validation auc = 0.766372
Epoch 60
Loss = 4.1353e-01, PNorm = 26.7108, GNorm = 1.4736, lr_0 = 2.3797e-04
Loss = 4.2482e-01, PNorm = 26.7194, GNorm = 0.9226, lr_0 = 2.3520e-04
Loss = 4.5826e-01, PNorm = 26.7280, GNorm = 1.1487, lr_0 = 2.3245e-04
Validation auc = 0.772769
Epoch 61
Loss = 4.2062e-01, PNorm = 26.7372, GNorm = 1.0728, lr_0 = 2.2973e-04
Loss = 3.9031e-01, PNorm = 26.7468, GNorm = 1.4797, lr_0 = 2.2705e-04
Loss = 3.2379e-01, PNorm = 26.7476, GNorm = 1.2012, lr_0 = 2.2678e-04
Validation auc = 0.767895
Epoch 62
Loss = 4.1549e-01, PNorm = 26.7551, GNorm = 1.4659, lr_0 = 2.2414e-04
Loss = 4.5626e-01, PNorm = 26.7626, GNorm = 1.1973, lr_0 = 2.2152e-04
Validation auc = 0.778252
Epoch 63
Loss = 4.3734e-01, PNorm = 26.7693, GNorm = 2.0791, lr_0 = 2.1893e-04
Loss = 4.5320e-01, PNorm = 26.7764, GNorm = 1.8841, lr_0 = 2.1637e-04
Validation auc = 0.775815
Epoch 64
Loss = 4.5590e-01, PNorm = 26.7838, GNorm = 1.3342, lr_0 = 2.1385e-04
Loss = 4.0883e-01, PNorm = 26.7923, GNorm = 1.2220, lr_0 = 2.1135e-04
Validation auc = 0.781907
Epoch 65
Loss = 4.3823e-01, PNorm = 26.8001, GNorm = 1.1912, lr_0 = 2.0888e-04
Loss = 4.1052e-01, PNorm = 26.8079, GNorm = 1.1546, lr_0 = 2.0644e-04
Validation auc = 0.779165
Epoch 66
Loss = 4.2626e-01, PNorm = 26.8157, GNorm = 1.2863, lr_0 = 2.0403e-04
Loss = 3.9803e-01, PNorm = 26.8220, GNorm = 0.9743, lr_0 = 2.0165e-04
Validation auc = 0.779470
Epoch 67
Loss = 4.2820e-01, PNorm = 26.8295, GNorm = 1.4041, lr_0 = 1.9906e-04
Loss = 4.0744e-01, PNorm = 26.8367, GNorm = 1.0441, lr_0 = 1.9673e-04
Validation auc = 0.776424
Epoch 68
Loss = 4.2898e-01, PNorm = 26.8435, GNorm = 1.1950, lr_0 = 1.9444e-04
Loss = 3.9945e-01, PNorm = 26.8504, GNorm = 1.1844, lr_0 = 1.9216e-04
Validation auc = 0.772769
Epoch 69
Loss = 4.4611e-01, PNorm = 26.8565, GNorm = 0.8570, lr_0 = 1.8992e-04
Loss = 4.1655e-01, PNorm = 26.8629, GNorm = 1.2183, lr_0 = 1.8770e-04
Validation auc = 0.777947
Epoch 70
Loss = 4.3223e-01, PNorm = 26.8696, GNorm = 1.0042, lr_0 = 1.8551e-04
Loss = 4.5038e-01, PNorm = 26.8758, GNorm = 1.2854, lr_0 = 1.8334e-04
Validation auc = 0.779775
Epoch 71
Loss = 4.3734e-01, PNorm = 26.8822, GNorm = 1.0747, lr_0 = 1.8120e-04
Loss = 4.2695e-01, PNorm = 26.8881, GNorm = 0.9739, lr_0 = 1.7909e-04
Validation auc = 0.776424
Epoch 72
Loss = 4.7641e-01, PNorm = 26.8948, GNorm = 1.0997, lr_0 = 1.7699e-04
Loss = 4.2071e-01, PNorm = 26.9001, GNorm = 1.2589, lr_0 = 1.7493e-04
Validation auc = 0.780079
Epoch 73
Loss = 3.3045e-01, PNorm = 26.9066, GNorm = 1.2333, lr_0 = 1.7268e-04
Loss = 4.2120e-01, PNorm = 26.9134, GNorm = 1.2767, lr_0 = 1.7066e-04
Loss = 4.0170e-01, PNorm = 26.9190, GNorm = 0.9340, lr_0 = 1.6867e-04
Validation auc = 0.780688
Epoch 74
Loss = 3.8749e-01, PNorm = 26.9252, GNorm = 1.3421, lr_0 = 1.6670e-04
Loss = 4.1968e-01, PNorm = 26.9308, GNorm = 1.1166, lr_0 = 1.6475e-04
Validation auc = 0.780688
Epoch 75
Loss = 4.2807e-01, PNorm = 26.9368, GNorm = 1.2837, lr_0 = 1.6283e-04
Loss = 3.9452e-01, PNorm = 26.9434, GNorm = 1.6171, lr_0 = 1.6093e-04
Validation auc = 0.784344
Epoch 76
Loss = 3.8996e-01, PNorm = 26.9493, GNorm = 1.0574, lr_0 = 1.5905e-04
Loss = 4.2028e-01, PNorm = 26.9551, GNorm = 1.1108, lr_0 = 1.5719e-04
Validation auc = 0.780384
Epoch 77
Loss = 4.3846e-01, PNorm = 26.9607, GNorm = 1.6157, lr_0 = 1.5536e-04
Loss = 4.1311e-01, PNorm = 26.9671, GNorm = 1.4644, lr_0 = 1.5354e-04
Validation auc = 0.777642
Epoch 78
Loss = 4.0314e-01, PNorm = 26.9744, GNorm = 1.3877, lr_0 = 1.5157e-04
Loss = 4.0925e-01, PNorm = 26.9803, GNorm = 1.0692, lr_0 = 1.4980e-04
Validation auc = 0.783430
Epoch 79
Loss = 3.7896e-01, PNorm = 26.9861, GNorm = 1.0316, lr_0 = 1.4805e-04
Loss = 4.4032e-01, PNorm = 26.9906, GNorm = 1.9646, lr_0 = 1.4632e-04
Validation auc = 0.779165
Epoch 80
Loss = 3.8620e-01, PNorm = 26.9947, GNorm = 1.0221, lr_0 = 1.4461e-04
Loss = 4.0070e-01, PNorm = 26.9990, GNorm = 1.0413, lr_0 = 1.4292e-04
Validation auc = 0.791045
Epoch 81
Loss = 4.2989e-01, PNorm = 27.0039, GNorm = 1.1865, lr_0 = 1.4125e-04
Loss = 4.1585e-01, PNorm = 27.0090, GNorm = 0.9838, lr_0 = 1.3960e-04
Validation auc = 0.788913
Epoch 82
Loss = 3.6912e-01, PNorm = 27.0132, GNorm = 1.4764, lr_0 = 1.3797e-04
Loss = 4.4388e-01, PNorm = 27.0175, GNorm = 1.4538, lr_0 = 1.3636e-04
Validation auc = 0.790740
Epoch 83
Loss = 4.9676e-01, PNorm = 27.0216, GNorm = 1.7575, lr_0 = 1.3477e-04
Loss = 3.7004e-01, PNorm = 27.0261, GNorm = 1.3528, lr_0 = 1.3320e-04
Validation auc = 0.789217
Epoch 84
Loss = 3.3898e-01, PNorm = 27.0314, GNorm = 0.9676, lr_0 = 1.3149e-04
Loss = 3.8833e-01, PNorm = 27.0362, GNorm = 1.0159, lr_0 = 1.2995e-04
Validation auc = 0.793482
Epoch 85
Loss = 3.9693e-01, PNorm = 27.0402, GNorm = 1.0732, lr_0 = 1.2843e-04
Loss = 3.8569e-01, PNorm = 27.0447, GNorm = 1.2724, lr_0 = 1.2693e-04
Loss = 4.1014e-01, PNorm = 27.0490, GNorm = 1.3975, lr_0 = 1.2545e-04
Validation auc = 0.789217
Epoch 86
Loss = 4.0725e-01, PNorm = 27.0521, GNorm = 1.3294, lr_0 = 1.2398e-04
Loss = 4.2912e-01, PNorm = 27.0554, GNorm = 1.0331, lr_0 = 1.2254e-04
Validation auc = 0.792568
Epoch 87
Loss = 4.2423e-01, PNorm = 27.0590, GNorm = 1.0397, lr_0 = 1.2111e-04
Loss = 3.9259e-01, PNorm = 27.0631, GNorm = 1.5158, lr_0 = 1.1969e-04
Validation auc = 0.785257
Epoch 88
Loss = 3.8941e-01, PNorm = 27.0669, GNorm = 1.1217, lr_0 = 1.1829e-04
Loss = 3.8919e-01, PNorm = 27.0711, GNorm = 1.2977, lr_0 = 1.1691e-04
Validation auc = 0.787694
Epoch 89
Loss = 3.8864e-01, PNorm = 27.0757, GNorm = 0.9471, lr_0 = 1.1541e-04
Loss = 3.8851e-01, PNorm = 27.0797, GNorm = 1.3784, lr_0 = 1.1406e-04
Validation auc = 0.788303
Epoch 90
Loss = 4.1486e-01, PNorm = 27.0838, GNorm = 1.3108, lr_0 = 1.1273e-04
Loss = 4.1912e-01, PNorm = 27.0873, GNorm = 1.6105, lr_0 = 1.1141e-04
Validation auc = 0.791349
Epoch 91
Loss = 4.0342e-01, PNorm = 27.0902, GNorm = 1.3463, lr_0 = 1.1011e-04
Loss = 4.2285e-01, PNorm = 27.0929, GNorm = 1.4470, lr_0 = 1.0883e-04
Validation auc = 0.787390
Epoch 92
Loss = 4.0544e-01, PNorm = 27.0962, GNorm = 1.3999, lr_0 = 1.0756e-04
Loss = 3.9879e-01, PNorm = 27.0996, GNorm = 1.5359, lr_0 = 1.0630e-04
Validation auc = 0.789826
Epoch 93
Loss = 3.6066e-01, PNorm = 27.1025, GNorm = 1.2561, lr_0 = 1.0506e-04
Loss = 4.3629e-01, PNorm = 27.1058, GNorm = 1.1941, lr_0 = 1.0383e-04
Validation auc = 0.785562
Epoch 94
Loss = 4.2020e-01, PNorm = 27.1088, GNorm = 1.1671, lr_0 = 1.0262e-04
Loss = 3.9512e-01, PNorm = 27.1119, GNorm = 1.0584, lr_0 = 1.0142e-04
Validation auc = 0.790436
Epoch 95
Loss = 3.1372e-01, PNorm = 27.1155, GNorm = 1.1880, lr_0 = 1.0012e-04
Loss = 3.8276e-01, PNorm = 27.1193, GNorm = 1.4602, lr_0 = 1.0000e-04
Validation auc = 0.790740
Epoch 96
Loss = 4.4274e-01, PNorm = 27.1228, GNorm = 1.5928, lr_0 = 1.0000e-04
Loss = 4.1866e-01, PNorm = 27.1266, GNorm = 1.1391, lr_0 = 1.0000e-04
Validation auc = 0.790131
Epoch 97
Loss = 4.2823e-01, PNorm = 27.1306, GNorm = 1.4994, lr_0 = 1.0000e-04
Loss = 3.8499e-01, PNorm = 27.1343, GNorm = 1.2013, lr_0 = 1.0000e-04
Loss = 4.3614e-01, PNorm = 27.1371, GNorm = 1.9594, lr_0 = 1.0000e-04
Validation auc = 0.792263
Epoch 98
Loss = 3.7264e-01, PNorm = 27.1400, GNorm = 1.0213, lr_0 = 1.0000e-04
Loss = 4.0630e-01, PNorm = 27.1431, GNorm = 1.2142, lr_0 = 1.0000e-04
Validation auc = 0.789217
Epoch 99
Loss = 3.9000e-01, PNorm = 27.1467, GNorm = 1.2574, lr_0 = 1.0000e-04
Loss = 4.3534e-01, PNorm = 27.1490, GNorm = 0.7817, lr_0 = 1.0000e-04
Validation auc = 0.789217
Model 0 best validation auc = 0.793482 on epoch 84
Loading pretrained parameter "encoder.encoder.0.cached_zero_vector".
Loading pretrained parameter "encoder.encoder.0.W_i.weight".
Loading pretrained parameter "encoder.encoder.0.W_h.weight".
Loading pretrained parameter "encoder.encoder.0.W_o.weight".
Loading pretrained parameter "encoder.encoder.0.W_o.bias".
Loading pretrained parameter "ffn.1.weight".
Loading pretrained parameter "ffn.1.bias".
Loading pretrained parameter "ffn.4.weight".
Loading pretrained parameter "ffn.4.bias".
Loading pretrained parameter "ffn.7.weight".
Loading pretrained parameter "ffn.7.bias".
Moving model to cuda
Model 0 test auc = 0.788205
Ensemble test auc = 0.788205
1-fold cross validation
	Seed 0 ==> test auc = 0.788205
Overall test auc = 0.788205 +/- 0.000000
Elapsed time = 0:02:19
