Command line
python /home/jxy/anaconda3/envs/chemprop_1119/bin/chemprop_train --data_path data/train_full.csv --dataset_type classification --save_dir checkpoints_32 --config_path hyperoptfile3 --epochs 100 --separate_test_path data/test_random_nocanonical.csv --separate_val_path data/val_full.csv --features_generator rdkit_2d_normalized --no_features_scaling
Args
{'activation': 'ReLU',
 'aggregation': 'mean',
 'aggregation_norm': 100,
 'alternative_loss_function': None,
 'atom_descriptor_scaling': True,
 'atom_descriptors': None,
 'atom_descriptors_path': None,
 'atom_descriptors_size': 0,
 'atom_features_size': 0,
 'atom_messages': False,
 'batch_size': 50,
 'bias': False,
 'bond_feature_scaling': True,
 'bond_features_path': None,
 'bond_features_size': 0,
 'cache_cutoff': 10000,
 'checkpoint_dir': None,
 'checkpoint_frzn': None,
 'checkpoint_path': None,
 'checkpoint_paths': None,
 'class_balance': False,
 'config_path': 'hyperoptfile3',
 'crossval_index_dir': None,
 'crossval_index_file': None,
 'crossval_index_sets': None,
 'cuda': True,
 'data_path': 'data/train_full.csv',
 'data_weights_path': None,
 'dataset_type': 'classification',
 'depth': 6,
 'device': device(type='cuda'),
 'dropout': 0.3,
 'empty_cache': False,
 'ensemble_size': 1,
 'epochs': 100,
 'explicit_h': False,
 'extra_metrics': [],
 'features_generator': ['rdkit_2d_normalized'],
 'features_only': False,
 'features_path': None,
 'features_scaling': False,
 'features_size': None,
 'ffn_hidden_size': 600,
 'ffn_num_layers': 2,
 'final_lr': 0.0001,
 'folds_file': None,
 'freeze_first_only': False,
 'frzn_ffn_layers': 0,
 'gpu': None,
 'grad_clip': None,
 'hidden_size': 600,
 'ignore_columns': None,
 'init_lr': 0.0001,
 'log_frequency': 10,
 'max_data_size': None,
 'max_lr': 0.001,
 'metric': 'auc',
 'metrics': ['auc'],
 'minimize_score': False,
 'mpn_shared': False,
 'multiclass_num_classes': 3,
 'no_atom_descriptor_scaling': False,
 'no_bond_features_scaling': False,
 'no_cache_mol': False,
 'no_cuda': False,
 'no_features_scaling': True,
 'num_folds': 1,
 'num_lrs': 1,
 'num_tasks': 1,
 'num_workers': 8,
 'number_of_molecules': 1,
 'overwrite_default_atom_features': False,
 'overwrite_default_bond_features': False,
 'phase_features_path': None,
 'pytorch_seed': 0,
 'quiet': False,
 'reaction': False,
 'reaction_mode': 'reac_diff',
 'resume_experiment': False,
 'save_dir': 'checkpoints_32',
 'save_preds': False,
 'save_smiles_splits': False,
 'seed': 0,
 'separate_test_atom_descriptors_path': None,
 'separate_test_bond_features_path': None,
 'separate_test_features_path': None,
 'separate_test_path': 'data/test_random_nocanonical.csv',
 'separate_test_phase_features_path': None,
 'separate_val_atom_descriptors_path': None,
 'separate_val_bond_features_path': None,
 'separate_val_features_path': None,
 'separate_val_path': 'data/val_full.csv',
 'separate_val_phase_features_path': None,
 'show_individual_scores': False,
 'smiles_columns': ['Smile'],
 'spectra_activation': 'exp',
 'spectra_phase_mask_path': None,
 'spectra_target_floor': 1e-08,
 'split_sizes': (0.8, 0.1, 0.1),
 'split_type': 'random',
 'target_columns': None,
 'target_weights': None,
 'task_names': ['Label'],
 'test': False,
 'test_fold_index': None,
 'train_data_size': None,
 'undirected': False,
 'use_input_features': True,
 'val_fold_index': None,
 'warmup_epochs': 2.0}
Setting molecule featurization parameters to default.
Loading data
Number of tasks = 1
Fold 0
Splitting data with seed 0
Class sizes
Label 0: 46.78%, 1: 53.22%
Total size = 1,041 | train size = 1,041 | val size = 116 | test size = 290
Building model 0
MoleculeModel(
  (sigmoid): Sigmoid()
  (encoder): MPN(
    (encoder): ModuleList(
      (0): MPNEncoder(
        (dropout_layer): Dropout(p=0.3, inplace=False)
        (act_func): ReLU()
        (W_i): Linear(in_features=147, out_features=600, bias=False)
        (W_h): Linear(in_features=600, out_features=600, bias=False)
        (W_o): Linear(in_features=733, out_features=600, bias=True)
      )
    )
  )
  (ffn): Sequential(
    (0): Dropout(p=0.3, inplace=False)
    (1): Linear(in_features=800, out_features=600, bias=True)
    (2): ReLU()
    (3): Dropout(p=0.3, inplace=False)
    (4): Linear(in_features=600, out_features=1, bias=True)
  )
)
Number of parameters = 1,370,401
Moving model to cuda
Epoch 0
Loss = 7.2675e-01, PNorm = 46.7656, GNorm = 1.3254, lr_0 = 3.4750e-04
Loss = 7.0731e-01, PNorm = 46.7811, GNorm = 2.3244, lr_0 = 5.7250e-04
Loss = 6.4620e-01, PNorm = 46.7833, GNorm = 0.9769, lr_0 = 5.9500e-04
Validation auc = 0.692659
Epoch 1
Loss = 6.6643e-01, PNorm = 46.8143, GNorm = 0.8793, lr_0 = 8.2000e-04
Loss = 6.6300e-01, PNorm = 46.8559, GNorm = 0.9609, lr_0 = 9.9765e-04
Validation auc = 0.719159
Epoch 2
Loss = 6.4808e-01, PNorm = 46.8964, GNorm = 1.6946, lr_0 = 9.8600e-04
Loss = 6.6151e-01, PNorm = 46.9320, GNorm = 0.7852, lr_0 = 9.7449e-04
Validation auc = 0.752056
Epoch 3
Loss = 6.1057e-01, PNorm = 46.9617, GNorm = 0.6297, lr_0 = 9.6310e-04
Loss = 6.2668e-01, PNorm = 46.9873, GNorm = 1.0790, lr_0 = 9.5186e-04
Validation auc = 0.770027
Epoch 4
Loss = 5.9021e-01, PNorm = 47.0136, GNorm = 0.6601, lr_0 = 9.4074e-04
Loss = 6.3081e-01, PNorm = 47.0399, GNorm = 1.0387, lr_0 = 9.2975e-04
Validation auc = 0.760889
Epoch 5
Loss = 6.1411e-01, PNorm = 47.0677, GNorm = 0.6717, lr_0 = 9.1889e-04
Loss = 6.1544e-01, PNorm = 47.1007, GNorm = 0.6514, lr_0 = 9.0816e-04
Validation auc = 0.777338
Epoch 6
Loss = 6.1133e-01, PNorm = 47.1378, GNorm = 1.3982, lr_0 = 8.9650e-04
Loss = 6.0297e-01, PNorm = 47.1649, GNorm = 0.6926, lr_0 = 8.8603e-04
Validation auc = 0.777033
Epoch 7
Loss = 5.8986e-01, PNorm = 47.2033, GNorm = 0.8034, lr_0 = 8.7568e-04
Loss = 6.0584e-01, PNorm = 47.2416, GNorm = 1.1924, lr_0 = 8.6546e-04
Validation auc = 0.788303
Epoch 8
Loss = 5.9251e-01, PNorm = 47.2629, GNorm = 0.7590, lr_0 = 8.5535e-04
Loss = 5.8351e-01, PNorm = 47.2969, GNorm = 0.6934, lr_0 = 8.4536e-04
Validation auc = 0.776119
Epoch 9
Loss = 6.3175e-01, PNorm = 47.3373, GNorm = 0.8200, lr_0 = 8.3549e-04
Loss = 5.7919e-01, PNorm = 47.3732, GNorm = 0.6802, lr_0 = 8.2573e-04
Validation auc = 0.777947
Epoch 10
Loss = 6.4184e-01, PNorm = 47.4116, GNorm = 0.7188, lr_0 = 8.1608e-04
Loss = 5.9997e-01, PNorm = 47.4475, GNorm = 0.8668, lr_0 = 8.0655e-04
Validation auc = 0.771550
Epoch 11
Loss = 6.3053e-01, PNorm = 47.4845, GNorm = 0.9026, lr_0 = 7.9713e-04
Loss = 5.7673e-01, PNorm = 47.5216, GNorm = 1.0749, lr_0 = 7.8782e-04
Validation auc = 0.781298
Epoch 12
Loss = 5.8193e-01, PNorm = 47.5766, GNorm = 0.6524, lr_0 = 7.7771e-04
Loss = 5.7264e-01, PNorm = 47.6166, GNorm = 0.5834, lr_0 = 7.6862e-04
Loss = 5.7513e-01, PNorm = 47.6567, GNorm = 0.7411, lr_0 = 7.5965e-04
Validation auc = 0.768809
Epoch 13
Loss = 5.8361e-01, PNorm = 47.7036, GNorm = 0.5947, lr_0 = 7.5078e-04
Loss = 5.7890e-01, PNorm = 47.7537, GNorm = 0.6277, lr_0 = 7.4201e-04
Validation auc = 0.758148
Epoch 14
Loss = 5.8014e-01, PNorm = 47.8007, GNorm = 0.5702, lr_0 = 7.3334e-04
Loss = 5.3406e-01, PNorm = 47.8431, GNorm = 1.0312, lr_0 = 7.2478e-04
Validation auc = 0.768504
Epoch 15
Loss = 5.3273e-01, PNorm = 47.8885, GNorm = 0.7425, lr_0 = 7.1631e-04
Loss = 5.5660e-01, PNorm = 47.9370, GNorm = 0.8522, lr_0 = 7.0795e-04
Validation auc = 0.763935
Epoch 16
Loss = 5.4461e-01, PNorm = 47.9826, GNorm = 0.7006, lr_0 = 6.9968e-04
Loss = 5.4903e-01, PNorm = 48.0404, GNorm = 0.6666, lr_0 = 6.9151e-04
Validation auc = 0.774596
Epoch 17
Loss = 5.1687e-01, PNorm = 48.0956, GNorm = 0.6601, lr_0 = 6.8263e-04
Loss = 5.5878e-01, PNorm = 48.1436, GNorm = 0.8239, lr_0 = 6.7465e-04
Validation auc = 0.764240
Epoch 18
Loss = 5.3571e-01, PNorm = 48.1944, GNorm = 0.7345, lr_0 = 6.6678e-04
Loss = 5.1447e-01, PNorm = 48.2537, GNorm = 0.6569, lr_0 = 6.5899e-04
Validation auc = 0.777033
Epoch 19
Loss = 4.9954e-01, PNorm = 48.3078, GNorm = 0.9636, lr_0 = 6.5129e-04
Loss = 5.4169e-01, PNorm = 48.3718, GNorm = 0.8425, lr_0 = 6.4369e-04
Validation auc = 0.764240
Epoch 20
Loss = 5.3608e-01, PNorm = 48.4423, GNorm = 0.6240, lr_0 = 6.3617e-04
Loss = 5.0060e-01, PNorm = 48.5102, GNorm = 1.1281, lr_0 = 6.2874e-04
Validation auc = 0.793482
Epoch 21
Loss = 5.0973e-01, PNorm = 48.5686, GNorm = 0.9055, lr_0 = 6.2139e-04
Loss = 5.2414e-01, PNorm = 48.6253, GNorm = 0.6069, lr_0 = 6.1414e-04
Validation auc = 0.788913
Epoch 22
Loss = 5.3282e-01, PNorm = 48.6788, GNorm = 0.8979, lr_0 = 6.0696e-04
Loss = 4.9534e-01, PNorm = 48.7435, GNorm = 0.5600, lr_0 = 5.9988e-04
Validation auc = 0.781298
Epoch 23
Loss = 4.8988e-01, PNorm = 48.8034, GNorm = 0.6743, lr_0 = 5.9217e-04
Loss = 5.1978e-01, PNorm = 48.8682, GNorm = 0.7453, lr_0 = 5.8526e-04
Validation auc = 0.769114
Epoch 24
Loss = 5.3183e-01, PNorm = 48.9310, GNorm = 0.6313, lr_0 = 5.7842e-04
Loss = 4.7252e-01, PNorm = 48.9943, GNorm = 0.9650, lr_0 = 5.7167e-04
Loss = 5.3538e-01, PNorm = 49.0550, GNorm = 0.7412, lr_0 = 5.6499e-04
Validation auc = 0.772464
Epoch 25
Loss = 5.1855e-01, PNorm = 49.1174, GNorm = 0.5506, lr_0 = 5.5839e-04
Loss = 4.8408e-01, PNorm = 49.1899, GNorm = 0.5771, lr_0 = 5.5187e-04
Validation auc = 0.755711
Epoch 26
Loss = 4.8807e-01, PNorm = 49.2526, GNorm = 0.8739, lr_0 = 5.4542e-04
Loss = 4.7647e-01, PNorm = 49.3301, GNorm = 0.9688, lr_0 = 5.3905e-04
Validation auc = 0.769418
Epoch 27
Loss = 4.8639e-01, PNorm = 49.3995, GNorm = 0.9770, lr_0 = 5.3276e-04
Loss = 4.8300e-01, PNorm = 49.4689, GNorm = 0.5982, lr_0 = 5.2654e-04
Validation auc = 0.773378
Epoch 28
Loss = 4.5128e-01, PNorm = 49.5421, GNorm = 0.8963, lr_0 = 5.1978e-04
Loss = 4.6971e-01, PNorm = 49.6100, GNorm = 1.0194, lr_0 = 5.1371e-04
Validation auc = 0.794091
Epoch 29
Loss = 4.7986e-01, PNorm = 49.6782, GNorm = 1.0879, lr_0 = 5.0771e-04
Loss = 4.8914e-01, PNorm = 49.7436, GNorm = 0.8162, lr_0 = 5.0178e-04
Validation auc = 0.780384
Epoch 30
Loss = 4.3662e-01, PNorm = 49.8184, GNorm = 0.9332, lr_0 = 4.9592e-04
Loss = 4.9588e-01, PNorm = 49.8795, GNorm = 1.0524, lr_0 = 4.9012e-04
Validation auc = 0.780079
Epoch 31
Loss = 4.6732e-01, PNorm = 49.9405, GNorm = 1.0404, lr_0 = 4.8440e-04
Loss = 4.7797e-01, PNorm = 50.0036, GNorm = 1.1756, lr_0 = 4.7874e-04
Validation auc = 0.785257
Epoch 32
Loss = 4.4116e-01, PNorm = 50.0694, GNorm = 1.0826, lr_0 = 4.7315e-04
Loss = 4.7444e-01, PNorm = 50.1323, GNorm = 2.3251, lr_0 = 4.6763e-04
Validation auc = 0.768809
Epoch 33
Loss = 4.4291e-01, PNorm = 50.1865, GNorm = 0.7491, lr_0 = 4.6216e-04
Loss = 4.9185e-01, PNorm = 50.2491, GNorm = 0.9929, lr_0 = 4.5677e-04
Validation auc = 0.791045
Epoch 34
Loss = 4.3882e-01, PNorm = 50.3146, GNorm = 0.6897, lr_0 = 4.5090e-04
Loss = 3.9552e-01, PNorm = 50.3735, GNorm = 0.6379, lr_0 = 4.4564e-04
Validation auc = 0.773073
Epoch 35
Loss = 3.7914e-01, PNorm = 50.4356, GNorm = 0.7019, lr_0 = 4.4043e-04
Loss = 4.3170e-01, PNorm = 50.4956, GNorm = 0.9280, lr_0 = 4.3529e-04
Validation auc = 0.782211
Epoch 36
Loss = 4.4908e-01, PNorm = 50.5597, GNorm = 1.1369, lr_0 = 4.3020e-04
Loss = 4.3453e-01, PNorm = 50.6269, GNorm = 1.4767, lr_0 = 4.2518e-04
Loss = 4.1349e-01, PNorm = 50.6924, GNorm = 1.2808, lr_0 = 4.2021e-04
Validation auc = 0.773987
Epoch 37
Loss = 4.2514e-01, PNorm = 50.7539, GNorm = 1.2892, lr_0 = 4.1531e-04
Loss = 4.1512e-01, PNorm = 50.8151, GNorm = 0.8471, lr_0 = 4.1045e-04
Validation auc = 0.754797
Epoch 38
Loss = 4.3049e-01, PNorm = 50.8694, GNorm = 0.8961, lr_0 = 4.0566e-04
Loss = 4.0654e-01, PNorm = 50.9284, GNorm = 0.7915, lr_0 = 4.0092e-04
Validation auc = 0.773073
Epoch 39
Loss = 4.2590e-01, PNorm = 50.9830, GNorm = 0.9539, lr_0 = 3.9578e-04
Loss = 3.5432e-01, PNorm = 51.0442, GNorm = 1.0654, lr_0 = 3.9115e-04
Validation auc = 0.773378
Epoch 40
Loss = 3.6177e-01, PNorm = 51.1063, GNorm = 0.7983, lr_0 = 3.8658e-04
Loss = 4.1221e-01, PNorm = 51.1666, GNorm = 0.9887, lr_0 = 3.8207e-04
Validation auc = 0.785867
Epoch 41
Loss = 3.3253e-01, PNorm = 51.2257, GNorm = 0.9103, lr_0 = 3.7761e-04
Loss = 4.1798e-01, PNorm = 51.2868, GNorm = 0.9798, lr_0 = 3.7320e-04
Validation auc = 0.770332
Epoch 42
Loss = 3.6003e-01, PNorm = 51.3425, GNorm = 1.0494, lr_0 = 3.6884e-04
Loss = 3.7221e-01, PNorm = 51.3981, GNorm = 1.0509, lr_0 = 3.6453e-04
Validation auc = 0.790740
Epoch 43
Loss = 3.2756e-01, PNorm = 51.4549, GNorm = 1.2364, lr_0 = 3.6027e-04
Loss = 3.4899e-01, PNorm = 51.5207, GNorm = 1.3741, lr_0 = 3.5607e-04
Validation auc = 0.758757
Epoch 44
Loss = 3.8995e-01, PNorm = 51.5756, GNorm = 1.2314, lr_0 = 3.5191e-04
Loss = 3.3137e-01, PNorm = 51.6320, GNorm = 1.1759, lr_0 = 3.4780e-04
Validation auc = 0.761194
Epoch 45
Loss = 3.4380e-01, PNorm = 51.6833, GNorm = 1.9393, lr_0 = 3.4333e-04
Loss = 3.6760e-01, PNorm = 51.7288, GNorm = 1.6096, lr_0 = 3.3932e-04
Validation auc = 0.780079
Epoch 46
Loss = 3.2698e-01, PNorm = 51.7766, GNorm = 1.1845, lr_0 = 3.3536e-04
Loss = 3.4120e-01, PNorm = 51.8157, GNorm = 1.0711, lr_0 = 3.3144e-04
Validation auc = 0.768504
Epoch 47
Loss = 3.4887e-01, PNorm = 51.8614, GNorm = 1.5717, lr_0 = 3.2757e-04
Loss = 3.2760e-01, PNorm = 51.9139, GNorm = 1.3837, lr_0 = 3.2375e-04
Validation auc = 0.773378
Epoch 48
Loss = 2.5372e-01, PNorm = 51.9600, GNorm = 1.3125, lr_0 = 3.1996e-04
Loss = 3.0574e-01, PNorm = 52.0042, GNorm = 2.0214, lr_0 = 3.1623e-04
Loss = 3.3782e-01, PNorm = 52.0439, GNorm = 1.6439, lr_0 = 3.1253e-04
Validation auc = 0.786476
Epoch 49
Loss = 3.1523e-01, PNorm = 52.0864, GNorm = 0.9067, lr_0 = 3.0888e-04
Loss = 3.2551e-01, PNorm = 52.1326, GNorm = 1.2901, lr_0 = 3.0528e-04
Validation auc = 0.781298
Epoch 50
Loss = 3.1033e-01, PNorm = 52.1785, GNorm = 1.8523, lr_0 = 3.0171e-04
Loss = 2.8627e-01, PNorm = 52.2223, GNorm = 1.2114, lr_0 = 2.9819e-04
Validation auc = 0.766068
Epoch 51
Loss = 2.8353e-01, PNorm = 52.2656, GNorm = 2.5474, lr_0 = 2.9436e-04
Loss = 2.9116e-01, PNorm = 52.3032, GNorm = 2.0233, lr_0 = 2.9092e-04
Validation auc = 0.777338
Epoch 52
Loss = 2.8944e-01, PNorm = 52.3485, GNorm = 1.3679, lr_0 = 2.8752e-04
Loss = 3.0491e-01, PNorm = 52.3905, GNorm = 1.4875, lr_0 = 2.8417e-04
Validation auc = 0.777947
Epoch 53
Loss = 2.7121e-01, PNorm = 52.4235, GNorm = 1.2451, lr_0 = 2.8085e-04
Loss = 2.8375e-01, PNorm = 52.4638, GNorm = 1.6438, lr_0 = 2.7757e-04
Validation auc = 0.774901
Epoch 54
Loss = 2.4461e-01, PNorm = 52.4989, GNorm = 1.3454, lr_0 = 2.7432e-04
Loss = 2.9306e-01, PNorm = 52.5289, GNorm = 1.5978, lr_0 = 2.7112e-04
Validation auc = 0.768504
Epoch 55
Loss = 3.1190e-01, PNorm = 52.5615, GNorm = 4.3672, lr_0 = 2.6795e-04
Loss = 2.7100e-01, PNorm = 52.5936, GNorm = 1.8789, lr_0 = 2.6483e-04
Validation auc = 0.779775
Epoch 56
Loss = 2.8172e-01, PNorm = 52.6257, GNorm = 1.4840, lr_0 = 2.6142e-04
Loss = 2.1510e-01, PNorm = 52.6586, GNorm = 1.2480, lr_0 = 2.5837e-04
Validation auc = 0.779165
Epoch 57
Loss = 2.0245e-01, PNorm = 52.6910, GNorm = 1.5250, lr_0 = 2.5535e-04
Loss = 2.8006e-01, PNorm = 52.7187, GNorm = 1.6857, lr_0 = 2.5237e-04
Validation auc = 0.759062
Epoch 58
Loss = 3.0864e-01, PNorm = 52.7484, GNorm = 2.0253, lr_0 = 2.4942e-04
Loss = 2.5381e-01, PNorm = 52.7767, GNorm = 1.5629, lr_0 = 2.4651e-04
Validation auc = 0.767895
Epoch 59
Loss = 2.0617e-01, PNorm = 52.8093, GNorm = 1.8824, lr_0 = 2.4363e-04
Loss = 2.6849e-01, PNorm = 52.8389, GNorm = 1.4180, lr_0 = 2.4079e-04
Validation auc = 0.763326
Epoch 60
Loss = 1.6826e-01, PNorm = 52.8723, GNorm = 1.5491, lr_0 = 2.3797e-04
Loss = 1.9543e-01, PNorm = 52.9027, GNorm = 2.2263, lr_0 = 2.3520e-04
Loss = 2.4376e-01, PNorm = 52.9282, GNorm = 2.2714, lr_0 = 2.3245e-04
Validation auc = 0.746573
Epoch 61
Loss = 2.3791e-01, PNorm = 52.9573, GNorm = 2.1482, lr_0 = 2.2973e-04
Loss = 2.6825e-01, PNorm = 52.9819, GNorm = 2.8288, lr_0 = 2.2705e-04
Loss = 2.1687e-01, PNorm = 52.9840, GNorm = 2.5218, lr_0 = 2.2678e-04
Validation auc = 0.766981
Epoch 62
Loss = 2.1137e-01, PNorm = 53.0070, GNorm = 2.1246, lr_0 = 2.2414e-04
Loss = 2.4004e-01, PNorm = 53.0335, GNorm = 1.6473, lr_0 = 2.2152e-04
Validation auc = 0.749010
Epoch 63
Loss = 2.1461e-01, PNorm = 53.0583, GNorm = 1.8340, lr_0 = 2.1893e-04
Loss = 1.9682e-01, PNorm = 53.0861, GNorm = 1.2347, lr_0 = 2.1637e-04
Validation auc = 0.743832
Epoch 64
Loss = 2.0088e-01, PNorm = 53.1112, GNorm = 1.9323, lr_0 = 2.1385e-04
Loss = 2.2868e-01, PNorm = 53.1355, GNorm = 1.7578, lr_0 = 2.1135e-04
Validation auc = 0.745964
Epoch 65
Loss = 2.2335e-01, PNorm = 53.1566, GNorm = 1.7404, lr_0 = 2.0888e-04
Loss = 1.8609e-01, PNorm = 53.1826, GNorm = 1.8491, lr_0 = 2.0644e-04
Validation auc = 0.753579
Epoch 66
Loss = 1.9996e-01, PNorm = 53.2081, GNorm = 2.1794, lr_0 = 2.0403e-04
Loss = 1.9423e-01, PNorm = 53.2284, GNorm = 1.9226, lr_0 = 2.0165e-04
Validation auc = 0.749924
Epoch 67
Loss = 1.9053e-01, PNorm = 53.2455, GNorm = 1.1882, lr_0 = 1.9906e-04
Loss = 2.0114e-01, PNorm = 53.2637, GNorm = 2.6429, lr_0 = 1.9673e-04
Validation auc = 0.761194
Epoch 68
Loss = 1.9644e-01, PNorm = 53.2867, GNorm = 2.4671, lr_0 = 1.9444e-04
Loss = 1.8661e-01, PNorm = 53.3066, GNorm = 3.0775, lr_0 = 1.9216e-04
Validation auc = 0.758453
Epoch 69
Loss = 2.2301e-01, PNorm = 53.3249, GNorm = 2.7159, lr_0 = 1.8992e-04
Loss = 1.6940e-01, PNorm = 53.3429, GNorm = 1.8306, lr_0 = 1.8770e-04
Validation auc = 0.747792
Epoch 70
Loss = 1.7475e-01, PNorm = 53.3625, GNorm = 1.4275, lr_0 = 1.8551e-04
Loss = 1.6288e-01, PNorm = 53.3812, GNorm = 1.8066, lr_0 = 1.8334e-04
Validation auc = 0.755102
Epoch 71
Loss = 1.3703e-01, PNorm = 53.3978, GNorm = 2.0749, lr_0 = 1.8120e-04
Loss = 1.8172e-01, PNorm = 53.4140, GNorm = 1.5567, lr_0 = 1.7909e-04
Validation auc = 0.743832
Epoch 72
Loss = 2.4475e-01, PNorm = 53.4294, GNorm = 2.0953, lr_0 = 1.7699e-04
Loss = 1.6712e-01, PNorm = 53.4429, GNorm = 1.5011, lr_0 = 1.7493e-04
Validation auc = 0.750838
Epoch 73
Loss = 9.4235e-02, PNorm = 53.4598, GNorm = 1.3266, lr_0 = 1.7268e-04
Loss = 1.7261e-01, PNorm = 53.4749, GNorm = 1.9444, lr_0 = 1.7066e-04
Loss = 2.0090e-01, PNorm = 53.4885, GNorm = 2.5875, lr_0 = 1.6867e-04
Validation auc = 0.744136
Epoch 74
Loss = 1.7157e-01, PNorm = 53.5033, GNorm = 3.8765, lr_0 = 1.6670e-04
Loss = 1.6295e-01, PNorm = 53.5194, GNorm = 3.4256, lr_0 = 1.6475e-04
Validation auc = 0.746573
Epoch 75
Loss = 1.4861e-01, PNorm = 53.5331, GNorm = 1.4061, lr_0 = 1.6283e-04
Loss = 1.4071e-01, PNorm = 53.5483, GNorm = 2.7654, lr_0 = 1.6093e-04
Validation auc = 0.745355
Epoch 76
Loss = 1.6976e-01, PNorm = 53.5611, GNorm = 1.8710, lr_0 = 1.5905e-04
Loss = 2.0656e-01, PNorm = 53.5710, GNorm = 2.5965, lr_0 = 1.5719e-04
Validation auc = 0.752056
Epoch 77
Loss = 1.9441e-01, PNorm = 53.5825, GNorm = 1.4140, lr_0 = 1.5536e-04
Loss = 1.6287e-01, PNorm = 53.5958, GNorm = 1.3412, lr_0 = 1.5354e-04
Validation auc = 0.749010
Epoch 78
Loss = 1.2977e-01, PNorm = 53.6113, GNorm = 1.7581, lr_0 = 1.5157e-04
Loss = 1.7448e-01, PNorm = 53.6246, GNorm = 2.0179, lr_0 = 1.4980e-04
Validation auc = 0.734389
Epoch 79
Loss = 1.2953e-01, PNorm = 53.6364, GNorm = 1.2984, lr_0 = 1.4805e-04
Loss = 1.5320e-01, PNorm = 53.6489, GNorm = 1.8542, lr_0 = 1.4632e-04
Validation auc = 0.740481
Epoch 80
Loss = 1.1903e-01, PNorm = 53.6622, GNorm = 1.7466, lr_0 = 1.4461e-04
Loss = 1.6315e-01, PNorm = 53.6759, GNorm = 2.6890, lr_0 = 1.4292e-04
Validation auc = 0.741395
Epoch 81
Loss = 1.7116e-01, PNorm = 53.6861, GNorm = 2.1816, lr_0 = 1.4125e-04
Loss = 1.5080e-01, PNorm = 53.6977, GNorm = 1.7054, lr_0 = 1.3960e-04
Validation auc = 0.739263
Epoch 82
Loss = 1.5380e-01, PNorm = 53.7088, GNorm = 1.6387, lr_0 = 1.3797e-04
Loss = 1.6059e-01, PNorm = 53.7189, GNorm = 2.3783, lr_0 = 1.3636e-04
Validation auc = 0.742309
Epoch 83
Loss = 2.2562e-01, PNorm = 53.7285, GNorm = 2.5227, lr_0 = 1.3477e-04
Loss = 1.0781e-01, PNorm = 53.7401, GNorm = 2.8971, lr_0 = 1.3320e-04
Validation auc = 0.743832
Epoch 84
Loss = 1.7133e-01, PNorm = 53.7533, GNorm = 1.9231, lr_0 = 1.3149e-04
Loss = 1.4339e-01, PNorm = 53.7619, GNorm = 1.8333, lr_0 = 1.2995e-04
Validation auc = 0.746878
Epoch 85
Loss = 1.3581e-01, PNorm = 53.7699, GNorm = 3.1353, lr_0 = 1.2843e-04
Loss = 1.4886e-01, PNorm = 53.7784, GNorm = 1.8090, lr_0 = 1.2693e-04
Loss = 1.2820e-01, PNorm = 53.7887, GNorm = 2.2722, lr_0 = 1.2545e-04
Validation auc = 0.742918
Epoch 86
Loss = 1.2229e-01, PNorm = 53.8000, GNorm = 1.4668, lr_0 = 1.2398e-04
Loss = 1.3045e-01, PNorm = 53.8104, GNorm = 2.3092, lr_0 = 1.2254e-04
Validation auc = 0.736217
Epoch 87
Loss = 1.4082e-01, PNorm = 53.8192, GNorm = 2.9386, lr_0 = 1.2111e-04
Loss = 1.3777e-01, PNorm = 53.8256, GNorm = 2.1348, lr_0 = 1.1969e-04
Validation auc = 0.730429
Epoch 88
Loss = 1.2535e-01, PNorm = 53.8342, GNorm = 1.3615, lr_0 = 1.1829e-04
Loss = 1.3248e-01, PNorm = 53.8424, GNorm = 1.1690, lr_0 = 1.1691e-04
Validation auc = 0.745050
Epoch 89
Loss = 1.1782e-01, PNorm = 53.8517, GNorm = 1.7154, lr_0 = 1.1541e-04
Loss = 1.5497e-01, PNorm = 53.8594, GNorm = 1.2966, lr_0 = 1.1406e-04
Validation auc = 0.738349
Epoch 90
Loss = 1.3601e-01, PNorm = 53.8666, GNorm = 3.8628, lr_0 = 1.1273e-04
Loss = 1.5385e-01, PNorm = 53.8726, GNorm = 2.1095, lr_0 = 1.1141e-04
Validation auc = 0.736217
Epoch 91
Loss = 1.0540e-01, PNorm = 53.8796, GNorm = 1.2767, lr_0 = 1.1011e-04
Loss = 1.4768e-01, PNorm = 53.8885, GNorm = 2.0864, lr_0 = 1.0883e-04
Validation auc = 0.731648
Epoch 92
Loss = 1.4693e-01, PNorm = 53.8959, GNorm = 2.7483, lr_0 = 1.0756e-04
Loss = 1.2104e-01, PNorm = 53.9035, GNorm = 1.5017, lr_0 = 1.0630e-04
Validation auc = 0.731648
Epoch 93
Loss = 1.3001e-01, PNorm = 53.9117, GNorm = 2.8433, lr_0 = 1.0506e-04
Loss = 1.2428e-01, PNorm = 53.9189, GNorm = 1.6020, lr_0 = 1.0383e-04
Validation auc = 0.733475
Epoch 94
Loss = 1.4608e-01, PNorm = 53.9262, GNorm = 3.4303, lr_0 = 1.0262e-04
Loss = 1.0391e-01, PNorm = 53.9335, GNorm = 1.8091, lr_0 = 1.0142e-04
Validation auc = 0.729211
Epoch 95
Loss = 7.9797e-02, PNorm = 53.9437, GNorm = 2.1657, lr_0 = 1.0012e-04
Loss = 1.2112e-01, PNorm = 53.9509, GNorm = 2.0764, lr_0 = 1.0000e-04
Validation auc = 0.739263
Epoch 96
Loss = 8.4989e-02, PNorm = 53.9580, GNorm = 3.7334, lr_0 = 1.0000e-04
Loss = 1.1569e-01, PNorm = 53.9650, GNorm = 4.1349, lr_0 = 1.0000e-04
Validation auc = 0.737740
Epoch 97
Loss = 5.0402e-02, PNorm = 53.9708, GNorm = 0.9509, lr_0 = 1.0000e-04
Loss = 1.3272e-01, PNorm = 53.9756, GNorm = 2.3310, lr_0 = 1.0000e-04
Loss = 1.3082e-01, PNorm = 53.9830, GNorm = 5.6139, lr_0 = 1.0000e-04
Validation auc = 0.747487
Epoch 98
Loss = 1.0545e-01, PNorm = 53.9912, GNorm = 2.0972, lr_0 = 1.0000e-04
Loss = 1.2018e-01, PNorm = 53.9990, GNorm = 2.6825, lr_0 = 1.0000e-04
Validation auc = 0.743832
Epoch 99
Loss = 1.0699e-01, PNorm = 54.0068, GNorm = 3.1848, lr_0 = 1.0000e-04
Loss = 1.1532e-01, PNorm = 54.0136, GNorm = 1.3282, lr_0 = 1.0000e-04
Validation auc = 0.738044
Model 0 best validation auc = 0.794091 on epoch 28
Loading pretrained parameter "encoder.encoder.0.cached_zero_vector".
Loading pretrained parameter "encoder.encoder.0.W_i.weight".
Loading pretrained parameter "encoder.encoder.0.W_h.weight".
Loading pretrained parameter "encoder.encoder.0.W_o.weight".
Loading pretrained parameter "encoder.encoder.0.W_o.bias".
Loading pretrained parameter "ffn.1.weight".
Loading pretrained parameter "ffn.1.bias".
Loading pretrained parameter "ffn.4.weight".
Loading pretrained parameter "ffn.4.bias".
Moving model to cuda
Model 0 test auc = 0.798230
Ensemble test auc = 0.798230
1-fold cross validation
	Seed 0 ==> test auc = 0.798230
Overall test auc = 0.798230 +/- 0.000000
Elapsed time = 0:02:30
