Command line
python /home/jxy/anaconda3/envs/chemprop_1119/bin/chemprop_train --data_path data/train_full.csv --dataset_type classification --save_dir checkpoints_15 --config_path hyperoptfile --epochs 100 --separate_test_path data/test_random_nocanonical.csv --separate_val_path data/val_full.csv --features_generator rdkit_2d_normalized --no_features_scaling
Args
{'activation': 'ReLU',
 'aggregation': 'mean',
 'aggregation_norm': 100,
 'alternative_loss_function': None,
 'atom_descriptor_scaling': True,
 'atom_descriptors': None,
 'atom_descriptors_path': None,
 'atom_descriptors_size': 0,
 'atom_features_size': 0,
 'atom_messages': False,
 'batch_size': 50,
 'bias': False,
 'bond_feature_scaling': True,
 'bond_features_path': None,
 'bond_features_size': 0,
 'cache_cutoff': 10000,
 'checkpoint_dir': None,
 'checkpoint_frzn': None,
 'checkpoint_path': None,
 'checkpoint_paths': None,
 'class_balance': False,
 'config_path': 'hyperoptfile',
 'crossval_index_dir': None,
 'crossval_index_file': None,
 'crossval_index_sets': None,
 'cuda': True,
 'data_path': 'data/train_full.csv',
 'data_weights_path': None,
 'dataset_type': 'classification',
 'depth': 2,
 'device': device(type='cuda'),
 'dropout': 0.3,
 'empty_cache': False,
 'ensemble_size': 1,
 'epochs': 100,
 'explicit_h': False,
 'extra_metrics': [],
 'features_generator': ['rdkit_2d_normalized'],
 'features_only': False,
 'features_path': None,
 'features_scaling': False,
 'features_size': None,
 'ffn_hidden_size': 600,
 'ffn_num_layers': 2,
 'final_lr': 0.0001,
 'folds_file': None,
 'freeze_first_only': False,
 'frzn_ffn_layers': 0,
 'gpu': None,
 'grad_clip': None,
 'hidden_size': 600,
 'ignore_columns': None,
 'init_lr': 0.0001,
 'log_frequency': 10,
 'max_data_size': None,
 'max_lr': 0.001,
 'metric': 'auc',
 'metrics': ['auc'],
 'minimize_score': False,
 'mpn_shared': False,
 'multiclass_num_classes': 3,
 'no_atom_descriptor_scaling': False,
 'no_bond_features_scaling': False,
 'no_cache_mol': False,
 'no_cuda': False,
 'no_features_scaling': True,
 'num_folds': 1,
 'num_lrs': 1,
 'num_tasks': 1,
 'num_workers': 8,
 'number_of_molecules': 1,
 'overwrite_default_atom_features': False,
 'overwrite_default_bond_features': False,
 'phase_features_path': None,
 'pytorch_seed': 0,
 'quiet': False,
 'reaction': False,
 'reaction_mode': 'reac_diff',
 'resume_experiment': False,
 'save_dir': 'checkpoints_15',
 'save_preds': False,
 'save_smiles_splits': False,
 'seed': 0,
 'separate_test_atom_descriptors_path': None,
 'separate_test_bond_features_path': None,
 'separate_test_features_path': None,
 'separate_test_path': 'data/test_random_nocanonical.csv',
 'separate_test_phase_features_path': None,
 'separate_val_atom_descriptors_path': None,
 'separate_val_bond_features_path': None,
 'separate_val_features_path': None,
 'separate_val_path': 'data/val_full.csv',
 'separate_val_phase_features_path': None,
 'show_individual_scores': False,
 'smiles_columns': ['Smile'],
 'spectra_activation': 'exp',
 'spectra_phase_mask_path': None,
 'spectra_target_floor': 1e-08,
 'split_sizes': (0.8, 0.1, 0.1),
 'split_type': 'random',
 'target_columns': None,
 'target_weights': None,
 'task_names': ['Label'],
 'test': False,
 'test_fold_index': None,
 'train_data_size': None,
 'undirected': False,
 'use_input_features': True,
 'val_fold_index': None,
 'warmup_epochs': 2.0}
Setting molecule featurization parameters to default.
Loading data
Number of tasks = 1
Fold 0
Splitting data with seed 0
Class sizes
Label 0: 46.78%, 1: 53.22%
Total size = 1,041 | train size = 1,041 | val size = 116 | test size = 290
Building model 0
MoleculeModel(
  (sigmoid): Sigmoid()
  (encoder): MPN(
    (encoder): ModuleList(
      (0): MPNEncoder(
        (dropout_layer): Dropout(p=0.3, inplace=False)
        (act_func): ReLU()
        (W_i): Linear(in_features=147, out_features=600, bias=False)
        (W_h): Linear(in_features=600, out_features=600, bias=False)
        (W_o): Linear(in_features=733, out_features=600, bias=True)
      )
    )
  )
  (ffn): Sequential(
    (0): Dropout(p=0.3, inplace=False)
    (1): Linear(in_features=800, out_features=600, bias=True)
    (2): ReLU()
    (3): Dropout(p=0.3, inplace=False)
    (4): Linear(in_features=600, out_features=1, bias=True)
  )
)
Number of parameters = 1,370,401
Moving model to cuda
Epoch 0
Loss = 7.0688e-01, PNorm = 46.7653, GNorm = 0.9744, lr_0 = 3.4750e-04
Loss = 7.0068e-01, PNorm = 46.7821, GNorm = 2.0206, lr_0 = 5.7250e-04
Loss = 6.4059e-01, PNorm = 46.7848, GNorm = 1.0712, lr_0 = 5.9500e-04
Validation auc = 0.696314
Epoch 1
Loss = 6.6137e-01, PNorm = 46.8214, GNorm = 1.2066, lr_0 = 8.2000e-04
Loss = 6.6880e-01, PNorm = 46.8682, GNorm = 2.0254, lr_0 = 9.9765e-04
Validation auc = 0.737740
Epoch 2
Loss = 6.4008e-01, PNorm = 46.9183, GNorm = 1.9438, lr_0 = 9.8600e-04
Loss = 6.7555e-01, PNorm = 46.9665, GNorm = 1.2525, lr_0 = 9.7449e-04
Validation auc = 0.748705
Epoch 3
Loss = 6.2472e-01, PNorm = 47.0159, GNorm = 0.6292, lr_0 = 9.6310e-04
Loss = 6.2626e-01, PNorm = 47.0598, GNorm = 1.0654, lr_0 = 9.5186e-04
Validation auc = 0.765154
Epoch 4
Loss = 5.8153e-01, PNorm = 47.1063, GNorm = 0.5797, lr_0 = 9.4074e-04
Loss = 5.8881e-01, PNorm = 47.1572, GNorm = 1.0291, lr_0 = 9.2975e-04
Validation auc = 0.760889
Epoch 5
Loss = 6.0595e-01, PNorm = 47.2021, GNorm = 0.6917, lr_0 = 9.1889e-04
Loss = 5.8580e-01, PNorm = 47.2582, GNorm = 0.6156, lr_0 = 9.0816e-04
Validation auc = 0.771550
Epoch 6
Loss = 6.3181e-01, PNorm = 47.3187, GNorm = 1.5833, lr_0 = 8.9650e-04
Loss = 6.2197e-01, PNorm = 47.3694, GNorm = 0.6595, lr_0 = 8.8603e-04
Validation auc = 0.779775
Epoch 7
Loss = 5.6812e-01, PNorm = 47.4327, GNorm = 0.6818, lr_0 = 8.7568e-04
Loss = 6.0997e-01, PNorm = 47.4919, GNorm = 1.3880, lr_0 = 8.6546e-04
Validation auc = 0.773683
Epoch 8
Loss = 5.6627e-01, PNorm = 47.5363, GNorm = 0.7002, lr_0 = 8.5535e-04
Loss = 6.0098e-01, PNorm = 47.5940, GNorm = 0.6582, lr_0 = 8.4536e-04
Validation auc = 0.770332
Epoch 9
Loss = 6.2521e-01, PNorm = 47.6606, GNorm = 0.6532, lr_0 = 8.3549e-04
Loss = 5.8035e-01, PNorm = 47.7243, GNorm = 0.6505, lr_0 = 8.2573e-04
Validation auc = 0.752970
Epoch 10
Loss = 5.7289e-01, PNorm = 47.7955, GNorm = 0.7384, lr_0 = 8.1608e-04
Loss = 5.7846e-01, PNorm = 47.8760, GNorm = 0.8996, lr_0 = 8.0655e-04
Validation auc = 0.771855
Epoch 11
Loss = 6.3862e-01, PNorm = 47.9418, GNorm = 0.8224, lr_0 = 7.9713e-04
Loss = 5.4699e-01, PNorm = 48.0211, GNorm = 0.8136, lr_0 = 7.8782e-04
Validation auc = 0.774292
Epoch 12
Loss = 5.3391e-01, PNorm = 48.1180, GNorm = 0.6399, lr_0 = 7.7771e-04
Loss = 5.6321e-01, PNorm = 48.1832, GNorm = 0.5888, lr_0 = 7.6862e-04
Loss = 5.8225e-01, PNorm = 48.2495, GNorm = 0.8464, lr_0 = 7.5965e-04
Validation auc = 0.792872
Epoch 13
Loss = 5.7244e-01, PNorm = 48.3368, GNorm = 0.5380, lr_0 = 7.5078e-04
Loss = 5.7058e-01, PNorm = 48.4248, GNorm = 0.5681, lr_0 = 7.4201e-04
Validation auc = 0.753274
Epoch 14
Loss = 5.9855e-01, PNorm = 48.5105, GNorm = 0.7017, lr_0 = 7.3334e-04
Loss = 5.5963e-01, PNorm = 48.5768, GNorm = 1.0055, lr_0 = 7.2478e-04
Validation auc = 0.781602
Epoch 15
Loss = 5.4177e-01, PNorm = 48.6712, GNorm = 0.7111, lr_0 = 7.1631e-04
Loss = 5.3000e-01, PNorm = 48.7668, GNorm = 0.5742, lr_0 = 7.0795e-04
Validation auc = 0.774292
Epoch 16
Loss = 5.3488e-01, PNorm = 48.8399, GNorm = 0.6153, lr_0 = 6.9968e-04
Loss = 5.1188e-01, PNorm = 48.9388, GNorm = 0.7148, lr_0 = 6.9151e-04
Validation auc = 0.772769
Epoch 17
Loss = 5.0623e-01, PNorm = 49.0384, GNorm = 0.5952, lr_0 = 6.8263e-04
Loss = 5.5178e-01, PNorm = 49.1260, GNorm = 1.1446, lr_0 = 6.7465e-04
Validation auc = 0.782516
Epoch 18
Loss = 5.2897e-01, PNorm = 49.2197, GNorm = 0.9188, lr_0 = 6.6678e-04
Loss = 5.1792e-01, PNorm = 49.3209, GNorm = 0.7033, lr_0 = 6.5899e-04
Validation auc = 0.786780
Epoch 19
Loss = 4.8759e-01, PNorm = 49.4118, GNorm = 1.0375, lr_0 = 6.5129e-04
Loss = 5.3394e-01, PNorm = 49.5103, GNorm = 1.1368, lr_0 = 6.4369e-04
Validation auc = 0.768504
Epoch 20
Loss = 5.1708e-01, PNorm = 49.6053, GNorm = 0.6446, lr_0 = 6.3617e-04
Loss = 5.2140e-01, PNorm = 49.6952, GNorm = 1.2503, lr_0 = 6.2874e-04
Validation auc = 0.792568
Epoch 21
Loss = 4.9770e-01, PNorm = 49.7785, GNorm = 0.7415, lr_0 = 6.2139e-04
Loss = 4.9149e-01, PNorm = 49.8688, GNorm = 0.5489, lr_0 = 6.1414e-04
Validation auc = 0.790740
Epoch 22
Loss = 5.1299e-01, PNorm = 49.9529, GNorm = 1.1282, lr_0 = 6.0696e-04
Loss = 4.8403e-01, PNorm = 50.0562, GNorm = 0.6455, lr_0 = 5.9988e-04
Validation auc = 0.782211
Epoch 23
Loss = 4.3154e-01, PNorm = 50.1417, GNorm = 0.5829, lr_0 = 5.9217e-04
Loss = 4.8673e-01, PNorm = 50.2393, GNorm = 0.8098, lr_0 = 5.8526e-04
Validation auc = 0.764849
Epoch 24
Loss = 4.8249e-01, PNorm = 50.3419, GNorm = 0.8709, lr_0 = 5.7842e-04
Loss = 4.7683e-01, PNorm = 50.4401, GNorm = 1.1276, lr_0 = 5.7167e-04
Loss = 5.0977e-01, PNorm = 50.5268, GNorm = 0.6794, lr_0 = 5.6499e-04
Validation auc = 0.772464
Epoch 25
Loss = 5.1130e-01, PNorm = 50.6188, GNorm = 0.6246, lr_0 = 5.5839e-04
Loss = 4.8412e-01, PNorm = 50.7117, GNorm = 0.5966, lr_0 = 5.5187e-04
Validation auc = 0.769418
Epoch 26
Loss = 4.7336e-01, PNorm = 50.8019, GNorm = 0.8971, lr_0 = 5.4542e-04
Loss = 4.7307e-01, PNorm = 50.9050, GNorm = 0.7483, lr_0 = 5.3905e-04
Validation auc = 0.773987
Epoch 27
Loss = 4.8117e-01, PNorm = 50.9988, GNorm = 1.1787, lr_0 = 5.3276e-04
Loss = 4.6716e-01, PNorm = 51.0851, GNorm = 0.7726, lr_0 = 5.2654e-04
Validation auc = 0.771550
Epoch 28
Loss = 4.3361e-01, PNorm = 51.1861, GNorm = 0.8307, lr_0 = 5.1978e-04
Loss = 4.8505e-01, PNorm = 51.2641, GNorm = 1.3293, lr_0 = 5.1371e-04
Validation auc = 0.806884
Epoch 29
Loss = 4.6329e-01, PNorm = 51.3404, GNorm = 0.7020, lr_0 = 5.0771e-04
Loss = 4.9164e-01, PNorm = 51.4233, GNorm = 0.6877, lr_0 = 5.0178e-04
Validation auc = 0.784039
Epoch 30
Loss = 4.4392e-01, PNorm = 51.5121, GNorm = 1.0993, lr_0 = 4.9592e-04
Loss = 4.6956e-01, PNorm = 51.5839, GNorm = 0.8273, lr_0 = 4.9012e-04
Validation auc = 0.794700
Epoch 31
Loss = 4.4171e-01, PNorm = 51.6650, GNorm = 0.7393, lr_0 = 4.8440e-04
Loss = 4.5640e-01, PNorm = 51.7522, GNorm = 0.9609, lr_0 = 4.7874e-04
Validation auc = 0.795918
Epoch 32
Loss = 4.4184e-01, PNorm = 51.8339, GNorm = 1.1866, lr_0 = 4.7315e-04
Loss = 4.5915e-01, PNorm = 51.9124, GNorm = 1.3584, lr_0 = 4.6763e-04
Validation auc = 0.796528
Epoch 33
Loss = 4.1865e-01, PNorm = 51.9755, GNorm = 0.6605, lr_0 = 4.6216e-04
Loss = 4.7923e-01, PNorm = 52.0600, GNorm = 0.8167, lr_0 = 4.5677e-04
Validation auc = 0.805666
Epoch 34
Loss = 4.5315e-01, PNorm = 52.1447, GNorm = 0.7242, lr_0 = 4.5090e-04
Loss = 3.9015e-01, PNorm = 52.2183, GNorm = 0.5252, lr_0 = 4.4564e-04
Validation auc = 0.782516
Epoch 35
Loss = 3.9101e-01, PNorm = 52.2805, GNorm = 0.8702, lr_0 = 4.4043e-04
Loss = 4.1870e-01, PNorm = 52.3504, GNorm = 0.8478, lr_0 = 4.3529e-04
Validation auc = 0.800183
Epoch 36
Loss = 5.2220e-01, PNorm = 52.4150, GNorm = 0.9997, lr_0 = 4.3020e-04
Loss = 4.3630e-01, PNorm = 52.4843, GNorm = 1.1731, lr_0 = 4.2518e-04
Loss = 4.1533e-01, PNorm = 52.5544, GNorm = 0.8842, lr_0 = 4.2021e-04
Validation auc = 0.783734
Epoch 37
Loss = 4.3713e-01, PNorm = 52.6193, GNorm = 1.1132, lr_0 = 4.1531e-04
Loss = 4.0616e-01, PNorm = 52.6826, GNorm = 0.7720, lr_0 = 4.1045e-04
Validation auc = 0.786780
Epoch 38
Loss = 4.3201e-01, PNorm = 52.7541, GNorm = 0.7604, lr_0 = 4.0566e-04
Loss = 4.1646e-01, PNorm = 52.8238, GNorm = 0.9949, lr_0 = 4.0092e-04
Validation auc = 0.787085
Epoch 39
Loss = 4.3232e-01, PNorm = 52.8949, GNorm = 0.9320, lr_0 = 3.9578e-04
Loss = 3.7731e-01, PNorm = 52.9643, GNorm = 0.8863, lr_0 = 3.9115e-04
Validation auc = 0.791654
Epoch 40
Loss = 3.9632e-01, PNorm = 53.0234, GNorm = 0.6824, lr_0 = 3.8658e-04
Loss = 4.1775e-01, PNorm = 53.0744, GNorm = 0.8026, lr_0 = 3.8207e-04
Validation auc = 0.794395
Epoch 41
Loss = 3.7706e-01, PNorm = 53.1439, GNorm = 0.9041, lr_0 = 3.7761e-04
Loss = 4.3173e-01, PNorm = 53.2048, GNorm = 0.9129, lr_0 = 3.7320e-04
Validation auc = 0.781298
Epoch 42
Loss = 3.7606e-01, PNorm = 53.2659, GNorm = 1.0475, lr_0 = 3.6884e-04
Loss = 3.7774e-01, PNorm = 53.3282, GNorm = 0.6936, lr_0 = 3.6453e-04
Validation auc = 0.816631
Epoch 43
Loss = 3.7913e-01, PNorm = 53.3927, GNorm = 1.0272, lr_0 = 3.6027e-04
Loss = 4.0036e-01, PNorm = 53.4660, GNorm = 1.2344, lr_0 = 3.5607e-04
Validation auc = 0.751447
Epoch 44
Loss = 4.6289e-01, PNorm = 53.5246, GNorm = 0.9748, lr_0 = 3.5191e-04
Loss = 3.7787e-01, PNorm = 53.5744, GNorm = 0.9364, lr_0 = 3.4780e-04
Validation auc = 0.798051
Epoch 45
Loss = 3.9228e-01, PNorm = 53.6348, GNorm = 0.7367, lr_0 = 3.4333e-04
Loss = 3.8251e-01, PNorm = 53.6877, GNorm = 1.0371, lr_0 = 3.3932e-04
Validation auc = 0.816631
Epoch 46
Loss = 4.4089e-01, PNorm = 53.7401, GNorm = 0.9634, lr_0 = 3.3536e-04
Loss = 3.6992e-01, PNorm = 53.7938, GNorm = 0.7472, lr_0 = 3.3144e-04
Validation auc = 0.777947
Epoch 47
Loss = 3.8591e-01, PNorm = 53.8441, GNorm = 1.0493, lr_0 = 3.2757e-04
Loss = 3.6755e-01, PNorm = 53.8997, GNorm = 0.7707, lr_0 = 3.2375e-04
Validation auc = 0.801401
Epoch 48
Loss = 3.1253e-01, PNorm = 53.9485, GNorm = 0.7402, lr_0 = 3.1996e-04
Loss = 3.8140e-01, PNorm = 54.0030, GNorm = 1.5615, lr_0 = 3.1623e-04
Loss = 3.5533e-01, PNorm = 54.0564, GNorm = 0.9325, lr_0 = 3.1253e-04
Validation auc = 0.788608
Epoch 49
Loss = 3.4410e-01, PNorm = 54.1097, GNorm = 1.0802, lr_0 = 3.0888e-04
Loss = 3.4711e-01, PNorm = 54.1609, GNorm = 0.8471, lr_0 = 3.0528e-04
Validation auc = 0.787390
Epoch 50
Loss = 3.4557e-01, PNorm = 54.2128, GNorm = 1.0672, lr_0 = 3.0171e-04
Loss = 3.7862e-01, PNorm = 54.2657, GNorm = 1.2056, lr_0 = 2.9819e-04
Validation auc = 0.786171
Epoch 51
Loss = 3.7631e-01, PNorm = 54.3263, GNorm = 1.5164, lr_0 = 2.9436e-04
Loss = 3.5883e-01, PNorm = 54.3750, GNorm = 1.0030, lr_0 = 2.9092e-04
Validation auc = 0.793177
Epoch 52
Loss = 3.2866e-01, PNorm = 54.4231, GNorm = 1.0960, lr_0 = 2.8752e-04
Loss = 3.5458e-01, PNorm = 54.4778, GNorm = 1.0572, lr_0 = 2.8417e-04
Validation auc = 0.782516
Epoch 53
Loss = 3.6542e-01, PNorm = 54.5200, GNorm = 0.8697, lr_0 = 2.8085e-04
Loss = 3.5980e-01, PNorm = 54.5583, GNorm = 0.8247, lr_0 = 2.7757e-04
Validation auc = 0.797137
Epoch 54
Loss = 3.4713e-01, PNorm = 54.6062, GNorm = 0.8683, lr_0 = 2.7432e-04
Loss = 3.3585e-01, PNorm = 54.6514, GNorm = 1.0002, lr_0 = 2.7112e-04
Validation auc = 0.784039
Epoch 55
Loss = 3.6269e-01, PNorm = 54.6918, GNorm = 1.9225, lr_0 = 2.6795e-04
Loss = 3.6249e-01, PNorm = 54.7223, GNorm = 1.4745, lr_0 = 2.6483e-04
Validation auc = 0.811148
Epoch 56
Loss = 3.5934e-01, PNorm = 54.7676, GNorm = 0.9412, lr_0 = 2.6142e-04
Loss = 3.2123e-01, PNorm = 54.8124, GNorm = 0.8891, lr_0 = 2.5837e-04
Validation auc = 0.786171
Epoch 57
Loss = 3.0088e-01, PNorm = 54.8554, GNorm = 1.0447, lr_0 = 2.5535e-04
Loss = 3.2255e-01, PNorm = 54.8976, GNorm = 1.0284, lr_0 = 2.5237e-04
Validation auc = 0.802315
Epoch 58
Loss = 3.4865e-01, PNorm = 54.9332, GNorm = 1.1557, lr_0 = 2.4942e-04
Loss = 3.4661e-01, PNorm = 54.9708, GNorm = 0.8941, lr_0 = 2.4651e-04
Validation auc = 0.795309
Epoch 59
Loss = 2.8897e-01, PNorm = 55.0133, GNorm = 0.7234, lr_0 = 2.4363e-04
Loss = 3.4883e-01, PNorm = 55.0499, GNorm = 0.9438, lr_0 = 2.4079e-04
Validation auc = 0.804447
Epoch 60
Loss = 2.6526e-01, PNorm = 55.0892, GNorm = 1.0912, lr_0 = 2.3797e-04
Loss = 3.1105e-01, PNorm = 55.1281, GNorm = 0.9923, lr_0 = 2.3520e-04
Loss = 3.5748e-01, PNorm = 55.1626, GNorm = 1.2281, lr_0 = 2.3245e-04
Validation auc = 0.802315
Epoch 61
Loss = 3.2335e-01, PNorm = 55.2011, GNorm = 1.0115, lr_0 = 2.2973e-04
Loss = 3.3605e-01, PNorm = 55.2388, GNorm = 1.5882, lr_0 = 2.2705e-04
Loss = 3.5056e-01, PNorm = 55.2428, GNorm = 1.7747, lr_0 = 2.2678e-04
Validation auc = 0.794395
Epoch 62
Loss = 3.0209e-01, PNorm = 55.2746, GNorm = 0.7809, lr_0 = 2.2414e-04
Loss = 3.6335e-01, PNorm = 55.3110, GNorm = 1.0982, lr_0 = 2.2152e-04
Validation auc = 0.805056
Epoch 63
Loss = 3.3090e-01, PNorm = 55.3416, GNorm = 1.5594, lr_0 = 2.1893e-04
Loss = 3.1630e-01, PNorm = 55.3759, GNorm = 0.5681, lr_0 = 2.1637e-04
Validation auc = 0.799574
Epoch 64
Loss = 3.2084e-01, PNorm = 55.4098, GNorm = 1.0344, lr_0 = 2.1385e-04
Loss = 2.9803e-01, PNorm = 55.4411, GNorm = 0.7964, lr_0 = 2.1135e-04
Validation auc = 0.786171
Epoch 65
Loss = 3.1452e-01, PNorm = 55.4681, GNorm = 0.8906, lr_0 = 2.0888e-04
Loss = 2.8627e-01, PNorm = 55.4982, GNorm = 1.0554, lr_0 = 2.0644e-04
Validation auc = 0.794700
Epoch 66
Loss = 2.8425e-01, PNorm = 55.5290, GNorm = 1.1468, lr_0 = 2.0403e-04
Loss = 3.1654e-01, PNorm = 55.5573, GNorm = 1.0190, lr_0 = 2.0165e-04
Validation auc = 0.796528
Epoch 67
Loss = 3.0007e-01, PNorm = 55.5891, GNorm = 0.7454, lr_0 = 1.9906e-04
Loss = 2.6922e-01, PNorm = 55.6228, GNorm = 0.8321, lr_0 = 1.9673e-04
Validation auc = 0.791959
Epoch 68
Loss = 2.8476e-01, PNorm = 55.6517, GNorm = 1.2297, lr_0 = 1.9444e-04
Loss = 3.1392e-01, PNorm = 55.6799, GNorm = 1.1111, lr_0 = 1.9216e-04
Validation auc = 0.792872
Epoch 69
Loss = 3.1909e-01, PNorm = 55.7123, GNorm = 1.2336, lr_0 = 1.8992e-04
Loss = 2.8888e-01, PNorm = 55.7452, GNorm = 1.5950, lr_0 = 1.8770e-04
Validation auc = 0.785562
Epoch 70
Loss = 2.6237e-01, PNorm = 55.7739, GNorm = 1.2210, lr_0 = 1.8551e-04
Loss = 2.8475e-01, PNorm = 55.8058, GNorm = 0.9401, lr_0 = 1.8334e-04
Validation auc = 0.786171
Epoch 71
Loss = 2.5310e-01, PNorm = 55.8323, GNorm = 1.7113, lr_0 = 1.8120e-04
Loss = 3.0995e-01, PNorm = 55.8626, GNorm = 0.8400, lr_0 = 1.7909e-04
Validation auc = 0.786780
Epoch 72
Loss = 2.7676e-01, PNorm = 55.8897, GNorm = 0.8770, lr_0 = 1.7699e-04
Loss = 2.8697e-01, PNorm = 55.9159, GNorm = 0.9701, lr_0 = 1.7493e-04
Validation auc = 0.793786
Epoch 73
Loss = 1.8304e-01, PNorm = 55.9447, GNorm = 1.0478, lr_0 = 1.7268e-04
Loss = 2.7548e-01, PNorm = 55.9719, GNorm = 1.3126, lr_0 = 1.7066e-04
Loss = 3.1578e-01, PNorm = 55.9927, GNorm = 1.1686, lr_0 = 1.6867e-04
Validation auc = 0.785257
Epoch 74
Loss = 2.8089e-01, PNorm = 56.0162, GNorm = 1.0559, lr_0 = 1.6670e-04
Loss = 3.0094e-01, PNorm = 56.0376, GNorm = 0.7353, lr_0 = 1.6475e-04
Validation auc = 0.803533
Epoch 75
Loss = 2.8684e-01, PNorm = 56.0643, GNorm = 0.9401, lr_0 = 1.6283e-04
Loss = 2.6363e-01, PNorm = 56.0880, GNorm = 0.8198, lr_0 = 1.6093e-04
Validation auc = 0.798660
Epoch 76
Loss = 2.6255e-01, PNorm = 56.1133, GNorm = 1.8170, lr_0 = 1.5905e-04
Loss = 2.8332e-01, PNorm = 56.1360, GNorm = 1.4736, lr_0 = 1.5719e-04
Validation auc = 0.794700
Epoch 77
Loss = 2.6057e-01, PNorm = 56.1618, GNorm = 1.3366, lr_0 = 1.5536e-04
Loss = 2.5373e-01, PNorm = 56.1847, GNorm = 1.2523, lr_0 = 1.5354e-04
Validation auc = 0.795918
Epoch 78
Loss = 2.4240e-01, PNorm = 56.2079, GNorm = 1.0878, lr_0 = 1.5157e-04
Loss = 2.8295e-01, PNorm = 56.2311, GNorm = 1.0812, lr_0 = 1.4980e-04
Validation auc = 0.783430
Epoch 79
Loss = 2.3681e-01, PNorm = 56.2519, GNorm = 0.8991, lr_0 = 1.4805e-04
Loss = 2.9145e-01, PNorm = 56.2740, GNorm = 1.1941, lr_0 = 1.4632e-04
Validation auc = 0.801706
Epoch 80
Loss = 2.5314e-01, PNorm = 56.2983, GNorm = 0.9716, lr_0 = 1.4461e-04
Loss = 2.8925e-01, PNorm = 56.3233, GNorm = 2.5294, lr_0 = 1.4292e-04
Validation auc = 0.791654
Epoch 81
Loss = 2.9843e-01, PNorm = 56.3438, GNorm = 1.2367, lr_0 = 1.4125e-04
Loss = 2.5276e-01, PNorm = 56.3642, GNorm = 0.7581, lr_0 = 1.3960e-04
Validation auc = 0.788913
Epoch 82
Loss = 2.3358e-01, PNorm = 56.3806, GNorm = 0.9015, lr_0 = 1.3797e-04
Loss = 2.8180e-01, PNorm = 56.3984, GNorm = 0.9715, lr_0 = 1.3636e-04
Validation auc = 0.805666
Epoch 83
Loss = 3.7116e-01, PNorm = 56.4169, GNorm = 2.2956, lr_0 = 1.3477e-04
Loss = 2.4625e-01, PNorm = 56.4355, GNorm = 1.4783, lr_0 = 1.3320e-04
Validation auc = 0.796832
Epoch 84
Loss = 2.1129e-01, PNorm = 56.4535, GNorm = 1.2482, lr_0 = 1.3149e-04
Loss = 2.4057e-01, PNorm = 56.4703, GNorm = 1.0486, lr_0 = 1.2995e-04
Validation auc = 0.796528
Epoch 85
Loss = 1.9545e-01, PNorm = 56.4889, GNorm = 0.8051, lr_0 = 1.2843e-04
Loss = 2.3090e-01, PNorm = 56.5049, GNorm = 1.1960, lr_0 = 1.2693e-04
Loss = 2.8112e-01, PNorm = 56.5213, GNorm = 1.2493, lr_0 = 1.2545e-04
Validation auc = 0.795309
Epoch 86
Loss = 2.6618e-01, PNorm = 56.5367, GNorm = 1.4637, lr_0 = 1.2398e-04
Loss = 2.7676e-01, PNorm = 56.5548, GNorm = 0.8625, lr_0 = 1.2254e-04
Validation auc = 0.792568
Epoch 87
Loss = 2.7835e-01, PNorm = 56.5741, GNorm = 1.6114, lr_0 = 1.2111e-04
Loss = 2.3339e-01, PNorm = 56.5923, GNorm = 1.2589, lr_0 = 1.1969e-04
Validation auc = 0.787999
Epoch 88
Loss = 2.6606e-01, PNorm = 56.6083, GNorm = 0.9042, lr_0 = 1.1829e-04
Loss = 2.5188e-01, PNorm = 56.6244, GNorm = 0.9261, lr_0 = 1.1691e-04
Validation auc = 0.795918
Epoch 89
Loss = 2.4576e-01, PNorm = 56.6408, GNorm = 0.9575, lr_0 = 1.1541e-04
Loss = 2.6755e-01, PNorm = 56.6564, GNorm = 1.6446, lr_0 = 1.1406e-04
Validation auc = 0.797746
Epoch 90
Loss = 2.2682e-01, PNorm = 56.6716, GNorm = 0.7893, lr_0 = 1.1273e-04
Loss = 2.5414e-01, PNorm = 56.6891, GNorm = 1.3005, lr_0 = 1.1141e-04
Validation auc = 0.783125
Epoch 91
Loss = 2.8128e-01, PNorm = 56.7033, GNorm = 0.8241, lr_0 = 1.1011e-04
Loss = 2.5271e-01, PNorm = 56.7173, GNorm = 2.1153, lr_0 = 1.0883e-04
Validation auc = 0.784344
Epoch 92
Loss = 2.5350e-01, PNorm = 56.7309, GNorm = 1.2393, lr_0 = 1.0756e-04
Loss = 2.3962e-01, PNorm = 56.7451, GNorm = 1.1098, lr_0 = 1.0630e-04
Validation auc = 0.781602
Epoch 93
Loss = 2.3941e-01, PNorm = 56.7586, GNorm = 1.4651, lr_0 = 1.0506e-04
Loss = 2.5256e-01, PNorm = 56.7718, GNorm = 1.1785, lr_0 = 1.0383e-04
Validation auc = 0.780688
Epoch 94
Loss = 3.1711e-01, PNorm = 56.7857, GNorm = 1.5022, lr_0 = 1.0262e-04
Loss = 2.3934e-01, PNorm = 56.7986, GNorm = 1.0157, lr_0 = 1.0142e-04
Validation auc = 0.781907
Epoch 95
Loss = 2.0509e-01, PNorm = 56.8109, GNorm = 0.9483, lr_0 = 1.0012e-04
Loss = 2.3861e-01, PNorm = 56.8228, GNorm = 1.4173, lr_0 = 1.0000e-04
Validation auc = 0.789522
Epoch 96
Loss = 2.1270e-01, PNorm = 56.8346, GNorm = 1.3740, lr_0 = 1.0000e-04
Loss = 2.3050e-01, PNorm = 56.8498, GNorm = 1.5273, lr_0 = 1.0000e-04
Validation auc = 0.778861
Epoch 97
Loss = 2.1470e-01, PNorm = 56.8633, GNorm = 1.4659, lr_0 = 1.0000e-04
Loss = 2.5019e-01, PNorm = 56.8764, GNorm = 1.2420, lr_0 = 1.0000e-04
Loss = 2.5023e-01, PNorm = 56.8870, GNorm = 2.3433, lr_0 = 1.0000e-04
Validation auc = 0.784344
Epoch 98
Loss = 2.6134e-01, PNorm = 56.9008, GNorm = 1.0510, lr_0 = 1.0000e-04
Loss = 2.7527e-01, PNorm = 56.9103, GNorm = 1.3988, lr_0 = 1.0000e-04
Validation auc = 0.786171
Epoch 99
Loss = 2.4685e-01, PNorm = 56.9241, GNorm = 1.0905, lr_0 = 1.0000e-04
Loss = 2.5855e-01, PNorm = 56.9366, GNorm = 1.0525, lr_0 = 1.0000e-04
Validation auc = 0.788913
Model 0 best validation auc = 0.816631 on epoch 42
Loading pretrained parameter "encoder.encoder.0.cached_zero_vector".
Loading pretrained parameter "encoder.encoder.0.W_i.weight".
Loading pretrained parameter "encoder.encoder.0.W_h.weight".
Loading pretrained parameter "encoder.encoder.0.W_o.weight".
Loading pretrained parameter "encoder.encoder.0.W_o.bias".
Loading pretrained parameter "ffn.1.weight".
Loading pretrained parameter "ffn.1.bias".
Loading pretrained parameter "ffn.4.weight".
Loading pretrained parameter "ffn.4.bias".
Moving model to cuda
Model 0 test auc = 0.799110
Ensemble test auc = 0.799110
1-fold cross validation
	Seed 0 ==> test auc = 0.799110
Overall test auc = 0.799110 +/- 0.000000
Elapsed time = 0:02:17
