Command line
python /home/jxy/anaconda3/envs/chemprop_1119/bin/chemprop_train --data_path data/alldata_chemprop_random_nocanonical.csv --dataset_type classification --save_dir checkpoints_2 --config_path hyper_config
Args
{'activation': 'ReLU',
 'aggregation': 'mean',
 'aggregation_norm': 100,
 'alternative_loss_function': None,
 'atom_descriptor_scaling': True,
 'atom_descriptors': None,
 'atom_descriptors_path': None,
 'atom_descriptors_size': 0,
 'atom_features_size': 0,
 'atom_messages': False,
 'batch_size': 50,
 'bias': False,
 'bond_feature_scaling': True,
 'bond_features_path': None,
 'bond_features_size': 0,
 'cache_cutoff': 10000,
 'checkpoint_dir': None,
 'checkpoint_frzn': None,
 'checkpoint_path': None,
 'checkpoint_paths': None,
 'class_balance': False,
 'config_path': 'hyper_config',
 'crossval_index_dir': None,
 'crossval_index_file': None,
 'crossval_index_sets': None,
 'cuda': True,
 'data_path': 'data/alldata_chemprop_random_nocanonical.csv',
 'data_weights_path': None,
 'dataset_type': 'classification',
 'depth': 5,
 'device': device(type='cuda'),
 'dropout': 0.2,
 'empty_cache': False,
 'ensemble_size': 1,
 'epochs': 30,
 'explicit_h': False,
 'extra_metrics': [],
 'features_generator': None,
 'features_only': False,
 'features_path': None,
 'features_scaling': True,
 'features_size': None,
 'ffn_hidden_size': 64,
 'ffn_num_layers': 2,
 'final_lr': 0.0001,
 'folds_file': None,
 'freeze_first_only': False,
 'frzn_ffn_layers': 0,
 'gpu': None,
 'grad_clip': None,
 'hidden_size': 64,
 'ignore_columns': None,
 'init_lr': 0.0001,
 'log_frequency': 10,
 'max_data_size': None,
 'max_lr': 0.001,
 'metric': 'auc',
 'metrics': ['auc'],
 'minimize_score': False,
 'mpn_shared': False,
 'multiclass_num_classes': 3,
 'no_atom_descriptor_scaling': False,
 'no_bond_features_scaling': False,
 'no_cache_mol': False,
 'no_cuda': False,
 'no_features_scaling': False,
 'num_folds': 1,
 'num_lrs': 1,
 'num_tasks': 1,
 'num_workers': 8,
 'number_of_molecules': 1,
 'overwrite_default_atom_features': False,
 'overwrite_default_bond_features': False,
 'phase_features_path': None,
 'pytorch_seed': 0,
 'quiet': False,
 'reaction': False,
 'reaction_mode': 'reac_diff',
 'resume_experiment': False,
 'save_dir': 'checkpoints_2',
 'save_preds': False,
 'save_smiles_splits': False,
 'seed': 0,
 'separate_test_atom_descriptors_path': None,
 'separate_test_bond_features_path': None,
 'separate_test_features_path': None,
 'separate_test_path': None,
 'separate_test_phase_features_path': None,
 'separate_val_atom_descriptors_path': None,
 'separate_val_bond_features_path': None,
 'separate_val_features_path': None,
 'separate_val_path': None,
 'separate_val_phase_features_path': None,
 'show_individual_scores': False,
 'smiles_columns': ['Smile'],
 'spectra_activation': 'exp',
 'spectra_phase_mask_path': None,
 'spectra_target_floor': 1e-08,
 'split_sizes': (0.8, 0.1, 0.1),
 'split_type': 'random',
 'target_columns': None,
 'target_weights': None,
 'task_names': ['Label'],
 'test': False,
 'test_fold_index': None,
 'train_data_size': None,
 'undirected': False,
 'use_input_features': False,
 'val_fold_index': None,
 'warmup_epochs': 2.0}
Setting molecule featurization parameters to default.
Loading data
Number of tasks = 1
Fold 0
Splitting data with seed 0
Class sizes
Label 0: 46.25%, 1: 53.75%
Total size = 6,506 | train size = 5,204 | val size = 651 | test size = 651
Building model 0
MoleculeModel(
  (sigmoid): Sigmoid()
  (encoder): MPN(
    (encoder): ModuleList(
      (0): MPNEncoder(
        (dropout_layer): Dropout(p=0.2, inplace=False)
        (act_func): ReLU()
        (W_i): Linear(in_features=147, out_features=64, bias=False)
        (W_h): Linear(in_features=64, out_features=64, bias=False)
        (W_o): Linear(in_features=197, out_features=64, bias=True)
      )
    )
  )
  (ffn): Sequential(
    (0): Dropout(p=0.2, inplace=False)
    (1): Linear(in_features=64, out_features=64, bias=True)
    (2): ReLU()
    (3): Dropout(p=0.2, inplace=False)
    (4): Linear(in_features=64, out_features=1, bias=True)
  )
)
Number of parameters = 30,465
Moving model to cuda
Epoch 0
Loss = 7.1097e-01, PNorm = 17.6394, GNorm = 0.8818, lr_0 = 1.4760e-04
Loss = 6.9088e-01, PNorm = 17.6390, GNorm = 0.5671, lr_0 = 1.9087e-04
Loss = 6.8024e-01, PNorm = 17.6387, GNorm = 0.4793, lr_0 = 2.3413e-04
Loss = 6.7204e-01, PNorm = 17.6389, GNorm = 0.6420, lr_0 = 2.7740e-04
Loss = 6.6466e-01, PNorm = 17.6398, GNorm = 0.7412, lr_0 = 3.2067e-04
Loss = 6.6781e-01, PNorm = 17.6409, GNorm = 0.7940, lr_0 = 3.6394e-04
Loss = 6.5277e-01, PNorm = 17.6424, GNorm = 0.4663, lr_0 = 4.0721e-04
Loss = 6.6216e-01, PNorm = 17.6453, GNorm = 0.3481, lr_0 = 4.5048e-04
Loss = 6.4066e-01, PNorm = 17.6485, GNorm = 1.2288, lr_0 = 4.9375e-04
Loss = 6.5732e-01, PNorm = 17.6520, GNorm = 0.5246, lr_0 = 5.3702e-04
Validation auc = 0.685041
Epoch 1
Loss = 6.2737e-01, PNorm = 17.6550, GNorm = 0.3726, lr_0 = 5.8462e-04
Loss = 6.4277e-01, PNorm = 17.6602, GNorm = 1.4165, lr_0 = 6.2788e-04
Loss = 6.4725e-01, PNorm = 17.6668, GNorm = 0.6917, lr_0 = 6.7115e-04
Loss = 6.3762e-01, PNorm = 17.6757, GNorm = 0.4302, lr_0 = 7.1442e-04
Loss = 6.2543e-01, PNorm = 17.6874, GNorm = 0.5665, lr_0 = 7.5769e-04
Loss = 6.1388e-01, PNorm = 17.7030, GNorm = 0.5208, lr_0 = 8.0096e-04
Loss = 6.4060e-01, PNorm = 17.7132, GNorm = 0.7628, lr_0 = 8.4423e-04
Loss = 6.3878e-01, PNorm = 17.7196, GNorm = 1.4600, lr_0 = 8.8750e-04
Loss = 6.0715e-01, PNorm = 17.7362, GNorm = 0.4631, lr_0 = 9.3077e-04
Loss = 6.0727e-01, PNorm = 17.7548, GNorm = 0.6825, lr_0 = 9.7404e-04
Validation auc = 0.734165
Epoch 2
Loss = 5.6091e-01, PNorm = 17.7734, GNorm = 1.2434, lr_0 = 9.9605e-04
Loss = 6.0983e-01, PNorm = 17.7906, GNorm = 0.4397, lr_0 = 9.8821e-04
Loss = 5.8975e-01, PNorm = 17.8129, GNorm = 0.9620, lr_0 = 9.8043e-04
Loss = 5.9768e-01, PNorm = 17.8330, GNorm = 0.9491, lr_0 = 9.7270e-04
Loss = 5.9840e-01, PNorm = 17.8503, GNorm = 0.7987, lr_0 = 9.6504e-04
Loss = 5.8572e-01, PNorm = 17.8699, GNorm = 0.8598, lr_0 = 9.5744e-04
Loss = 6.0527e-01, PNorm = 17.8829, GNorm = 0.5919, lr_0 = 9.4990e-04
Loss = 6.0811e-01, PNorm = 17.9057, GNorm = 1.7628, lr_0 = 9.4242e-04
Loss = 5.7841e-01, PNorm = 17.9250, GNorm = 0.6166, lr_0 = 9.3500e-04
Loss = 5.9981e-01, PNorm = 17.9375, GNorm = 0.5286, lr_0 = 9.2763e-04
Loss = 6.1218e-01, PNorm = 17.9602, GNorm = 1.2857, lr_0 = 9.2033e-04
Validation auc = 0.794611
Epoch 3
Loss = 5.9264e-01, PNorm = 17.9841, GNorm = 1.1095, lr_0 = 9.1236e-04
Loss = 5.9959e-01, PNorm = 18.0037, GNorm = 1.3930, lr_0 = 9.0517e-04
Loss = 5.7520e-01, PNorm = 18.0211, GNorm = 1.0663, lr_0 = 8.9804e-04
Loss = 5.6565e-01, PNorm = 18.0383, GNorm = 0.8743, lr_0 = 8.9097e-04
Loss = 5.7255e-01, PNorm = 18.0489, GNorm = 2.5935, lr_0 = 8.8395e-04
Loss = 6.0599e-01, PNorm = 18.0574, GNorm = 1.3854, lr_0 = 8.7699e-04
Loss = 5.4685e-01, PNorm = 18.0764, GNorm = 0.5060, lr_0 = 8.7008e-04
Loss = 5.5108e-01, PNorm = 18.0957, GNorm = 1.3435, lr_0 = 8.6323e-04
Loss = 5.7043e-01, PNorm = 18.1086, GNorm = 1.7411, lr_0 = 8.5643e-04
Loss = 5.5838e-01, PNorm = 18.1218, GNorm = 2.3588, lr_0 = 8.4969e-04
Validation auc = 0.802638
Epoch 4
Loss = 5.7264e-01, PNorm = 18.1352, GNorm = 0.7353, lr_0 = 8.4233e-04
Loss = 5.3024e-01, PNorm = 18.1494, GNorm = 1.4847, lr_0 = 8.3569e-04
Loss = 5.8012e-01, PNorm = 18.1638, GNorm = 1.0157, lr_0 = 8.2911e-04
Loss = 5.3653e-01, PNorm = 18.1717, GNorm = 0.6845, lr_0 = 8.2258e-04
Loss = 5.3321e-01, PNorm = 18.1865, GNorm = 0.6158, lr_0 = 8.1610e-04
Loss = 5.2472e-01, PNorm = 18.2045, GNorm = 0.6002, lr_0 = 8.0967e-04
Loss = 5.4663e-01, PNorm = 18.2163, GNorm = 1.7716, lr_0 = 8.0330e-04
Loss = 5.5605e-01, PNorm = 18.2258, GNorm = 1.4938, lr_0 = 7.9697e-04
Loss = 5.6541e-01, PNorm = 18.2357, GNorm = 0.5524, lr_0 = 7.9069e-04
Loss = 5.6258e-01, PNorm = 18.2449, GNorm = 0.6061, lr_0 = 7.8447e-04
Loss = 5.6753e-01, PNorm = 18.2590, GNorm = 1.4627, lr_0 = 7.7829e-04
Loss = 6.3955e-01, PNorm = 18.2604, GNorm = 2.7039, lr_0 = 7.7767e-04
Validation auc = 0.817282
Epoch 5
Loss = 5.2250e-01, PNorm = 18.2775, GNorm = 0.9887, lr_0 = 7.7155e-04
Loss = 5.7275e-01, PNorm = 18.2909, GNorm = 1.3127, lr_0 = 7.6547e-04
Loss = 5.6853e-01, PNorm = 18.2991, GNorm = 0.6498, lr_0 = 7.5944e-04
Loss = 5.1251e-01, PNorm = 18.3107, GNorm = 1.1351, lr_0 = 7.5346e-04
Loss = 5.3503e-01, PNorm = 18.3203, GNorm = 1.9646, lr_0 = 7.4753e-04
Loss = 5.8903e-01, PNorm = 18.3264, GNorm = 1.6614, lr_0 = 7.4164e-04
Loss = 5.2920e-01, PNorm = 18.3372, GNorm = 1.0795, lr_0 = 7.3580e-04
Loss = 5.0656e-01, PNorm = 18.3492, GNorm = 0.7957, lr_0 = 7.3000e-04
Loss = 5.2032e-01, PNorm = 18.3638, GNorm = 1.6899, lr_0 = 7.2425e-04
Loss = 5.2323e-01, PNorm = 18.3749, GNorm = 1.8718, lr_0 = 7.1855e-04
Validation auc = 0.824767
Epoch 6
Loss = 5.6734e-01, PNorm = 18.3879, GNorm = 1.1734, lr_0 = 7.1233e-04
Loss = 5.0156e-01, PNorm = 18.3963, GNorm = 2.2497, lr_0 = 7.0672e-04
Loss = 5.3165e-01, PNorm = 18.4075, GNorm = 0.9343, lr_0 = 7.0115e-04
Loss = 5.1642e-01, PNorm = 18.4188, GNorm = 3.2850, lr_0 = 6.9563e-04
Loss = 4.9407e-01, PNorm = 18.4317, GNorm = 0.9371, lr_0 = 6.9015e-04
Loss = 5.3494e-01, PNorm = 18.4431, GNorm = 2.2903, lr_0 = 6.8471e-04
Loss = 5.0718e-01, PNorm = 18.4543, GNorm = 1.7504, lr_0 = 6.7932e-04
Loss = 5.4064e-01, PNorm = 18.4601, GNorm = 2.6084, lr_0 = 6.7397e-04
Loss = 5.1358e-01, PNorm = 18.4697, GNorm = 0.9989, lr_0 = 6.6866e-04
Loss = 4.9922e-01, PNorm = 18.4811, GNorm = 1.1758, lr_0 = 6.6339e-04
Validation auc = 0.829956
Epoch 7
Loss = 4.2315e-01, PNorm = 18.4874, GNorm = 0.5228, lr_0 = 6.5765e-04
Loss = 5.2605e-01, PNorm = 18.4940, GNorm = 0.9578, lr_0 = 6.5247e-04
Loss = 5.5512e-01, PNorm = 18.4993, GNorm = 0.8211, lr_0 = 6.4733e-04
Loss = 4.9596e-01, PNorm = 18.5091, GNorm = 1.1936, lr_0 = 6.4223e-04
Loss = 4.8631e-01, PNorm = 18.5224, GNorm = 0.8908, lr_0 = 6.3717e-04
Loss = 5.2455e-01, PNorm = 18.5342, GNorm = 1.2854, lr_0 = 6.3216e-04
Loss = 5.0145e-01, PNorm = 18.5430, GNorm = 0.8532, lr_0 = 6.2718e-04
Loss = 5.2253e-01, PNorm = 18.5502, GNorm = 1.7593, lr_0 = 6.2224e-04
Loss = 5.3022e-01, PNorm = 18.5546, GNorm = 1.2798, lr_0 = 6.1734e-04
Loss = 5.6633e-01, PNorm = 18.5569, GNorm = 0.8931, lr_0 = 6.1247e-04
Loss = 4.9899e-01, PNorm = 18.5650, GNorm = 1.8021, lr_0 = 6.0765e-04
Validation auc = 0.844420
Epoch 8
Loss = 4.9727e-01, PNorm = 18.5814, GNorm = 1.1336, lr_0 = 6.0239e-04
Loss = 5.3344e-01, PNorm = 18.5912, GNorm = 0.7297, lr_0 = 5.9764e-04
Loss = 4.8107e-01, PNorm = 18.5995, GNorm = 1.1099, lr_0 = 5.9294e-04
Loss = 5.0768e-01, PNorm = 18.6067, GNorm = 1.0465, lr_0 = 5.8827e-04
Loss = 5.0514e-01, PNorm = 18.6161, GNorm = 0.9474, lr_0 = 5.8363e-04
Loss = 5.1908e-01, PNorm = 18.6219, GNorm = 0.8980, lr_0 = 5.7904e-04
Loss = 5.1144e-01, PNorm = 18.6270, GNorm = 2.2719, lr_0 = 5.7448e-04
Loss = 4.9365e-01, PNorm = 18.6375, GNorm = 1.5530, lr_0 = 5.6995e-04
Loss = 5.0048e-01, PNorm = 18.6491, GNorm = 0.8585, lr_0 = 5.6546e-04
Loss = 5.0020e-01, PNorm = 18.6585, GNorm = 0.6660, lr_0 = 5.6101e-04
Validation auc = 0.842630
Epoch 9
Loss = 5.4988e-01, PNorm = 18.6654, GNorm = 0.9778, lr_0 = 5.5615e-04
Loss = 5.0684e-01, PNorm = 18.6712, GNorm = 2.0617, lr_0 = 5.5177e-04
Loss = 5.2991e-01, PNorm = 18.6783, GNorm = 0.9615, lr_0 = 5.4742e-04
Loss = 4.8929e-01, PNorm = 18.6842, GNorm = 0.7772, lr_0 = 5.4311e-04
Loss = 4.7126e-01, PNorm = 18.6959, GNorm = 0.7462, lr_0 = 5.3884e-04
Loss = 5.2284e-01, PNorm = 18.7048, GNorm = 0.9895, lr_0 = 5.3459e-04
Loss = 4.9446e-01, PNorm = 18.7097, GNorm = 0.9822, lr_0 = 5.3038e-04
Loss = 5.1001e-01, PNorm = 18.7135, GNorm = 0.9729, lr_0 = 5.2620e-04
Loss = 5.0757e-01, PNorm = 18.7191, GNorm = 1.3669, lr_0 = 5.2206e-04
Loss = 5.3042e-01, PNorm = 18.7226, GNorm = 1.0389, lr_0 = 5.1795e-04
Loss = 4.6369e-01, PNorm = 18.7295, GNorm = 0.7327, lr_0 = 5.1387e-04
Loss = 4.4708e-01, PNorm = 18.7307, GNorm = 3.7261, lr_0 = 5.1346e-04
Validation auc = 0.838202
Epoch 10
Loss = 4.7458e-01, PNorm = 18.7431, GNorm = 1.1527, lr_0 = 5.0942e-04
Loss = 5.0703e-01, PNorm = 18.7506, GNorm = 1.5389, lr_0 = 5.0541e-04
Loss = 5.0147e-01, PNorm = 18.7556, GNorm = 1.2386, lr_0 = 5.0143e-04
Loss = 4.7575e-01, PNorm = 18.7633, GNorm = 0.8420, lr_0 = 4.9748e-04
Loss = 5.0721e-01, PNorm = 18.7681, GNorm = 1.2647, lr_0 = 4.9356e-04
Loss = 4.8922e-01, PNorm = 18.7743, GNorm = 1.4015, lr_0 = 4.8967e-04
Loss = 5.1257e-01, PNorm = 18.7782, GNorm = 1.2363, lr_0 = 4.8581e-04
Loss = 4.8689e-01, PNorm = 18.7850, GNorm = 1.1132, lr_0 = 4.8199e-04
Loss = 5.0395e-01, PNorm = 18.7912, GNorm = 1.6392, lr_0 = 4.7819e-04
Loss = 5.2751e-01, PNorm = 18.7964, GNorm = 0.6794, lr_0 = 4.7443e-04
Validation auc = 0.850105
Epoch 11
Loss = 4.8832e-01, PNorm = 18.8038, GNorm = 2.2941, lr_0 = 4.7032e-04
Loss = 5.1727e-01, PNorm = 18.8113, GNorm = 1.5293, lr_0 = 4.6661e-04
Loss = 4.9058e-01, PNorm = 18.8178, GNorm = 0.8027, lr_0 = 4.6294e-04
Loss = 4.9168e-01, PNorm = 18.8238, GNorm = 0.6362, lr_0 = 4.5929e-04
Loss = 4.4234e-01, PNorm = 18.8333, GNorm = 0.9426, lr_0 = 4.5567e-04
Loss = 4.5885e-01, PNorm = 18.8400, GNorm = 1.0827, lr_0 = 4.5208e-04
Loss = 5.0697e-01, PNorm = 18.8466, GNorm = 1.6774, lr_0 = 4.4852e-04
Loss = 4.9041e-01, PNorm = 18.8502, GNorm = 1.3062, lr_0 = 4.4499e-04
Loss = 4.8736e-01, PNorm = 18.8552, GNorm = 0.6709, lr_0 = 4.4149e-04
Loss = 5.2047e-01, PNorm = 18.8553, GNorm = 2.6201, lr_0 = 4.3801e-04
Validation auc = 0.852466
Epoch 12
Loss = 4.8777e-01, PNorm = 18.8606, GNorm = 0.6593, lr_0 = 4.3422e-04
Loss = 5.1851e-01, PNorm = 18.8678, GNorm = 1.4434, lr_0 = 4.3080e-04
Loss = 4.8481e-01, PNorm = 18.8705, GNorm = 0.8546, lr_0 = 4.2740e-04
Loss = 5.1527e-01, PNorm = 18.8741, GNorm = 1.3347, lr_0 = 4.2404e-04
Loss = 4.5027e-01, PNorm = 18.8801, GNorm = 0.8755, lr_0 = 4.2070e-04
Loss = 5.1322e-01, PNorm = 18.8844, GNorm = 1.4495, lr_0 = 4.1738e-04
Loss = 4.5886e-01, PNorm = 18.8909, GNorm = 1.2379, lr_0 = 4.1410e-04
Loss = 4.5914e-01, PNorm = 18.8969, GNorm = 1.2377, lr_0 = 4.1084e-04
Loss = 4.7390e-01, PNorm = 18.9047, GNorm = 1.2910, lr_0 = 4.0760e-04
Loss = 4.4833e-01, PNorm = 18.9096, GNorm = 0.8801, lr_0 = 4.0439e-04
Loss = 5.1124e-01, PNorm = 18.9120, GNorm = 2.3732, lr_0 = 4.0120e-04
Validation auc = 0.855418
Epoch 13
Loss = 4.4022e-01, PNorm = 18.9196, GNorm = 1.5404, lr_0 = 3.9804e-04
Loss = 5.1716e-01, PNorm = 18.9240, GNorm = 1.0569, lr_0 = 3.9491e-04
Loss = 4.9277e-01, PNorm = 18.9271, GNorm = 3.5958, lr_0 = 3.9180e-04
Loss = 5.0393e-01, PNorm = 18.9317, GNorm = 0.8422, lr_0 = 3.8871e-04
Loss = 4.9111e-01, PNorm = 18.9353, GNorm = 1.3474, lr_0 = 3.8565e-04
Loss = 4.6117e-01, PNorm = 18.9426, GNorm = 2.0680, lr_0 = 3.8261e-04
Loss = 4.7246e-01, PNorm = 18.9480, GNorm = 1.0017, lr_0 = 3.7960e-04
Loss = 4.9363e-01, PNorm = 18.9518, GNorm = 1.1284, lr_0 = 3.7661e-04
Loss = 4.9652e-01, PNorm = 18.9544, GNorm = 1.1396, lr_0 = 3.7364e-04
Loss = 4.7480e-01, PNorm = 18.9564, GNorm = 1.2760, lr_0 = 3.7070e-04
Validation auc = 0.856323
Epoch 14
Loss = 5.3873e-01, PNorm = 18.9602, GNorm = 1.4988, lr_0 = 3.6749e-04
Loss = 4.6972e-01, PNorm = 18.9647, GNorm = 0.6647, lr_0 = 3.6460e-04
Loss = 4.8198e-01, PNorm = 18.9684, GNorm = 1.3472, lr_0 = 3.6173e-04
Loss = 4.7054e-01, PNorm = 18.9727, GNorm = 1.0457, lr_0 = 3.5888e-04
Loss = 4.8066e-01, PNorm = 18.9770, GNorm = 1.4594, lr_0 = 3.5605e-04
Loss = 4.7576e-01, PNorm = 18.9845, GNorm = 1.6034, lr_0 = 3.5325e-04
Loss = 4.5309e-01, PNorm = 18.9931, GNorm = 2.1141, lr_0 = 3.5046e-04
Loss = 4.8691e-01, PNorm = 18.9997, GNorm = 1.7595, lr_0 = 3.4770e-04
Loss = 4.9554e-01, PNorm = 19.0025, GNorm = 0.9270, lr_0 = 3.4496e-04
Loss = 5.1518e-01, PNorm = 19.0035, GNorm = 2.4373, lr_0 = 3.4225e-04
Loss = 4.2984e-01, PNorm = 19.0065, GNorm = 1.9121, lr_0 = 3.3955e-04
Validation auc = 0.858027
Epoch 15
Loss = 5.2857e-01, PNorm = 19.0113, GNorm = 1.2882, lr_0 = 3.3661e-04
Loss = 4.6515e-01, PNorm = 19.0143, GNorm = 2.8264, lr_0 = 3.3396e-04
Loss = 4.9010e-01, PNorm = 19.0176, GNorm = 2.7562, lr_0 = 3.3133e-04
Loss = 4.6924e-01, PNorm = 19.0219, GNorm = 1.6097, lr_0 = 3.2872e-04
Loss = 5.1155e-01, PNorm = 19.0243, GNorm = 1.7407, lr_0 = 3.2613e-04
Loss = 4.5356e-01, PNorm = 19.0304, GNorm = 1.0751, lr_0 = 3.2356e-04
Loss = 4.8115e-01, PNorm = 19.0358, GNorm = 1.2179, lr_0 = 3.2101e-04
Loss = 4.7685e-01, PNorm = 19.0398, GNorm = 1.9836, lr_0 = 3.1849e-04
Loss = 4.5870e-01, PNorm = 19.0452, GNorm = 3.4416, lr_0 = 3.1598e-04
Loss = 4.4164e-01, PNorm = 19.0503, GNorm = 0.9458, lr_0 = 3.1349e-04
Validation auc = 0.858513
Epoch 16
Loss = 4.3236e-01, PNorm = 19.0538, GNorm = 1.3268, lr_0 = 3.1077e-04
Loss = 4.7257e-01, PNorm = 19.0570, GNorm = 1.2292, lr_0 = 3.0833e-04
Loss = 4.6561e-01, PNorm = 19.0596, GNorm = 1.4758, lr_0 = 3.0590e-04
Loss = 4.7720e-01, PNorm = 19.0628, GNorm = 1.0570, lr_0 = 3.0349e-04
Loss = 4.5477e-01, PNorm = 19.0638, GNorm = 2.0158, lr_0 = 3.0110e-04
Loss = 4.5421e-01, PNorm = 19.0671, GNorm = 1.1087, lr_0 = 2.9873e-04
Loss = 5.1734e-01, PNorm = 19.0706, GNorm = 1.1276, lr_0 = 2.9637e-04
Loss = 4.8709e-01, PNorm = 19.0719, GNorm = 1.3582, lr_0 = 2.9404e-04
Loss = 4.7435e-01, PNorm = 19.0749, GNorm = 1.0584, lr_0 = 2.9172e-04
Loss = 4.7984e-01, PNorm = 19.0772, GNorm = 1.3994, lr_0 = 2.8943e-04
Validation auc = 0.858351
Epoch 17
Loss = 4.5181e-01, PNorm = 19.0813, GNorm = 1.0628, lr_0 = 2.8692e-04
Loss = 4.6654e-01, PNorm = 19.0866, GNorm = 1.5972, lr_0 = 2.8466e-04
Loss = 4.3098e-01, PNorm = 19.0920, GNorm = 0.8247, lr_0 = 2.8242e-04
Loss = 4.7436e-01, PNorm = 19.0965, GNorm = 0.8955, lr_0 = 2.8019e-04
Loss = 4.6582e-01, PNorm = 19.1000, GNorm = 1.5988, lr_0 = 2.7799e-04
Loss = 4.8501e-01, PNorm = 19.1025, GNorm = 1.6924, lr_0 = 2.7580e-04
Loss = 4.9384e-01, PNorm = 19.1043, GNorm = 0.9890, lr_0 = 2.7363e-04
Loss = 4.4226e-01, PNorm = 19.1062, GNorm = 1.3588, lr_0 = 2.7147e-04
Loss = 5.0204e-01, PNorm = 19.1070, GNorm = 1.2289, lr_0 = 2.6933e-04
Loss = 4.6809e-01, PNorm = 19.1094, GNorm = 0.7842, lr_0 = 2.6721e-04
Loss = 4.7959e-01, PNorm = 19.1111, GNorm = 1.3771, lr_0 = 2.6511e-04
Validation auc = 0.859617
Epoch 18
Loss = 4.7555e-01, PNorm = 19.1139, GNorm = 1.2067, lr_0 = 2.6281e-04
Loss = 4.3094e-01, PNorm = 19.1188, GNorm = 1.0263, lr_0 = 2.6074e-04
Loss = 4.7219e-01, PNorm = 19.1235, GNorm = 1.7072, lr_0 = 2.5869e-04
Loss = 4.6569e-01, PNorm = 19.1272, GNorm = 1.3590, lr_0 = 2.5665e-04
Loss = 4.7634e-01, PNorm = 19.1304, GNorm = 0.7649, lr_0 = 2.5463e-04
Loss = 4.3515e-01, PNorm = 19.1341, GNorm = 1.5360, lr_0 = 2.5262e-04
Loss = 4.7138e-01, PNorm = 19.1361, GNorm = 2.8495, lr_0 = 2.5063e-04
Loss = 5.0469e-01, PNorm = 19.1380, GNorm = 1.0458, lr_0 = 2.4866e-04
Loss = 4.7367e-01, PNorm = 19.1391, GNorm = 2.7141, lr_0 = 2.4670e-04
Loss = 5.1934e-01, PNorm = 19.1403, GNorm = 2.5905, lr_0 = 2.4476e-04
Validation auc = 0.860879
Epoch 19
Loss = 5.2148e-01, PNorm = 19.1418, GNorm = 0.6589, lr_0 = 2.4264e-04
Loss = 4.8061e-01, PNorm = 19.1437, GNorm = 0.8860, lr_0 = 2.4073e-04
Loss = 4.5959e-01, PNorm = 19.1459, GNorm = 1.4752, lr_0 = 2.3883e-04
Loss = 4.8611e-01, PNorm = 19.1479, GNorm = 0.7451, lr_0 = 2.3695e-04
Loss = 4.5622e-01, PNorm = 19.1507, GNorm = 0.8272, lr_0 = 2.3508e-04
Loss = 4.5962e-01, PNorm = 19.1543, GNorm = 1.9664, lr_0 = 2.3323e-04
Loss = 4.7620e-01, PNorm = 19.1573, GNorm = 2.2156, lr_0 = 2.3140e-04
Loss = 4.6028e-01, PNorm = 19.1590, GNorm = 2.0225, lr_0 = 2.2957e-04
Loss = 4.6009e-01, PNorm = 19.1624, GNorm = 1.9125, lr_0 = 2.2776e-04
Loss = 4.3929e-01, PNorm = 19.1661, GNorm = 1.6245, lr_0 = 2.2597e-04
Loss = 4.4891e-01, PNorm = 19.1700, GNorm = 1.3375, lr_0 = 2.2419e-04
Validation auc = 0.861893
Epoch 20
Loss = 4.6043e-01, PNorm = 19.1718, GNorm = 1.0849, lr_0 = 2.2225e-04
Loss = 4.4577e-01, PNorm = 19.1738, GNorm = 1.3687, lr_0 = 2.2050e-04
Loss = 5.0605e-01, PNorm = 19.1756, GNorm = 1.1694, lr_0 = 2.1876e-04
Loss = 4.8812e-01, PNorm = 19.1771, GNorm = 0.9840, lr_0 = 2.1704e-04
Loss = 4.5988e-01, PNorm = 19.1776, GNorm = 1.3678, lr_0 = 2.1533e-04
Loss = 4.6369e-01, PNorm = 19.1795, GNorm = 1.3210, lr_0 = 2.1363e-04
Loss = 4.7287e-01, PNorm = 19.1807, GNorm = 1.4284, lr_0 = 2.1195e-04
Loss = 4.6816e-01, PNorm = 19.1811, GNorm = 0.9452, lr_0 = 2.1028e-04
Loss = 4.6193e-01, PNorm = 19.1832, GNorm = 1.8624, lr_0 = 2.0863e-04
Loss = 4.5259e-01, PNorm = 19.1865, GNorm = 1.4181, lr_0 = 2.0698e-04
Validation auc = 0.862655
Epoch 21
Loss = 4.6812e-01, PNorm = 19.1915, GNorm = 0.9977, lr_0 = 2.0519e-04
Loss = 4.9046e-01, PNorm = 19.1947, GNorm = 1.2043, lr_0 = 2.0357e-04
Loss = 4.8618e-01, PNorm = 19.1966, GNorm = 0.9741, lr_0 = 2.0197e-04
Loss = 4.6251e-01, PNorm = 19.1985, GNorm = 1.4659, lr_0 = 2.0038e-04
Loss = 4.5064e-01, PNorm = 19.2006, GNorm = 0.7668, lr_0 = 1.9880e-04
Loss = 4.3115e-01, PNorm = 19.2039, GNorm = 1.3748, lr_0 = 1.9724e-04
Loss = 5.0570e-01, PNorm = 19.2057, GNorm = 0.7874, lr_0 = 1.9568e-04
Loss = 4.4425e-01, PNorm = 19.2071, GNorm = 1.3221, lr_0 = 1.9414e-04
Loss = 4.4322e-01, PNorm = 19.2098, GNorm = 0.8035, lr_0 = 1.9261e-04
Loss = 4.4623e-01, PNorm = 19.2128, GNorm = 0.8220, lr_0 = 1.9110e-04
Validation auc = 0.864788
Epoch 22
Loss = 3.4125e-01, PNorm = 19.2156, GNorm = 0.8671, lr_0 = 1.8944e-04
Loss = 4.7006e-01, PNorm = 19.2182, GNorm = 2.9805, lr_0 = 1.8795e-04
Loss = 4.8272e-01, PNorm = 19.2198, GNorm = 2.5400, lr_0 = 1.8647e-04
Loss = 4.6334e-01, PNorm = 19.2210, GNorm = 1.1379, lr_0 = 1.8500e-04
Loss = 4.2653e-01, PNorm = 19.2231, GNorm = 1.0070, lr_0 = 1.8354e-04
Loss = 4.5778e-01, PNorm = 19.2253, GNorm = 2.8067, lr_0 = 1.8210e-04
Loss = 4.4739e-01, PNorm = 19.2274, GNorm = 2.7768, lr_0 = 1.8066e-04
Loss = 4.8920e-01, PNorm = 19.2280, GNorm = 2.1913, lr_0 = 1.7924e-04
Loss = 4.7595e-01, PNorm = 19.2298, GNorm = 1.7014, lr_0 = 1.7783e-04
Loss = 4.6784e-01, PNorm = 19.2313, GNorm = 1.3746, lr_0 = 1.7643e-04
Loss = 4.7978e-01, PNorm = 19.2320, GNorm = 1.0977, lr_0 = 1.7504e-04
Validation auc = 0.864102
Epoch 23
Loss = 4.7417e-01, PNorm = 19.2338, GNorm = 0.9111, lr_0 = 1.7352e-04
Loss = 4.5544e-01, PNorm = 19.2355, GNorm = 1.0009, lr_0 = 1.7216e-04
Loss = 4.2184e-01, PNorm = 19.2374, GNorm = 0.9458, lr_0 = 1.7080e-04
Loss = 4.6552e-01, PNorm = 19.2403, GNorm = 1.4491, lr_0 = 1.6945e-04
Loss = 4.6186e-01, PNorm = 19.2416, GNorm = 1.9109, lr_0 = 1.6812e-04
Loss = 4.8639e-01, PNorm = 19.2422, GNorm = 1.2732, lr_0 = 1.6680e-04
Loss = 4.4360e-01, PNorm = 19.2440, GNorm = 1.0589, lr_0 = 1.6548e-04
Loss = 4.8100e-01, PNorm = 19.2456, GNorm = 1.2923, lr_0 = 1.6418e-04
Loss = 4.2635e-01, PNorm = 19.2479, GNorm = 1.1013, lr_0 = 1.6289e-04
Loss = 4.4913e-01, PNorm = 19.2504, GNorm = 0.7688, lr_0 = 1.6160e-04
Validation auc = 0.864207
Epoch 24
Loss = 4.0036e-01, PNorm = 19.2528, GNorm = 1.6273, lr_0 = 1.6020e-04
Loss = 4.3890e-01, PNorm = 19.2553, GNorm = 0.8477, lr_0 = 1.5894e-04
Loss = 4.6501e-01, PNorm = 19.2580, GNorm = 0.6533, lr_0 = 1.5769e-04
Loss = 4.4921e-01, PNorm = 19.2593, GNorm = 2.3518, lr_0 = 1.5645e-04
Loss = 4.5912e-01, PNorm = 19.2608, GNorm = 2.3044, lr_0 = 1.5522e-04
Loss = 4.8138e-01, PNorm = 19.2611, GNorm = 1.8530, lr_0 = 1.5399e-04
Loss = 4.7624e-01, PNorm = 19.2618, GNorm = 1.2779, lr_0 = 1.5278e-04
Loss = 5.3700e-01, PNorm = 19.2614, GNorm = 0.9501, lr_0 = 1.5158e-04
Loss = 4.4436e-01, PNorm = 19.2625, GNorm = 1.0553, lr_0 = 1.5038e-04
Loss = 4.4283e-01, PNorm = 19.2643, GNorm = 2.3972, lr_0 = 1.4920e-04
Loss = 4.3368e-01, PNorm = 19.2663, GNorm = 2.6510, lr_0 = 1.4802e-04
Validation auc = 0.864788
Epoch 25
Loss = 4.4695e-01, PNorm = 19.2671, GNorm = 1.5118, lr_0 = 1.4686e-04
Loss = 4.4292e-01, PNorm = 19.2695, GNorm = 0.9755, lr_0 = 1.4570e-04
Loss = 4.3610e-01, PNorm = 19.2717, GNorm = 1.2383, lr_0 = 1.4455e-04
Loss = 4.5072e-01, PNorm = 19.2731, GNorm = 1.1213, lr_0 = 1.4341e-04
Loss = 4.5956e-01, PNorm = 19.2742, GNorm = 2.2292, lr_0 = 1.4229e-04
Loss = 4.8693e-01, PNorm = 19.2756, GNorm = 2.0688, lr_0 = 1.4116e-04
Loss = 4.5376e-01, PNorm = 19.2764, GNorm = 1.5709, lr_0 = 1.4005e-04
Loss = 4.7195e-01, PNorm = 19.2775, GNorm = 0.9837, lr_0 = 1.3895e-04
Loss = 4.7142e-01, PNorm = 19.2789, GNorm = 1.2749, lr_0 = 1.3786e-04
Loss = 4.5217e-01, PNorm = 19.2805, GNorm = 0.8953, lr_0 = 1.3677e-04
Validation auc = 0.865349
Epoch 26
Loss = 4.4455e-01, PNorm = 19.2830, GNorm = 1.0328, lr_0 = 1.3558e-04
Loss = 4.4225e-01, PNorm = 19.2848, GNorm = 1.3846, lr_0 = 1.3452e-04
Loss = 4.4473e-01, PNorm = 19.2867, GNorm = 0.9262, lr_0 = 1.3346e-04
Loss = 4.7407e-01, PNorm = 19.2879, GNorm = 0.7981, lr_0 = 1.3241e-04
Loss = 4.9035e-01, PNorm = 19.2886, GNorm = 0.7600, lr_0 = 1.3136e-04
Loss = 4.8812e-01, PNorm = 19.2895, GNorm = 1.7391, lr_0 = 1.3033e-04
Loss = 4.8901e-01, PNorm = 19.2907, GNorm = 1.6103, lr_0 = 1.2930e-04
Loss = 4.3575e-01, PNorm = 19.2923, GNorm = 1.5717, lr_0 = 1.2828e-04
Loss = 4.3951e-01, PNorm = 19.2943, GNorm = 1.0403, lr_0 = 1.2727e-04
Loss = 4.1656e-01, PNorm = 19.2965, GNorm = 1.4745, lr_0 = 1.2627e-04
Loss = 4.8895e-01, PNorm = 19.2982, GNorm = 1.8317, lr_0 = 1.2528e-04
Loss = 3.0407e-01, PNorm = 19.2983, GNorm = 3.7886, lr_0 = 1.2518e-04
Validation auc = 0.865702
Epoch 27
Loss = 4.7691e-01, PNorm = 19.2992, GNorm = 1.9231, lr_0 = 1.2419e-04
Loss = 4.9830e-01, PNorm = 19.3002, GNorm = 2.1982, lr_0 = 1.2321e-04
Loss = 4.6817e-01, PNorm = 19.3014, GNorm = 1.4020, lr_0 = 1.2224e-04
Loss = 4.8581e-01, PNorm = 19.3023, GNorm = 1.0116, lr_0 = 1.2128e-04
Loss = 4.3379e-01, PNorm = 19.3034, GNorm = 0.9518, lr_0 = 1.2033e-04
Loss = 4.2544e-01, PNorm = 19.3051, GNorm = 2.2170, lr_0 = 1.1938e-04
Loss = 4.4683e-01, PNorm = 19.3068, GNorm = 2.1330, lr_0 = 1.1844e-04
Loss = 4.3103e-01, PNorm = 19.3085, GNorm = 1.3453, lr_0 = 1.1750e-04
Loss = 4.8543e-01, PNorm = 19.3096, GNorm = 1.7389, lr_0 = 1.1658e-04
Loss = 4.3803e-01, PNorm = 19.3105, GNorm = 1.0513, lr_0 = 1.1566e-04
Validation auc = 0.866502
Epoch 28
Loss = 4.2834e-01, PNorm = 19.3122, GNorm = 0.9280, lr_0 = 1.1466e-04
Loss = 4.9610e-01, PNorm = 19.3134, GNorm = 1.5001, lr_0 = 1.1376e-04
Loss = 4.6065e-01, PNorm = 19.3143, GNorm = 1.2042, lr_0 = 1.1286e-04
Loss = 4.1914e-01, PNorm = 19.3159, GNorm = 2.7117, lr_0 = 1.1197e-04
Loss = 3.9248e-01, PNorm = 19.3181, GNorm = 1.4992, lr_0 = 1.1109e-04
Loss = 4.2095e-01, PNorm = 19.3200, GNorm = 2.1067, lr_0 = 1.1021e-04
Loss = 4.5186e-01, PNorm = 19.3222, GNorm = 0.9097, lr_0 = 1.0935e-04
Loss = 4.8266e-01, PNorm = 19.3232, GNorm = 0.9258, lr_0 = 1.0849e-04
Loss = 4.6014e-01, PNorm = 19.3238, GNorm = 1.9674, lr_0 = 1.0763e-04
Loss = 4.8431e-01, PNorm = 19.3246, GNorm = 1.5847, lr_0 = 1.0678e-04
Validation auc = 0.867587
Epoch 29
Loss = 4.0177e-01, PNorm = 19.3260, GNorm = 1.5036, lr_0 = 1.0586e-04
Loss = 4.5602e-01, PNorm = 19.3271, GNorm = 1.2951, lr_0 = 1.0502e-04
Loss = 4.4926e-01, PNorm = 19.3276, GNorm = 1.1464, lr_0 = 1.0420e-04
Loss = 4.9963e-01, PNorm = 19.3281, GNorm = 1.2406, lr_0 = 1.0338e-04
Loss = 4.6991e-01, PNorm = 19.3288, GNorm = 0.9455, lr_0 = 1.0256e-04
Loss = 4.2551e-01, PNorm = 19.3297, GNorm = 1.7042, lr_0 = 1.0175e-04
Loss = 4.6839e-01, PNorm = 19.3307, GNorm = 1.9649, lr_0 = 1.0095e-04
Loss = 4.3506e-01, PNorm = 19.3322, GNorm = 1.2978, lr_0 = 1.0016e-04
Loss = 4.5458e-01, PNorm = 19.3332, GNorm = 1.0400, lr_0 = 1.0000e-04
Loss = 4.7218e-01, PNorm = 19.3342, GNorm = 1.3042, lr_0 = 1.0000e-04
Loss = 4.5424e-01, PNorm = 19.3352, GNorm = 2.0905, lr_0 = 1.0000e-04
Validation auc = 0.865854
Model 0 best validation auc = 0.867587 on epoch 28
Loading pretrained parameter "encoder.encoder.0.cached_zero_vector".
Loading pretrained parameter "encoder.encoder.0.W_i.weight".
Loading pretrained parameter "encoder.encoder.0.W_h.weight".
Loading pretrained parameter "encoder.encoder.0.W_o.weight".
Loading pretrained parameter "encoder.encoder.0.W_o.bias".
Loading pretrained parameter "ffn.1.weight".
Loading pretrained parameter "ffn.1.bias".
Loading pretrained parameter "ffn.4.weight".
Loading pretrained parameter "ffn.4.bias".
Moving model to cuda
Model 0 test auc = 0.861432
Ensemble test auc = 0.861432
1-fold cross validation
	Seed 0 ==> test auc = 0.861432
Overall test auc = 0.861432 +/- 0.000000
Elapsed time = 0:01:29
