Command line
python /home/jxy/anaconda3/envs/chemprop_1119/bin/chemprop_train --data_path data/train_full.csv --dataset_type classification --save_dir checkpoints_25 --config_path hyperoptfile3 --epochs 100 --separate_test_path data/test_random_nocanonical.csv --separate_val_path data/val_full.csv --features_generator rdkit_2d_normalized --no_features_scaling
Args
{'activation': 'ReLU',
 'aggregation': 'mean',
 'aggregation_norm': 100,
 'alternative_loss_function': None,
 'atom_descriptor_scaling': True,
 'atom_descriptors': None,
 'atom_descriptors_path': None,
 'atom_descriptors_size': 0,
 'atom_features_size': 0,
 'atom_messages': False,
 'batch_size': 50,
 'bias': False,
 'bond_feature_scaling': True,
 'bond_features_path': None,
 'bond_features_size': 0,
 'cache_cutoff': 10000,
 'checkpoint_dir': None,
 'checkpoint_frzn': None,
 'checkpoint_path': None,
 'checkpoint_paths': None,
 'class_balance': False,
 'config_path': 'hyperoptfile3',
 'crossval_index_dir': None,
 'crossval_index_file': None,
 'crossval_index_sets': None,
 'cuda': True,
 'data_path': 'data/train_full.csv',
 'data_weights_path': None,
 'dataset_type': 'classification',
 'depth': 5,
 'device': device(type='cuda'),
 'dropout': 0.2,
 'empty_cache': False,
 'ensemble_size': 1,
 'epochs': 100,
 'explicit_h': False,
 'extra_metrics': [],
 'features_generator': ['rdkit_2d_normalized'],
 'features_only': False,
 'features_path': None,
 'features_scaling': False,
 'features_size': None,
 'ffn_hidden_size': 800,
 'ffn_num_layers': 3,
 'final_lr': 0.0001,
 'folds_file': None,
 'freeze_first_only': False,
 'frzn_ffn_layers': 0,
 'gpu': None,
 'grad_clip': None,
 'hidden_size': 800,
 'ignore_columns': None,
 'init_lr': 0.0001,
 'log_frequency': 10,
 'max_data_size': None,
 'max_lr': 0.001,
 'metric': 'auc',
 'metrics': ['auc'],
 'minimize_score': False,
 'mpn_shared': False,
 'multiclass_num_classes': 3,
 'no_atom_descriptor_scaling': False,
 'no_bond_features_scaling': False,
 'no_cache_mol': False,
 'no_cuda': False,
 'no_features_scaling': True,
 'num_folds': 1,
 'num_lrs': 1,
 'num_tasks': 1,
 'num_workers': 8,
 'number_of_molecules': 1,
 'overwrite_default_atom_features': False,
 'overwrite_default_bond_features': False,
 'phase_features_path': None,
 'pytorch_seed': 0,
 'quiet': False,
 'reaction': False,
 'reaction_mode': 'reac_diff',
 'resume_experiment': False,
 'save_dir': 'checkpoints_25',
 'save_preds': False,
 'save_smiles_splits': False,
 'seed': 0,
 'separate_test_atom_descriptors_path': None,
 'separate_test_bond_features_path': None,
 'separate_test_features_path': None,
 'separate_test_path': 'data/test_random_nocanonical.csv',
 'separate_test_phase_features_path': None,
 'separate_val_atom_descriptors_path': None,
 'separate_val_bond_features_path': None,
 'separate_val_features_path': None,
 'separate_val_path': 'data/val_full.csv',
 'separate_val_phase_features_path': None,
 'show_individual_scores': False,
 'smiles_columns': ['Smile'],
 'spectra_activation': 'exp',
 'spectra_phase_mask_path': None,
 'spectra_target_floor': 1e-08,
 'split_sizes': (0.8, 0.1, 0.1),
 'split_type': 'random',
 'target_columns': None,
 'target_weights': None,
 'task_names': ['Label'],
 'test': False,
 'test_fold_index': None,
 'train_data_size': None,
 'undirected': False,
 'use_input_features': True,
 'val_fold_index': None,
 'warmup_epochs': 2.0}
Setting molecule featurization parameters to default.
Loading data
Number of tasks = 1
Fold 0
Splitting data with seed 0
Class sizes
Label 0: 46.78%, 1: 53.22%
Total size = 1,041 | train size = 1,041 | val size = 116 | test size = 290
Building model 0
MoleculeModel(
  (sigmoid): Sigmoid()
  (encoder): MPN(
    (encoder): ModuleList(
      (0): MPNEncoder(
        (dropout_layer): Dropout(p=0.2, inplace=False)
        (act_func): ReLU()
        (W_i): Linear(in_features=147, out_features=800, bias=False)
        (W_h): Linear(in_features=800, out_features=800, bias=False)
        (W_o): Linear(in_features=933, out_features=800, bias=True)
      )
    )
  )
  (ffn): Sequential(
    (0): Dropout(p=0.2, inplace=False)
    (1): Linear(in_features=1000, out_features=800, bias=True)
    (2): ReLU()
    (3): Dropout(p=0.2, inplace=False)
    (4): Linear(in_features=800, out_features=800, bias=True)
    (5): ReLU()
    (6): Dropout(p=0.2, inplace=False)
    (7): Linear(in_features=800, out_features=1, bias=True)
  )
)
Number of parameters = 2,948,001
Moving model to cuda
Epoch 0
Loss = 7.0786e-01, PNorm = 59.9907, GNorm = 1.0065, lr_0 = 3.4750e-04
Loss = 6.9172e-01, PNorm = 60.0180, GNorm = 1.3551, lr_0 = 5.7250e-04
Loss = 6.4114e-01, PNorm = 60.0222, GNorm = 1.1301, lr_0 = 5.9500e-04
Validation auc = 0.695705
Epoch 1
Loss = 6.6100e-01, PNorm = 60.0767, GNorm = 1.5394, lr_0 = 8.2000e-04
Loss = 6.5499e-01, PNorm = 60.1472, GNorm = 1.5274, lr_0 = 9.9765e-04
Validation auc = 0.727079
Epoch 2
Loss = 6.1232e-01, PNorm = 60.2197, GNorm = 0.8817, lr_0 = 9.8600e-04
Loss = 6.5222e-01, PNorm = 60.2843, GNorm = 0.7225, lr_0 = 9.7449e-04
Validation auc = 0.761803
Epoch 3
Loss = 6.2192e-01, PNorm = 60.3458, GNorm = 0.6641, lr_0 = 9.6310e-04
Loss = 6.1364e-01, PNorm = 60.4016, GNorm = 0.9362, lr_0 = 9.5186e-04
Validation auc = 0.738044
Epoch 4
Loss = 5.7734e-01, PNorm = 60.4539, GNorm = 0.6045, lr_0 = 9.4074e-04
Loss = 6.0299e-01, PNorm = 60.5149, GNorm = 0.7130, lr_0 = 9.2975e-04
Validation auc = 0.759062
Epoch 5
Loss = 5.9778e-01, PNorm = 60.5711, GNorm = 1.0816, lr_0 = 9.1889e-04
Loss = 5.6726e-01, PNorm = 60.6395, GNorm = 0.9152, lr_0 = 9.0816e-04
Validation auc = 0.755711
Epoch 6
Loss = 5.9736e-01, PNorm = 60.7070, GNorm = 0.8463, lr_0 = 8.9650e-04
Loss = 5.6516e-01, PNorm = 60.7669, GNorm = 0.6629, lr_0 = 8.8603e-04
Validation auc = 0.760585
Epoch 7
Loss = 5.7292e-01, PNorm = 60.8350, GNorm = 1.3095, lr_0 = 8.7568e-04
Loss = 5.6471e-01, PNorm = 60.9024, GNorm = 1.0305, lr_0 = 8.6546e-04
Validation auc = 0.766372
Epoch 8
Loss = 5.2776e-01, PNorm = 60.9537, GNorm = 0.6157, lr_0 = 8.5535e-04
Loss = 5.3363e-01, PNorm = 61.0219, GNorm = 1.6247, lr_0 = 8.4536e-04
Validation auc = 0.745964
Epoch 9
Loss = 5.6080e-01, PNorm = 61.0877, GNorm = 0.7118, lr_0 = 8.3549e-04
Loss = 5.3908e-01, PNorm = 61.1597, GNorm = 0.9796, lr_0 = 8.2573e-04
Validation auc = 0.764849
Epoch 10
Loss = 5.2323e-01, PNorm = 61.2395, GNorm = 0.7143, lr_0 = 8.1608e-04
Loss = 5.3444e-01, PNorm = 61.3214, GNorm = 0.8510, lr_0 = 8.0655e-04
Validation auc = 0.785867
Epoch 11
Loss = 5.3327e-01, PNorm = 61.3956, GNorm = 0.7501, lr_0 = 7.9713e-04
Loss = 4.8344e-01, PNorm = 61.4796, GNorm = 1.2526, lr_0 = 7.8782e-04
Validation auc = 0.758453
Epoch 12
Loss = 5.4280e-01, PNorm = 61.5645, GNorm = 0.7868, lr_0 = 7.7771e-04
Loss = 4.9917e-01, PNorm = 61.6397, GNorm = 0.6879, lr_0 = 7.6862e-04
Loss = 5.2163e-01, PNorm = 61.7283, GNorm = 1.0961, lr_0 = 7.5965e-04
Validation auc = 0.776729
Epoch 13
Loss = 5.2934e-01, PNorm = 61.8175, GNorm = 1.2266, lr_0 = 7.5078e-04
Loss = 5.2319e-01, PNorm = 61.9181, GNorm = 1.0340, lr_0 = 7.4201e-04
Validation auc = 0.770941
Epoch 14
Loss = 5.0646e-01, PNorm = 62.0107, GNorm = 0.7933, lr_0 = 7.3334e-04
Loss = 5.1049e-01, PNorm = 62.0947, GNorm = 2.1046, lr_0 = 7.2478e-04
Validation auc = 0.791654
Epoch 15
Loss = 4.8444e-01, PNorm = 62.1838, GNorm = 0.9074, lr_0 = 7.1631e-04
Loss = 4.6250e-01, PNorm = 62.2746, GNorm = 0.8294, lr_0 = 7.0795e-04
Validation auc = 0.763935
Epoch 16
Loss = 4.5952e-01, PNorm = 62.3700, GNorm = 1.0209, lr_0 = 6.9968e-04
Loss = 4.8711e-01, PNorm = 62.4733, GNorm = 0.9046, lr_0 = 6.9151e-04
Validation auc = 0.786171
Epoch 17
Loss = 4.1923e-01, PNorm = 62.5842, GNorm = 1.5718, lr_0 = 6.8263e-04
Loss = 4.4521e-01, PNorm = 62.6878, GNorm = 1.5083, lr_0 = 6.7465e-04
Validation auc = 0.774596
Epoch 18
Loss = 3.8963e-01, PNorm = 62.7882, GNorm = 0.8349, lr_0 = 6.6678e-04
Loss = 4.2465e-01, PNorm = 62.8925, GNorm = 1.1346, lr_0 = 6.5899e-04
Validation auc = 0.804752
Epoch 19
Loss = 4.0563e-01, PNorm = 63.0082, GNorm = 1.8354, lr_0 = 6.5129e-04
Loss = 4.4855e-01, PNorm = 63.1309, GNorm = 1.4407, lr_0 = 6.4369e-04
Validation auc = 0.810235
Epoch 20
Loss = 4.3212e-01, PNorm = 63.2433, GNorm = 1.1896, lr_0 = 6.3617e-04
Loss = 3.9766e-01, PNorm = 63.3485, GNorm = 1.0645, lr_0 = 6.2874e-04
Validation auc = 0.783125
Epoch 21
Loss = 3.8277e-01, PNorm = 63.4379, GNorm = 1.5691, lr_0 = 6.2139e-04
Loss = 3.8151e-01, PNorm = 63.5321, GNorm = 1.0786, lr_0 = 6.1414e-04
Validation auc = 0.773073
Epoch 22
Loss = 3.5220e-01, PNorm = 63.6304, GNorm = 1.6031, lr_0 = 6.0696e-04
Loss = 3.6954e-01, PNorm = 63.7453, GNorm = 1.6943, lr_0 = 5.9988e-04
Validation auc = 0.806579
Epoch 23
Loss = 3.8632e-01, PNorm = 63.8658, GNorm = 1.1917, lr_0 = 5.9217e-04
Loss = 3.7970e-01, PNorm = 63.9886, GNorm = 1.1616, lr_0 = 5.8526e-04
Validation auc = 0.787085
Epoch 24
Loss = 4.0445e-01, PNorm = 64.0958, GNorm = 1.6742, lr_0 = 5.7842e-04
Loss = 3.6532e-01, PNorm = 64.2094, GNorm = 1.6408, lr_0 = 5.7167e-04
Loss = 3.6279e-01, PNorm = 64.3113, GNorm = 1.4605, lr_0 = 5.6499e-04
Validation auc = 0.810539
Epoch 25
Loss = 3.6258e-01, PNorm = 64.4085, GNorm = 1.0724, lr_0 = 5.5839e-04
Loss = 3.4246e-01, PNorm = 64.5118, GNorm = 1.6174, lr_0 = 5.5187e-04
Validation auc = 0.774901
Epoch 26
Loss = 3.4226e-01, PNorm = 64.6102, GNorm = 1.1348, lr_0 = 5.4542e-04
Loss = 3.2804e-01, PNorm = 64.7174, GNorm = 1.3922, lr_0 = 5.3905e-04
Validation auc = 0.809016
Epoch 27
Loss = 2.9084e-01, PNorm = 64.8196, GNorm = 1.6837, lr_0 = 5.3276e-04
Loss = 3.0544e-01, PNorm = 64.9279, GNorm = 1.3208, lr_0 = 5.2654e-04
Validation auc = 0.795614
Epoch 28
Loss = 2.8473e-01, PNorm = 65.0471, GNorm = 1.4335, lr_0 = 5.1978e-04
Loss = 3.1618e-01, PNorm = 65.1433, GNorm = 1.4551, lr_0 = 5.1371e-04
Validation auc = 0.802924
Epoch 29
Loss = 3.0333e-01, PNorm = 65.2468, GNorm = 1.3312, lr_0 = 5.0771e-04
Loss = 3.1436e-01, PNorm = 65.3494, GNorm = 1.7261, lr_0 = 5.0178e-04
Validation auc = 0.778252
Epoch 30
Loss = 3.0822e-01, PNorm = 65.4438, GNorm = 2.3696, lr_0 = 4.9592e-04
Loss = 2.9809e-01, PNorm = 65.5466, GNorm = 1.5945, lr_0 = 4.9012e-04
Validation auc = 0.817850
Epoch 31
Loss = 2.4949e-01, PNorm = 65.6413, GNorm = 1.3260, lr_0 = 4.8440e-04
Loss = 2.5508e-01, PNorm = 65.7318, GNorm = 1.3882, lr_0 = 4.7874e-04
Validation auc = 0.823028
Epoch 32
Loss = 2.4437e-01, PNorm = 65.8175, GNorm = 1.8069, lr_0 = 4.7315e-04
Loss = 3.0405e-01, PNorm = 65.8973, GNorm = 2.7092, lr_0 = 4.6763e-04
Validation auc = 0.790436
Epoch 33
Loss = 2.3132e-01, PNorm = 65.9896, GNorm = 1.4839, lr_0 = 4.6216e-04
Loss = 2.4918e-01, PNorm = 66.0757, GNorm = 1.5958, lr_0 = 4.5677e-04
Validation auc = 0.806275
Epoch 34
Loss = 1.9912e-01, PNorm = 66.1670, GNorm = 1.0094, lr_0 = 4.5090e-04
Loss = 2.0989e-01, PNorm = 66.2482, GNorm = 1.1106, lr_0 = 4.4564e-04
Validation auc = 0.784039
Epoch 35
Loss = 1.9613e-01, PNorm = 66.3313, GNorm = 1.5943, lr_0 = 4.4043e-04
Loss = 2.3109e-01, PNorm = 66.4124, GNorm = 1.4216, lr_0 = 4.3529e-04
Validation auc = 0.803229
Epoch 36
Loss = 2.1381e-01, PNorm = 66.4900, GNorm = 1.3352, lr_0 = 4.3020e-04
Loss = 2.7110e-01, PNorm = 66.5679, GNorm = 2.7868, lr_0 = 4.2518e-04
Loss = 2.4067e-01, PNorm = 66.6558, GNorm = 1.8625, lr_0 = 4.2021e-04
Validation auc = 0.774292
Epoch 37
Loss = 2.8514e-01, PNorm = 66.7365, GNorm = 1.8747, lr_0 = 4.1531e-04
Loss = 2.5259e-01, PNorm = 66.8076, GNorm = 1.3348, lr_0 = 4.1045e-04
Validation auc = 0.792872
Epoch 38
Loss = 2.1920e-01, PNorm = 66.8768, GNorm = 1.2586, lr_0 = 4.0566e-04
Loss = 1.8043e-01, PNorm = 66.9454, GNorm = 1.1958, lr_0 = 4.0092e-04
Validation auc = 0.814499
Epoch 39
Loss = 2.1758e-01, PNorm = 67.0147, GNorm = 1.5320, lr_0 = 3.9578e-04
Loss = 1.5397e-01, PNorm = 67.0821, GNorm = 2.1009, lr_0 = 3.9115e-04
Validation auc = 0.797746
Epoch 40
Loss = 1.7867e-01, PNorm = 67.1469, GNorm = 1.5345, lr_0 = 3.8658e-04
Loss = 2.0006e-01, PNorm = 67.2149, GNorm = 2.5573, lr_0 = 3.8207e-04
Validation auc = 0.794395
Epoch 41
Loss = 1.5500e-01, PNorm = 67.2853, GNorm = 1.2440, lr_0 = 3.7761e-04
Loss = 2.3880e-01, PNorm = 67.3543, GNorm = 1.5731, lr_0 = 3.7320e-04
Validation auc = 0.781298
Epoch 42
Loss = 1.8693e-01, PNorm = 67.4260, GNorm = 1.3867, lr_0 = 3.6884e-04
Loss = 1.7029e-01, PNorm = 67.4909, GNorm = 1.4966, lr_0 = 3.6453e-04
Validation auc = 0.798355
Epoch 43
Loss = 1.4646e-01, PNorm = 67.5474, GNorm = 1.2027, lr_0 = 3.6027e-04
Loss = 1.8483e-01, PNorm = 67.5990, GNorm = 2.0004, lr_0 = 3.5607e-04
Validation auc = 0.780993
Epoch 44
Loss = 1.8589e-01, PNorm = 67.6525, GNorm = 2.2726, lr_0 = 3.5191e-04
Loss = 1.5730e-01, PNorm = 67.7067, GNorm = 2.3375, lr_0 = 3.4780e-04
Validation auc = 0.794395
Epoch 45
Loss = 2.3903e-01, PNorm = 67.7625, GNorm = 2.0646, lr_0 = 3.4333e-04
Loss = 1.6394e-01, PNorm = 67.8124, GNorm = 2.1326, lr_0 = 3.3932e-04
Validation auc = 0.803838
Epoch 46
Loss = 1.8655e-01, PNorm = 67.8584, GNorm = 1.8987, lr_0 = 3.3536e-04
Loss = 1.3916e-01, PNorm = 67.9063, GNorm = 1.4026, lr_0 = 3.3144e-04
Validation auc = 0.783734
Epoch 47
Loss = 1.5177e-01, PNorm = 67.9513, GNorm = 1.7618, lr_0 = 3.2757e-04
Loss = 1.5260e-01, PNorm = 67.9951, GNorm = 1.7322, lr_0 = 3.2375e-04
Validation auc = 0.793177
Epoch 48
Loss = 4.6495e-02, PNorm = 68.0396, GNorm = 0.5917, lr_0 = 3.1996e-04
Loss = 1.4282e-01, PNorm = 68.0828, GNorm = 2.0033, lr_0 = 3.1623e-04
Loss = 9.8702e-02, PNorm = 68.1291, GNorm = 2.3140, lr_0 = 3.1253e-04
Validation auc = 0.784648
Epoch 49
Loss = 1.3667e-01, PNorm = 68.1750, GNorm = 1.3211, lr_0 = 3.0888e-04
Loss = 1.4493e-01, PNorm = 68.2242, GNorm = 1.5513, lr_0 = 3.0528e-04
Validation auc = 0.807798
Epoch 50
Loss = 1.1157e-01, PNorm = 68.2683, GNorm = 1.2674, lr_0 = 3.0171e-04
Loss = 1.2358e-01, PNorm = 68.3071, GNorm = 3.4809, lr_0 = 2.9819e-04
Validation auc = 0.791654
Epoch 51
Loss = 1.5861e-01, PNorm = 68.3517, GNorm = 2.4163, lr_0 = 2.9436e-04
Loss = 1.8175e-01, PNorm = 68.3936, GNorm = 1.3851, lr_0 = 2.9092e-04
Validation auc = 0.791654
Epoch 52
Loss = 1.0441e-01, PNorm = 68.4442, GNorm = 1.4832, lr_0 = 2.8752e-04
Loss = 1.5685e-01, PNorm = 68.4849, GNorm = 1.3151, lr_0 = 2.8417e-04
Validation auc = 0.793786
Epoch 53
Loss = 1.0967e-01, PNorm = 68.5257, GNorm = 1.5435, lr_0 = 2.8085e-04
Loss = 1.1105e-01, PNorm = 68.5638, GNorm = 0.6333, lr_0 = 2.7757e-04
Validation auc = 0.781298
Epoch 54
Loss = 1.3401e-01, PNorm = 68.6007, GNorm = 1.5146, lr_0 = 2.7432e-04
Loss = 1.1927e-01, PNorm = 68.6400, GNorm = 1.2590, lr_0 = 2.7112e-04
Validation auc = 0.785257
Epoch 55
Loss = 9.1952e-02, PNorm = 68.6711, GNorm = 1.4492, lr_0 = 2.6795e-04
Loss = 1.6993e-01, PNorm = 68.6981, GNorm = 2.0275, lr_0 = 2.6483e-04
Validation auc = 0.808102
Epoch 56
Loss = 1.1939e-01, PNorm = 68.7387, GNorm = 1.1275, lr_0 = 2.6142e-04
Loss = 1.1040e-01, PNorm = 68.7754, GNorm = 1.6107, lr_0 = 2.5837e-04
Validation auc = 0.822723
Epoch 57
Loss = 8.8076e-02, PNorm = 68.8062, GNorm = 1.0534, lr_0 = 2.5535e-04
Loss = 8.4235e-02, PNorm = 68.8354, GNorm = 3.2733, lr_0 = 2.5237e-04
Validation auc = 0.800792
Epoch 58
Loss = 9.0542e-02, PNorm = 68.8617, GNorm = 0.9097, lr_0 = 2.4942e-04
Loss = 8.2743e-02, PNorm = 68.8895, GNorm = 1.3608, lr_0 = 2.4651e-04
Validation auc = 0.800792
Epoch 59
Loss = 1.1602e-01, PNorm = 68.9184, GNorm = 1.8118, lr_0 = 2.4363e-04
Loss = 1.0689e-01, PNorm = 68.9443, GNorm = 0.8962, lr_0 = 2.4079e-04
Validation auc = 0.789826
Epoch 60
Loss = 6.9316e-02, PNorm = 68.9704, GNorm = 1.0433, lr_0 = 2.3797e-04
Loss = 8.7526e-02, PNorm = 68.9974, GNorm = 1.0373, lr_0 = 2.3520e-04
Loss = 8.7306e-02, PNorm = 69.0205, GNorm = 2.1530, lr_0 = 2.3245e-04
Validation auc = 0.786780
Epoch 61
Loss = 7.6975e-02, PNorm = 69.0431, GNorm = 0.3516, lr_0 = 2.2973e-04
Loss = 8.7898e-02, PNorm = 69.0646, GNorm = 1.4677, lr_0 = 2.2705e-04
Loss = 9.0032e-02, PNorm = 69.0668, GNorm = 1.6737, lr_0 = 2.2678e-04
Validation auc = 0.791349
Epoch 62
Loss = 6.6745e-02, PNorm = 69.0873, GNorm = 1.0094, lr_0 = 2.2414e-04
Loss = 6.3723e-02, PNorm = 69.1067, GNorm = 1.5689, lr_0 = 2.2152e-04
Validation auc = 0.802924
Epoch 63
Loss = 7.7434e-02, PNorm = 69.1272, GNorm = 2.2477, lr_0 = 2.1893e-04
Loss = 9.5865e-02, PNorm = 69.1476, GNorm = 0.6774, lr_0 = 2.1637e-04
Validation auc = 0.799269
Epoch 64
Loss = 7.1441e-02, PNorm = 69.1666, GNorm = 0.4990, lr_0 = 2.1385e-04
Loss = 7.6214e-02, PNorm = 69.1841, GNorm = 1.0485, lr_0 = 2.1135e-04
Validation auc = 0.793482
Epoch 65
Loss = 6.5198e-02, PNorm = 69.2050, GNorm = 2.0061, lr_0 = 2.0888e-04
Loss = 7.2265e-02, PNorm = 69.2244, GNorm = 2.2446, lr_0 = 2.0644e-04
Validation auc = 0.804752
Epoch 66
Loss = 2.7398e-02, PNorm = 69.2457, GNorm = 0.8943, lr_0 = 2.0403e-04
Loss = 7.5300e-02, PNorm = 69.2654, GNorm = 1.1333, lr_0 = 2.0165e-04
Validation auc = 0.793482
Epoch 67
Loss = 5.3252e-02, PNorm = 69.2870, GNorm = 0.6915, lr_0 = 1.9906e-04
Loss = 5.1702e-02, PNorm = 69.3054, GNorm = 1.1824, lr_0 = 1.9673e-04
Validation auc = 0.786628
Epoch 68
Loss = 4.1492e-02, PNorm = 69.3223, GNorm = 3.0788, lr_0 = 1.9444e-04
Loss = 4.9560e-02, PNorm = 69.3457, GNorm = 1.0749, lr_0 = 1.9216e-04
Validation auc = 0.791959
Epoch 69
Loss = 8.1868e-02, PNorm = 69.3651, GNorm = 1.7081, lr_0 = 1.8992e-04
Loss = 7.0061e-02, PNorm = 69.3854, GNorm = 1.7173, lr_0 = 1.8770e-04
Validation auc = 0.788608
Epoch 70
Loss = 6.2839e-02, PNorm = 69.4035, GNorm = 1.8918, lr_0 = 1.8551e-04
Loss = 3.6677e-02, PNorm = 69.4189, GNorm = 2.2409, lr_0 = 1.8334e-04
Validation auc = 0.785867
Epoch 71
Loss = 2.4947e-02, PNorm = 69.4320, GNorm = 0.4180, lr_0 = 1.8120e-04
Loss = 6.1750e-02, PNorm = 69.4441, GNorm = 1.8962, lr_0 = 1.7909e-04
Validation auc = 0.784648
Epoch 72
Loss = 5.0377e-02, PNorm = 69.4592, GNorm = 1.7049, lr_0 = 1.7699e-04
Loss = 7.2399e-02, PNorm = 69.4737, GNorm = 2.0202, lr_0 = 1.7493e-04
Validation auc = 0.801097
Epoch 73
Loss = 2.8253e-02, PNorm = 69.4902, GNorm = 0.7668, lr_0 = 1.7268e-04
Loss = 5.4819e-02, PNorm = 69.5039, GNorm = 1.2838, lr_0 = 1.7066e-04
Loss = 5.9816e-02, PNorm = 69.5184, GNorm = 1.1989, lr_0 = 1.6867e-04
Validation auc = 0.794548
Epoch 74
Loss = 7.2684e-02, PNorm = 69.5332, GNorm = 2.3776, lr_0 = 1.6670e-04
Loss = 4.0042e-02, PNorm = 69.5481, GNorm = 1.4398, lr_0 = 1.6475e-04
Validation auc = 0.779470
Epoch 75
Loss = 5.5946e-02, PNorm = 69.5609, GNorm = 3.6985, lr_0 = 1.6283e-04
Loss = 4.5192e-02, PNorm = 69.5758, GNorm = 0.9488, lr_0 = 1.6093e-04
Validation auc = 0.779470
Epoch 76
Loss = 6.6265e-02, PNorm = 69.5878, GNorm = 1.2483, lr_0 = 1.5905e-04
Loss = 5.2573e-02, PNorm = 69.5995, GNorm = 1.7908, lr_0 = 1.5719e-04
Validation auc = 0.777947
Epoch 77
Loss = 8.2232e-02, PNorm = 69.6117, GNorm = 0.9658, lr_0 = 1.5536e-04
Loss = 5.0342e-02, PNorm = 69.6244, GNorm = 3.5477, lr_0 = 1.5354e-04
Validation auc = 0.779775
Epoch 78
Loss = 3.8900e-02, PNorm = 69.6379, GNorm = 0.5167, lr_0 = 1.5157e-04
Loss = 5.3819e-02, PNorm = 69.6480, GNorm = 2.2138, lr_0 = 1.4980e-04
Validation auc = 0.781907
Epoch 79
Loss = 4.4046e-02, PNorm = 69.6595, GNorm = 1.3107, lr_0 = 1.4805e-04
Loss = 5.7178e-02, PNorm = 69.6688, GNorm = 0.9488, lr_0 = 1.4632e-04
Validation auc = 0.792263
Epoch 80
Loss = 3.2480e-02, PNorm = 69.6792, GNorm = 0.7118, lr_0 = 1.4461e-04
Loss = 4.6421e-02, PNorm = 69.6897, GNorm = 2.2271, lr_0 = 1.4292e-04
Validation auc = 0.790436
Epoch 81
Loss = 4.3707e-02, PNorm = 69.6993, GNorm = 3.1674, lr_0 = 1.4125e-04
Loss = 4.2279e-02, PNorm = 69.7094, GNorm = 0.9559, lr_0 = 1.3960e-04
Validation auc = 0.780993
Epoch 82
Loss = 5.2805e-02, PNorm = 69.7163, GNorm = 1.3357, lr_0 = 1.3797e-04
Loss = 4.2110e-02, PNorm = 69.7267, GNorm = 1.2359, lr_0 = 1.3636e-04
Validation auc = 0.776729
Epoch 83
Loss = 7.2469e-02, PNorm = 69.7366, GNorm = 1.7678, lr_0 = 1.3477e-04
Loss = 2.5309e-02, PNorm = 69.7458, GNorm = 0.8124, lr_0 = 1.3320e-04
Validation auc = 0.778861
Epoch 84
Loss = 1.5765e-02, PNorm = 69.7548, GNorm = 0.6863, lr_0 = 1.3149e-04
Loss = 2.8077e-02, PNorm = 69.7625, GNorm = 0.7127, lr_0 = 1.2995e-04
Validation auc = 0.776119
Epoch 85
Loss = 2.7148e-02, PNorm = 69.7712, GNorm = 1.0536, lr_0 = 1.2843e-04
Loss = 2.3068e-02, PNorm = 69.7794, GNorm = 0.7995, lr_0 = 1.2693e-04
Loss = 4.2859e-02, PNorm = 69.7875, GNorm = 2.3698, lr_0 = 1.2545e-04
Validation auc = 0.779775
Epoch 86
Loss = 3.0283e-02, PNorm = 69.7944, GNorm = 1.2162, lr_0 = 1.2398e-04
Loss = 4.7755e-02, PNorm = 69.8016, GNorm = 0.2294, lr_0 = 1.2254e-04
Validation auc = 0.775510
Epoch 87
Loss = 2.1995e-02, PNorm = 69.8088, GNorm = 1.4320, lr_0 = 1.2111e-04
Loss = 1.7120e-02, PNorm = 69.8151, GNorm = 0.0629, lr_0 = 1.1969e-04
Validation auc = 0.781602
Epoch 88
Loss = 4.1182e-02, PNorm = 69.8199, GNorm = 0.4129, lr_0 = 1.1829e-04
Loss = 4.5324e-02, PNorm = 69.8259, GNorm = 2.2522, lr_0 = 1.1691e-04
Validation auc = 0.789217
Epoch 89
Loss = 3.4937e-02, PNorm = 69.8324, GNorm = 0.9050, lr_0 = 1.1541e-04
Loss = 1.7762e-02, PNorm = 69.8380, GNorm = 0.3504, lr_0 = 1.1406e-04
Validation auc = 0.779927
Epoch 90
Loss = 1.7890e-02, PNorm = 69.8434, GNorm = 1.0703, lr_0 = 1.1273e-04
Loss = 3.5312e-02, PNorm = 69.8497, GNorm = 1.0772, lr_0 = 1.1141e-04
Validation auc = 0.789217
Epoch 91
Loss = 3.4962e-02, PNorm = 69.8559, GNorm = 0.8360, lr_0 = 1.1011e-04
Loss = 2.7251e-02, PNorm = 69.8611, GNorm = 0.5657, lr_0 = 1.0883e-04
Validation auc = 0.788608
Epoch 92
Loss = 3.3708e-02, PNorm = 69.8661, GNorm = 1.5654, lr_0 = 1.0756e-04
Loss = 1.7469e-02, PNorm = 69.8720, GNorm = 1.3470, lr_0 = 1.0630e-04
Validation auc = 0.784648
Epoch 93
Loss = 3.7689e-02, PNorm = 69.8773, GNorm = 0.6589, lr_0 = 1.0506e-04
Loss = 3.4381e-02, PNorm = 69.8827, GNorm = 0.7025, lr_0 = 1.0383e-04
Validation auc = 0.785105
Epoch 94
Loss = 3.5997e-02, PNorm = 69.8878, GNorm = 1.3677, lr_0 = 1.0262e-04
Loss = 6.5325e-02, PNorm = 69.8919, GNorm = 0.9487, lr_0 = 1.0142e-04
Validation auc = 0.777338
Epoch 95
Loss = 9.7330e-03, PNorm = 69.8975, GNorm = 0.8356, lr_0 = 1.0012e-04
Loss = 3.0954e-02, PNorm = 69.9038, GNorm = 2.2257, lr_0 = 1.0000e-04
Validation auc = 0.775053
Epoch 96
Loss = 4.4431e-02, PNorm = 69.9100, GNorm = 1.5996, lr_0 = 1.0000e-04
Loss = 2.7338e-02, PNorm = 69.9166, GNorm = 1.5366, lr_0 = 1.0000e-04
Validation auc = 0.780079
Epoch 97
Loss = 5.4143e-02, PNorm = 69.9231, GNorm = 2.7482, lr_0 = 1.0000e-04
Loss = 2.1563e-02, PNorm = 69.9289, GNorm = 0.4475, lr_0 = 1.0000e-04
Loss = 5.4038e-02, PNorm = 69.9339, GNorm = 2.5880, lr_0 = 1.0000e-04
Validation auc = 0.780079
Epoch 98
Loss = 2.9336e-02, PNorm = 69.9402, GNorm = 0.3537, lr_0 = 1.0000e-04
Loss = 3.0137e-02, PNorm = 69.9476, GNorm = 0.1351, lr_0 = 1.0000e-04
Validation auc = 0.777338
Epoch 99
Loss = 2.9672e-02, PNorm = 69.9538, GNorm = 0.8833, lr_0 = 1.0000e-04
Loss = 3.5864e-02, PNorm = 69.9597, GNorm = 2.7487, lr_0 = 1.0000e-04
Validation auc = 0.777033
Model 0 best validation auc = 0.823028 on epoch 31
Loading pretrained parameter "encoder.encoder.0.cached_zero_vector".
Loading pretrained parameter "encoder.encoder.0.W_i.weight".
Loading pretrained parameter "encoder.encoder.0.W_h.weight".
Loading pretrained parameter "encoder.encoder.0.W_o.weight".
Loading pretrained parameter "encoder.encoder.0.W_o.bias".
Loading pretrained parameter "ffn.1.weight".
Loading pretrained parameter "ffn.1.bias".
Loading pretrained parameter "ffn.4.weight".
Loading pretrained parameter "ffn.4.bias".
Loading pretrained parameter "ffn.7.weight".
Loading pretrained parameter "ffn.7.bias".
Moving model to cuda
Model 0 test auc = 0.780772
Ensemble test auc = 0.780772
1-fold cross validation
	Seed 0 ==> test auc = 0.780772
Overall test auc = 0.780772 +/- 0.000000
Elapsed time = 0:02:29
