Command line
python /home/jxy/anaconda3/envs/chemprop_1119/bin/chemprop_train --data_path data5/train_full.csv --dataset_type classification --save_dir checkpoints_5 --config_path hyperoptfile3 --epochs 100 --separate_test_path data/test_random_nocanonical.csv --separate_val_path data5/val_full.csv --features_generator rdkit_2d_normalized --no_features_scaling
Args
{'activation': 'ReLU',
 'aggregation': 'mean',
 'aggregation_norm': 100,
 'alternative_loss_function': None,
 'atom_descriptor_scaling': True,
 'atom_descriptors': None,
 'atom_descriptors_path': None,
 'atom_descriptors_size': 0,
 'atom_features_size': 0,
 'atom_messages': False,
 'batch_size': 50,
 'bias': False,
 'bond_feature_scaling': True,
 'bond_features_path': None,
 'bond_features_size': 0,
 'cache_cutoff': 10000,
 'checkpoint_dir': None,
 'checkpoint_frzn': None,
 'checkpoint_path': None,
 'checkpoint_paths': None,
 'class_balance': False,
 'config_path': 'hyperoptfile3',
 'crossval_index_dir': None,
 'crossval_index_file': None,
 'crossval_index_sets': None,
 'cuda': True,
 'data_path': 'data5/train_full.csv',
 'data_weights_path': None,
 'dataset_type': 'classification',
 'depth': 4,
 'device': device(type='cuda'),
 'dropout': 0.3,
 'empty_cache': False,
 'ensemble_size': 1,
 'epochs': 100,
 'explicit_h': False,
 'extra_metrics': [],
 'features_generator': ['rdkit_2d_normalized'],
 'features_only': False,
 'features_path': None,
 'features_scaling': False,
 'features_size': None,
 'ffn_hidden_size': 600,
 'ffn_num_layers': 2,
 'final_lr': 0.0001,
 'folds_file': None,
 'freeze_first_only': False,
 'frzn_ffn_layers': 0,
 'gpu': None,
 'grad_clip': None,
 'hidden_size': 600,
 'ignore_columns': None,
 'init_lr': 0.0001,
 'log_frequency': 10,
 'max_data_size': None,
 'max_lr': 0.001,
 'metric': 'auc',
 'metrics': ['auc'],
 'minimize_score': False,
 'mpn_shared': False,
 'multiclass_num_classes': 3,
 'no_atom_descriptor_scaling': False,
 'no_bond_features_scaling': False,
 'no_cache_mol': False,
 'no_cuda': False,
 'no_features_scaling': True,
 'num_folds': 1,
 'num_lrs': 1,
 'num_tasks': 1,
 'num_workers': 8,
 'number_of_molecules': 1,
 'overwrite_default_atom_features': False,
 'overwrite_default_bond_features': False,
 'phase_features_path': None,
 'pytorch_seed': 0,
 'quiet': False,
 'reaction': False,
 'reaction_mode': 'reac_diff',
 'resume_experiment': False,
 'save_dir': 'checkpoints_5',
 'save_preds': False,
 'save_smiles_splits': False,
 'seed': 0,
 'separate_test_atom_descriptors_path': None,
 'separate_test_bond_features_path': None,
 'separate_test_features_path': None,
 'separate_test_path': 'data/test_random_nocanonical.csv',
 'separate_test_phase_features_path': None,
 'separate_val_atom_descriptors_path': None,
 'separate_val_bond_features_path': None,
 'separate_val_features_path': None,
 'separate_val_path': 'data5/val_full.csv',
 'separate_val_phase_features_path': None,
 'show_individual_scores': False,
 'smiles_columns': ['Smile'],
 'spectra_activation': 'exp',
 'spectra_phase_mask_path': None,
 'spectra_target_floor': 1e-08,
 'split_sizes': (0.8, 0.1, 0.1),
 'split_type': 'random',
 'target_columns': None,
 'target_weights': None,
 'task_names': ['Label'],
 'test': False,
 'test_fold_index': None,
 'train_data_size': None,
 'undirected': False,
 'use_input_features': True,
 'val_fold_index': None,
 'warmup_epochs': 2.0}
Setting molecule featurization parameters to default.
Loading data
Number of tasks = 1
Fold 0
Splitting data with seed 0
Class sizes
Label 0: 46.49%, 1: 53.51%
Total size = 1,041 | train size = 1,041 | val size = 116 | test size = 290
Building model 0
MoleculeModel(
  (sigmoid): Sigmoid()
  (encoder): MPN(
    (encoder): ModuleList(
      (0): MPNEncoder(
        (dropout_layer): Dropout(p=0.3, inplace=False)
        (act_func): ReLU()
        (W_i): Linear(in_features=147, out_features=600, bias=False)
        (W_h): Linear(in_features=600, out_features=600, bias=False)
        (W_o): Linear(in_features=733, out_features=600, bias=True)
      )
    )
  )
  (ffn): Sequential(
    (0): Dropout(p=0.3, inplace=False)
    (1): Linear(in_features=800, out_features=600, bias=True)
    (2): ReLU()
    (3): Dropout(p=0.3, inplace=False)
    (4): Linear(in_features=600, out_features=1, bias=True)
  )
)
Number of parameters = 1,370,401
Moving model to cuda
Epoch 0
Loss = 7.1270e-01, PNorm = 46.7656, GNorm = 1.1915, lr_0 = 3.4750e-04
Loss = 7.1319e-01, PNorm = 46.7814, GNorm = 1.2085, lr_0 = 5.7250e-04
Loss = 6.7734e-01, PNorm = 46.7836, GNorm = 1.4372, lr_0 = 5.9500e-04
Validation auc = 0.722055
Epoch 1
Loss = 6.7092e-01, PNorm = 46.8166, GNorm = 1.0306, lr_0 = 8.2000e-04
Loss = 6.8576e-01, PNorm = 46.8590, GNorm = 1.0945, lr_0 = 9.9765e-04
Validation auc = 0.786358
Epoch 2
Loss = 6.6388e-01, PNorm = 46.9055, GNorm = 0.7302, lr_0 = 9.8600e-04
Loss = 6.4882e-01, PNorm = 46.9460, GNorm = 0.9572, lr_0 = 9.7449e-04
Validation auc = 0.783353
Epoch 3
Loss = 6.1488e-01, PNorm = 46.9805, GNorm = 0.6015, lr_0 = 9.6310e-04
Loss = 6.2130e-01, PNorm = 47.0159, GNorm = 0.8375, lr_0 = 9.5186e-04
Validation auc = 0.795373
Epoch 4
Loss = 6.1979e-01, PNorm = 47.0493, GNorm = 0.7021, lr_0 = 9.4074e-04
Loss = 6.5759e-01, PNorm = 47.0832, GNorm = 0.7269, lr_0 = 9.2975e-04
Validation auc = 0.808594
Epoch 5
Loss = 6.1709e-01, PNorm = 47.1137, GNorm = 0.6818, lr_0 = 9.1889e-04
Loss = 6.0658e-01, PNorm = 47.1501, GNorm = 0.8938, lr_0 = 9.0816e-04
Validation auc = 0.807392
Epoch 6
Loss = 5.9244e-01, PNorm = 47.1840, GNorm = 0.7254, lr_0 = 8.9650e-04
Loss = 6.1341e-01, PNorm = 47.2188, GNorm = 0.8646, lr_0 = 8.8603e-04
Validation auc = 0.804087
Epoch 7
Loss = 6.3927e-01, PNorm = 47.2607, GNorm = 0.6461, lr_0 = 8.7568e-04
Loss = 5.6896e-01, PNorm = 47.2911, GNorm = 0.6110, lr_0 = 8.6546e-04
Validation auc = 0.796274
Epoch 8
Loss = 5.9873e-01, PNorm = 47.3317, GNorm = 1.0028, lr_0 = 8.5535e-04
Loss = 5.8475e-01, PNorm = 47.3699, GNorm = 0.6129, lr_0 = 8.4536e-04
Validation auc = 0.802284
Epoch 9
Loss = 5.8003e-01, PNorm = 47.4088, GNorm = 1.4339, lr_0 = 8.3549e-04
Loss = 6.0978e-01, PNorm = 47.4473, GNorm = 0.9158, lr_0 = 8.2573e-04
Validation auc = 0.796274
Epoch 10
Loss = 5.3163e-01, PNorm = 47.4817, GNorm = 0.6115, lr_0 = 8.1608e-04
Loss = 5.9846e-01, PNorm = 47.5205, GNorm = 0.7404, lr_0 = 8.0655e-04
Validation auc = 0.803486
Epoch 11
Loss = 5.8444e-01, PNorm = 47.5600, GNorm = 0.6369, lr_0 = 7.9713e-04
Loss = 5.6998e-01, PNorm = 47.5883, GNorm = 1.2471, lr_0 = 7.8782e-04
Validation auc = 0.801382
Epoch 12
Loss = 6.1018e-01, PNorm = 47.6424, GNorm = 0.7115, lr_0 = 7.7771e-04
Loss = 5.7236e-01, PNorm = 47.6952, GNorm = 0.6063, lr_0 = 7.6862e-04
Loss = 5.8629e-01, PNorm = 47.7356, GNorm = 1.1535, lr_0 = 7.5965e-04
Validation auc = 0.799880
Epoch 13
Loss = 5.4994e-01, PNorm = 47.7846, GNorm = 0.6584, lr_0 = 7.5078e-04
Loss = 5.7589e-01, PNorm = 47.8355, GNorm = 1.7158, lr_0 = 7.4201e-04
Validation auc = 0.798077
Epoch 14
Loss = 5.6686e-01, PNorm = 47.8831, GNorm = 0.5668, lr_0 = 7.3334e-04
Loss = 5.5039e-01, PNorm = 47.9374, GNorm = 0.7652, lr_0 = 7.2478e-04
Validation auc = 0.803185
Epoch 15
Loss = 5.3146e-01, PNorm = 47.9897, GNorm = 0.5994, lr_0 = 7.1631e-04
Loss = 5.7680e-01, PNorm = 48.0398, GNorm = 0.6872, lr_0 = 7.0795e-04
Validation auc = 0.797175
Epoch 16
Loss = 5.5042e-01, PNorm = 48.1021, GNorm = 0.7068, lr_0 = 6.9968e-04
Loss = 5.5647e-01, PNorm = 48.1580, GNorm = 0.5996, lr_0 = 6.9151e-04
Validation auc = 0.803786
Epoch 17
Loss = 5.3617e-01, PNorm = 48.2228, GNorm = 0.9410, lr_0 = 6.8263e-04
Loss = 5.6243e-01, PNorm = 48.2844, GNorm = 0.6650, lr_0 = 6.7465e-04
Validation auc = 0.786358
Epoch 18
Loss = 5.4465e-01, PNorm = 48.3499, GNorm = 0.5990, lr_0 = 6.6678e-04
Loss = 5.6086e-01, PNorm = 48.4151, GNorm = 1.0539, lr_0 = 6.5899e-04
Validation auc = 0.794471
Epoch 19
Loss = 5.5161e-01, PNorm = 48.4725, GNorm = 0.6242, lr_0 = 6.5129e-04
Loss = 5.3748e-01, PNorm = 48.5405, GNorm = 0.6895, lr_0 = 6.4369e-04
Validation auc = 0.804387
Epoch 20
Loss = 5.7201e-01, PNorm = 48.6011, GNorm = 0.5656, lr_0 = 6.3617e-04
Loss = 5.4846e-01, PNorm = 48.6619, GNorm = 0.7853, lr_0 = 6.2874e-04
Validation auc = 0.806190
Epoch 21
Loss = 4.9072e-01, PNorm = 48.7154, GNorm = 0.5597, lr_0 = 6.2139e-04
Loss = 5.2490e-01, PNorm = 48.7771, GNorm = 0.9898, lr_0 = 6.1414e-04
Validation auc = 0.804087
Epoch 22
Loss = 5.5472e-01, PNorm = 48.8403, GNorm = 0.6695, lr_0 = 6.0696e-04
Loss = 5.1335e-01, PNorm = 48.9149, GNorm = 0.7126, lr_0 = 5.9988e-04
Validation auc = 0.806190
Epoch 23
Loss = 4.9571e-01, PNorm = 49.0040, GNorm = 0.5973, lr_0 = 5.9217e-04
Loss = 4.8319e-01, PNorm = 49.0788, GNorm = 0.7732, lr_0 = 5.8526e-04
Validation auc = 0.792969
Epoch 24
Loss = 4.1959e-01, PNorm = 49.1500, GNorm = 0.8544, lr_0 = 5.7842e-04
Loss = 5.4745e-01, PNorm = 49.2254, GNorm = 1.4135, lr_0 = 5.7167e-04
Loss = 5.0058e-01, PNorm = 49.2989, GNorm = 1.0967, lr_0 = 5.6499e-04
Validation auc = 0.798077
Epoch 25
Loss = 4.7898e-01, PNorm = 49.3695, GNorm = 0.6694, lr_0 = 5.5839e-04
Loss = 5.3300e-01, PNorm = 49.4290, GNorm = 0.7822, lr_0 = 5.5187e-04
Validation auc = 0.792368
Epoch 26
Loss = 4.7133e-01, PNorm = 49.4977, GNorm = 0.7204, lr_0 = 5.4542e-04
Loss = 4.9965e-01, PNorm = 49.5674, GNorm = 1.5523, lr_0 = 5.3905e-04
Validation auc = 0.807692
Epoch 27
Loss = 4.8764e-01, PNorm = 49.6321, GNorm = 1.1655, lr_0 = 5.3276e-04
Loss = 4.6126e-01, PNorm = 49.7151, GNorm = 0.6198, lr_0 = 5.2654e-04
Validation auc = 0.798978
Epoch 28
Loss = 4.7308e-01, PNorm = 49.7957, GNorm = 0.8782, lr_0 = 5.1978e-04
Loss = 4.7763e-01, PNorm = 49.8722, GNorm = 1.1408, lr_0 = 5.1371e-04
Validation auc = 0.804387
Epoch 29
Loss = 4.5351e-01, PNorm = 49.9496, GNorm = 0.7434, lr_0 = 5.0771e-04
Loss = 4.7220e-01, PNorm = 50.0338, GNorm = 1.1341, lr_0 = 5.0178e-04
Validation auc = 0.803185
Epoch 30
Loss = 4.7224e-01, PNorm = 50.1088, GNorm = 0.7686, lr_0 = 4.9592e-04
Loss = 4.2366e-01, PNorm = 50.1893, GNorm = 0.8033, lr_0 = 4.9012e-04
Validation auc = 0.804688
Epoch 31
Loss = 4.4001e-01, PNorm = 50.2762, GNorm = 1.0961, lr_0 = 4.8440e-04
Loss = 4.4466e-01, PNorm = 50.3480, GNorm = 0.8175, lr_0 = 4.7874e-04
Validation auc = 0.800180
Epoch 32
Loss = 4.5904e-01, PNorm = 50.4248, GNorm = 0.9113, lr_0 = 4.7315e-04
Loss = 4.5687e-01, PNorm = 50.5008, GNorm = 0.6729, lr_0 = 4.6763e-04
Validation auc = 0.823918
Epoch 33
Loss = 4.6019e-01, PNorm = 50.5654, GNorm = 0.9833, lr_0 = 4.6216e-04
Loss = 4.3560e-01, PNorm = 50.6223, GNorm = 1.0831, lr_0 = 4.5677e-04
Validation auc = 0.788462
Epoch 34
Loss = 4.5276e-01, PNorm = 50.6850, GNorm = 1.4459, lr_0 = 4.5090e-04
Loss = 4.3283e-01, PNorm = 50.7609, GNorm = 0.9504, lr_0 = 4.4564e-04
Validation auc = 0.825421
Epoch 35
Loss = 4.2764e-01, PNorm = 50.8252, GNorm = 0.9062, lr_0 = 4.4043e-04
Loss = 4.3112e-01, PNorm = 50.8866, GNorm = 1.0397, lr_0 = 4.3529e-04
Validation auc = 0.791767
Epoch 36
Loss = 3.9496e-01, PNorm = 50.9596, GNorm = 0.9346, lr_0 = 4.3020e-04
Loss = 4.0717e-01, PNorm = 51.0377, GNorm = 0.9159, lr_0 = 4.2518e-04
Loss = 4.3103e-01, PNorm = 51.1022, GNorm = 1.1484, lr_0 = 4.2021e-04
Validation auc = 0.818810
Epoch 37
Loss = 3.7879e-01, PNorm = 51.1602, GNorm = 0.8884, lr_0 = 4.1531e-04
Loss = 4.1374e-01, PNorm = 51.2257, GNorm = 1.3947, lr_0 = 4.1045e-04
Validation auc = 0.814904
Epoch 38
Loss = 3.7080e-01, PNorm = 51.2977, GNorm = 0.7539, lr_0 = 4.0566e-04
Loss = 4.5087e-01, PNorm = 51.3651, GNorm = 1.5602, lr_0 = 4.0092e-04
Validation auc = 0.803786
Epoch 39
Loss = 3.9703e-01, PNorm = 51.4270, GNorm = 0.9464, lr_0 = 3.9578e-04
Loss = 4.0442e-01, PNorm = 51.4856, GNorm = 0.9065, lr_0 = 3.9115e-04
Validation auc = 0.801082
Epoch 40
Loss = 3.8170e-01, PNorm = 51.5464, GNorm = 0.8164, lr_0 = 3.8658e-04
Loss = 3.7662e-01, PNorm = 51.6063, GNorm = 1.3687, lr_0 = 3.8207e-04
Validation auc = 0.800781
Epoch 41
Loss = 3.9815e-01, PNorm = 51.6587, GNorm = 0.9065, lr_0 = 3.7761e-04
Loss = 3.9340e-01, PNorm = 51.7205, GNorm = 1.4551, lr_0 = 3.7320e-04
Validation auc = 0.800781
Epoch 42
Loss = 3.8354e-01, PNorm = 51.7663, GNorm = 0.7503, lr_0 = 3.6884e-04
Loss = 3.7293e-01, PNorm = 51.8185, GNorm = 0.9626, lr_0 = 3.6453e-04
Validation auc = 0.802284
Epoch 43
Loss = 4.0396e-01, PNorm = 51.8658, GNorm = 1.2227, lr_0 = 3.6027e-04
Loss = 3.4862e-01, PNorm = 51.9206, GNorm = 1.6697, lr_0 = 3.5607e-04
Validation auc = 0.812500
Epoch 44
Loss = 3.2149e-01, PNorm = 51.9730, GNorm = 1.3404, lr_0 = 3.5191e-04
Loss = 3.8217e-01, PNorm = 52.0256, GNorm = 1.3215, lr_0 = 3.4780e-04
Validation auc = 0.807692
Epoch 45
Loss = 3.7918e-01, PNorm = 52.0808, GNorm = 0.9849, lr_0 = 3.4333e-04
Loss = 3.3980e-01, PNorm = 52.1312, GNorm = 1.0805, lr_0 = 3.3932e-04
Validation auc = 0.814303
Epoch 46
Loss = 3.4197e-01, PNorm = 52.1793, GNorm = 1.4762, lr_0 = 3.3536e-04
Loss = 3.6485e-01, PNorm = 52.2293, GNorm = 1.6194, lr_0 = 3.3144e-04
Validation auc = 0.795974
Epoch 47
Loss = 3.5456e-01, PNorm = 52.2771, GNorm = 0.9598, lr_0 = 3.2757e-04
Loss = 3.2432e-01, PNorm = 52.3280, GNorm = 1.2750, lr_0 = 3.2375e-04
Validation auc = 0.788161
Epoch 48
Loss = 4.5284e-01, PNorm = 52.3778, GNorm = 1.8030, lr_0 = 3.1996e-04
Loss = 3.4065e-01, PNorm = 52.4156, GNorm = 2.5058, lr_0 = 3.1623e-04
Loss = 3.4350e-01, PNorm = 52.4594, GNorm = 1.5966, lr_0 = 3.1253e-04
Validation auc = 0.787260
Epoch 49
Loss = 3.2749e-01, PNorm = 52.5108, GNorm = 1.9852, lr_0 = 3.0888e-04
Loss = 3.6474e-01, PNorm = 52.5596, GNorm = 1.4886, lr_0 = 3.0528e-04
Validation auc = 0.799880
Epoch 50
Loss = 3.2721e-01, PNorm = 52.5995, GNorm = 1.7861, lr_0 = 3.0171e-04
Loss = 3.0591e-01, PNorm = 52.6413, GNorm = 1.2108, lr_0 = 2.9819e-04
Validation auc = 0.787861
Epoch 51
Loss = 2.8908e-01, PNorm = 52.6908, GNorm = 1.0377, lr_0 = 2.9436e-04
Loss = 3.0050e-01, PNorm = 52.7367, GNorm = 1.7660, lr_0 = 2.9092e-04
Validation auc = 0.797776
Epoch 52
Loss = 3.3808e-01, PNorm = 52.7728, GNorm = 1.3865, lr_0 = 2.8752e-04
Loss = 3.2591e-01, PNorm = 52.8117, GNorm = 3.1496, lr_0 = 2.8417e-04
Validation auc = 0.794471
Epoch 53
Loss = 2.9384e-01, PNorm = 52.8492, GNorm = 0.8455, lr_0 = 2.8085e-04
Loss = 2.8413e-01, PNorm = 52.8893, GNorm = 0.9042, lr_0 = 2.7757e-04
Validation auc = 0.806791
Epoch 54
Loss = 3.1879e-01, PNorm = 52.9292, GNorm = 2.6194, lr_0 = 2.7432e-04
Loss = 3.0574e-01, PNorm = 52.9645, GNorm = 1.0395, lr_0 = 2.7112e-04
Validation auc = 0.778546
Epoch 55
Loss = 3.2740e-01, PNorm = 53.0023, GNorm = 1.9878, lr_0 = 2.6795e-04
Loss = 2.8424e-01, PNorm = 53.0416, GNorm = 1.6166, lr_0 = 2.6483e-04
Validation auc = 0.792668
Epoch 56
Loss = 3.2627e-01, PNorm = 53.0766, GNorm = 2.6349, lr_0 = 2.6142e-04
Loss = 3.0101e-01, PNorm = 53.1055, GNorm = 1.0014, lr_0 = 2.5837e-04
Validation auc = 0.793870
Epoch 57
Loss = 2.5744e-01, PNorm = 53.1452, GNorm = 1.5156, lr_0 = 2.5535e-04
Loss = 2.8520e-01, PNorm = 53.1844, GNorm = 1.6898, lr_0 = 2.5237e-04
Validation auc = 0.808594
Epoch 58
Loss = 2.8943e-01, PNorm = 53.2182, GNorm = 1.7624, lr_0 = 2.4942e-04
Loss = 2.6039e-01, PNorm = 53.2533, GNorm = 1.3185, lr_0 = 2.4651e-04
Validation auc = 0.805589
Epoch 59
Loss = 1.9362e-01, PNorm = 53.2883, GNorm = 1.3114, lr_0 = 2.4363e-04
Loss = 2.7262e-01, PNorm = 53.3185, GNorm = 1.6382, lr_0 = 2.4079e-04
Validation auc = 0.794471
Epoch 60
Loss = 3.6743e-01, PNorm = 53.3472, GNorm = 2.7786, lr_0 = 2.3797e-04
Loss = 2.8914e-01, PNorm = 53.3772, GNorm = 1.7270, lr_0 = 2.3520e-04
Loss = 2.3408e-01, PNorm = 53.4099, GNorm = 1.9935, lr_0 = 2.3245e-04
Validation auc = 0.792368
Epoch 61
Loss = 2.3006e-01, PNorm = 53.4431, GNorm = 1.8897, lr_0 = 2.2973e-04
Loss = 2.6669e-01, PNorm = 53.4740, GNorm = 1.3940, lr_0 = 2.2705e-04
Loss = 1.1662e-01, PNorm = 53.4775, GNorm = 0.8190, lr_0 = 2.2678e-04
Validation auc = 0.789663
Epoch 62
Loss = 2.3572e-01, PNorm = 53.5088, GNorm = 1.5819, lr_0 = 2.2414e-04
Loss = 2.5224e-01, PNorm = 53.5318, GNorm = 1.9847, lr_0 = 2.2152e-04
Validation auc = 0.787861
Epoch 63
Loss = 2.7735e-01, PNorm = 53.5562, GNorm = 1.1576, lr_0 = 2.1893e-04
Loss = 2.3427e-01, PNorm = 53.5845, GNorm = 3.6547, lr_0 = 2.1637e-04
Validation auc = 0.776142
Epoch 64
Loss = 2.3304e-01, PNorm = 53.6148, GNorm = 1.0922, lr_0 = 2.1385e-04
Loss = 2.3247e-01, PNorm = 53.6427, GNorm = 0.9581, lr_0 = 2.1135e-04
Validation auc = 0.779447
Epoch 65
Loss = 2.5242e-01, PNorm = 53.6640, GNorm = 1.5516, lr_0 = 2.0888e-04
Loss = 2.2587e-01, PNorm = 53.6855, GNorm = 1.6143, lr_0 = 2.0644e-04
Validation auc = 0.778546
Epoch 66
Loss = 2.3714e-01, PNorm = 53.7125, GNorm = 1.7107, lr_0 = 2.0403e-04
Loss = 2.1527e-01, PNorm = 53.7370, GNorm = 2.6017, lr_0 = 2.0165e-04
Validation auc = 0.791767
Epoch 67
Loss = 2.0106e-01, PNorm = 53.7622, GNorm = 1.0538, lr_0 = 1.9906e-04
Loss = 2.3376e-01, PNorm = 53.7858, GNorm = 1.5059, lr_0 = 1.9673e-04
Validation auc = 0.787260
Epoch 68
Loss = 2.3903e-01, PNorm = 53.8115, GNorm = 1.5501, lr_0 = 1.9444e-04
Loss = 2.3207e-01, PNorm = 53.8319, GNorm = 1.9991, lr_0 = 1.9216e-04
Validation auc = 0.790264
Epoch 69
Loss = 2.2092e-01, PNorm = 53.8488, GNorm = 2.4808, lr_0 = 1.8992e-04
Loss = 2.0672e-01, PNorm = 53.8724, GNorm = 1.5292, lr_0 = 1.8770e-04
Validation auc = 0.787560
Epoch 70
Loss = 1.9876e-01, PNorm = 53.8960, GNorm = 3.0162, lr_0 = 1.8551e-04
Loss = 1.9363e-01, PNorm = 53.9174, GNorm = 0.8900, lr_0 = 1.8334e-04
Validation auc = 0.794471
Epoch 71
Loss = 2.2881e-01, PNorm = 53.9375, GNorm = 2.0516, lr_0 = 1.8120e-04
Loss = 2.1407e-01, PNorm = 53.9586, GNorm = 1.8358, lr_0 = 1.7909e-04
Validation auc = 0.803786
Epoch 72
Loss = 2.3405e-01, PNorm = 53.9771, GNorm = 1.8132, lr_0 = 1.7699e-04
Loss = 2.0783e-01, PNorm = 53.9956, GNorm = 1.6311, lr_0 = 1.7493e-04
Validation auc = 0.790865
Epoch 73
Loss = 1.6389e-01, PNorm = 54.0135, GNorm = 1.3646, lr_0 = 1.7268e-04
Loss = 1.9773e-01, PNorm = 54.0337, GNorm = 1.3833, lr_0 = 1.7066e-04
Loss = 2.2520e-01, PNorm = 54.0492, GNorm = 1.5240, lr_0 = 1.6867e-04
Validation auc = 0.785156
Epoch 74
Loss = 2.1159e-01, PNorm = 54.0677, GNorm = 1.5789, lr_0 = 1.6670e-04
Loss = 2.0801e-01, PNorm = 54.0866, GNorm = 2.1758, lr_0 = 1.6475e-04
Validation auc = 0.792668
Epoch 75
Loss = 1.7050e-01, PNorm = 54.1061, GNorm = 1.7383, lr_0 = 1.6283e-04
Loss = 1.9974e-01, PNorm = 54.1254, GNorm = 1.3628, lr_0 = 1.6093e-04
Validation auc = 0.784255
Epoch 76
Loss = 1.8377e-01, PNorm = 54.1428, GNorm = 2.4474, lr_0 = 1.5905e-04
Loss = 1.9282e-01, PNorm = 54.1590, GNorm = 1.3730, lr_0 = 1.5719e-04
Validation auc = 0.777644
Epoch 77
Loss = 1.8697e-01, PNorm = 54.1787, GNorm = 1.8856, lr_0 = 1.5536e-04
Loss = 1.6742e-01, PNorm = 54.1949, GNorm = 2.0748, lr_0 = 1.5354e-04
Validation auc = 0.785457
Epoch 78
Loss = 2.3742e-01, PNorm = 54.2100, GNorm = 1.9523, lr_0 = 1.5157e-04
Loss = 1.6609e-01, PNorm = 54.2234, GNorm = 1.9856, lr_0 = 1.4980e-04
Validation auc = 0.779748
Epoch 79
Loss = 1.5814e-01, PNorm = 54.2385, GNorm = 1.1871, lr_0 = 1.4805e-04
Loss = 2.0223e-01, PNorm = 54.2540, GNorm = 1.9104, lr_0 = 1.4632e-04
Validation auc = 0.793870
Epoch 80
Loss = 2.1852e-01, PNorm = 54.2669, GNorm = 1.7122, lr_0 = 1.4461e-04
Loss = 1.9707e-01, PNorm = 54.2837, GNorm = 2.2987, lr_0 = 1.4292e-04
Validation auc = 0.775541
Epoch 81
Loss = 2.1185e-01, PNorm = 54.2981, GNorm = 1.6044, lr_0 = 1.4125e-04
Loss = 1.7802e-01, PNorm = 54.3126, GNorm = 1.3019, lr_0 = 1.3960e-04
Validation auc = 0.782151
Epoch 82
Loss = 2.0826e-01, PNorm = 54.3282, GNorm = 1.5116, lr_0 = 1.3797e-04
Loss = 1.7715e-01, PNorm = 54.3426, GNorm = 2.0526, lr_0 = 1.3636e-04
Validation auc = 0.783954
Epoch 83
Loss = 1.4062e-01, PNorm = 54.3584, GNorm = 1.4154, lr_0 = 1.3477e-04
Loss = 1.5671e-01, PNorm = 54.3728, GNorm = 2.0533, lr_0 = 1.3320e-04
Validation auc = 0.789663
Epoch 84
Loss = 1.9051e-01, PNorm = 54.3849, GNorm = 3.3276, lr_0 = 1.3149e-04
Loss = 1.7418e-01, PNorm = 54.3939, GNorm = 1.1606, lr_0 = 1.2995e-04
Validation auc = 0.782452
Epoch 85
Loss = 1.5416e-01, PNorm = 54.4060, GNorm = 1.5002, lr_0 = 1.2843e-04
Loss = 1.7668e-01, PNorm = 54.4208, GNorm = 2.6838, lr_0 = 1.2693e-04
Loss = 1.6615e-01, PNorm = 54.4338, GNorm = 2.1136, lr_0 = 1.2545e-04
Validation auc = 0.797175
Epoch 86
Loss = 1.5821e-01, PNorm = 54.4463, GNorm = 3.2437, lr_0 = 1.2398e-04
Loss = 1.6023e-01, PNorm = 54.4561, GNorm = 2.1318, lr_0 = 1.2254e-04
Validation auc = 0.797476
Epoch 87
Loss = 1.8596e-01, PNorm = 54.4682, GNorm = 1.9442, lr_0 = 1.2111e-04
Loss = 1.6455e-01, PNorm = 54.4786, GNorm = 1.7953, lr_0 = 1.1969e-04
Validation auc = 0.798678
Epoch 88
Loss = 1.5340e-01, PNorm = 54.4911, GNorm = 1.9203, lr_0 = 1.1829e-04
Loss = 1.5220e-01, PNorm = 54.5030, GNorm = 2.6390, lr_0 = 1.1691e-04
Validation auc = 0.789814
Epoch 89
Loss = 1.1440e-01, PNorm = 54.5153, GNorm = 1.8516, lr_0 = 1.1541e-04
Loss = 1.6582e-01, PNorm = 54.5251, GNorm = 2.7673, lr_0 = 1.1406e-04
Validation auc = 0.787861
Epoch 90
Loss = 1.4334e-01, PNorm = 54.5325, GNorm = 2.4909, lr_0 = 1.1273e-04
Loss = 1.5552e-01, PNorm = 54.5429, GNorm = 2.4869, lr_0 = 1.1141e-04
Validation auc = 0.787560
Epoch 91
Loss = 1.7568e-01, PNorm = 54.5512, GNorm = 1.3780, lr_0 = 1.1011e-04
Loss = 1.6064e-01, PNorm = 54.5620, GNorm = 1.6820, lr_0 = 1.0883e-04
Validation auc = 0.790264
Epoch 92
Loss = 1.7258e-01, PNorm = 54.5712, GNorm = 1.6228, lr_0 = 1.0756e-04
Loss = 1.3354e-01, PNorm = 54.5817, GNorm = 1.7187, lr_0 = 1.0630e-04
Validation auc = 0.790865
Epoch 93
Loss = 1.5928e-01, PNorm = 54.5907, GNorm = 1.5594, lr_0 = 1.0506e-04
Loss = 1.5048e-01, PNorm = 54.5983, GNorm = 2.1593, lr_0 = 1.0383e-04
Validation auc = 0.778846
Epoch 94
Loss = 1.4993e-01, PNorm = 54.6084, GNorm = 1.6794, lr_0 = 1.0262e-04
Loss = 1.5009e-01, PNorm = 54.6197, GNorm = 2.3964, lr_0 = 1.0142e-04
Validation auc = 0.771484
Epoch 95
Loss = 1.9619e-01, PNorm = 54.6277, GNorm = 2.7387, lr_0 = 1.0012e-04
Loss = 1.5127e-01, PNorm = 54.6344, GNorm = 1.8795, lr_0 = 1.0000e-04
Validation auc = 0.789964
Epoch 96
Loss = 8.1980e-02, PNorm = 54.6417, GNorm = 1.2520, lr_0 = 1.0000e-04
Loss = 1.6983e-01, PNorm = 54.6508, GNorm = 2.0837, lr_0 = 1.0000e-04
Validation auc = 0.776442
Epoch 97
Loss = 1.2431e-01, PNorm = 54.6582, GNorm = 1.1271, lr_0 = 1.0000e-04
Loss = 1.5087e-01, PNorm = 54.6662, GNorm = 1.0624, lr_0 = 1.0000e-04
Loss = 1.4919e-01, PNorm = 54.6734, GNorm = 1.7951, lr_0 = 1.0000e-04
Validation auc = 0.778846
Epoch 98
Loss = 1.4681e-01, PNorm = 54.6828, GNorm = 2.1400, lr_0 = 1.0000e-04
Loss = 1.7418e-01, PNorm = 54.6895, GNorm = 1.8533, lr_0 = 1.0000e-04
Validation auc = 0.801983
Epoch 99
Loss = 1.0893e-01, PNorm = 54.6973, GNorm = 1.9020, lr_0 = 1.0000e-04
Loss = 1.7609e-01, PNorm = 54.7057, GNorm = 1.6001, lr_0 = 1.0000e-04
Validation auc = 0.791917
Model 0 best validation auc = 0.825421 on epoch 34
Loading pretrained parameter "encoder.encoder.0.cached_zero_vector".
Loading pretrained parameter "encoder.encoder.0.W_i.weight".
Loading pretrained parameter "encoder.encoder.0.W_h.weight".
Loading pretrained parameter "encoder.encoder.0.W_o.weight".
Loading pretrained parameter "encoder.encoder.0.W_o.bias".
Loading pretrained parameter "ffn.1.weight".
Loading pretrained parameter "ffn.1.bias".
Loading pretrained parameter "ffn.4.weight".
Loading pretrained parameter "ffn.4.bias".
Moving model to cuda
Model 0 test auc = 0.775881
Ensemble test auc = 0.775881
1-fold cross validation
	Seed 0 ==> test auc = 0.775881
Overall test auc = 0.775881 +/- 0.000000
Elapsed time = 0:02:22
