Command line
python /home/jxy/anaconda3/envs/chemprop_1119/bin/chemprop_train --data_path data/alldata_chemprop_canonical.csv --dataset_type classification --save_dir muta_checkpoints
Args
{'activation': 'ReLU',
 'aggregation': 'mean',
 'aggregation_norm': 100,
 'alternative_loss_function': None,
 'atom_descriptor_scaling': True,
 'atom_descriptors': None,
 'atom_descriptors_path': None,
 'atom_descriptors_size': 0,
 'atom_features_size': 0,
 'atom_messages': False,
 'batch_size': 50,
 'bias': False,
 'bond_feature_scaling': True,
 'bond_features_path': None,
 'bond_features_size': 0,
 'cache_cutoff': 10000,
 'checkpoint_dir': None,
 'checkpoint_frzn': None,
 'checkpoint_path': None,
 'checkpoint_paths': None,
 'class_balance': False,
 'config_path': None,
 'crossval_index_dir': None,
 'crossval_index_file': None,
 'crossval_index_sets': None,
 'cuda': True,
 'data_path': 'data/alldata_chemprop_canonical.csv',
 'data_weights_path': None,
 'dataset_type': 'classification',
 'depth': 3,
 'device': device(type='cuda'),
 'dropout': 0.0,
 'empty_cache': False,
 'ensemble_size': 1,
 'epochs': 30,
 'explicit_h': False,
 'extra_metrics': [],
 'features_generator': None,
 'features_only': False,
 'features_path': None,
 'features_scaling': True,
 'features_size': None,
 'ffn_hidden_size': 300,
 'ffn_num_layers': 2,
 'final_lr': 0.0001,
 'folds_file': None,
 'freeze_first_only': False,
 'frzn_ffn_layers': 0,
 'gpu': None,
 'grad_clip': None,
 'hidden_size': 300,
 'ignore_columns': None,
 'init_lr': 0.0001,
 'log_frequency': 10,
 'max_data_size': None,
 'max_lr': 0.001,
 'metric': 'auc',
 'metrics': ['auc'],
 'minimize_score': False,
 'mpn_shared': False,
 'multiclass_num_classes': 3,
 'no_atom_descriptor_scaling': False,
 'no_bond_features_scaling': False,
 'no_cache_mol': False,
 'no_cuda': False,
 'no_features_scaling': False,
 'num_folds': 1,
 'num_lrs': 1,
 'num_tasks': 1,
 'num_workers': 8,
 'number_of_molecules': 1,
 'overwrite_default_atom_features': False,
 'overwrite_default_bond_features': False,
 'phase_features_path': None,
 'pytorch_seed': 0,
 'quiet': False,
 'reaction': False,
 'reaction_mode': 'reac_diff',
 'resume_experiment': False,
 'save_dir': 'muta_checkpoints',
 'save_preds': False,
 'save_smiles_splits': False,
 'seed': 0,
 'separate_test_atom_descriptors_path': None,
 'separate_test_bond_features_path': None,
 'separate_test_features_path': None,
 'separate_test_path': None,
 'separate_test_phase_features_path': None,
 'separate_val_atom_descriptors_path': None,
 'separate_val_bond_features_path': None,
 'separate_val_features_path': None,
 'separate_val_path': None,
 'separate_val_phase_features_path': None,
 'show_individual_scores': False,
 'smiles_columns': ['Smile'],
 'spectra_activation': 'exp',
 'spectra_phase_mask_path': None,
 'spectra_target_floor': 1e-08,
 'split_sizes': (0.8, 0.1, 0.1),
 'split_type': 'random',
 'target_columns': None,
 'target_weights': None,
 'task_names': ['Label'],
 'test': False,
 'test_fold_index': None,
 'train_data_size': None,
 'undirected': False,
 'use_input_features': False,
 'val_fold_index': None,
 'warmup_epochs': 2.0}
Setting molecule featurization parameters to default.
Loading data
Number of tasks = 1
Fold 0
Splitting data with seed 0
Class sizes
Label 0: 46.25%, 1: 53.75%
Total size = 6,506 | train size = 5,204 | val size = 651 | test size = 651
Building model 0
MoleculeModel(
  (sigmoid): Sigmoid()
  (encoder): MPN(
    (encoder): ModuleList(
      (0): MPNEncoder(
        (dropout_layer): Dropout(p=0.0, inplace=False)
        (act_func): ReLU()
        (W_i): Linear(in_features=147, out_features=300, bias=False)
        (W_h): Linear(in_features=300, out_features=300, bias=False)
        (W_o): Linear(in_features=433, out_features=300, bias=True)
      )
    )
  )
  (ffn): Sequential(
    (0): Dropout(p=0.0, inplace=False)
    (1): Linear(in_features=300, out_features=300, bias=True)
    (2): ReLU()
    (3): Dropout(p=0.0, inplace=False)
    (4): Linear(in_features=300, out_features=1, bias=True)
  )
)
Number of parameters = 355,201
Moving model to cuda
Epoch 0
Loss = 6.6781e-01, PNorm = 34.0113, GNorm = 1.4427, lr_0 = 1.4760e-04
Loss = 6.7274e-01, PNorm = 34.0134, GNorm = 0.2782, lr_0 = 1.9087e-04
Loss = 6.5409e-01, PNorm = 34.0163, GNorm = 0.6426, lr_0 = 2.3413e-04
Loss = 6.1967e-01, PNorm = 34.0235, GNorm = 1.5578, lr_0 = 2.7740e-04
Loss = 6.4129e-01, PNorm = 34.0320, GNorm = 0.7365, lr_0 = 3.2067e-04
Loss = 6.1535e-01, PNorm = 34.0468, GNorm = 1.3331, lr_0 = 3.6394e-04
Loss = 5.9982e-01, PNorm = 34.0686, GNorm = 1.6794, lr_0 = 4.0721e-04
Loss = 6.1190e-01, PNorm = 34.0927, GNorm = 0.6683, lr_0 = 4.5048e-04
Loss = 5.8492e-01, PNorm = 34.1198, GNorm = 1.9842, lr_0 = 4.9375e-04
Loss = 6.0981e-01, PNorm = 34.1520, GNorm = 2.5621, lr_0 = 5.3702e-04
Validation auc = 0.796163
Epoch 1
Loss = 6.6379e-01, PNorm = 34.1844, GNorm = 0.6195, lr_0 = 5.8462e-04
Loss = 5.9726e-01, PNorm = 34.2239, GNorm = 0.2848, lr_0 = 6.2788e-04
Loss = 5.9465e-01, PNorm = 34.2718, GNorm = 1.0476, lr_0 = 6.7115e-04
Loss = 5.6778e-01, PNorm = 34.3299, GNorm = 0.5788, lr_0 = 7.1442e-04
Loss = 5.7484e-01, PNorm = 34.3694, GNorm = 1.2500, lr_0 = 7.5769e-04
Loss = 5.6178e-01, PNorm = 34.4074, GNorm = 1.0282, lr_0 = 8.0096e-04
Loss = 5.7282e-01, PNorm = 34.4461, GNorm = 0.4928, lr_0 = 8.4423e-04
Loss = 5.7508e-01, PNorm = 34.4963, GNorm = 1.9537, lr_0 = 8.8750e-04
Loss = 5.1604e-01, PNorm = 34.5638, GNorm = 0.5864, lr_0 = 9.3077e-04
Loss = 5.1870e-01, PNorm = 34.6432, GNorm = 1.1604, lr_0 = 9.7404e-04
Validation auc = 0.813169
Epoch 2
Loss = 5.6662e-01, PNorm = 34.6867, GNorm = 0.9367, lr_0 = 9.9605e-04
Loss = 5.4381e-01, PNorm = 34.7675, GNorm = 0.5628, lr_0 = 9.8821e-04
Loss = 5.0723e-01, PNorm = 34.8530, GNorm = 0.4184, lr_0 = 9.8043e-04
Loss = 5.4287e-01, PNorm = 34.9193, GNorm = 0.9677, lr_0 = 9.7270e-04
Loss = 5.2423e-01, PNorm = 34.9713, GNorm = 1.2339, lr_0 = 9.6504e-04
Loss = 5.1889e-01, PNorm = 35.0306, GNorm = 0.8284, lr_0 = 9.5744e-04
Loss = 5.1612e-01, PNorm = 35.0938, GNorm = 0.8648, lr_0 = 9.4990e-04
Loss = 5.4067e-01, PNorm = 35.1465, GNorm = 1.0320, lr_0 = 9.4242e-04
Loss = 4.9012e-01, PNorm = 35.2066, GNorm = 0.9567, lr_0 = 9.3500e-04
Loss = 5.1490e-01, PNorm = 35.2545, GNorm = 0.4107, lr_0 = 9.2763e-04
Loss = 4.8703e-01, PNorm = 35.3068, GNorm = 0.9328, lr_0 = 9.2033e-04
Validation auc = 0.845382
Epoch 3
Loss = 5.2301e-01, PNorm = 35.3557, GNorm = 1.2774, lr_0 = 9.1236e-04
Loss = 5.6869e-01, PNorm = 35.3915, GNorm = 0.7054, lr_0 = 9.0517e-04
Loss = 4.9785e-01, PNorm = 35.4436, GNorm = 0.7063, lr_0 = 8.9804e-04
Loss = 5.0631e-01, PNorm = 35.5018, GNorm = 1.3784, lr_0 = 8.9097e-04
Loss = 5.1149e-01, PNorm = 35.5435, GNorm = 1.6815, lr_0 = 8.8395e-04
Loss = 5.5681e-01, PNorm = 35.5896, GNorm = 1.0659, lr_0 = 8.7699e-04
Loss = 4.6773e-01, PNorm = 35.6434, GNorm = 0.5504, lr_0 = 8.7008e-04
Loss = 4.8188e-01, PNorm = 35.6970, GNorm = 0.9600, lr_0 = 8.6323e-04
Loss = 5.1340e-01, PNorm = 35.7238, GNorm = 1.0485, lr_0 = 8.5643e-04
Loss = 4.8369e-01, PNorm = 35.7534, GNorm = 1.3199, lr_0 = 8.4969e-04
Validation auc = 0.863655
Epoch 4
Loss = 4.6417e-01, PNorm = 35.8131, GNorm = 0.7290, lr_0 = 8.4233e-04
Loss = 4.5697e-01, PNorm = 35.8638, GNorm = 1.5881, lr_0 = 8.3569e-04
Loss = 4.8940e-01, PNorm = 35.9051, GNorm = 0.8376, lr_0 = 8.2911e-04
Loss = 4.4369e-01, PNorm = 35.9513, GNorm = 0.5445, lr_0 = 8.2258e-04
Loss = 4.5801e-01, PNorm = 36.0032, GNorm = 0.4094, lr_0 = 8.1610e-04
Loss = 4.5411e-01, PNorm = 36.0623, GNorm = 0.9467, lr_0 = 8.0967e-04
Loss = 4.6575e-01, PNorm = 36.1031, GNorm = 1.1620, lr_0 = 8.0330e-04
Loss = 4.4033e-01, PNorm = 36.1563, GNorm = 0.8843, lr_0 = 7.9697e-04
Loss = 4.9502e-01, PNorm = 36.1921, GNorm = 0.9282, lr_0 = 7.9069e-04
Loss = 4.8200e-01, PNorm = 36.2339, GNorm = 0.5755, lr_0 = 7.8447e-04
Loss = 4.8840e-01, PNorm = 36.2636, GNorm = 0.5873, lr_0 = 7.7829e-04
Loss = 1.0144e+00, PNorm = 36.2657, GNorm = 3.5035, lr_0 = 7.7767e-04
Validation auc = 0.862379
Epoch 5
Loss = 4.2757e-01, PNorm = 36.3097, GNorm = 0.8146, lr_0 = 7.7155e-04
Loss = 4.7642e-01, PNorm = 36.3617, GNorm = 0.6830, lr_0 = 7.6547e-04
Loss = 5.1217e-01, PNorm = 36.3997, GNorm = 0.6186, lr_0 = 7.5944e-04
Loss = 4.4378e-01, PNorm = 36.4378, GNorm = 0.4704, lr_0 = 7.5346e-04
Loss = 4.6022e-01, PNorm = 36.4748, GNorm = 1.7216, lr_0 = 7.4753e-04
Loss = 4.6954e-01, PNorm = 36.5174, GNorm = 0.4337, lr_0 = 7.4164e-04
Loss = 4.6924e-01, PNorm = 36.5542, GNorm = 0.8211, lr_0 = 7.3580e-04
Loss = 4.2018e-01, PNorm = 36.5773, GNorm = 0.5885, lr_0 = 7.3000e-04
Loss = 4.4071e-01, PNorm = 36.6193, GNorm = 1.4754, lr_0 = 7.2425e-04
Loss = 4.2376e-01, PNorm = 36.6592, GNorm = 1.2361, lr_0 = 7.1855e-04
Validation auc = 0.875386
Epoch 6
Loss = 4.9698e-01, PNorm = 36.7099, GNorm = 0.6797, lr_0 = 7.1233e-04
Loss = 4.1298e-01, PNorm = 36.7496, GNorm = 0.7304, lr_0 = 7.0672e-04
Loss = 4.6549e-01, PNorm = 36.7950, GNorm = 0.4397, lr_0 = 7.0115e-04
Loss = 4.2423e-01, PNorm = 36.8331, GNorm = 1.4825, lr_0 = 6.9563e-04
Loss = 4.3681e-01, PNorm = 36.8752, GNorm = 0.7532, lr_0 = 6.9015e-04
Loss = 4.4846e-01, PNorm = 36.9070, GNorm = 1.0622, lr_0 = 6.8471e-04
Loss = 4.2049e-01, PNorm = 36.9435, GNorm = 1.3237, lr_0 = 6.7932e-04
Loss = 4.5518e-01, PNorm = 36.9831, GNorm = 1.5463, lr_0 = 6.7397e-04
Loss = 4.5303e-01, PNorm = 37.0124, GNorm = 0.7931, lr_0 = 6.6866e-04
Loss = 4.0695e-01, PNorm = 37.0495, GNorm = 0.8407, lr_0 = 6.6339e-04
Validation auc = 0.879204
Epoch 7
Loss = 3.6633e-01, PNorm = 37.0970, GNorm = 0.6983, lr_0 = 6.5765e-04
Loss = 4.5100e-01, PNorm = 37.1382, GNorm = 0.6379, lr_0 = 6.5247e-04
Loss = 4.2439e-01, PNorm = 37.1759, GNorm = 0.5934, lr_0 = 6.4733e-04
Loss = 3.8688e-01, PNorm = 37.2263, GNorm = 1.6243, lr_0 = 6.4223e-04
Loss = 4.1548e-01, PNorm = 37.2695, GNorm = 0.8411, lr_0 = 6.3717e-04
Loss = 4.4505e-01, PNorm = 37.2923, GNorm = 0.7932, lr_0 = 6.3216e-04
Loss = 4.3016e-01, PNorm = 37.3246, GNorm = 0.6494, lr_0 = 6.2718e-04
Loss = 4.4796e-01, PNorm = 37.3615, GNorm = 0.8128, lr_0 = 6.2224e-04
Loss = 4.2990e-01, PNorm = 37.3871, GNorm = 0.9369, lr_0 = 6.1734e-04
Loss = 4.7445e-01, PNorm = 37.4186, GNorm = 0.7392, lr_0 = 6.1247e-04
Loss = 3.9228e-01, PNorm = 37.4564, GNorm = 0.9814, lr_0 = 6.0765e-04
Validation auc = 0.874633
Epoch 8
Loss = 4.3157e-01, PNorm = 37.4880, GNorm = 0.8415, lr_0 = 6.0239e-04
Loss = 4.0545e-01, PNorm = 37.5237, GNorm = 0.7029, lr_0 = 5.9764e-04
Loss = 4.1680e-01, PNorm = 37.5591, GNorm = 1.0120, lr_0 = 5.9294e-04
Loss = 4.0202e-01, PNorm = 37.5921, GNorm = 0.5489, lr_0 = 5.8827e-04
Loss = 4.0428e-01, PNorm = 37.6347, GNorm = 0.7116, lr_0 = 5.8363e-04
Loss = 4.1036e-01, PNorm = 37.6754, GNorm = 0.4509, lr_0 = 5.7904e-04
Loss = 4.1595e-01, PNorm = 37.7038, GNorm = 0.8327, lr_0 = 5.7448e-04
Loss = 4.0547e-01, PNorm = 37.7378, GNorm = 1.7728, lr_0 = 5.6995e-04
Loss = 4.4125e-01, PNorm = 37.7809, GNorm = 0.5562, lr_0 = 5.6546e-04
Loss = 4.3047e-01, PNorm = 37.8076, GNorm = 0.6009, lr_0 = 5.6101e-04
Validation auc = 0.866159
Epoch 9
Loss = 4.1617e-01, PNorm = 37.8404, GNorm = 0.6135, lr_0 = 5.5615e-04
Loss = 3.9953e-01, PNorm = 37.8878, GNorm = 0.4879, lr_0 = 5.5177e-04
Loss = 4.3896e-01, PNorm = 37.9224, GNorm = 0.8159, lr_0 = 5.4742e-04
Loss = 3.8019e-01, PNorm = 37.9534, GNorm = 0.5897, lr_0 = 5.4311e-04
Loss = 3.7961e-01, PNorm = 37.9908, GNorm = 0.5961, lr_0 = 5.3884e-04
Loss = 4.1705e-01, PNorm = 38.0235, GNorm = 0.8836, lr_0 = 5.3459e-04
Loss = 3.7529e-01, PNorm = 38.0509, GNorm = 0.8289, lr_0 = 5.3038e-04
Loss = 4.3397e-01, PNorm = 38.0765, GNorm = 0.6958, lr_0 = 5.2620e-04
Loss = 3.8732e-01, PNorm = 38.1155, GNorm = 0.6964, lr_0 = 5.2206e-04
Loss = 4.2823e-01, PNorm = 38.1503, GNorm = 0.9788, lr_0 = 5.1795e-04
Loss = 3.7322e-01, PNorm = 38.1777, GNorm = 0.6717, lr_0 = 5.1387e-04
Loss = 4.8098e-01, PNorm = 38.1805, GNorm = 2.4866, lr_0 = 5.1346e-04
Validation auc = 0.879423
Epoch 10
Loss = 3.9527e-01, PNorm = 38.2173, GNorm = 0.5999, lr_0 = 5.0942e-04
Loss = 3.8388e-01, PNorm = 38.2559, GNorm = 0.8373, lr_0 = 5.0541e-04
Loss = 3.6682e-01, PNorm = 38.2958, GNorm = 0.6767, lr_0 = 5.0143e-04
Loss = 3.8140e-01, PNorm = 38.3269, GNorm = 1.0105, lr_0 = 4.9748e-04
Loss = 4.1512e-01, PNorm = 38.3420, GNorm = 0.5384, lr_0 = 4.9356e-04
Loss = 3.7528e-01, PNorm = 38.3687, GNorm = 0.9715, lr_0 = 4.8967e-04
Loss = 3.9865e-01, PNorm = 38.3992, GNorm = 0.7806, lr_0 = 4.8581e-04
Loss = 3.4709e-01, PNorm = 38.4381, GNorm = 0.8889, lr_0 = 4.8199e-04
Loss = 4.1812e-01, PNorm = 38.4706, GNorm = 1.1449, lr_0 = 4.7819e-04
Loss = 3.9494e-01, PNorm = 38.4996, GNorm = 0.7481, lr_0 = 4.7443e-04
Validation auc = 0.881108
Epoch 11
Loss = 3.4795e-01, PNorm = 38.5331, GNorm = 0.9321, lr_0 = 4.7032e-04
Loss = 3.9360e-01, PNorm = 38.5721, GNorm = 1.2460, lr_0 = 4.6661e-04
Loss = 3.7584e-01, PNorm = 38.6041, GNorm = 0.5801, lr_0 = 4.6294e-04
Loss = 3.5703e-01, PNorm = 38.6396, GNorm = 0.8687, lr_0 = 4.5929e-04
Loss = 3.4958e-01, PNorm = 38.6767, GNorm = 1.2192, lr_0 = 4.5567e-04
Loss = 3.3510e-01, PNorm = 38.7023, GNorm = 1.4149, lr_0 = 4.5208e-04
Loss = 3.8558e-01, PNorm = 38.7316, GNorm = 1.2368, lr_0 = 4.4852e-04
Loss = 4.0408e-01, PNorm = 38.7583, GNorm = 1.0191, lr_0 = 4.4499e-04
Loss = 3.6301e-01, PNorm = 38.7870, GNorm = 0.7533, lr_0 = 4.4149e-04
Loss = 4.1308e-01, PNorm = 38.8157, GNorm = 0.9195, lr_0 = 4.3801e-04
Validation auc = 0.878699
Epoch 12
Loss = 3.1155e-01, PNorm = 38.8448, GNorm = 0.6777, lr_0 = 4.3422e-04
Loss = 4.4904e-01, PNorm = 38.8856, GNorm = 1.4921, lr_0 = 4.3080e-04
Loss = 4.0953e-01, PNorm = 38.9160, GNorm = 1.0774, lr_0 = 4.2740e-04
Loss = 3.8493e-01, PNorm = 38.9564, GNorm = 1.3048, lr_0 = 4.2404e-04
Loss = 3.6133e-01, PNorm = 38.9925, GNorm = 0.7953, lr_0 = 4.2070e-04
Loss = 3.7958e-01, PNorm = 39.0236, GNorm = 0.8989, lr_0 = 4.1738e-04
Loss = 3.4754e-01, PNorm = 39.0510, GNorm = 0.6869, lr_0 = 4.1410e-04
Loss = 3.3993e-01, PNorm = 39.0777, GNorm = 1.0233, lr_0 = 4.1084e-04
Loss = 3.4619e-01, PNorm = 39.1066, GNorm = 0.8584, lr_0 = 4.0760e-04
Loss = 3.7702e-01, PNorm = 39.1280, GNorm = 1.0185, lr_0 = 4.0439e-04
Loss = 3.8289e-01, PNorm = 39.1520, GNorm = 1.0852, lr_0 = 4.0120e-04
Validation auc = 0.884032
Epoch 13
Loss = 3.5963e-01, PNorm = 39.1810, GNorm = 0.8017, lr_0 = 3.9804e-04
Loss = 4.0421e-01, PNorm = 39.2113, GNorm = 0.6077, lr_0 = 3.9491e-04
Loss = 3.6923e-01, PNorm = 39.2448, GNorm = 1.4083, lr_0 = 3.9180e-04
Loss = 3.6734e-01, PNorm = 39.2705, GNorm = 0.8889, lr_0 = 3.8871e-04
Loss = 3.6423e-01, PNorm = 39.3020, GNorm = 1.4560, lr_0 = 3.8565e-04
Loss = 3.6814e-01, PNorm = 39.3323, GNorm = 1.3804, lr_0 = 3.8261e-04
Loss = 3.4083e-01, PNorm = 39.3549, GNorm = 1.0681, lr_0 = 3.7960e-04
Loss = 3.3430e-01, PNorm = 39.3937, GNorm = 1.5508, lr_0 = 3.7661e-04
Loss = 3.9204e-01, PNorm = 39.4190, GNorm = 0.8124, lr_0 = 3.7364e-04
Loss = 3.3872e-01, PNorm = 39.4464, GNorm = 1.0033, lr_0 = 3.7070e-04
Validation auc = 0.881156
Epoch 14
Loss = 4.0814e-01, PNorm = 39.4708, GNorm = 1.2095, lr_0 = 3.6749e-04
Loss = 3.8158e-01, PNorm = 39.4999, GNorm = 0.8236, lr_0 = 3.6460e-04
Loss = 3.6042e-01, PNorm = 39.5225, GNorm = 1.0026, lr_0 = 3.6173e-04
Loss = 3.3939e-01, PNorm = 39.5541, GNorm = 0.6573, lr_0 = 3.5888e-04
Loss = 3.5018e-01, PNorm = 39.5867, GNorm = 2.0252, lr_0 = 3.5605e-04
Loss = 3.5111e-01, PNorm = 39.6159, GNorm = 1.1093, lr_0 = 3.5325e-04
Loss = 2.9614e-01, PNorm = 39.6484, GNorm = 0.9597, lr_0 = 3.5046e-04
Loss = 3.6070e-01, PNorm = 39.6743, GNorm = 1.6487, lr_0 = 3.4770e-04
Loss = 3.5741e-01, PNorm = 39.6948, GNorm = 1.1411, lr_0 = 3.4496e-04
Loss = 3.4250e-01, PNorm = 39.7214, GNorm = 1.3153, lr_0 = 3.4225e-04
Loss = 3.1507e-01, PNorm = 39.7503, GNorm = 1.0727, lr_0 = 3.3955e-04
Validation auc = 0.886174
Epoch 15
Loss = 3.8708e-01, PNorm = 39.7846, GNorm = 1.7981, lr_0 = 3.3661e-04
Loss = 3.0221e-01, PNorm = 39.8129, GNorm = 1.7716, lr_0 = 3.3396e-04
Loss = 3.6938e-01, PNorm = 39.8372, GNorm = 2.8070, lr_0 = 3.3133e-04
Loss = 3.2806e-01, PNorm = 39.8666, GNorm = 1.2756, lr_0 = 3.2872e-04
Loss = 3.7931e-01, PNorm = 39.8924, GNorm = 0.9986, lr_0 = 3.2613e-04
Loss = 3.1837e-01, PNorm = 39.9200, GNorm = 0.7403, lr_0 = 3.2356e-04
Loss = 3.4073e-01, PNorm = 39.9463, GNorm = 0.7602, lr_0 = 3.2101e-04
Loss = 3.2608e-01, PNorm = 39.9744, GNorm = 1.3437, lr_0 = 3.1849e-04
Loss = 3.1511e-01, PNorm = 40.0055, GNorm = 2.3814, lr_0 = 3.1598e-04
Loss = 2.9927e-01, PNorm = 40.0377, GNorm = 1.0158, lr_0 = 3.1349e-04
Validation auc = 0.887517
Epoch 16
Loss = 2.8175e-01, PNorm = 40.0619, GNorm = 1.1507, lr_0 = 3.1077e-04
Loss = 3.2844e-01, PNorm = 40.0881, GNorm = 1.0346, lr_0 = 3.0833e-04
Loss = 3.3061e-01, PNorm = 40.1056, GNorm = 1.1151, lr_0 = 3.0590e-04
Loss = 3.2010e-01, PNorm = 40.1302, GNorm = 1.1941, lr_0 = 3.0349e-04
Loss = 2.9496e-01, PNorm = 40.1555, GNorm = 0.7509, lr_0 = 3.0110e-04
Loss = 3.0827e-01, PNorm = 40.1822, GNorm = 0.9528, lr_0 = 2.9873e-04
Loss = 3.2789e-01, PNorm = 40.2079, GNorm = 1.2435, lr_0 = 2.9637e-04
Loss = 3.4510e-01, PNorm = 40.2361, GNorm = 1.4696, lr_0 = 2.9404e-04
Loss = 2.8129e-01, PNorm = 40.2596, GNorm = 1.1947, lr_0 = 2.9172e-04
Loss = 3.7984e-01, PNorm = 40.2823, GNorm = 1.6524, lr_0 = 2.8943e-04
Validation auc = 0.884993
Epoch 17
Loss = 3.1269e-01, PNorm = 40.3057, GNorm = 1.6956, lr_0 = 2.8692e-04
Loss = 2.9781e-01, PNorm = 40.3316, GNorm = 1.0019, lr_0 = 2.8466e-04
Loss = 2.7349e-01, PNorm = 40.3618, GNorm = 0.8523, lr_0 = 2.8242e-04
Loss = 2.9013e-01, PNorm = 40.3889, GNorm = 0.7677, lr_0 = 2.8019e-04
Loss = 3.1134e-01, PNorm = 40.4126, GNorm = 0.8646, lr_0 = 2.7799e-04
Loss = 3.1840e-01, PNorm = 40.4342, GNorm = 1.7473, lr_0 = 2.7580e-04
Loss = 3.3499e-01, PNorm = 40.4569, GNorm = 1.7038, lr_0 = 2.7363e-04
Loss = 2.9712e-01, PNorm = 40.4766, GNorm = 0.9456, lr_0 = 2.7147e-04
Loss = 3.2499e-01, PNorm = 40.4981, GNorm = 1.1180, lr_0 = 2.6933e-04
Loss = 3.0105e-01, PNorm = 40.5223, GNorm = 1.0163, lr_0 = 2.6721e-04
Loss = 3.2977e-01, PNorm = 40.5450, GNorm = 1.5017, lr_0 = 2.6511e-04
Validation auc = 0.883317
Epoch 18
Loss = 3.0454e-01, PNorm = 40.5585, GNorm = 2.0458, lr_0 = 2.6281e-04
Loss = 2.8347e-01, PNorm = 40.5833, GNorm = 1.3907, lr_0 = 2.6074e-04
Loss = 3.3435e-01, PNorm = 40.6046, GNorm = 1.4150, lr_0 = 2.5869e-04
Loss = 3.0904e-01, PNorm = 40.6252, GNorm = 1.2031, lr_0 = 2.5665e-04
Loss = 2.7242e-01, PNorm = 40.6466, GNorm = 1.1211, lr_0 = 2.5463e-04
Loss = 2.6774e-01, PNorm = 40.6691, GNorm = 0.9434, lr_0 = 2.5262e-04
Loss = 3.2831e-01, PNorm = 40.6869, GNorm = 1.7719, lr_0 = 2.5063e-04
Loss = 3.6219e-01, PNorm = 40.7007, GNorm = 1.0777, lr_0 = 2.4866e-04
Loss = 2.8219e-01, PNorm = 40.7233, GNorm = 1.1135, lr_0 = 2.4670e-04
Loss = 3.3026e-01, PNorm = 40.7467, GNorm = 1.5738, lr_0 = 2.4476e-04
Validation auc = 0.886774
Epoch 19
Loss = 3.3757e-01, PNorm = 40.7675, GNorm = 1.3646, lr_0 = 2.4264e-04
Loss = 2.7935e-01, PNorm = 40.7874, GNorm = 1.0963, lr_0 = 2.4073e-04
Loss = 2.8166e-01, PNorm = 40.8118, GNorm = 1.7543, lr_0 = 2.3883e-04
Loss = 3.0437e-01, PNorm = 40.8335, GNorm = 0.8058, lr_0 = 2.3695e-04
Loss = 3.1486e-01, PNorm = 40.8518, GNorm = 0.7718, lr_0 = 2.3508e-04
Loss = 2.9029e-01, PNorm = 40.8715, GNorm = 1.1053, lr_0 = 2.3323e-04
Loss = 3.1340e-01, PNorm = 40.8871, GNorm = 1.3677, lr_0 = 2.3140e-04
Loss = 3.0022e-01, PNorm = 40.9034, GNorm = 0.8578, lr_0 = 2.2957e-04
Loss = 2.8182e-01, PNorm = 40.9225, GNorm = 1.3710, lr_0 = 2.2776e-04
Loss = 2.8538e-01, PNorm = 40.9416, GNorm = 1.4752, lr_0 = 2.2597e-04
Loss = 2.7661e-01, PNorm = 40.9590, GNorm = 1.6471, lr_0 = 2.2419e-04
Validation auc = 0.883137
Epoch 20
Loss = 2.7619e-01, PNorm = 40.9892, GNorm = 1.0619, lr_0 = 2.2225e-04
Loss = 2.6304e-01, PNorm = 41.0124, GNorm = 1.2502, lr_0 = 2.2050e-04
Loss = 3.0885e-01, PNorm = 41.0330, GNorm = 1.1643, lr_0 = 2.1876e-04
Loss = 2.8311e-01, PNorm = 41.0552, GNorm = 0.8915, lr_0 = 2.1704e-04
Loss = 3.0665e-01, PNorm = 41.0704, GNorm = 1.4096, lr_0 = 2.1533e-04
Loss = 2.9123e-01, PNorm = 41.0848, GNorm = 1.2438, lr_0 = 2.1363e-04
Loss = 3.0447e-01, PNorm = 41.0986, GNorm = 1.1420, lr_0 = 2.1195e-04
Loss = 2.7420e-01, PNorm = 41.1134, GNorm = 0.7359, lr_0 = 2.1028e-04
Loss = 2.8731e-01, PNorm = 41.1282, GNorm = 1.0926, lr_0 = 2.0863e-04
Loss = 2.5449e-01, PNorm = 41.1425, GNorm = 1.0178, lr_0 = 2.0698e-04
Validation auc = 0.880708
Epoch 21
Loss = 2.7156e-01, PNorm = 41.1627, GNorm = 1.4045, lr_0 = 2.0519e-04
Loss = 2.7318e-01, PNorm = 41.1845, GNorm = 1.2575, lr_0 = 2.0357e-04
Loss = 3.1904e-01, PNorm = 41.2027, GNorm = 1.6089, lr_0 = 2.0197e-04
Loss = 2.6440e-01, PNorm = 41.2207, GNorm = 1.1882, lr_0 = 2.0038e-04
Loss = 2.7843e-01, PNorm = 41.2390, GNorm = 0.8505, lr_0 = 1.9880e-04
Loss = 2.5722e-01, PNorm = 41.2545, GNorm = 1.4605, lr_0 = 1.9724e-04
Loss = 3.3918e-01, PNorm = 41.2719, GNorm = 1.3560, lr_0 = 1.9568e-04
Loss = 2.6447e-01, PNorm = 41.2846, GNorm = 1.1244, lr_0 = 1.9414e-04
Loss = 2.7379e-01, PNorm = 41.2986, GNorm = 1.1708, lr_0 = 1.9261e-04
Loss = 2.5473e-01, PNorm = 41.3123, GNorm = 0.9987, lr_0 = 1.9110e-04
Validation auc = 0.883803
Epoch 22
Loss = 2.9172e-01, PNorm = 41.3313, GNorm = 1.4819, lr_0 = 1.8944e-04
Loss = 2.7445e-01, PNorm = 41.3468, GNorm = 2.3769, lr_0 = 1.8795e-04
Loss = 2.8260e-01, PNorm = 41.3629, GNorm = 1.1229, lr_0 = 1.8647e-04
Loss = 2.5419e-01, PNorm = 41.3782, GNorm = 1.1162, lr_0 = 1.8500e-04
Loss = 2.6185e-01, PNorm = 41.3920, GNorm = 1.0297, lr_0 = 1.8354e-04
Loss = 2.6260e-01, PNorm = 41.4068, GNorm = 1.6469, lr_0 = 1.8210e-04
Loss = 2.7455e-01, PNorm = 41.4223, GNorm = 2.4511, lr_0 = 1.8066e-04
Loss = 2.7845e-01, PNorm = 41.4350, GNorm = 1.6313, lr_0 = 1.7924e-04
Loss = 2.6789e-01, PNorm = 41.4511, GNorm = 2.9457, lr_0 = 1.7783e-04
Loss = 2.9382e-01, PNorm = 41.4640, GNorm = 2.3219, lr_0 = 1.7643e-04
Loss = 2.9305e-01, PNorm = 41.4787, GNorm = 1.2116, lr_0 = 1.7504e-04
Validation auc = 0.881451
Epoch 23
Loss = 2.5351e-01, PNorm = 41.4959, GNorm = 1.0557, lr_0 = 1.7352e-04
Loss = 2.5547e-01, PNorm = 41.5118, GNorm = 1.1529, lr_0 = 1.7216e-04
Loss = 2.2514e-01, PNorm = 41.5290, GNorm = 1.1904, lr_0 = 1.7080e-04
Loss = 2.5174e-01, PNorm = 41.5459, GNorm = 1.9180, lr_0 = 1.6945e-04
Loss = 2.7285e-01, PNorm = 41.5577, GNorm = 1.5581, lr_0 = 1.6812e-04
Loss = 2.8945e-01, PNorm = 41.5693, GNorm = 1.3862, lr_0 = 1.6680e-04
Loss = 2.5029e-01, PNorm = 41.5835, GNorm = 1.0746, lr_0 = 1.6548e-04
Loss = 2.6657e-01, PNorm = 41.5988, GNorm = 1.7306, lr_0 = 1.6418e-04
Loss = 2.6031e-01, PNorm = 41.6118, GNorm = 1.3048, lr_0 = 1.6289e-04
Loss = 2.7596e-01, PNorm = 41.6245, GNorm = 1.5860, lr_0 = 1.6160e-04
Validation auc = 0.882470
Epoch 24
Loss = 2.1818e-01, PNorm = 41.6391, GNorm = 1.3543, lr_0 = 1.6020e-04
Loss = 2.2050e-01, PNorm = 41.6540, GNorm = 1.0861, lr_0 = 1.5894e-04
Loss = 2.6428e-01, PNorm = 41.6685, GNorm = 1.3869, lr_0 = 1.5769e-04
Loss = 2.4332e-01, PNorm = 41.6824, GNorm = 1.2584, lr_0 = 1.5645e-04
Loss = 2.3373e-01, PNorm = 41.6965, GNorm = 1.9701, lr_0 = 1.5522e-04
Loss = 2.8122e-01, PNorm = 41.7102, GNorm = 1.9327, lr_0 = 1.5399e-04
Loss = 2.7866e-01, PNorm = 41.7228, GNorm = 0.8962, lr_0 = 1.5278e-04
Loss = 3.1237e-01, PNorm = 41.7343, GNorm = 1.5339, lr_0 = 1.5158e-04
Loss = 2.5159e-01, PNorm = 41.7468, GNorm = 1.3883, lr_0 = 1.5038e-04
Loss = 2.2796e-01, PNorm = 41.7626, GNorm = 1.4459, lr_0 = 1.4920e-04
Loss = 2.6260e-01, PNorm = 41.7741, GNorm = 1.6469, lr_0 = 1.4802e-04
Validation auc = 0.879280
Epoch 25
Loss = 3.0329e-01, PNorm = 41.7784, GNorm = 2.3491, lr_0 = 1.4686e-04
Loss = 2.8157e-01, PNorm = 41.7903, GNorm = 1.6748, lr_0 = 1.4570e-04
Loss = 2.6087e-01, PNorm = 41.7998, GNorm = 2.0823, lr_0 = 1.4455e-04
Loss = 2.6067e-01, PNorm = 41.8119, GNorm = 1.9192, lr_0 = 1.4341e-04
Loss = 2.3562e-01, PNorm = 41.8251, GNorm = 1.6719, lr_0 = 1.4229e-04
Loss = 2.9480e-01, PNorm = 41.8349, GNorm = 2.2209, lr_0 = 1.4116e-04
Loss = 2.3736e-01, PNorm = 41.8478, GNorm = 1.4145, lr_0 = 1.4005e-04
Loss = 2.4956e-01, PNorm = 41.8618, GNorm = 1.4770, lr_0 = 1.3895e-04
Loss = 2.4244e-01, PNorm = 41.8734, GNorm = 1.1590, lr_0 = 1.3786e-04
Loss = 2.3404e-01, PNorm = 41.8841, GNorm = 1.2864, lr_0 = 1.3677e-04
Validation auc = 0.879242
Epoch 26
Loss = 2.6403e-01, PNorm = 41.8949, GNorm = 1.0926, lr_0 = 1.3558e-04
Loss = 2.2814e-01, PNorm = 41.9071, GNorm = 1.2415, lr_0 = 1.3452e-04
Loss = 2.1405e-01, PNorm = 41.9193, GNorm = 1.5272, lr_0 = 1.3346e-04
Loss = 2.3099e-01, PNorm = 41.9300, GNorm = 1.0282, lr_0 = 1.3241e-04
Loss = 2.4095e-01, PNorm = 41.9398, GNorm = 1.0697, lr_0 = 1.3136e-04
Loss = 2.7072e-01, PNorm = 41.9497, GNorm = 1.1462, lr_0 = 1.3033e-04
Loss = 2.8271e-01, PNorm = 41.9592, GNorm = 1.0969, lr_0 = 1.2930e-04
Loss = 2.3918e-01, PNorm = 41.9682, GNorm = 2.2490, lr_0 = 1.2828e-04
Loss = 2.3733e-01, PNorm = 41.9792, GNorm = 1.7463, lr_0 = 1.2727e-04
Loss = 2.2557e-01, PNorm = 41.9900, GNorm = 1.7923, lr_0 = 1.2627e-04
Loss = 2.5536e-01, PNorm = 42.0036, GNorm = 1.5074, lr_0 = 1.2528e-04
Loss = 7.6878e-02, PNorm = 42.0047, GNorm = 2.2687, lr_0 = 1.2518e-04
Validation auc = 0.879871
Epoch 27
Loss = 2.2060e-01, PNorm = 42.0171, GNorm = 1.2158, lr_0 = 1.2419e-04
Loss = 2.3747e-01, PNorm = 42.0278, GNorm = 1.9231, lr_0 = 1.2321e-04
Loss = 2.6174e-01, PNorm = 42.0378, GNorm = 1.7801, lr_0 = 1.2224e-04
Loss = 2.6585e-01, PNorm = 42.0455, GNorm = 1.0067, lr_0 = 1.2128e-04
Loss = 2.4354e-01, PNorm = 42.0543, GNorm = 1.1299, lr_0 = 1.2033e-04
Loss = 2.2286e-01, PNorm = 42.0649, GNorm = 1.2705, lr_0 = 1.1938e-04
Loss = 2.4007e-01, PNorm = 42.0750, GNorm = 1.7810, lr_0 = 1.1844e-04
Loss = 1.9006e-01, PNorm = 42.0855, GNorm = 1.0268, lr_0 = 1.1750e-04
Loss = 2.7863e-01, PNorm = 42.0958, GNorm = 1.7524, lr_0 = 1.1658e-04
Loss = 2.3061e-01, PNorm = 42.1056, GNorm = 1.3844, lr_0 = 1.1566e-04
Validation auc = 0.880232
Epoch 28
Loss = 2.2962e-01, PNorm = 42.1166, GNorm = 1.3998, lr_0 = 1.1466e-04
Loss = 2.5313e-01, PNorm = 42.1276, GNorm = 1.7643, lr_0 = 1.1376e-04
Loss = 2.1778e-01, PNorm = 42.1375, GNorm = 0.7387, lr_0 = 1.1286e-04
Loss = 2.0864e-01, PNorm = 42.1475, GNorm = 1.9086, lr_0 = 1.1197e-04
Loss = 1.9595e-01, PNorm = 42.1564, GNorm = 1.4668, lr_0 = 1.1109e-04
Loss = 1.9409e-01, PNorm = 42.1663, GNorm = 1.2970, lr_0 = 1.1021e-04
Loss = 2.3391e-01, PNorm = 42.1761, GNorm = 1.4099, lr_0 = 1.0935e-04
Loss = 2.7440e-01, PNorm = 42.1841, GNorm = 1.9193, lr_0 = 1.0849e-04
Loss = 2.5299e-01, PNorm = 42.1917, GNorm = 1.9539, lr_0 = 1.0763e-04
Loss = 2.6260e-01, PNorm = 42.1998, GNorm = 2.2452, lr_0 = 1.0678e-04
Validation auc = 0.877680
Epoch 29
Loss = 1.9201e-01, PNorm = 42.2078, GNorm = 1.7557, lr_0 = 1.0586e-04
Loss = 2.1377e-01, PNorm = 42.2170, GNorm = 1.0127, lr_0 = 1.0502e-04
Loss = 2.5394e-01, PNorm = 42.2243, GNorm = 1.2761, lr_0 = 1.0420e-04
Loss = 2.4126e-01, PNorm = 42.2317, GNorm = 1.3272, lr_0 = 1.0338e-04
Loss = 2.3288e-01, PNorm = 42.2422, GNorm = 1.4002, lr_0 = 1.0256e-04
Loss = 2.1148e-01, PNorm = 42.2507, GNorm = 1.2764, lr_0 = 1.0175e-04
Loss = 2.4213e-01, PNorm = 42.2598, GNorm = 1.3410, lr_0 = 1.0095e-04
Loss = 2.0464e-01, PNorm = 42.2678, GNorm = 1.2150, lr_0 = 1.0016e-04
Loss = 2.2794e-01, PNorm = 42.2759, GNorm = 1.3589, lr_0 = 1.0000e-04
Loss = 2.4835e-01, PNorm = 42.2845, GNorm = 1.9757, lr_0 = 1.0000e-04
Loss = 2.1534e-01, PNorm = 42.2925, GNorm = 1.1658, lr_0 = 1.0000e-04
Validation auc = 0.880556
Model 0 best validation auc = 0.887517 on epoch 15
Loading pretrained parameter "encoder.encoder.0.cached_zero_vector".
Loading pretrained parameter "encoder.encoder.0.W_i.weight".
Loading pretrained parameter "encoder.encoder.0.W_h.weight".
Loading pretrained parameter "encoder.encoder.0.W_o.weight".
Loading pretrained parameter "encoder.encoder.0.W_o.bias".
Loading pretrained parameter "ffn.1.weight".
Loading pretrained parameter "ffn.1.bias".
Loading pretrained parameter "ffn.4.weight".
Loading pretrained parameter "ffn.4.bias".
Moving model to cuda
Model 0 test auc = 0.859313
Ensemble test auc = 0.859313
1-fold cross validation
	Seed 0 ==> test auc = 0.859313
Overall test auc = 0.859313 +/- 0.000000
Elapsed time = 0:01:47
