Command line
python /home/jxy/anaconda3/envs/chemprop_1119/bin/chemprop_train --data_path data/alldata_chemprop_random_nocanonical.csv --dataset_type classification --epochs 100 --features_generator rdkit_2d_normalized --no_features_scaling --config_path hyperoptfile --save_dir checkpoints_0218_default
Args
{'activation': 'ReLU',
 'aggregation': 'mean',
 'aggregation_norm': 100,
 'alternative_loss_function': None,
 'atom_descriptor_scaling': True,
 'atom_descriptors': None,
 'atom_descriptors_path': None,
 'atom_descriptors_size': 0,
 'atom_features_size': 0,
 'atom_messages': False,
 'batch_size': 50,
 'bias': False,
 'bond_feature_scaling': True,
 'bond_features_path': None,
 'bond_features_size': 0,
 'cache_cutoff': 10000,
 'checkpoint_dir': None,
 'checkpoint_frzn': None,
 'checkpoint_path': None,
 'checkpoint_paths': None,
 'class_balance': False,
 'config_path': 'hyperoptfile',
 'crossval_index_dir': None,
 'crossval_index_file': None,
 'crossval_index_sets': None,
 'cuda': True,
 'data_path': 'data/alldata_chemprop_random_nocanonical.csv',
 'data_weights_path': None,
 'dataset_type': 'classification',
 'depth': 2,
 'device': device(type='cuda'),
 'dropout': 0.25,
 'empty_cache': False,
 'ensemble_size': 1,
 'epochs': 100,
 'explicit_h': False,
 'extra_metrics': [],
 'features_generator': ['rdkit_2d_normalized'],
 'features_only': False,
 'features_path': None,
 'features_scaling': False,
 'features_size': None,
 'ffn_hidden_size': 1400,
 'ffn_num_layers': 2,
 'final_lr': 0.0001,
 'folds_file': None,
 'freeze_first_only': False,
 'frzn_ffn_layers': 0,
 'gpu': None,
 'grad_clip': None,
 'hidden_size': 1400,
 'ignore_columns': None,
 'init_lr': 0.0001,
 'log_frequency': 10,
 'max_data_size': None,
 'max_lr': 0.001,
 'metric': 'auc',
 'metrics': ['auc'],
 'minimize_score': False,
 'mpn_shared': False,
 'multiclass_num_classes': 3,
 'no_atom_descriptor_scaling': False,
 'no_bond_features_scaling': False,
 'no_cache_mol': False,
 'no_cuda': False,
 'no_features_scaling': True,
 'num_folds': 1,
 'num_lrs': 1,
 'num_tasks': 1,
 'num_workers': 8,
 'number_of_molecules': 1,
 'overwrite_default_atom_features': False,
 'overwrite_default_bond_features': False,
 'phase_features_path': None,
 'pytorch_seed': 0,
 'quiet': False,
 'reaction': False,
 'reaction_mode': 'reac_diff',
 'resume_experiment': False,
 'save_dir': 'checkpoints_0218_default',
 'save_preds': False,
 'save_smiles_splits': False,
 'seed': 0,
 'separate_test_atom_descriptors_path': None,
 'separate_test_bond_features_path': None,
 'separate_test_features_path': None,
 'separate_test_path': None,
 'separate_test_phase_features_path': None,
 'separate_val_atom_descriptors_path': None,
 'separate_val_bond_features_path': None,
 'separate_val_features_path': None,
 'separate_val_path': None,
 'separate_val_phase_features_path': None,
 'show_individual_scores': False,
 'smiles_columns': ['Smile'],
 'spectra_activation': 'exp',
 'spectra_phase_mask_path': None,
 'spectra_target_floor': 1e-08,
 'split_sizes': (0.8, 0.1, 0.1),
 'split_type': 'random',
 'target_columns': None,
 'target_weights': None,
 'task_names': ['Label'],
 'test': False,
 'test_fold_index': None,
 'train_data_size': None,
 'undirected': False,
 'use_input_features': True,
 'val_fold_index': None,
 'warmup_epochs': 2.0}
Setting molecule featurization parameters to default.
Loading data
Number of tasks = 1
Fold 0
Splitting data with seed 0
Class sizes
Label 0: 46.25%, 1: 53.75%
Total size = 6,506 | train size = 5,204 | val size = 651 | test size = 651
Building model 0
MoleculeModel(
  (sigmoid): Sigmoid()
  (encoder): MPN(
    (encoder): ModuleList(
      (0): MPNEncoder(
        (dropout_layer): Dropout(p=0.25, inplace=False)
        (act_func): ReLU()
        (W_i): Linear(in_features=147, out_features=1400, bias=False)
        (W_h): Linear(in_features=1400, out_features=1400, bias=False)
        (W_o): Linear(in_features=1533, out_features=1400, bias=True)
      )
    )
  )
  (ffn): Sequential(
    (0): Dropout(p=0.25, inplace=False)
    (1): Linear(in_features=1600, out_features=1400, bias=True)
    (2): ReLU()
    (3): Dropout(p=0.25, inplace=False)
    (4): Linear(in_features=1400, out_features=1, bias=True)
  )
)
Number of parameters = 6,557,601
Moving model to cuda
Epoch 0
Loss = 6.7616e-01, PNorm = 68.0324, GNorm = 1.5162, lr_0 = 1.4760e-04
Loss = 6.6897e-01, PNorm = 68.0452, GNorm = 0.8960, lr_0 = 1.9087e-04
Loss = 6.2871e-01, PNorm = 68.0631, GNorm = 0.8449, lr_0 = 2.3413e-04
Loss = 6.0275e-01, PNorm = 68.0864, GNorm = 1.2019, lr_0 = 2.7740e-04
Loss = 6.6771e-01, PNorm = 68.1123, GNorm = 0.7751, lr_0 = 3.2067e-04
Loss = 6.0663e-01, PNorm = 68.1481, GNorm = 0.6649, lr_0 = 3.6394e-04
Loss = 5.8704e-01, PNorm = 68.1915, GNorm = 1.1089, lr_0 = 4.0721e-04
Loss = 5.8922e-01, PNorm = 68.2420, GNorm = 0.6752, lr_0 = 4.5048e-04
Loss = 5.8122e-01, PNorm = 68.2927, GNorm = 0.7752, lr_0 = 4.9375e-04
Loss = 5.8443e-01, PNorm = 68.3603, GNorm = 1.1942, lr_0 = 5.3702e-04
Validation auc = 0.809874
Epoch 1
Loss = 6.5871e-01, PNorm = 68.4442, GNorm = 0.6296, lr_0 = 5.8462e-04
Loss = 5.5616e-01, PNorm = 68.5504, GNorm = 0.5102, lr_0 = 6.2788e-04
Loss = 6.0657e-01, PNorm = 68.6538, GNorm = 0.5667, lr_0 = 6.7115e-04
Loss = 5.5350e-01, PNorm = 68.7529, GNorm = 0.4541, lr_0 = 7.1442e-04
Loss = 5.5684e-01, PNorm = 68.8613, GNorm = 0.6591, lr_0 = 7.5769e-04
Loss = 5.3914e-01, PNorm = 68.9696, GNorm = 0.7235, lr_0 = 8.0096e-04
Loss = 5.7427e-01, PNorm = 69.0893, GNorm = 0.4783, lr_0 = 8.4423e-04
Loss = 5.7427e-01, PNorm = 69.2242, GNorm = 0.7072, lr_0 = 8.8750e-04
Loss = 5.1687e-01, PNorm = 69.3937, GNorm = 0.5419, lr_0 = 9.3077e-04
Loss = 5.2575e-01, PNorm = 69.6098, GNorm = 1.2204, lr_0 = 9.7404e-04
Validation auc = 0.837012
Epoch 2
Loss = 5.4273e-01, PNorm = 69.8317, GNorm = 0.5884, lr_0 = 9.9887e-04
Loss = 5.2912e-01, PNorm = 70.0609, GNorm = 0.6368, lr_0 = 9.9662e-04
Loss = 5.0752e-01, PNorm = 70.2614, GNorm = 0.6182, lr_0 = 9.9437e-04
Loss = 5.4632e-01, PNorm = 70.4483, GNorm = 0.7743, lr_0 = 9.9212e-04
Loss = 5.3609e-01, PNorm = 70.6605, GNorm = 1.1130, lr_0 = 9.8989e-04
Loss = 5.4582e-01, PNorm = 70.8572, GNorm = 0.9090, lr_0 = 9.8765e-04
Loss = 5.2957e-01, PNorm = 71.0371, GNorm = 0.7645, lr_0 = 9.8542e-04
Loss = 5.5674e-01, PNorm = 71.1897, GNorm = 0.7071, lr_0 = 9.8320e-04
Loss = 5.1148e-01, PNorm = 71.3358, GNorm = 0.4468, lr_0 = 9.8098e-04
Loss = 5.1807e-01, PNorm = 71.4871, GNorm = 0.4427, lr_0 = 9.7877e-04
Loss = 5.0183e-01, PNorm = 71.6340, GNorm = 0.9161, lr_0 = 9.7656e-04
Validation auc = 0.840802
Epoch 3
Loss = 5.9021e-01, PNorm = 71.8202, GNorm = 0.9779, lr_0 = 9.7413e-04
Loss = 5.4340e-01, PNorm = 71.9862, GNorm = 0.4981, lr_0 = 9.7194e-04
Loss = 5.0070e-01, PNorm = 72.1316, GNorm = 0.5674, lr_0 = 9.6974e-04
Loss = 5.0953e-01, PNorm = 72.2718, GNorm = 0.8903, lr_0 = 9.6755e-04
Loss = 5.0488e-01, PNorm = 72.3975, GNorm = 1.0726, lr_0 = 9.6537e-04
Loss = 5.2462e-01, PNorm = 72.5376, GNorm = 0.8487, lr_0 = 9.6319e-04
Loss = 4.6844e-01, PNorm = 72.6750, GNorm = 0.5865, lr_0 = 9.6102e-04
Loss = 5.0269e-01, PNorm = 72.8331, GNorm = 1.0033, lr_0 = 9.5885e-04
Loss = 5.1424e-01, PNorm = 72.9898, GNorm = 1.0628, lr_0 = 9.5669e-04
Loss = 5.0653e-01, PNorm = 73.1398, GNorm = 1.1045, lr_0 = 9.5453e-04
Validation auc = 0.861369
Epoch 4
Loss = 4.8021e-01, PNorm = 73.3416, GNorm = 0.5390, lr_0 = 9.5216e-04
Loss = 4.6110e-01, PNorm = 73.5405, GNorm = 0.7210, lr_0 = 9.5001e-04
Loss = 4.9036e-01, PNorm = 73.7234, GNorm = 0.7872, lr_0 = 9.4786e-04
Loss = 4.8179e-01, PNorm = 73.8872, GNorm = 0.5111, lr_0 = 9.4573e-04
Loss = 4.8509e-01, PNorm = 74.0738, GNorm = 0.6929, lr_0 = 9.4359e-04
Loss = 5.0512e-01, PNorm = 74.2480, GNorm = 0.8326, lr_0 = 9.4146e-04
Loss = 4.8793e-01, PNorm = 74.3758, GNorm = 0.7608, lr_0 = 9.3934e-04
Loss = 4.5298e-01, PNorm = 74.5557, GNorm = 0.5488, lr_0 = 9.3722e-04
Loss = 5.0139e-01, PNorm = 74.7062, GNorm = 0.8829, lr_0 = 9.3510e-04
Loss = 4.8781e-01, PNorm = 74.8735, GNorm = 0.5398, lr_0 = 9.3299e-04
Loss = 4.9873e-01, PNorm = 75.0103, GNorm = 0.5200, lr_0 = 9.3089e-04
Loss = 8.5056e-01, PNorm = 75.0261, GNorm = 2.6970, lr_0 = 9.3068e-04
Validation auc = 0.856037
Epoch 5
Loss = 4.4713e-01, PNorm = 75.1940, GNorm = 0.6457, lr_0 = 9.2858e-04
Loss = 4.8403e-01, PNorm = 75.3565, GNorm = 0.6546, lr_0 = 9.2648e-04
Loss = 5.2374e-01, PNorm = 75.4950, GNorm = 0.5443, lr_0 = 9.2439e-04
Loss = 4.5095e-01, PNorm = 75.6515, GNorm = 0.7434, lr_0 = 9.2230e-04
Loss = 4.7540e-01, PNorm = 75.7820, GNorm = 1.0544, lr_0 = 9.2022e-04
Loss = 4.8933e-01, PNorm = 75.9067, GNorm = 0.4363, lr_0 = 9.1815e-04
Loss = 4.7381e-01, PNorm = 76.0426, GNorm = 0.4797, lr_0 = 9.1607e-04
Loss = 4.3742e-01, PNorm = 76.1570, GNorm = 0.4772, lr_0 = 9.1401e-04
Loss = 4.3514e-01, PNorm = 76.3126, GNorm = 0.8027, lr_0 = 9.1194e-04
Loss = 4.3553e-01, PNorm = 76.4743, GNorm = 0.6139, lr_0 = 9.0989e-04
Validation auc = 0.877833
Epoch 6
Loss = 4.5537e-01, PNorm = 76.6560, GNorm = 0.4704, lr_0 = 9.0763e-04
Loss = 4.1468e-01, PNorm = 76.8212, GNorm = 0.5169, lr_0 = 9.0558e-04
Loss = 4.6777e-01, PNorm = 76.9563, GNorm = 0.7384, lr_0 = 9.0354e-04
Loss = 4.2155e-01, PNorm = 77.0944, GNorm = 1.0729, lr_0 = 9.0150e-04
Loss = 4.4410e-01, PNorm = 77.2487, GNorm = 0.9276, lr_0 = 8.9946e-04
Loss = 4.6343e-01, PNorm = 77.3784, GNorm = 0.7530, lr_0 = 8.9743e-04
Loss = 4.3442e-01, PNorm = 77.5213, GNorm = 0.7161, lr_0 = 8.9541e-04
Loss = 4.7693e-01, PNorm = 77.6449, GNorm = 1.1227, lr_0 = 8.9339e-04
Loss = 4.5853e-01, PNorm = 77.7741, GNorm = 0.5984, lr_0 = 8.9137e-04
Loss = 4.2814e-01, PNorm = 77.9105, GNorm = 0.6779, lr_0 = 8.8936e-04
Validation auc = 0.873843
Epoch 7
Loss = 3.6482e-01, PNorm = 78.0730, GNorm = 0.5487, lr_0 = 8.8715e-04
Loss = 4.4615e-01, PNorm = 78.2368, GNorm = 0.6708, lr_0 = 8.8515e-04
Loss = 4.6133e-01, PNorm = 78.3982, GNorm = 0.6209, lr_0 = 8.8315e-04
Loss = 4.2809e-01, PNorm = 78.5606, GNorm = 1.1097, lr_0 = 8.8116e-04
Loss = 4.3068e-01, PNorm = 78.6993, GNorm = 0.5627, lr_0 = 8.7917e-04
Loss = 4.3856e-01, PNorm = 78.8486, GNorm = 0.6046, lr_0 = 8.7719e-04
Loss = 4.2295e-01, PNorm = 78.9881, GNorm = 0.5576, lr_0 = 8.7521e-04
Loss = 4.6462e-01, PNorm = 79.1235, GNorm = 0.7762, lr_0 = 8.7323e-04
Loss = 4.5877e-01, PNorm = 79.2439, GNorm = 0.5812, lr_0 = 8.7126e-04
Loss = 4.8597e-01, PNorm = 79.3844, GNorm = 0.5410, lr_0 = 8.6930e-04
Loss = 4.0599e-01, PNorm = 79.5311, GNorm = 0.5894, lr_0 = 8.6733e-04
Validation auc = 0.879213
Epoch 8
Loss = 4.2576e-01, PNorm = 79.6879, GNorm = 0.5966, lr_0 = 8.6518e-04
Loss = 4.0358e-01, PNorm = 79.8379, GNorm = 0.5833, lr_0 = 8.6323e-04
Loss = 4.2461e-01, PNorm = 79.9983, GNorm = 0.4812, lr_0 = 8.6128e-04
Loss = 4.4268e-01, PNorm = 80.1382, GNorm = 0.3968, lr_0 = 8.5934e-04
Loss = 4.2662e-01, PNorm = 80.2782, GNorm = 0.5630, lr_0 = 8.5740e-04
Loss = 4.3592e-01, PNorm = 80.4007, GNorm = 0.4220, lr_0 = 8.5546e-04
Loss = 4.2949e-01, PNorm = 80.5361, GNorm = 0.6010, lr_0 = 8.5353e-04
Loss = 3.9902e-01, PNorm = 80.6748, GNorm = 0.7837, lr_0 = 8.5161e-04
Loss = 4.4011e-01, PNorm = 80.8326, GNorm = 0.5804, lr_0 = 8.4969e-04
Loss = 4.1352e-01, PNorm = 80.9491, GNorm = 0.6221, lr_0 = 8.4777e-04
Validation auc = 0.868092
Epoch 9
Loss = 4.2893e-01, PNorm = 81.0877, GNorm = 0.5585, lr_0 = 8.4566e-04
Loss = 4.0842e-01, PNorm = 81.2250, GNorm = 0.5638, lr_0 = 8.4376e-04
Loss = 4.4425e-01, PNorm = 81.3398, GNorm = 0.6286, lr_0 = 8.4185e-04
Loss = 3.8757e-01, PNorm = 81.4795, GNorm = 0.5037, lr_0 = 8.3995e-04
Loss = 3.9161e-01, PNorm = 81.6322, GNorm = 0.5770, lr_0 = 8.3806e-04
Loss = 4.1038e-01, PNorm = 81.7729, GNorm = 0.5558, lr_0 = 8.3617e-04
Loss = 3.8172e-01, PNorm = 81.9017, GNorm = 0.7543, lr_0 = 8.3428e-04
Loss = 4.5577e-01, PNorm = 82.0440, GNorm = 0.6585, lr_0 = 8.3240e-04
Loss = 4.0316e-01, PNorm = 82.2233, GNorm = 0.7681, lr_0 = 8.3052e-04
Loss = 4.4255e-01, PNorm = 82.3734, GNorm = 0.6390, lr_0 = 8.2864e-04
Loss = 3.7636e-01, PNorm = 82.5215, GNorm = 0.4751, lr_0 = 8.2677e-04
Loss = 6.5439e-01, PNorm = 82.5367, GNorm = 3.5820, lr_0 = 8.2659e-04
Validation auc = 0.874034
Epoch 10
Loss = 4.2301e-01, PNorm = 82.7136, GNorm = 0.6140, lr_0 = 8.2472e-04
Loss = 4.0948e-01, PNorm = 82.8907, GNorm = 0.6625, lr_0 = 8.2286e-04
Loss = 3.8181e-01, PNorm = 83.0360, GNorm = 0.5670, lr_0 = 8.2100e-04
Loss = 4.0374e-01, PNorm = 83.1878, GNorm = 0.5954, lr_0 = 8.1915e-04
Loss = 4.3245e-01, PNorm = 83.3321, GNorm = 0.5481, lr_0 = 8.1730e-04
Loss = 3.9087e-01, PNorm = 83.4653, GNorm = 0.5406, lr_0 = 8.1546e-04
Loss = 3.9212e-01, PNorm = 83.6024, GNorm = 0.5866, lr_0 = 8.1362e-04
Loss = 3.7730e-01, PNorm = 83.7271, GNorm = 0.5178, lr_0 = 8.1178e-04
Loss = 4.3438e-01, PNorm = 83.8548, GNorm = 0.8215, lr_0 = 8.0995e-04
Loss = 4.3343e-01, PNorm = 83.9887, GNorm = 0.5273, lr_0 = 8.0812e-04
Validation auc = 0.876424
Epoch 11
Loss = 3.7777e-01, PNorm = 84.1704, GNorm = 1.1976, lr_0 = 8.0612e-04
Loss = 4.0633e-01, PNorm = 84.3564, GNorm = 0.7615, lr_0 = 8.0430e-04
Loss = 3.9010e-01, PNorm = 84.5270, GNorm = 0.6119, lr_0 = 8.0248e-04
Loss = 3.7274e-01, PNorm = 84.6798, GNorm = 0.7027, lr_0 = 8.0067e-04
Loss = 3.6126e-01, PNorm = 84.8262, GNorm = 0.4513, lr_0 = 7.9886e-04
Loss = 3.4734e-01, PNorm = 84.9639, GNorm = 0.6762, lr_0 = 7.9706e-04
Loss = 4.0532e-01, PNorm = 85.1052, GNorm = 0.6991, lr_0 = 7.9526e-04
Loss = 4.2902e-01, PNorm = 85.2399, GNorm = 0.7519, lr_0 = 7.9347e-04
Loss = 3.7973e-01, PNorm = 85.3734, GNorm = 0.5562, lr_0 = 7.9168e-04
Loss = 4.2744e-01, PNorm = 85.4794, GNorm = 0.7703, lr_0 = 7.8989e-04
Validation auc = 0.884908
Epoch 12
Loss = 3.6254e-01, PNorm = 85.6226, GNorm = 0.5760, lr_0 = 7.8793e-04
Loss = 4.7885e-01, PNorm = 85.8133, GNorm = 0.8916, lr_0 = 7.8615e-04
Loss = 3.9867e-01, PNorm = 86.0059, GNorm = 0.7243, lr_0 = 7.8438e-04
Loss = 4.1957e-01, PNorm = 86.1851, GNorm = 1.1525, lr_0 = 7.8261e-04
Loss = 3.9220e-01, PNorm = 86.3347, GNorm = 0.4911, lr_0 = 7.8084e-04
Loss = 3.9067e-01, PNorm = 86.4734, GNorm = 0.5289, lr_0 = 7.7908e-04
Loss = 3.5499e-01, PNorm = 86.6214, GNorm = 0.6376, lr_0 = 7.7732e-04
Loss = 3.5120e-01, PNorm = 86.7762, GNorm = 0.6518, lr_0 = 7.7557e-04
Loss = 3.6593e-01, PNorm = 86.9327, GNorm = 0.5376, lr_0 = 7.7382e-04
Loss = 3.7957e-01, PNorm = 87.0747, GNorm = 0.7540, lr_0 = 7.7207e-04
Loss = 4.1242e-01, PNorm = 87.2201, GNorm = 0.7660, lr_0 = 7.7033e-04
Validation auc = 0.885317
Epoch 13
Loss = 3.7813e-01, PNorm = 87.3824, GNorm = 0.5796, lr_0 = 7.6859e-04
Loss = 3.7816e-01, PNorm = 87.5566, GNorm = 0.5454, lr_0 = 7.6686e-04
Loss = 3.6165e-01, PNorm = 87.7346, GNorm = 0.8359, lr_0 = 7.6512e-04
Loss = 3.6486e-01, PNorm = 87.8779, GNorm = 0.5870, lr_0 = 7.6340e-04
Loss = 3.7013e-01, PNorm = 88.0087, GNorm = 0.6502, lr_0 = 7.6168e-04
Loss = 3.7219e-01, PNorm = 88.1293, GNorm = 0.9138, lr_0 = 7.5996e-04
Loss = 3.7781e-01, PNorm = 88.2453, GNorm = 0.5995, lr_0 = 7.5824e-04
Loss = 3.5274e-01, PNorm = 88.3920, GNorm = 0.8365, lr_0 = 7.5653e-04
Loss = 4.3674e-01, PNorm = 88.5311, GNorm = 0.5590, lr_0 = 7.5482e-04
Loss = 3.6965e-01, PNorm = 88.6664, GNorm = 0.7602, lr_0 = 7.5312e-04
Validation auc = 0.878423
Epoch 14
Loss = 4.0635e-01, PNorm = 88.7938, GNorm = 0.7136, lr_0 = 7.5125e-04
Loss = 3.7668e-01, PNorm = 88.9354, GNorm = 0.4884, lr_0 = 7.4956e-04
Loss = 3.8145e-01, PNorm = 89.0576, GNorm = 0.4940, lr_0 = 7.4786e-04
Loss = 3.5032e-01, PNorm = 89.1779, GNorm = 0.4730, lr_0 = 7.4618e-04
Loss = 3.8181e-01, PNorm = 89.3260, GNorm = 0.9956, lr_0 = 7.4449e-04
Loss = 3.7910e-01, PNorm = 89.4771, GNorm = 0.6601, lr_0 = 7.4281e-04
Loss = 3.0783e-01, PNorm = 89.6304, GNorm = 0.4892, lr_0 = 7.4114e-04
Loss = 3.9007e-01, PNorm = 89.7679, GNorm = 1.0185, lr_0 = 7.3946e-04
Loss = 3.9620e-01, PNorm = 89.8798, GNorm = 0.7232, lr_0 = 7.3779e-04
Loss = 3.6555e-01, PNorm = 89.9997, GNorm = 0.6418, lr_0 = 7.3613e-04
Loss = 3.4191e-01, PNorm = 90.1348, GNorm = 0.5304, lr_0 = 7.3447e-04
Validation auc = 0.882127
Epoch 15
Loss = 4.0202e-01, PNorm = 90.2850, GNorm = 0.7532, lr_0 = 7.3265e-04
Loss = 3.1506e-01, PNorm = 90.4390, GNorm = 0.8945, lr_0 = 7.3099e-04
Loss = 3.6613e-01, PNorm = 90.5867, GNorm = 1.5168, lr_0 = 7.2934e-04
Loss = 3.2818e-01, PNorm = 90.7414, GNorm = 0.7256, lr_0 = 7.2770e-04
Loss = 3.8205e-01, PNorm = 90.8931, GNorm = 1.1958, lr_0 = 7.2605e-04
Loss = 3.3612e-01, PNorm = 91.0305, GNorm = 0.5416, lr_0 = 7.2442e-04
Loss = 3.7818e-01, PNorm = 91.1643, GNorm = 0.5962, lr_0 = 7.2278e-04
Loss = 3.3869e-01, PNorm = 91.2884, GNorm = 0.7896, lr_0 = 7.2115e-04
Loss = 3.6175e-01, PNorm = 91.4093, GNorm = 1.1975, lr_0 = 7.1952e-04
Loss = 3.2042e-01, PNorm = 91.5469, GNorm = 0.6319, lr_0 = 7.1790e-04
Validation auc = 0.890078
Epoch 16
Loss = 3.1677e-01, PNorm = 91.6791, GNorm = 0.7729, lr_0 = 7.1612e-04
Loss = 3.2808e-01, PNorm = 91.8179, GNorm = 0.6577, lr_0 = 7.1450e-04
Loss = 3.4171e-01, PNorm = 91.9290, GNorm = 0.6840, lr_0 = 7.1289e-04
Loss = 3.7076e-01, PNorm = 92.0652, GNorm = 0.6837, lr_0 = 7.1128e-04
Loss = 3.0346e-01, PNorm = 92.2016, GNorm = 0.5900, lr_0 = 7.0968e-04
Loss = 3.1632e-01, PNorm = 92.3274, GNorm = 0.6251, lr_0 = 7.0807e-04
Loss = 3.5791e-01, PNorm = 92.4610, GNorm = 0.7307, lr_0 = 7.0648e-04
Loss = 3.7043e-01, PNorm = 92.6044, GNorm = 0.8217, lr_0 = 7.0488e-04
Loss = 3.1816e-01, PNorm = 92.7404, GNorm = 0.7146, lr_0 = 7.0329e-04
Loss = 3.9071e-01, PNorm = 92.8859, GNorm = 0.9347, lr_0 = 7.0170e-04
Validation auc = 0.883898
Epoch 17
Loss = 3.7173e-01, PNorm = 93.0615, GNorm = 0.6906, lr_0 = 6.9996e-04
Loss = 3.1643e-01, PNorm = 93.2364, GNorm = 0.3699, lr_0 = 6.9838e-04
Loss = 3.2117e-01, PNorm = 93.4173, GNorm = 0.5520, lr_0 = 6.9681e-04
Loss = 3.3863e-01, PNorm = 93.5681, GNorm = 0.4625, lr_0 = 6.9523e-04
Loss = 3.4570e-01, PNorm = 93.7237, GNorm = 0.7692, lr_0 = 6.9367e-04
Loss = 3.2075e-01, PNorm = 93.8524, GNorm = 0.8821, lr_0 = 6.9210e-04
Loss = 3.5952e-01, PNorm = 93.9973, GNorm = 1.2259, lr_0 = 6.9054e-04
Loss = 3.1710e-01, PNorm = 94.1281, GNorm = 0.6629, lr_0 = 6.8898e-04
Loss = 3.6059e-01, PNorm = 94.2595, GNorm = 0.9723, lr_0 = 6.8742e-04
Loss = 3.3277e-01, PNorm = 94.3906, GNorm = 0.6214, lr_0 = 6.8587e-04
Loss = 3.4074e-01, PNorm = 94.5123, GNorm = 0.6019, lr_0 = 6.8433e-04
Validation auc = 0.879775
Epoch 18
Loss = 3.2315e-01, PNorm = 94.6705, GNorm = 0.9220, lr_0 = 6.8263e-04
Loss = 3.2124e-01, PNorm = 94.8544, GNorm = 0.7156, lr_0 = 6.8109e-04
Loss = 3.4138e-01, PNorm = 95.0167, GNorm = 0.5625, lr_0 = 6.7955e-04
Loss = 3.4435e-01, PNorm = 95.1575, GNorm = 0.7031, lr_0 = 6.7802e-04
Loss = 2.8917e-01, PNorm = 95.2834, GNorm = 0.4453, lr_0 = 6.7649e-04
Loss = 2.9770e-01, PNorm = 95.4058, GNorm = 0.5348, lr_0 = 6.7496e-04
Loss = 3.5332e-01, PNorm = 95.5192, GNorm = 0.8762, lr_0 = 6.7344e-04
Loss = 3.7940e-01, PNorm = 95.6495, GNorm = 0.7032, lr_0 = 6.7192e-04
Loss = 2.9483e-01, PNorm = 95.7955, GNorm = 0.8874, lr_0 = 6.7040e-04
Loss = 3.5073e-01, PNorm = 95.9292, GNorm = 0.7659, lr_0 = 6.6889e-04
Validation auc = 0.890069
Epoch 19
Loss = 3.5277e-01, PNorm = 96.0809, GNorm = 0.7362, lr_0 = 6.6723e-04
Loss = 2.9998e-01, PNorm = 96.2067, GNorm = 0.7199, lr_0 = 6.6572e-04
Loss = 3.0291e-01, PNorm = 96.3441, GNorm = 0.8133, lr_0 = 6.6422e-04
Loss = 3.0790e-01, PNorm = 96.4799, GNorm = 0.4630, lr_0 = 6.6272e-04
Loss = 3.1675e-01, PNorm = 96.6096, GNorm = 0.5814, lr_0 = 6.6123e-04
Loss = 2.8945e-01, PNorm = 96.7526, GNorm = 0.4648, lr_0 = 6.5973e-04
Loss = 3.1909e-01, PNorm = 96.8869, GNorm = 0.7357, lr_0 = 6.5824e-04
Loss = 3.2594e-01, PNorm = 97.0044, GNorm = 0.7485, lr_0 = 6.5676e-04
Loss = 3.3443e-01, PNorm = 97.1390, GNorm = 0.9378, lr_0 = 6.5528e-04
Loss = 3.1004e-01, PNorm = 97.2861, GNorm = 0.6216, lr_0 = 6.5380e-04
Loss = 3.0527e-01, PNorm = 97.4213, GNorm = 0.8952, lr_0 = 6.5232e-04
Validation auc = 0.887602
Epoch 20
Loss = 3.1322e-01, PNorm = 97.6339, GNorm = 0.6191, lr_0 = 6.5070e-04
Loss = 3.0101e-01, PNorm = 97.8200, GNorm = 0.7038, lr_0 = 6.4923e-04
Loss = 3.5111e-01, PNorm = 97.9676, GNorm = 0.8140, lr_0 = 6.4777e-04
Loss = 3.1652e-01, PNorm = 98.1292, GNorm = 0.7282, lr_0 = 6.4631e-04
Loss = 3.1091e-01, PNorm = 98.2732, GNorm = 0.6207, lr_0 = 6.4485e-04
Loss = 2.8896e-01, PNorm = 98.4013, GNorm = 0.6082, lr_0 = 6.4339e-04
Loss = 3.6528e-01, PNorm = 98.5225, GNorm = 0.7780, lr_0 = 6.4194e-04
Loss = 3.3602e-01, PNorm = 98.6561, GNorm = 0.4824, lr_0 = 6.4049e-04
Loss = 3.2484e-01, PNorm = 98.7759, GNorm = 0.5544, lr_0 = 6.3905e-04
Loss = 2.7539e-01, PNorm = 98.8914, GNorm = 0.5488, lr_0 = 6.3761e-04
Validation auc = 0.879832
Epoch 21
Loss = 3.0857e-01, PNorm = 99.0303, GNorm = 0.7126, lr_0 = 6.3602e-04
Loss = 2.9909e-01, PNorm = 99.1723, GNorm = 1.0109, lr_0 = 6.3459e-04
Loss = 3.3136e-01, PNorm = 99.3011, GNorm = 0.6554, lr_0 = 6.3316e-04
Loss = 2.9983e-01, PNorm = 99.4199, GNorm = 0.8178, lr_0 = 6.3173e-04
Loss = 2.7317e-01, PNorm = 99.5343, GNorm = 0.4384, lr_0 = 6.3030e-04
Loss = 2.5422e-01, PNorm = 99.6419, GNorm = 0.6497, lr_0 = 6.2888e-04
Loss = 3.4683e-01, PNorm = 99.7665, GNorm = 0.7942, lr_0 = 6.2746e-04
Loss = 3.0285e-01, PNorm = 99.8782, GNorm = 0.6816, lr_0 = 6.2604e-04
Loss = 2.8362e-01, PNorm = 99.9916, GNorm = 0.7590, lr_0 = 6.2463e-04
Loss = 2.6761e-01, PNorm = 100.1111, GNorm = 0.5518, lr_0 = 6.2322e-04
Validation auc = 0.884108
Epoch 22
Loss = 3.5378e-01, PNorm = 100.2486, GNorm = 0.8076, lr_0 = 6.2168e-04
Loss = 2.6984e-01, PNorm = 100.3882, GNorm = 1.0577, lr_0 = 6.2027e-04
Loss = 3.0373e-01, PNorm = 100.5193, GNorm = 0.8030, lr_0 = 6.1887e-04
Loss = 2.8076e-01, PNorm = 100.6321, GNorm = 0.6571, lr_0 = 6.1748e-04
Loss = 2.7608e-01, PNorm = 100.7561, GNorm = 0.4774, lr_0 = 6.1608e-04
Loss = 2.8373e-01, PNorm = 100.8784, GNorm = 0.9568, lr_0 = 6.1469e-04
Loss = 2.9788e-01, PNorm = 100.9799, GNorm = 1.2010, lr_0 = 6.1331e-04
Loss = 3.2152e-01, PNorm = 101.0833, GNorm = 0.5697, lr_0 = 6.1192e-04
Loss = 2.8992e-01, PNorm = 101.2061, GNorm = 1.0099, lr_0 = 6.1054e-04
Loss = 3.0573e-01, PNorm = 101.3148, GNorm = 0.5563, lr_0 = 6.0916e-04
Loss = 2.8862e-01, PNorm = 101.4218, GNorm = 0.8155, lr_0 = 6.0779e-04
Validation auc = 0.885146
Epoch 23
Loss = 2.7746e-01, PNorm = 101.5480, GNorm = 0.8721, lr_0 = 6.0628e-04
Loss = 2.6589e-01, PNorm = 101.6657, GNorm = 0.6672, lr_0 = 6.0491e-04
Loss = 2.9776e-01, PNorm = 101.7788, GNorm = 0.8004, lr_0 = 6.0355e-04
Loss = 2.7823e-01, PNorm = 101.9108, GNorm = 0.7620, lr_0 = 6.0218e-04
Loss = 2.7565e-01, PNorm = 102.0384, GNorm = 0.5186, lr_0 = 6.0083e-04
Loss = 3.0918e-01, PNorm = 102.1585, GNorm = 0.8032, lr_0 = 5.9947e-04
Loss = 2.7010e-01, PNorm = 102.2854, GNorm = 0.7630, lr_0 = 5.9812e-04
Loss = 3.0730e-01, PNorm = 102.4130, GNorm = 0.7419, lr_0 = 5.9677e-04
Loss = 2.7491e-01, PNorm = 102.5343, GNorm = 0.6878, lr_0 = 5.9542e-04
Loss = 2.9917e-01, PNorm = 102.6380, GNorm = 1.1171, lr_0 = 5.9408e-04
Validation auc = 0.883584
Epoch 24
Loss = 1.9172e-01, PNorm = 102.7514, GNorm = 0.7987, lr_0 = 5.9260e-04
Loss = 2.5249e-01, PNorm = 102.8697, GNorm = 0.4805, lr_0 = 5.9126e-04
Loss = 2.8341e-01, PNorm = 102.9933, GNorm = 0.7509, lr_0 = 5.8993e-04
Loss = 2.8644e-01, PNorm = 103.1153, GNorm = 1.0178, lr_0 = 5.8860e-04
Loss = 2.5558e-01, PNorm = 103.2338, GNorm = 1.0233, lr_0 = 5.8727e-04
Loss = 3.0266e-01, PNorm = 103.3628, GNorm = 1.2424, lr_0 = 5.8595e-04
Loss = 3.1659e-01, PNorm = 103.4938, GNorm = 0.5267, lr_0 = 5.8462e-04
Loss = 3.1082e-01, PNorm = 103.6293, GNorm = 1.0479, lr_0 = 5.8330e-04
Loss = 2.7251e-01, PNorm = 103.7445, GNorm = 0.8195, lr_0 = 5.8199e-04
Loss = 2.6496e-01, PNorm = 103.8595, GNorm = 0.8123, lr_0 = 5.8067e-04
Loss = 2.7171e-01, PNorm = 103.9593, GNorm = 1.0037, lr_0 = 5.7936e-04
Validation auc = 0.884193
Epoch 25
Loss = 2.9771e-01, PNorm = 104.0873, GNorm = 0.7452, lr_0 = 5.7806e-04
Loss = 2.8155e-01, PNorm = 104.2295, GNorm = 0.6697, lr_0 = 5.7675e-04
Loss = 2.6274e-01, PNorm = 104.3504, GNorm = 0.9703, lr_0 = 5.7545e-04
Loss = 2.8763e-01, PNorm = 104.4738, GNorm = 1.4625, lr_0 = 5.7415e-04
Loss = 2.5930e-01, PNorm = 104.5908, GNorm = 1.0662, lr_0 = 5.7286e-04
Loss = 3.0659e-01, PNorm = 104.6918, GNorm = 1.2319, lr_0 = 5.7156e-04
Loss = 2.7205e-01, PNorm = 104.8142, GNorm = 0.5811, lr_0 = 5.7027e-04
Loss = 2.6729e-01, PNorm = 104.9318, GNorm = 0.7341, lr_0 = 5.6899e-04
Loss = 2.8095e-01, PNorm = 105.0376, GNorm = 0.5662, lr_0 = 5.6770e-04
Loss = 2.4831e-01, PNorm = 105.1422, GNorm = 0.7531, lr_0 = 5.6642e-04
Validation auc = 0.884974
Epoch 26
Loss = 2.6940e-01, PNorm = 105.2381, GNorm = 0.5006, lr_0 = 5.6502e-04
Loss = 2.4099e-01, PNorm = 105.3425, GNorm = 0.5985, lr_0 = 5.6374e-04
Loss = 2.1716e-01, PNorm = 105.4527, GNorm = 0.6034, lr_0 = 5.6247e-04
Loss = 2.4520e-01, PNorm = 105.5523, GNorm = 0.6707, lr_0 = 5.6120e-04
Loss = 2.6093e-01, PNorm = 105.6576, GNorm = 0.4672, lr_0 = 5.5993e-04
Loss = 2.6881e-01, PNorm = 105.7700, GNorm = 0.5889, lr_0 = 5.5867e-04
Loss = 3.0683e-01, PNorm = 105.8828, GNorm = 0.9113, lr_0 = 5.5741e-04
Loss = 2.8643e-01, PNorm = 106.0049, GNorm = 1.2907, lr_0 = 5.5615e-04
Loss = 2.5520e-01, PNorm = 106.1275, GNorm = 0.9797, lr_0 = 5.5490e-04
Loss = 2.4474e-01, PNorm = 106.2366, GNorm = 0.7348, lr_0 = 5.5364e-04
Loss = 2.5230e-01, PNorm = 106.3440, GNorm = 0.8066, lr_0 = 5.5239e-04
Loss = 4.3528e-02, PNorm = 106.3545, GNorm = 0.4155, lr_0 = 5.5227e-04
Validation auc = 0.885650
Epoch 27
Loss = 2.3516e-01, PNorm = 106.4680, GNorm = 0.7903, lr_0 = 5.5102e-04
Loss = 2.7993e-01, PNorm = 106.5660, GNorm = 1.3445, lr_0 = 5.4978e-04
Loss = 2.5680e-01, PNorm = 106.6676, GNorm = 0.8395, lr_0 = 5.4854e-04
Loss = 2.5250e-01, PNorm = 106.7613, GNorm = 0.7982, lr_0 = 5.4730e-04
Loss = 2.4335e-01, PNorm = 106.8629, GNorm = 0.4543, lr_0 = 5.4607e-04
Loss = 2.4266e-01, PNorm = 106.9596, GNorm = 0.6839, lr_0 = 5.4483e-04
Loss = 2.2568e-01, PNorm = 107.0581, GNorm = 1.0646, lr_0 = 5.4360e-04
Loss = 2.1112e-01, PNorm = 107.1523, GNorm = 0.7749, lr_0 = 5.4238e-04
Loss = 2.7591e-01, PNorm = 107.2394, GNorm = 0.8899, lr_0 = 5.4115e-04
Loss = 2.5819e-01, PNorm = 107.3301, GNorm = 0.8320, lr_0 = 5.3993e-04
Validation auc = 0.893887
Epoch 28
Loss = 2.5934e-01, PNorm = 107.4270, GNorm = 0.9288, lr_0 = 5.3859e-04
Loss = 2.5273e-01, PNorm = 107.5312, GNorm = 0.9607, lr_0 = 5.3738e-04
Loss = 2.0768e-01, PNorm = 107.6179, GNorm = 0.4625, lr_0 = 5.3616e-04
Loss = 2.3792e-01, PNorm = 107.7048, GNorm = 0.7439, lr_0 = 5.3495e-04
Loss = 2.1130e-01, PNorm = 107.7843, GNorm = 0.7825, lr_0 = 5.3375e-04
Loss = 1.8827e-01, PNorm = 107.8766, GNorm = 0.8967, lr_0 = 5.3254e-04
Loss = 2.0736e-01, PNorm = 107.9859, GNorm = 0.6452, lr_0 = 5.3134e-04
Loss = 3.1002e-01, PNorm = 108.0882, GNorm = 0.9950, lr_0 = 5.3014e-04
Loss = 2.5671e-01, PNorm = 108.1825, GNorm = 1.0568, lr_0 = 5.2895e-04
Loss = 2.7434e-01, PNorm = 108.2739, GNorm = 0.9103, lr_0 = 5.2775e-04
Validation auc = 0.891640
Epoch 29
Loss = 2.3275e-01, PNorm = 108.3573, GNorm = 1.2224, lr_0 = 5.2644e-04
Loss = 2.3071e-01, PNorm = 108.4547, GNorm = 0.6465, lr_0 = 5.2525e-04
Loss = 2.4406e-01, PNorm = 108.5427, GNorm = 0.6463, lr_0 = 5.2407e-04
Loss = 2.4025e-01, PNorm = 108.6265, GNorm = 1.0960, lr_0 = 5.2289e-04
Loss = 2.3873e-01, PNorm = 108.7300, GNorm = 0.9498, lr_0 = 5.2171e-04
Loss = 2.3496e-01, PNorm = 108.8160, GNorm = 0.8633, lr_0 = 5.2053e-04
Loss = 2.6623e-01, PNorm = 108.9166, GNorm = 0.6826, lr_0 = 5.1935e-04
Loss = 1.9229e-01, PNorm = 109.0000, GNorm = 0.5491, lr_0 = 5.1818e-04
Loss = 2.3794e-01, PNorm = 109.0902, GNorm = 0.9639, lr_0 = 5.1701e-04
Loss = 2.5444e-01, PNorm = 109.1850, GNorm = 0.7021, lr_0 = 5.1585e-04
Loss = 2.2027e-01, PNorm = 109.2732, GNorm = 1.0404, lr_0 = 5.1468e-04
Validation auc = 0.876138
Epoch 30
Loss = 2.1396e-01, PNorm = 109.4055, GNorm = 0.8477, lr_0 = 5.1340e-04
Loss = 2.3763e-01, PNorm = 109.5117, GNorm = 0.6240, lr_0 = 5.1225e-04
Loss = 2.3380e-01, PNorm = 109.6131, GNorm = 0.7977, lr_0 = 5.1109e-04
Loss = 2.0405e-01, PNorm = 109.7053, GNorm = 0.7807, lr_0 = 5.0994e-04
Loss = 2.7338e-01, PNorm = 109.8048, GNorm = 0.8836, lr_0 = 5.0879e-04
Loss = 2.3177e-01, PNorm = 109.8946, GNorm = 1.3820, lr_0 = 5.0764e-04
Loss = 2.3076e-01, PNorm = 109.9861, GNorm = 1.0260, lr_0 = 5.0649e-04
Loss = 1.8820e-01, PNorm = 110.0721, GNorm = 0.5877, lr_0 = 5.0535e-04
Loss = 2.5583e-01, PNorm = 110.1456, GNorm = 0.8643, lr_0 = 5.0421e-04
Loss = 1.9141e-01, PNorm = 110.2230, GNorm = 0.5295, lr_0 = 5.0307e-04
Validation auc = 0.892997
Epoch 31
Loss = 2.1526e-01, PNorm = 110.3495, GNorm = 0.5876, lr_0 = 5.0182e-04
Loss = 2.5298e-01, PNorm = 110.5523, GNorm = 1.0570, lr_0 = 5.0069e-04
Loss = 2.6458e-01, PNorm = 110.7190, GNorm = 0.9374, lr_0 = 4.9956e-04
Loss = 2.3665e-01, PNorm = 110.8494, GNorm = 0.9151, lr_0 = 4.9843e-04
Loss = 2.6642e-01, PNorm = 110.9586, GNorm = 0.9783, lr_0 = 4.9731e-04
Loss = 2.5569e-01, PNorm = 111.0670, GNorm = 0.8003, lr_0 = 4.9619e-04
Loss = 2.1935e-01, PNorm = 111.1699, GNorm = 0.6059, lr_0 = 4.9507e-04
Loss = 2.3740e-01, PNorm = 111.2607, GNorm = 0.6996, lr_0 = 4.9395e-04
Loss = 2.3943e-01, PNorm = 111.3388, GNorm = 1.0725, lr_0 = 4.9283e-04
Loss = 2.3787e-01, PNorm = 111.4099, GNorm = 1.6372, lr_0 = 4.9172e-04
Loss = 2.3169e-01, PNorm = 111.4926, GNorm = 0.5929, lr_0 = 4.9061e-04
Loss = 3.0088e-02, PNorm = 111.5007, GNorm = 0.4289, lr_0 = 4.9050e-04
Validation auc = 0.897239
Epoch 32
Loss = 2.4797e-01, PNorm = 111.5823, GNorm = 0.7977, lr_0 = 4.8939e-04
Loss = 2.0629e-01, PNorm = 111.6784, GNorm = 1.0267, lr_0 = 4.8829e-04
Loss = 2.4014e-01, PNorm = 111.7713, GNorm = 0.9839, lr_0 = 4.8719e-04
Loss = 2.6023e-01, PNorm = 111.8629, GNorm = 1.1368, lr_0 = 4.8609e-04
Loss = 2.5907e-01, PNorm = 111.9483, GNorm = 0.7420, lr_0 = 4.8499e-04
Loss = 2.2515e-01, PNorm = 112.0254, GNorm = 0.6336, lr_0 = 4.8390e-04
Loss = 2.1924e-01, PNorm = 112.1144, GNorm = 0.6506, lr_0 = 4.8280e-04
Loss = 2.1324e-01, PNorm = 112.2079, GNorm = 0.3629, lr_0 = 4.8172e-04
Loss = 2.0849e-01, PNorm = 112.2972, GNorm = 0.6818, lr_0 = 4.8063e-04
Loss = 2.2232e-01, PNorm = 112.3693, GNorm = 1.4519, lr_0 = 4.7954e-04
Validation auc = 0.889207
Epoch 33
Loss = 1.8196e-01, PNorm = 112.4560, GNorm = 0.8812, lr_0 = 4.7835e-04
Loss = 1.9772e-01, PNorm = 112.5197, GNorm = 0.9854, lr_0 = 4.7727e-04
Loss = 2.3344e-01, PNorm = 112.5953, GNorm = 0.8971, lr_0 = 4.7620e-04
Loss = 1.9111e-01, PNorm = 112.6778, GNorm = 0.7773, lr_0 = 4.7512e-04
Loss = 2.1528e-01, PNorm = 112.7517, GNorm = 0.6371, lr_0 = 4.7405e-04
Loss = 2.2175e-01, PNorm = 112.8255, GNorm = 0.4788, lr_0 = 4.7298e-04
Loss = 1.7733e-01, PNorm = 112.9032, GNorm = 1.1365, lr_0 = 4.7191e-04
Loss = 2.3816e-01, PNorm = 112.9871, GNorm = 0.8324, lr_0 = 4.7085e-04
Loss = 1.8113e-01, PNorm = 113.0573, GNorm = 0.7042, lr_0 = 4.6979e-04
Loss = 2.3810e-01, PNorm = 113.1253, GNorm = 0.9125, lr_0 = 4.6873e-04
Validation auc = 0.892897
Epoch 34
Loss = 2.4058e-01, PNorm = 113.1978, GNorm = 0.9254, lr_0 = 4.6756e-04
Loss = 1.8445e-01, PNorm = 113.2730, GNorm = 0.9083, lr_0 = 4.6651e-04
Loss = 1.8108e-01, PNorm = 113.3443, GNorm = 0.8124, lr_0 = 4.6545e-04
Loss = 1.7225e-01, PNorm = 113.4064, GNorm = 0.4025, lr_0 = 4.6440e-04
Loss = 2.1183e-01, PNorm = 113.4786, GNorm = 0.6062, lr_0 = 4.6336e-04
Loss = 1.7540e-01, PNorm = 113.5454, GNorm = 0.8179, lr_0 = 4.6231e-04
Loss = 2.3225e-01, PNorm = 113.6228, GNorm = 1.0281, lr_0 = 4.6127e-04
Loss = 2.1680e-01, PNorm = 113.7021, GNorm = 0.6237, lr_0 = 4.6023e-04
Loss = 2.6524e-01, PNorm = 113.7739, GNorm = 0.7862, lr_0 = 4.5919e-04
Loss = 2.0799e-01, PNorm = 113.8470, GNorm = 0.7174, lr_0 = 4.5815e-04
Loss = 2.1677e-01, PNorm = 113.9167, GNorm = 0.9823, lr_0 = 4.5712e-04
Validation auc = 0.885631
Epoch 35
Loss = 1.6245e-01, PNorm = 114.0012, GNorm = 0.8595, lr_0 = 4.5598e-04
Loss = 2.0153e-01, PNorm = 114.0802, GNorm = 0.8586, lr_0 = 4.5495e-04
Loss = 2.0392e-01, PNorm = 114.1576, GNorm = 0.7316, lr_0 = 4.5393e-04
Loss = 1.9870e-01, PNorm = 114.2170, GNorm = 0.3057, lr_0 = 4.5290e-04
Loss = 1.9703e-01, PNorm = 114.2810, GNorm = 0.6118, lr_0 = 4.5188e-04
Loss = 2.1641e-01, PNorm = 114.3422, GNorm = 0.7485, lr_0 = 4.5086e-04
Loss = 1.9950e-01, PNorm = 114.4002, GNorm = 1.0933, lr_0 = 4.4984e-04
Loss = 2.1256e-01, PNorm = 114.4628, GNorm = 0.5174, lr_0 = 4.4883e-04
Loss = 1.9632e-01, PNorm = 114.5269, GNorm = 0.8909, lr_0 = 4.4782e-04
Loss = 2.1823e-01, PNorm = 114.5846, GNorm = 0.5084, lr_0 = 4.4680e-04
Validation auc = 0.890135
Epoch 36
Loss = 2.1883e-01, PNorm = 114.6561, GNorm = 0.7995, lr_0 = 4.4570e-04
Loss = 1.7465e-01, PNorm = 114.7330, GNorm = 0.8764, lr_0 = 4.4469e-04
Loss = 1.9468e-01, PNorm = 114.8074, GNorm = 0.8535, lr_0 = 4.4369e-04
Loss = 2.0819e-01, PNorm = 114.8819, GNorm = 0.5328, lr_0 = 4.4269e-04
Loss = 2.1365e-01, PNorm = 114.9627, GNorm = 1.0437, lr_0 = 4.4169e-04
Loss = 2.0281e-01, PNorm = 115.0350, GNorm = 0.6771, lr_0 = 4.4069e-04
Loss = 1.7956e-01, PNorm = 115.0948, GNorm = 0.8514, lr_0 = 4.3969e-04
Loss = 1.7486e-01, PNorm = 115.1554, GNorm = 0.5710, lr_0 = 4.3870e-04
Loss = 2.0947e-01, PNorm = 115.2283, GNorm = 0.9768, lr_0 = 4.3771e-04
Loss = 2.0822e-01, PNorm = 115.2921, GNorm = 0.5120, lr_0 = 4.3672e-04
Loss = 1.9816e-01, PNorm = 115.3536, GNorm = 0.9400, lr_0 = 4.3574e-04
Loss = 9.9098e-02, PNorm = 115.3608, GNorm = 1.4257, lr_0 = 4.3564e-04
Validation auc = 0.891811
Epoch 37
Loss = 1.9338e-01, PNorm = 115.4253, GNorm = 0.6036, lr_0 = 4.3466e-04
Loss = 1.8068e-01, PNorm = 115.4851, GNorm = 0.8684, lr_0 = 4.3368e-04
Loss = 1.7884e-01, PNorm = 115.5484, GNorm = 0.6937, lr_0 = 4.3270e-04
Loss = 1.6500e-01, PNorm = 115.6094, GNorm = 0.5499, lr_0 = 4.3172e-04
Loss = 1.8819e-01, PNorm = 115.6678, GNorm = 0.7629, lr_0 = 4.3075e-04
Loss = 1.8631e-01, PNorm = 115.7365, GNorm = 0.5297, lr_0 = 4.2978e-04
Loss = 1.7925e-01, PNorm = 115.8089, GNorm = 0.6698, lr_0 = 4.2881e-04
Loss = 1.9872e-01, PNorm = 115.8764, GNorm = 0.9105, lr_0 = 4.2784e-04
Loss = 2.1396e-01, PNorm = 115.9344, GNorm = 0.8966, lr_0 = 4.2687e-04
Loss = 2.0106e-01, PNorm = 115.9919, GNorm = 0.8592, lr_0 = 4.2591e-04
Validation auc = 0.889154
Epoch 38
Loss = 1.8077e-01, PNorm = 116.0578, GNorm = 0.6106, lr_0 = 4.2495e-04
Loss = 1.6527e-01, PNorm = 116.1165, GNorm = 0.8077, lr_0 = 4.2399e-04
Loss = 2.1457e-01, PNorm = 116.1714, GNorm = 0.8969, lr_0 = 4.2303e-04
Loss = 2.1521e-01, PNorm = 116.2273, GNorm = 0.6643, lr_0 = 4.2208e-04
Loss = 1.4880e-01, PNorm = 116.2791, GNorm = 0.5618, lr_0 = 4.2113e-04
Loss = 1.6443e-01, PNorm = 116.3423, GNorm = 0.8515, lr_0 = 4.2017e-04
Loss = 1.7059e-01, PNorm = 116.4049, GNorm = 0.8823, lr_0 = 4.1923e-04
Loss = 1.9046e-01, PNorm = 116.4664, GNorm = 1.1034, lr_0 = 4.1828e-04
Loss = 1.8539e-01, PNorm = 116.5342, GNorm = 0.8874, lr_0 = 4.1734e-04
Loss = 1.8936e-01, PNorm = 116.5962, GNorm = 0.8428, lr_0 = 4.1639e-04
Validation auc = 0.876462
Epoch 39
Loss = 2.1858e-01, PNorm = 116.6693, GNorm = 1.1190, lr_0 = 4.1536e-04
Loss = 1.4671e-01, PNorm = 116.7381, GNorm = 0.5418, lr_0 = 4.1442e-04
Loss = 1.6159e-01, PNorm = 116.8042, GNorm = 0.7988, lr_0 = 4.1349e-04
Loss = 1.5804e-01, PNorm = 116.8622, GNorm = 0.8425, lr_0 = 4.1256e-04
Loss = 1.8382e-01, PNorm = 116.9200, GNorm = 0.6082, lr_0 = 4.1162e-04
Loss = 1.8534e-01, PNorm = 116.9771, GNorm = 0.6448, lr_0 = 4.1070e-04
Loss = 1.8262e-01, PNorm = 117.0322, GNorm = 0.7792, lr_0 = 4.0977e-04
Loss = 1.8004e-01, PNorm = 117.0882, GNorm = 0.8000, lr_0 = 4.0884e-04
Loss = 1.8453e-01, PNorm = 117.1357, GNorm = 0.9561, lr_0 = 4.0792e-04
Loss = 2.1205e-01, PNorm = 117.1894, GNorm = 1.1564, lr_0 = 4.0700e-04
Loss = 1.9059e-01, PNorm = 117.2432, GNorm = 0.5418, lr_0 = 4.0608e-04
Validation auc = 0.892430
Epoch 40
Loss = 1.4851e-01, PNorm = 117.3055, GNorm = 0.5466, lr_0 = 4.0507e-04
Loss = 1.8270e-01, PNorm = 117.3643, GNorm = 0.6663, lr_0 = 4.0416e-04
Loss = 1.7612e-01, PNorm = 117.4187, GNorm = 0.6064, lr_0 = 4.0325e-04
Loss = 1.6723e-01, PNorm = 117.4785, GNorm = 0.6778, lr_0 = 4.0234e-04
Loss = 1.7845e-01, PNorm = 117.5320, GNorm = 1.1681, lr_0 = 4.0143e-04
Loss = 1.6314e-01, PNorm = 117.5883, GNorm = 0.9838, lr_0 = 4.0052e-04
Loss = 1.9681e-01, PNorm = 117.6543, GNorm = 0.7658, lr_0 = 3.9962e-04
Loss = 1.9628e-01, PNorm = 117.7111, GNorm = 0.7663, lr_0 = 3.9872e-04
Loss = 1.4366e-01, PNorm = 117.7775, GNorm = 0.5769, lr_0 = 3.9782e-04
Loss = 1.7980e-01, PNorm = 117.8378, GNorm = 1.3496, lr_0 = 3.9692e-04
Validation auc = 0.888045
Epoch 41
Loss = 1.3290e-01, PNorm = 117.9042, GNorm = 0.6064, lr_0 = 3.9594e-04
Loss = 1.8150e-01, PNorm = 117.9551, GNorm = 1.0747, lr_0 = 3.9504e-04
Loss = 1.7087e-01, PNorm = 118.0058, GNorm = 0.6415, lr_0 = 3.9415e-04
Loss = 1.7306e-01, PNorm = 118.0538, GNorm = 0.8884, lr_0 = 3.9326e-04
Loss = 1.5173e-01, PNorm = 118.0993, GNorm = 0.8937, lr_0 = 3.9237e-04
Loss = 1.4508e-01, PNorm = 118.1601, GNorm = 0.5562, lr_0 = 3.9149e-04
Loss = 1.9018e-01, PNorm = 118.2175, GNorm = 1.2998, lr_0 = 3.9061e-04
Loss = 1.9552e-01, PNorm = 118.2765, GNorm = 0.7077, lr_0 = 3.8972e-04
Loss = 1.8110e-01, PNorm = 118.3313, GNorm = 0.2867, lr_0 = 3.8884e-04
Loss = 1.6310e-01, PNorm = 118.3829, GNorm = 0.7028, lr_0 = 3.8797e-04
Loss = 1.8621e-01, PNorm = 118.4346, GNorm = 0.7509, lr_0 = 3.8709e-04
Validation auc = 0.887060
Epoch 42
Loss = 1.8164e-01, PNorm = 118.4960, GNorm = 0.9983, lr_0 = 3.8613e-04
Loss = 1.5040e-01, PNorm = 118.5447, GNorm = 0.8854, lr_0 = 3.8526e-04
Loss = 1.9273e-01, PNorm = 118.5966, GNorm = 0.7191, lr_0 = 3.8439e-04
Loss = 1.3764e-01, PNorm = 118.6584, GNorm = 0.7095, lr_0 = 3.8352e-04
Loss = 1.6542e-01, PNorm = 118.7146, GNorm = 0.6602, lr_0 = 3.8266e-04
Loss = 1.7038e-01, PNorm = 118.7729, GNorm = 1.2886, lr_0 = 3.8179e-04
Loss = 1.4706e-01, PNorm = 118.8258, GNorm = 0.6978, lr_0 = 3.8093e-04
Loss = 1.6945e-01, PNorm = 118.8713, GNorm = 0.6929, lr_0 = 3.8007e-04
Loss = 1.5011e-01, PNorm = 118.9216, GNorm = 0.6480, lr_0 = 3.7921e-04
Loss = 1.7100e-01, PNorm = 118.9733, GNorm = 0.5329, lr_0 = 3.7836e-04
Validation auc = 0.881761
Epoch 43
Loss = 1.5163e-01, PNorm = 119.0210, GNorm = 0.7568, lr_0 = 3.7742e-04
Loss = 1.5858e-01, PNorm = 119.0607, GNorm = 0.5720, lr_0 = 3.7657e-04
Loss = 1.4900e-01, PNorm = 119.1145, GNorm = 0.5105, lr_0 = 3.7572e-04
Loss = 1.6965e-01, PNorm = 119.1635, GNorm = 0.5356, lr_0 = 3.7487e-04
Loss = 1.6555e-01, PNorm = 119.2171, GNorm = 0.8419, lr_0 = 3.7402e-04
Loss = 1.3371e-01, PNorm = 119.2738, GNorm = 0.7361, lr_0 = 3.7318e-04
Loss = 1.6771e-01, PNorm = 119.3180, GNorm = 0.5625, lr_0 = 3.7234e-04
Loss = 1.7648e-01, PNorm = 119.3635, GNorm = 0.6926, lr_0 = 3.7150e-04
Loss = 1.5818e-01, PNorm = 119.4146, GNorm = 0.5354, lr_0 = 3.7066e-04
Loss = 1.7554e-01, PNorm = 119.4651, GNorm = 0.6579, lr_0 = 3.6982e-04
Validation auc = 0.893320
Epoch 44
Loss = 2.8239e-01, PNorm = 119.5188, GNorm = 1.5345, lr_0 = 3.6891e-04
Loss = 1.3726e-01, PNorm = 119.5688, GNorm = 0.8339, lr_0 = 3.6807e-04
Loss = 1.4058e-01, PNorm = 119.6180, GNorm = 0.6874, lr_0 = 3.6724e-04
Loss = 1.6760e-01, PNorm = 119.6665, GNorm = 0.5078, lr_0 = 3.6641e-04
Loss = 1.3699e-01, PNorm = 119.7093, GNorm = 0.9080, lr_0 = 3.6559e-04
Loss = 1.7050e-01, PNorm = 119.7479, GNorm = 0.8665, lr_0 = 3.6476e-04
Loss = 1.4260e-01, PNorm = 119.7952, GNorm = 0.7132, lr_0 = 3.6394e-04
Loss = 1.3462e-01, PNorm = 119.8393, GNorm = 0.3675, lr_0 = 3.6312e-04
Loss = 1.4575e-01, PNorm = 119.8798, GNorm = 0.8046, lr_0 = 3.6230e-04
Loss = 1.5481e-01, PNorm = 119.9303, GNorm = 0.6952, lr_0 = 3.6148e-04
Loss = 1.3807e-01, PNorm = 119.9837, GNorm = 0.7239, lr_0 = 3.6066e-04
Validation auc = 0.887579
Epoch 45
Loss = 1.2037e-01, PNorm = 120.0304, GNorm = 0.4446, lr_0 = 3.5977e-04
Loss = 1.3975e-01, PNorm = 120.0660, GNorm = 1.2307, lr_0 = 3.5896e-04
Loss = 1.3786e-01, PNorm = 120.1055, GNorm = 0.7698, lr_0 = 3.5815e-04
Loss = 1.1111e-01, PNorm = 120.1516, GNorm = 1.1304, lr_0 = 3.5734e-04
Loss = 1.6269e-01, PNorm = 120.1998, GNorm = 1.0459, lr_0 = 3.5653e-04
Loss = 1.8256e-01, PNorm = 120.2504, GNorm = 1.0133, lr_0 = 3.5573e-04
Loss = 1.3913e-01, PNorm = 120.2935, GNorm = 0.5218, lr_0 = 3.5493e-04
Loss = 1.5114e-01, PNorm = 120.3366, GNorm = 0.6720, lr_0 = 3.5412e-04
Loss = 1.6459e-01, PNorm = 120.3841, GNorm = 1.0756, lr_0 = 3.5333e-04
Loss = 1.5163e-01, PNorm = 120.4289, GNorm = 0.9002, lr_0 = 3.5253e-04
Validation auc = 0.886326
Epoch 46
Loss = 1.5448e-01, PNorm = 120.4787, GNorm = 1.1640, lr_0 = 3.5165e-04
Loss = 1.1574e-01, PNorm = 120.5284, GNorm = 0.4250, lr_0 = 3.5086e-04
Loss = 1.6120e-01, PNorm = 120.5722, GNorm = 0.9221, lr_0 = 3.5007e-04
Loss = 1.4452e-01, PNorm = 120.6128, GNorm = 0.6230, lr_0 = 3.4928e-04
Loss = 1.2869e-01, PNorm = 120.6563, GNorm = 0.7427, lr_0 = 3.4849e-04
Loss = 1.5820e-01, PNorm = 120.7030, GNorm = 0.8413, lr_0 = 3.4770e-04
Loss = 1.2841e-01, PNorm = 120.7620, GNorm = 0.5283, lr_0 = 3.4692e-04
Loss = 1.5081e-01, PNorm = 120.8040, GNorm = 0.5177, lr_0 = 3.4614e-04
Loss = 1.9389e-01, PNorm = 120.8524, GNorm = 0.5769, lr_0 = 3.4535e-04
Loss = 1.5060e-01, PNorm = 120.8959, GNorm = 0.6476, lr_0 = 3.4458e-04
Loss = 1.6045e-01, PNorm = 120.9391, GNorm = 0.8041, lr_0 = 3.4380e-04
Validation auc = 0.894972
Epoch 47
Loss = 1.5145e-01, PNorm = 120.9929, GNorm = 0.5711, lr_0 = 3.4294e-04
Loss = 1.4287e-01, PNorm = 121.0382, GNorm = 0.4835, lr_0 = 3.4217e-04
Loss = 1.3889e-01, PNorm = 121.0799, GNorm = 0.7296, lr_0 = 3.4140e-04
Loss = 1.5036e-01, PNorm = 121.1213, GNorm = 0.9699, lr_0 = 3.4063e-04
Loss = 1.3775e-01, PNorm = 121.1807, GNorm = 0.6047, lr_0 = 3.3986e-04
Loss = 1.4819e-01, PNorm = 121.2378, GNorm = 0.6675, lr_0 = 3.3909e-04
Loss = 1.5262e-01, PNorm = 121.2866, GNorm = 0.4620, lr_0 = 3.3833e-04
Loss = 1.6305e-01, PNorm = 121.3367, GNorm = 0.5495, lr_0 = 3.3756e-04
Loss = 1.4521e-01, PNorm = 121.3842, GNorm = 0.4513, lr_0 = 3.3680e-04
Loss = 1.8341e-01, PNorm = 121.4171, GNorm = 0.4406, lr_0 = 3.3604e-04
Validation auc = 0.884222
Epoch 48
Loss = 1.2694e-01, PNorm = 121.4656, GNorm = 1.1974, lr_0 = 3.3521e-04
Loss = 1.1679e-01, PNorm = 121.5017, GNorm = 0.7815, lr_0 = 3.3445e-04
Loss = 1.1906e-01, PNorm = 121.5462, GNorm = 0.4634, lr_0 = 3.3370e-04
Loss = 1.5926e-01, PNorm = 121.5883, GNorm = 1.1704, lr_0 = 3.3294e-04
Loss = 1.2283e-01, PNorm = 121.6346, GNorm = 0.6702, lr_0 = 3.3219e-04
Loss = 1.3206e-01, PNorm = 121.6768, GNorm = 0.6237, lr_0 = 3.3144e-04
Loss = 1.3838e-01, PNorm = 121.7139, GNorm = 0.5445, lr_0 = 3.3069e-04
Loss = 1.7445e-01, PNorm = 121.7627, GNorm = 0.8287, lr_0 = 3.2995e-04
Loss = 1.8812e-01, PNorm = 121.8057, GNorm = 1.0314, lr_0 = 3.2920e-04
Loss = 1.6251e-01, PNorm = 121.8551, GNorm = 0.4983, lr_0 = 3.2846e-04
Validation auc = 0.885336
Epoch 49
Loss = 2.3187e-01, PNorm = 121.9027, GNorm = 0.7377, lr_0 = 3.2765e-04
Loss = 1.5266e-01, PNorm = 121.9483, GNorm = 0.9118, lr_0 = 3.2691e-04
Loss = 1.2125e-01, PNorm = 121.9894, GNorm = 0.6504, lr_0 = 3.2617e-04
Loss = 1.2077e-01, PNorm = 122.0291, GNorm = 0.9153, lr_0 = 3.2543e-04
Loss = 1.2406e-01, PNorm = 122.0725, GNorm = 0.5285, lr_0 = 3.2470e-04
Loss = 1.1541e-01, PNorm = 122.1049, GNorm = 1.1030, lr_0 = 3.2397e-04
Loss = 1.5521e-01, PNorm = 122.1343, GNorm = 1.3383, lr_0 = 3.2323e-04
Loss = 1.2098e-01, PNorm = 122.1680, GNorm = 0.5285, lr_0 = 3.2250e-04
Loss = 1.2496e-01, PNorm = 122.2029, GNorm = 0.4940, lr_0 = 3.2178e-04
Loss = 1.4117e-01, PNorm = 122.2452, GNorm = 0.9769, lr_0 = 3.2105e-04
Loss = 1.5213e-01, PNorm = 122.2867, GNorm = 0.4575, lr_0 = 3.2033e-04
Validation auc = 0.885907
Epoch 50
Loss = 1.0799e-01, PNorm = 122.3364, GNorm = 0.5537, lr_0 = 3.1960e-04
Loss = 1.2365e-01, PNorm = 122.3798, GNorm = 0.3303, lr_0 = 3.1888e-04
Loss = 1.6757e-01, PNorm = 122.4139, GNorm = 0.8219, lr_0 = 3.1816e-04
Loss = 1.1085e-01, PNorm = 122.4480, GNorm = 0.5703, lr_0 = 3.1744e-04
Loss = 1.3625e-01, PNorm = 122.4814, GNorm = 0.4603, lr_0 = 3.1673e-04
Loss = 1.5492e-01, PNorm = 122.5227, GNorm = 0.5232, lr_0 = 3.1601e-04
Loss = 1.7886e-01, PNorm = 122.5688, GNorm = 0.6403, lr_0 = 3.1530e-04
Loss = 1.5580e-01, PNorm = 122.6089, GNorm = 0.7238, lr_0 = 3.1459e-04
Loss = 1.0407e-01, PNorm = 122.6518, GNorm = 0.4272, lr_0 = 3.1388e-04
Loss = 1.2897e-01, PNorm = 122.6886, GNorm = 0.3085, lr_0 = 3.1317e-04
Validation auc = 0.886403
Epoch 51
Loss = 8.9283e-02, PNorm = 122.7235, GNorm = 0.6184, lr_0 = 3.1239e-04
Loss = 9.3368e-02, PNorm = 122.7518, GNorm = 0.6233, lr_0 = 3.1169e-04
Loss = 1.7917e-01, PNorm = 122.7801, GNorm = 1.0670, lr_0 = 3.1098e-04
Loss = 1.1992e-01, PNorm = 122.8159, GNorm = 0.6473, lr_0 = 3.1028e-04
Loss = 1.4399e-01, PNorm = 122.8531, GNorm = 0.7529, lr_0 = 3.0958e-04
Loss = 1.2644e-01, PNorm = 122.8828, GNorm = 0.8204, lr_0 = 3.0888e-04
Loss = 1.1882e-01, PNorm = 122.9162, GNorm = 0.4061, lr_0 = 3.0819e-04
Loss = 1.2865e-01, PNorm = 122.9431, GNorm = 0.6434, lr_0 = 3.0749e-04
Loss = 1.2402e-01, PNorm = 122.9750, GNorm = 1.2054, lr_0 = 3.0680e-04
Loss = 1.6132e-01, PNorm = 123.0017, GNorm = 0.7538, lr_0 = 3.0611e-04
Loss = 1.3186e-01, PNorm = 123.0336, GNorm = 0.6480, lr_0 = 3.0541e-04
Validation auc = 0.891749
Epoch 52
Loss = 9.9858e-02, PNorm = 123.0844, GNorm = 0.5937, lr_0 = 3.0466e-04
Loss = 1.3399e-01, PNorm = 123.1302, GNorm = 1.2324, lr_0 = 3.0397e-04
Loss = 1.2587e-01, PNorm = 123.1810, GNorm = 0.5202, lr_0 = 3.0328e-04
Loss = 1.3295e-01, PNorm = 123.2154, GNorm = 0.4982, lr_0 = 3.0260e-04
Loss = 1.1592e-01, PNorm = 123.2505, GNorm = 0.4629, lr_0 = 3.0192e-04
Loss = 9.7671e-02, PNorm = 123.2809, GNorm = 0.5695, lr_0 = 3.0123e-04
Loss = 1.3153e-01, PNorm = 123.3100, GNorm = 0.9834, lr_0 = 3.0055e-04
Loss = 1.6442e-01, PNorm = 123.3401, GNorm = 0.7047, lr_0 = 2.9988e-04
Loss = 1.3883e-01, PNorm = 123.3726, GNorm = 0.5796, lr_0 = 2.9920e-04
Loss = 1.7403e-01, PNorm = 123.4123, GNorm = 0.7866, lr_0 = 2.9852e-04
Validation auc = 0.884179
Epoch 53
Loss = 1.2790e-01, PNorm = 123.4587, GNorm = 0.4731, lr_0 = 2.9778e-04
Loss = 1.5626e-01, PNorm = 123.4953, GNorm = 0.7925, lr_0 = 2.9711e-04
Loss = 1.0746e-01, PNorm = 123.5296, GNorm = 0.5546, lr_0 = 2.9644e-04
Loss = 1.3094e-01, PNorm = 123.5618, GNorm = 0.7932, lr_0 = 2.9577e-04
Loss = 1.2435e-01, PNorm = 123.5969, GNorm = 0.8550, lr_0 = 2.9510e-04
Loss = 1.4247e-01, PNorm = 123.6293, GNorm = 0.9001, lr_0 = 2.9444e-04
Loss = 1.0766e-01, PNorm = 123.6588, GNorm = 1.5257, lr_0 = 2.9377e-04
Loss = 1.2908e-01, PNorm = 123.6936, GNorm = 0.5141, lr_0 = 2.9311e-04
Loss = 1.2854e-01, PNorm = 123.7201, GNorm = 0.3843, lr_0 = 2.9245e-04
Loss = 1.4594e-01, PNorm = 123.7439, GNorm = 1.1779, lr_0 = 2.9179e-04
Loss = 1.0816e-01, PNorm = 123.7742, GNorm = 0.7990, lr_0 = 2.9113e-04
Loss = 2.1010e-02, PNorm = 123.7768, GNorm = 0.5676, lr_0 = 2.9107e-04
Validation auc = 0.885850
Epoch 54
Loss = 1.0353e-01, PNorm = 123.8033, GNorm = 0.6498, lr_0 = 2.9041e-04
Loss = 1.1745e-01, PNorm = 123.8343, GNorm = 0.6334, lr_0 = 2.8975e-04
Loss = 9.8795e-02, PNorm = 123.8610, GNorm = 0.2714, lr_0 = 2.8910e-04
Loss = 1.0986e-01, PNorm = 123.8913, GNorm = 0.4484, lr_0 = 2.8845e-04
Loss = 1.2519e-01, PNorm = 123.9223, GNorm = 0.4561, lr_0 = 2.8780e-04
Loss = 1.2690e-01, PNorm = 123.9499, GNorm = 0.5720, lr_0 = 2.8715e-04
Loss = 1.3044e-01, PNorm = 123.9811, GNorm = 0.8802, lr_0 = 2.8650e-04
Loss = 1.0920e-01, PNorm = 124.0061, GNorm = 0.7977, lr_0 = 2.8585e-04
Loss = 1.4787e-01, PNorm = 124.0405, GNorm = 0.6434, lr_0 = 2.8521e-04
Loss = 1.4159e-01, PNorm = 124.0737, GNorm = 0.6626, lr_0 = 2.8456e-04
Validation auc = 0.887788
Epoch 55
Loss = 1.2635e-01, PNorm = 124.1196, GNorm = 1.6081, lr_0 = 2.8386e-04
Loss = 1.3890e-01, PNorm = 124.1573, GNorm = 0.6675, lr_0 = 2.8322e-04
Loss = 1.3160e-01, PNorm = 124.1970, GNorm = 0.9226, lr_0 = 2.8258e-04
Loss = 1.2796e-01, PNorm = 124.2325, GNorm = 0.3537, lr_0 = 2.8194e-04
Loss = 1.0094e-01, PNorm = 124.2625, GNorm = 0.5161, lr_0 = 2.8130e-04
Loss = 9.6989e-02, PNorm = 124.2898, GNorm = 0.5448, lr_0 = 2.8067e-04
Loss = 1.1621e-01, PNorm = 124.3207, GNorm = 0.7397, lr_0 = 2.8004e-04
Loss = 1.4481e-01, PNorm = 124.3526, GNorm = 0.5031, lr_0 = 2.7940e-04
Loss = 1.2201e-01, PNorm = 124.3805, GNorm = 0.5202, lr_0 = 2.7877e-04
Loss = 1.2232e-01, PNorm = 124.4044, GNorm = 0.8632, lr_0 = 2.7814e-04
Validation auc = 0.884108
Epoch 56
Loss = 7.1536e-02, PNorm = 124.4378, GNorm = 0.3200, lr_0 = 2.7745e-04
Loss = 1.3222e-01, PNorm = 124.4677, GNorm = 0.8999, lr_0 = 2.7683e-04
Loss = 1.0275e-01, PNorm = 124.5015, GNorm = 0.9144, lr_0 = 2.7620e-04
Loss = 1.0014e-01, PNorm = 124.5295, GNorm = 0.8791, lr_0 = 2.7558e-04
Loss = 1.2793e-01, PNorm = 124.5586, GNorm = 0.6050, lr_0 = 2.7496e-04
Loss = 1.1711e-01, PNorm = 124.5899, GNorm = 0.4895, lr_0 = 2.7434e-04
Loss = 1.0839e-01, PNorm = 124.6200, GNorm = 0.5042, lr_0 = 2.7372e-04
Loss = 1.1753e-01, PNorm = 124.6504, GNorm = 0.5420, lr_0 = 2.7310e-04
Loss = 1.5825e-01, PNorm = 124.6828, GNorm = 1.3202, lr_0 = 2.7248e-04
Loss = 1.4370e-01, PNorm = 124.7190, GNorm = 0.6759, lr_0 = 2.7187e-04
Loss = 1.3487e-01, PNorm = 124.7474, GNorm = 0.8203, lr_0 = 2.7126e-04
Validation auc = 0.882670
Epoch 57
Loss = 1.5303e-01, PNorm = 124.7800, GNorm = 6.0863, lr_0 = 2.7058e-04
Loss = 1.0937e-01, PNorm = 124.8222, GNorm = 0.8554, lr_0 = 2.6997e-04
Loss = 1.1443e-01, PNorm = 124.8569, GNorm = 0.4703, lr_0 = 2.6936e-04
Loss = 1.0475e-01, PNorm = 124.8872, GNorm = 0.7545, lr_0 = 2.6875e-04
Loss = 1.1115e-01, PNorm = 124.9157, GNorm = 0.7764, lr_0 = 2.6815e-04
Loss = 9.3350e-02, PNorm = 124.9384, GNorm = 0.3433, lr_0 = 2.6754e-04
Loss = 9.9933e-02, PNorm = 124.9629, GNorm = 0.7113, lr_0 = 2.6694e-04
Loss = 1.4234e-01, PNorm = 124.9897, GNorm = 0.9482, lr_0 = 2.6634e-04
Loss = 1.3350e-01, PNorm = 125.0175, GNorm = 0.3247, lr_0 = 2.6574e-04
Loss = 1.4419e-01, PNorm = 125.0439, GNorm = 0.7969, lr_0 = 2.6514e-04
Validation auc = 0.880689
Epoch 58
Loss = 9.5851e-02, PNorm = 125.0746, GNorm = 0.5561, lr_0 = 2.6448e-04
Loss = 1.4386e-01, PNorm = 125.1163, GNorm = 1.1145, lr_0 = 2.6388e-04
Loss = 1.1289e-01, PNorm = 125.1513, GNorm = 0.3598, lr_0 = 2.6329e-04
Loss = 1.0461e-01, PNorm = 125.1793, GNorm = 0.7649, lr_0 = 2.6269e-04
Loss = 1.1522e-01, PNorm = 125.2051, GNorm = 0.7436, lr_0 = 2.6210e-04
Loss = 1.0156e-01, PNorm = 125.2334, GNorm = 0.6543, lr_0 = 2.6151e-04
Loss = 1.1995e-01, PNorm = 125.2579, GNorm = 0.7227, lr_0 = 2.6092e-04
Loss = 1.2762e-01, PNorm = 125.2851, GNorm = 0.4912, lr_0 = 2.6033e-04
Loss = 1.0124e-01, PNorm = 125.3080, GNorm = 0.2989, lr_0 = 2.5974e-04
Loss = 1.1239e-01, PNorm = 125.3342, GNorm = 0.4531, lr_0 = 2.5916e-04
Loss = 8.9837e-02, PNorm = 125.3593, GNorm = 0.6618, lr_0 = 2.5857e-04
Loss = 3.6922e-02, PNorm = 125.3619, GNorm = 0.8349, lr_0 = 2.5851e-04
Validation auc = 0.879580
Epoch 59
Loss = 8.6434e-02, PNorm = 125.3851, GNorm = 0.6273, lr_0 = 2.5793e-04
Loss = 1.0621e-01, PNorm = 125.4120, GNorm = 0.5915, lr_0 = 2.5735e-04
Loss = 1.1119e-01, PNorm = 125.4448, GNorm = 0.3976, lr_0 = 2.5677e-04
Loss = 1.2343e-01, PNorm = 125.4711, GNorm = 0.9286, lr_0 = 2.5619e-04
Loss = 1.1711e-01, PNorm = 125.4957, GNorm = 0.6906, lr_0 = 2.5561e-04
Loss = 1.2274e-01, PNorm = 125.5203, GNorm = 0.5158, lr_0 = 2.5503e-04
Loss = 1.1433e-01, PNorm = 125.5530, GNorm = 0.6590, lr_0 = 2.5446e-04
Loss = 1.1433e-01, PNorm = 125.5852, GNorm = 1.0328, lr_0 = 2.5388e-04
Loss = 1.4556e-01, PNorm = 125.6233, GNorm = 0.4721, lr_0 = 2.5331e-04
Loss = 1.1623e-01, PNorm = 125.6512, GNorm = 0.3918, lr_0 = 2.5274e-04
Validation auc = 0.878337
Epoch 60
Loss = 1.2328e-01, PNorm = 125.6842, GNorm = 0.7005, lr_0 = 2.5211e-04
Loss = 1.1341e-01, PNorm = 125.7167, GNorm = 0.7933, lr_0 = 2.5154e-04
Loss = 8.6417e-02, PNorm = 125.7445, GNorm = 0.5775, lr_0 = 2.5097e-04
Loss = 1.0226e-01, PNorm = 125.7731, GNorm = 0.4738, lr_0 = 2.5041e-04
Loss = 9.2651e-02, PNorm = 125.7976, GNorm = 0.8439, lr_0 = 2.4984e-04
Loss = 9.9772e-02, PNorm = 125.8217, GNorm = 0.6913, lr_0 = 2.4928e-04
Loss = 1.1037e-01, PNorm = 125.8473, GNorm = 0.7053, lr_0 = 2.4872e-04
Loss = 1.2311e-01, PNorm = 125.8751, GNorm = 1.0970, lr_0 = 2.4815e-04
Loss = 1.1552e-01, PNorm = 125.9028, GNorm = 0.6651, lr_0 = 2.4759e-04
Loss = 1.4501e-01, PNorm = 125.9258, GNorm = 0.6850, lr_0 = 2.4704e-04
Validation auc = 0.883998
Epoch 61
Loss = 6.4943e-02, PNorm = 125.9537, GNorm = 0.6183, lr_0 = 2.4642e-04
Loss = 1.0941e-01, PNorm = 125.9744, GNorm = 0.5427, lr_0 = 2.4587e-04
Loss = 9.4583e-02, PNorm = 125.9972, GNorm = 0.2454, lr_0 = 2.4531e-04
Loss = 9.5336e-02, PNorm = 126.0157, GNorm = 0.4664, lr_0 = 2.4476e-04
Loss = 9.5860e-02, PNorm = 126.0420, GNorm = 0.6620, lr_0 = 2.4421e-04
Loss = 1.1496e-01, PNorm = 126.0635, GNorm = 0.3541, lr_0 = 2.4365e-04
Loss = 1.0964e-01, PNorm = 126.0875, GNorm = 0.3465, lr_0 = 2.4310e-04
Loss = 1.1946e-01, PNorm = 126.1088, GNorm = 0.7112, lr_0 = 2.4256e-04
Loss = 1.0962e-01, PNorm = 126.1303, GNorm = 0.6516, lr_0 = 2.4201e-04
Loss = 1.1074e-01, PNorm = 126.1583, GNorm = 0.4103, lr_0 = 2.4146e-04
Loss = 1.4477e-01, PNorm = 126.1829, GNorm = 1.5070, lr_0 = 2.4092e-04
Validation auc = 0.885693
Epoch 62
Loss = 1.0496e-01, PNorm = 126.2152, GNorm = 1.1729, lr_0 = 2.4032e-04
Loss = 1.1644e-01, PNorm = 126.2401, GNorm = 0.5864, lr_0 = 2.3978e-04
Loss = 1.0645e-01, PNorm = 126.2651, GNorm = 0.4577, lr_0 = 2.3924e-04
Loss = 1.1224e-01, PNorm = 126.2860, GNorm = 0.9551, lr_0 = 2.3870e-04
Loss = 8.6348e-02, PNorm = 126.3068, GNorm = 0.6962, lr_0 = 2.3816e-04
Loss = 9.2473e-02, PNorm = 126.3323, GNorm = 0.6801, lr_0 = 2.3762e-04
Loss = 1.3884e-01, PNorm = 126.3543, GNorm = 0.7589, lr_0 = 2.3708e-04
Loss = 1.1661e-01, PNorm = 126.3755, GNorm = 0.7204, lr_0 = 2.3655e-04
Loss = 9.8495e-02, PNorm = 126.3963, GNorm = 0.4977, lr_0 = 2.3601e-04
Loss = 1.2032e-01, PNorm = 126.4162, GNorm = 0.6567, lr_0 = 2.3548e-04
Validation auc = 0.886474
Epoch 63
Loss = 1.0140e-01, PNorm = 126.4341, GNorm = 0.9490, lr_0 = 2.3495e-04
Loss = 1.0771e-01, PNorm = 126.4548, GNorm = 0.5588, lr_0 = 2.3442e-04
Loss = 1.1800e-01, PNorm = 126.4730, GNorm = 1.9866, lr_0 = 2.3389e-04
Loss = 1.0223e-01, PNorm = 126.4944, GNorm = 0.4150, lr_0 = 2.3336e-04
Loss = 1.0968e-01, PNorm = 126.5236, GNorm = 0.7611, lr_0 = 2.3284e-04
Loss = 1.0902e-01, PNorm = 126.5462, GNorm = 0.6087, lr_0 = 2.3231e-04
Loss = 1.2020e-01, PNorm = 126.5681, GNorm = 0.4155, lr_0 = 2.3179e-04
Loss = 9.0861e-02, PNorm = 126.5971, GNorm = 0.8453, lr_0 = 2.3126e-04
Loss = 9.5848e-02, PNorm = 126.6171, GNorm = 0.5661, lr_0 = 2.3074e-04
Loss = 1.2424e-01, PNorm = 126.6366, GNorm = 0.9466, lr_0 = 2.3022e-04
Loss = 1.1421e-01, PNorm = 126.6590, GNorm = 0.9736, lr_0 = 2.2970e-04
Validation auc = 0.886422
Epoch 64
Loss = 1.0362e-01, PNorm = 126.6802, GNorm = 1.0049, lr_0 = 2.2913e-04
Loss = 1.0309e-01, PNorm = 126.7080, GNorm = 0.9603, lr_0 = 2.2862e-04
Loss = 9.4430e-02, PNorm = 126.7300, GNorm = 0.8735, lr_0 = 2.2810e-04
Loss = 1.0988e-01, PNorm = 126.7504, GNorm = 0.5080, lr_0 = 2.2758e-04
Loss = 8.7015e-02, PNorm = 126.7723, GNorm = 0.5654, lr_0 = 2.2707e-04
Loss = 1.0396e-01, PNorm = 126.7919, GNorm = 0.4704, lr_0 = 2.2656e-04
Loss = 9.9110e-02, PNorm = 126.8101, GNorm = 0.5477, lr_0 = 2.2605e-04
Loss = 8.3338e-02, PNorm = 126.8309, GNorm = 0.4722, lr_0 = 2.2554e-04
Loss = 9.1529e-02, PNorm = 126.8487, GNorm = 0.5220, lr_0 = 2.2503e-04
Loss = 1.2167e-01, PNorm = 126.8692, GNorm = 0.6829, lr_0 = 2.2452e-04
Validation auc = 0.884412
Epoch 65
Loss = 9.9946e-02, PNorm = 126.8987, GNorm = 0.8379, lr_0 = 2.2396e-04
Loss = 1.0550e-01, PNorm = 126.9224, GNorm = 0.5460, lr_0 = 2.2346e-04
Loss = 9.9603e-02, PNorm = 126.9470, GNorm = 0.9237, lr_0 = 2.2295e-04
Loss = 9.2132e-02, PNorm = 126.9746, GNorm = 0.4385, lr_0 = 2.2245e-04
Loss = 1.0119e-01, PNorm = 126.9971, GNorm = 0.9489, lr_0 = 2.2195e-04
Loss = 8.8497e-02, PNorm = 127.0178, GNorm = 0.5440, lr_0 = 2.2145e-04
Loss = 9.6468e-02, PNorm = 127.0392, GNorm = 0.8507, lr_0 = 2.2095e-04
Loss = 1.0072e-01, PNorm = 127.0586, GNorm = 0.3323, lr_0 = 2.2045e-04
Loss = 8.9028e-02, PNorm = 127.0796, GNorm = 0.5218, lr_0 = 2.1995e-04
Loss = 1.2001e-01, PNorm = 127.0958, GNorm = 0.7487, lr_0 = 2.1946e-04
Validation auc = 0.884498
Epoch 66
Loss = 1.2892e-01, PNorm = 127.1162, GNorm = 0.6507, lr_0 = 2.1891e-04
Loss = 9.3910e-02, PNorm = 127.1378, GNorm = 1.3213, lr_0 = 2.1842e-04
Loss = 8.7074e-02, PNorm = 127.1599, GNorm = 0.7922, lr_0 = 2.1792e-04
Loss = 9.4387e-02, PNorm = 127.1816, GNorm = 0.2506, lr_0 = 2.1743e-04
Loss = 9.0611e-02, PNorm = 127.1990, GNorm = 0.4346, lr_0 = 2.1694e-04
Loss = 7.6734e-02, PNorm = 127.2171, GNorm = 0.6147, lr_0 = 2.1645e-04
Loss = 1.0067e-01, PNorm = 127.2374, GNorm = 0.6138, lr_0 = 2.1596e-04
Loss = 1.1111e-01, PNorm = 127.2599, GNorm = 0.6521, lr_0 = 2.1548e-04
Loss = 9.0899e-02, PNorm = 127.2803, GNorm = 0.3470, lr_0 = 2.1499e-04
Loss = 1.0803e-01, PNorm = 127.2994, GNorm = 0.7796, lr_0 = 2.1450e-04
Loss = 9.7192e-02, PNorm = 127.3190, GNorm = 0.6017, lr_0 = 2.1402e-04
Validation auc = 0.880575
Epoch 67
Loss = 7.7498e-02, PNorm = 127.3412, GNorm = 0.6658, lr_0 = 2.1349e-04
Loss = 9.8383e-02, PNorm = 127.3616, GNorm = 0.3739, lr_0 = 2.1301e-04
Loss = 8.2860e-02, PNorm = 127.3808, GNorm = 0.8665, lr_0 = 2.1253e-04
Loss = 8.1381e-02, PNorm = 127.3979, GNorm = 0.6948, lr_0 = 2.1205e-04
Loss = 7.3533e-02, PNorm = 127.4122, GNorm = 0.8299, lr_0 = 2.1157e-04
Loss = 9.2255e-02, PNorm = 127.4295, GNorm = 1.1200, lr_0 = 2.1109e-04
Loss = 8.4731e-02, PNorm = 127.4443, GNorm = 0.3605, lr_0 = 2.1061e-04
Loss = 9.4780e-02, PNorm = 127.4610, GNorm = 0.5819, lr_0 = 2.1014e-04
Loss = 7.7642e-02, PNorm = 127.4819, GNorm = 0.6357, lr_0 = 2.0967e-04
Loss = 1.0767e-01, PNorm = 127.4988, GNorm = 0.7696, lr_0 = 2.0919e-04
Validation auc = 0.884712
Epoch 68
Loss = 1.0184e-01, PNorm = 127.5151, GNorm = 0.9930, lr_0 = 2.0867e-04
Loss = 8.6649e-02, PNorm = 127.5305, GNorm = 2.9637, lr_0 = 2.0820e-04
Loss = 1.2073e-01, PNorm = 127.5557, GNorm = 0.7615, lr_0 = 2.0773e-04
Loss = 9.9059e-02, PNorm = 127.5743, GNorm = 0.6513, lr_0 = 2.0726e-04
Loss = 8.0282e-02, PNorm = 127.5923, GNorm = 0.6858, lr_0 = 2.0680e-04
Loss = 7.1783e-02, PNorm = 127.6087, GNorm = 0.6098, lr_0 = 2.0633e-04
Loss = 7.3891e-02, PNorm = 127.6242, GNorm = 0.3823, lr_0 = 2.0586e-04
Loss = 9.2616e-02, PNorm = 127.6428, GNorm = 1.4691, lr_0 = 2.0540e-04
Loss = 1.2496e-01, PNorm = 127.6639, GNorm = 0.5495, lr_0 = 2.0494e-04
Loss = 1.0866e-01, PNorm = 127.6879, GNorm = 0.2065, lr_0 = 2.0447e-04
Loss = 9.7459e-02, PNorm = 127.7077, GNorm = 2.0114, lr_0 = 2.0401e-04
Validation auc = 0.885127
Epoch 69
Loss = 6.4876e-02, PNorm = 127.7269, GNorm = 0.4572, lr_0 = 2.0351e-04
Loss = 8.8792e-02, PNorm = 127.7456, GNorm = 0.9112, lr_0 = 2.0305e-04
Loss = 8.3482e-02, PNorm = 127.7672, GNorm = 0.7915, lr_0 = 2.0259e-04
Loss = 6.5602e-02, PNorm = 127.7837, GNorm = 0.2406, lr_0 = 2.0213e-04
Loss = 9.2830e-02, PNorm = 127.8015, GNorm = 0.9551, lr_0 = 2.0167e-04
Loss = 9.6242e-02, PNorm = 127.8197, GNorm = 0.4056, lr_0 = 2.0122e-04
Loss = 1.0026e-01, PNorm = 127.8345, GNorm = 0.3458, lr_0 = 2.0077e-04
Loss = 9.7332e-02, PNorm = 127.8486, GNorm = 0.4182, lr_0 = 2.0031e-04
Loss = 9.5828e-02, PNorm = 127.8626, GNorm = 0.3526, lr_0 = 1.9986e-04
Loss = 9.4305e-02, PNorm = 127.8758, GNorm = 0.5851, lr_0 = 1.9941e-04
Validation auc = 0.885322
Epoch 70
Loss = 1.0212e-01, PNorm = 127.8953, GNorm = 1.0522, lr_0 = 1.9891e-04
Loss = 1.2322e-01, PNorm = 127.9178, GNorm = 1.0073, lr_0 = 1.9847e-04
Loss = 8.9272e-02, PNorm = 127.9392, GNorm = 1.0272, lr_0 = 1.9802e-04
Loss = 8.0280e-02, PNorm = 127.9592, GNorm = 0.5517, lr_0 = 1.9757e-04
Loss = 6.6439e-02, PNorm = 127.9775, GNorm = 0.3597, lr_0 = 1.9712e-04
Loss = 7.5232e-02, PNorm = 127.9917, GNorm = 0.4906, lr_0 = 1.9668e-04
Loss = 8.1943e-02, PNorm = 128.0110, GNorm = 0.2706, lr_0 = 1.9624e-04
Loss = 8.6967e-02, PNorm = 128.0271, GNorm = 0.2512, lr_0 = 1.9579e-04
Loss = 8.6181e-02, PNorm = 128.0389, GNorm = 0.5701, lr_0 = 1.9535e-04
Loss = 7.7516e-02, PNorm = 128.0537, GNorm = 0.2572, lr_0 = 1.9491e-04
Validation auc = 0.885984
Epoch 71
Loss = 1.1613e-01, PNorm = 128.0700, GNorm = 0.7913, lr_0 = 1.9443e-04
Loss = 7.9511e-02, PNorm = 128.0846, GNorm = 0.8747, lr_0 = 1.9399e-04
Loss = 1.0037e-01, PNorm = 128.1001, GNorm = 0.5374, lr_0 = 1.9355e-04
Loss = 7.4880e-02, PNorm = 128.1142, GNorm = 0.3631, lr_0 = 1.9311e-04
Loss = 7.6036e-02, PNorm = 128.1268, GNorm = 0.7942, lr_0 = 1.9268e-04
Loss = 8.0572e-02, PNorm = 128.1398, GNorm = 0.4177, lr_0 = 1.9224e-04
Loss = 6.5937e-02, PNorm = 128.1535, GNorm = 0.4580, lr_0 = 1.9181e-04
Loss = 7.5305e-02, PNorm = 128.1659, GNorm = 0.5124, lr_0 = 1.9138e-04
Loss = 1.0103e-01, PNorm = 128.1851, GNorm = 0.5509, lr_0 = 1.9094e-04
Loss = 9.7582e-02, PNorm = 128.2079, GNorm = 0.6564, lr_0 = 1.9051e-04
Loss = 9.3151e-02, PNorm = 128.2257, GNorm = 1.3575, lr_0 = 1.9008e-04
Validation auc = 0.881375
Epoch 72
Loss = 1.2752e-01, PNorm = 128.2424, GNorm = 1.3658, lr_0 = 1.8961e-04
Loss = 7.8292e-02, PNorm = 128.2582, GNorm = 0.3391, lr_0 = 1.8918e-04
Loss = 8.0811e-02, PNorm = 128.2717, GNorm = 1.0100, lr_0 = 1.8876e-04
Loss = 7.8235e-02, PNorm = 128.2915, GNorm = 0.2069, lr_0 = 1.8833e-04
Loss = 7.7080e-02, PNorm = 128.3090, GNorm = 1.1345, lr_0 = 1.8791e-04
Loss = 7.7360e-02, PNorm = 128.3214, GNorm = 0.7773, lr_0 = 1.8748e-04
Loss = 7.1087e-02, PNorm = 128.3353, GNorm = 0.8052, lr_0 = 1.8706e-04
Loss = 7.6454e-02, PNorm = 128.3519, GNorm = 0.7273, lr_0 = 1.8664e-04
Loss = 6.7552e-02, PNorm = 128.3704, GNorm = 0.6438, lr_0 = 1.8622e-04
Loss = 1.0414e-01, PNorm = 128.3887, GNorm = 0.8411, lr_0 = 1.8580e-04
Validation auc = 0.884436
Epoch 73
Loss = 1.2153e-01, PNorm = 128.4062, GNorm = 1.7664, lr_0 = 1.8533e-04
Loss = 7.9407e-02, PNorm = 128.4227, GNorm = 0.2311, lr_0 = 1.8492e-04
Loss = 7.5409e-02, PNorm = 128.4384, GNorm = 0.6174, lr_0 = 1.8450e-04
Loss = 9.2075e-02, PNorm = 128.4558, GNorm = 0.5922, lr_0 = 1.8408e-04
Loss = 7.6979e-02, PNorm = 128.4724, GNorm = 0.1668, lr_0 = 1.8367e-04
Loss = 1.2212e-01, PNorm = 128.4901, GNorm = 0.6451, lr_0 = 1.8325e-04
Loss = 6.5506e-02, PNorm = 128.5100, GNorm = 0.6116, lr_0 = 1.8284e-04
Loss = 9.7114e-02, PNorm = 128.5277, GNorm = 1.2096, lr_0 = 1.8243e-04
Loss = 8.1158e-02, PNorm = 128.5463, GNorm = 0.4015, lr_0 = 1.8201e-04
Loss = 1.1063e-01, PNorm = 128.5624, GNorm = 0.8233, lr_0 = 1.8160e-04
Loss = 7.9608e-02, PNorm = 128.5760, GNorm = 0.2502, lr_0 = 1.8119e-04
Validation auc = 0.883356
Epoch 74
Loss = 7.0909e-02, PNorm = 128.5914, GNorm = 0.6527, lr_0 = 1.8074e-04
Loss = 7.6522e-02, PNorm = 128.6052, GNorm = 0.6214, lr_0 = 1.8034e-04
Loss = 8.4241e-02, PNorm = 128.6210, GNorm = 0.4720, lr_0 = 1.7993e-04
Loss = 7.6194e-02, PNorm = 128.6354, GNorm = 0.6712, lr_0 = 1.7952e-04
Loss = 9.2204e-02, PNorm = 128.6477, GNorm = 1.0825, lr_0 = 1.7912e-04
Loss = 7.8235e-02, PNorm = 128.6613, GNorm = 1.2066, lr_0 = 1.7871e-04
Loss = 8.3998e-02, PNorm = 128.6792, GNorm = 0.7675, lr_0 = 1.7831e-04
Loss = 7.9515e-02, PNorm = 128.6957, GNorm = 0.5767, lr_0 = 1.7791e-04
Loss = 8.9603e-02, PNorm = 128.7129, GNorm = 0.4795, lr_0 = 1.7751e-04
Loss = 7.8455e-02, PNorm = 128.7275, GNorm = 0.9281, lr_0 = 1.7711e-04
Validation auc = 0.883375
Epoch 75
Loss = 6.6404e-02, PNorm = 128.7384, GNorm = 0.5681, lr_0 = 1.7671e-04
Loss = 7.7628e-02, PNorm = 128.7492, GNorm = 0.2632, lr_0 = 1.7631e-04
Loss = 8.1252e-02, PNorm = 128.7619, GNorm = 0.4332, lr_0 = 1.7591e-04
Loss = 6.6946e-02, PNorm = 128.7790, GNorm = 0.3852, lr_0 = 1.7551e-04
Loss = 8.9973e-02, PNorm = 128.7942, GNorm = 0.8113, lr_0 = 1.7512e-04
Loss = 8.1328e-02, PNorm = 128.8074, GNorm = 0.6474, lr_0 = 1.7472e-04
Loss = 7.2366e-02, PNorm = 128.8173, GNorm = 0.4073, lr_0 = 1.7433e-04
Loss = 8.8750e-02, PNorm = 128.8278, GNorm = 0.5194, lr_0 = 1.7393e-04
Loss = 6.8467e-02, PNorm = 128.8446, GNorm = 0.3393, lr_0 = 1.7354e-04
Loss = 8.1742e-02, PNorm = 128.8611, GNorm = 0.5396, lr_0 = 1.7315e-04
Loss = 1.0413e-01, PNorm = 128.8758, GNorm = 0.4892, lr_0 = 1.7276e-04
Loss = 1.1398e-01, PNorm = 128.8768, GNorm = 1.7218, lr_0 = 1.7272e-04
Validation auc = 0.886269
Epoch 76
Loss = 7.5621e-02, PNorm = 128.8911, GNorm = 0.3624, lr_0 = 1.7233e-04
Loss = 7.6234e-02, PNorm = 128.9078, GNorm = 0.5945, lr_0 = 1.7194e-04
Loss = 7.2266e-02, PNorm = 128.9224, GNorm = 0.5918, lr_0 = 1.7155e-04
Loss = 1.0741e-01, PNorm = 128.9355, GNorm = 0.8463, lr_0 = 1.7117e-04
Loss = 8.2304e-02, PNorm = 128.9483, GNorm = 0.6179, lr_0 = 1.7078e-04
Loss = 1.0080e-01, PNorm = 128.9616, GNorm = 0.8806, lr_0 = 1.7039e-04
Loss = 8.4928e-02, PNorm = 128.9756, GNorm = 0.7525, lr_0 = 1.7001e-04
Loss = 7.8351e-02, PNorm = 128.9887, GNorm = 0.6766, lr_0 = 1.6963e-04
Loss = 8.1640e-02, PNorm = 129.0041, GNorm = 0.9223, lr_0 = 1.6924e-04
Loss = 8.3719e-02, PNorm = 129.0184, GNorm = 0.5525, lr_0 = 1.6886e-04
Validation auc = 0.886831
Epoch 77
Loss = 5.0685e-02, PNorm = 129.0322, GNorm = 0.6244, lr_0 = 1.6844e-04
Loss = 6.3356e-02, PNorm = 129.0433, GNorm = 0.5191, lr_0 = 1.6806e-04
Loss = 8.2463e-02, PNorm = 129.0533, GNorm = 0.7910, lr_0 = 1.6768e-04
Loss = 8.9306e-02, PNorm = 129.0664, GNorm = 0.9859, lr_0 = 1.6730e-04
Loss = 6.9846e-02, PNorm = 129.0770, GNorm = 0.3437, lr_0 = 1.6693e-04
Loss = 7.3667e-02, PNorm = 129.0870, GNorm = 0.3604, lr_0 = 1.6655e-04
Loss = 6.9679e-02, PNorm = 129.1011, GNorm = 0.6737, lr_0 = 1.6617e-04
Loss = 6.6447e-02, PNorm = 129.1217, GNorm = 0.4178, lr_0 = 1.6580e-04
Loss = 9.1674e-02, PNorm = 129.1376, GNorm = 0.5211, lr_0 = 1.6543e-04
Loss = 6.9300e-02, PNorm = 129.1556, GNorm = 0.9632, lr_0 = 1.6505e-04
Validation auc = 0.887779
Epoch 78
Loss = 1.1603e-01, PNorm = 129.1697, GNorm = 0.6527, lr_0 = 1.6464e-04
Loss = 7.8862e-02, PNorm = 129.1839, GNorm = 0.8811, lr_0 = 1.6427e-04
Loss = 8.5908e-02, PNorm = 129.2004, GNorm = 0.5660, lr_0 = 1.6390e-04
Loss = 8.2699e-02, PNorm = 129.2129, GNorm = 0.6299, lr_0 = 1.6353e-04
Loss = 7.2396e-02, PNorm = 129.2246, GNorm = 0.6763, lr_0 = 1.6316e-04
Loss = 9.9241e-02, PNorm = 129.2394, GNorm = 0.6319, lr_0 = 1.6279e-04
Loss = 9.2192e-02, PNorm = 129.2553, GNorm = 0.8126, lr_0 = 1.6243e-04
Loss = 6.3172e-02, PNorm = 129.2680, GNorm = 0.4061, lr_0 = 1.6206e-04
Loss = 8.2990e-02, PNorm = 129.2812, GNorm = 0.9025, lr_0 = 1.6169e-04
Loss = 7.2312e-02, PNorm = 129.2941, GNorm = 0.4596, lr_0 = 1.6133e-04
Loss = 8.0695e-02, PNorm = 129.3054, GNorm = 0.6122, lr_0 = 1.6096e-04
Validation auc = 0.886783
Epoch 79
Loss = 6.3032e-02, PNorm = 129.3166, GNorm = 1.1304, lr_0 = 1.6057e-04
Loss = 7.9192e-02, PNorm = 129.3280, GNorm = 0.7119, lr_0 = 1.6020e-04
Loss = 8.7645e-02, PNorm = 129.3410, GNorm = 0.2826, lr_0 = 1.5984e-04
Loss = 7.2043e-02, PNorm = 129.3506, GNorm = 0.4553, lr_0 = 1.5948e-04
Loss = 7.9126e-02, PNorm = 129.3609, GNorm = 0.7767, lr_0 = 1.5912e-04
Loss = 6.4235e-02, PNorm = 129.3781, GNorm = 0.3008, lr_0 = 1.5876e-04
Loss = 8.4827e-02, PNorm = 129.3898, GNorm = 0.7910, lr_0 = 1.5840e-04
Loss = 5.7330e-02, PNorm = 129.4022, GNorm = 0.5758, lr_0 = 1.5805e-04
Loss = 8.4807e-02, PNorm = 129.4172, GNorm = 0.8268, lr_0 = 1.5769e-04
Loss = 9.0700e-02, PNorm = 129.4354, GNorm = 0.5438, lr_0 = 1.5733e-04
Validation auc = 0.886455
Epoch 80
Loss = 5.1690e-02, PNorm = 129.4532, GNorm = 0.7450, lr_0 = 1.5694e-04
Loss = 7.9100e-02, PNorm = 129.4656, GNorm = 0.5734, lr_0 = 1.5659e-04
Loss = 9.6923e-02, PNorm = 129.4782, GNorm = 1.0343, lr_0 = 1.5624e-04
Loss = 6.7855e-02, PNorm = 129.4937, GNorm = 0.5343, lr_0 = 1.5588e-04
Loss = 8.9208e-02, PNorm = 129.5054, GNorm = 0.3410, lr_0 = 1.5553e-04
Loss = 8.1064e-02, PNorm = 129.5167, GNorm = 0.4798, lr_0 = 1.5518e-04
Loss = 7.9305e-02, PNorm = 129.5281, GNorm = 0.7309, lr_0 = 1.5483e-04
Loss = 8.6116e-02, PNorm = 129.5396, GNorm = 0.5931, lr_0 = 1.5448e-04
Loss = 8.7495e-02, PNorm = 129.5528, GNorm = 0.4180, lr_0 = 1.5413e-04
Loss = 8.2517e-02, PNorm = 129.5678, GNorm = 0.1369, lr_0 = 1.5378e-04
Loss = 7.7256e-02, PNorm = 129.5811, GNorm = 0.4984, lr_0 = 1.5344e-04
Loss = 2.5761e-01, PNorm = 129.5828, GNorm = 5.7500, lr_0 = 1.5340e-04
Validation auc = 0.887083
Epoch 81
Loss = 8.5974e-02, PNorm = 129.5981, GNorm = 0.7953, lr_0 = 1.5306e-04
Loss = 7.3088e-02, PNorm = 129.6108, GNorm = 0.3289, lr_0 = 1.5271e-04
Loss = 6.9060e-02, PNorm = 129.6236, GNorm = 1.5982, lr_0 = 1.5237e-04
Loss = 8.6773e-02, PNorm = 129.6373, GNorm = 0.3288, lr_0 = 1.5202e-04
Loss = 6.5605e-02, PNorm = 129.6531, GNorm = 0.5131, lr_0 = 1.5168e-04
Loss = 5.6837e-02, PNorm = 129.6634, GNorm = 0.8893, lr_0 = 1.5134e-04
Loss = 6.8385e-02, PNorm = 129.6718, GNorm = 0.3940, lr_0 = 1.5100e-04
Loss = 9.6061e-02, PNorm = 129.6812, GNorm = 1.2672, lr_0 = 1.5065e-04
Loss = 8.0534e-02, PNorm = 129.6918, GNorm = 0.6527, lr_0 = 1.5031e-04
Loss = 6.9806e-02, PNorm = 129.7043, GNorm = 0.3932, lr_0 = 1.4998e-04
Validation auc = 0.881046
Epoch 82
Loss = 6.3305e-02, PNorm = 129.7135, GNorm = 0.6700, lr_0 = 1.4960e-04
Loss = 7.1785e-02, PNorm = 129.7222, GNorm = 0.7796, lr_0 = 1.4927e-04
Loss = 8.6677e-02, PNorm = 129.7323, GNorm = 0.4974, lr_0 = 1.4893e-04
Loss = 8.3099e-02, PNorm = 129.7432, GNorm = 0.4415, lr_0 = 1.4859e-04
Loss = 7.7962e-02, PNorm = 129.7566, GNorm = 0.2770, lr_0 = 1.4826e-04
Loss = 5.5061e-02, PNorm = 129.7705, GNorm = 0.4130, lr_0 = 1.4792e-04
Loss = 7.1630e-02, PNorm = 129.7831, GNorm = 0.6910, lr_0 = 1.4759e-04
Loss = 5.9544e-02, PNorm = 129.7925, GNorm = 0.5661, lr_0 = 1.4726e-04
Loss = 6.1300e-02, PNorm = 129.8008, GNorm = 1.0538, lr_0 = 1.4692e-04
Loss = 7.6506e-02, PNorm = 129.8103, GNorm = 0.4525, lr_0 = 1.4659e-04
Validation auc = 0.880642
Epoch 83
Loss = 3.7609e-02, PNorm = 129.8236, GNorm = 0.4195, lr_0 = 1.4623e-04
Loss = 6.8219e-02, PNorm = 129.8374, GNorm = 0.5490, lr_0 = 1.4590e-04
Loss = 6.3902e-02, PNorm = 129.8490, GNorm = 0.5891, lr_0 = 1.4557e-04
Loss = 6.3406e-02, PNorm = 129.8621, GNorm = 0.2442, lr_0 = 1.4524e-04
Loss = 7.7138e-02, PNorm = 129.8731, GNorm = 0.2896, lr_0 = 1.4491e-04
Loss = 4.9437e-02, PNorm = 129.8823, GNorm = 0.3061, lr_0 = 1.4459e-04
Loss = 6.2707e-02, PNorm = 129.8910, GNorm = 0.6210, lr_0 = 1.4426e-04
Loss = 7.2431e-02, PNorm = 129.9014, GNorm = 0.8719, lr_0 = 1.4393e-04
Loss = 7.4385e-02, PNorm = 129.9134, GNorm = 0.5478, lr_0 = 1.4361e-04
Loss = 7.7279e-02, PNorm = 129.9273, GNorm = 0.7775, lr_0 = 1.4329e-04
Loss = 8.4012e-02, PNorm = 129.9372, GNorm = 0.2989, lr_0 = 1.4296e-04
Validation auc = 0.882289
Epoch 84
Loss = 5.4978e-02, PNorm = 129.9468, GNorm = 0.5109, lr_0 = 1.4261e-04
Loss = 6.3060e-02, PNorm = 129.9588, GNorm = 0.8599, lr_0 = 1.4229e-04
Loss = 8.6009e-02, PNorm = 129.9754, GNorm = 0.5930, lr_0 = 1.4196e-04
Loss = 6.2415e-02, PNorm = 129.9864, GNorm = 0.4157, lr_0 = 1.4164e-04
Loss = 7.2382e-02, PNorm = 129.9970, GNorm = 0.4652, lr_0 = 1.4132e-04
Loss = 6.7371e-02, PNorm = 130.0074, GNorm = 0.7949, lr_0 = 1.4101e-04
Loss = 7.4574e-02, PNorm = 130.0202, GNorm = 0.6064, lr_0 = 1.4069e-04
Loss = 8.7271e-02, PNorm = 130.0350, GNorm = 0.8022, lr_0 = 1.4037e-04
Loss = 5.9280e-02, PNorm = 130.0496, GNorm = 0.5972, lr_0 = 1.4005e-04
Loss = 7.4115e-02, PNorm = 130.0605, GNorm = 0.9965, lr_0 = 1.3974e-04
Validation auc = 0.880780
Epoch 85
Loss = 3.8592e-02, PNorm = 130.0706, GNorm = 0.2604, lr_0 = 1.3939e-04
Loss = 6.2827e-02, PNorm = 130.0803, GNorm = 0.5840, lr_0 = 1.3908e-04
Loss = 8.4069e-02, PNorm = 130.0893, GNorm = 0.6955, lr_0 = 1.3876e-04
Loss = 6.8646e-02, PNorm = 130.1003, GNorm = 0.3195, lr_0 = 1.3845e-04
Loss = 6.1745e-02, PNorm = 130.1124, GNorm = 0.2212, lr_0 = 1.3814e-04
Loss = 9.1347e-02, PNorm = 130.1240, GNorm = 0.5105, lr_0 = 1.3782e-04
Loss = 7.2666e-02, PNorm = 130.1401, GNorm = 0.8446, lr_0 = 1.3751e-04
Loss = 6.8865e-02, PNorm = 130.1535, GNorm = 0.2068, lr_0 = 1.3720e-04
Loss = 7.3998e-02, PNorm = 130.1645, GNorm = 0.4309, lr_0 = 1.3689e-04
Loss = 5.8436e-02, PNorm = 130.1755, GNorm = 0.4998, lr_0 = 1.3658e-04
Loss = 5.2042e-02, PNorm = 130.1852, GNorm = 0.6301, lr_0 = 1.3628e-04
Loss = 2.3474e-02, PNorm = 130.1862, GNorm = 0.4110, lr_0 = 1.3625e-04
Validation auc = 0.881746
Epoch 86
Loss = 7.3912e-02, PNorm = 130.1955, GNorm = 0.9819, lr_0 = 1.3594e-04
Loss = 7.8516e-02, PNorm = 130.2073, GNorm = 0.5156, lr_0 = 1.3563e-04
Loss = 5.1853e-02, PNorm = 130.2198, GNorm = 0.7671, lr_0 = 1.3532e-04
Loss = 6.5420e-02, PNorm = 130.2288, GNorm = 0.4656, lr_0 = 1.3502e-04
Loss = 5.3166e-02, PNorm = 130.2386, GNorm = 0.4335, lr_0 = 1.3471e-04
Loss = 8.7045e-02, PNorm = 130.2457, GNorm = 0.6194, lr_0 = 1.3441e-04
Loss = 6.9021e-02, PNorm = 130.2533, GNorm = 0.5870, lr_0 = 1.3411e-04
Loss = 9.1632e-02, PNorm = 130.2641, GNorm = 0.8140, lr_0 = 1.3380e-04
Loss = 7.6451e-02, PNorm = 130.2742, GNorm = 0.8516, lr_0 = 1.3350e-04
Loss = 6.7495e-02, PNorm = 130.2844, GNorm = 0.9244, lr_0 = 1.3320e-04
Validation auc = 0.881618
Epoch 87
Loss = 7.0265e-02, PNorm = 130.2946, GNorm = 0.4607, lr_0 = 1.3287e-04
Loss = 6.0926e-02, PNorm = 130.3021, GNorm = 0.5267, lr_0 = 1.3257e-04
Loss = 5.4008e-02, PNorm = 130.3096, GNorm = 0.4701, lr_0 = 1.3227e-04
Loss = 6.4809e-02, PNorm = 130.3184, GNorm = 0.6521, lr_0 = 1.3197e-04
Loss = 5.9007e-02, PNorm = 130.3290, GNorm = 0.2852, lr_0 = 1.3168e-04
Loss = 8.2809e-02, PNorm = 130.3383, GNorm = 0.9806, lr_0 = 1.3138e-04
Loss = 6.8900e-02, PNorm = 130.3469, GNorm = 0.4583, lr_0 = 1.3108e-04
Loss = 8.3388e-02, PNorm = 130.3556, GNorm = 0.5714, lr_0 = 1.3079e-04
Loss = 7.8701e-02, PNorm = 130.3675, GNorm = 0.5338, lr_0 = 1.3049e-04
Loss = 7.9102e-02, PNorm = 130.3783, GNorm = 0.7381, lr_0 = 1.3020e-04
Validation auc = 0.882161
Epoch 88
Loss = 9.0168e-02, PNorm = 130.3887, GNorm = 0.6088, lr_0 = 1.2990e-04
Loss = 8.0984e-02, PNorm = 130.3986, GNorm = 0.4767, lr_0 = 1.2961e-04
Loss = 5.7333e-02, PNorm = 130.4089, GNorm = 0.4748, lr_0 = 1.2932e-04
Loss = 7.3211e-02, PNorm = 130.4165, GNorm = 1.4151, lr_0 = 1.2903e-04
Loss = 6.1381e-02, PNorm = 130.4253, GNorm = 0.3948, lr_0 = 1.2873e-04
Loss = 5.1733e-02, PNorm = 130.4348, GNorm = 0.8873, lr_0 = 1.2844e-04
Loss = 7.2355e-02, PNorm = 130.4444, GNorm = 0.4792, lr_0 = 1.2815e-04
Loss = 5.5915e-02, PNorm = 130.4560, GNorm = 0.7683, lr_0 = 1.2786e-04
Loss = 6.8097e-02, PNorm = 130.4666, GNorm = 0.3640, lr_0 = 1.2758e-04
Loss = 8.3115e-02, PNorm = 130.4772, GNorm = 0.7142, lr_0 = 1.2729e-04
Loss = 5.9678e-02, PNorm = 130.4864, GNorm = 0.3529, lr_0 = 1.2700e-04
Validation auc = 0.878242
Epoch 89
Loss = 6.7506e-02, PNorm = 130.4953, GNorm = 0.5949, lr_0 = 1.2669e-04
Loss = 7.8002e-02, PNorm = 130.5031, GNorm = 0.4662, lr_0 = 1.2640e-04
Loss = 7.8199e-02, PNorm = 130.5108, GNorm = 1.0986, lr_0 = 1.2611e-04
Loss = 6.2169e-02, PNorm = 130.5198, GNorm = 1.2304, lr_0 = 1.2583e-04
Loss = 6.0305e-02, PNorm = 130.5288, GNorm = 0.5380, lr_0 = 1.2555e-04
Loss = 5.6565e-02, PNorm = 130.5372, GNorm = 0.3017, lr_0 = 1.2526e-04
Loss = 6.4454e-02, PNorm = 130.5466, GNorm = 0.4138, lr_0 = 1.2498e-04
Loss = 4.3632e-02, PNorm = 130.5532, GNorm = 0.6273, lr_0 = 1.2470e-04
Loss = 8.4952e-02, PNorm = 130.5608, GNorm = 1.0021, lr_0 = 1.2442e-04
Loss = 8.5463e-02, PNorm = 130.5689, GNorm = 0.8146, lr_0 = 1.2414e-04
Validation auc = 0.880051
Epoch 90
Loss = 4.4409e-02, PNorm = 130.5796, GNorm = 0.4954, lr_0 = 1.2383e-04
Loss = 6.3868e-02, PNorm = 130.5884, GNorm = 0.8435, lr_0 = 1.2355e-04
Loss = 4.9166e-02, PNorm = 130.5971, GNorm = 0.8327, lr_0 = 1.2327e-04
Loss = 5.9850e-02, PNorm = 130.6087, GNorm = 0.2446, lr_0 = 1.2299e-04
Loss = 7.5593e-02, PNorm = 130.6179, GNorm = 0.5069, lr_0 = 1.2271e-04
Loss = 5.7913e-02, PNorm = 130.6244, GNorm = 0.3690, lr_0 = 1.2244e-04
Loss = 5.9139e-02, PNorm = 130.6312, GNorm = 0.4610, lr_0 = 1.2216e-04
Loss = 7.1215e-02, PNorm = 130.6396, GNorm = 0.3492, lr_0 = 1.2188e-04
Loss = 7.8688e-02, PNorm = 130.6483, GNorm = 0.6268, lr_0 = 1.2161e-04
Loss = 5.6230e-02, PNorm = 130.6598, GNorm = 0.4088, lr_0 = 1.2134e-04
Loss = 8.3162e-02, PNorm = 130.6700, GNorm = 0.5585, lr_0 = 1.2106e-04
Validation auc = 0.881689
Epoch 91
Loss = 6.1537e-02, PNorm = 130.6787, GNorm = 0.5305, lr_0 = 1.2076e-04
Loss = 6.4745e-02, PNorm = 130.6852, GNorm = 0.6947, lr_0 = 1.2049e-04
Loss = 4.9849e-02, PNorm = 130.6923, GNorm = 0.1402, lr_0 = 1.2022e-04
Loss = 6.5965e-02, PNorm = 130.6979, GNorm = 0.4940, lr_0 = 1.1995e-04
Loss = 7.3624e-02, PNorm = 130.7040, GNorm = 0.7968, lr_0 = 1.1967e-04
Loss = 6.3113e-02, PNorm = 130.7119, GNorm = 0.8406, lr_0 = 1.1940e-04
Loss = 7.6626e-02, PNorm = 130.7220, GNorm = 0.3625, lr_0 = 1.1914e-04
Loss = 6.9320e-02, PNorm = 130.7314, GNorm = 0.5688, lr_0 = 1.1887e-04
Loss = 6.2599e-02, PNorm = 130.7398, GNorm = 0.8202, lr_0 = 1.1860e-04
Loss = 5.4619e-02, PNorm = 130.7478, GNorm = 0.7911, lr_0 = 1.1833e-04
Validation auc = 0.882770
Epoch 92
Loss = 7.9820e-02, PNorm = 130.7532, GNorm = 1.0591, lr_0 = 1.1804e-04
Loss = 4.9187e-02, PNorm = 130.7609, GNorm = 0.5048, lr_0 = 1.1777e-04
Loss = 5.4394e-02, PNorm = 130.7698, GNorm = 0.5349, lr_0 = 1.1750e-04
Loss = 6.3060e-02, PNorm = 130.7799, GNorm = 0.8039, lr_0 = 1.1724e-04
Loss = 7.4061e-02, PNorm = 130.7897, GNorm = 0.6212, lr_0 = 1.1697e-04
Loss = 6.1523e-02, PNorm = 130.7999, GNorm = 0.7804, lr_0 = 1.1671e-04
Loss = 7.4641e-02, PNorm = 130.8072, GNorm = 0.5285, lr_0 = 1.1645e-04
Loss = 5.6079e-02, PNorm = 130.8139, GNorm = 0.7649, lr_0 = 1.1618e-04
Loss = 7.2697e-02, PNorm = 130.8222, GNorm = 0.2610, lr_0 = 1.1592e-04
Loss = 6.0163e-02, PNorm = 130.8308, GNorm = 0.7657, lr_0 = 1.1566e-04
Validation auc = 0.882770
Epoch 93
Loss = 1.2189e-01, PNorm = 130.8403, GNorm = 0.6838, lr_0 = 1.1537e-04
Loss = 5.3343e-02, PNorm = 130.8498, GNorm = 0.3854, lr_0 = 1.1511e-04
Loss = 5.3907e-02, PNorm = 130.8589, GNorm = 0.9440, lr_0 = 1.1485e-04
Loss = 6.4904e-02, PNorm = 130.8660, GNorm = 0.7269, lr_0 = 1.1459e-04
Loss = 5.1435e-02, PNorm = 130.8737, GNorm = 0.5996, lr_0 = 1.1434e-04
Loss = 5.4968e-02, PNorm = 130.8836, GNorm = 0.1476, lr_0 = 1.1408e-04
Loss = 6.1764e-02, PNorm = 130.8966, GNorm = 0.3635, lr_0 = 1.1382e-04
Loss = 8.2731e-02, PNorm = 130.9046, GNorm = 1.0423, lr_0 = 1.1356e-04
Loss = 8.0513e-02, PNorm = 130.9147, GNorm = 0.6752, lr_0 = 1.1331e-04
Loss = 7.0849e-02, PNorm = 130.9241, GNorm = 0.1766, lr_0 = 1.1305e-04
Loss = 7.1428e-02, PNorm = 130.9296, GNorm = 0.5389, lr_0 = 1.1280e-04
Validation auc = 0.882713
Epoch 94
Loss = 5.3627e-02, PNorm = 130.9356, GNorm = 0.3291, lr_0 = 1.1252e-04
Loss = 6.3147e-02, PNorm = 130.9428, GNorm = 0.7347, lr_0 = 1.1226e-04
Loss = 6.7666e-02, PNorm = 130.9514, GNorm = 0.3462, lr_0 = 1.1201e-04
Loss = 5.2825e-02, PNorm = 130.9582, GNorm = 0.3100, lr_0 = 1.1176e-04
Loss = 6.3100e-02, PNorm = 130.9671, GNorm = 0.7363, lr_0 = 1.1150e-04
Loss = 7.1651e-02, PNorm = 130.9764, GNorm = 0.7894, lr_0 = 1.1125e-04
Loss = 6.3687e-02, PNorm = 130.9852, GNorm = 0.4029, lr_0 = 1.1100e-04
Loss = 5.6642e-02, PNorm = 130.9928, GNorm = 0.2247, lr_0 = 1.1075e-04
Loss = 4.1450e-02, PNorm = 130.9971, GNorm = 0.0674, lr_0 = 1.1050e-04
Loss = 7.1611e-02, PNorm = 131.0017, GNorm = 1.2374, lr_0 = 1.1025e-04
Validation auc = 0.886464
Epoch 95
Loss = 4.4772e-02, PNorm = 131.0113, GNorm = 0.4904, lr_0 = 1.0998e-04
Loss = 4.4049e-02, PNorm = 131.0211, GNorm = 0.6010, lr_0 = 1.0973e-04
Loss = 6.0488e-02, PNorm = 131.0270, GNorm = 0.8610, lr_0 = 1.0948e-04
Loss = 7.8727e-02, PNorm = 131.0359, GNorm = 0.4667, lr_0 = 1.0924e-04
Loss = 5.9619e-02, PNorm = 131.0432, GNorm = 0.5685, lr_0 = 1.0899e-04
Loss = 7.2018e-02, PNorm = 131.0489, GNorm = 0.3477, lr_0 = 1.0874e-04
Loss = 6.7135e-02, PNorm = 131.0555, GNorm = 0.7717, lr_0 = 1.0850e-04
Loss = 5.3147e-02, PNorm = 131.0622, GNorm = 0.2414, lr_0 = 1.0825e-04
Loss = 6.3920e-02, PNorm = 131.0677, GNorm = 0.9786, lr_0 = 1.0801e-04
Loss = 6.9947e-02, PNorm = 131.0744, GNorm = 0.7012, lr_0 = 1.0776e-04
Loss = 6.9010e-02, PNorm = 131.0804, GNorm = 0.3445, lr_0 = 1.0752e-04
Validation auc = 0.883675
Epoch 96
Loss = 5.7427e-02, PNorm = 131.0889, GNorm = 0.2838, lr_0 = 1.0725e-04
Loss = 6.5346e-02, PNorm = 131.0971, GNorm = 0.6612, lr_0 = 1.0701e-04
Loss = 5.0637e-02, PNorm = 131.1029, GNorm = 0.6709, lr_0 = 1.0677e-04
Loss = 6.8781e-02, PNorm = 131.1082, GNorm = 0.9329, lr_0 = 1.0653e-04
Loss = 6.6568e-02, PNorm = 131.1183, GNorm = 0.8232, lr_0 = 1.0629e-04
Loss = 4.2171e-02, PNorm = 131.1281, GNorm = 0.6149, lr_0 = 1.0605e-04
Loss = 7.5309e-02, PNorm = 131.1340, GNorm = 0.7837, lr_0 = 1.0581e-04
Loss = 6.6200e-02, PNorm = 131.1412, GNorm = 0.5398, lr_0 = 1.0557e-04
Loss = 5.2689e-02, PNorm = 131.1477, GNorm = 0.1059, lr_0 = 1.0533e-04
Loss = 5.3492e-02, PNorm = 131.1543, GNorm = 0.2644, lr_0 = 1.0510e-04
Validation auc = 0.883332
Epoch 97
Loss = 6.6642e-02, PNorm = 131.1621, GNorm = 0.6592, lr_0 = 1.0483e-04
Loss = 3.8921e-02, PNorm = 131.1690, GNorm = 0.4187, lr_0 = 1.0460e-04
Loss = 6.9269e-02, PNorm = 131.1760, GNorm = 0.6264, lr_0 = 1.0436e-04
Loss = 5.4217e-02, PNorm = 131.1837, GNorm = 0.9343, lr_0 = 1.0413e-04
Loss = 5.2774e-02, PNorm = 131.1934, GNorm = 0.5614, lr_0 = 1.0389e-04
Loss = 8.2849e-02, PNorm = 131.1998, GNorm = 0.3732, lr_0 = 1.0366e-04
Loss = 6.8242e-02, PNorm = 131.2045, GNorm = 0.4731, lr_0 = 1.0342e-04
Loss = 7.4398e-02, PNorm = 131.2146, GNorm = 0.7224, lr_0 = 1.0319e-04
Loss = 5.5704e-02, PNorm = 131.2276, GNorm = 0.3858, lr_0 = 1.0296e-04
Loss = 6.3981e-02, PNorm = 131.2367, GNorm = 0.9642, lr_0 = 1.0272e-04
Validation auc = 0.881970
Epoch 98
Loss = 1.6262e-02, PNorm = 131.2447, GNorm = 0.2301, lr_0 = 1.0247e-04
Loss = 5.0846e-02, PNorm = 131.2509, GNorm = 0.5856, lr_0 = 1.0224e-04
Loss = 6.5258e-02, PNorm = 131.2578, GNorm = 0.3888, lr_0 = 1.0201e-04
Loss = 5.6146e-02, PNorm = 131.2660, GNorm = 0.1993, lr_0 = 1.0178e-04
Loss = 6.0388e-02, PNorm = 131.2730, GNorm = 0.4413, lr_0 = 1.0155e-04
Loss = 5.1185e-02, PNorm = 131.2780, GNorm = 0.5017, lr_0 = 1.0132e-04
Loss = 4.8360e-02, PNorm = 131.2836, GNorm = 0.5762, lr_0 = 1.0109e-04
Loss = 6.7347e-02, PNorm = 131.2903, GNorm = 0.8132, lr_0 = 1.0086e-04
Loss = 7.6705e-02, PNorm = 131.2972, GNorm = 0.5843, lr_0 = 1.0063e-04
Loss = 7.1450e-02, PNorm = 131.3066, GNorm = 0.5501, lr_0 = 1.0041e-04
Loss = 4.9041e-02, PNorm = 131.3147, GNorm = 0.2661, lr_0 = 1.0018e-04
Validation auc = 0.880023
Epoch 99
Loss = 4.9174e-02, PNorm = 131.3202, GNorm = 0.5526, lr_0 = 1.0000e-04
Loss = 5.3555e-02, PNorm = 131.3271, GNorm = 0.3187, lr_0 = 1.0000e-04
Loss = 6.6884e-02, PNorm = 131.3340, GNorm = 1.0612, lr_0 = 1.0000e-04
Loss = 5.2371e-02, PNorm = 131.3407, GNorm = 0.2500, lr_0 = 1.0000e-04
Loss = 5.2179e-02, PNorm = 131.3456, GNorm = 0.5575, lr_0 = 1.0000e-04
Loss = 5.9782e-02, PNorm = 131.3523, GNorm = 0.3650, lr_0 = 1.0000e-04
Loss = 6.7376e-02, PNorm = 131.3597, GNorm = 0.4459, lr_0 = 1.0000e-04
Loss = 5.2265e-02, PNorm = 131.3673, GNorm = 0.6244, lr_0 = 1.0000e-04
Loss = 6.3664e-02, PNorm = 131.3742, GNorm = 0.3141, lr_0 = 1.0000e-04
Loss = 7.7093e-02, PNorm = 131.3802, GNorm = 0.3575, lr_0 = 1.0000e-04
Validation auc = 0.882898
Model 0 best validation auc = 0.897239 on epoch 31
Loading pretrained parameter "encoder.encoder.0.cached_zero_vector".
Loading pretrained parameter "encoder.encoder.0.W_i.weight".
Loading pretrained parameter "encoder.encoder.0.W_h.weight".
Loading pretrained parameter "encoder.encoder.0.W_o.weight".
Loading pretrained parameter "encoder.encoder.0.W_o.bias".
Loading pretrained parameter "ffn.1.weight".
Loading pretrained parameter "ffn.1.bias".
Loading pretrained parameter "ffn.4.weight".
Loading pretrained parameter "ffn.4.bias".
Moving model to cuda
Model 0 test auc = 0.862766
Ensemble test auc = 0.862766
1-fold cross validation
	Seed 0 ==> test auc = 0.862766
Overall test auc = 0.862766 +/- 0.000000
Elapsed time = 0:08:53
