Command line
python /home/jxy/anaconda3/envs/chemprop_1119/bin/chemprop_train --data_path data/train_random_nocanonical.csv --dataset_type classification --save_dir checkpoint_2 --save_smiles_splits --seed 2
Args
{'activation': 'ReLU',
 'aggregation': 'mean',
 'aggregation_norm': 100,
 'alternative_loss_function': None,
 'atom_descriptor_scaling': True,
 'atom_descriptors': None,
 'atom_descriptors_path': None,
 'atom_descriptors_size': 0,
 'atom_features_size': 0,
 'atom_messages': False,
 'batch_size': 50,
 'bias': False,
 'bond_feature_scaling': True,
 'bond_features_path': None,
 'bond_features_size': 0,
 'cache_cutoff': 10000,
 'checkpoint_dir': None,
 'checkpoint_frzn': None,
 'checkpoint_path': None,
 'checkpoint_paths': None,
 'class_balance': False,
 'config_path': None,
 'crossval_index_dir': None,
 'crossval_index_file': None,
 'crossval_index_sets': None,
 'cuda': True,
 'data_path': 'data/train_random_nocanonical.csv',
 'data_weights_path': None,
 'dataset_type': 'classification',
 'depth': 3,
 'device': device(type='cuda'),
 'dropout': 0.0,
 'empty_cache': False,
 'ensemble_size': 1,
 'epochs': 30,
 'explicit_h': False,
 'extra_metrics': [],
 'features_generator': None,
 'features_only': False,
 'features_path': None,
 'features_scaling': True,
 'features_size': None,
 'ffn_hidden_size': 300,
 'ffn_num_layers': 2,
 'final_lr': 0.0001,
 'folds_file': None,
 'freeze_first_only': False,
 'frzn_ffn_layers': 0,
 'gpu': None,
 'grad_clip': None,
 'hidden_size': 300,
 'ignore_columns': None,
 'init_lr': 0.0001,
 'log_frequency': 10,
 'max_data_size': None,
 'max_lr': 0.001,
 'metric': 'auc',
 'metrics': ['auc'],
 'minimize_score': False,
 'mpn_shared': False,
 'multiclass_num_classes': 3,
 'no_atom_descriptor_scaling': False,
 'no_bond_features_scaling': False,
 'no_cache_mol': False,
 'no_cuda': False,
 'no_features_scaling': False,
 'num_folds': 1,
 'num_lrs': 1,
 'num_tasks': 1,
 'num_workers': 8,
 'number_of_molecules': 1,
 'overwrite_default_atom_features': False,
 'overwrite_default_bond_features': False,
 'phase_features_path': None,
 'pytorch_seed': 0,
 'quiet': False,
 'reaction': False,
 'reaction_mode': 'reac_diff',
 'resume_experiment': False,
 'save_dir': 'checkpoint_2',
 'save_preds': False,
 'save_smiles_splits': True,
 'seed': 2,
 'separate_test_atom_descriptors_path': None,
 'separate_test_bond_features_path': None,
 'separate_test_features_path': None,
 'separate_test_path': None,
 'separate_test_phase_features_path': None,
 'separate_val_atom_descriptors_path': None,
 'separate_val_bond_features_path': None,
 'separate_val_features_path': None,
 'separate_val_path': None,
 'separate_val_phase_features_path': None,
 'show_individual_scores': False,
 'smiles_columns': ['Smile'],
 'spectra_activation': 'exp',
 'spectra_phase_mask_path': None,
 'spectra_target_floor': 1e-08,
 'split_sizes': (0.8, 0.1, 0.1),
 'split_type': 'random',
 'target_columns': None,
 'target_weights': None,
 'task_names': ['Label'],
 'test': False,
 'test_fold_index': None,
 'train_data_size': None,
 'undirected': False,
 'use_input_features': False,
 'val_fold_index': None,
 'warmup_epochs': 2.0}
Setting molecule featurization parameters to default.
Loading data
Number of tasks = 1
Fold 0
Splitting data with seed 2
Class sizes
Label 0: 46.33%, 1: 53.67%
Total size = 1,157 | train size = 925 | val size = 116 | test size = 116
Building model 0
MoleculeModel(
  (sigmoid): Sigmoid()
  (encoder): MPN(
    (encoder): ModuleList(
      (0): MPNEncoder(
        (dropout_layer): Dropout(p=0.0, inplace=False)
        (act_func): ReLU()
        (W_i): Linear(in_features=147, out_features=300, bias=False)
        (W_h): Linear(in_features=300, out_features=300, bias=False)
        (W_o): Linear(in_features=433, out_features=300, bias=True)
      )
    )
  )
  (ffn): Sequential(
    (0): Dropout(p=0.0, inplace=False)
    (1): Linear(in_features=300, out_features=300, bias=True)
    (2): ReLU()
    (3): Dropout(p=0.0, inplace=False)
    (4): Linear(in_features=300, out_features=1, bias=True)
  )
)
Number of parameters = 355,201
Moving model to cuda
Epoch 0
Loss = 6.9261e-01, PNorm = 34.0130, GNorm = 1.6408, lr_0 = 3.7500e-04
Validation auc = 0.624434
Epoch 1
Loss = 6.9601e-01, PNorm = 34.0166, GNorm = 0.1878, lr_0 = 6.5000e-04
Loss = 6.8101e-01, PNorm = 34.0322, GNorm = 0.5348, lr_0 = 9.0000e-04
Validation auc = 0.642836
Epoch 2
Loss = 6.7118e-01, PNorm = 34.0599, GNorm = 0.3136, lr_0 = 9.7296e-04
Loss = 7.0385e-01, PNorm = 34.0905, GNorm = 0.5555, lr_0 = 9.2951e-04
Validation auc = 0.672700
Epoch 3
Loss = 6.8652e-01, PNorm = 34.1284, GNorm = 0.3706, lr_0 = 8.8395e-04
Loss = 6.5758e-01, PNorm = 34.1724, GNorm = 0.2755, lr_0 = 8.4448e-04
Validation auc = 0.685068
Epoch 4
Loss = 6.5238e-01, PNorm = 34.2165, GNorm = 0.1806, lr_0 = 8.0676e-04
Loss = 6.5499e-01, PNorm = 34.2635, GNorm = 0.2251, lr_0 = 7.7073e-04
Validation auc = 0.686275
Epoch 5
Loss = 6.6561e-01, PNorm = 34.3086, GNorm = 0.3880, lr_0 = 7.3296e-04
Loss = 6.4717e-01, PNorm = 34.3670, GNorm = 0.8116, lr_0 = 7.0023e-04
Validation auc = 0.685671
Epoch 6
Loss = 6.6128e-01, PNorm = 34.4157, GNorm = 1.2157, lr_0 = 6.6895e-04
Validation auc = 0.693816
Epoch 7
Loss = 6.7225e-01, PNorm = 34.4552, GNorm = 0.4570, lr_0 = 6.3617e-04
Loss = 6.3576e-01, PNorm = 34.5032, GNorm = 0.3826, lr_0 = 6.0776e-04
Validation auc = 0.702564
Epoch 8
Loss = 5.7382e-01, PNorm = 34.5578, GNorm = 0.5772, lr_0 = 5.8062e-04
Loss = 6.2040e-01, PNorm = 34.6199, GNorm = 0.5784, lr_0 = 5.5469e-04
Validation auc = 0.687179
Epoch 9
Loss = 6.5621e-01, PNorm = 34.6565, GNorm = 0.6537, lr_0 = 5.2750e-04
Loss = 6.1715e-01, PNorm = 34.7010, GNorm = 0.4063, lr_0 = 5.0394e-04
Validation auc = 0.708899
Epoch 10
Loss = 6.2789e-01, PNorm = 34.7590, GNorm = 0.3368, lr_0 = 4.8144e-04
Loss = 6.0372e-01, PNorm = 34.8106, GNorm = 0.5988, lr_0 = 4.5994e-04
Validation auc = 0.724585
Epoch 11
Loss = 6.0910e-01, PNorm = 34.8674, GNorm = 0.9962, lr_0 = 4.3739e-04
Loss = 5.9586e-01, PNorm = 34.9166, GNorm = 0.4206, lr_0 = 4.1786e-04
Validation auc = 0.728205
Epoch 12
Loss = 6.1090e-01, PNorm = 34.9686, GNorm = 0.5854, lr_0 = 3.9920e-04
Loss = 5.7726e-01, PNorm = 35.0130, GNorm = 0.9733, lr_0 = 3.8137e-04
Loss = 6.8556e-01, PNorm = 35.0176, GNorm = 0.4929, lr_0 = 3.7963e-04
Validation auc = 0.738763
Epoch 13
Loss = 5.7962e-01, PNorm = 35.0649, GNorm = 0.8059, lr_0 = 3.6268e-04
Validation auc = 0.733635
Epoch 14
Loss = 6.3946e-01, PNorm = 35.1136, GNorm = 1.6579, lr_0 = 3.4648e-04
Loss = 5.7231e-01, PNorm = 35.1632, GNorm = 0.4677, lr_0 = 3.3101e-04
Validation auc = 0.724585
Epoch 15
Loss = 5.5363e-01, PNorm = 35.2085, GNorm = 0.6339, lr_0 = 3.1479e-04
Loss = 5.7345e-01, PNorm = 35.2459, GNorm = 0.6290, lr_0 = 3.0073e-04
Validation auc = 0.728205
Epoch 16
Loss = 5.7404e-01, PNorm = 35.2848, GNorm = 1.3543, lr_0 = 2.8730e-04
Loss = 5.4863e-01, PNorm = 35.3233, GNorm = 1.0810, lr_0 = 2.7447e-04
Validation auc = 0.734842
Epoch 17
Loss = 5.3156e-01, PNorm = 35.3668, GNorm = 0.9934, lr_0 = 2.6102e-04
Loss = 5.4020e-01, PNorm = 35.4008, GNorm = 0.4319, lr_0 = 2.4936e-04
Validation auc = 0.717044
Epoch 18
Loss = 5.3903e-01, PNorm = 35.4346, GNorm = 1.7168, lr_0 = 2.3822e-04
Loss = 5.6199e-01, PNorm = 35.4632, GNorm = 1.6454, lr_0 = 2.2758e-04
Validation auc = 0.738160
Epoch 19
Loss = 5.3474e-01, PNorm = 35.4996, GNorm = 2.6273, lr_0 = 2.1643e-04
Loss = 5.5377e-01, PNorm = 35.5216, GNorm = 0.9296, lr_0 = 2.0676e-04
Validation auc = 0.721870
Epoch 20
Loss = 5.1487e-01, PNorm = 35.5516, GNorm = 1.3706, lr_0 = 1.9753e-04
Validation auc = 0.720362
Epoch 21
Loss = 4.9734e-01, PNorm = 35.5787, GNorm = 1.3215, lr_0 = 1.8785e-04
Loss = 5.4257e-01, PNorm = 35.6019, GNorm = 1.0251, lr_0 = 1.7946e-04
Validation auc = 0.740271
Epoch 22
Loss = 4.8248e-01, PNorm = 35.6277, GNorm = 0.7082, lr_0 = 1.7145e-04
Loss = 5.1377e-01, PNorm = 35.6538, GNorm = 1.1976, lr_0 = 1.6379e-04
Validation auc = 0.719457
Epoch 23
Loss = 5.0983e-01, PNorm = 35.6777, GNorm = 1.8320, lr_0 = 1.5576e-04
Loss = 5.1865e-01, PNorm = 35.7013, GNorm = 0.7546, lr_0 = 1.4881e-04
Validation auc = 0.731523
Epoch 24
Loss = 4.9997e-01, PNorm = 35.7223, GNorm = 0.8135, lr_0 = 1.4216e-04
Loss = 5.1634e-01, PNorm = 35.7422, GNorm = 1.4082, lr_0 = 1.3581e-04
Validation auc = 0.727602
Epoch 25
Loss = 5.1289e-01, PNorm = 35.7636, GNorm = 1.3745, lr_0 = 1.2915e-04
Loss = 4.8680e-01, PNorm = 35.7847, GNorm = 1.1320, lr_0 = 1.2339e-04
Validation auc = 0.724585
Epoch 26
Loss = 4.9125e-01, PNorm = 35.8030, GNorm = 1.1898, lr_0 = 1.1788e-04
Validation auc = 0.732730
Epoch 27
Loss = 5.3326e-01, PNorm = 35.8214, GNorm = 1.6748, lr_0 = 1.1210e-04
Loss = 4.9370e-01, PNorm = 35.8384, GNorm = 1.4103, lr_0 = 1.0709e-04
Validation auc = 0.724887
Epoch 28
Loss = 5.0861e-01, PNorm = 35.8542, GNorm = 1.3257, lr_0 = 1.0231e-04
Loss = 4.7998e-01, PNorm = 35.8694, GNorm = 0.8701, lr_0 = 1.0000e-04
Validation auc = 0.727602
Epoch 29
Loss = 4.5037e-01, PNorm = 35.8871, GNorm = 0.8630, lr_0 = 1.0000e-04
Loss = 4.9187e-01, PNorm = 35.9033, GNorm = 1.1735, lr_0 = 1.0000e-04
Validation auc = 0.726697
Model 0 best validation auc = 0.740271 on epoch 21
Loading pretrained parameter "encoder.encoder.0.cached_zero_vector".
Loading pretrained parameter "encoder.encoder.0.W_i.weight".
Loading pretrained parameter "encoder.encoder.0.W_h.weight".
Loading pretrained parameter "encoder.encoder.0.W_o.weight".
Loading pretrained parameter "encoder.encoder.0.W_o.bias".
Loading pretrained parameter "ffn.1.weight".
Loading pretrained parameter "ffn.1.bias".
Loading pretrained parameter "ffn.4.weight".
Loading pretrained parameter "ffn.4.bias".
Moving model to cuda
Model 0 test auc = 0.633885
Ensemble test auc = 0.633885
1-fold cross validation
	Seed 2 ==> test auc = 0.633885
Overall test auc = 0.633885 +/- 0.000000
Elapsed time = 0:00:24
Command line
python /home/jxy/anaconda3/envs/chemprop_1119/bin/chemprop_train --data_path data/train_random_nocanonical.csv --dataset_type classification --save_dir checkpoint_2 --save_smiles_splits --seed 2 --split_sizes 0.9 0.1 0.0
Args
{'activation': 'ReLU',
 'aggregation': 'mean',
 'aggregation_norm': 100,
 'alternative_loss_function': None,
 'atom_descriptor_scaling': True,
 'atom_descriptors': None,
 'atom_descriptors_path': None,
 'atom_descriptors_size': 0,
 'atom_features_size': 0,
 'atom_messages': False,
 'batch_size': 50,
 'bias': False,
 'bond_feature_scaling': True,
 'bond_features_path': None,
 'bond_features_size': 0,
 'cache_cutoff': 10000,
 'checkpoint_dir': None,
 'checkpoint_frzn': None,
 'checkpoint_path': None,
 'checkpoint_paths': None,
 'class_balance': False,
 'config_path': None,
 'crossval_index_dir': None,
 'crossval_index_file': None,
 'crossval_index_sets': None,
 'cuda': True,
 'data_path': 'data/train_random_nocanonical.csv',
 'data_weights_path': None,
 'dataset_type': 'classification',
 'depth': 3,
 'device': device(type='cuda'),
 'dropout': 0.0,
 'empty_cache': False,
 'ensemble_size': 1,
 'epochs': 30,
 'explicit_h': False,
 'extra_metrics': [],
 'features_generator': None,
 'features_only': False,
 'features_path': None,
 'features_scaling': True,
 'features_size': None,
 'ffn_hidden_size': 300,
 'ffn_num_layers': 2,
 'final_lr': 0.0001,
 'folds_file': None,
 'freeze_first_only': False,
 'frzn_ffn_layers': 0,
 'gpu': None,
 'grad_clip': None,
 'hidden_size': 300,
 'ignore_columns': None,
 'init_lr': 0.0001,
 'log_frequency': 10,
 'max_data_size': None,
 'max_lr': 0.001,
 'metric': 'auc',
 'metrics': ['auc'],
 'minimize_score': False,
 'mpn_shared': False,
 'multiclass_num_classes': 3,
 'no_atom_descriptor_scaling': False,
 'no_bond_features_scaling': False,
 'no_cache_mol': False,
 'no_cuda': False,
 'no_features_scaling': False,
 'num_folds': 1,
 'num_lrs': 1,
 'num_tasks': 1,
 'num_workers': 8,
 'number_of_molecules': 1,
 'overwrite_default_atom_features': False,
 'overwrite_default_bond_features': False,
 'phase_features_path': None,
 'pytorch_seed': 0,
 'quiet': False,
 'reaction': False,
 'reaction_mode': 'reac_diff',
 'resume_experiment': False,
 'save_dir': 'checkpoint_2',
 'save_preds': False,
 'save_smiles_splits': True,
 'seed': 2,
 'separate_test_atom_descriptors_path': None,
 'separate_test_bond_features_path': None,
 'separate_test_features_path': None,
 'separate_test_path': None,
 'separate_test_phase_features_path': None,
 'separate_val_atom_descriptors_path': None,
 'separate_val_bond_features_path': None,
 'separate_val_features_path': None,
 'separate_val_path': None,
 'separate_val_phase_features_path': None,
 'show_individual_scores': False,
 'smiles_columns': ['Smile'],
 'spectra_activation': 'exp',
 'spectra_phase_mask_path': None,
 'spectra_target_floor': 1e-08,
 'split_sizes': (0.9, 0.1, 0.0),
 'split_type': 'random',
 'target_columns': None,
 'target_weights': None,
 'task_names': ['Label'],
 'test': False,
 'test_fold_index': None,
 'train_data_size': None,
 'undirected': False,
 'use_input_features': False,
 'val_fold_index': None,
 'warmup_epochs': 2.0}
Setting molecule featurization parameters to default.
Loading data
Number of tasks = 1
Fold 0
Splitting data with seed 2
Class sizes
Label 0: 46.33%, 1: 53.67%
Total size = 1,157 | train size = 1,041 | val size = 116 | test size = 0
Building model 0
MoleculeModel(
  (sigmoid): Sigmoid()
  (encoder): MPN(
    (encoder): ModuleList(
      (0): MPNEncoder(
        (dropout_layer): Dropout(p=0.0, inplace=False)
        (act_func): ReLU()
        (W_i): Linear(in_features=147, out_features=300, bias=False)
        (W_h): Linear(in_features=300, out_features=300, bias=False)
        (W_o): Linear(in_features=433, out_features=300, bias=True)
      )
    )
  )
  (ffn): Sequential(
    (0): Dropout(p=0.0, inplace=False)
    (1): Linear(in_features=300, out_features=300, bias=True)
    (2): ReLU()
    (3): Dropout(p=0.0, inplace=False)
    (4): Linear(in_features=300, out_features=1, bias=True)
  )
)
Number of parameters = 355,201
Moving model to cuda
Epoch 0
Loss = 6.8611e-01, PNorm = 34.0121, GNorm = 0.5120, lr_0 = 3.4750e-04
Loss = 6.9703e-01, PNorm = 34.0157, GNorm = 0.8409, lr_0 = 5.7250e-04
Loss = 6.7540e-01, PNorm = 34.0164, GNorm = 0.1848, lr_0 = 5.9500e-04
Validation auc = 0.558824
Epoch 1
Loss = 6.8829e-01, PNorm = 34.0298, GNorm = 0.7503, lr_0 = 8.2000e-04
Loss = 7.0167e-01, PNorm = 34.0512, GNorm = 0.3082, lr_0 = 9.9181e-04
Validation auc = 0.563113
Epoch 2
Loss = 6.8335e-01, PNorm = 34.0836, GNorm = 0.2399, lr_0 = 9.5186e-04
Loss = 6.6526e-01, PNorm = 34.1227, GNorm = 0.1717, lr_0 = 9.1351e-04
Validation auc = 0.583640
Epoch 3
Loss = 6.5333e-01, PNorm = 34.1636, GNorm = 0.5811, lr_0 = 8.7671e-04
Loss = 6.7837e-01, PNorm = 34.1979, GNorm = 0.2286, lr_0 = 8.4140e-04
Validation auc = 0.628370
Epoch 4
Loss = 6.6213e-01, PNorm = 34.2464, GNorm = 0.1797, lr_0 = 8.0750e-04
Loss = 6.4603e-01, PNorm = 34.3015, GNorm = 0.2565, lr_0 = 7.7497e-04
Validation auc = 0.623162
Epoch 5
Loss = 6.4591e-01, PNorm = 34.3492, GNorm = 0.3605, lr_0 = 7.4375e-04
Loss = 6.6651e-01, PNorm = 34.3959, GNorm = 0.3170, lr_0 = 7.1379e-04
Validation auc = 0.617034
Epoch 6
Loss = 6.3355e-01, PNorm = 34.4648, GNorm = 0.1649, lr_0 = 6.8223e-04
Loss = 6.2448e-01, PNorm = 34.5282, GNorm = 0.3558, lr_0 = 6.5474e-04
Validation auc = 0.614890
Epoch 7
Loss = 6.1711e-01, PNorm = 34.5782, GNorm = 0.3874, lr_0 = 6.2837e-04
Loss = 6.3325e-01, PNorm = 34.6398, GNorm = 0.9547, lr_0 = 6.0306e-04
Validation auc = 0.625306
Epoch 8
Loss = 5.9093e-01, PNorm = 34.6900, GNorm = 0.5851, lr_0 = 5.7876e-04
Loss = 6.1536e-01, PNorm = 34.7538, GNorm = 0.7524, lr_0 = 5.5545e-04
Validation auc = 0.612132
Epoch 9
Loss = 6.0448e-01, PNorm = 34.8121, GNorm = 0.7531, lr_0 = 5.3307e-04
Loss = 6.1496e-01, PNorm = 34.8707, GNorm = 1.0094, lr_0 = 5.1160e-04
Validation auc = 0.619485
Epoch 10
Loss = 6.2623e-01, PNorm = 34.9242, GNorm = 0.4470, lr_0 = 4.9099e-04
Loss = 6.0368e-01, PNorm = 34.9696, GNorm = 0.4089, lr_0 = 4.7121e-04
Validation auc = 0.626225
Epoch 11
Loss = 5.8507e-01, PNorm = 35.0236, GNorm = 0.8115, lr_0 = 4.5223e-04
Loss = 5.8232e-01, PNorm = 35.0817, GNorm = 0.5236, lr_0 = 4.3401e-04
Validation auc = 0.637868
Epoch 12
Loss = 4.6165e-01, PNorm = 35.1362, GNorm = 0.4161, lr_0 = 4.1482e-04
Loss = 5.8114e-01, PNorm = 35.1857, GNorm = 0.5251, lr_0 = 3.9811e-04
Loss = 5.9237e-01, PNorm = 35.2274, GNorm = 1.0028, lr_0 = 3.8207e-04
Validation auc = 0.625000
Epoch 13
Loss = 5.8905e-01, PNorm = 35.2709, GNorm = 0.4382, lr_0 = 3.6668e-04
Loss = 5.6677e-01, PNorm = 35.3166, GNorm = 0.5855, lr_0 = 3.5191e-04
Validation auc = 0.634498
Epoch 14
Loss = 5.6914e-01, PNorm = 35.3608, GNorm = 0.5805, lr_0 = 3.3773e-04
Loss = 5.6200e-01, PNorm = 35.3996, GNorm = 0.9049, lr_0 = 3.2413e-04
Validation auc = 0.628983
Epoch 15
Loss = 5.5325e-01, PNorm = 35.4448, GNorm = 0.4305, lr_0 = 3.1107e-04
Loss = 5.4164e-01, PNorm = 35.4864, GNorm = 0.7958, lr_0 = 2.9854e-04
Validation auc = 0.618566
Epoch 16
Loss = 5.2591e-01, PNorm = 35.5215, GNorm = 0.9636, lr_0 = 2.8651e-04
Loss = 5.6523e-01, PNorm = 35.5535, GNorm = 2.3510, lr_0 = 2.7497e-04
Validation auc = 0.617341
Epoch 17
Loss = 5.2701e-01, PNorm = 35.5921, GNorm = 0.8959, lr_0 = 2.6281e-04
Loss = 5.2645e-01, PNorm = 35.6264, GNorm = 0.8098, lr_0 = 2.5222e-04
Validation auc = 0.642770
Epoch 18
Loss = 5.4644e-01, PNorm = 35.6600, GNorm = 1.2349, lr_0 = 2.4206e-04
Loss = 4.9971e-01, PNorm = 35.6931, GNorm = 1.0620, lr_0 = 2.3231e-04
Validation auc = 0.628983
Epoch 19
Loss = 4.6571e-01, PNorm = 35.7239, GNorm = 0.6955, lr_0 = 2.2295e-04
Loss = 5.4280e-01, PNorm = 35.7532, GNorm = 0.5801, lr_0 = 2.1397e-04
Validation auc = 0.636642
Epoch 20
Loss = 5.1088e-01, PNorm = 35.7832, GNorm = 1.1740, lr_0 = 2.0535e-04
Loss = 4.6276e-01, PNorm = 35.8160, GNorm = 1.0241, lr_0 = 1.9708e-04
Validation auc = 0.628370
Epoch 21
Loss = 4.8416e-01, PNorm = 35.8420, GNorm = 1.8879, lr_0 = 1.8914e-04
Loss = 4.9383e-01, PNorm = 35.8708, GNorm = 1.2323, lr_0 = 1.8152e-04
Validation auc = 0.628676
Epoch 22
Loss = 4.9470e-01, PNorm = 35.8957, GNorm = 1.3148, lr_0 = 1.7421e-04
Loss = 4.9659e-01, PNorm = 35.9178, GNorm = 2.5514, lr_0 = 1.6719e-04
Validation auc = 0.631127
Epoch 23
Loss = 4.7029e-01, PNorm = 35.9425, GNorm = 0.8273, lr_0 = 1.5980e-04
Loss = 4.6849e-01, PNorm = 35.9640, GNorm = 1.2213, lr_0 = 1.5336e-04
Validation auc = 0.653493
Epoch 24
Loss = 5.0365e-01, PNorm = 35.9842, GNorm = 1.6892, lr_0 = 1.4718e-04
Loss = 4.7937e-01, PNorm = 36.0041, GNorm = 1.3905, lr_0 = 1.4125e-04
Loss = 4.8586e-01, PNorm = 36.0223, GNorm = 3.6460, lr_0 = 1.3556e-04
Validation auc = 0.640012
Epoch 25
Loss = 4.9930e-01, PNorm = 36.0375, GNorm = 1.0029, lr_0 = 1.3010e-04
Loss = 4.8155e-01, PNorm = 36.0531, GNorm = 1.3128, lr_0 = 1.2486e-04
Validation auc = 0.636336
Epoch 26
Loss = 4.7360e-01, PNorm = 36.0699, GNorm = 1.0318, lr_0 = 1.1983e-04
Loss = 4.7386e-01, PNorm = 36.0857, GNorm = 1.2201, lr_0 = 1.1500e-04
Validation auc = 0.647672
Epoch 27
Loss = 4.4536e-01, PNorm = 36.1027, GNorm = 0.9825, lr_0 = 1.1037e-04
Loss = 5.0928e-01, PNorm = 36.1144, GNorm = 2.8338, lr_0 = 1.0593e-04
Validation auc = 0.645527
Epoch 28
Loss = 4.7524e-01, PNorm = 36.1288, GNorm = 1.5631, lr_0 = 1.0124e-04
Loss = 4.6106e-01, PNorm = 36.1418, GNorm = 1.1206, lr_0 = 1.0000e-04
Validation auc = 0.642463
Epoch 29
Loss = 4.6500e-01, PNorm = 36.1553, GNorm = 1.4353, lr_0 = 1.0000e-04
Loss = 4.4748e-01, PNorm = 36.1680, GNorm = 1.1032, lr_0 = 1.0000e-04
Validation auc = 0.638787
Model 0 best validation auc = 0.653493 on epoch 23
Loading pretrained parameter "encoder.encoder.0.cached_zero_vector".
Loading pretrained parameter "encoder.encoder.0.W_i.weight".
Loading pretrained parameter "encoder.encoder.0.W_h.weight".
Loading pretrained parameter "encoder.encoder.0.W_o.weight".
Loading pretrained parameter "encoder.encoder.0.W_o.bias".
Loading pretrained parameter "ffn.1.weight".
Loading pretrained parameter "ffn.1.bias".
Loading pretrained parameter "ffn.4.weight".
Loading pretrained parameter "ffn.4.bias".
Moving model to cuda
Model 0 test auc = nan
Ensemble test auc = nan
1-fold cross validation
	Seed 2 ==> test auc = nan
Overall test auc = nan +/- nan
Elapsed time = 0:00:24
