Command line
python /home/jxy/anaconda3/envs/chemprop_1119/bin/chemprop_train --data_path data/train_full.csv --dataset_type classification --save_dir checkpoints_10 --config_path hyperoptfile --epochs 100 --separate_test_path data/test_random_nocanonical.csv --separate_val_path data/val_full.csv --features_generator rdkit_2d_normalized --no_features_scaling
Args
{'activation': 'ReLU',
 'aggregation': 'mean',
 'aggregation_norm': 100,
 'alternative_loss_function': None,
 'atom_descriptor_scaling': True,
 'atom_descriptors': None,
 'atom_descriptors_path': None,
 'atom_descriptors_size': 0,
 'atom_features_size': 0,
 'atom_messages': False,
 'batch_size': 50,
 'bias': False,
 'bond_feature_scaling': True,
 'bond_features_path': None,
 'bond_features_size': 0,
 'cache_cutoff': 10000,
 'checkpoint_dir': None,
 'checkpoint_frzn': None,
 'checkpoint_path': None,
 'checkpoint_paths': None,
 'class_balance': False,
 'config_path': 'hyperoptfile',
 'crossval_index_dir': None,
 'crossval_index_file': None,
 'crossval_index_sets': None,
 'cuda': True,
 'data_path': 'data/train_full.csv',
 'data_weights_path': None,
 'dataset_type': 'classification',
 'depth': 3,
 'device': device(type='cuda'),
 'dropout': 0.35,
 'empty_cache': False,
 'ensemble_size': 1,
 'epochs': 100,
 'explicit_h': False,
 'extra_metrics': [],
 'features_generator': ['rdkit_2d_normalized'],
 'features_only': False,
 'features_path': None,
 'features_scaling': False,
 'features_size': None,
 'ffn_hidden_size': 600,
 'ffn_num_layers': 3,
 'final_lr': 0.0001,
 'folds_file': None,
 'freeze_first_only': False,
 'frzn_ffn_layers': 0,
 'gpu': None,
 'grad_clip': None,
 'hidden_size': 600,
 'ignore_columns': None,
 'init_lr': 0.0001,
 'log_frequency': 10,
 'max_data_size': None,
 'max_lr': 0.001,
 'metric': 'auc',
 'metrics': ['auc'],
 'minimize_score': False,
 'mpn_shared': False,
 'multiclass_num_classes': 3,
 'no_atom_descriptor_scaling': False,
 'no_bond_features_scaling': False,
 'no_cache_mol': False,
 'no_cuda': False,
 'no_features_scaling': True,
 'num_folds': 1,
 'num_lrs': 1,
 'num_tasks': 1,
 'num_workers': 8,
 'number_of_molecules': 1,
 'overwrite_default_atom_features': False,
 'overwrite_default_bond_features': False,
 'phase_features_path': None,
 'pytorch_seed': 0,
 'quiet': False,
 'reaction': False,
 'reaction_mode': 'reac_diff',
 'resume_experiment': False,
 'save_dir': 'checkpoints_10',
 'save_preds': False,
 'save_smiles_splits': False,
 'seed': 0,
 'separate_test_atom_descriptors_path': None,
 'separate_test_bond_features_path': None,
 'separate_test_features_path': None,
 'separate_test_path': 'data/test_random_nocanonical.csv',
 'separate_test_phase_features_path': None,
 'separate_val_atom_descriptors_path': None,
 'separate_val_bond_features_path': None,
 'separate_val_features_path': None,
 'separate_val_path': 'data/val_full.csv',
 'separate_val_phase_features_path': None,
 'show_individual_scores': False,
 'smiles_columns': ['Smile'],
 'spectra_activation': 'exp',
 'spectra_phase_mask_path': None,
 'spectra_target_floor': 1e-08,
 'split_sizes': (0.8, 0.1, 0.1),
 'split_type': 'random',
 'target_columns': None,
 'target_weights': None,
 'task_names': ['Label'],
 'test': False,
 'test_fold_index': None,
 'train_data_size': None,
 'undirected': False,
 'use_input_features': True,
 'val_fold_index': None,
 'warmup_epochs': 2.0}
Setting molecule featurization parameters to default.
Loading data
Number of tasks = 1
Fold 0
Splitting data with seed 0
Class sizes
Label 0: 46.78%, 1: 53.22%
Total size = 1,041 | train size = 1,041 | val size = 116 | test size = 290
Building model 0
MoleculeModel(
  (sigmoid): Sigmoid()
  (encoder): MPN(
    (encoder): ModuleList(
      (0): MPNEncoder(
        (dropout_layer): Dropout(p=0.35, inplace=False)
        (act_func): ReLU()
        (W_i): Linear(in_features=147, out_features=600, bias=False)
        (W_h): Linear(in_features=600, out_features=600, bias=False)
        (W_o): Linear(in_features=733, out_features=600, bias=True)
      )
    )
  )
  (ffn): Sequential(
    (0): Dropout(p=0.35, inplace=False)
    (1): Linear(in_features=800, out_features=600, bias=True)
    (2): ReLU()
    (3): Dropout(p=0.35, inplace=False)
    (4): Linear(in_features=600, out_features=600, bias=True)
    (5): ReLU()
    (6): Dropout(p=0.35, inplace=False)
    (7): Linear(in_features=600, out_features=1, bias=True)
  )
)
Number of parameters = 1,731,001
Moving model to cuda
Epoch 0
Loss = 7.1583e-01, PNorm = 52.7449, GNorm = 1.3127, lr_0 = 3.4750e-04
Loss = 7.0072e-01, PNorm = 52.7649, GNorm = 1.5612, lr_0 = 5.7250e-04
Loss = 6.6134e-01, PNorm = 52.7678, GNorm = 1.2493, lr_0 = 5.9500e-04
Validation auc = 0.685653
Epoch 1
Loss = 6.8433e-01, PNorm = 52.8081, GNorm = 1.4052, lr_0 = 8.2000e-04
Loss = 6.8358e-01, PNorm = 52.8675, GNorm = 1.3387, lr_0 = 9.9765e-04
Validation auc = 0.700883
Epoch 2
Loss = 6.7099e-01, PNorm = 52.9313, GNorm = 1.9320, lr_0 = 9.8600e-04
Loss = 6.8672e-01, PNorm = 52.9864, GNorm = 0.9869, lr_0 = 9.7449e-04
Validation auc = 0.739263
Epoch 3
Loss = 6.6775e-01, PNorm = 53.0319, GNorm = 0.6913, lr_0 = 9.6310e-04
Loss = 6.4437e-01, PNorm = 53.0719, GNorm = 1.1099, lr_0 = 9.5186e-04
Validation auc = 0.738654
Epoch 4
Loss = 6.2789e-01, PNorm = 53.1108, GNorm = 0.8457, lr_0 = 9.4074e-04
Loss = 6.4642e-01, PNorm = 53.1524, GNorm = 1.1190, lr_0 = 9.2975e-04
Validation auc = 0.737435
Epoch 5
Loss = 6.3072e-01, PNorm = 53.1950, GNorm = 0.7548, lr_0 = 9.1889e-04
Loss = 6.4497e-01, PNorm = 53.2378, GNorm = 0.6797, lr_0 = 9.0816e-04
Validation auc = 0.740177
Epoch 6
Loss = 6.3232e-01, PNorm = 53.2834, GNorm = 1.2270, lr_0 = 8.9650e-04
Loss = 6.2471e-01, PNorm = 53.3215, GNorm = 0.6749, lr_0 = 8.8603e-04
Validation auc = 0.754188
Epoch 7
Loss = 5.9191e-01, PNorm = 53.3699, GNorm = 0.8537, lr_0 = 8.7568e-04
Loss = 6.1165e-01, PNorm = 53.4162, GNorm = 0.9548, lr_0 = 8.6546e-04
Validation auc = 0.761194
Epoch 8
Loss = 5.7615e-01, PNorm = 53.4559, GNorm = 0.8249, lr_0 = 8.5535e-04
Loss = 6.2501e-01, PNorm = 53.5012, GNorm = 0.9002, lr_0 = 8.4536e-04
Validation auc = 0.760280
Epoch 9
Loss = 6.6008e-01, PNorm = 53.5403, GNorm = 0.7827, lr_0 = 8.3549e-04
Loss = 6.0370e-01, PNorm = 53.5880, GNorm = 0.6547, lr_0 = 8.2573e-04
Validation auc = 0.757539
Epoch 10
Loss = 5.7528e-01, PNorm = 53.6359, GNorm = 0.7490, lr_0 = 8.1608e-04
Loss = 6.1347e-01, PNorm = 53.6798, GNorm = 0.8124, lr_0 = 8.0655e-04
Validation auc = 0.764545
Epoch 11
Loss = 6.6002e-01, PNorm = 53.7261, GNorm = 0.8226, lr_0 = 7.9713e-04
Loss = 5.5913e-01, PNorm = 53.7758, GNorm = 0.9549, lr_0 = 7.8782e-04
Validation auc = 0.756320
Epoch 12
Loss = 5.4476e-01, PNorm = 53.8313, GNorm = 0.8051, lr_0 = 7.7771e-04
Loss = 5.8794e-01, PNorm = 53.8789, GNorm = 0.8092, lr_0 = 7.6862e-04
Loss = 5.7756e-01, PNorm = 53.9245, GNorm = 0.8659, lr_0 = 7.5965e-04
Validation auc = 0.779165
Epoch 13
Loss = 5.9864e-01, PNorm = 53.9719, GNorm = 0.6684, lr_0 = 7.5078e-04
Loss = 5.9952e-01, PNorm = 54.0163, GNorm = 0.6261, lr_0 = 7.4201e-04
Validation auc = 0.772464
Epoch 14
Loss = 5.8531e-01, PNorm = 54.0660, GNorm = 0.6529, lr_0 = 7.3334e-04
Loss = 5.7193e-01, PNorm = 54.1182, GNorm = 1.1280, lr_0 = 7.2478e-04
Validation auc = 0.754797
Epoch 15
Loss = 5.4716e-01, PNorm = 54.1760, GNorm = 0.8999, lr_0 = 7.1631e-04
Loss = 5.4796e-01, PNorm = 54.2372, GNorm = 0.7360, lr_0 = 7.0795e-04
Validation auc = 0.749619
Epoch 16
Loss = 5.7468e-01, PNorm = 54.2942, GNorm = 0.7863, lr_0 = 6.9968e-04
Loss = 5.4773e-01, PNorm = 54.3636, GNorm = 0.8502, lr_0 = 6.9151e-04
Validation auc = 0.741090
Epoch 17
Loss = 5.0748e-01, PNorm = 54.4297, GNorm = 0.8625, lr_0 = 6.8263e-04
Loss = 5.7213e-01, PNorm = 54.4873, GNorm = 1.0190, lr_0 = 6.7465e-04
Validation auc = 0.749010
Epoch 18
Loss = 5.2485e-01, PNorm = 54.5477, GNorm = 0.8729, lr_0 = 6.6678e-04
Loss = 5.2409e-01, PNorm = 54.6116, GNorm = 0.9532, lr_0 = 6.5899e-04
Validation auc = 0.784953
Epoch 19
Loss = 5.5428e-01, PNorm = 54.6695, GNorm = 1.2737, lr_0 = 6.5129e-04
Loss = 5.5976e-01, PNorm = 54.7368, GNorm = 1.1257, lr_0 = 6.4369e-04
Validation auc = 0.755102
Epoch 20
Loss = 5.2554e-01, PNorm = 54.8033, GNorm = 0.8401, lr_0 = 6.3617e-04
Loss = 5.3539e-01, PNorm = 54.8679, GNorm = 1.4574, lr_0 = 6.2874e-04
Validation auc = 0.752665
Epoch 21
Loss = 5.2241e-01, PNorm = 54.9293, GNorm = 0.9365, lr_0 = 6.2139e-04
Loss = 5.0798e-01, PNorm = 54.9856, GNorm = 0.7821, lr_0 = 6.1414e-04
Validation auc = 0.767895
Epoch 22
Loss = 5.6586e-01, PNorm = 55.0376, GNorm = 1.1603, lr_0 = 6.0696e-04
Loss = 5.0622e-01, PNorm = 55.0996, GNorm = 0.8929, lr_0 = 5.9988e-04
Validation auc = 0.779775
Epoch 23
Loss = 4.9558e-01, PNorm = 55.1562, GNorm = 0.8080, lr_0 = 5.9217e-04
Loss = 5.0510e-01, PNorm = 55.2175, GNorm = 0.9155, lr_0 = 5.8526e-04
Validation auc = 0.763935
Epoch 24
Loss = 5.2261e-01, PNorm = 55.2814, GNorm = 1.1930, lr_0 = 5.7842e-04
Loss = 5.0557e-01, PNorm = 55.3414, GNorm = 1.5886, lr_0 = 5.7167e-04
Loss = 4.9952e-01, PNorm = 55.4042, GNorm = 0.9500, lr_0 = 5.6499e-04
Validation auc = 0.762412
Epoch 25
Loss = 5.2726e-01, PNorm = 55.4600, GNorm = 0.8999, lr_0 = 5.5839e-04
Loss = 5.1744e-01, PNorm = 55.5184, GNorm = 0.9017, lr_0 = 5.5187e-04
Validation auc = 0.745355
Epoch 26
Loss = 5.3190e-01, PNorm = 55.5681, GNorm = 1.2376, lr_0 = 5.4542e-04
Loss = 4.8941e-01, PNorm = 55.6227, GNorm = 1.1252, lr_0 = 5.3905e-04
Validation auc = 0.763935
Epoch 27
Loss = 4.8497e-01, PNorm = 55.6762, GNorm = 1.1592, lr_0 = 5.3276e-04
Loss = 4.7216e-01, PNorm = 55.7284, GNorm = 0.8803, lr_0 = 5.2654e-04
Validation auc = 0.764240
Epoch 28
Loss = 4.7150e-01, PNorm = 55.7800, GNorm = 0.9592, lr_0 = 5.1978e-04
Loss = 4.9106e-01, PNorm = 55.8309, GNorm = 1.0217, lr_0 = 5.1371e-04
Validation auc = 0.779470
Epoch 29
Loss = 4.7700e-01, PNorm = 55.8872, GNorm = 1.3235, lr_0 = 5.0771e-04
Loss = 5.2321e-01, PNorm = 55.9417, GNorm = 0.9380, lr_0 = 5.0178e-04
Validation auc = 0.790740
Epoch 30
Loss = 4.9877e-01, PNorm = 56.0036, GNorm = 1.4028, lr_0 = 4.9592e-04
Loss = 4.7604e-01, PNorm = 56.0535, GNorm = 1.0952, lr_0 = 4.9012e-04
Validation auc = 0.754797
Epoch 31
Loss = 4.5416e-01, PNorm = 56.1090, GNorm = 0.9140, lr_0 = 4.8440e-04
Loss = 4.8684e-01, PNorm = 56.1581, GNorm = 1.3654, lr_0 = 4.7874e-04
Validation auc = 0.805056
Epoch 32
Loss = 4.6379e-01, PNorm = 56.2120, GNorm = 1.1704, lr_0 = 4.7315e-04
Loss = 4.5178e-01, PNorm = 56.2683, GNorm = 1.2943, lr_0 = 4.6763e-04
Validation auc = 0.756930
Epoch 33
Loss = 4.2516e-01, PNorm = 56.3173, GNorm = 0.9575, lr_0 = 4.6216e-04
Loss = 4.6892e-01, PNorm = 56.3738, GNorm = 1.2815, lr_0 = 4.5677e-04
Validation auc = 0.794091
Epoch 34
Loss = 4.2440e-01, PNorm = 56.4292, GNorm = 0.9387, lr_0 = 4.5090e-04
Loss = 3.9780e-01, PNorm = 56.4833, GNorm = 0.8972, lr_0 = 4.4564e-04
Validation auc = 0.775815
Epoch 35
Loss = 3.5624e-01, PNorm = 56.5327, GNorm = 0.9379, lr_0 = 4.4043e-04
Loss = 4.3616e-01, PNorm = 56.5823, GNorm = 1.5160, lr_0 = 4.3529e-04
Validation auc = 0.799269
Epoch 36
Loss = 5.7520e-01, PNorm = 56.6310, GNorm = 1.4564, lr_0 = 4.3020e-04
Loss = 4.3725e-01, PNorm = 56.6848, GNorm = 1.9110, lr_0 = 4.2518e-04
Loss = 4.2609e-01, PNorm = 56.7349, GNorm = 1.7473, lr_0 = 4.2021e-04
Validation auc = 0.778556
Epoch 37
Loss = 4.3285e-01, PNorm = 56.7848, GNorm = 1.3183, lr_0 = 4.1531e-04
Loss = 4.2191e-01, PNorm = 56.8366, GNorm = 1.0250, lr_0 = 4.1045e-04
Validation auc = 0.749619
Epoch 38
Loss = 4.5909e-01, PNorm = 56.8851, GNorm = 1.2327, lr_0 = 4.0566e-04
Loss = 4.3029e-01, PNorm = 56.9333, GNorm = 1.3854, lr_0 = 4.0092e-04
Validation auc = 0.774292
Epoch 39
Loss = 4.3642e-01, PNorm = 56.9832, GNorm = 1.3751, lr_0 = 3.9578e-04
Loss = 3.9183e-01, PNorm = 57.0362, GNorm = 1.2942, lr_0 = 3.9115e-04
Validation auc = 0.770941
Epoch 40
Loss = 4.2869e-01, PNorm = 57.0817, GNorm = 1.3205, lr_0 = 3.8658e-04
Loss = 4.1555e-01, PNorm = 57.1274, GNorm = 1.4312, lr_0 = 3.8207e-04
Validation auc = 0.790436
Epoch 41
Loss = 3.7164e-01, PNorm = 57.1828, GNorm = 1.2116, lr_0 = 3.7761e-04
Loss = 4.3840e-01, PNorm = 57.2282, GNorm = 1.2952, lr_0 = 3.7320e-04
Validation auc = 0.785867
Epoch 42
Loss = 4.2709e-01, PNorm = 57.2701, GNorm = 1.6846, lr_0 = 3.6884e-04
Loss = 3.9295e-01, PNorm = 57.3183, GNorm = 1.7822, lr_0 = 3.6453e-04
Validation auc = 0.802924
Epoch 43
Loss = 4.4396e-01, PNorm = 57.3627, GNorm = 1.3852, lr_0 = 3.6027e-04
Loss = 4.0025e-01, PNorm = 57.4080, GNorm = 2.0142, lr_0 = 3.5607e-04
Validation auc = 0.761803
Epoch 44
Loss = 4.6665e-01, PNorm = 57.4481, GNorm = 1.4594, lr_0 = 3.5191e-04
Loss = 3.8782e-01, PNorm = 57.4847, GNorm = 1.1705, lr_0 = 3.4780e-04
Validation auc = 0.789217
Epoch 45
Loss = 4.2709e-01, PNorm = 57.5311, GNorm = 1.1589, lr_0 = 3.4333e-04
Loss = 3.8860e-01, PNorm = 57.5698, GNorm = 1.9582, lr_0 = 3.3932e-04
Validation auc = 0.802620
Epoch 46
Loss = 4.0250e-01, PNorm = 57.6105, GNorm = 1.0514, lr_0 = 3.3536e-04
Loss = 3.5668e-01, PNorm = 57.6485, GNorm = 1.3112, lr_0 = 3.3144e-04
Validation auc = 0.787999
Epoch 47
Loss = 4.0750e-01, PNorm = 57.6872, GNorm = 1.4878, lr_0 = 3.2757e-04
Loss = 3.5228e-01, PNorm = 57.7345, GNorm = 1.8591, lr_0 = 3.2375e-04
Validation auc = 0.794395
Epoch 48
Loss = 3.6179e-01, PNorm = 57.7725, GNorm = 1.3129, lr_0 = 3.1996e-04
Loss = 4.1796e-01, PNorm = 57.8145, GNorm = 1.4349, lr_0 = 3.1623e-04
Loss = 3.6019e-01, PNorm = 57.8584, GNorm = 1.2606, lr_0 = 3.1253e-04
Validation auc = 0.784953
Epoch 49
Loss = 3.6401e-01, PNorm = 57.8946, GNorm = 1.2375, lr_0 = 3.0888e-04
Loss = 3.5193e-01, PNorm = 57.9327, GNorm = 1.9790, lr_0 = 3.0528e-04
Validation auc = 0.777642
Epoch 50
Loss = 3.5048e-01, PNorm = 57.9679, GNorm = 2.3836, lr_0 = 3.0171e-04
Loss = 3.5249e-01, PNorm = 57.9969, GNorm = 1.1138, lr_0 = 2.9819e-04
Validation auc = 0.788303
Epoch 51
Loss = 3.7085e-01, PNorm = 58.0290, GNorm = 2.3027, lr_0 = 2.9436e-04
Loss = 3.6488e-01, PNorm = 58.0632, GNorm = 1.1661, lr_0 = 2.9092e-04
Validation auc = 0.795614
Epoch 52
Loss = 3.3043e-01, PNorm = 58.0983, GNorm = 1.4648, lr_0 = 2.8752e-04
Loss = 3.7758e-01, PNorm = 58.1361, GNorm = 1.6651, lr_0 = 2.8417e-04
Validation auc = 0.772160
Epoch 53
Loss = 3.6631e-01, PNorm = 58.1696, GNorm = 1.6230, lr_0 = 2.8085e-04
Loss = 3.4988e-01, PNorm = 58.1985, GNorm = 1.2061, lr_0 = 2.7757e-04
Validation auc = 0.794395
Epoch 54
Loss = 3.2534e-01, PNorm = 58.2310, GNorm = 1.7355, lr_0 = 2.7432e-04
Loss = 3.4655e-01, PNorm = 58.2631, GNorm = 1.8137, lr_0 = 2.7112e-04
Validation auc = 0.768200
Epoch 55
Loss = 3.3051e-01, PNorm = 58.2907, GNorm = 2.2773, lr_0 = 2.6795e-04
Loss = 3.3446e-01, PNorm = 58.3168, GNorm = 1.9127, lr_0 = 2.6483e-04
Validation auc = 0.768809
Epoch 56
Loss = 3.4141e-01, PNorm = 58.3494, GNorm = 1.6645, lr_0 = 2.6142e-04
Loss = 3.2734e-01, PNorm = 58.3791, GNorm = 1.3709, lr_0 = 2.5837e-04
Validation auc = 0.755102
Epoch 57
Loss = 2.9803e-01, PNorm = 58.4085, GNorm = 1.4134, lr_0 = 2.5535e-04
Loss = 3.1639e-01, PNorm = 58.4409, GNorm = 1.8171, lr_0 = 2.5237e-04
Validation auc = 0.765154
Epoch 58
Loss = 2.9300e-01, PNorm = 58.4713, GNorm = 1.0916, lr_0 = 2.4942e-04
Loss = 3.1974e-01, PNorm = 58.4961, GNorm = 1.9489, lr_0 = 2.4651e-04
Validation auc = 0.780079
Epoch 59
Loss = 2.8716e-01, PNorm = 58.5205, GNorm = 1.5277, lr_0 = 2.4363e-04
Loss = 3.3317e-01, PNorm = 58.5475, GNorm = 2.0175, lr_0 = 2.4079e-04
Validation auc = 0.783430
Epoch 60
Loss = 2.9707e-01, PNorm = 58.5767, GNorm = 1.5073, lr_0 = 2.3797e-04
Loss = 3.0711e-01, PNorm = 58.6056, GNorm = 1.4868, lr_0 = 2.3520e-04
Loss = 3.1715e-01, PNorm = 58.6293, GNorm = 2.1129, lr_0 = 2.3245e-04
Validation auc = 0.785257
Epoch 61
Loss = 2.6910e-01, PNorm = 58.6518, GNorm = 2.0513, lr_0 = 2.2973e-04
Loss = 3.1946e-01, PNorm = 58.6717, GNorm = 2.4249, lr_0 = 2.2705e-04
Loss = 2.2008e-01, PNorm = 58.6739, GNorm = 1.9035, lr_0 = 2.2678e-04
Validation auc = 0.785867
Epoch 62
Loss = 2.7292e-01, PNorm = 58.6954, GNorm = 1.5155, lr_0 = 2.2414e-04
Loss = 3.2079e-01, PNorm = 58.7207, GNorm = 1.7129, lr_0 = 2.2152e-04
Validation auc = 0.780079
Epoch 63
Loss = 3.1011e-01, PNorm = 58.7435, GNorm = 2.5019, lr_0 = 2.1893e-04
Loss = 3.0904e-01, PNorm = 58.7641, GNorm = 1.6073, lr_0 = 2.1637e-04
Validation auc = 0.790740
Epoch 64
Loss = 3.1358e-01, PNorm = 58.7856, GNorm = 1.9634, lr_0 = 2.1385e-04
Loss = 2.6137e-01, PNorm = 58.8074, GNorm = 1.4685, lr_0 = 2.1135e-04
Validation auc = 0.777338
Epoch 65
Loss = 3.0232e-01, PNorm = 58.8288, GNorm = 1.6305, lr_0 = 2.0888e-04
Loss = 2.5943e-01, PNorm = 58.8512, GNorm = 1.9003, lr_0 = 2.0644e-04
Validation auc = 0.785867
Epoch 66
Loss = 2.4522e-01, PNorm = 58.8734, GNorm = 1.8266, lr_0 = 2.0403e-04
Loss = 2.8798e-01, PNorm = 58.8947, GNorm = 2.5419, lr_0 = 2.0165e-04
Validation auc = 0.783734
Epoch 67
Loss = 2.7374e-01, PNorm = 58.9182, GNorm = 1.4737, lr_0 = 1.9906e-04
Loss = 2.7210e-01, PNorm = 58.9387, GNorm = 2.0072, lr_0 = 1.9673e-04
Validation auc = 0.787390
Epoch 68
Loss = 2.9928e-01, PNorm = 58.9547, GNorm = 2.3988, lr_0 = 1.9444e-04
Loss = 2.6719e-01, PNorm = 58.9720, GNorm = 1.4922, lr_0 = 1.9216e-04
Validation auc = 0.780079
Epoch 69
Loss = 2.8610e-01, PNorm = 58.9894, GNorm = 2.5709, lr_0 = 1.8992e-04
Loss = 2.7381e-01, PNorm = 59.0045, GNorm = 2.8551, lr_0 = 1.8770e-04
Validation auc = 0.780384
Epoch 70
Loss = 2.7758e-01, PNorm = 59.0190, GNorm = 2.6801, lr_0 = 1.8551e-04
Loss = 2.5571e-01, PNorm = 59.0378, GNorm = 2.5321, lr_0 = 1.8334e-04
Validation auc = 0.773987
Epoch 71
Loss = 2.0272e-01, PNorm = 59.0543, GNorm = 1.5070, lr_0 = 1.8120e-04
Loss = 2.8657e-01, PNorm = 59.0712, GNorm = 1.9141, lr_0 = 1.7909e-04
Validation auc = 0.784344
Epoch 72
Loss = 3.3257e-01, PNorm = 59.0867, GNorm = 2.3017, lr_0 = 1.7699e-04
Loss = 2.3630e-01, PNorm = 59.1040, GNorm = 1.6525, lr_0 = 1.7493e-04
Validation auc = 0.783734
Epoch 73
Loss = 1.2174e-01, PNorm = 59.1241, GNorm = 1.2199, lr_0 = 1.7268e-04
Loss = 2.8049e-01, PNorm = 59.1417, GNorm = 2.6499, lr_0 = 1.7066e-04
Loss = 2.8913e-01, PNorm = 59.1563, GNorm = 2.5293, lr_0 = 1.6867e-04
Validation auc = 0.774292
Epoch 74
Loss = 2.6651e-01, PNorm = 59.1715, GNorm = 2.3707, lr_0 = 1.6670e-04
Loss = 2.7846e-01, PNorm = 59.1866, GNorm = 2.2277, lr_0 = 1.6475e-04
Validation auc = 0.785257
Epoch 75
Loss = 2.9418e-01, PNorm = 59.1998, GNorm = 1.9632, lr_0 = 1.6283e-04
Loss = 2.2526e-01, PNorm = 59.2162, GNorm = 1.6239, lr_0 = 1.6093e-04
Validation auc = 0.795614
Epoch 76
Loss = 2.9154e-01, PNorm = 59.2317, GNorm = 3.3089, lr_0 = 1.5905e-04
Loss = 2.7029e-01, PNorm = 59.2432, GNorm = 1.2376, lr_0 = 1.5719e-04
Validation auc = 0.794395
Epoch 77
Loss = 2.7350e-01, PNorm = 59.2557, GNorm = 1.4864, lr_0 = 1.5536e-04
Loss = 2.3296e-01, PNorm = 59.2695, GNorm = 2.0731, lr_0 = 1.5354e-04
Validation auc = 0.780384
Epoch 78
Loss = 2.1955e-01, PNorm = 59.2834, GNorm = 1.2376, lr_0 = 1.5157e-04
Loss = 2.5188e-01, PNorm = 59.2958, GNorm = 1.7473, lr_0 = 1.4980e-04
Validation auc = 0.772160
Epoch 79
Loss = 2.1566e-01, PNorm = 59.3082, GNorm = 1.8988, lr_0 = 1.4805e-04
Loss = 2.8009e-01, PNorm = 59.3198, GNorm = 2.4813, lr_0 = 1.4632e-04
Validation auc = 0.778252
Epoch 80
Loss = 2.2263e-01, PNorm = 59.3313, GNorm = 1.4136, lr_0 = 1.4461e-04
Loss = 2.4338e-01, PNorm = 59.3422, GNorm = 2.7688, lr_0 = 1.4292e-04
Validation auc = 0.776119
Epoch 81
Loss = 2.6953e-01, PNorm = 59.3521, GNorm = 1.8209, lr_0 = 1.4125e-04
Loss = 2.1267e-01, PNorm = 59.3640, GNorm = 1.6749, lr_0 = 1.3960e-04
Validation auc = 0.769418
Epoch 82
Loss = 2.0437e-01, PNorm = 59.3748, GNorm = 2.0743, lr_0 = 1.3797e-04
Loss = 2.4265e-01, PNorm = 59.3857, GNorm = 3.2678, lr_0 = 1.3636e-04
Validation auc = 0.784344
Epoch 83
Loss = 3.5128e-01, PNorm = 59.3975, GNorm = 1.9084, lr_0 = 1.3477e-04
Loss = 2.0764e-01, PNorm = 59.4093, GNorm = 1.9440, lr_0 = 1.3320e-04
Validation auc = 0.783430
Epoch 84
Loss = 2.1882e-01, PNorm = 59.4196, GNorm = 1.4176, lr_0 = 1.3149e-04
Loss = 2.0036e-01, PNorm = 59.4299, GNorm = 1.7140, lr_0 = 1.2995e-04
Validation auc = 0.781907
Epoch 85
Loss = 1.6906e-01, PNorm = 59.4399, GNorm = 1.4544, lr_0 = 1.2843e-04
Loss = 2.1398e-01, PNorm = 59.4497, GNorm = 1.7577, lr_0 = 1.2693e-04
Loss = 2.8164e-01, PNorm = 59.4561, GNorm = 2.2840, lr_0 = 1.2545e-04
Validation auc = 0.777338
Epoch 86
Loss = 2.2915e-01, PNorm = 59.4639, GNorm = 1.9984, lr_0 = 1.2398e-04
Loss = 2.3471e-01, PNorm = 59.4731, GNorm = 2.8387, lr_0 = 1.2254e-04
Validation auc = 0.774292
Epoch 87
Loss = 2.7146e-01, PNorm = 59.4833, GNorm = 1.9506, lr_0 = 1.2111e-04
Loss = 2.2717e-01, PNorm = 59.4922, GNorm = 1.9523, lr_0 = 1.1969e-04
Validation auc = 0.773378
Epoch 88
Loss = 2.1553e-01, PNorm = 59.5012, GNorm = 1.7417, lr_0 = 1.1829e-04
Loss = 2.6127e-01, PNorm = 59.5086, GNorm = 3.4289, lr_0 = 1.1691e-04
Validation auc = 0.775815
Epoch 89
Loss = 1.8603e-01, PNorm = 59.5182, GNorm = 1.7198, lr_0 = 1.1541e-04
Loss = 2.2118e-01, PNorm = 59.5282, GNorm = 2.5352, lr_0 = 1.1406e-04
Validation auc = 0.779470
Epoch 90
Loss = 2.0989e-01, PNorm = 59.5373, GNorm = 1.2177, lr_0 = 1.1273e-04
Loss = 2.2494e-01, PNorm = 59.5468, GNorm = 2.2655, lr_0 = 1.1141e-04
Validation auc = 0.778861
Epoch 91
Loss = 2.4670e-01, PNorm = 59.5547, GNorm = 2.0356, lr_0 = 1.1011e-04
Loss = 1.9738e-01, PNorm = 59.5634, GNorm = 2.4855, lr_0 = 1.0883e-04
Validation auc = 0.779775
Epoch 92
Loss = 2.3441e-01, PNorm = 59.5715, GNorm = 1.9474, lr_0 = 1.0756e-04
Loss = 2.1263e-01, PNorm = 59.5790, GNorm = 1.5980, lr_0 = 1.0630e-04
Validation auc = 0.783734
Epoch 93
Loss = 1.8824e-01, PNorm = 59.5878, GNorm = 1.8884, lr_0 = 1.0506e-04
Loss = 2.3854e-01, PNorm = 59.5962, GNorm = 2.3029, lr_0 = 1.0383e-04
Validation auc = 0.782211
Epoch 94
Loss = 3.0305e-01, PNorm = 59.6028, GNorm = 2.3915, lr_0 = 1.0262e-04
Loss = 1.8541e-01, PNorm = 59.6099, GNorm = 1.4966, lr_0 = 1.0142e-04
Validation auc = 0.776424
Epoch 95
Loss = 2.1408e-01, PNorm = 59.6164, GNorm = 2.0222, lr_0 = 1.0012e-04
Loss = 2.3247e-01, PNorm = 59.6229, GNorm = 2.3111, lr_0 = 1.0000e-04
Validation auc = 0.776424
Epoch 96
Loss = 1.9531e-01, PNorm = 59.6305, GNorm = 1.5221, lr_0 = 1.0000e-04
Loss = 2.1225e-01, PNorm = 59.6395, GNorm = 2.3915, lr_0 = 1.0000e-04
Validation auc = 0.775206
Epoch 97
Loss = 1.3735e-01, PNorm = 59.6473, GNorm = 1.3873, lr_0 = 1.0000e-04
Loss = 1.9418e-01, PNorm = 59.6552, GNorm = 1.5034, lr_0 = 1.0000e-04
Loss = 2.4736e-01, PNorm = 59.6626, GNorm = 5.2234, lr_0 = 1.0000e-04
Validation auc = 0.775206
Epoch 98
Loss = 2.3733e-01, PNorm = 59.6695, GNorm = 1.5754, lr_0 = 1.0000e-04
Loss = 2.3080e-01, PNorm = 59.6764, GNorm = 2.2783, lr_0 = 1.0000e-04
Validation auc = 0.775206
Epoch 99
Loss = 2.3371e-01, PNorm = 59.6840, GNorm = 3.1129, lr_0 = 1.0000e-04
Loss = 2.3533e-01, PNorm = 59.6904, GNorm = 1.9722, lr_0 = 1.0000e-04
Validation auc = 0.769723
Model 0 best validation auc = 0.805056 on epoch 31
Loading pretrained parameter "encoder.encoder.0.cached_zero_vector".
Loading pretrained parameter "encoder.encoder.0.W_i.weight".
Loading pretrained parameter "encoder.encoder.0.W_h.weight".
Loading pretrained parameter "encoder.encoder.0.W_o.weight".
Loading pretrained parameter "encoder.encoder.0.W_o.bias".
Loading pretrained parameter "ffn.1.weight".
Loading pretrained parameter "ffn.1.bias".
Loading pretrained parameter "ffn.4.weight".
Loading pretrained parameter "ffn.4.bias".
Loading pretrained parameter "ffn.7.weight".
Loading pretrained parameter "ffn.7.bias".
Moving model to cuda
Model 0 test auc = 0.800528
Ensemble test auc = 0.800528
1-fold cross validation
	Seed 0 ==> test auc = 0.800528
Overall test auc = 0.800528 +/- 0.000000
Elapsed time = 0:02:25
