Command line
python /home/jxy/anaconda3/envs/chemprop_1119/bin/chemprop_train --data_path data/train_full.csv --dataset_type classification --save_dir checkpoints_21 --config_path hyperoptfile --epochs 100 --separate_test_path data/test_random_nocanonical.csv --separate_val_path data/val_full.csv --features_generator rdkit_2d_normalized --no_features_scaling --aggregation_norm 100
Args
{'activation': 'ReLU',
 'aggregation': 'mean',
 'aggregation_norm': 100,
 'alternative_loss_function': None,
 'atom_descriptor_scaling': True,
 'atom_descriptors': None,
 'atom_descriptors_path': None,
 'atom_descriptors_size': 0,
 'atom_features_size': 0,
 'atom_messages': False,
 'batch_size': 50,
 'bias': False,
 'bond_feature_scaling': True,
 'bond_features_path': None,
 'bond_features_size': 0,
 'cache_cutoff': 10000,
 'checkpoint_dir': None,
 'checkpoint_frzn': None,
 'checkpoint_path': None,
 'checkpoint_paths': None,
 'class_balance': False,
 'config_path': 'hyperoptfile',
 'crossval_index_dir': None,
 'crossval_index_file': None,
 'crossval_index_sets': None,
 'cuda': True,
 'data_path': 'data/train_full.csv',
 'data_weights_path': None,
 'dataset_type': 'classification',
 'depth': 3,
 'device': device(type='cuda'),
 'dropout': 0.35,
 'empty_cache': False,
 'ensemble_size': 1,
 'epochs': 100,
 'explicit_h': False,
 'extra_metrics': [],
 'features_generator': ['rdkit_2d_normalized'],
 'features_only': False,
 'features_path': None,
 'features_scaling': False,
 'features_size': None,
 'ffn_hidden_size': 1200,
 'ffn_num_layers': 2,
 'final_lr': 0.0001,
 'folds_file': None,
 'freeze_first_only': False,
 'frzn_ffn_layers': 0,
 'gpu': None,
 'grad_clip': None,
 'hidden_size': 1200,
 'ignore_columns': None,
 'init_lr': 0.0001,
 'log_frequency': 10,
 'max_data_size': None,
 'max_lr': 0.001,
 'metric': 'auc',
 'metrics': ['auc'],
 'minimize_score': False,
 'mpn_shared': False,
 'multiclass_num_classes': 3,
 'no_atom_descriptor_scaling': False,
 'no_bond_features_scaling': False,
 'no_cache_mol': False,
 'no_cuda': False,
 'no_features_scaling': True,
 'num_folds': 1,
 'num_lrs': 1,
 'num_tasks': 1,
 'num_workers': 8,
 'number_of_molecules': 1,
 'overwrite_default_atom_features': False,
 'overwrite_default_bond_features': False,
 'phase_features_path': None,
 'pytorch_seed': 0,
 'quiet': False,
 'reaction': False,
 'reaction_mode': 'reac_diff',
 'resume_experiment': False,
 'save_dir': 'checkpoints_21',
 'save_preds': False,
 'save_smiles_splits': False,
 'seed': 0,
 'separate_test_atom_descriptors_path': None,
 'separate_test_bond_features_path': None,
 'separate_test_features_path': None,
 'separate_test_path': 'data/test_random_nocanonical.csv',
 'separate_test_phase_features_path': None,
 'separate_val_atom_descriptors_path': None,
 'separate_val_bond_features_path': None,
 'separate_val_features_path': None,
 'separate_val_path': 'data/val_full.csv',
 'separate_val_phase_features_path': None,
 'show_individual_scores': False,
 'smiles_columns': ['Smile'],
 'spectra_activation': 'exp',
 'spectra_phase_mask_path': None,
 'spectra_target_floor': 1e-08,
 'split_sizes': (0.8, 0.1, 0.1),
 'split_type': 'random',
 'target_columns': None,
 'target_weights': None,
 'task_names': ['Label'],
 'test': False,
 'test_fold_index': None,
 'train_data_size': None,
 'undirected': False,
 'use_input_features': True,
 'val_fold_index': None,
 'warmup_epochs': 2.0}
Setting molecule featurization parameters to default.
Loading data
Number of tasks = 1
Fold 0
Splitting data with seed 0
Class sizes
Label 0: 46.78%, 1: 53.22%
Total size = 1,041 | train size = 1,041 | val size = 116 | test size = 290
Building model 0
MoleculeModel(
  (sigmoid): Sigmoid()
  (encoder): MPN(
    (encoder): ModuleList(
      (0): MPNEncoder(
        (dropout_layer): Dropout(p=0.35, inplace=False)
        (act_func): ReLU()
        (W_i): Linear(in_features=147, out_features=1200, bias=False)
        (W_h): Linear(in_features=1200, out_features=1200, bias=False)
        (W_o): Linear(in_features=1333, out_features=1200, bias=True)
      )
    )
  )
  (ffn): Sequential(
    (0): Dropout(p=0.35, inplace=False)
    (1): Linear(in_features=1400, out_features=1200, bias=True)
    (2): ReLU()
    (3): Dropout(p=0.35, inplace=False)
    (4): Linear(in_features=1200, out_features=1, bias=True)
  )
)
Number of parameters = 4,900,801
Moving model to cuda
Epoch 0
Loss = 7.0916e-01, PNorm = 63.4102, GNorm = 1.4041, lr_0 = 3.4750e-04
Loss = 7.0503e-01, PNorm = 63.4538, GNorm = 1.4533, lr_0 = 5.7250e-04
Loss = 7.1307e-01, PNorm = 63.4597, GNorm = 2.6072, lr_0 = 5.9500e-04
Validation auc = 0.703016
Epoch 1
Loss = 6.7382e-01, PNorm = 63.5346, GNorm = 1.8150, lr_0 = 8.2000e-04
Loss = 6.5909e-01, PNorm = 63.6263, GNorm = 1.4806, lr_0 = 9.9765e-04
Validation auc = 0.716723
Epoch 2
Loss = 6.4805e-01, PNorm = 63.7125, GNorm = 1.8337, lr_0 = 9.8600e-04
Loss = 6.8645e-01, PNorm = 63.7894, GNorm = 1.5675, lr_0 = 9.7449e-04
Validation auc = 0.751751
Epoch 3
Loss = 6.1132e-01, PNorm = 63.8579, GNorm = 0.6523, lr_0 = 9.6310e-04
Loss = 6.4514e-01, PNorm = 63.9138, GNorm = 0.9095, lr_0 = 9.5186e-04
Validation auc = 0.752665
Epoch 4
Loss = 5.8735e-01, PNorm = 63.9674, GNorm = 0.6993, lr_0 = 9.4074e-04
Loss = 6.2991e-01, PNorm = 64.0183, GNorm = 1.0831, lr_0 = 9.2975e-04
Validation auc = 0.748401
Epoch 5
Loss = 6.2969e-01, PNorm = 64.0712, GNorm = 0.7856, lr_0 = 9.1889e-04
Loss = 6.0788e-01, PNorm = 64.1295, GNorm = 0.7197, lr_0 = 9.0816e-04
Validation auc = 0.757539
Epoch 6
Loss = 6.3143e-01, PNorm = 64.1820, GNorm = 1.7211, lr_0 = 8.9650e-04
Loss = 6.1249e-01, PNorm = 64.2250, GNorm = 0.6837, lr_0 = 8.8603e-04
Validation auc = 0.763022
Epoch 7
Loss = 5.8306e-01, PNorm = 64.2827, GNorm = 0.7660, lr_0 = 8.7568e-04
Loss = 5.9835e-01, PNorm = 64.3391, GNorm = 1.2240, lr_0 = 8.6546e-04
Validation auc = 0.756930
Epoch 8
Loss = 5.8052e-01, PNorm = 64.3804, GNorm = 0.7431, lr_0 = 8.5535e-04
Loss = 6.0364e-01, PNorm = 64.4406, GNorm = 0.8069, lr_0 = 8.4536e-04
Validation auc = 0.763326
Epoch 9
Loss = 6.5224e-01, PNorm = 64.5123, GNorm = 0.9993, lr_0 = 8.3549e-04
Loss = 5.8658e-01, PNorm = 64.5844, GNorm = 0.8889, lr_0 = 8.2573e-04
Validation auc = 0.759671
Epoch 10
Loss = 5.7672e-01, PNorm = 64.6535, GNorm = 0.6235, lr_0 = 8.1608e-04
Loss = 6.0345e-01, PNorm = 64.7265, GNorm = 0.9161, lr_0 = 8.0655e-04
Validation auc = 0.758453
Epoch 11
Loss = 6.8251e-01, PNorm = 64.7990, GNorm = 0.9669, lr_0 = 7.9713e-04
Loss = 5.3821e-01, PNorm = 64.8850, GNorm = 0.8375, lr_0 = 7.8782e-04
Validation auc = 0.758453
Epoch 12
Loss = 5.9468e-01, PNorm = 64.9836, GNorm = 0.7018, lr_0 = 7.7771e-04
Loss = 5.7802e-01, PNorm = 65.0669, GNorm = 0.5757, lr_0 = 7.6862e-04
Loss = 5.7714e-01, PNorm = 65.1573, GNorm = 0.7011, lr_0 = 7.5965e-04
Validation auc = 0.787085
Epoch 13
Loss = 5.9433e-01, PNorm = 65.2449, GNorm = 0.6079, lr_0 = 7.5078e-04
Loss = 5.8195e-01, PNorm = 65.3365, GNorm = 0.8362, lr_0 = 7.4201e-04
Validation auc = 0.767286
Epoch 14
Loss = 5.6774e-01, PNorm = 65.4202, GNorm = 0.8135, lr_0 = 7.3334e-04
Loss = 5.7166e-01, PNorm = 65.4973, GNorm = 1.1108, lr_0 = 7.2478e-04
Validation auc = 0.760585
Epoch 15
Loss = 5.6721e-01, PNorm = 65.5793, GNorm = 0.6496, lr_0 = 7.1631e-04
Loss = 5.5745e-01, PNorm = 65.6646, GNorm = 0.6348, lr_0 = 7.0795e-04
Validation auc = 0.770941
Epoch 16
Loss = 5.5457e-01, PNorm = 65.7541, GNorm = 0.7715, lr_0 = 6.9968e-04
Loss = 5.3713e-01, PNorm = 65.8626, GNorm = 0.8122, lr_0 = 6.9151e-04
Validation auc = 0.785867
Epoch 17
Loss = 5.1406e-01, PNorm = 65.9688, GNorm = 0.7027, lr_0 = 6.8263e-04
Loss = 5.4962e-01, PNorm = 66.0742, GNorm = 1.3333, lr_0 = 6.7465e-04
Validation auc = 0.753579
Epoch 18
Loss = 5.4078e-01, PNorm = 66.1711, GNorm = 0.7693, lr_0 = 6.6678e-04
Loss = 5.2003e-01, PNorm = 66.2794, GNorm = 0.7786, lr_0 = 6.5899e-04
Validation auc = 0.777642
Epoch 19
Loss = 5.0032e-01, PNorm = 66.3904, GNorm = 1.3072, lr_0 = 6.5129e-04
Loss = 5.2299e-01, PNorm = 66.5272, GNorm = 1.1159, lr_0 = 6.4369e-04
Validation auc = 0.779165
Epoch 20
Loss = 5.3694e-01, PNorm = 66.6633, GNorm = 0.8716, lr_0 = 6.3617e-04
Loss = 5.0029e-01, PNorm = 66.8033, GNorm = 0.9156, lr_0 = 6.2874e-04
Validation auc = 0.771550
Epoch 21
Loss = 4.8280e-01, PNorm = 66.9327, GNorm = 1.1193, lr_0 = 6.2139e-04
Loss = 5.2251e-01, PNorm = 67.0399, GNorm = 0.6270, lr_0 = 6.1414e-04
Validation auc = 0.791959
Epoch 22
Loss = 5.1551e-01, PNorm = 67.1420, GNorm = 1.0342, lr_0 = 6.0696e-04
Loss = 4.9808e-01, PNorm = 67.2613, GNorm = 0.7874, lr_0 = 5.9988e-04
Validation auc = 0.784344
Epoch 23
Loss = 4.6575e-01, PNorm = 67.3755, GNorm = 0.6104, lr_0 = 5.9217e-04
Loss = 4.9996e-01, PNorm = 67.4896, GNorm = 0.7510, lr_0 = 5.8526e-04
Validation auc = 0.776119
Epoch 24
Loss = 5.0539e-01, PNorm = 67.6120, GNorm = 0.8785, lr_0 = 5.7842e-04
Loss = 5.0872e-01, PNorm = 67.7388, GNorm = 1.2806, lr_0 = 5.7167e-04
Loss = 4.8370e-01, PNorm = 67.8778, GNorm = 0.9071, lr_0 = 5.6499e-04
Validation auc = 0.747487
Epoch 25
Loss = 4.9071e-01, PNorm = 68.0063, GNorm = 0.5894, lr_0 = 5.5839e-04
Loss = 4.7246e-01, PNorm = 68.1460, GNorm = 0.6353, lr_0 = 5.5187e-04
Validation auc = 0.729211
Epoch 26
Loss = 5.0483e-01, PNorm = 68.2725, GNorm = 1.1423, lr_0 = 5.4542e-04
Loss = 4.6099e-01, PNorm = 68.4123, GNorm = 0.9334, lr_0 = 5.3905e-04
Validation auc = 0.791045
Epoch 27
Loss = 4.6324e-01, PNorm = 68.5457, GNorm = 1.4079, lr_0 = 5.3276e-04
Loss = 4.7711e-01, PNorm = 68.6732, GNorm = 0.9022, lr_0 = 5.2654e-04
Validation auc = 0.787390
Epoch 28
Loss = 4.4988e-01, PNorm = 68.8171, GNorm = 0.8495, lr_0 = 5.1978e-04
Loss = 4.7546e-01, PNorm = 68.9434, GNorm = 1.2745, lr_0 = 5.1371e-04
Validation auc = 0.784953
Epoch 29
Loss = 4.2585e-01, PNorm = 69.0782, GNorm = 1.2335, lr_0 = 5.0771e-04
Loss = 4.5356e-01, PNorm = 69.2204, GNorm = 0.9472, lr_0 = 5.0178e-04
Validation auc = 0.780384
Epoch 30
Loss = 4.3003e-01, PNorm = 69.3694, GNorm = 1.4887, lr_0 = 4.9592e-04
Loss = 4.6109e-01, PNorm = 69.5106, GNorm = 1.2838, lr_0 = 4.9012e-04
Validation auc = 0.792568
Epoch 31
Loss = 4.4462e-01, PNorm = 69.6536, GNorm = 0.9457, lr_0 = 4.8440e-04
Loss = 4.3413e-01, PNorm = 69.7917, GNorm = 1.1218, lr_0 = 4.7874e-04
Validation auc = 0.790131
Epoch 32
Loss = 4.0753e-01, PNorm = 69.9241, GNorm = 1.2493, lr_0 = 4.7315e-04
Loss = 4.2200e-01, PNorm = 70.0595, GNorm = 2.5469, lr_0 = 4.6763e-04
Validation auc = 0.802620
Epoch 33
Loss = 4.0846e-01, PNorm = 70.1868, GNorm = 0.7552, lr_0 = 4.6216e-04
Loss = 4.2002e-01, PNorm = 70.3137, GNorm = 0.7261, lr_0 = 4.5677e-04
Validation auc = 0.804143
Epoch 34
Loss = 4.3551e-01, PNorm = 70.4520, GNorm = 1.3843, lr_0 = 4.5090e-04
Loss = 3.7435e-01, PNorm = 70.5804, GNorm = 0.6758, lr_0 = 4.4564e-04
Validation auc = 0.802620
Epoch 35
Loss = 3.3632e-01, PNorm = 70.6982, GNorm = 0.8254, lr_0 = 4.4043e-04
Loss = 4.0513e-01, PNorm = 70.8277, GNorm = 0.9390, lr_0 = 4.3529e-04
Validation auc = 0.809930
Epoch 36
Loss = 4.2090e-01, PNorm = 70.9451, GNorm = 1.0584, lr_0 = 4.3020e-04
Loss = 3.9221e-01, PNorm = 71.0675, GNorm = 1.1866, lr_0 = 4.2518e-04
Loss = 3.8617e-01, PNorm = 71.1861, GNorm = 2.4195, lr_0 = 4.2021e-04
Validation auc = 0.778861
Epoch 37
Loss = 3.7940e-01, PNorm = 71.3049, GNorm = 0.9627, lr_0 = 4.1531e-04
Loss = 3.6754e-01, PNorm = 71.4175, GNorm = 0.7606, lr_0 = 4.1045e-04
Validation auc = 0.795614
Epoch 38
Loss = 4.0259e-01, PNorm = 71.5433, GNorm = 1.1042, lr_0 = 4.0566e-04
Loss = 3.5723e-01, PNorm = 71.6629, GNorm = 0.7808, lr_0 = 4.0092e-04
Validation auc = 0.777338
Epoch 39
Loss = 3.7952e-01, PNorm = 71.7968, GNorm = 1.3315, lr_0 = 3.9578e-04
Loss = 3.2383e-01, PNorm = 71.9182, GNorm = 1.1610, lr_0 = 3.9115e-04
Validation auc = 0.783734
Epoch 40
Loss = 3.2117e-01, PNorm = 72.0319, GNorm = 1.1637, lr_0 = 3.8658e-04
Loss = 3.3387e-01, PNorm = 72.1510, GNorm = 1.1966, lr_0 = 3.8207e-04
Validation auc = 0.771855
Epoch 41
Loss = 3.1880e-01, PNorm = 72.2680, GNorm = 1.1795, lr_0 = 3.7761e-04
Loss = 3.4096e-01, PNorm = 72.3797, GNorm = 1.9150, lr_0 = 3.7320e-04
Validation auc = 0.787390
Epoch 42
Loss = 2.9099e-01, PNorm = 72.4891, GNorm = 0.8880, lr_0 = 3.6884e-04
Loss = 3.3371e-01, PNorm = 72.6099, GNorm = 1.1985, lr_0 = 3.6453e-04
Validation auc = 0.795918
Epoch 43
Loss = 3.2499e-01, PNorm = 72.7228, GNorm = 1.5407, lr_0 = 3.6027e-04
Loss = 3.4356e-01, PNorm = 72.8329, GNorm = 1.3752, lr_0 = 3.5607e-04
Validation auc = 0.765154
Epoch 44
Loss = 3.6904e-01, PNorm = 72.9442, GNorm = 0.9534, lr_0 = 3.5191e-04
Loss = 2.8248e-01, PNorm = 73.0529, GNorm = 1.4185, lr_0 = 3.4780e-04
Validation auc = 0.793177
Epoch 45
Loss = 2.8584e-01, PNorm = 73.1733, GNorm = 0.9396, lr_0 = 3.4333e-04
Loss = 3.1261e-01, PNorm = 73.2855, GNorm = 1.5269, lr_0 = 3.3932e-04
Validation auc = 0.776119
Epoch 46
Loss = 3.1864e-01, PNorm = 73.3737, GNorm = 1.6513, lr_0 = 3.3536e-04
Loss = 2.7312e-01, PNorm = 73.4678, GNorm = 1.1823, lr_0 = 3.3144e-04
Validation auc = 0.792263
Epoch 47
Loss = 3.1240e-01, PNorm = 73.5637, GNorm = 1.2244, lr_0 = 3.2757e-04
Loss = 2.6122e-01, PNorm = 73.6623, GNorm = 1.9669, lr_0 = 3.2375e-04
Validation auc = 0.798355
Epoch 48
Loss = 2.0709e-01, PNorm = 73.7498, GNorm = 1.0568, lr_0 = 3.1996e-04
Loss = 2.4395e-01, PNorm = 73.8419, GNorm = 2.3462, lr_0 = 3.1623e-04
Loss = 2.4301e-01, PNorm = 73.9282, GNorm = 1.2133, lr_0 = 3.1253e-04
Validation auc = 0.774901
Epoch 49
Loss = 2.3442e-01, PNorm = 74.0247, GNorm = 1.3133, lr_0 = 3.0888e-04
Loss = 2.6117e-01, PNorm = 74.1144, GNorm = 1.3542, lr_0 = 3.0528e-04
Validation auc = 0.763631
Epoch 50
Loss = 2.4081e-01, PNorm = 74.2034, GNorm = 1.8884, lr_0 = 3.0171e-04
Loss = 2.4764e-01, PNorm = 74.2873, GNorm = 1.1824, lr_0 = 2.9819e-04
Validation auc = 0.771855
Epoch 51
Loss = 2.5457e-01, PNorm = 74.3802, GNorm = 2.1055, lr_0 = 2.9436e-04
Loss = 2.6027e-01, PNorm = 74.4529, GNorm = 1.4947, lr_0 = 2.9092e-04
Validation auc = 0.789217
Epoch 52
Loss = 2.3167e-01, PNorm = 74.5260, GNorm = 1.0743, lr_0 = 2.8752e-04
Loss = 2.3729e-01, PNorm = 74.6079, GNorm = 1.2678, lr_0 = 2.8417e-04
Validation auc = 0.770027
Epoch 53
Loss = 2.3370e-01, PNorm = 74.6807, GNorm = 1.0267, lr_0 = 2.8085e-04
Loss = 2.3838e-01, PNorm = 74.7521, GNorm = 1.4835, lr_0 = 2.7757e-04
Validation auc = 0.776424
Epoch 54
Loss = 1.8965e-01, PNorm = 74.8216, GNorm = 0.8176, lr_0 = 2.7432e-04
Loss = 2.4171e-01, PNorm = 74.8857, GNorm = 1.4205, lr_0 = 2.7112e-04
Validation auc = 0.756320
Epoch 55
Loss = 2.0357e-01, PNorm = 74.9529, GNorm = 1.5674, lr_0 = 2.6795e-04
Loss = 2.3344e-01, PNorm = 75.0177, GNorm = 1.8415, lr_0 = 2.6483e-04
Validation auc = 0.767591
Epoch 56
Loss = 2.1429e-01, PNorm = 75.0982, GNorm = 1.0470, lr_0 = 2.6142e-04
Loss = 1.7941e-01, PNorm = 75.1655, GNorm = 0.6513, lr_0 = 2.5837e-04
Validation auc = 0.766068
Epoch 57
Loss = 2.0326e-01, PNorm = 75.2260, GNorm = 1.3203, lr_0 = 2.5535e-04
Loss = 1.7641e-01, PNorm = 75.2828, GNorm = 1.6838, lr_0 = 2.5237e-04
Validation auc = 0.750838
Epoch 58
Loss = 2.1576e-01, PNorm = 75.3425, GNorm = 1.4670, lr_0 = 2.4942e-04
Loss = 1.9413e-01, PNorm = 75.4037, GNorm = 1.3519, lr_0 = 2.4651e-04
Validation auc = 0.749315
Epoch 59
Loss = 1.0879e-01, PNorm = 75.4664, GNorm = 1.1319, lr_0 = 2.4363e-04
Loss = 2.2616e-01, PNorm = 75.5253, GNorm = 1.3826, lr_0 = 2.4079e-04
Validation auc = 0.751142
Epoch 60
Loss = 8.0911e-02, PNorm = 75.5843, GNorm = 0.7111, lr_0 = 2.3797e-04
Loss = 1.5278e-01, PNorm = 75.6397, GNorm = 1.6559, lr_0 = 2.3520e-04
Loss = 1.9415e-01, PNorm = 75.6872, GNorm = 2.3495, lr_0 = 2.3245e-04
Validation auc = 0.741395
Epoch 61
Loss = 1.8601e-01, PNorm = 75.7274, GNorm = 1.0790, lr_0 = 2.2973e-04
Loss = 2.0330e-01, PNorm = 75.7713, GNorm = 2.2662, lr_0 = 2.2705e-04
Loss = 1.8875e-01, PNorm = 75.7761, GNorm = 2.1350, lr_0 = 2.2678e-04
Validation auc = 0.766677
Epoch 62
Loss = 1.5498e-01, PNorm = 75.8225, GNorm = 0.7977, lr_0 = 2.2414e-04
Loss = 2.0165e-01, PNorm = 75.8725, GNorm = 1.7818, lr_0 = 2.2152e-04
Validation auc = 0.759366
Epoch 63
Loss = 1.8754e-01, PNorm = 75.9276, GNorm = 2.0245, lr_0 = 2.1893e-04
Loss = 1.5628e-01, PNorm = 75.9751, GNorm = 1.0533, lr_0 = 2.1637e-04
Validation auc = 0.745964
Epoch 64
Loss = 1.5543e-01, PNorm = 76.0237, GNorm = 1.2853, lr_0 = 2.1385e-04
Loss = 1.8923e-01, PNorm = 76.0671, GNorm = 1.0475, lr_0 = 2.1135e-04
Validation auc = 0.753579
Epoch 65
Loss = 2.1097e-01, PNorm = 76.1071, GNorm = 2.1079, lr_0 = 2.0888e-04
Loss = 1.6873e-01, PNorm = 76.1510, GNorm = 1.6654, lr_0 = 2.0644e-04
Validation auc = 0.760280
Epoch 66
Loss = 1.7614e-01, PNorm = 76.1986, GNorm = 1.5852, lr_0 = 2.0403e-04
Loss = 1.4274e-01, PNorm = 76.2454, GNorm = 1.1879, lr_0 = 2.0165e-04
Validation auc = 0.755407
Epoch 67
Loss = 1.4946e-01, PNorm = 76.2905, GNorm = 1.2106, lr_0 = 1.9906e-04
Loss = 1.5627e-01, PNorm = 76.3263, GNorm = 1.1514, lr_0 = 1.9673e-04
Validation auc = 0.747182
Epoch 68
Loss = 1.3565e-01, PNorm = 76.3651, GNorm = 1.9157, lr_0 = 1.9444e-04
Loss = 1.4740e-01, PNorm = 76.4043, GNorm = 1.8662, lr_0 = 1.9216e-04
Validation auc = 0.765763
Epoch 69
Loss = 1.6322e-01, PNorm = 76.4418, GNorm = 1.1248, lr_0 = 1.8992e-04
Loss = 1.4518e-01, PNorm = 76.4775, GNorm = 1.9592, lr_0 = 1.8770e-04
Validation auc = 0.747792
Epoch 70
Loss = 1.3128e-01, PNorm = 76.5136, GNorm = 1.1064, lr_0 = 1.8551e-04
Loss = 1.3809e-01, PNorm = 76.5475, GNorm = 1.9632, lr_0 = 1.8334e-04
Validation auc = 0.752970
Epoch 71
Loss = 9.5363e-02, PNorm = 76.5809, GNorm = 1.1433, lr_0 = 1.8120e-04
Loss = 1.2120e-01, PNorm = 76.6154, GNorm = 1.7803, lr_0 = 1.7909e-04
Validation auc = 0.749010
Epoch 72
Loss = 1.6498e-01, PNorm = 76.6523, GNorm = 1.2794, lr_0 = 1.7699e-04
Loss = 1.4748e-01, PNorm = 76.6856, GNorm = 1.8923, lr_0 = 1.7493e-04
Validation auc = 0.750838
Epoch 73
Loss = 8.7830e-02, PNorm = 76.7213, GNorm = 1.4287, lr_0 = 1.7268e-04
Loss = 1.2395e-01, PNorm = 76.7534, GNorm = 1.5012, lr_0 = 1.7066e-04
Loss = 1.3060e-01, PNorm = 76.7832, GNorm = 2.6556, lr_0 = 1.6867e-04
Validation auc = 0.756625
Epoch 74
Loss = 1.1526e-01, PNorm = 76.8106, GNorm = 2.8765, lr_0 = 1.6670e-04
Loss = 1.2410e-01, PNorm = 76.8375, GNorm = 1.3844, lr_0 = 1.6475e-04
Validation auc = 0.751142
Epoch 75
Loss = 1.3568e-01, PNorm = 76.8651, GNorm = 1.4861, lr_0 = 1.6283e-04
Loss = 1.1458e-01, PNorm = 76.8930, GNorm = 0.8250, lr_0 = 1.6093e-04
Validation auc = 0.752665
Epoch 76
Loss = 1.3298e-01, PNorm = 76.9228, GNorm = 1.6674, lr_0 = 1.5905e-04
Loss = 1.1955e-01, PNorm = 76.9525, GNorm = 1.6206, lr_0 = 1.5719e-04
Validation auc = 0.755407
Epoch 77
Loss = 1.4059e-01, PNorm = 76.9797, GNorm = 2.5231, lr_0 = 1.5536e-04
Loss = 1.2101e-01, PNorm = 77.0044, GNorm = 1.4162, lr_0 = 1.5354e-04
Validation auc = 0.752665
Epoch 78
Loss = 9.2139e-02, PNorm = 77.0324, GNorm = 1.6923, lr_0 = 1.5157e-04
Loss = 1.3113e-01, PNorm = 77.0547, GNorm = 1.5954, lr_0 = 1.4980e-04
Validation auc = 0.752361
Epoch 79
Loss = 1.0153e-01, PNorm = 77.0822, GNorm = 2.7548, lr_0 = 1.4805e-04
Loss = 1.4749e-01, PNorm = 77.1079, GNorm = 1.7695, lr_0 = 1.4632e-04
Validation auc = 0.741700
Epoch 80
Loss = 6.5971e-02, PNorm = 77.1309, GNorm = 0.5316, lr_0 = 1.4461e-04
Loss = 1.1039e-01, PNorm = 77.1567, GNorm = 1.1445, lr_0 = 1.4292e-04
Validation auc = 0.747487
Epoch 81
Loss = 1.2428e-01, PNorm = 77.1779, GNorm = 1.5934, lr_0 = 1.4125e-04
Loss = 8.8453e-02, PNorm = 77.2019, GNorm = 0.7226, lr_0 = 1.3960e-04
Validation auc = 0.735912
Epoch 82
Loss = 8.8888e-02, PNorm = 77.2262, GNorm = 2.1369, lr_0 = 1.3797e-04
Loss = 1.2677e-01, PNorm = 77.2492, GNorm = 1.7384, lr_0 = 1.3636e-04
Validation auc = 0.735608
Epoch 83
Loss = 1.2704e-01, PNorm = 77.2694, GNorm = 1.4605, lr_0 = 1.3477e-04
Loss = 9.0407e-02, PNorm = 77.2894, GNorm = 1.3934, lr_0 = 1.3320e-04
Validation auc = 0.742918
Epoch 84
Loss = 9.5873e-02, PNorm = 77.3119, GNorm = 1.6048, lr_0 = 1.3149e-04
Loss = 7.6330e-02, PNorm = 77.3313, GNorm = 0.9989, lr_0 = 1.2995e-04
Validation auc = 0.751142
Epoch 85
Loss = 1.0236e-01, PNorm = 77.3511, GNorm = 0.9657, lr_0 = 1.2843e-04
Loss = 7.9309e-02, PNorm = 77.3706, GNorm = 1.4751, lr_0 = 1.2693e-04
Loss = 1.4451e-01, PNorm = 77.3882, GNorm = 2.4059, lr_0 = 1.2545e-04
Validation auc = 0.753884
Epoch 86
Loss = 9.8289e-02, PNorm = 77.4085, GNorm = 1.5926, lr_0 = 1.2398e-04
Loss = 9.9502e-02, PNorm = 77.4286, GNorm = 1.3866, lr_0 = 1.2254e-04
Validation auc = 0.751447
Epoch 87
Loss = 9.4940e-02, PNorm = 77.4475, GNorm = 1.1416, lr_0 = 1.2111e-04
Loss = 7.1939e-02, PNorm = 77.4670, GNorm = 0.9839, lr_0 = 1.1969e-04
Validation auc = 0.752361
Epoch 88
Loss = 8.4238e-02, PNorm = 77.4843, GNorm = 1.1650, lr_0 = 1.1829e-04
Loss = 1.0819e-01, PNorm = 77.4986, GNorm = 0.7239, lr_0 = 1.1691e-04
Validation auc = 0.746573
Epoch 89
Loss = 7.8217e-02, PNorm = 77.5151, GNorm = 2.6985, lr_0 = 1.1541e-04
Loss = 8.2123e-02, PNorm = 77.5332, GNorm = 1.2038, lr_0 = 1.1406e-04
Validation auc = 0.742918
Epoch 90
Loss = 8.6592e-02, PNorm = 77.5480, GNorm = 1.2143, lr_0 = 1.1273e-04
Loss = 8.4759e-02, PNorm = 77.5637, GNorm = 1.5512, lr_0 = 1.1141e-04
Validation auc = 0.746269
Epoch 91
Loss = 8.6793e-02, PNorm = 77.5782, GNorm = 0.9359, lr_0 = 1.1011e-04
Loss = 8.5511e-02, PNorm = 77.5941, GNorm = 1.6035, lr_0 = 1.0883e-04
Validation auc = 0.740786
Epoch 92
Loss = 1.3072e-01, PNorm = 77.6104, GNorm = 1.2788, lr_0 = 1.0756e-04
Loss = 8.6358e-02, PNorm = 77.6268, GNorm = 1.5073, lr_0 = 1.0630e-04
Validation auc = 0.747792
Epoch 93
Loss = 7.0746e-02, PNorm = 77.6400, GNorm = 1.3494, lr_0 = 1.0506e-04
Loss = 9.6917e-02, PNorm = 77.6545, GNorm = 1.5392, lr_0 = 1.0383e-04
Validation auc = 0.739263
Epoch 94
Loss = 8.2358e-02, PNorm = 77.6714, GNorm = 0.6596, lr_0 = 1.0262e-04
Loss = 8.2217e-02, PNorm = 77.6868, GNorm = 1.0599, lr_0 = 1.0142e-04
Validation auc = 0.750838
Epoch 95
Loss = 4.5192e-02, PNorm = 77.7021, GNorm = 0.3225, lr_0 = 1.0012e-04
Loss = 8.8754e-02, PNorm = 77.7178, GNorm = 1.6823, lr_0 = 1.0000e-04
Validation auc = 0.744746
Epoch 96
Loss = 3.3474e-02, PNorm = 77.7313, GNorm = 1.0286, lr_0 = 1.0000e-04
Loss = 6.3345e-02, PNorm = 77.7445, GNorm = 0.3276, lr_0 = 1.0000e-04
Validation auc = 0.754797
Epoch 97
Loss = 2.6482e-02, PNorm = 77.7579, GNorm = 0.6242, lr_0 = 1.0000e-04
Loss = 8.4322e-02, PNorm = 77.7718, GNorm = 1.2499, lr_0 = 1.0000e-04
Loss = 8.8205e-02, PNorm = 77.7862, GNorm = 2.0796, lr_0 = 1.0000e-04
Validation auc = 0.753884
Epoch 98
Loss = 7.7807e-02, PNorm = 77.8010, GNorm = 1.0292, lr_0 = 1.0000e-04
Loss = 8.5439e-02, PNorm = 77.8163, GNorm = 1.2389, lr_0 = 1.0000e-04
Validation auc = 0.745659
Epoch 99
Loss = 8.4596e-02, PNorm = 77.8309, GNorm = 2.6853, lr_0 = 1.0000e-04
Loss = 7.6910e-02, PNorm = 77.8429, GNorm = 1.0176, lr_0 = 1.0000e-04
Validation auc = 0.744136
Model 0 best validation auc = 0.809930 on epoch 35
Loading pretrained parameter "encoder.encoder.0.cached_zero_vector".
Loading pretrained parameter "encoder.encoder.0.W_i.weight".
Loading pretrained parameter "encoder.encoder.0.W_h.weight".
Loading pretrained parameter "encoder.encoder.0.W_o.weight".
Loading pretrained parameter "encoder.encoder.0.W_o.bias".
Loading pretrained parameter "ffn.1.weight".
Loading pretrained parameter "ffn.1.bias".
Loading pretrained parameter "ffn.4.weight".
Loading pretrained parameter "ffn.4.bias".
Moving model to cuda
Model 0 test auc = 0.779305
Ensemble test auc = 0.779305
1-fold cross validation
	Seed 0 ==> test auc = 0.779305
Overall test auc = 0.779305 +/- 0.000000
Elapsed time = 0:02:28
