Command line
python /home/jxy/anaconda3/envs/chemprop_1119/bin/chemprop_train --data_path data/alldata_chemprop_random_nocanonical.csv --dataset_type classification --epochs 100 --aggregation sum --features_generator rdkit_2d_normalized --no_features_scaling --config_path hyperoptfile --save_dir checkpoints_0218
Args
{'activation': 'ReLU',
 'aggregation': 'sum',
 'aggregation_norm': 100,
 'alternative_loss_function': None,
 'atom_descriptor_scaling': True,
 'atom_descriptors': None,
 'atom_descriptors_path': None,
 'atom_descriptors_size': 0,
 'atom_features_size': 0,
 'atom_messages': False,
 'batch_size': 50,
 'bias': False,
 'bond_feature_scaling': True,
 'bond_features_path': None,
 'bond_features_size': 0,
 'cache_cutoff': 10000,
 'checkpoint_dir': None,
 'checkpoint_frzn': None,
 'checkpoint_path': None,
 'checkpoint_paths': None,
 'class_balance': False,
 'config_path': 'hyperoptfile',
 'crossval_index_dir': None,
 'crossval_index_file': None,
 'crossval_index_sets': None,
 'cuda': True,
 'data_path': 'data/alldata_chemprop_random_nocanonical.csv',
 'data_weights_path': None,
 'dataset_type': 'classification',
 'depth': 2,
 'device': device(type='cuda'),
 'dropout': 0.25,
 'empty_cache': False,
 'ensemble_size': 1,
 'epochs': 100,
 'explicit_h': False,
 'extra_metrics': [],
 'features_generator': ['rdkit_2d_normalized'],
 'features_only': False,
 'features_path': None,
 'features_scaling': False,
 'features_size': None,
 'ffn_hidden_size': 1400,
 'ffn_num_layers': 2,
 'final_lr': 0.0001,
 'folds_file': None,
 'freeze_first_only': False,
 'frzn_ffn_layers': 0,
 'gpu': None,
 'grad_clip': None,
 'hidden_size': 1400,
 'ignore_columns': None,
 'init_lr': 0.0001,
 'log_frequency': 10,
 'max_data_size': None,
 'max_lr': 0.001,
 'metric': 'auc',
 'metrics': ['auc'],
 'minimize_score': False,
 'mpn_shared': False,
 'multiclass_num_classes': 3,
 'no_atom_descriptor_scaling': False,
 'no_bond_features_scaling': False,
 'no_cache_mol': False,
 'no_cuda': False,
 'no_features_scaling': True,
 'num_folds': 1,
 'num_lrs': 1,
 'num_tasks': 1,
 'num_workers': 8,
 'number_of_molecules': 1,
 'overwrite_default_atom_features': False,
 'overwrite_default_bond_features': False,
 'phase_features_path': None,
 'pytorch_seed': 0,
 'quiet': False,
 'reaction': False,
 'reaction_mode': 'reac_diff',
 'resume_experiment': False,
 'save_dir': 'checkpoints_0218',
 'save_preds': False,
 'save_smiles_splits': False,
 'seed': 0,
 'separate_test_atom_descriptors_path': None,
 'separate_test_bond_features_path': None,
 'separate_test_features_path': None,
 'separate_test_path': None,
 'separate_test_phase_features_path': None,
 'separate_val_atom_descriptors_path': None,
 'separate_val_bond_features_path': None,
 'separate_val_features_path': None,
 'separate_val_path': None,
 'separate_val_phase_features_path': None,
 'show_individual_scores': False,
 'smiles_columns': ['Smile'],
 'spectra_activation': 'exp',
 'spectra_phase_mask_path': None,
 'spectra_target_floor': 1e-08,
 'split_sizes': (0.8, 0.1, 0.1),
 'split_type': 'random',
 'target_columns': None,
 'target_weights': None,
 'task_names': ['Label'],
 'test': False,
 'test_fold_index': None,
 'train_data_size': None,
 'undirected': False,
 'use_input_features': True,
 'val_fold_index': None,
 'warmup_epochs': 2.0}
Setting molecule featurization parameters to default.
Loading data
Number of tasks = 1
Fold 0
Splitting data with seed 0
Class sizes
Label 0: 46.25%, 1: 53.75%
Total size = 6,506 | train size = 5,204 | val size = 651 | test size = 651
Building model 0
MoleculeModel(
  (sigmoid): Sigmoid()
  (encoder): MPN(
    (encoder): ModuleList(
      (0): MPNEncoder(
        (dropout_layer): Dropout(p=0.25, inplace=False)
        (act_func): ReLU()
        (W_i): Linear(in_features=147, out_features=1400, bias=False)
        (W_h): Linear(in_features=1400, out_features=1400, bias=False)
        (W_o): Linear(in_features=1533, out_features=1400, bias=True)
      )
    )
  )
  (ffn): Sequential(
    (0): Dropout(p=0.25, inplace=False)
    (1): Linear(in_features=1600, out_features=1400, bias=True)
    (2): ReLU()
    (3): Dropout(p=0.25, inplace=False)
    (4): Linear(in_features=1400, out_features=1, bias=True)
  )
)
Number of parameters = 6,557,601
Moving model to cuda
Epoch 0
Loss = 1.3184e+00, PNorm = 68.0288, GNorm = 16.5800, lr_0 = 1.4760e-04
Loss = 1.6449e+00, PNorm = 68.0359, GNorm = 22.7674, lr_0 = 1.9087e-04
Loss = 1.0840e+00, PNorm = 68.0454, GNorm = 8.7043, lr_0 = 2.3413e-04
Loss = 7.1916e-01, PNorm = 68.0569, GNorm = 10.7325, lr_0 = 2.7740e-04
Loss = 7.8671e-01, PNorm = 68.0692, GNorm = 14.8539, lr_0 = 3.2067e-04
Loss = 7.6977e-01, PNorm = 68.0842, GNorm = 13.7478, lr_0 = 3.6394e-04
Loss = 6.7381e-01, PNorm = 68.1024, GNorm = 5.5424, lr_0 = 4.0721e-04
Loss = 6.5433e-01, PNorm = 68.1244, GNorm = 5.4452, lr_0 = 4.5048e-04
Loss = 6.8315e-01, PNorm = 68.1464, GNorm = 11.7809, lr_0 = 4.9375e-04
Loss = 6.8945e-01, PNorm = 68.1751, GNorm = 10.5484, lr_0 = 5.3702e-04
Validation auc = 0.795972
Epoch 1
Loss = 6.8410e-01, PNorm = 68.2127, GNorm = 8.0897, lr_0 = 5.8462e-04
Loss = 6.2336e-01, PNorm = 68.2514, GNorm = 3.9730, lr_0 = 6.2788e-04
Loss = 5.8955e-01, PNorm = 68.2917, GNorm = 5.6763, lr_0 = 6.7115e-04
Loss = 6.4137e-01, PNorm = 68.3328, GNorm = 3.0987, lr_0 = 7.1442e-04
Loss = 5.8619e-01, PNorm = 68.3789, GNorm = 4.4635, lr_0 = 7.5769e-04
Loss = 5.8734e-01, PNorm = 68.4290, GNorm = 4.6142, lr_0 = 8.0096e-04
Loss = 6.6111e-01, PNorm = 68.4880, GNorm = 2.6244, lr_0 = 8.4423e-04
Loss = 6.0907e-01, PNorm = 68.5614, GNorm = 3.5410, lr_0 = 8.8750e-04
Loss = 5.4045e-01, PNorm = 68.6420, GNorm = 1.8398, lr_0 = 9.3077e-04
Loss = 5.5794e-01, PNorm = 68.7256, GNorm = 2.8986, lr_0 = 9.7404e-04
Validation auc = 0.769520
Epoch 2
Loss = 6.0467e-01, PNorm = 68.8333, GNorm = 3.4732, lr_0 = 9.9887e-04
Loss = 5.9185e-01, PNorm = 68.9397, GNorm = 2.2371, lr_0 = 9.9662e-04
Loss = 5.6345e-01, PNorm = 69.0326, GNorm = 1.9054, lr_0 = 9.9437e-04
Loss = 6.0033e-01, PNorm = 69.1128, GNorm = 2.5220, lr_0 = 9.9212e-04
Loss = 5.6060e-01, PNorm = 69.1940, GNorm = 1.6888, lr_0 = 9.8989e-04
Loss = 5.7062e-01, PNorm = 69.2553, GNorm = 2.2084, lr_0 = 9.8765e-04
Loss = 5.5745e-01, PNorm = 69.3089, GNorm = 3.1534, lr_0 = 9.8542e-04
Loss = 5.7281e-01, PNorm = 69.3677, GNorm = 1.9013, lr_0 = 9.8320e-04
Loss = 5.1167e-01, PNorm = 69.4299, GNorm = 1.6230, lr_0 = 9.8098e-04
Loss = 5.2591e-01, PNorm = 69.4857, GNorm = 1.1869, lr_0 = 9.7877e-04
Loss = 5.4837e-01, PNorm = 69.5437, GNorm = 1.3257, lr_0 = 9.7656e-04
Validation auc = 0.825548
Epoch 3
Loss = 5.7390e-01, PNorm = 69.6292, GNorm = 1.3191, lr_0 = 9.7413e-04
Loss = 5.9578e-01, PNorm = 69.7060, GNorm = 1.1444, lr_0 = 9.7194e-04
Loss = 5.2980e-01, PNorm = 69.7738, GNorm = 1.0468, lr_0 = 9.6974e-04
Loss = 5.4229e-01, PNorm = 69.8294, GNorm = 2.0652, lr_0 = 9.6755e-04
Loss = 5.4197e-01, PNorm = 69.8801, GNorm = 3.5100, lr_0 = 9.6537e-04
Loss = 5.8031e-01, PNorm = 69.9327, GNorm = 1.3708, lr_0 = 9.6319e-04
Loss = 4.9560e-01, PNorm = 69.9887, GNorm = 1.4074, lr_0 = 9.6102e-04
Loss = 5.0026e-01, PNorm = 70.0454, GNorm = 1.2657, lr_0 = 9.5885e-04
Loss = 5.3177e-01, PNorm = 70.1024, GNorm = 1.7803, lr_0 = 9.5669e-04
Loss = 5.1211e-01, PNorm = 70.1578, GNorm = 1.7756, lr_0 = 9.5453e-04
Validation auc = 0.852895
Epoch 4
Loss = 5.2375e-01, PNorm = 70.2391, GNorm = 2.1976, lr_0 = 9.5216e-04
Loss = 4.7105e-01, PNorm = 70.3173, GNorm = 1.7995, lr_0 = 9.5001e-04
Loss = 5.1778e-01, PNorm = 70.3829, GNorm = 1.3680, lr_0 = 9.4786e-04
Loss = 4.9025e-01, PNorm = 70.4457, GNorm = 0.9705, lr_0 = 9.4573e-04
Loss = 4.9780e-01, PNorm = 70.5018, GNorm = 1.0873, lr_0 = 9.4359e-04
Loss = 5.0235e-01, PNorm = 70.5616, GNorm = 1.2686, lr_0 = 9.4146e-04
Loss = 4.9969e-01, PNorm = 70.6137, GNorm = 1.0940, lr_0 = 9.3934e-04
Loss = 4.6976e-01, PNorm = 70.6777, GNorm = 1.1206, lr_0 = 9.3722e-04
Loss = 5.1932e-01, PNorm = 70.7360, GNorm = 1.3035, lr_0 = 9.3510e-04
Loss = 4.8703e-01, PNorm = 70.8034, GNorm = 1.4916, lr_0 = 9.3299e-04
Loss = 5.1364e-01, PNorm = 70.8585, GNorm = 1.4895, lr_0 = 9.3089e-04
Loss = 7.7347e-01, PNorm = 70.8638, GNorm = 3.7818, lr_0 = 9.3068e-04
Validation auc = 0.855675
Epoch 5
Loss = 4.5305e-01, PNorm = 70.9232, GNorm = 1.8513, lr_0 = 9.2858e-04
Loss = 5.0764e-01, PNorm = 70.9889, GNorm = 1.0560, lr_0 = 9.2648e-04
Loss = 5.3350e-01, PNorm = 71.0476, GNorm = 1.2247, lr_0 = 9.2439e-04
Loss = 4.6318e-01, PNorm = 71.1148, GNorm = 0.9977, lr_0 = 9.2230e-04
Loss = 4.9795e-01, PNorm = 71.1739, GNorm = 2.3426, lr_0 = 9.2022e-04
Loss = 4.9464e-01, PNorm = 71.2329, GNorm = 1.1698, lr_0 = 9.1815e-04
Loss = 4.9664e-01, PNorm = 71.2982, GNorm = 1.5082, lr_0 = 9.1607e-04
Loss = 4.5856e-01, PNorm = 71.3594, GNorm = 1.3095, lr_0 = 9.1401e-04
Loss = 4.5911e-01, PNorm = 71.4337, GNorm = 1.4906, lr_0 = 9.1194e-04
Loss = 4.5985e-01, PNorm = 71.5030, GNorm = 1.3102, lr_0 = 9.0989e-04
Validation auc = 0.871691
Epoch 6
Loss = 4.5532e-01, PNorm = 71.5808, GNorm = 0.8224, lr_0 = 9.0763e-04
Loss = 4.5030e-01, PNorm = 71.6507, GNorm = 0.9556, lr_0 = 9.0558e-04
Loss = 4.9189e-01, PNorm = 71.7129, GNorm = 1.1542, lr_0 = 9.0354e-04
Loss = 4.5556e-01, PNorm = 71.7788, GNorm = 2.8573, lr_0 = 9.0150e-04
Loss = 4.7545e-01, PNorm = 71.8488, GNorm = 1.9933, lr_0 = 8.9946e-04
Loss = 4.8251e-01, PNorm = 71.9164, GNorm = 1.0294, lr_0 = 8.9743e-04
Loss = 4.4549e-01, PNorm = 71.9865, GNorm = 1.3810, lr_0 = 8.9541e-04
Loss = 4.9052e-01, PNorm = 72.0414, GNorm = 2.2186, lr_0 = 8.9339e-04
Loss = 4.7191e-01, PNorm = 72.0900, GNorm = 1.4731, lr_0 = 8.9137e-04
Loss = 4.2472e-01, PNorm = 72.1513, GNorm = 1.3590, lr_0 = 8.8936e-04
Validation auc = 0.879842
Epoch 7
Loss = 4.0700e-01, PNorm = 72.2246, GNorm = 0.8902, lr_0 = 8.8715e-04
Loss = 4.8970e-01, PNorm = 72.3111, GNorm = 0.9139, lr_0 = 8.8515e-04
Loss = 4.7589e-01, PNorm = 72.3944, GNorm = 1.0193, lr_0 = 8.8315e-04
Loss = 4.3343e-01, PNorm = 72.4726, GNorm = 1.5328, lr_0 = 8.8116e-04
Loss = 4.3154e-01, PNorm = 72.5407, GNorm = 1.0106, lr_0 = 8.7917e-04
Loss = 4.8064e-01, PNorm = 72.6046, GNorm = 1.1519, lr_0 = 8.7719e-04
Loss = 4.5812e-01, PNorm = 72.6735, GNorm = 1.2097, lr_0 = 8.7521e-04
Loss = 4.6183e-01, PNorm = 72.7478, GNorm = 1.3696, lr_0 = 8.7323e-04
Loss = 4.9363e-01, PNorm = 72.7989, GNorm = 1.0770, lr_0 = 8.7126e-04
Loss = 4.9844e-01, PNorm = 72.8620, GNorm = 1.0771, lr_0 = 8.6930e-04
Loss = 4.3257e-01, PNorm = 72.9245, GNorm = 1.2311, lr_0 = 8.6733e-04
Validation auc = 0.879156
Epoch 8
Loss = 4.3867e-01, PNorm = 72.9902, GNorm = 0.8217, lr_0 = 8.6518e-04
Loss = 4.3079e-01, PNorm = 73.0642, GNorm = 0.9242, lr_0 = 8.6323e-04
Loss = 4.4327e-01, PNorm = 73.1331, GNorm = 0.8666, lr_0 = 8.6128e-04
Loss = 4.6243e-01, PNorm = 73.1977, GNorm = 0.8260, lr_0 = 8.5934e-04
Loss = 4.3833e-01, PNorm = 73.2680, GNorm = 1.3073, lr_0 = 8.5740e-04
Loss = 4.6710e-01, PNorm = 73.3366, GNorm = 1.1080, lr_0 = 8.5546e-04
Loss = 4.6114e-01, PNorm = 73.4062, GNorm = 0.9767, lr_0 = 8.5353e-04
Loss = 3.9746e-01, PNorm = 73.4724, GNorm = 1.1988, lr_0 = 8.5161e-04
Loss = 4.6799e-01, PNorm = 73.5458, GNorm = 1.3998, lr_0 = 8.4969e-04
Loss = 4.0798e-01, PNorm = 73.6041, GNorm = 1.2117, lr_0 = 8.4777e-04
Validation auc = 0.867968
Epoch 9
Loss = 4.4268e-01, PNorm = 73.6679, GNorm = 0.9424, lr_0 = 8.4566e-04
Loss = 4.2676e-01, PNorm = 73.7363, GNorm = 1.1266, lr_0 = 8.4376e-04
Loss = 4.6582e-01, PNorm = 73.8006, GNorm = 1.2679, lr_0 = 8.4185e-04
Loss = 4.1167e-01, PNorm = 73.8764, GNorm = 1.3704, lr_0 = 8.3995e-04
Loss = 4.0538e-01, PNorm = 73.9504, GNorm = 0.8864, lr_0 = 8.3806e-04
Loss = 4.2476e-01, PNorm = 74.0264, GNorm = 0.9938, lr_0 = 8.3617e-04
Loss = 4.1493e-01, PNorm = 74.0816, GNorm = 1.1963, lr_0 = 8.3428e-04
Loss = 4.4766e-01, PNorm = 74.1437, GNorm = 1.0600, lr_0 = 8.3240e-04
Loss = 4.1375e-01, PNorm = 74.2136, GNorm = 1.4961, lr_0 = 8.3052e-04
Loss = 4.4786e-01, PNorm = 74.2864, GNorm = 1.2964, lr_0 = 8.2864e-04
Loss = 4.0544e-01, PNorm = 74.3593, GNorm = 0.8635, lr_0 = 8.2677e-04
Loss = 5.5835e-01, PNorm = 74.3672, GNorm = 6.8146, lr_0 = 8.2659e-04
Validation auc = 0.868454
Epoch 10
Loss = 4.5351e-01, PNorm = 74.4636, GNorm = 1.0042, lr_0 = 8.2472e-04
Loss = 4.4765e-01, PNorm = 74.5547, GNorm = 2.0468, lr_0 = 8.2286e-04
Loss = 4.0650e-01, PNorm = 74.6379, GNorm = 0.9810, lr_0 = 8.2100e-04
Loss = 4.0615e-01, PNorm = 74.7127, GNorm = 0.9444, lr_0 = 8.1915e-04
Loss = 4.6233e-01, PNorm = 74.7839, GNorm = 0.9191, lr_0 = 8.1730e-04
Loss = 4.1394e-01, PNorm = 74.8508, GNorm = 1.2297, lr_0 = 8.1546e-04
Loss = 4.1375e-01, PNorm = 74.9102, GNorm = 1.0500, lr_0 = 8.1362e-04
Loss = 3.9073e-01, PNorm = 74.9660, GNorm = 0.8892, lr_0 = 8.1178e-04
Loss = 4.4692e-01, PNorm = 75.0279, GNorm = 2.0423, lr_0 = 8.0995e-04
Loss = 4.3984e-01, PNorm = 75.0867, GNorm = 1.0105, lr_0 = 8.0812e-04
Validation auc = 0.881708
Epoch 11
Loss = 3.9091e-01, PNorm = 75.1511, GNorm = 1.2908, lr_0 = 8.0612e-04
Loss = 4.1754e-01, PNorm = 75.2128, GNorm = 1.2769, lr_0 = 8.0430e-04
Loss = 4.0830e-01, PNorm = 75.2796, GNorm = 1.1326, lr_0 = 8.0248e-04
Loss = 3.8923e-01, PNorm = 75.3537, GNorm = 1.4110, lr_0 = 8.0067e-04
Loss = 3.8651e-01, PNorm = 75.4236, GNorm = 1.4310, lr_0 = 7.9886e-04
Loss = 3.8891e-01, PNorm = 75.4822, GNorm = 1.2961, lr_0 = 7.9706e-04
Loss = 4.2417e-01, PNorm = 75.5492, GNorm = 1.1997, lr_0 = 7.9526e-04
Loss = 4.4644e-01, PNorm = 75.6185, GNorm = 1.6445, lr_0 = 7.9347e-04
Loss = 4.0077e-01, PNorm = 75.6868, GNorm = 1.1938, lr_0 = 7.9168e-04
Loss = 4.4374e-01, PNorm = 75.7439, GNorm = 1.1817, lr_0 = 7.8989e-04
Validation auc = 0.879756
Epoch 12
Loss = 4.0153e-01, PNorm = 75.8128, GNorm = 1.1351, lr_0 = 7.8793e-04
Loss = 4.7859e-01, PNorm = 75.9016, GNorm = 1.3194, lr_0 = 7.8615e-04
Loss = 4.2687e-01, PNorm = 75.9889, GNorm = 0.9861, lr_0 = 7.8438e-04
Loss = 4.1019e-01, PNorm = 76.0708, GNorm = 1.5930, lr_0 = 7.8261e-04
Loss = 4.1609e-01, PNorm = 76.1417, GNorm = 1.7173, lr_0 = 7.8084e-04
Loss = 4.0016e-01, PNorm = 76.2105, GNorm = 1.1503, lr_0 = 7.7908e-04
Loss = 3.7502e-01, PNorm = 76.2805, GNorm = 0.9121, lr_0 = 7.7732e-04
Loss = 3.7881e-01, PNorm = 76.3442, GNorm = 1.2206, lr_0 = 7.7557e-04
Loss = 4.0053e-01, PNorm = 76.4037, GNorm = 0.7871, lr_0 = 7.7382e-04
Loss = 3.9463e-01, PNorm = 76.4642, GNorm = 1.1847, lr_0 = 7.7207e-04
Loss = 4.3661e-01, PNorm = 76.5301, GNorm = 1.2667, lr_0 = 7.7033e-04
Validation auc = 0.887659
Epoch 13
Loss = 4.4295e-01, PNorm = 76.6419, GNorm = 1.0530, lr_0 = 7.6859e-04
Loss = 4.5019e-01, PNorm = 76.7733, GNorm = 0.8453, lr_0 = 7.6686e-04
Loss = 4.0460e-01, PNorm = 76.8824, GNorm = 1.2326, lr_0 = 7.6512e-04
Loss = 4.0450e-01, PNorm = 76.9667, GNorm = 1.0564, lr_0 = 7.6340e-04
Loss = 3.9657e-01, PNorm = 77.0325, GNorm = 1.1282, lr_0 = 7.6168e-04
Loss = 4.0777e-01, PNorm = 77.0987, GNorm = 1.5445, lr_0 = 7.5996e-04
Loss = 4.1150e-01, PNorm = 77.1621, GNorm = 1.0576, lr_0 = 7.5824e-04
Loss = 4.0338e-01, PNorm = 77.2406, GNorm = 1.4145, lr_0 = 7.5653e-04
Loss = 4.3901e-01, PNorm = 77.3144, GNorm = 0.8559, lr_0 = 7.5482e-04
Loss = 3.9669e-01, PNorm = 77.3798, GNorm = 1.1898, lr_0 = 7.5312e-04
Validation auc = 0.878385
Epoch 14
Loss = 4.6548e-01, PNorm = 77.4529, GNorm = 1.8703, lr_0 = 7.5125e-04
Loss = 4.2386e-01, PNorm = 77.5423, GNorm = 1.1981, lr_0 = 7.4956e-04
Loss = 4.0605e-01, PNorm = 77.6172, GNorm = 1.1303, lr_0 = 7.4786e-04
Loss = 3.7965e-01, PNorm = 77.6917, GNorm = 0.7323, lr_0 = 7.4618e-04
Loss = 4.1292e-01, PNorm = 77.7603, GNorm = 1.5842, lr_0 = 7.4449e-04
Loss = 4.0720e-01, PNorm = 77.8276, GNorm = 0.9218, lr_0 = 7.4281e-04
Loss = 3.1814e-01, PNorm = 77.9070, GNorm = 0.7359, lr_0 = 7.4114e-04
Loss = 4.0114e-01, PNorm = 77.9701, GNorm = 1.3382, lr_0 = 7.3946e-04
Loss = 4.1016e-01, PNorm = 78.0237, GNorm = 1.1969, lr_0 = 7.3779e-04
Loss = 4.1214e-01, PNorm = 78.0713, GNorm = 1.2113, lr_0 = 7.3613e-04
Loss = 3.6507e-01, PNorm = 78.1273, GNorm = 0.9534, lr_0 = 7.3447e-04
Validation auc = 0.888888
Epoch 15
Loss = 4.3654e-01, PNorm = 78.1924, GNorm = 1.0830, lr_0 = 7.3265e-04
Loss = 3.5442e-01, PNorm = 78.2590, GNorm = 1.3251, lr_0 = 7.3099e-04
Loss = 4.0933e-01, PNorm = 78.3257, GNorm = 2.3139, lr_0 = 7.2934e-04
Loss = 3.5724e-01, PNorm = 78.3996, GNorm = 1.2049, lr_0 = 7.2770e-04
Loss = 4.1534e-01, PNorm = 78.4774, GNorm = 1.6024, lr_0 = 7.2605e-04
Loss = 3.5603e-01, PNorm = 78.5456, GNorm = 0.8867, lr_0 = 7.2442e-04
Loss = 3.8304e-01, PNorm = 78.6056, GNorm = 0.9123, lr_0 = 7.2278e-04
Loss = 3.5267e-01, PNorm = 78.6648, GNorm = 1.0428, lr_0 = 7.2115e-04
Loss = 3.7495e-01, PNorm = 78.7221, GNorm = 2.1718, lr_0 = 7.1952e-04
Loss = 3.6338e-01, PNorm = 78.7848, GNorm = 0.8995, lr_0 = 7.1790e-04
Validation auc = 0.893316
Epoch 16
Loss = 3.3486e-01, PNorm = 78.8569, GNorm = 1.3008, lr_0 = 7.1612e-04
Loss = 3.5143e-01, PNorm = 78.9265, GNorm = 1.1573, lr_0 = 7.1450e-04
Loss = 3.5643e-01, PNorm = 78.9848, GNorm = 1.1104, lr_0 = 7.1289e-04
Loss = 3.7619e-01, PNorm = 79.0456, GNorm = 1.0230, lr_0 = 7.1128e-04
Loss = 3.4401e-01, PNorm = 79.1068, GNorm = 1.1624, lr_0 = 7.0968e-04
Loss = 3.5834e-01, PNorm = 79.1644, GNorm = 0.8736, lr_0 = 7.0807e-04
Loss = 3.7664e-01, PNorm = 79.2273, GNorm = 1.1921, lr_0 = 7.0648e-04
Loss = 3.9670e-01, PNorm = 79.2941, GNorm = 1.3590, lr_0 = 7.0488e-04
Loss = 3.5063e-01, PNorm = 79.3603, GNorm = 1.0743, lr_0 = 7.0329e-04
Loss = 4.1258e-01, PNorm = 79.4292, GNorm = 1.6133, lr_0 = 7.0170e-04
Validation auc = 0.893344
Epoch 17
Loss = 3.5467e-01, PNorm = 79.5026, GNorm = 0.9129, lr_0 = 6.9996e-04
Loss = 3.4861e-01, PNorm = 79.5766, GNorm = 0.7310, lr_0 = 6.9838e-04
Loss = 3.3164e-01, PNorm = 79.6562, GNorm = 0.9980, lr_0 = 6.9681e-04
Loss = 3.7094e-01, PNorm = 79.7313, GNorm = 1.0109, lr_0 = 6.9523e-04
Loss = 3.7924e-01, PNorm = 79.8099, GNorm = 1.2233, lr_0 = 6.9367e-04
Loss = 3.6533e-01, PNorm = 79.8859, GNorm = 1.1133, lr_0 = 6.9210e-04
Loss = 3.7843e-01, PNorm = 79.9606, GNorm = 1.3375, lr_0 = 6.9054e-04
Loss = 3.2710e-01, PNorm = 80.0285, GNorm = 1.0818, lr_0 = 6.8898e-04
Loss = 3.7979e-01, PNorm = 80.0942, GNorm = 0.9956, lr_0 = 6.8742e-04
Loss = 3.3095e-01, PNorm = 80.1635, GNorm = 1.0779, lr_0 = 6.8587e-04
Loss = 3.6460e-01, PNorm = 80.2303, GNorm = 0.8937, lr_0 = 6.8433e-04
Validation auc = 0.886517
Epoch 18
Loss = 3.1022e-01, PNorm = 80.3101, GNorm = 1.4606, lr_0 = 6.8263e-04
Loss = 3.2190e-01, PNorm = 80.3862, GNorm = 1.2422, lr_0 = 6.8109e-04
Loss = 3.8614e-01, PNorm = 80.4670, GNorm = 1.0859, lr_0 = 6.7955e-04
Loss = 3.7533e-01, PNorm = 80.5476, GNorm = 1.5382, lr_0 = 6.7802e-04
Loss = 3.3116e-01, PNorm = 80.6224, GNorm = 1.1118, lr_0 = 6.7649e-04
Loss = 3.0917e-01, PNorm = 80.6918, GNorm = 0.9819, lr_0 = 6.7496e-04
Loss = 3.7384e-01, PNorm = 80.7509, GNorm = 1.2300, lr_0 = 6.7344e-04
Loss = 4.0624e-01, PNorm = 80.8120, GNorm = 1.0387, lr_0 = 6.7192e-04
Loss = 3.2347e-01, PNorm = 80.8790, GNorm = 1.2261, lr_0 = 6.7040e-04
Loss = 4.1551e-01, PNorm = 80.9356, GNorm = 1.2783, lr_0 = 6.6889e-04
Validation auc = 0.897115
Epoch 19
Loss = 3.4958e-01, PNorm = 81.0086, GNorm = 1.2622, lr_0 = 6.6723e-04
Loss = 3.4658e-01, PNorm = 81.0801, GNorm = 0.9407, lr_0 = 6.6572e-04
Loss = 3.3509e-01, PNorm = 81.1470, GNorm = 1.3217, lr_0 = 6.6422e-04
Loss = 3.4168e-01, PNorm = 81.2040, GNorm = 0.7757, lr_0 = 6.6272e-04
Loss = 3.4334e-01, PNorm = 81.2657, GNorm = 1.3067, lr_0 = 6.6123e-04
Loss = 3.1878e-01, PNorm = 81.3348, GNorm = 0.7538, lr_0 = 6.5973e-04
Loss = 3.7150e-01, PNorm = 81.4023, GNorm = 1.4709, lr_0 = 6.5824e-04
Loss = 3.5178e-01, PNorm = 81.4667, GNorm = 1.2675, lr_0 = 6.5676e-04
Loss = 3.6951e-01, PNorm = 81.5337, GNorm = 1.2563, lr_0 = 6.5528e-04
Loss = 3.4358e-01, PNorm = 81.6041, GNorm = 1.0110, lr_0 = 6.5380e-04
Loss = 3.2779e-01, PNorm = 81.6858, GNorm = 1.3504, lr_0 = 6.5232e-04
Validation auc = 0.892544
Epoch 20
Loss = 3.5008e-01, PNorm = 81.7853, GNorm = 1.0855, lr_0 = 6.5070e-04
Loss = 3.1034e-01, PNorm = 81.8705, GNorm = 0.9395, lr_0 = 6.4923e-04
Loss = 3.5320e-01, PNorm = 81.9413, GNorm = 1.1762, lr_0 = 6.4777e-04
Loss = 3.4913e-01, PNorm = 82.0074, GNorm = 1.0678, lr_0 = 6.4631e-04
Loss = 3.4707e-01, PNorm = 82.0718, GNorm = 1.3229, lr_0 = 6.4485e-04
Loss = 3.2960e-01, PNorm = 82.1353, GNorm = 1.0888, lr_0 = 6.4339e-04
Loss = 3.7390e-01, PNorm = 82.1916, GNorm = 1.1327, lr_0 = 6.4194e-04
Loss = 3.7272e-01, PNorm = 82.2521, GNorm = 0.8702, lr_0 = 6.4049e-04
Loss = 3.3795e-01, PNorm = 82.3180, GNorm = 0.9135, lr_0 = 6.3905e-04
Loss = 3.0480e-01, PNorm = 82.3779, GNorm = 1.2490, lr_0 = 6.3761e-04
Validation auc = 0.889716
Epoch 21
Loss = 3.1223e-01, PNorm = 82.4520, GNorm = 1.0838, lr_0 = 6.3602e-04
Loss = 3.4427e-01, PNorm = 82.5174, GNorm = 1.4836, lr_0 = 6.3459e-04
Loss = 3.6270e-01, PNorm = 82.5832, GNorm = 1.0927, lr_0 = 6.3316e-04
Loss = 3.4782e-01, PNorm = 82.6466, GNorm = 1.6061, lr_0 = 6.3173e-04
Loss = 3.0395e-01, PNorm = 82.7094, GNorm = 0.7883, lr_0 = 6.3030e-04
Loss = 2.8495e-01, PNorm = 82.7682, GNorm = 0.9597, lr_0 = 6.2888e-04
Loss = 3.8003e-01, PNorm = 82.8305, GNorm = 1.1146, lr_0 = 6.2746e-04
Loss = 3.3058e-01, PNorm = 82.8953, GNorm = 1.4238, lr_0 = 6.2604e-04
Loss = 3.1777e-01, PNorm = 82.9533, GNorm = 1.2566, lr_0 = 6.2463e-04
Loss = 2.8452e-01, PNorm = 83.0115, GNorm = 0.9388, lr_0 = 6.2322e-04
Validation auc = 0.890507
Epoch 22
Loss = 3.5696e-01, PNorm = 83.0709, GNorm = 0.9981, lr_0 = 6.2168e-04
Loss = 2.9207e-01, PNorm = 83.1308, GNorm = 1.5616, lr_0 = 6.2027e-04
Loss = 3.2450e-01, PNorm = 83.1937, GNorm = 1.3200, lr_0 = 6.1887e-04
Loss = 3.1730e-01, PNorm = 83.2529, GNorm = 1.1771, lr_0 = 6.1748e-04
Loss = 2.8564e-01, PNorm = 83.3220, GNorm = 0.9175, lr_0 = 6.1608e-04
Loss = 3.1230e-01, PNorm = 83.3938, GNorm = 1.2285, lr_0 = 6.1469e-04
Loss = 3.1240e-01, PNorm = 83.4635, GNorm = 1.5221, lr_0 = 6.1331e-04
Loss = 3.2315e-01, PNorm = 83.5281, GNorm = 1.2372, lr_0 = 6.1192e-04
Loss = 3.1218e-01, PNorm = 83.5938, GNorm = 2.0289, lr_0 = 6.1054e-04
Loss = 3.2490e-01, PNorm = 83.6567, GNorm = 0.9878, lr_0 = 6.0916e-04
Loss = 3.3362e-01, PNorm = 83.7202, GNorm = 1.1592, lr_0 = 6.0779e-04
Validation auc = 0.895925
Epoch 23
Loss = 2.9383e-01, PNorm = 83.7940, GNorm = 1.2379, lr_0 = 6.0628e-04
Loss = 2.9460e-01, PNorm = 83.8650, GNorm = 1.1130, lr_0 = 6.0491e-04
Loss = 2.9229e-01, PNorm = 83.9357, GNorm = 1.5418, lr_0 = 6.0355e-04
Loss = 2.9765e-01, PNorm = 84.0042, GNorm = 1.3521, lr_0 = 6.0218e-04
Loss = 3.2052e-01, PNorm = 84.0745, GNorm = 0.9438, lr_0 = 6.0083e-04
Loss = 3.2162e-01, PNorm = 84.1399, GNorm = 0.9947, lr_0 = 5.9947e-04
Loss = 2.9892e-01, PNorm = 84.2022, GNorm = 1.1661, lr_0 = 5.9812e-04
Loss = 3.2542e-01, PNorm = 84.2607, GNorm = 1.1963, lr_0 = 5.9677e-04
Loss = 3.0718e-01, PNorm = 84.3211, GNorm = 1.1985, lr_0 = 5.9542e-04
Loss = 3.3055e-01, PNorm = 84.3778, GNorm = 1.4478, lr_0 = 5.9408e-04
Validation auc = 0.893030
Epoch 24
Loss = 2.3163e-01, PNorm = 84.4499, GNorm = 1.2790, lr_0 = 5.9260e-04
Loss = 2.6140e-01, PNorm = 84.5224, GNorm = 0.8838, lr_0 = 5.9126e-04
Loss = 2.9290e-01, PNorm = 84.5909, GNorm = 1.3804, lr_0 = 5.8993e-04
Loss = 2.9172e-01, PNorm = 84.6594, GNorm = 1.1986, lr_0 = 5.8860e-04
Loss = 2.9897e-01, PNorm = 84.7241, GNorm = 1.4472, lr_0 = 5.8727e-04
Loss = 3.3901e-01, PNorm = 84.7972, GNorm = 1.6353, lr_0 = 5.8595e-04
Loss = 3.4524e-01, PNorm = 84.8721, GNorm = 0.7632, lr_0 = 5.8462e-04
Loss = 3.5065e-01, PNorm = 84.9439, GNorm = 1.3309, lr_0 = 5.8330e-04
Loss = 3.6672e-01, PNorm = 85.0236, GNorm = 1.8666, lr_0 = 5.8199e-04
Loss = 3.0093e-01, PNorm = 85.1045, GNorm = 0.9430, lr_0 = 5.8067e-04
Loss = 3.0498e-01, PNorm = 85.1682, GNorm = 1.6021, lr_0 = 5.7936e-04
Validation auc = 0.888783
Epoch 25
Loss = 3.3482e-01, PNorm = 85.2498, GNorm = 0.8806, lr_0 = 5.7806e-04
Loss = 3.4139e-01, PNorm = 85.3344, GNorm = 1.1480, lr_0 = 5.7675e-04
Loss = 2.8266e-01, PNorm = 85.4011, GNorm = 1.4669, lr_0 = 5.7545e-04
Loss = 3.0337e-01, PNorm = 85.4614, GNorm = 1.8409, lr_0 = 5.7415e-04
Loss = 3.0546e-01, PNorm = 85.5222, GNorm = 2.0715, lr_0 = 5.7286e-04
Loss = 3.2295e-01, PNorm = 85.5857, GNorm = 2.1601, lr_0 = 5.7156e-04
Loss = 3.2759e-01, PNorm = 85.6545, GNorm = 0.9225, lr_0 = 5.7027e-04
Loss = 3.0368e-01, PNorm = 85.7282, GNorm = 1.0066, lr_0 = 5.6899e-04
Loss = 3.0203e-01, PNorm = 85.7922, GNorm = 0.9190, lr_0 = 5.6770e-04
Loss = 2.8678e-01, PNorm = 85.8519, GNorm = 1.3041, lr_0 = 5.6642e-04
Validation auc = 0.891106
Epoch 26
Loss = 2.8889e-01, PNorm = 85.9132, GNorm = 1.1249, lr_0 = 5.6502e-04
Loss = 2.6854e-01, PNorm = 85.9727, GNorm = 0.9408, lr_0 = 5.6374e-04
Loss = 2.7571e-01, PNorm = 86.0284, GNorm = 1.3172, lr_0 = 5.6247e-04
Loss = 2.7241e-01, PNorm = 86.0918, GNorm = 0.9227, lr_0 = 5.6120e-04
Loss = 2.9659e-01, PNorm = 86.1525, GNorm = 0.7718, lr_0 = 5.5993e-04
Loss = 3.0309e-01, PNorm = 86.2137, GNorm = 0.8700, lr_0 = 5.5867e-04
Loss = 3.2148e-01, PNorm = 86.2710, GNorm = 0.8665, lr_0 = 5.5741e-04
Loss = 2.9317e-01, PNorm = 86.3250, GNorm = 1.4008, lr_0 = 5.5615e-04
Loss = 2.8371e-01, PNorm = 86.3852, GNorm = 1.5867, lr_0 = 5.5490e-04
Loss = 2.5999e-01, PNorm = 86.4448, GNorm = 0.9731, lr_0 = 5.5364e-04
Loss = 2.6602e-01, PNorm = 86.5097, GNorm = 0.8978, lr_0 = 5.5239e-04
Loss = 1.0304e-01, PNorm = 86.5160, GNorm = 1.5282, lr_0 = 5.5227e-04
Validation auc = 0.885746
Epoch 27
Loss = 2.4915e-01, PNorm = 86.5788, GNorm = 1.6720, lr_0 = 5.5102e-04
Loss = 2.9013e-01, PNorm = 86.6321, GNorm = 2.0009, lr_0 = 5.4978e-04
Loss = 2.9087e-01, PNorm = 86.6888, GNorm = 1.1270, lr_0 = 5.4854e-04
Loss = 2.7903e-01, PNorm = 86.7409, GNorm = 1.5046, lr_0 = 5.4730e-04
Loss = 2.6805e-01, PNorm = 86.7905, GNorm = 0.7938, lr_0 = 5.4607e-04
Loss = 2.6141e-01, PNorm = 86.8568, GNorm = 1.2736, lr_0 = 5.4483e-04
Loss = 2.6115e-01, PNorm = 86.9237, GNorm = 1.5513, lr_0 = 5.4360e-04
Loss = 2.5167e-01, PNorm = 86.9894, GNorm = 1.3266, lr_0 = 5.4238e-04
Loss = 3.2340e-01, PNorm = 87.0543, GNorm = 2.3600, lr_0 = 5.4115e-04
Loss = 3.0093e-01, PNorm = 87.1227, GNorm = 1.1878, lr_0 = 5.3993e-04
Validation auc = 0.902799
Epoch 28
Loss = 2.8143e-01, PNorm = 87.1919, GNorm = 1.1189, lr_0 = 5.3859e-04
Loss = 2.7194e-01, PNorm = 87.2566, GNorm = 1.8451, lr_0 = 5.3738e-04
Loss = 2.3840e-01, PNorm = 87.3164, GNorm = 0.8972, lr_0 = 5.3616e-04
Loss = 2.4227e-01, PNorm = 87.3770, GNorm = 1.1906, lr_0 = 5.3495e-04
Loss = 2.1342e-01, PNorm = 87.4312, GNorm = 1.0151, lr_0 = 5.3375e-04
Loss = 2.0893e-01, PNorm = 87.4864, GNorm = 1.3703, lr_0 = 5.3254e-04
Loss = 2.5322e-01, PNorm = 87.5484, GNorm = 1.2367, lr_0 = 5.3134e-04
Loss = 3.4018e-01, PNorm = 87.6115, GNorm = 2.0037, lr_0 = 5.3014e-04
Loss = 2.9108e-01, PNorm = 87.6743, GNorm = 1.6818, lr_0 = 5.2895e-04
Loss = 3.2460e-01, PNorm = 87.7441, GNorm = 1.1356, lr_0 = 5.2775e-04
Validation auc = 0.896486
Epoch 29
Loss = 2.3419e-01, PNorm = 87.8108, GNorm = 1.3186, lr_0 = 5.2644e-04
Loss = 2.3904e-01, PNorm = 87.8655, GNorm = 0.9235, lr_0 = 5.2525e-04
Loss = 2.6451e-01, PNorm = 87.9101, GNorm = 0.9018, lr_0 = 5.2407e-04
Loss = 2.7248e-01, PNorm = 87.9589, GNorm = 1.8978, lr_0 = 5.2289e-04
Loss = 2.6371e-01, PNorm = 88.0188, GNorm = 1.0001, lr_0 = 5.2171e-04
Loss = 2.4896e-01, PNorm = 88.0762, GNorm = 1.2139, lr_0 = 5.2053e-04
Loss = 2.9550e-01, PNorm = 88.1345, GNorm = 1.3554, lr_0 = 5.1935e-04
Loss = 2.2626e-01, PNorm = 88.1871, GNorm = 1.1962, lr_0 = 5.1818e-04
Loss = 2.6822e-01, PNorm = 88.2471, GNorm = 1.4339, lr_0 = 5.1701e-04
Loss = 3.1612e-01, PNorm = 88.3066, GNorm = 1.2026, lr_0 = 5.1585e-04
Loss = 2.3764e-01, PNorm = 88.3648, GNorm = 1.1001, lr_0 = 5.1468e-04
Validation auc = 0.890145
Epoch 30
Loss = 2.1682e-01, PNorm = 88.4289, GNorm = 0.9941, lr_0 = 5.1340e-04
Loss = 2.5384e-01, PNorm = 88.4890, GNorm = 1.1809, lr_0 = 5.1225e-04
Loss = 2.5745e-01, PNorm = 88.5446, GNorm = 1.0137, lr_0 = 5.1109e-04
Loss = 2.0853e-01, PNorm = 88.5966, GNorm = 1.4641, lr_0 = 5.0994e-04
Loss = 3.1383e-01, PNorm = 88.6509, GNorm = 1.1665, lr_0 = 5.0879e-04
Loss = 2.6491e-01, PNorm = 88.7043, GNorm = 1.4281, lr_0 = 5.0764e-04
Loss = 2.6499e-01, PNorm = 88.7641, GNorm = 1.4254, lr_0 = 5.0649e-04
Loss = 2.1372e-01, PNorm = 88.8294, GNorm = 1.3908, lr_0 = 5.0535e-04
Loss = 2.5208e-01, PNorm = 88.8795, GNorm = 1.1730, lr_0 = 5.0421e-04
Loss = 2.4805e-01, PNorm = 88.9289, GNorm = 1.3155, lr_0 = 5.0307e-04
Validation auc = 0.895744
Epoch 31
Loss = 2.6638e-01, PNorm = 89.0054, GNorm = 1.0850, lr_0 = 5.0182e-04
Loss = 2.6966e-01, PNorm = 89.1079, GNorm = 2.0779, lr_0 = 5.0069e-04
Loss = 2.6642e-01, PNorm = 89.1937, GNorm = 1.4445, lr_0 = 4.9956e-04
Loss = 2.2643e-01, PNorm = 89.2583, GNorm = 1.2088, lr_0 = 4.9843e-04
Loss = 2.8730e-01, PNorm = 89.3182, GNorm = 1.7956, lr_0 = 4.9731e-04
Loss = 2.5172e-01, PNorm = 89.3790, GNorm = 1.4727, lr_0 = 4.9619e-04
Loss = 2.4253e-01, PNorm = 89.4377, GNorm = 0.7627, lr_0 = 4.9507e-04
Loss = 2.9543e-01, PNorm = 89.4989, GNorm = 1.1896, lr_0 = 4.9395e-04
Loss = 2.5862e-01, PNorm = 89.5571, GNorm = 1.4254, lr_0 = 4.9283e-04
Loss = 2.5129e-01, PNorm = 89.6086, GNorm = 1.3454, lr_0 = 4.9172e-04
Loss = 2.3821e-01, PNorm = 89.6643, GNorm = 0.7654, lr_0 = 4.9061e-04
Loss = 1.0875e-01, PNorm = 89.6694, GNorm = 2.7093, lr_0 = 4.9050e-04
Validation auc = 0.900190
Epoch 32
Loss = 2.5305e-01, PNorm = 89.7223, GNorm = 0.8736, lr_0 = 4.8939e-04
Loss = 2.2336e-01, PNorm = 89.7790, GNorm = 0.8576, lr_0 = 4.8829e-04
Loss = 2.4452e-01, PNorm = 89.8338, GNorm = 2.2258, lr_0 = 4.8719e-04
Loss = 2.7190e-01, PNorm = 89.8916, GNorm = 2.5808, lr_0 = 4.8609e-04
Loss = 2.9197e-01, PNorm = 89.9444, GNorm = 0.9682, lr_0 = 4.8499e-04
Loss = 2.2088e-01, PNorm = 89.9950, GNorm = 0.7586, lr_0 = 4.8390e-04
Loss = 2.5243e-01, PNorm = 90.0365, GNorm = 1.2600, lr_0 = 4.8280e-04
Loss = 2.0592e-01, PNorm = 90.0836, GNorm = 0.4763, lr_0 = 4.8172e-04
Loss = 2.3127e-01, PNorm = 90.1285, GNorm = 1.9767, lr_0 = 4.8063e-04
Loss = 2.4298e-01, PNorm = 90.1802, GNorm = 2.5382, lr_0 = 4.7954e-04
Validation auc = 0.894144
Epoch 33
Loss = 1.9375e-01, PNorm = 90.2430, GNorm = 1.2229, lr_0 = 4.7835e-04
Loss = 2.2652e-01, PNorm = 90.2969, GNorm = 1.4343, lr_0 = 4.7727e-04
Loss = 2.5541e-01, PNorm = 90.3422, GNorm = 1.1503, lr_0 = 4.7620e-04
Loss = 1.9735e-01, PNorm = 90.3869, GNorm = 1.3356, lr_0 = 4.7512e-04
Loss = 2.2127e-01, PNorm = 90.4305, GNorm = 1.2785, lr_0 = 4.7405e-04
Loss = 2.7366e-01, PNorm = 90.4846, GNorm = 1.0096, lr_0 = 4.7298e-04
Loss = 1.9153e-01, PNorm = 90.5440, GNorm = 1.9494, lr_0 = 4.7191e-04
Loss = 2.5582e-01, PNorm = 90.6014, GNorm = 1.7258, lr_0 = 4.7085e-04
Loss = 2.1487e-01, PNorm = 90.6550, GNorm = 1.2842, lr_0 = 4.6979e-04
Loss = 2.6258e-01, PNorm = 90.7007, GNorm = 1.1608, lr_0 = 4.6873e-04
Validation auc = 0.898448
Epoch 34
Loss = 2.5457e-01, PNorm = 90.7512, GNorm = 1.5791, lr_0 = 4.6756e-04
Loss = 2.1619e-01, PNorm = 90.8017, GNorm = 1.7780, lr_0 = 4.6651e-04
Loss = 2.0504e-01, PNorm = 90.8537, GNorm = 0.9041, lr_0 = 4.6545e-04
Loss = 1.8687e-01, PNorm = 90.9064, GNorm = 0.5675, lr_0 = 4.6440e-04
Loss = 2.4214e-01, PNorm = 90.9608, GNorm = 1.1357, lr_0 = 4.6336e-04
Loss = 2.3355e-01, PNorm = 91.0126, GNorm = 1.5454, lr_0 = 4.6231e-04
Loss = 2.5621e-01, PNorm = 91.0674, GNorm = 1.1717, lr_0 = 4.6127e-04
Loss = 2.2258e-01, PNorm = 91.1197, GNorm = 0.7353, lr_0 = 4.6023e-04
Loss = 2.9107e-01, PNorm = 91.1659, GNorm = 1.4339, lr_0 = 4.5919e-04
Loss = 2.0997e-01, PNorm = 91.2125, GNorm = 0.7841, lr_0 = 4.5815e-04
Loss = 2.3408e-01, PNorm = 91.2577, GNorm = 1.0209, lr_0 = 4.5712e-04
Validation auc = 0.896420
Epoch 35
Loss = 1.8673e-01, PNorm = 91.3084, GNorm = 1.3330, lr_0 = 4.5598e-04
Loss = 2.0978e-01, PNorm = 91.3580, GNorm = 0.8879, lr_0 = 4.5495e-04
Loss = 2.3769e-01, PNorm = 91.4024, GNorm = 1.3355, lr_0 = 4.5393e-04
Loss = 2.0639e-01, PNorm = 91.4471, GNorm = 0.7165, lr_0 = 4.5290e-04
Loss = 1.8907e-01, PNorm = 91.4899, GNorm = 1.0679, lr_0 = 4.5188e-04
Loss = 2.2931e-01, PNorm = 91.5300, GNorm = 1.3604, lr_0 = 4.5086e-04
Loss = 2.0620e-01, PNorm = 91.5740, GNorm = 0.9300, lr_0 = 4.4984e-04
Loss = 2.2826e-01, PNorm = 91.6141, GNorm = 1.0199, lr_0 = 4.4883e-04
Loss = 2.2076e-01, PNorm = 91.6552, GNorm = 1.9603, lr_0 = 4.4782e-04
Loss = 2.2860e-01, PNorm = 91.6955, GNorm = 0.9593, lr_0 = 4.4680e-04
Validation auc = 0.897981
Epoch 36
Loss = 2.5307e-01, PNorm = 91.7465, GNorm = 1.0285, lr_0 = 4.4570e-04
Loss = 2.0445e-01, PNorm = 91.7977, GNorm = 1.4862, lr_0 = 4.4469e-04
Loss = 2.3792e-01, PNorm = 91.8469, GNorm = 1.8715, lr_0 = 4.4369e-04
Loss = 2.2700e-01, PNorm = 91.8952, GNorm = 1.5066, lr_0 = 4.4269e-04
Loss = 2.1411e-01, PNorm = 91.9452, GNorm = 1.1574, lr_0 = 4.4169e-04
Loss = 2.2026e-01, PNorm = 91.9902, GNorm = 1.4432, lr_0 = 4.4069e-04
Loss = 1.9903e-01, PNorm = 92.0331, GNorm = 1.0093, lr_0 = 4.3969e-04
Loss = 1.6504e-01, PNorm = 92.0716, GNorm = 1.0189, lr_0 = 4.3870e-04
Loss = 2.5289e-01, PNorm = 92.1107, GNorm = 1.2958, lr_0 = 4.3771e-04
Loss = 2.4186e-01, PNorm = 92.1525, GNorm = 1.5642, lr_0 = 4.3672e-04
Loss = 2.2242e-01, PNorm = 92.1912, GNorm = 1.3297, lr_0 = 4.3574e-04
Loss = 4.9871e-02, PNorm = 92.1953, GNorm = 0.9439, lr_0 = 4.3564e-04
Validation auc = 0.887669
Epoch 37
Loss = 2.1041e-01, PNorm = 92.2355, GNorm = 0.7068, lr_0 = 4.3466e-04
Loss = 1.9874e-01, PNorm = 92.2739, GNorm = 1.8289, lr_0 = 4.3368e-04
Loss = 2.1009e-01, PNorm = 92.3157, GNorm = 0.9948, lr_0 = 4.3270e-04
Loss = 1.9512e-01, PNorm = 92.3623, GNorm = 1.0537, lr_0 = 4.3172e-04
Loss = 1.9034e-01, PNorm = 92.4069, GNorm = 0.9308, lr_0 = 4.3075e-04
Loss = 2.0473e-01, PNorm = 92.4502, GNorm = 1.0850, lr_0 = 4.2978e-04
Loss = 2.2438e-01, PNorm = 92.4941, GNorm = 1.3419, lr_0 = 4.2881e-04
Loss = 2.2174e-01, PNorm = 92.5411, GNorm = 1.3134, lr_0 = 4.2784e-04
Loss = 2.1719e-01, PNorm = 92.5881, GNorm = 1.2995, lr_0 = 4.2687e-04
Loss = 1.8318e-01, PNorm = 92.6323, GNorm = 0.7923, lr_0 = 4.2591e-04
Validation auc = 0.900828
Epoch 38
Loss = 1.7276e-01, PNorm = 92.6718, GNorm = 1.3258, lr_0 = 4.2495e-04
Loss = 2.0172e-01, PNorm = 92.7091, GNorm = 1.4714, lr_0 = 4.2399e-04
Loss = 2.2764e-01, PNorm = 92.7501, GNorm = 1.2468, lr_0 = 4.2303e-04
Loss = 2.3146e-01, PNorm = 92.7920, GNorm = 1.0386, lr_0 = 4.2208e-04
Loss = 1.6838e-01, PNorm = 92.8300, GNorm = 1.0883, lr_0 = 4.2113e-04
Loss = 1.6698e-01, PNorm = 92.8682, GNorm = 1.4372, lr_0 = 4.2017e-04
Loss = 1.8716e-01, PNorm = 92.9055, GNorm = 1.0654, lr_0 = 4.1923e-04
Loss = 1.8527e-01, PNorm = 92.9405, GNorm = 1.3152, lr_0 = 4.1828e-04
Loss = 2.3060e-01, PNorm = 92.9772, GNorm = 1.2367, lr_0 = 4.1734e-04
Loss = 1.9192e-01, PNorm = 93.0175, GNorm = 0.9760, lr_0 = 4.1639e-04
Validation auc = 0.888935
Epoch 39
Loss = 2.0639e-01, PNorm = 93.0660, GNorm = 1.5250, lr_0 = 4.1536e-04
Loss = 1.6997e-01, PNorm = 93.1085, GNorm = 0.7644, lr_0 = 4.1442e-04
Loss = 1.7094e-01, PNorm = 93.1474, GNorm = 0.6799, lr_0 = 4.1349e-04
Loss = 1.7252e-01, PNorm = 93.1861, GNorm = 1.2939, lr_0 = 4.1256e-04
Loss = 1.8056e-01, PNorm = 93.2228, GNorm = 1.3662, lr_0 = 4.1162e-04
Loss = 2.0539e-01, PNorm = 93.2616, GNorm = 1.3884, lr_0 = 4.1070e-04
Loss = 2.0678e-01, PNorm = 93.3017, GNorm = 1.4915, lr_0 = 4.0977e-04
Loss = 2.2406e-01, PNorm = 93.3401, GNorm = 1.3430, lr_0 = 4.0884e-04
Loss = 2.0085e-01, PNorm = 93.3823, GNorm = 2.1123, lr_0 = 4.0792e-04
Loss = 2.2777e-01, PNorm = 93.4246, GNorm = 1.6588, lr_0 = 4.0700e-04
Loss = 1.9672e-01, PNorm = 93.4666, GNorm = 0.9845, lr_0 = 4.0608e-04
Validation auc = 0.896896
Epoch 40
Loss = 1.4918e-01, PNorm = 93.5047, GNorm = 1.2100, lr_0 = 4.0507e-04
Loss = 1.7994e-01, PNorm = 93.5428, GNorm = 1.0853, lr_0 = 4.0416e-04
Loss = 1.9857e-01, PNorm = 93.5812, GNorm = 1.1773, lr_0 = 4.0325e-04
Loss = 1.6603e-01, PNorm = 93.6213, GNorm = 1.1004, lr_0 = 4.0234e-04
Loss = 1.7775e-01, PNorm = 93.6603, GNorm = 1.2500, lr_0 = 4.0143e-04
Loss = 1.7921e-01, PNorm = 93.6964, GNorm = 1.1964, lr_0 = 4.0052e-04
Loss = 1.8758e-01, PNorm = 93.7412, GNorm = 1.1766, lr_0 = 3.9962e-04
Loss = 1.9402e-01, PNorm = 93.7778, GNorm = 0.8271, lr_0 = 3.9872e-04
Loss = 1.6058e-01, PNorm = 93.8160, GNorm = 1.4863, lr_0 = 3.9782e-04
Loss = 1.9994e-01, PNorm = 93.8558, GNorm = 1.6611, lr_0 = 3.9692e-04
Validation auc = 0.899695
Epoch 41
Loss = 1.3497e-01, PNorm = 93.8975, GNorm = 0.8059, lr_0 = 3.9594e-04
Loss = 1.9906e-01, PNorm = 93.9334, GNorm = 1.3076, lr_0 = 3.9504e-04
Loss = 1.9486e-01, PNorm = 93.9708, GNorm = 1.8812, lr_0 = 3.9415e-04
Loss = 1.7808e-01, PNorm = 94.0194, GNorm = 1.0195, lr_0 = 3.9326e-04
Loss = 1.6515e-01, PNorm = 94.0639, GNorm = 1.5020, lr_0 = 3.9237e-04
Loss = 1.4808e-01, PNorm = 94.1019, GNorm = 2.2248, lr_0 = 3.9149e-04
Loss = 1.8257e-01, PNorm = 94.1420, GNorm = 1.3218, lr_0 = 3.9061e-04
Loss = 1.9366e-01, PNorm = 94.1912, GNorm = 1.7655, lr_0 = 3.8972e-04
Loss = 1.8919e-01, PNorm = 94.2335, GNorm = 0.6922, lr_0 = 3.8884e-04
Loss = 1.4913e-01, PNorm = 94.2694, GNorm = 0.9528, lr_0 = 3.8797e-04
Loss = 1.9043e-01, PNorm = 94.3031, GNorm = 1.1574, lr_0 = 3.8709e-04
Validation auc = 0.891859
Epoch 42
Loss = 1.8921e-01, PNorm = 94.3446, GNorm = 1.5419, lr_0 = 3.8613e-04
Loss = 1.5402e-01, PNorm = 94.3861, GNorm = 1.5323, lr_0 = 3.8526e-04
Loss = 1.9098e-01, PNorm = 94.4291, GNorm = 0.5976, lr_0 = 3.8439e-04
Loss = 1.4769e-01, PNorm = 94.4665, GNorm = 1.1231, lr_0 = 3.8352e-04
Loss = 1.9520e-01, PNorm = 94.5057, GNorm = 0.7369, lr_0 = 3.8266e-04
Loss = 1.7836e-01, PNorm = 94.5438, GNorm = 1.6252, lr_0 = 3.8179e-04
Loss = 1.8704e-01, PNorm = 94.5858, GNorm = 1.7202, lr_0 = 3.8093e-04
Loss = 1.7628e-01, PNorm = 94.6250, GNorm = 1.0176, lr_0 = 3.8007e-04
Loss = 1.7584e-01, PNorm = 94.6599, GNorm = 1.6503, lr_0 = 3.7921e-04
Loss = 2.0009e-01, PNorm = 94.6985, GNorm = 1.5615, lr_0 = 3.7836e-04
Validation auc = 0.889792
Epoch 43
Loss = 1.9367e-01, PNorm = 94.7479, GNorm = 1.6501, lr_0 = 3.7742e-04
Loss = 1.8373e-01, PNorm = 94.7968, GNorm = 0.9135, lr_0 = 3.7657e-04
Loss = 1.9254e-01, PNorm = 94.8429, GNorm = 1.8805, lr_0 = 3.7572e-04
Loss = 1.9766e-01, PNorm = 94.8818, GNorm = 1.2302, lr_0 = 3.7487e-04
Loss = 1.8403e-01, PNorm = 94.9193, GNorm = 1.2341, lr_0 = 3.7402e-04
Loss = 1.5434e-01, PNorm = 94.9544, GNorm = 0.7654, lr_0 = 3.7318e-04
Loss = 1.5272e-01, PNorm = 94.9872, GNorm = 0.9547, lr_0 = 3.7234e-04
Loss = 2.0762e-01, PNorm = 95.0237, GNorm = 0.9165, lr_0 = 3.7150e-04
Loss = 1.6200e-01, PNorm = 95.0644, GNorm = 1.0394, lr_0 = 3.7066e-04
Loss = 2.0566e-01, PNorm = 95.1014, GNorm = 1.2417, lr_0 = 3.6982e-04
Validation auc = 0.893754
Epoch 44
Loss = 2.9791e-01, PNorm = 95.1423, GNorm = 1.7570, lr_0 = 3.6891e-04
Loss = 1.4342e-01, PNorm = 95.1784, GNorm = 0.9720, lr_0 = 3.6807e-04
Loss = 1.5112e-01, PNorm = 95.2090, GNorm = 0.7035, lr_0 = 3.6724e-04
Loss = 1.8761e-01, PNorm = 95.2395, GNorm = 1.0765, lr_0 = 3.6641e-04
Loss = 1.6339e-01, PNorm = 95.2722, GNorm = 1.0445, lr_0 = 3.6559e-04
Loss = 1.7951e-01, PNorm = 95.3032, GNorm = 1.5521, lr_0 = 3.6476e-04
Loss = 1.4139e-01, PNorm = 95.3343, GNorm = 1.0409, lr_0 = 3.6394e-04
Loss = 1.5959e-01, PNorm = 95.3583, GNorm = 0.6698, lr_0 = 3.6312e-04
Loss = 1.5377e-01, PNorm = 95.3803, GNorm = 1.5603, lr_0 = 3.6230e-04
Loss = 1.6954e-01, PNorm = 95.4124, GNorm = 1.1960, lr_0 = 3.6148e-04
Loss = 1.6127e-01, PNorm = 95.4492, GNorm = 1.2690, lr_0 = 3.6066e-04
Validation auc = 0.893520
Epoch 45
Loss = 1.1188e-01, PNorm = 95.4834, GNorm = 0.8791, lr_0 = 3.5977e-04
Loss = 1.6513e-01, PNorm = 95.5127, GNorm = 1.1910, lr_0 = 3.5896e-04
Loss = 1.5664e-01, PNorm = 95.5433, GNorm = 0.8760, lr_0 = 3.5815e-04
Loss = 1.3479e-01, PNorm = 95.5751, GNorm = 0.9881, lr_0 = 3.5734e-04
Loss = 1.8285e-01, PNorm = 95.6154, GNorm = 1.5356, lr_0 = 3.5653e-04
Loss = 1.9422e-01, PNorm = 95.6551, GNorm = 2.0913, lr_0 = 3.5573e-04
Loss = 1.5559e-01, PNorm = 95.6872, GNorm = 1.3960, lr_0 = 3.5493e-04
Loss = 1.6012e-01, PNorm = 95.7166, GNorm = 1.1456, lr_0 = 3.5412e-04
Loss = 1.4319e-01, PNorm = 95.7460, GNorm = 1.4429, lr_0 = 3.5333e-04
Loss = 1.6566e-01, PNorm = 95.7760, GNorm = 1.4688, lr_0 = 3.5253e-04
Validation auc = 0.889278
Epoch 46
Loss = 1.2679e-01, PNorm = 95.8101, GNorm = 1.7099, lr_0 = 3.5165e-04
Loss = 1.1579e-01, PNorm = 95.8374, GNorm = 1.0408, lr_0 = 3.5086e-04
Loss = 1.4846e-01, PNorm = 95.8632, GNorm = 1.5068, lr_0 = 3.5007e-04
Loss = 1.3868e-01, PNorm = 95.8893, GNorm = 0.5926, lr_0 = 3.4928e-04
Loss = 1.3875e-01, PNorm = 95.9195, GNorm = 0.6470, lr_0 = 3.4849e-04
Loss = 1.4909e-01, PNorm = 95.9475, GNorm = 1.5871, lr_0 = 3.4770e-04
Loss = 1.6264e-01, PNorm = 95.9802, GNorm = 0.8906, lr_0 = 3.4692e-04
Loss = 1.7493e-01, PNorm = 96.0125, GNorm = 1.0875, lr_0 = 3.4614e-04
Loss = 1.9931e-01, PNorm = 96.0489, GNorm = 0.9520, lr_0 = 3.4535e-04
Loss = 1.7081e-01, PNorm = 96.0865, GNorm = 0.8314, lr_0 = 3.4458e-04
Loss = 1.8700e-01, PNorm = 96.1200, GNorm = 1.6954, lr_0 = 3.4380e-04
Validation auc = 0.893701
Epoch 47
Loss = 1.5046e-01, PNorm = 96.1586, GNorm = 0.9010, lr_0 = 3.4294e-04
Loss = 1.4923e-01, PNorm = 96.1905, GNorm = 1.6213, lr_0 = 3.4217e-04
Loss = 1.4158e-01, PNorm = 96.2249, GNorm = 1.8674, lr_0 = 3.4140e-04
Loss = 1.6276e-01, PNorm = 96.2579, GNorm = 1.9185, lr_0 = 3.4063e-04
Loss = 1.4350e-01, PNorm = 96.2902, GNorm = 0.8670, lr_0 = 3.3986e-04
Loss = 1.6217e-01, PNorm = 96.3199, GNorm = 1.0560, lr_0 = 3.3909e-04
Loss = 1.7408e-01, PNorm = 96.3492, GNorm = 1.4613, lr_0 = 3.3833e-04
Loss = 1.4928e-01, PNorm = 96.3798, GNorm = 0.7404, lr_0 = 3.3756e-04
Loss = 1.2926e-01, PNorm = 96.4076, GNorm = 0.7189, lr_0 = 3.3680e-04
Loss = 1.6894e-01, PNorm = 96.4355, GNorm = 1.0064, lr_0 = 3.3604e-04
Validation auc = 0.888131
Epoch 48
Loss = 1.1811e-01, PNorm = 96.4717, GNorm = 0.8294, lr_0 = 3.3521e-04
Loss = 1.3022e-01, PNorm = 96.4982, GNorm = 1.6016, lr_0 = 3.3445e-04
Loss = 1.2791e-01, PNorm = 96.5249, GNorm = 0.8021, lr_0 = 3.3370e-04
Loss = 1.4271e-01, PNorm = 96.5507, GNorm = 1.3323, lr_0 = 3.3294e-04
Loss = 1.0062e-01, PNorm = 96.5799, GNorm = 1.1749, lr_0 = 3.3219e-04
Loss = 1.2989e-01, PNorm = 96.6067, GNorm = 1.1748, lr_0 = 3.3144e-04
Loss = 1.3150e-01, PNorm = 96.6283, GNorm = 1.0971, lr_0 = 3.3069e-04
Loss = 1.6208e-01, PNorm = 96.6532, GNorm = 1.4831, lr_0 = 3.2995e-04
Loss = 1.5739e-01, PNorm = 96.6774, GNorm = 0.9824, lr_0 = 3.2920e-04
Loss = 1.5580e-01, PNorm = 96.7019, GNorm = 0.7774, lr_0 = 3.2846e-04
Validation auc = 0.891435
Epoch 49
Loss = 1.8508e-01, PNorm = 96.7284, GNorm = 0.9227, lr_0 = 3.2765e-04
Loss = 1.5041e-01, PNorm = 96.7642, GNorm = 1.1595, lr_0 = 3.2691e-04
Loss = 1.4139e-01, PNorm = 96.7985, GNorm = 0.9778, lr_0 = 3.2617e-04
Loss = 1.4112e-01, PNorm = 96.8289, GNorm = 1.3980, lr_0 = 3.2543e-04
Loss = 1.4419e-01, PNorm = 96.8578, GNorm = 2.0212, lr_0 = 3.2470e-04
Loss = 1.2952e-01, PNorm = 96.8873, GNorm = 1.3871, lr_0 = 3.2397e-04
Loss = 1.5671e-01, PNorm = 96.9115, GNorm = 1.5791, lr_0 = 3.2323e-04
Loss = 1.5438e-01, PNorm = 96.9397, GNorm = 0.6867, lr_0 = 3.2250e-04
Loss = 1.5856e-01, PNorm = 96.9699, GNorm = 0.9790, lr_0 = 3.2178e-04
Loss = 1.3481e-01, PNorm = 97.0025, GNorm = 1.6868, lr_0 = 3.2105e-04
Loss = 1.4819e-01, PNorm = 97.0295, GNorm = 1.8325, lr_0 = 3.2033e-04
Validation auc = 0.890983
Epoch 50
Loss = 1.0119e-01, PNorm = 97.0587, GNorm = 0.8806, lr_0 = 3.1960e-04
Loss = 1.2979e-01, PNorm = 97.0878, GNorm = 0.9869, lr_0 = 3.1888e-04
Loss = 1.7392e-01, PNorm = 97.1135, GNorm = 1.6486, lr_0 = 3.1816e-04
Loss = 9.8911e-02, PNorm = 97.1371, GNorm = 0.7409, lr_0 = 3.1744e-04
Loss = 1.2018e-01, PNorm = 97.1608, GNorm = 0.8308, lr_0 = 3.1673e-04
Loss = 1.4104e-01, PNorm = 97.1844, GNorm = 0.6597, lr_0 = 3.1601e-04
Loss = 1.3549e-01, PNorm = 97.2102, GNorm = 0.9373, lr_0 = 3.1530e-04
Loss = 1.6236e-01, PNorm = 97.2343, GNorm = 0.9621, lr_0 = 3.1459e-04
Loss = 1.3722e-01, PNorm = 97.2578, GNorm = 0.6514, lr_0 = 3.1388e-04
Loss = 1.2141e-01, PNorm = 97.2804, GNorm = 0.5537, lr_0 = 3.1317e-04
Validation auc = 0.897534
Epoch 51
Loss = 9.9819e-02, PNorm = 97.3012, GNorm = 1.1268, lr_0 = 3.1239e-04
Loss = 8.9684e-02, PNorm = 97.3212, GNorm = 0.9915, lr_0 = 3.1169e-04
Loss = 1.9483e-01, PNorm = 97.3424, GNorm = 1.2046, lr_0 = 3.1098e-04
Loss = 1.4344e-01, PNorm = 97.3676, GNorm = 1.1605, lr_0 = 3.1028e-04
Loss = 1.3678e-01, PNorm = 97.3943, GNorm = 0.9940, lr_0 = 3.0958e-04
Loss = 1.1663e-01, PNorm = 97.4154, GNorm = 0.5972, lr_0 = 3.0888e-04
Loss = 1.2536e-01, PNorm = 97.4346, GNorm = 0.6505, lr_0 = 3.0819e-04
Loss = 1.0363e-01, PNorm = 97.4533, GNorm = 1.2870, lr_0 = 3.0749e-04
Loss = 1.0355e-01, PNorm = 97.4732, GNorm = 2.1360, lr_0 = 3.0680e-04
Loss = 1.5893e-01, PNorm = 97.4970, GNorm = 1.0667, lr_0 = 3.0611e-04
Loss = 1.4105e-01, PNorm = 97.5204, GNorm = 0.9245, lr_0 = 3.0541e-04
Validation auc = 0.892382
Epoch 52
Loss = 1.1545e-01, PNorm = 97.5580, GNorm = 0.9007, lr_0 = 3.0466e-04
Loss = 1.5564e-01, PNorm = 97.5964, GNorm = 1.5668, lr_0 = 3.0397e-04
Loss = 1.4778e-01, PNorm = 97.6415, GNorm = 1.0726, lr_0 = 3.0328e-04
Loss = 1.5024e-01, PNorm = 97.6797, GNorm = 0.6133, lr_0 = 3.0260e-04
Loss = 1.5215e-01, PNorm = 97.7154, GNorm = 0.6508, lr_0 = 3.0192e-04
Loss = 1.3561e-01, PNorm = 97.7475, GNorm = 1.0004, lr_0 = 3.0123e-04
Loss = 1.3419e-01, PNorm = 97.7836, GNorm = 1.3363, lr_0 = 3.0055e-04
Loss = 1.5232e-01, PNorm = 97.8182, GNorm = 1.2542, lr_0 = 2.9988e-04
Loss = 1.4898e-01, PNorm = 97.8530, GNorm = 0.7916, lr_0 = 2.9920e-04
Loss = 1.8972e-01, PNorm = 97.8853, GNorm = 1.1946, lr_0 = 2.9852e-04
Validation auc = 0.889697
Epoch 53
Loss = 1.1742e-01, PNorm = 97.9209, GNorm = 1.1545, lr_0 = 2.9778e-04
Loss = 1.7631e-01, PNorm = 97.9482, GNorm = 1.0956, lr_0 = 2.9711e-04
Loss = 1.3315e-01, PNorm = 97.9726, GNorm = 1.1540, lr_0 = 2.9644e-04
Loss = 1.2119e-01, PNorm = 97.9982, GNorm = 1.1042, lr_0 = 2.9577e-04
Loss = 1.4348e-01, PNorm = 98.0200, GNorm = 1.6389, lr_0 = 2.9510e-04
Loss = 1.3338e-01, PNorm = 98.0407, GNorm = 1.1044, lr_0 = 2.9444e-04
Loss = 1.1879e-01, PNorm = 98.0624, GNorm = 1.0966, lr_0 = 2.9377e-04
Loss = 1.6406e-01, PNorm = 98.0923, GNorm = 1.6227, lr_0 = 2.9311e-04
Loss = 1.4563e-01, PNorm = 98.1208, GNorm = 0.8877, lr_0 = 2.9245e-04
Loss = 1.7118e-01, PNorm = 98.1482, GNorm = 1.9175, lr_0 = 2.9179e-04
Loss = 8.8192e-02, PNorm = 98.1747, GNorm = 0.9611, lr_0 = 2.9113e-04
Loss = 4.8631e-01, PNorm = 98.1775, GNorm = 12.2087, lr_0 = 2.9107e-04
Validation auc = 0.898791
Epoch 54
Loss = 1.2746e-01, PNorm = 98.2171, GNorm = 1.6782, lr_0 = 2.9041e-04
Loss = 1.6702e-01, PNorm = 98.2586, GNorm = 0.7318, lr_0 = 2.8975e-04
Loss = 1.3106e-01, PNorm = 98.2929, GNorm = 0.5491, lr_0 = 2.8910e-04
Loss = 1.4579e-01, PNorm = 98.3274, GNorm = 1.2587, lr_0 = 2.8845e-04
Loss = 1.3980e-01, PNorm = 98.3609, GNorm = 0.6598, lr_0 = 2.8780e-04
Loss = 1.4543e-01, PNorm = 98.3874, GNorm = 1.3709, lr_0 = 2.8715e-04
Loss = 1.0221e-01, PNorm = 98.4112, GNorm = 0.9787, lr_0 = 2.8650e-04
Loss = 1.3994e-01, PNorm = 98.4337, GNorm = 0.9939, lr_0 = 2.8585e-04
Loss = 1.4868e-01, PNorm = 98.4573, GNorm = 1.6791, lr_0 = 2.8521e-04
Loss = 1.4776e-01, PNorm = 98.4808, GNorm = 0.7811, lr_0 = 2.8456e-04
Validation auc = 0.898572
Epoch 55
Loss = 1.3031e-01, PNorm = 98.5086, GNorm = 1.2209, lr_0 = 2.8386e-04
Loss = 1.3077e-01, PNorm = 98.5321, GNorm = 1.2359, lr_0 = 2.8322e-04
Loss = 1.5184e-01, PNorm = 98.5538, GNorm = 0.9112, lr_0 = 2.8258e-04
Loss = 1.3861e-01, PNorm = 98.5731, GNorm = 0.4166, lr_0 = 2.8194e-04
Loss = 9.9287e-02, PNorm = 98.5920, GNorm = 0.7624, lr_0 = 2.8130e-04
Loss = 1.0774e-01, PNorm = 98.6109, GNorm = 1.1151, lr_0 = 2.8067e-04
Loss = 1.2357e-01, PNorm = 98.6306, GNorm = 1.5276, lr_0 = 2.8004e-04
Loss = 1.2579e-01, PNorm = 98.6505, GNorm = 1.0625, lr_0 = 2.7940e-04
Loss = 1.1259e-01, PNorm = 98.6687, GNorm = 0.7424, lr_0 = 2.7877e-04
Loss = 1.3646e-01, PNorm = 98.6863, GNorm = 1.6664, lr_0 = 2.7814e-04
Validation auc = 0.898334
Epoch 56
Loss = 8.5171e-02, PNorm = 98.7084, GNorm = 0.7626, lr_0 = 2.7745e-04
Loss = 1.2039e-01, PNorm = 98.7263, GNorm = 1.5063, lr_0 = 2.7683e-04
Loss = 8.9991e-02, PNorm = 98.7464, GNorm = 0.5781, lr_0 = 2.7620e-04
Loss = 1.1647e-01, PNorm = 98.7643, GNorm = 1.6820, lr_0 = 2.7558e-04
Loss = 1.1567e-01, PNorm = 98.7827, GNorm = 1.2916, lr_0 = 2.7496e-04
Loss = 1.0387e-01, PNorm = 98.7989, GNorm = 0.7671, lr_0 = 2.7434e-04
Loss = 1.1107e-01, PNorm = 98.8158, GNorm = 0.4492, lr_0 = 2.7372e-04
Loss = 1.1590e-01, PNorm = 98.8347, GNorm = 0.7310, lr_0 = 2.7310e-04
Loss = 1.2868e-01, PNorm = 98.8573, GNorm = 1.0126, lr_0 = 2.7248e-04
Loss = 1.5467e-01, PNorm = 98.8797, GNorm = 0.9596, lr_0 = 2.7187e-04
Loss = 1.7289e-01, PNorm = 98.9012, GNorm = 1.5555, lr_0 = 2.7126e-04
Validation auc = 0.894782
Epoch 57
Loss = 1.1972e-01, PNorm = 98.9250, GNorm = 0.7645, lr_0 = 2.7058e-04
Loss = 9.9156e-02, PNorm = 98.9434, GNorm = 0.5765, lr_0 = 2.6997e-04
Loss = 1.0435e-01, PNorm = 98.9610, GNorm = 1.6383, lr_0 = 2.6936e-04
Loss = 9.7478e-02, PNorm = 98.9778, GNorm = 1.0204, lr_0 = 2.6875e-04
Loss = 1.0678e-01, PNorm = 98.9981, GNorm = 1.4237, lr_0 = 2.6815e-04
Loss = 1.1056e-01, PNorm = 99.0144, GNorm = 0.8521, lr_0 = 2.6754e-04
Loss = 1.2226e-01, PNorm = 99.0307, GNorm = 1.3196, lr_0 = 2.6694e-04
Loss = 1.3321e-01, PNorm = 99.0479, GNorm = 0.8083, lr_0 = 2.6634e-04
Loss = 1.1832e-01, PNorm = 99.0701, GNorm = 0.8013, lr_0 = 2.6574e-04
Loss = 1.3260e-01, PNorm = 99.0897, GNorm = 0.6092, lr_0 = 2.6514e-04
Validation auc = 0.895510
Epoch 58
Loss = 1.0383e-01, PNorm = 99.1089, GNorm = 0.6369, lr_0 = 2.6448e-04
Loss = 1.0728e-01, PNorm = 99.1282, GNorm = 0.8471, lr_0 = 2.6388e-04
Loss = 1.0425e-01, PNorm = 99.1457, GNorm = 0.9320, lr_0 = 2.6329e-04
Loss = 1.2969e-01, PNorm = 99.1643, GNorm = 1.6483, lr_0 = 2.6269e-04
Loss = 1.0035e-01, PNorm = 99.1817, GNorm = 1.1272, lr_0 = 2.6210e-04
Loss = 1.1785e-01, PNorm = 99.1978, GNorm = 1.6675, lr_0 = 2.6151e-04
Loss = 1.2122e-01, PNorm = 99.2151, GNorm = 0.9835, lr_0 = 2.6092e-04
Loss = 1.2665e-01, PNorm = 99.2359, GNorm = 1.9748, lr_0 = 2.6033e-04
Loss = 1.4260e-01, PNorm = 99.2565, GNorm = 0.9984, lr_0 = 2.5974e-04
Loss = 1.2525e-01, PNorm = 99.2741, GNorm = 0.9710, lr_0 = 2.5916e-04
Loss = 1.0102e-01, PNorm = 99.2897, GNorm = 1.8568, lr_0 = 2.5857e-04
Loss = 6.1009e-02, PNorm = 99.2912, GNorm = 1.2184, lr_0 = 2.5851e-04
Validation auc = 0.892459
Epoch 59
Loss = 1.1230e-01, PNorm = 99.3051, GNorm = 0.9705, lr_0 = 2.5793e-04
Loss = 9.9674e-02, PNorm = 99.3215, GNorm = 0.8258, lr_0 = 2.5735e-04
Loss = 9.1733e-02, PNorm = 99.3386, GNorm = 0.7359, lr_0 = 2.5677e-04
Loss = 1.2157e-01, PNorm = 99.3533, GNorm = 1.4247, lr_0 = 2.5619e-04
Loss = 1.0587e-01, PNorm = 99.3668, GNorm = 1.2467, lr_0 = 2.5561e-04
Loss = 1.1035e-01, PNorm = 99.3822, GNorm = 1.4808, lr_0 = 2.5503e-04
Loss = 9.7878e-02, PNorm = 99.4005, GNorm = 0.8639, lr_0 = 2.5446e-04
Loss = 1.0291e-01, PNorm = 99.4204, GNorm = 0.6289, lr_0 = 2.5388e-04
Loss = 1.2265e-01, PNorm = 99.4408, GNorm = 1.9422, lr_0 = 2.5331e-04
Loss = 1.1358e-01, PNorm = 99.4570, GNorm = 0.5316, lr_0 = 2.5274e-04
Validation auc = 0.889226
Epoch 60
Loss = 1.0453e-01, PNorm = 99.4818, GNorm = 0.9662, lr_0 = 2.5211e-04
Loss = 1.0988e-01, PNorm = 99.5010, GNorm = 1.5423, lr_0 = 2.5154e-04
Loss = 9.7710e-02, PNorm = 99.5169, GNorm = 1.0917, lr_0 = 2.5097e-04
Loss = 9.9881e-02, PNorm = 99.5319, GNorm = 0.6935, lr_0 = 2.5041e-04
Loss = 8.0936e-02, PNorm = 99.5470, GNorm = 1.2121, lr_0 = 2.4984e-04
Loss = 1.0521e-01, PNorm = 99.5626, GNorm = 1.2193, lr_0 = 2.4928e-04
Loss = 1.1350e-01, PNorm = 99.5819, GNorm = 1.7109, lr_0 = 2.4872e-04
Loss = 1.1872e-01, PNorm = 99.6035, GNorm = 1.0911, lr_0 = 2.4815e-04
Loss = 9.4305e-02, PNorm = 99.6236, GNorm = 1.2651, lr_0 = 2.4759e-04
Loss = 1.3577e-01, PNorm = 99.6422, GNorm = 1.1608, lr_0 = 2.4704e-04
Validation auc = 0.891221
Epoch 61
Loss = 5.3869e-02, PNorm = 99.6603, GNorm = 1.3010, lr_0 = 2.4642e-04
Loss = 1.3066e-01, PNorm = 99.6777, GNorm = 1.7281, lr_0 = 2.4587e-04
Loss = 7.8248e-02, PNorm = 99.6930, GNorm = 0.5479, lr_0 = 2.4531e-04
Loss = 1.0394e-01, PNorm = 99.7070, GNorm = 0.6497, lr_0 = 2.4476e-04
Loss = 9.7000e-02, PNorm = 99.7217, GNorm = 1.7174, lr_0 = 2.4421e-04
Loss = 1.1622e-01, PNorm = 99.7359, GNorm = 0.4996, lr_0 = 2.4365e-04
Loss = 1.0120e-01, PNorm = 99.7499, GNorm = 0.6618, lr_0 = 2.4310e-04
Loss = 1.0565e-01, PNorm = 99.7606, GNorm = 1.0351, lr_0 = 2.4256e-04
Loss = 1.1429e-01, PNorm = 99.7754, GNorm = 0.7178, lr_0 = 2.4201e-04
Loss = 1.0489e-01, PNorm = 99.7923, GNorm = 1.1560, lr_0 = 2.4146e-04
Loss = 1.2743e-01, PNorm = 99.8101, GNorm = 0.9161, lr_0 = 2.4092e-04
Validation auc = 0.892478
Epoch 62
Loss = 1.0478e-01, PNorm = 99.8332, GNorm = 0.9512, lr_0 = 2.4032e-04
Loss = 1.2156e-01, PNorm = 99.8523, GNorm = 1.0589, lr_0 = 2.3978e-04
Loss = 1.2817e-01, PNorm = 99.8726, GNorm = 1.3931, lr_0 = 2.3924e-04
Loss = 1.2714e-01, PNorm = 99.8913, GNorm = 1.9287, lr_0 = 2.3870e-04
Loss = 6.8781e-02, PNorm = 99.9177, GNorm = 0.5733, lr_0 = 2.3816e-04
Loss = 9.8519e-02, PNorm = 99.9393, GNorm = 0.9956, lr_0 = 2.3762e-04
Loss = 1.2724e-01, PNorm = 99.9578, GNorm = 0.8244, lr_0 = 2.3708e-04
Loss = 1.1624e-01, PNorm = 99.9737, GNorm = 1.0400, lr_0 = 2.3655e-04
Loss = 9.6905e-02, PNorm = 99.9892, GNorm = 0.5336, lr_0 = 2.3601e-04
Loss = 1.2773e-01, PNorm = 100.0055, GNorm = 1.1551, lr_0 = 2.3548e-04
Validation auc = 0.898281
Epoch 63
Loss = 9.5813e-02, PNorm = 100.0236, GNorm = 1.2595, lr_0 = 2.3495e-04
Loss = 1.0543e-01, PNorm = 100.0408, GNorm = 0.8006, lr_0 = 2.3442e-04
Loss = 1.2389e-01, PNorm = 100.0581, GNorm = 0.8992, lr_0 = 2.3389e-04
Loss = 8.8452e-02, PNorm = 100.0768, GNorm = 0.5700, lr_0 = 2.3336e-04
Loss = 9.7023e-02, PNorm = 100.0950, GNorm = 0.6834, lr_0 = 2.3284e-04
Loss = 1.0475e-01, PNorm = 100.1096, GNorm = 1.1478, lr_0 = 2.3231e-04
Loss = 1.4306e-01, PNorm = 100.1253, GNorm = 2.4070, lr_0 = 2.3179e-04
Loss = 9.3458e-02, PNorm = 100.1442, GNorm = 0.9990, lr_0 = 2.3126e-04
Loss = 1.1092e-01, PNorm = 100.1665, GNorm = 0.8934, lr_0 = 2.3074e-04
Loss = 1.1027e-01, PNorm = 100.1859, GNorm = 1.2822, lr_0 = 2.3022e-04
Loss = 1.0244e-01, PNorm = 100.2045, GNorm = 0.9584, lr_0 = 2.2970e-04
Validation auc = 0.898334
Epoch 64
Loss = 1.1005e-01, PNorm = 100.2214, GNorm = 2.0913, lr_0 = 2.2913e-04
Loss = 9.1268e-02, PNorm = 100.2378, GNorm = 1.4293, lr_0 = 2.2862e-04
Loss = 9.7095e-02, PNorm = 100.2571, GNorm = 1.9998, lr_0 = 2.2810e-04
Loss = 9.2016e-02, PNorm = 100.2747, GNorm = 0.7566, lr_0 = 2.2758e-04
Loss = 9.0450e-02, PNorm = 100.2902, GNorm = 1.2518, lr_0 = 2.2707e-04
Loss = 1.0513e-01, PNorm = 100.3044, GNorm = 0.8582, lr_0 = 2.2656e-04
Loss = 9.2669e-02, PNorm = 100.3180, GNorm = 0.7110, lr_0 = 2.2605e-04
Loss = 1.0092e-01, PNorm = 100.3301, GNorm = 0.5899, lr_0 = 2.2554e-04
Loss = 9.9288e-02, PNorm = 100.3396, GNorm = 0.6298, lr_0 = 2.2503e-04
Loss = 1.0483e-01, PNorm = 100.3503, GNorm = 1.1015, lr_0 = 2.2452e-04
Validation auc = 0.896115
Epoch 65
Loss = 8.6826e-02, PNorm = 100.3628, GNorm = 1.1655, lr_0 = 2.2396e-04
Loss = 9.0031e-02, PNorm = 100.3747, GNorm = 0.8982, lr_0 = 2.2346e-04
Loss = 8.7352e-02, PNorm = 100.3880, GNorm = 1.2390, lr_0 = 2.2295e-04
Loss = 6.7371e-02, PNorm = 100.4038, GNorm = 0.6618, lr_0 = 2.2245e-04
Loss = 9.6766e-02, PNorm = 100.4168, GNorm = 2.2053, lr_0 = 2.2195e-04
Loss = 9.8527e-02, PNorm = 100.4318, GNorm = 0.9337, lr_0 = 2.2145e-04
Loss = 9.8548e-02, PNorm = 100.4467, GNorm = 2.5183, lr_0 = 2.2095e-04
Loss = 9.6310e-02, PNorm = 100.4607, GNorm = 0.7122, lr_0 = 2.2045e-04
Loss = 9.3085e-02, PNorm = 100.4753, GNorm = 0.6027, lr_0 = 2.1995e-04
Loss = 1.1296e-01, PNorm = 100.4890, GNorm = 1.7528, lr_0 = 2.1946e-04
Validation auc = 0.896520
Epoch 66
Loss = 8.5046e-02, PNorm = 100.5032, GNorm = 0.8991, lr_0 = 2.1891e-04
Loss = 7.5137e-02, PNorm = 100.5159, GNorm = 1.0455, lr_0 = 2.1842e-04
Loss = 8.7114e-02, PNorm = 100.5278, GNorm = 1.4823, lr_0 = 2.1792e-04
Loss = 8.0679e-02, PNorm = 100.5407, GNorm = 0.7841, lr_0 = 2.1743e-04
Loss = 9.8818e-02, PNorm = 100.5603, GNorm = 0.7235, lr_0 = 2.1694e-04
Loss = 9.3438e-02, PNorm = 100.5806, GNorm = 1.2029, lr_0 = 2.1645e-04
Loss = 8.9198e-02, PNorm = 100.5981, GNorm = 0.9757, lr_0 = 2.1596e-04
Loss = 1.0798e-01, PNorm = 100.6138, GNorm = 1.5106, lr_0 = 2.1548e-04
Loss = 9.2809e-02, PNorm = 100.6252, GNorm = 0.5919, lr_0 = 2.1499e-04
Loss = 9.4583e-02, PNorm = 100.6352, GNorm = 1.1925, lr_0 = 2.1450e-04
Loss = 1.0006e-01, PNorm = 100.6469, GNorm = 1.3964, lr_0 = 2.1402e-04
Validation auc = 0.895382
Epoch 67
Loss = 8.8598e-02, PNorm = 100.6642, GNorm = 1.4229, lr_0 = 2.1349e-04
Loss = 9.3078e-02, PNorm = 100.6814, GNorm = 0.4515, lr_0 = 2.1301e-04
Loss = 9.1059e-02, PNorm = 100.6945, GNorm = 1.7545, lr_0 = 2.1253e-04
Loss = 7.1080e-02, PNorm = 100.7056, GNorm = 0.4167, lr_0 = 2.1205e-04
Loss = 7.4618e-02, PNorm = 100.7146, GNorm = 1.0795, lr_0 = 2.1157e-04
Loss = 8.5830e-02, PNorm = 100.7273, GNorm = 1.2172, lr_0 = 2.1109e-04
Loss = 9.2916e-02, PNorm = 100.7400, GNorm = 1.2849, lr_0 = 2.1061e-04
Loss = 9.8510e-02, PNorm = 100.7544, GNorm = 0.6359, lr_0 = 2.1014e-04
Loss = 1.1540e-01, PNorm = 100.7666, GNorm = 0.6578, lr_0 = 2.0967e-04
Loss = 1.1343e-01, PNorm = 100.7790, GNorm = 0.9015, lr_0 = 2.0919e-04
Validation auc = 0.896229
Epoch 68
Loss = 9.5880e-02, PNorm = 100.7943, GNorm = 1.1248, lr_0 = 2.0867e-04
Loss = 8.0159e-02, PNorm = 100.8083, GNorm = 2.3167, lr_0 = 2.0820e-04
Loss = 9.4435e-02, PNorm = 100.8262, GNorm = 0.9375, lr_0 = 2.0773e-04
Loss = 7.3395e-02, PNorm = 100.8418, GNorm = 0.6729, lr_0 = 2.0726e-04
Loss = 8.6909e-02, PNorm = 100.8595, GNorm = 1.3398, lr_0 = 2.0680e-04
Loss = 7.2334e-02, PNorm = 100.8756, GNorm = 0.8014, lr_0 = 2.0633e-04
Loss = 7.5716e-02, PNorm = 100.8888, GNorm = 1.1463, lr_0 = 2.0586e-04
Loss = 9.1295e-02, PNorm = 100.9000, GNorm = 1.7379, lr_0 = 2.0540e-04
Loss = 9.1700e-02, PNorm = 100.9131, GNorm = 1.2371, lr_0 = 2.0494e-04
Loss = 1.0587e-01, PNorm = 100.9277, GNorm = 1.8868, lr_0 = 2.0447e-04
Loss = 1.0397e-01, PNorm = 100.9416, GNorm = 1.0650, lr_0 = 2.0401e-04
Validation auc = 0.898372
Epoch 69
Loss = 7.1095e-02, PNorm = 100.9563, GNorm = 2.0016, lr_0 = 2.0351e-04
Loss = 8.1499e-02, PNorm = 100.9698, GNorm = 1.0371, lr_0 = 2.0305e-04
Loss = 1.0157e-01, PNorm = 100.9810, GNorm = 1.3815, lr_0 = 2.0259e-04
Loss = 6.7441e-02, PNorm = 100.9905, GNorm = 0.8636, lr_0 = 2.0213e-04
Loss = 7.8437e-02, PNorm = 100.9993, GNorm = 1.1920, lr_0 = 2.0167e-04
Loss = 7.2631e-02, PNorm = 101.0109, GNorm = 0.9879, lr_0 = 2.0122e-04
Loss = 1.2085e-01, PNorm = 101.0229, GNorm = 1.0701, lr_0 = 2.0077e-04
Loss = 9.0236e-02, PNorm = 101.0344, GNorm = 1.3749, lr_0 = 2.0031e-04
Loss = 9.1966e-02, PNorm = 101.0462, GNorm = 0.8538, lr_0 = 1.9986e-04
Loss = 8.6710e-02, PNorm = 101.0571, GNorm = 1.1759, lr_0 = 1.9941e-04
Validation auc = 0.899624
Epoch 70
Loss = 6.7094e-02, PNorm = 101.0692, GNorm = 0.6994, lr_0 = 1.9891e-04
Loss = 9.7300e-02, PNorm = 101.0811, GNorm = 1.4178, lr_0 = 1.9847e-04
Loss = 9.6415e-02, PNorm = 101.0942, GNorm = 1.7678, lr_0 = 1.9802e-04
Loss = 6.2318e-02, PNorm = 101.1077, GNorm = 0.9538, lr_0 = 1.9757e-04
Loss = 5.9806e-02, PNorm = 101.1207, GNorm = 0.7664, lr_0 = 1.9712e-04
Loss = 6.6477e-02, PNorm = 101.1311, GNorm = 0.5787, lr_0 = 1.9668e-04
Loss = 1.1974e-01, PNorm = 101.1420, GNorm = 0.8095, lr_0 = 1.9624e-04
Loss = 7.9565e-02, PNorm = 101.1548, GNorm = 0.1834, lr_0 = 1.9579e-04
Loss = 9.2126e-02, PNorm = 101.1657, GNorm = 0.7785, lr_0 = 1.9535e-04
Loss = 8.2616e-02, PNorm = 101.1798, GNorm = 0.6348, lr_0 = 1.9491e-04
Validation auc = 0.897458
Epoch 71
Loss = 8.1835e-02, PNorm = 101.1966, GNorm = 0.8042, lr_0 = 1.9443e-04
Loss = 6.5790e-02, PNorm = 101.2099, GNorm = 1.1976, lr_0 = 1.9399e-04
Loss = 7.6351e-02, PNorm = 101.2214, GNorm = 0.8309, lr_0 = 1.9355e-04
Loss = 8.1717e-02, PNorm = 101.2331, GNorm = 1.3800, lr_0 = 1.9311e-04
Loss = 6.8226e-02, PNorm = 101.2441, GNorm = 0.6382, lr_0 = 1.9268e-04
Loss = 6.8921e-02, PNorm = 101.2536, GNorm = 0.6876, lr_0 = 1.9224e-04
Loss = 6.8265e-02, PNorm = 101.2627, GNorm = 0.6541, lr_0 = 1.9181e-04
Loss = 5.9140e-02, PNorm = 101.2716, GNorm = 0.7370, lr_0 = 1.9138e-04
Loss = 6.9021e-02, PNorm = 101.2838, GNorm = 0.7047, lr_0 = 1.9094e-04
Loss = 1.0383e-01, PNorm = 101.2982, GNorm = 0.9591, lr_0 = 1.9051e-04
Loss = 9.4898e-02, PNorm = 101.3197, GNorm = 0.9635, lr_0 = 1.9008e-04
Validation auc = 0.892149
Epoch 72
Loss = 1.1868e-01, PNorm = 101.3400, GNorm = 1.1921, lr_0 = 1.8961e-04
Loss = 7.4513e-02, PNorm = 101.3575, GNorm = 0.6541, lr_0 = 1.8918e-04
Loss = 8.0683e-02, PNorm = 101.3730, GNorm = 1.8756, lr_0 = 1.8876e-04
Loss = 6.7024e-02, PNorm = 101.3855, GNorm = 0.7055, lr_0 = 1.8833e-04
Loss = 9.1680e-02, PNorm = 101.3972, GNorm = 1.2686, lr_0 = 1.8791e-04
Loss = 8.0196e-02, PNorm = 101.4074, GNorm = 1.4927, lr_0 = 1.8748e-04
Loss = 7.8568e-02, PNorm = 101.4178, GNorm = 1.1042, lr_0 = 1.8706e-04
Loss = 9.3060e-02, PNorm = 101.4289, GNorm = 1.8127, lr_0 = 1.8664e-04
Loss = 7.4019e-02, PNorm = 101.4419, GNorm = 1.7939, lr_0 = 1.8622e-04
Loss = 1.0642e-01, PNorm = 101.4553, GNorm = 1.0137, lr_0 = 1.8580e-04
Validation auc = 0.895439
Epoch 73
Loss = 7.1269e-02, PNorm = 101.4683, GNorm = 0.7542, lr_0 = 1.8533e-04
Loss = 7.1799e-02, PNorm = 101.4792, GNorm = 0.8544, lr_0 = 1.8492e-04
Loss = 6.2833e-02, PNorm = 101.4887, GNorm = 0.9808, lr_0 = 1.8450e-04
Loss = 6.4843e-02, PNorm = 101.4978, GNorm = 0.5742, lr_0 = 1.8408e-04
Loss = 8.4377e-02, PNorm = 101.5077, GNorm = 1.2944, lr_0 = 1.8367e-04
Loss = 7.8958e-02, PNorm = 101.5206, GNorm = 1.0534, lr_0 = 1.8325e-04
Loss = 6.9214e-02, PNorm = 101.5327, GNorm = 1.0952, lr_0 = 1.8284e-04
Loss = 9.0002e-02, PNorm = 101.5441, GNorm = 1.4386, lr_0 = 1.8243e-04
Loss = 8.3648e-02, PNorm = 101.5578, GNorm = 0.5073, lr_0 = 1.8201e-04
Loss = 1.2030e-01, PNorm = 101.5737, GNorm = 2.3242, lr_0 = 1.8160e-04
Loss = 7.6984e-02, PNorm = 101.5859, GNorm = 1.5058, lr_0 = 1.8119e-04
Validation auc = 0.898786
Epoch 74
Loss = 6.3790e-02, PNorm = 101.5967, GNorm = 1.1863, lr_0 = 1.8074e-04
Loss = 6.7158e-02, PNorm = 101.6072, GNorm = 0.8864, lr_0 = 1.8034e-04
Loss = 8.6929e-02, PNorm = 101.6174, GNorm = 0.7624, lr_0 = 1.7993e-04
Loss = 6.5096e-02, PNorm = 101.6276, GNorm = 0.6455, lr_0 = 1.7952e-04
Loss = 8.6324e-02, PNorm = 101.6382, GNorm = 1.7735, lr_0 = 1.7912e-04
Loss = 7.7638e-02, PNorm = 101.6489, GNorm = 1.1890, lr_0 = 1.7871e-04
Loss = 6.9116e-02, PNorm = 101.6582, GNorm = 1.0424, lr_0 = 1.7831e-04
Loss = 6.5612e-02, PNorm = 101.6671, GNorm = 0.8926, lr_0 = 1.7791e-04
Loss = 8.3269e-02, PNorm = 101.6765, GNorm = 1.0069, lr_0 = 1.7751e-04
Loss = 6.2336e-02, PNorm = 101.6853, GNorm = 1.0769, lr_0 = 1.7711e-04
Validation auc = 0.898762
Epoch 75
Loss = 6.5362e-02, PNorm = 101.6933, GNorm = 0.6892, lr_0 = 1.7671e-04
Loss = 6.1001e-02, PNorm = 101.7021, GNorm = 1.2556, lr_0 = 1.7631e-04
Loss = 7.5786e-02, PNorm = 101.7127, GNorm = 0.7436, lr_0 = 1.7591e-04
Loss = 6.5792e-02, PNorm = 101.7234, GNorm = 1.2923, lr_0 = 1.7551e-04
Loss = 8.3534e-02, PNorm = 101.7345, GNorm = 1.6968, lr_0 = 1.7512e-04
Loss = 7.2056e-02, PNorm = 101.7452, GNorm = 1.5075, lr_0 = 1.7472e-04
Loss = 7.9036e-02, PNorm = 101.7538, GNorm = 0.7205, lr_0 = 1.7433e-04
Loss = 7.8309e-02, PNorm = 101.7661, GNorm = 1.2976, lr_0 = 1.7393e-04
Loss = 7.2929e-02, PNorm = 101.7798, GNorm = 0.3709, lr_0 = 1.7354e-04
Loss = 8.5663e-02, PNorm = 101.7913, GNorm = 1.4053, lr_0 = 1.7315e-04
Loss = 9.7011e-02, PNorm = 101.8020, GNorm = 2.2688, lr_0 = 1.7276e-04
Loss = 2.1076e-02, PNorm = 101.8032, GNorm = 0.4438, lr_0 = 1.7272e-04
Validation auc = 0.894368
Epoch 76
Loss = 6.4803e-02, PNorm = 101.8139, GNorm = 0.9600, lr_0 = 1.7233e-04
Loss = 6.3146e-02, PNorm = 101.8263, GNorm = 1.1961, lr_0 = 1.7194e-04
Loss = 7.1145e-02, PNorm = 101.8367, GNorm = 0.8450, lr_0 = 1.7155e-04
Loss = 8.8965e-02, PNorm = 101.8459, GNorm = 1.8410, lr_0 = 1.7117e-04
Loss = 7.0754e-02, PNorm = 101.8558, GNorm = 0.8053, lr_0 = 1.7078e-04
Loss = 7.8997e-02, PNorm = 101.8655, GNorm = 1.5401, lr_0 = 1.7039e-04
Loss = 6.5941e-02, PNorm = 101.8746, GNorm = 1.0489, lr_0 = 1.7001e-04
Loss = 8.6699e-02, PNorm = 101.8842, GNorm = 0.7152, lr_0 = 1.6963e-04
Loss = 8.2054e-02, PNorm = 101.8941, GNorm = 1.5240, lr_0 = 1.6924e-04
Loss = 8.4348e-02, PNorm = 101.9070, GNorm = 0.9487, lr_0 = 1.6886e-04
Validation auc = 0.894991
Epoch 77
Loss = 4.4597e-02, PNorm = 101.9191, GNorm = 1.2202, lr_0 = 1.6844e-04
Loss = 5.5993e-02, PNorm = 101.9281, GNorm = 0.5158, lr_0 = 1.6806e-04
Loss = 5.8736e-02, PNorm = 101.9363, GNorm = 0.9727, lr_0 = 1.6768e-04
Loss = 8.3771e-02, PNorm = 101.9443, GNorm = 0.6357, lr_0 = 1.6730e-04
Loss = 6.1837e-02, PNorm = 101.9520, GNorm = 0.5176, lr_0 = 1.6693e-04
Loss = 5.9987e-02, PNorm = 101.9586, GNorm = 0.8411, lr_0 = 1.6655e-04
Loss = 6.9806e-02, PNorm = 101.9650, GNorm = 1.1727, lr_0 = 1.6617e-04
Loss = 6.1794e-02, PNorm = 101.9742, GNorm = 1.1269, lr_0 = 1.6580e-04
Loss = 9.7417e-02, PNorm = 101.9847, GNorm = 1.3694, lr_0 = 1.6543e-04
Loss = 6.6729e-02, PNorm = 101.9952, GNorm = 1.7212, lr_0 = 1.6505e-04
Validation auc = 0.891873
Epoch 78
Loss = 7.2409e-02, PNorm = 102.0056, GNorm = 0.9601, lr_0 = 1.6464e-04
Loss = 6.3644e-02, PNorm = 102.0181, GNorm = 0.4086, lr_0 = 1.6427e-04
Loss = 6.0766e-02, PNorm = 102.0306, GNorm = 1.1876, lr_0 = 1.6390e-04
Loss = 9.0351e-02, PNorm = 102.0411, GNorm = 0.8386, lr_0 = 1.6353e-04
Loss = 7.3246e-02, PNorm = 102.0508, GNorm = 1.0086, lr_0 = 1.6316e-04
Loss = 7.4978e-02, PNorm = 102.0595, GNorm = 0.8102, lr_0 = 1.6279e-04
Loss = 5.8265e-02, PNorm = 102.0684, GNorm = 1.0865, lr_0 = 1.6243e-04
Loss = 6.5874e-02, PNorm = 102.0760, GNorm = 0.7906, lr_0 = 1.6206e-04
Loss = 8.1115e-02, PNorm = 102.0866, GNorm = 1.3607, lr_0 = 1.6169e-04
Loss = 5.8628e-02, PNorm = 102.0962, GNorm = 0.4438, lr_0 = 1.6133e-04
Loss = 7.2727e-02, PNorm = 102.1043, GNorm = 0.7953, lr_0 = 1.6096e-04
Validation auc = 0.892125
Epoch 79
Loss = 6.3702e-02, PNorm = 102.1121, GNorm = 0.8734, lr_0 = 1.6057e-04
Loss = 7.2947e-02, PNorm = 102.1225, GNorm = 1.4637, lr_0 = 1.6020e-04
Loss = 1.0472e-01, PNorm = 102.1317, GNorm = 0.8903, lr_0 = 1.5984e-04
Loss = 5.2203e-02, PNorm = 102.1388, GNorm = 0.5773, lr_0 = 1.5948e-04
Loss = 6.5977e-02, PNorm = 102.1442, GNorm = 0.6457, lr_0 = 1.5912e-04
Loss = 5.1363e-02, PNorm = 102.1520, GNorm = 0.9897, lr_0 = 1.5876e-04
Loss = 8.1423e-02, PNorm = 102.1587, GNorm = 1.0489, lr_0 = 1.5840e-04
Loss = 6.1714e-02, PNorm = 102.1662, GNorm = 1.1241, lr_0 = 1.5805e-04
Loss = 7.0915e-02, PNorm = 102.1745, GNorm = 1.5536, lr_0 = 1.5769e-04
Loss = 9.0204e-02, PNorm = 102.1837, GNorm = 1.3695, lr_0 = 1.5733e-04
Validation auc = 0.893511
Epoch 80
Loss = 5.3348e-02, PNorm = 102.1936, GNorm = 1.0150, lr_0 = 1.5694e-04
Loss = 6.3613e-02, PNorm = 102.2028, GNorm = 0.5184, lr_0 = 1.5659e-04
Loss = 8.6190e-02, PNorm = 102.2134, GNorm = 0.7188, lr_0 = 1.5624e-04
Loss = 4.1084e-02, PNorm = 102.2217, GNorm = 0.9060, lr_0 = 1.5588e-04
Loss = 7.0315e-02, PNorm = 102.2283, GNorm = 0.6308, lr_0 = 1.5553e-04
Loss = 7.6638e-02, PNorm = 102.2333, GNorm = 0.7051, lr_0 = 1.5518e-04
Loss = 8.1928e-02, PNorm = 102.2428, GNorm = 1.0754, lr_0 = 1.5483e-04
Loss = 6.3475e-02, PNorm = 102.2576, GNorm = 0.5641, lr_0 = 1.5448e-04
Loss = 8.1114e-02, PNorm = 102.2696, GNorm = 1.4300, lr_0 = 1.5413e-04
Loss = 6.4761e-02, PNorm = 102.2818, GNorm = 0.2668, lr_0 = 1.5378e-04
Loss = 7.2023e-02, PNorm = 102.2917, GNorm = 0.3685, lr_0 = 1.5344e-04
Loss = 6.3431e-01, PNorm = 102.2925, GNorm = 14.3635, lr_0 = 1.5340e-04
Validation auc = 0.893320
Epoch 81
Loss = 6.7697e-02, PNorm = 102.3023, GNorm = 1.7394, lr_0 = 1.5306e-04
Loss = 6.3476e-02, PNorm = 102.3137, GNorm = 0.4294, lr_0 = 1.5271e-04
Loss = 4.7384e-02, PNorm = 102.3231, GNorm = 0.9285, lr_0 = 1.5237e-04
Loss = 6.6948e-02, PNorm = 102.3309, GNorm = 0.6751, lr_0 = 1.5202e-04
Loss = 7.5436e-02, PNorm = 102.3414, GNorm = 0.6318, lr_0 = 1.5168e-04
Loss = 4.8303e-02, PNorm = 102.3499, GNorm = 0.8840, lr_0 = 1.5134e-04
Loss = 7.5911e-02, PNorm = 102.3570, GNorm = 0.8303, lr_0 = 1.5100e-04
Loss = 9.0998e-02, PNorm = 102.3643, GNorm = 1.8344, lr_0 = 1.5065e-04
Loss = 6.0022e-02, PNorm = 102.3725, GNorm = 1.7185, lr_0 = 1.5031e-04
Loss = 6.9244e-02, PNorm = 102.3811, GNorm = 0.5112, lr_0 = 1.4998e-04
Validation auc = 0.895682
Epoch 82
Loss = 6.1545e-02, PNorm = 102.3900, GNorm = 0.2791, lr_0 = 1.4960e-04
Loss = 5.3637e-02, PNorm = 102.3978, GNorm = 1.3337, lr_0 = 1.4927e-04
Loss = 6.7165e-02, PNorm = 102.4060, GNorm = 0.9071, lr_0 = 1.4893e-04
Loss = 5.5265e-02, PNorm = 102.4146, GNorm = 0.6880, lr_0 = 1.4859e-04
Loss = 6.2054e-02, PNorm = 102.4205, GNorm = 0.6493, lr_0 = 1.4826e-04
Loss = 5.4980e-02, PNorm = 102.4280, GNorm = 0.8790, lr_0 = 1.4792e-04
Loss = 6.4524e-02, PNorm = 102.4351, GNorm = 0.8592, lr_0 = 1.4759e-04
Loss = 5.4866e-02, PNorm = 102.4406, GNorm = 0.6259, lr_0 = 1.4726e-04
Loss = 7.0362e-02, PNorm = 102.4467, GNorm = 1.5344, lr_0 = 1.4692e-04
Loss = 8.2915e-02, PNorm = 102.4547, GNorm = 1.5134, lr_0 = 1.4659e-04
Validation auc = 0.892839
Epoch 83
Loss = 4.0451e-02, PNorm = 102.4638, GNorm = 0.6358, lr_0 = 1.4623e-04
Loss = 4.5651e-02, PNorm = 102.4726, GNorm = 0.6032, lr_0 = 1.4590e-04
Loss = 7.5805e-02, PNorm = 102.4818, GNorm = 1.2979, lr_0 = 1.4557e-04
Loss = 5.6676e-02, PNorm = 102.4905, GNorm = 0.5637, lr_0 = 1.4524e-04
Loss = 7.8926e-02, PNorm = 102.5009, GNorm = 1.0384, lr_0 = 1.4491e-04
Loss = 4.3326e-02, PNorm = 102.5101, GNorm = 0.5283, lr_0 = 1.4459e-04
Loss = 5.3601e-02, PNorm = 102.5178, GNorm = 0.8545, lr_0 = 1.4426e-04
Loss = 6.4314e-02, PNorm = 102.5250, GNorm = 0.7053, lr_0 = 1.4393e-04
Loss = 5.9427e-02, PNorm = 102.5316, GNorm = 0.8190, lr_0 = 1.4361e-04
Loss = 7.0823e-02, PNorm = 102.5401, GNorm = 0.5129, lr_0 = 1.4329e-04
Loss = 9.3650e-02, PNorm = 102.5480, GNorm = 0.6891, lr_0 = 1.4296e-04
Validation auc = 0.891235
Epoch 84
Loss = 6.6528e-02, PNorm = 102.5555, GNorm = 1.2894, lr_0 = 1.4261e-04
Loss = 6.3458e-02, PNorm = 102.5632, GNorm = 0.5166, lr_0 = 1.4229e-04
Loss = 6.5583e-02, PNorm = 102.5723, GNorm = 1.1049, lr_0 = 1.4196e-04
Loss = 6.0191e-02, PNorm = 102.5828, GNorm = 0.7054, lr_0 = 1.4164e-04
Loss = 5.4315e-02, PNorm = 102.5917, GNorm = 1.0560, lr_0 = 1.4132e-04
Loss = 5.0237e-02, PNorm = 102.5991, GNorm = 0.8477, lr_0 = 1.4101e-04
Loss = 4.7594e-02, PNorm = 102.6068, GNorm = 0.7323, lr_0 = 1.4069e-04
Loss = 5.4111e-02, PNorm = 102.6142, GNorm = 0.5012, lr_0 = 1.4037e-04
Loss = 6.9115e-02, PNorm = 102.6206, GNorm = 1.0884, lr_0 = 1.4005e-04
Loss = 6.0157e-02, PNorm = 102.6277, GNorm = 1.7328, lr_0 = 1.3974e-04
Validation auc = 0.893658
Epoch 85
Loss = 3.3658e-02, PNorm = 102.6364, GNorm = 0.3283, lr_0 = 1.3939e-04
Loss = 4.8457e-02, PNorm = 102.6432, GNorm = 1.1831, lr_0 = 1.3908e-04
Loss = 7.9337e-02, PNorm = 102.6487, GNorm = 0.9262, lr_0 = 1.3876e-04
Loss = 6.4328e-02, PNorm = 102.6543, GNorm = 0.8831, lr_0 = 1.3845e-04
Loss = 6.2195e-02, PNorm = 102.6613, GNorm = 0.6843, lr_0 = 1.3814e-04
Loss = 7.5024e-02, PNorm = 102.6690, GNorm = 0.8143, lr_0 = 1.3782e-04
Loss = 7.2868e-02, PNorm = 102.6768, GNorm = 1.0322, lr_0 = 1.3751e-04
Loss = 6.0964e-02, PNorm = 102.6859, GNorm = 0.3993, lr_0 = 1.3720e-04
Loss = 5.8847e-02, PNorm = 102.6949, GNorm = 0.6167, lr_0 = 1.3689e-04
Loss = 4.5977e-02, PNorm = 102.7013, GNorm = 0.4431, lr_0 = 1.3658e-04
Loss = 6.6329e-02, PNorm = 102.7061, GNorm = 1.6703, lr_0 = 1.3628e-04
Loss = 1.8195e-02, PNorm = 102.7066, GNorm = 0.9236, lr_0 = 1.3625e-04
Validation auc = 0.892463
Epoch 86
Loss = 6.0435e-02, PNorm = 102.7137, GNorm = 1.5166, lr_0 = 1.3594e-04
Loss = 5.7823e-02, PNorm = 102.7221, GNorm = 1.1393, lr_0 = 1.3563e-04
Loss = 5.0644e-02, PNorm = 102.7298, GNorm = 0.7137, lr_0 = 1.3532e-04
Loss = 5.3024e-02, PNorm = 102.7380, GNorm = 1.2989, lr_0 = 1.3502e-04
Loss = 3.9117e-02, PNorm = 102.7451, GNorm = 0.9752, lr_0 = 1.3471e-04
Loss = 7.1821e-02, PNorm = 102.7522, GNorm = 1.5809, lr_0 = 1.3441e-04
Loss = 8.0189e-02, PNorm = 102.7605, GNorm = 0.5072, lr_0 = 1.3411e-04
Loss = 5.9225e-02, PNorm = 102.7680, GNorm = 1.1199, lr_0 = 1.3380e-04
Loss = 5.2887e-02, PNorm = 102.7742, GNorm = 1.1670, lr_0 = 1.3350e-04
Loss = 5.8077e-02, PNorm = 102.7807, GNorm = 0.6426, lr_0 = 1.3320e-04
Validation auc = 0.894520
Epoch 87
Loss = 6.3034e-02, PNorm = 102.7899, GNorm = 0.9368, lr_0 = 1.3287e-04
Loss = 4.4549e-02, PNorm = 102.7982, GNorm = 1.0074, lr_0 = 1.3257e-04
Loss = 7.3344e-02, PNorm = 102.8075, GNorm = 0.9752, lr_0 = 1.3227e-04
Loss = 5.1452e-02, PNorm = 102.8165, GNorm = 0.6249, lr_0 = 1.3197e-04
Loss = 5.6104e-02, PNorm = 102.8239, GNorm = 0.9467, lr_0 = 1.3168e-04
Loss = 6.3873e-02, PNorm = 102.8308, GNorm = 1.1303, lr_0 = 1.3138e-04
Loss = 5.7637e-02, PNorm = 102.8376, GNorm = 1.0731, lr_0 = 1.3108e-04
Loss = 5.7342e-02, PNorm = 102.8455, GNorm = 0.7370, lr_0 = 1.3079e-04
Loss = 5.2623e-02, PNorm = 102.8530, GNorm = 0.8310, lr_0 = 1.3049e-04
Loss = 5.6821e-02, PNorm = 102.8594, GNorm = 0.8786, lr_0 = 1.3020e-04
Validation auc = 0.896272
Epoch 88
Loss = 1.9906e-02, PNorm = 102.8659, GNorm = 0.3425, lr_0 = 1.2990e-04
Loss = 6.4907e-02, PNorm = 102.8739, GNorm = 0.8318, lr_0 = 1.2961e-04
Loss = 5.8558e-02, PNorm = 102.8844, GNorm = 1.0568, lr_0 = 1.2932e-04
Loss = 5.5931e-02, PNorm = 102.8929, GNorm = 1.2826, lr_0 = 1.2903e-04
Loss = 4.7838e-02, PNorm = 102.8999, GNorm = 0.4732, lr_0 = 1.2873e-04
Loss = 3.0958e-02, PNorm = 102.9058, GNorm = 0.4316, lr_0 = 1.2844e-04
Loss = 9.1759e-02, PNorm = 102.9143, GNorm = 1.0941, lr_0 = 1.2815e-04
Loss = 6.9271e-02, PNorm = 102.9250, GNorm = 0.9312, lr_0 = 1.2786e-04
Loss = 6.1218e-02, PNorm = 102.9326, GNorm = 1.1903, lr_0 = 1.2758e-04
Loss = 4.8155e-02, PNorm = 102.9391, GNorm = 0.5900, lr_0 = 1.2729e-04
Loss = 6.6999e-02, PNorm = 102.9453, GNorm = 1.0221, lr_0 = 1.2700e-04
Validation auc = 0.893654
Epoch 89
Loss = 6.0316e-02, PNorm = 102.9536, GNorm = 1.0111, lr_0 = 1.2669e-04
Loss = 5.2335e-02, PNorm = 102.9618, GNorm = 0.7017, lr_0 = 1.2640e-04
Loss = 5.1508e-02, PNorm = 102.9685, GNorm = 0.8415, lr_0 = 1.2611e-04
Loss = 5.7947e-02, PNorm = 102.9744, GNorm = 1.3000, lr_0 = 1.2583e-04
Loss = 3.8961e-02, PNorm = 102.9802, GNorm = 0.5386, lr_0 = 1.2555e-04
Loss = 5.0317e-02, PNorm = 102.9854, GNorm = 0.7493, lr_0 = 1.2526e-04
Loss = 5.5501e-02, PNorm = 102.9901, GNorm = 1.2705, lr_0 = 1.2498e-04
Loss = 4.1101e-02, PNorm = 102.9958, GNorm = 0.8939, lr_0 = 1.2470e-04
Loss = 9.7607e-02, PNorm = 103.0025, GNorm = 1.2812, lr_0 = 1.2442e-04
Loss = 5.8042e-02, PNorm = 103.0103, GNorm = 0.6487, lr_0 = 1.2414e-04
Validation auc = 0.894506
Epoch 90
Loss = 4.1936e-02, PNorm = 103.0183, GNorm = 0.7922, lr_0 = 1.2383e-04
Loss = 5.2216e-02, PNorm = 103.0262, GNorm = 1.2287, lr_0 = 1.2355e-04
Loss = 4.0928e-02, PNorm = 103.0311, GNorm = 0.8730, lr_0 = 1.2327e-04
Loss = 5.4194e-02, PNorm = 103.0367, GNorm = 0.5915, lr_0 = 1.2299e-04
Loss = 5.0751e-02, PNorm = 103.0429, GNorm = 3.6602, lr_0 = 1.2271e-04
Loss = 4.4438e-02, PNorm = 103.0507, GNorm = 0.6022, lr_0 = 1.2244e-04
Loss = 5.6916e-02, PNorm = 103.0564, GNorm = 0.9257, lr_0 = 1.2216e-04
Loss = 6.0543e-02, PNorm = 103.0638, GNorm = 0.2587, lr_0 = 1.2188e-04
Loss = 6.7982e-02, PNorm = 103.0708, GNorm = 0.3267, lr_0 = 1.2161e-04
Loss = 5.4029e-02, PNorm = 103.0779, GNorm = 1.0199, lr_0 = 1.2134e-04
Loss = 6.3205e-02, PNorm = 103.0849, GNorm = 0.3032, lr_0 = 1.2106e-04
Validation auc = 0.895334
Epoch 91
Loss = 5.8932e-02, PNorm = 103.0921, GNorm = 0.7132, lr_0 = 1.2076e-04
Loss = 5.0154e-02, PNorm = 103.0964, GNorm = 0.8485, lr_0 = 1.2049e-04
Loss = 3.5237e-02, PNorm = 103.1005, GNorm = 0.2252, lr_0 = 1.2022e-04
Loss = 5.6089e-02, PNorm = 103.1056, GNorm = 0.9504, lr_0 = 1.1995e-04
Loss = 5.0360e-02, PNorm = 103.1116, GNorm = 1.3898, lr_0 = 1.1967e-04
Loss = 4.0494e-02, PNorm = 103.1167, GNorm = 0.8555, lr_0 = 1.1940e-04
Loss = 5.2243e-02, PNorm = 103.1232, GNorm = 0.8430, lr_0 = 1.1914e-04
Loss = 4.3200e-02, PNorm = 103.1299, GNorm = 1.1082, lr_0 = 1.1887e-04
Loss = 4.9128e-02, PNorm = 103.1361, GNorm = 1.0357, lr_0 = 1.1860e-04
Loss = 3.1065e-02, PNorm = 103.1417, GNorm = 1.5813, lr_0 = 1.1833e-04
Validation auc = 0.893901
Epoch 92
Loss = 3.6193e-02, PNorm = 103.1473, GNorm = 0.6779, lr_0 = 1.1804e-04
Loss = 6.6047e-02, PNorm = 103.1513, GNorm = 1.1268, lr_0 = 1.1777e-04
Loss = 5.0874e-02, PNorm = 103.1557, GNorm = 0.9507, lr_0 = 1.1750e-04
Loss = 6.4561e-02, PNorm = 103.1613, GNorm = 0.5670, lr_0 = 1.1724e-04
Loss = 5.3935e-02, PNorm = 103.1668, GNorm = 0.4910, lr_0 = 1.1697e-04
Loss = 6.6121e-02, PNorm = 103.1719, GNorm = 1.2740, lr_0 = 1.1671e-04
Loss = 5.7335e-02, PNorm = 103.1772, GNorm = 1.8977, lr_0 = 1.1645e-04
Loss = 4.0445e-02, PNorm = 103.1820, GNorm = 0.6167, lr_0 = 1.1618e-04
Loss = 5.1940e-02, PNorm = 103.1870, GNorm = 0.7743, lr_0 = 1.1592e-04
Loss = 5.3190e-02, PNorm = 103.1922, GNorm = 0.8241, lr_0 = 1.1566e-04
Validation auc = 0.892778
Epoch 93
Loss = 3.1039e-02, PNorm = 103.1991, GNorm = 0.6260, lr_0 = 1.1537e-04
Loss = 4.4755e-02, PNorm = 103.2054, GNorm = 0.8328, lr_0 = 1.1511e-04
Loss = 3.2985e-02, PNorm = 103.2105, GNorm = 1.0296, lr_0 = 1.1485e-04
Loss = 5.7703e-02, PNorm = 103.2155, GNorm = 0.7920, lr_0 = 1.1459e-04
Loss = 3.1977e-02, PNorm = 103.2208, GNorm = 0.3424, lr_0 = 1.1434e-04
Loss = 5.5687e-02, PNorm = 103.2252, GNorm = 0.8175, lr_0 = 1.1408e-04
Loss = 6.3416e-02, PNorm = 103.2310, GNorm = 1.2491, lr_0 = 1.1382e-04
Loss = 6.0651e-02, PNorm = 103.2385, GNorm = 1.4376, lr_0 = 1.1356e-04
Loss = 6.7950e-02, PNorm = 103.2442, GNorm = 1.0989, lr_0 = 1.1331e-04
Loss = 7.2300e-02, PNorm = 103.2504, GNorm = 0.5097, lr_0 = 1.1305e-04
Loss = 4.8275e-02, PNorm = 103.2566, GNorm = 1.0123, lr_0 = 1.1280e-04
Validation auc = 0.892982
Epoch 94
Loss = 2.8891e-02, PNorm = 103.2637, GNorm = 0.7010, lr_0 = 1.1252e-04
Loss = 4.5925e-02, PNorm = 103.2689, GNorm = 0.9722, lr_0 = 1.1226e-04
Loss = 5.0099e-02, PNorm = 103.2739, GNorm = 0.5781, lr_0 = 1.1201e-04
Loss = 6.4018e-02, PNorm = 103.2797, GNorm = 0.5539, lr_0 = 1.1176e-04
Loss = 4.5880e-02, PNorm = 103.2851, GNorm = 0.5435, lr_0 = 1.1150e-04
Loss = 6.3231e-02, PNorm = 103.2909, GNorm = 0.8365, lr_0 = 1.1125e-04
Loss = 5.5535e-02, PNorm = 103.2960, GNorm = 0.4994, lr_0 = 1.1100e-04
Loss = 5.5792e-02, PNorm = 103.3012, GNorm = 0.7906, lr_0 = 1.1075e-04
Loss = 3.7597e-02, PNorm = 103.3057, GNorm = 0.1089, lr_0 = 1.1050e-04
Loss = 5.7367e-02, PNorm = 103.3104, GNorm = 1.9016, lr_0 = 1.1025e-04
Validation auc = 0.893335
Epoch 95
Loss = 5.0914e-02, PNorm = 103.3160, GNorm = 0.7735, lr_0 = 1.0998e-04
Loss = 3.4784e-02, PNorm = 103.3210, GNorm = 0.3156, lr_0 = 1.0973e-04
Loss = 4.4673e-02, PNorm = 103.3256, GNorm = 0.7515, lr_0 = 1.0948e-04
Loss = 4.9717e-02, PNorm = 103.3308, GNorm = 0.7272, lr_0 = 1.0924e-04
Loss = 2.5514e-02, PNorm = 103.3356, GNorm = 0.4838, lr_0 = 1.0899e-04
Loss = 5.5872e-02, PNorm = 103.3404, GNorm = 0.0965, lr_0 = 1.0874e-04
Loss = 5.4865e-02, PNorm = 103.3444, GNorm = 0.8566, lr_0 = 1.0850e-04
Loss = 3.7484e-02, PNorm = 103.3483, GNorm = 0.3736, lr_0 = 1.0825e-04
Loss = 5.5988e-02, PNorm = 103.3522, GNorm = 1.2685, lr_0 = 1.0801e-04
Loss = 4.8337e-02, PNorm = 103.3570, GNorm = 0.9204, lr_0 = 1.0776e-04
Loss = 6.0559e-02, PNorm = 103.3630, GNorm = 0.9359, lr_0 = 1.0752e-04
Validation auc = 0.893706
Epoch 96
Loss = 5.2903e-02, PNorm = 103.3697, GNorm = 0.9391, lr_0 = 1.0725e-04
Loss = 5.4240e-02, PNorm = 103.3759, GNorm = 0.8889, lr_0 = 1.0701e-04
Loss = 5.1000e-02, PNorm = 103.3819, GNorm = 1.2418, lr_0 = 1.0677e-04
Loss = 6.6717e-02, PNorm = 103.3885, GNorm = 1.1338, lr_0 = 1.0653e-04
Loss = 4.1948e-02, PNorm = 103.3939, GNorm = 3.0245, lr_0 = 1.0629e-04
Loss = 3.5213e-02, PNorm = 103.3984, GNorm = 1.2667, lr_0 = 1.0605e-04
Loss = 3.9810e-02, PNorm = 103.4032, GNorm = 0.5458, lr_0 = 1.0581e-04
Loss = 4.6753e-02, PNorm = 103.4083, GNorm = 0.3412, lr_0 = 1.0557e-04
Loss = 5.6883e-02, PNorm = 103.4127, GNorm = 0.2154, lr_0 = 1.0533e-04
Loss = 5.3786e-02, PNorm = 103.4176, GNorm = 1.1326, lr_0 = 1.0510e-04
Validation auc = 0.894382
Epoch 97
Loss = 6.3375e-02, PNorm = 103.4244, GNorm = 0.4930, lr_0 = 1.0483e-04
Loss = 3.5085e-02, PNorm = 103.4317, GNorm = 1.0399, lr_0 = 1.0460e-04
Loss = 5.6737e-02, PNorm = 103.4390, GNorm = 0.9237, lr_0 = 1.0436e-04
Loss = 4.9413e-02, PNorm = 103.4448, GNorm = 0.8615, lr_0 = 1.0413e-04
Loss = 3.8882e-02, PNorm = 103.4500, GNorm = 0.8882, lr_0 = 1.0389e-04
Loss = 7.3963e-02, PNorm = 103.4552, GNorm = 1.0482, lr_0 = 1.0366e-04
Loss = 5.7397e-02, PNorm = 103.4599, GNorm = 0.6184, lr_0 = 1.0342e-04
Loss = 4.7320e-02, PNorm = 103.4642, GNorm = 0.8769, lr_0 = 1.0319e-04
Loss = 6.1076e-02, PNorm = 103.4700, GNorm = 0.6487, lr_0 = 1.0296e-04
Loss = 3.3916e-02, PNorm = 103.4753, GNorm = 0.5271, lr_0 = 1.0272e-04
Validation auc = 0.893582
Epoch 98
Loss = 1.1122e-02, PNorm = 103.4803, GNorm = 0.2236, lr_0 = 1.0247e-04
Loss = 5.2117e-02, PNorm = 103.4849, GNorm = 1.0253, lr_0 = 1.0224e-04
Loss = 7.4055e-02, PNorm = 103.4906, GNorm = 0.6454, lr_0 = 1.0201e-04
Loss = 6.1468e-02, PNorm = 103.4990, GNorm = 0.4909, lr_0 = 1.0178e-04
Loss = 7.5631e-02, PNorm = 103.5060, GNorm = 0.5688, lr_0 = 1.0155e-04
Loss = 5.5844e-02, PNorm = 103.5131, GNorm = 0.9051, lr_0 = 1.0132e-04
Loss = 3.3829e-02, PNorm = 103.5181, GNorm = 0.1595, lr_0 = 1.0109e-04
Loss = 5.3344e-02, PNorm = 103.5226, GNorm = 0.5371, lr_0 = 1.0086e-04
Loss = 6.8895e-02, PNorm = 103.5267, GNorm = 0.9608, lr_0 = 1.0063e-04
Loss = 5.1616e-02, PNorm = 103.5325, GNorm = 1.0448, lr_0 = 1.0041e-04
Loss = 3.4784e-02, PNorm = 103.5386, GNorm = 0.2431, lr_0 = 1.0018e-04
Validation auc = 0.893668
Epoch 99
Loss = 4.8585e-02, PNorm = 103.5424, GNorm = 0.7051, lr_0 = 1.0000e-04
Loss = 5.1378e-02, PNorm = 103.5469, GNorm = 1.0197, lr_0 = 1.0000e-04
Loss = 3.4047e-02, PNorm = 103.5515, GNorm = 0.2410, lr_0 = 1.0000e-04
Loss = 4.3735e-02, PNorm = 103.5560, GNorm = 0.6296, lr_0 = 1.0000e-04
Loss = 4.6525e-02, PNorm = 103.5603, GNorm = 0.9480, lr_0 = 1.0000e-04
Loss = 4.1962e-02, PNorm = 103.5639, GNorm = 1.5659, lr_0 = 1.0000e-04
Loss = 5.6908e-02, PNorm = 103.5689, GNorm = 0.5844, lr_0 = 1.0000e-04
Loss = 4.8480e-02, PNorm = 103.5731, GNorm = 0.7402, lr_0 = 1.0000e-04
Loss = 5.5718e-02, PNorm = 103.5780, GNorm = 0.5985, lr_0 = 1.0000e-04
Loss = 7.0952e-02, PNorm = 103.5836, GNorm = 2.1551, lr_0 = 1.0000e-04
Validation auc = 0.892944
Model 0 best validation auc = 0.902799 on epoch 27
Loading pretrained parameter "encoder.encoder.0.cached_zero_vector".
Loading pretrained parameter "encoder.encoder.0.W_i.weight".
Loading pretrained parameter "encoder.encoder.0.W_h.weight".
Loading pretrained parameter "encoder.encoder.0.W_o.weight".
Loading pretrained parameter "encoder.encoder.0.W_o.bias".
Loading pretrained parameter "ffn.1.weight".
Loading pretrained parameter "ffn.1.bias".
Loading pretrained parameter "ffn.4.weight".
Loading pretrained parameter "ffn.4.bias".
Moving model to cuda
Model 0 test auc = 0.881667
Ensemble test auc = 0.881667
1-fold cross validation
	Seed 0 ==> test auc = 0.881667
Overall test auc = 0.881667 +/- 0.000000
Elapsed time = 0:08:41
