Command line
python /home/jxy/anaconda3/envs/chemprop_1119/bin/chemprop_train --data_path data/train_random_nocanonical.csv --dataset_type classification --save_dir checkpoint_4 --save_smiles_splits --seed 4
Args
{'activation': 'ReLU',
 'aggregation': 'mean',
 'aggregation_norm': 100,
 'alternative_loss_function': None,
 'atom_descriptor_scaling': True,
 'atom_descriptors': None,
 'atom_descriptors_path': None,
 'atom_descriptors_size': 0,
 'atom_features_size': 0,
 'atom_messages': False,
 'batch_size': 50,
 'bias': False,
 'bond_feature_scaling': True,
 'bond_features_path': None,
 'bond_features_size': 0,
 'cache_cutoff': 10000,
 'checkpoint_dir': None,
 'checkpoint_frzn': None,
 'checkpoint_path': None,
 'checkpoint_paths': None,
 'class_balance': False,
 'config_path': None,
 'crossval_index_dir': None,
 'crossval_index_file': None,
 'crossval_index_sets': None,
 'cuda': True,
 'data_path': 'data/train_random_nocanonical.csv',
 'data_weights_path': None,
 'dataset_type': 'classification',
 'depth': 3,
 'device': device(type='cuda'),
 'dropout': 0.0,
 'empty_cache': False,
 'ensemble_size': 1,
 'epochs': 30,
 'explicit_h': False,
 'extra_metrics': [],
 'features_generator': None,
 'features_only': False,
 'features_path': None,
 'features_scaling': True,
 'features_size': None,
 'ffn_hidden_size': 300,
 'ffn_num_layers': 2,
 'final_lr': 0.0001,
 'folds_file': None,
 'freeze_first_only': False,
 'frzn_ffn_layers': 0,
 'gpu': None,
 'grad_clip': None,
 'hidden_size': 300,
 'ignore_columns': None,
 'init_lr': 0.0001,
 'log_frequency': 10,
 'max_data_size': None,
 'max_lr': 0.001,
 'metric': 'auc',
 'metrics': ['auc'],
 'minimize_score': False,
 'mpn_shared': False,
 'multiclass_num_classes': 3,
 'no_atom_descriptor_scaling': False,
 'no_bond_features_scaling': False,
 'no_cache_mol': False,
 'no_cuda': False,
 'no_features_scaling': False,
 'num_folds': 1,
 'num_lrs': 1,
 'num_tasks': 1,
 'num_workers': 8,
 'number_of_molecules': 1,
 'overwrite_default_atom_features': False,
 'overwrite_default_bond_features': False,
 'phase_features_path': None,
 'pytorch_seed': 0,
 'quiet': False,
 'reaction': False,
 'reaction_mode': 'reac_diff',
 'resume_experiment': False,
 'save_dir': 'checkpoint_4',
 'save_preds': False,
 'save_smiles_splits': True,
 'seed': 4,
 'separate_test_atom_descriptors_path': None,
 'separate_test_bond_features_path': None,
 'separate_test_features_path': None,
 'separate_test_path': None,
 'separate_test_phase_features_path': None,
 'separate_val_atom_descriptors_path': None,
 'separate_val_bond_features_path': None,
 'separate_val_features_path': None,
 'separate_val_path': None,
 'separate_val_phase_features_path': None,
 'show_individual_scores': False,
 'smiles_columns': ['Smile'],
 'spectra_activation': 'exp',
 'spectra_phase_mask_path': None,
 'spectra_target_floor': 1e-08,
 'split_sizes': (0.8, 0.1, 0.1),
 'split_type': 'random',
 'target_columns': None,
 'target_weights': None,
 'task_names': ['Label'],
 'test': False,
 'test_fold_index': None,
 'train_data_size': None,
 'undirected': False,
 'use_input_features': False,
 'val_fold_index': None,
 'warmup_epochs': 2.0}
Setting molecule featurization parameters to default.
Loading data
Number of tasks = 1
Fold 0
Splitting data with seed 4
Class sizes
Label 0: 46.33%, 1: 53.67%
Total size = 1,157 | train size = 925 | val size = 116 | test size = 116
Building model 0
MoleculeModel(
  (sigmoid): Sigmoid()
  (encoder): MPN(
    (encoder): ModuleList(
      (0): MPNEncoder(
        (dropout_layer): Dropout(p=0.0, inplace=False)
        (act_func): ReLU()
        (W_i): Linear(in_features=147, out_features=300, bias=False)
        (W_h): Linear(in_features=300, out_features=300, bias=False)
        (W_o): Linear(in_features=433, out_features=300, bias=True)
      )
    )
  )
  (ffn): Sequential(
    (0): Dropout(p=0.0, inplace=False)
    (1): Linear(in_features=300, out_features=300, bias=True)
    (2): ReLU()
    (3): Dropout(p=0.0, inplace=False)
    (4): Linear(in_features=300, out_features=1, bias=True)
  )
)
Number of parameters = 355,201
Moving model to cuda
Epoch 0
Loss = 6.8681e-01, PNorm = 34.0125, GNorm = 1.5673, lr_0 = 3.7500e-04
Validation auc = 0.490774
Epoch 1
Loss = 7.2592e-01, PNorm = 34.0175, GNorm = 1.1864, lr_0 = 6.5000e-04
Loss = 6.7131e-01, PNorm = 34.0325, GNorm = 1.5984, lr_0 = 9.0000e-04
Validation auc = 0.527976
Epoch 2
Loss = 6.7534e-01, PNorm = 34.0591, GNorm = 0.5609, lr_0 = 9.7296e-04
Loss = 6.6501e-01, PNorm = 34.0930, GNorm = 0.4056, lr_0 = 9.2951e-04
Validation auc = 0.564583
Epoch 3
Loss = 6.6667e-01, PNorm = 34.1325, GNorm = 0.8289, lr_0 = 8.8395e-04
Loss = 6.5601e-01, PNorm = 34.1794, GNorm = 0.3612, lr_0 = 8.4448e-04
Validation auc = 0.543750
Epoch 4
Loss = 6.4376e-01, PNorm = 34.2332, GNorm = 0.3025, lr_0 = 8.0676e-04
Loss = 6.3975e-01, PNorm = 34.2819, GNorm = 0.4740, lr_0 = 7.7073e-04
Validation auc = 0.565476
Epoch 5
Loss = 6.5644e-01, PNorm = 34.3331, GNorm = 0.4686, lr_0 = 7.3296e-04
Loss = 6.5687e-01, PNorm = 34.3798, GNorm = 0.2980, lr_0 = 7.0023e-04
Validation auc = 0.549405
Epoch 6
Loss = 6.4008e-01, PNorm = 34.4335, GNorm = 0.2727, lr_0 = 6.6895e-04
Validation auc = 0.509821
Epoch 7
Loss = 7.0959e-01, PNorm = 34.4810, GNorm = 0.6486, lr_0 = 6.3617e-04
Loss = 6.2787e-01, PNorm = 34.5229, GNorm = 0.2421, lr_0 = 6.0776e-04
Validation auc = 0.558631
Epoch 8
Loss = 5.4703e-01, PNorm = 34.5761, GNorm = 0.3957, lr_0 = 5.8062e-04
Loss = 6.2416e-01, PNorm = 34.6232, GNorm = 0.6606, lr_0 = 5.5469e-04
Validation auc = 0.553274
Epoch 9
Loss = 6.1609e-01, PNorm = 34.6646, GNorm = 0.9332, lr_0 = 5.2750e-04
Loss = 6.0324e-01, PNorm = 34.7101, GNorm = 0.5923, lr_0 = 5.0394e-04
Validation auc = 0.574702
Epoch 10
Loss = 5.9628e-01, PNorm = 34.7604, GNorm = 0.3117, lr_0 = 4.8144e-04
Loss = 6.0004e-01, PNorm = 34.7979, GNorm = 0.6537, lr_0 = 4.5994e-04
Validation auc = 0.593750
Epoch 11
Loss = 5.8839e-01, PNorm = 34.8442, GNorm = 0.4180, lr_0 = 4.3739e-04
Loss = 5.7126e-01, PNorm = 34.8913, GNorm = 1.0337, lr_0 = 4.1786e-04
Validation auc = 0.573214
Epoch 12
Loss = 5.4848e-01, PNorm = 34.9344, GNorm = 0.5466, lr_0 = 3.9920e-04
Loss = 5.9561e-01, PNorm = 34.9765, GNorm = 1.5508, lr_0 = 3.8137e-04
Loss = 6.7368e-01, PNorm = 34.9801, GNorm = 1.1013, lr_0 = 3.7963e-04
Validation auc = 0.590179
Epoch 13
Loss = 5.6782e-01, PNorm = 35.0193, GNorm = 1.9161, lr_0 = 3.6268e-04
Validation auc = 0.589286
Epoch 14
Loss = 6.0670e-01, PNorm = 35.0493, GNorm = 0.6938, lr_0 = 3.4648e-04
Loss = 5.6284e-01, PNorm = 35.0903, GNorm = 0.8701, lr_0 = 3.3101e-04
Validation auc = 0.595238
Epoch 15
Loss = 5.3858e-01, PNorm = 35.1307, GNorm = 0.5623, lr_0 = 3.1479e-04
Loss = 5.4244e-01, PNorm = 35.1720, GNorm = 0.6672, lr_0 = 3.0073e-04
Validation auc = 0.605952
Epoch 16
Loss = 5.5415e-01, PNorm = 35.2027, GNorm = 1.0127, lr_0 = 2.8730e-04
Loss = 5.6747e-01, PNorm = 35.2336, GNorm = 0.5621, lr_0 = 2.7447e-04
Validation auc = 0.603869
Epoch 17
Loss = 5.2484e-01, PNorm = 35.2683, GNorm = 0.8694, lr_0 = 2.6102e-04
Loss = 5.5997e-01, PNorm = 35.2979, GNorm = 0.9972, lr_0 = 2.4936e-04
Validation auc = 0.611310
Epoch 18
Loss = 5.7119e-01, PNorm = 35.3192, GNorm = 1.4279, lr_0 = 2.3822e-04
Loss = 5.1160e-01, PNorm = 35.3484, GNorm = 0.4898, lr_0 = 2.2758e-04
Validation auc = 0.617262
Epoch 19
Loss = 5.1555e-01, PNorm = 35.3837, GNorm = 0.6198, lr_0 = 2.1643e-04
Loss = 5.3240e-01, PNorm = 35.4092, GNorm = 1.7629, lr_0 = 2.0676e-04
Validation auc = 0.624405
Epoch 20
Loss = 5.0789e-01, PNorm = 35.4345, GNorm = 0.8706, lr_0 = 1.9753e-04
Validation auc = 0.603869
Epoch 21
Loss = 5.2014e-01, PNorm = 35.4623, GNorm = 0.7459, lr_0 = 1.8785e-04
Loss = 5.1923e-01, PNorm = 35.4866, GNorm = 3.0564, lr_0 = 1.7946e-04
Validation auc = 0.628274
Epoch 22
Loss = 5.0831e-01, PNorm = 35.5085, GNorm = 0.9934, lr_0 = 1.7145e-04
Loss = 5.1210e-01, PNorm = 35.5299, GNorm = 0.7629, lr_0 = 1.6379e-04
Validation auc = 0.631845
Epoch 23
Loss = 4.8210e-01, PNorm = 35.5527, GNorm = 1.0029, lr_0 = 1.5576e-04
Loss = 5.0297e-01, PNorm = 35.5732, GNorm = 1.1456, lr_0 = 1.4881e-04
Validation auc = 0.629762
Epoch 24
Loss = 4.9613e-01, PNorm = 35.5927, GNorm = 0.7336, lr_0 = 1.4216e-04
Loss = 4.9487e-01, PNorm = 35.6122, GNorm = 1.0766, lr_0 = 1.3581e-04
Validation auc = 0.636607
Epoch 25
Loss = 5.1569e-01, PNorm = 35.6318, GNorm = 1.7341, lr_0 = 1.2915e-04
Loss = 4.7306e-01, PNorm = 35.6500, GNorm = 1.3937, lr_0 = 1.2339e-04
Validation auc = 0.640179
Epoch 26
Loss = 4.7555e-01, PNorm = 35.6691, GNorm = 1.3553, lr_0 = 1.1788e-04
Validation auc = 0.639286
Epoch 27
Loss = 5.2030e-01, PNorm = 35.6867, GNorm = 0.7708, lr_0 = 1.1210e-04
Loss = 4.7777e-01, PNorm = 35.7015, GNorm = 0.9425, lr_0 = 1.0709e-04
Validation auc = 0.636905
Epoch 28
Loss = 5.1356e-01, PNorm = 35.7177, GNorm = 1.8492, lr_0 = 1.0231e-04
Loss = 4.7783e-01, PNorm = 35.7311, GNorm = 2.4593, lr_0 = 1.0000e-04
Validation auc = 0.635714
Epoch 29
Loss = 5.0905e-01, PNorm = 35.7454, GNorm = 1.8316, lr_0 = 1.0000e-04
Loss = 4.9186e-01, PNorm = 35.7585, GNorm = 3.0170, lr_0 = 1.0000e-04
Validation auc = 0.648512
Model 0 best validation auc = 0.648512 on epoch 29
Loading pretrained parameter "encoder.encoder.0.cached_zero_vector".
Loading pretrained parameter "encoder.encoder.0.W_i.weight".
Loading pretrained parameter "encoder.encoder.0.W_h.weight".
Loading pretrained parameter "encoder.encoder.0.W_o.weight".
Loading pretrained parameter "encoder.encoder.0.W_o.bias".
Loading pretrained parameter "ffn.1.weight".
Loading pretrained parameter "ffn.1.bias".
Loading pretrained parameter "ffn.4.weight".
Loading pretrained parameter "ffn.4.bias".
Moving model to cuda
Model 0 test auc = 0.676320
Ensemble test auc = 0.676320
1-fold cross validation
	Seed 4 ==> test auc = 0.676320
Overall test auc = 0.676320 +/- 0.000000
Elapsed time = 0:00:24
Command line
python /home/jxy/anaconda3/envs/chemprop_1119/bin/chemprop_train --data_path data/train_random_nocanonical.csv --dataset_type classification --save_dir checkpoint_4 --save_smiles_splits --seed 4 --split_sizes 0.9 0.1 0.0
Args
{'activation': 'ReLU',
 'aggregation': 'mean',
 'aggregation_norm': 100,
 'alternative_loss_function': None,
 'atom_descriptor_scaling': True,
 'atom_descriptors': None,
 'atom_descriptors_path': None,
 'atom_descriptors_size': 0,
 'atom_features_size': 0,
 'atom_messages': False,
 'batch_size': 50,
 'bias': False,
 'bond_feature_scaling': True,
 'bond_features_path': None,
 'bond_features_size': 0,
 'cache_cutoff': 10000,
 'checkpoint_dir': None,
 'checkpoint_frzn': None,
 'checkpoint_path': None,
 'checkpoint_paths': None,
 'class_balance': False,
 'config_path': None,
 'crossval_index_dir': None,
 'crossval_index_file': None,
 'crossval_index_sets': None,
 'cuda': True,
 'data_path': 'data/train_random_nocanonical.csv',
 'data_weights_path': None,
 'dataset_type': 'classification',
 'depth': 3,
 'device': device(type='cuda'),
 'dropout': 0.0,
 'empty_cache': False,
 'ensemble_size': 1,
 'epochs': 30,
 'explicit_h': False,
 'extra_metrics': [],
 'features_generator': None,
 'features_only': False,
 'features_path': None,
 'features_scaling': True,
 'features_size': None,
 'ffn_hidden_size': 300,
 'ffn_num_layers': 2,
 'final_lr': 0.0001,
 'folds_file': None,
 'freeze_first_only': False,
 'frzn_ffn_layers': 0,
 'gpu': None,
 'grad_clip': None,
 'hidden_size': 300,
 'ignore_columns': None,
 'init_lr': 0.0001,
 'log_frequency': 10,
 'max_data_size': None,
 'max_lr': 0.001,
 'metric': 'auc',
 'metrics': ['auc'],
 'minimize_score': False,
 'mpn_shared': False,
 'multiclass_num_classes': 3,
 'no_atom_descriptor_scaling': False,
 'no_bond_features_scaling': False,
 'no_cache_mol': False,
 'no_cuda': False,
 'no_features_scaling': False,
 'num_folds': 1,
 'num_lrs': 1,
 'num_tasks': 1,
 'num_workers': 8,
 'number_of_molecules': 1,
 'overwrite_default_atom_features': False,
 'overwrite_default_bond_features': False,
 'phase_features_path': None,
 'pytorch_seed': 0,
 'quiet': False,
 'reaction': False,
 'reaction_mode': 'reac_diff',
 'resume_experiment': False,
 'save_dir': 'checkpoint_4',
 'save_preds': False,
 'save_smiles_splits': True,
 'seed': 4,
 'separate_test_atom_descriptors_path': None,
 'separate_test_bond_features_path': None,
 'separate_test_features_path': None,
 'separate_test_path': None,
 'separate_test_phase_features_path': None,
 'separate_val_atom_descriptors_path': None,
 'separate_val_bond_features_path': None,
 'separate_val_features_path': None,
 'separate_val_path': None,
 'separate_val_phase_features_path': None,
 'show_individual_scores': False,
 'smiles_columns': ['Smile'],
 'spectra_activation': 'exp',
 'spectra_phase_mask_path': None,
 'spectra_target_floor': 1e-08,
 'split_sizes': (0.9, 0.1, 0.0),
 'split_type': 'random',
 'target_columns': None,
 'target_weights': None,
 'task_names': ['Label'],
 'test': False,
 'test_fold_index': None,
 'train_data_size': None,
 'undirected': False,
 'use_input_features': False,
 'val_fold_index': None,
 'warmup_epochs': 2.0}
Setting molecule featurization parameters to default.
Loading data
Number of tasks = 1
Fold 0
Splitting data with seed 4
Class sizes
Label 0: 46.33%, 1: 53.67%
Total size = 1,157 | train size = 1,041 | val size = 116 | test size = 0
Building model 0
MoleculeModel(
  (sigmoid): Sigmoid()
  (encoder): MPN(
    (encoder): ModuleList(
      (0): MPNEncoder(
        (dropout_layer): Dropout(p=0.0, inplace=False)
        (act_func): ReLU()
        (W_i): Linear(in_features=147, out_features=300, bias=False)
        (W_h): Linear(in_features=300, out_features=300, bias=False)
        (W_o): Linear(in_features=433, out_features=300, bias=True)
      )
    )
  )
  (ffn): Sequential(
    (0): Dropout(p=0.0, inplace=False)
    (1): Linear(in_features=300, out_features=300, bias=True)
    (2): ReLU()
    (3): Dropout(p=0.0, inplace=False)
    (4): Linear(in_features=300, out_features=1, bias=True)
  )
)
Number of parameters = 355,201
Moving model to cuda
Epoch 0
Loss = 6.8868e-01, PNorm = 34.0117, GNorm = 0.8997, lr_0 = 3.4750e-04
Loss = 6.8663e-01, PNorm = 34.0165, GNorm = 0.4482, lr_0 = 5.7250e-04
Loss = 6.9464e-01, PNorm = 34.0173, GNorm = 1.0698, lr_0 = 5.9500e-04
Validation auc = 0.636501
Epoch 1
Loss = 6.8866e-01, PNorm = 34.0313, GNorm = 0.4618, lr_0 = 8.2000e-04
Loss = 6.8022e-01, PNorm = 34.0592, GNorm = 0.9195, lr_0 = 9.9181e-04
Validation auc = 0.623831
Epoch 2
Loss = 6.6326e-01, PNorm = 34.0931, GNorm = 0.5763, lr_0 = 9.5186e-04
Loss = 6.7332e-01, PNorm = 34.1359, GNorm = 0.3158, lr_0 = 9.1351e-04
Validation auc = 0.641931
Epoch 3
Loss = 6.5592e-01, PNorm = 34.1834, GNorm = 0.6133, lr_0 = 8.7671e-04
Loss = 6.5336e-01, PNorm = 34.2346, GNorm = 0.1740, lr_0 = 8.4140e-04
Validation auc = 0.644947
Epoch 4
Loss = 6.6116e-01, PNorm = 34.2757, GNorm = 0.4181, lr_0 = 8.0750e-04
Loss = 6.4516e-01, PNorm = 34.3278, GNorm = 0.4623, lr_0 = 7.7497e-04
Validation auc = 0.657014
Epoch 5
Loss = 6.3272e-01, PNorm = 34.3806, GNorm = 0.3308, lr_0 = 7.4375e-04
Loss = 6.4602e-01, PNorm = 34.4315, GNorm = 0.8114, lr_0 = 7.1379e-04
Validation auc = 0.628054
Epoch 6
Loss = 6.4941e-01, PNorm = 34.4824, GNorm = 0.2371, lr_0 = 6.8223e-04
Loss = 6.3559e-01, PNorm = 34.5351, GNorm = 0.6224, lr_0 = 6.5474e-04
Validation auc = 0.659427
Epoch 7
Loss = 6.2044e-01, PNorm = 34.5793, GNorm = 0.3639, lr_0 = 6.2837e-04
Loss = 6.2982e-01, PNorm = 34.6305, GNorm = 0.8041, lr_0 = 6.0306e-04
Validation auc = 0.647964
Epoch 8
Loss = 5.9779e-01, PNorm = 34.6791, GNorm = 0.4610, lr_0 = 5.7876e-04
Loss = 6.1973e-01, PNorm = 34.7288, GNorm = 0.3450, lr_0 = 5.5545e-04
Validation auc = 0.661237
Epoch 9
Loss = 5.9131e-01, PNorm = 34.7729, GNorm = 0.5372, lr_0 = 5.3307e-04
Loss = 6.1569e-01, PNorm = 34.8193, GNorm = 0.8057, lr_0 = 5.1160e-04
Validation auc = 0.680543
Epoch 10
Loss = 5.5829e-01, PNorm = 34.8624, GNorm = 0.4127, lr_0 = 4.9099e-04
Loss = 6.1055e-01, PNorm = 34.9016, GNorm = 1.1013, lr_0 = 4.7121e-04
Validation auc = 0.647360
Epoch 11
Loss = 5.3751e-01, PNorm = 34.9537, GNorm = 1.4136, lr_0 = 4.5223e-04
Loss = 6.0347e-01, PNorm = 34.9985, GNorm = 0.9350, lr_0 = 4.3401e-04
Validation auc = 0.657617
Epoch 12
Loss = 5.7445e-01, PNorm = 35.0399, GNorm = 0.3827, lr_0 = 4.1482e-04
Loss = 5.9831e-01, PNorm = 35.0782, GNorm = 0.5151, lr_0 = 3.9811e-04
Loss = 5.6901e-01, PNorm = 35.1222, GNorm = 0.5512, lr_0 = 3.8207e-04
Validation auc = 0.661840
Epoch 13
Loss = 5.6441e-01, PNorm = 35.1617, GNorm = 1.4613, lr_0 = 3.6668e-04
Loss = 5.7525e-01, PNorm = 35.1975, GNorm = 0.4355, lr_0 = 3.5191e-04
Validation auc = 0.636501
Epoch 14
Loss = 5.9399e-01, PNorm = 35.2328, GNorm = 1.4955, lr_0 = 3.3773e-04
Loss = 5.3605e-01, PNorm = 35.2745, GNorm = 0.4743, lr_0 = 3.2413e-04
Validation auc = 0.631071
Epoch 15
Loss = 5.4659e-01, PNorm = 35.3177, GNorm = 0.9097, lr_0 = 3.1107e-04
Loss = 5.5037e-01, PNorm = 35.3575, GNorm = 0.9217, lr_0 = 2.9854e-04
Validation auc = 0.662745
Epoch 16
Loss = 5.6551e-01, PNorm = 35.3850, GNorm = 0.8599, lr_0 = 2.8651e-04
Loss = 5.3254e-01, PNorm = 35.4200, GNorm = 0.6413, lr_0 = 2.7497e-04
Validation auc = 0.628356
Epoch 17
Loss = 5.8922e-01, PNorm = 35.4569, GNorm = 0.5924, lr_0 = 2.6281e-04
Loss = 5.3989e-01, PNorm = 35.4867, GNorm = 1.2767, lr_0 = 2.5222e-04
Validation auc = 0.685068
Epoch 18
Loss = 5.1460e-01, PNorm = 35.5185, GNorm = 0.7024, lr_0 = 2.4206e-04
Loss = 5.3318e-01, PNorm = 35.5495, GNorm = 1.0231, lr_0 = 2.3231e-04
Validation auc = 0.640724
Epoch 19
Loss = 5.1227e-01, PNorm = 35.5769, GNorm = 0.5586, lr_0 = 2.2295e-04
Loss = 5.1135e-01, PNorm = 35.6082, GNorm = 1.9334, lr_0 = 2.1397e-04
Validation auc = 0.663650
Epoch 20
Loss = 4.8039e-01, PNorm = 35.6346, GNorm = 1.8973, lr_0 = 2.0535e-04
Loss = 5.1750e-01, PNorm = 35.6592, GNorm = 0.6572, lr_0 = 1.9708e-04
Validation auc = 0.648567
Epoch 21
Loss = 4.6208e-01, PNorm = 35.6857, GNorm = 1.1562, lr_0 = 1.8914e-04
Loss = 5.1325e-01, PNorm = 35.7130, GNorm = 2.5464, lr_0 = 1.8152e-04
Validation auc = 0.659427
Epoch 22
Loss = 5.0959e-01, PNorm = 35.7358, GNorm = 0.9140, lr_0 = 1.7421e-04
Loss = 5.1409e-01, PNorm = 35.7583, GNorm = 1.8496, lr_0 = 1.6719e-04
Validation auc = 0.661237
Epoch 23
Loss = 4.7746e-01, PNorm = 35.7816, GNorm = 0.7499, lr_0 = 1.5980e-04
Loss = 5.0639e-01, PNorm = 35.8024, GNorm = 1.4185, lr_0 = 1.5336e-04
Validation auc = 0.679035
Epoch 24
Loss = 3.8710e-01, PNorm = 35.8243, GNorm = 0.8277, lr_0 = 1.4718e-04
Loss = 4.9613e-01, PNorm = 35.8433, GNorm = 1.0783, lr_0 = 1.4125e-04
Loss = 5.1815e-01, PNorm = 35.8621, GNorm = 1.6134, lr_0 = 1.3556e-04
Validation auc = 0.669080
Epoch 25
Loss = 4.9023e-01, PNorm = 35.8796, GNorm = 0.7575, lr_0 = 1.3010e-04
Loss = 5.0888e-01, PNorm = 35.8970, GNorm = 0.9856, lr_0 = 1.2486e-04
Validation auc = 0.652187
Epoch 26
Loss = 4.8474e-01, PNorm = 35.9132, GNorm = 1.4636, lr_0 = 1.1983e-04
Loss = 4.9193e-01, PNorm = 35.9298, GNorm = 1.5418, lr_0 = 1.1500e-04
Validation auc = 0.675415
Epoch 27
Loss = 4.5837e-01, PNorm = 35.9468, GNorm = 1.1807, lr_0 = 1.1037e-04
Loss = 4.8346e-01, PNorm = 35.9614, GNorm = 1.7416, lr_0 = 1.0593e-04
Validation auc = 0.662443
Epoch 28
Loss = 4.7925e-01, PNorm = 35.9769, GNorm = 1.7071, lr_0 = 1.0124e-04
Loss = 4.8662e-01, PNorm = 35.9893, GNorm = 1.4496, lr_0 = 1.0000e-04
Validation auc = 0.673303
Epoch 29
Loss = 4.7144e-01, PNorm = 36.0032, GNorm = 1.1381, lr_0 = 1.0000e-04
Loss = 4.7381e-01, PNorm = 36.0160, GNorm = 0.9851, lr_0 = 1.0000e-04
Validation auc = 0.658824
Model 0 best validation auc = 0.685068 on epoch 17
Loading pretrained parameter "encoder.encoder.0.cached_zero_vector".
Loading pretrained parameter "encoder.encoder.0.W_i.weight".
Loading pretrained parameter "encoder.encoder.0.W_h.weight".
Loading pretrained parameter "encoder.encoder.0.W_o.weight".
Loading pretrained parameter "encoder.encoder.0.W_o.bias".
Loading pretrained parameter "ffn.1.weight".
Loading pretrained parameter "ffn.1.bias".
Loading pretrained parameter "ffn.4.weight".
Loading pretrained parameter "ffn.4.bias".
Moving model to cuda
Model 0 test auc = nan
Ensemble test auc = nan
1-fold cross validation
	Seed 4 ==> test auc = nan
Overall test auc = nan +/- nan
Elapsed time = 0:00:24
