Command line
python /home/jxy/anaconda3/envs/chemprop_1119/bin/chemprop_train --data_path data/train_random_nocanonical.csv --dataset_type classification --save_dir checkpoint_3 --save_smiles_splits --seed 3
Args
{'activation': 'ReLU',
 'aggregation': 'mean',
 'aggregation_norm': 100,
 'alternative_loss_function': None,
 'atom_descriptor_scaling': True,
 'atom_descriptors': None,
 'atom_descriptors_path': None,
 'atom_descriptors_size': 0,
 'atom_features_size': 0,
 'atom_messages': False,
 'batch_size': 50,
 'bias': False,
 'bond_feature_scaling': True,
 'bond_features_path': None,
 'bond_features_size': 0,
 'cache_cutoff': 10000,
 'checkpoint_dir': None,
 'checkpoint_frzn': None,
 'checkpoint_path': None,
 'checkpoint_paths': None,
 'class_balance': False,
 'config_path': None,
 'crossval_index_dir': None,
 'crossval_index_file': None,
 'crossval_index_sets': None,
 'cuda': True,
 'data_path': 'data/train_random_nocanonical.csv',
 'data_weights_path': None,
 'dataset_type': 'classification',
 'depth': 3,
 'device': device(type='cuda'),
 'dropout': 0.0,
 'empty_cache': False,
 'ensemble_size': 1,
 'epochs': 30,
 'explicit_h': False,
 'extra_metrics': [],
 'features_generator': None,
 'features_only': False,
 'features_path': None,
 'features_scaling': True,
 'features_size': None,
 'ffn_hidden_size': 300,
 'ffn_num_layers': 2,
 'final_lr': 0.0001,
 'folds_file': None,
 'freeze_first_only': False,
 'frzn_ffn_layers': 0,
 'gpu': None,
 'grad_clip': None,
 'hidden_size': 300,
 'ignore_columns': None,
 'init_lr': 0.0001,
 'log_frequency': 10,
 'max_data_size': None,
 'max_lr': 0.001,
 'metric': 'auc',
 'metrics': ['auc'],
 'minimize_score': False,
 'mpn_shared': False,
 'multiclass_num_classes': 3,
 'no_atom_descriptor_scaling': False,
 'no_bond_features_scaling': False,
 'no_cache_mol': False,
 'no_cuda': False,
 'no_features_scaling': False,
 'num_folds': 1,
 'num_lrs': 1,
 'num_tasks': 1,
 'num_workers': 8,
 'number_of_molecules': 1,
 'overwrite_default_atom_features': False,
 'overwrite_default_bond_features': False,
 'phase_features_path': None,
 'pytorch_seed': 0,
 'quiet': False,
 'reaction': False,
 'reaction_mode': 'reac_diff',
 'resume_experiment': False,
 'save_dir': 'checkpoint_3',
 'save_preds': False,
 'save_smiles_splits': True,
 'seed': 3,
 'separate_test_atom_descriptors_path': None,
 'separate_test_bond_features_path': None,
 'separate_test_features_path': None,
 'separate_test_path': None,
 'separate_test_phase_features_path': None,
 'separate_val_atom_descriptors_path': None,
 'separate_val_bond_features_path': None,
 'separate_val_features_path': None,
 'separate_val_path': None,
 'separate_val_phase_features_path': None,
 'show_individual_scores': False,
 'smiles_columns': ['Smile'],
 'spectra_activation': 'exp',
 'spectra_phase_mask_path': None,
 'spectra_target_floor': 1e-08,
 'split_sizes': (0.8, 0.1, 0.1),
 'split_type': 'random',
 'target_columns': None,
 'target_weights': None,
 'task_names': ['Label'],
 'test': False,
 'test_fold_index': None,
 'train_data_size': None,
 'undirected': False,
 'use_input_features': False,
 'val_fold_index': None,
 'warmup_epochs': 2.0}
Setting molecule featurization parameters to default.
Loading data
Number of tasks = 1
Fold 0
Splitting data with seed 3
Class sizes
Label 0: 46.33%, 1: 53.67%
Total size = 1,157 | train size = 925 | val size = 116 | test size = 116
Building model 0
MoleculeModel(
  (sigmoid): Sigmoid()
  (encoder): MPN(
    (encoder): ModuleList(
      (0): MPNEncoder(
        (dropout_layer): Dropout(p=0.0, inplace=False)
        (act_func): ReLU()
        (W_i): Linear(in_features=147, out_features=300, bias=False)
        (W_h): Linear(in_features=300, out_features=300, bias=False)
        (W_o): Linear(in_features=433, out_features=300, bias=True)
      )
    )
  )
  (ffn): Sequential(
    (0): Dropout(p=0.0, inplace=False)
    (1): Linear(in_features=300, out_features=300, bias=True)
    (2): ReLU()
    (3): Dropout(p=0.0, inplace=False)
    (4): Linear(in_features=300, out_features=1, bias=True)
  )
)
Number of parameters = 355,201
Moving model to cuda
Epoch 0
Loss = 6.9054e-01, PNorm = 34.0111, GNorm = 0.2050, lr_0 = 3.7500e-04
Validation auc = 0.597317
Epoch 1
Loss = 6.8724e-01, PNorm = 34.0197, GNorm = 0.1889, lr_0 = 6.5000e-04
Loss = 6.8602e-01, PNorm = 34.0398, GNorm = 0.7621, lr_0 = 9.0000e-04
Validation auc = 0.610432
Epoch 2
Loss = 6.9851e-01, PNorm = 34.0677, GNorm = 0.3683, lr_0 = 9.7296e-04
Loss = 6.9343e-01, PNorm = 34.1062, GNorm = 0.1417, lr_0 = 9.2951e-04
Validation auc = 0.608942
Epoch 3
Loss = 6.6606e-01, PNorm = 34.1558, GNorm = 0.1978, lr_0 = 8.8395e-04
Loss = 6.6050e-01, PNorm = 34.2061, GNorm = 0.3183, lr_0 = 8.4448e-04
Validation auc = 0.608942
Epoch 4
Loss = 6.4175e-01, PNorm = 34.2629, GNorm = 0.4171, lr_0 = 8.0676e-04
Loss = 6.5500e-01, PNorm = 34.3037, GNorm = 0.6272, lr_0 = 7.7073e-04
Validation auc = 0.584799
Epoch 5
Loss = 6.3217e-01, PNorm = 34.3641, GNorm = 0.3323, lr_0 = 7.3296e-04
Loss = 6.3137e-01, PNorm = 34.4211, GNorm = 0.3589, lr_0 = 7.0023e-04
Validation auc = 0.590462
Epoch 6
Loss = 6.5451e-01, PNorm = 34.4533, GNorm = 0.5222, lr_0 = 6.6895e-04
Validation auc = 0.610432
Epoch 7
Loss = 6.2592e-01, PNorm = 34.5186, GNorm = 0.2618, lr_0 = 6.3617e-04
Loss = 6.2510e-01, PNorm = 34.5710, GNorm = 0.2805, lr_0 = 6.0776e-04
Validation auc = 0.616393
Epoch 8
Loss = 6.5246e-01, PNorm = 34.6143, GNorm = 0.3782, lr_0 = 5.8062e-04
Loss = 5.9693e-01, PNorm = 34.6605, GNorm = 0.2666, lr_0 = 5.5469e-04
Validation auc = 0.607452
Epoch 9
Loss = 6.1406e-01, PNorm = 34.7191, GNorm = 1.1341, lr_0 = 5.2750e-04
Loss = 6.1515e-01, PNorm = 34.7647, GNorm = 0.4232, lr_0 = 5.0394e-04
Validation auc = 0.611028
Epoch 10
Loss = 6.0087e-01, PNorm = 34.8112, GNorm = 0.4573, lr_0 = 4.8144e-04
Loss = 6.0469e-01, PNorm = 34.8642, GNorm = 0.3862, lr_0 = 4.5994e-04
Validation auc = 0.609836
Epoch 11
Loss = 5.8640e-01, PNorm = 34.9170, GNorm = 0.8808, lr_0 = 4.3739e-04
Loss = 5.7762e-01, PNorm = 34.9644, GNorm = 0.7423, lr_0 = 4.1786e-04
Validation auc = 0.597317
Epoch 12
Loss = 5.8082e-01, PNorm = 35.0137, GNorm = 1.8128, lr_0 = 3.9920e-04
Loss = 5.9521e-01, PNorm = 35.0547, GNorm = 0.4778, lr_0 = 3.8137e-04
Loss = 4.5889e-01, PNorm = 35.0585, GNorm = 0.7757, lr_0 = 3.7963e-04
Validation auc = 0.616990
Epoch 13
Loss = 6.0898e-01, PNorm = 35.0920, GNorm = 0.5101, lr_0 = 3.6268e-04
Validation auc = 0.617288
Epoch 14
Loss = 6.2562e-01, PNorm = 35.1299, GNorm = 0.5211, lr_0 = 3.4648e-04
Loss = 5.8697e-01, PNorm = 35.1626, GNorm = 0.7829, lr_0 = 3.3101e-04
Validation auc = 0.613413
Epoch 15
Loss = 5.7458e-01, PNorm = 35.2055, GNorm = 0.5078, lr_0 = 3.1479e-04
Loss = 5.4128e-01, PNorm = 35.2415, GNorm = 0.5837, lr_0 = 3.0073e-04
Validation auc = 0.607154
Epoch 16
Loss = 5.2946e-01, PNorm = 35.2767, GNorm = 1.4290, lr_0 = 2.8730e-04
Loss = 5.7066e-01, PNorm = 35.3107, GNorm = 0.4988, lr_0 = 2.7447e-04
Validation auc = 0.614307
Epoch 17
Loss = 5.3004e-01, PNorm = 35.3477, GNorm = 0.6385, lr_0 = 2.6102e-04
Loss = 5.5663e-01, PNorm = 35.3788, GNorm = 1.8436, lr_0 = 2.4936e-04
Validation auc = 0.623547
Epoch 18
Loss = 5.1243e-01, PNorm = 35.4120, GNorm = 0.6267, lr_0 = 2.3822e-04
Loss = 5.4393e-01, PNorm = 35.4429, GNorm = 2.0522, lr_0 = 2.2758e-04
Validation auc = 0.619374
Epoch 19
Loss = 5.2252e-01, PNorm = 35.4754, GNorm = 0.6434, lr_0 = 2.1643e-04
Loss = 5.1968e-01, PNorm = 35.5046, GNorm = 1.5811, lr_0 = 2.0676e-04
Validation auc = 0.620268
Epoch 20
Loss = 5.0120e-01, PNorm = 35.5355, GNorm = 1.4842, lr_0 = 1.9753e-04
Validation auc = 0.600596
Epoch 21
Loss = 6.1065e-01, PNorm = 35.5640, GNorm = 1.3631, lr_0 = 1.8785e-04
Loss = 5.0217e-01, PNorm = 35.5872, GNorm = 0.6044, lr_0 = 1.7946e-04
Validation auc = 0.622951
Epoch 22
Loss = 5.0278e-01, PNorm = 35.6121, GNorm = 1.1007, lr_0 = 1.7145e-04
Loss = 5.0130e-01, PNorm = 35.6371, GNorm = 1.0534, lr_0 = 1.6379e-04
Validation auc = 0.622653
Epoch 23
Loss = 4.8140e-01, PNorm = 35.6593, GNorm = 1.3515, lr_0 = 1.5576e-04
Loss = 5.0689e-01, PNorm = 35.6826, GNorm = 1.3211, lr_0 = 1.4881e-04
Validation auc = 0.630700
Epoch 24
Loss = 5.0039e-01, PNorm = 35.7051, GNorm = 0.6899, lr_0 = 1.4216e-04
Loss = 4.8933e-01, PNorm = 35.7253, GNorm = 0.8588, lr_0 = 1.3581e-04
Validation auc = 0.631297
Epoch 25
Loss = 4.8827e-01, PNorm = 35.7459, GNorm = 0.6227, lr_0 = 1.2915e-04
Loss = 4.9442e-01, PNorm = 35.7654, GNorm = 3.0641, lr_0 = 1.2339e-04
Validation auc = 0.617288
Epoch 26
Loss = 5.0631e-01, PNorm = 35.7821, GNorm = 2.7709, lr_0 = 1.1788e-04
Validation auc = 0.631297
Epoch 27
Loss = 4.6932e-01, PNorm = 35.8003, GNorm = 0.7169, lr_0 = 1.1210e-04
Loss = 4.6486e-01, PNorm = 35.8161, GNorm = 1.0377, lr_0 = 1.0709e-04
Validation auc = 0.636066
Epoch 28
Loss = 4.2818e-01, PNorm = 35.8318, GNorm = 0.6694, lr_0 = 1.0231e-04
Loss = 4.9247e-01, PNorm = 35.8472, GNorm = 3.3038, lr_0 = 1.0000e-04
Validation auc = 0.627124
Epoch 29
Loss = 4.4550e-01, PNorm = 35.8640, GNorm = 1.1355, lr_0 = 1.0000e-04
Loss = 4.6500e-01, PNorm = 35.8809, GNorm = 1.3187, lr_0 = 1.0000e-04
Validation auc = 0.630402
Model 0 best validation auc = 0.636066 on epoch 27
Loading pretrained parameter "encoder.encoder.0.cached_zero_vector".
Loading pretrained parameter "encoder.encoder.0.W_i.weight".
Loading pretrained parameter "encoder.encoder.0.W_h.weight".
Loading pretrained parameter "encoder.encoder.0.W_o.weight".
Loading pretrained parameter "encoder.encoder.0.W_o.bias".
Loading pretrained parameter "ffn.1.weight".
Loading pretrained parameter "ffn.1.bias".
Loading pretrained parameter "ffn.4.weight".
Loading pretrained parameter "ffn.4.bias".
Moving model to cuda
Model 0 test auc = 0.702735
Ensemble test auc = 0.702735
1-fold cross validation
	Seed 3 ==> test auc = 0.702735
Overall test auc = 0.702735 +/- 0.000000
Elapsed time = 0:00:24
Command line
python /home/jxy/anaconda3/envs/chemprop_1119/bin/chemprop_train --data_path data/train_random_nocanonical.csv --dataset_type classification --save_dir checkpoint_3 --save_smiles_splits --seed 3 --split_sizes 0.9 0.1 0.0
Args
{'activation': 'ReLU',
 'aggregation': 'mean',
 'aggregation_norm': 100,
 'alternative_loss_function': None,
 'atom_descriptor_scaling': True,
 'atom_descriptors': None,
 'atom_descriptors_path': None,
 'atom_descriptors_size': 0,
 'atom_features_size': 0,
 'atom_messages': False,
 'batch_size': 50,
 'bias': False,
 'bond_feature_scaling': True,
 'bond_features_path': None,
 'bond_features_size': 0,
 'cache_cutoff': 10000,
 'checkpoint_dir': None,
 'checkpoint_frzn': None,
 'checkpoint_path': None,
 'checkpoint_paths': None,
 'class_balance': False,
 'config_path': None,
 'crossval_index_dir': None,
 'crossval_index_file': None,
 'crossval_index_sets': None,
 'cuda': True,
 'data_path': 'data/train_random_nocanonical.csv',
 'data_weights_path': None,
 'dataset_type': 'classification',
 'depth': 3,
 'device': device(type='cuda'),
 'dropout': 0.0,
 'empty_cache': False,
 'ensemble_size': 1,
 'epochs': 30,
 'explicit_h': False,
 'extra_metrics': [],
 'features_generator': None,
 'features_only': False,
 'features_path': None,
 'features_scaling': True,
 'features_size': None,
 'ffn_hidden_size': 300,
 'ffn_num_layers': 2,
 'final_lr': 0.0001,
 'folds_file': None,
 'freeze_first_only': False,
 'frzn_ffn_layers': 0,
 'gpu': None,
 'grad_clip': None,
 'hidden_size': 300,
 'ignore_columns': None,
 'init_lr': 0.0001,
 'log_frequency': 10,
 'max_data_size': None,
 'max_lr': 0.001,
 'metric': 'auc',
 'metrics': ['auc'],
 'minimize_score': False,
 'mpn_shared': False,
 'multiclass_num_classes': 3,
 'no_atom_descriptor_scaling': False,
 'no_bond_features_scaling': False,
 'no_cache_mol': False,
 'no_cuda': False,
 'no_features_scaling': False,
 'num_folds': 1,
 'num_lrs': 1,
 'num_tasks': 1,
 'num_workers': 8,
 'number_of_molecules': 1,
 'overwrite_default_atom_features': False,
 'overwrite_default_bond_features': False,
 'phase_features_path': None,
 'pytorch_seed': 0,
 'quiet': False,
 'reaction': False,
 'reaction_mode': 'reac_diff',
 'resume_experiment': False,
 'save_dir': 'checkpoint_3',
 'save_preds': False,
 'save_smiles_splits': True,
 'seed': 3,
 'separate_test_atom_descriptors_path': None,
 'separate_test_bond_features_path': None,
 'separate_test_features_path': None,
 'separate_test_path': None,
 'separate_test_phase_features_path': None,
 'separate_val_atom_descriptors_path': None,
 'separate_val_bond_features_path': None,
 'separate_val_features_path': None,
 'separate_val_path': None,
 'separate_val_phase_features_path': None,
 'show_individual_scores': False,
 'smiles_columns': ['Smile'],
 'spectra_activation': 'exp',
 'spectra_phase_mask_path': None,
 'spectra_target_floor': 1e-08,
 'split_sizes': (0.9, 0.1, 0.0),
 'split_type': 'random',
 'target_columns': None,
 'target_weights': None,
 'task_names': ['Label'],
 'test': False,
 'test_fold_index': None,
 'train_data_size': None,
 'undirected': False,
 'use_input_features': False,
 'val_fold_index': None,
 'warmup_epochs': 2.0}
Setting molecule featurization parameters to default.
Loading data
Number of tasks = 1
Fold 0
Splitting data with seed 3
Class sizes
Label 0: 46.33%, 1: 53.67%
Total size = 1,157 | train size = 1,041 | val size = 116 | test size = 0
Building model 0
MoleculeModel(
  (sigmoid): Sigmoid()
  (encoder): MPN(
    (encoder): ModuleList(
      (0): MPNEncoder(
        (dropout_layer): Dropout(p=0.0, inplace=False)
        (act_func): ReLU()
        (W_i): Linear(in_features=147, out_features=300, bias=False)
        (W_h): Linear(in_features=300, out_features=300, bias=False)
        (W_o): Linear(in_features=433, out_features=300, bias=True)
      )
    )
  )
  (ffn): Sequential(
    (0): Dropout(p=0.0, inplace=False)
    (1): Linear(in_features=300, out_features=300, bias=True)
    (2): ReLU()
    (3): Dropout(p=0.0, inplace=False)
    (4): Linear(in_features=300, out_features=1, bias=True)
  )
)
Number of parameters = 355,201
Moving model to cuda
Epoch 0
Loss = 6.9492e-01, PNorm = 34.0102, GNorm = 0.2333, lr_0 = 3.4750e-04
Loss = 6.9489e-01, PNorm = 34.0151, GNorm = 0.2010, lr_0 = 5.7250e-04
Loss = 6.5289e-01, PNorm = 34.0164, GNorm = 0.3497, lr_0 = 5.9500e-04
Validation auc = 0.625743
Epoch 1
Loss = 6.8304e-01, PNorm = 34.0326, GNorm = 0.3137, lr_0 = 8.2000e-04
Loss = 6.8545e-01, PNorm = 34.0572, GNorm = 0.1691, lr_0 = 9.9181e-04
Validation auc = 0.615042
Epoch 2
Loss = 6.9334e-01, PNorm = 34.0866, GNorm = 0.6922, lr_0 = 9.5186e-04
Loss = 6.8399e-01, PNorm = 34.1207, GNorm = 0.1326, lr_0 = 9.1351e-04
Validation auc = 0.645065
Epoch 3
Loss = 6.6187e-01, PNorm = 34.1617, GNorm = 0.4247, lr_0 = 8.7671e-04
Loss = 6.7190e-01, PNorm = 34.2022, GNorm = 0.6495, lr_0 = 8.4140e-04
Validation auc = 0.650119
Epoch 4
Loss = 6.6376e-01, PNorm = 34.2449, GNorm = 0.2192, lr_0 = 8.0750e-04
Loss = 6.5674e-01, PNorm = 34.2954, GNorm = 0.2954, lr_0 = 7.7497e-04
Validation auc = 0.646849
Epoch 5
Loss = 6.4080e-01, PNorm = 34.3458, GNorm = 0.2087, lr_0 = 7.4375e-04
Loss = 6.3826e-01, PNorm = 34.3996, GNorm = 0.5315, lr_0 = 7.1379e-04
Validation auc = 0.662604
Epoch 6
Loss = 6.5065e-01, PNorm = 34.4446, GNorm = 0.4291, lr_0 = 6.8223e-04
Loss = 6.5794e-01, PNorm = 34.4830, GNorm = 0.3214, lr_0 = 6.5474e-04
Validation auc = 0.655470
Epoch 7
Loss = 6.5463e-01, PNorm = 34.5280, GNorm = 0.2820, lr_0 = 6.2837e-04
Loss = 6.2758e-01, PNorm = 34.5800, GNorm = 0.2575, lr_0 = 6.0306e-04
Validation auc = 0.649822
Epoch 8
Loss = 5.9104e-01, PNorm = 34.6245, GNorm = 0.3158, lr_0 = 5.7876e-04
Loss = 6.4315e-01, PNorm = 34.6621, GNorm = 0.2106, lr_0 = 5.5545e-04
Validation auc = 0.616528
Epoch 9
Loss = 6.3525e-01, PNorm = 34.6946, GNorm = 0.2766, lr_0 = 5.3307e-04
Loss = 6.2206e-01, PNorm = 34.7398, GNorm = 0.2912, lr_0 = 5.1160e-04
Validation auc = 0.669144
Epoch 10
Loss = 6.3239e-01, PNorm = 34.7880, GNorm = 0.6037, lr_0 = 4.9099e-04
Loss = 6.2168e-01, PNorm = 34.8252, GNorm = 0.4496, lr_0 = 4.7121e-04
Validation auc = 0.666468
Epoch 11
Loss = 6.5369e-01, PNorm = 34.8776, GNorm = 1.3415, lr_0 = 4.5223e-04
Loss = 6.1696e-01, PNorm = 34.9177, GNorm = 0.4391, lr_0 = 4.3401e-04
Validation auc = 0.685493
Epoch 12
Loss = 6.0863e-01, PNorm = 34.9544, GNorm = 0.6516, lr_0 = 4.1482e-04
Loss = 5.9742e-01, PNorm = 34.9942, GNorm = 0.6840, lr_0 = 3.9811e-04
Loss = 5.9343e-01, PNorm = 35.0409, GNorm = 0.4261, lr_0 = 3.8207e-04
Validation auc = 0.679548
Epoch 13
Loss = 5.9377e-01, PNorm = 35.0756, GNorm = 0.8782, lr_0 = 3.6668e-04
Loss = 5.9738e-01, PNorm = 35.1026, GNorm = 0.6388, lr_0 = 3.5191e-04
Validation auc = 0.649524
Epoch 14
Loss = 5.9717e-01, PNorm = 35.1392, GNorm = 0.6295, lr_0 = 3.3773e-04
Loss = 5.8427e-01, PNorm = 35.1770, GNorm = 1.0646, lr_0 = 3.2413e-04
Validation auc = 0.694709
Epoch 15
Loss = 5.6438e-01, PNorm = 35.2133, GNorm = 0.4912, lr_0 = 3.1107e-04
Loss = 5.8212e-01, PNorm = 35.2491, GNorm = 0.7452, lr_0 = 2.9854e-04
Validation auc = 0.701843
Epoch 16
Loss = 5.7979e-01, PNorm = 35.2820, GNorm = 0.5544, lr_0 = 2.8651e-04
Loss = 5.6357e-01, PNorm = 35.3141, GNorm = 0.9565, lr_0 = 2.7497e-04
Validation auc = 0.688169
Epoch 17
Loss = 5.4602e-01, PNorm = 35.3518, GNorm = 1.1092, lr_0 = 2.6281e-04
Loss = 5.7626e-01, PNorm = 35.3828, GNorm = 1.3734, lr_0 = 2.5222e-04
Validation auc = 0.687872
Epoch 18
Loss = 5.2330e-01, PNorm = 35.4138, GNorm = 1.1352, lr_0 = 2.4206e-04
Loss = 5.7588e-01, PNorm = 35.4399, GNorm = 1.0824, lr_0 = 2.3231e-04
Validation auc = 0.699465
Epoch 19
Loss = 5.3128e-01, PNorm = 35.4686, GNorm = 1.0540, lr_0 = 2.2295e-04
Loss = 5.4221e-01, PNorm = 35.4974, GNorm = 0.5600, lr_0 = 2.1397e-04
Validation auc = 0.704518
Epoch 20
Loss = 5.2945e-01, PNorm = 35.5268, GNorm = 1.0598, lr_0 = 2.0535e-04
Loss = 5.4547e-01, PNorm = 35.5557, GNorm = 1.4219, lr_0 = 1.9708e-04
Validation auc = 0.703329
Epoch 21
Loss = 5.4256e-01, PNorm = 35.5793, GNorm = 0.8978, lr_0 = 1.8914e-04
Loss = 5.3684e-01, PNorm = 35.6046, GNorm = 1.6611, lr_0 = 1.8152e-04
Validation auc = 0.700951
Epoch 22
Loss = 5.3367e-01, PNorm = 35.6290, GNorm = 1.1028, lr_0 = 1.7421e-04
Loss = 5.0635e-01, PNorm = 35.6509, GNorm = 0.5249, lr_0 = 1.6719e-04
Validation auc = 0.706599
Epoch 23
Loss = 4.6566e-01, PNorm = 35.6738, GNorm = 0.3837, lr_0 = 1.5980e-04
Loss = 5.2944e-01, PNorm = 35.6934, GNorm = 0.6434, lr_0 = 1.5336e-04
Validation auc = 0.716112
Epoch 24
Loss = 5.2302e-01, PNorm = 35.7153, GNorm = 0.9063, lr_0 = 1.4718e-04
Loss = 4.7261e-01, PNorm = 35.7390, GNorm = 0.9106, lr_0 = 1.4125e-04
Loss = 5.6115e-01, PNorm = 35.7566, GNorm = 0.8305, lr_0 = 1.3556e-04
Validation auc = 0.727705
Epoch 25
Loss = 5.1675e-01, PNorm = 35.7772, GNorm = 1.0815, lr_0 = 1.3010e-04
Loss = 5.2186e-01, PNorm = 35.7946, GNorm = 0.7216, lr_0 = 1.2486e-04
Validation auc = 0.718787
Epoch 26
Loss = 4.6311e-01, PNorm = 35.8119, GNorm = 1.2122, lr_0 = 1.1983e-04
Loss = 5.3668e-01, PNorm = 35.8284, GNorm = 1.6028, lr_0 = 1.1500e-04
Validation auc = 0.714923
Epoch 27
Loss = 4.7603e-01, PNorm = 35.8445, GNorm = 1.0599, lr_0 = 1.1037e-04
Loss = 5.2378e-01, PNorm = 35.8613, GNorm = 1.7623, lr_0 = 1.0593e-04
Validation auc = 0.721165
Epoch 28
Loss = 5.2750e-01, PNorm = 35.8744, GNorm = 0.6590, lr_0 = 1.0124e-04
Loss = 4.6748e-01, PNorm = 35.8896, GNorm = 0.6093, lr_0 = 1.0000e-04
Validation auc = 0.724732
Epoch 29
Loss = 4.7935e-01, PNorm = 35.9029, GNorm = 1.3107, lr_0 = 1.0000e-04
Loss = 5.0476e-01, PNorm = 35.9172, GNorm = 0.7225, lr_0 = 1.0000e-04
Validation auc = 0.723841
Model 0 best validation auc = 0.727705 on epoch 24
Loading pretrained parameter "encoder.encoder.0.cached_zero_vector".
Loading pretrained parameter "encoder.encoder.0.W_i.weight".
Loading pretrained parameter "encoder.encoder.0.W_h.weight".
Loading pretrained parameter "encoder.encoder.0.W_o.weight".
Loading pretrained parameter "encoder.encoder.0.W_o.bias".
Loading pretrained parameter "ffn.1.weight".
Loading pretrained parameter "ffn.1.bias".
Loading pretrained parameter "ffn.4.weight".
Loading pretrained parameter "ffn.4.bias".
Moving model to cuda
Model 0 test auc = nan
Ensemble test auc = nan
1-fold cross validation
	Seed 3 ==> test auc = nan
Overall test auc = nan +/- nan
Elapsed time = 0:00:26
