Command line
python /home/jxy/anaconda3/envs/chemprop_1119/bin/chemprop_train --data_path data/train_full.csv --dataset_type classification --save_dir checkpoints_27 --config_path hyperoptfile3 --epochs 100 --separate_test_path data/test_random_nocanonical.csv --separate_val_path data/val_full.csv --features_generator rdkit_2d_normalized --no_features_scaling
Args
{'activation': 'ReLU',
 'aggregation': 'mean',
 'aggregation_norm': 100,
 'alternative_loss_function': None,
 'atom_descriptor_scaling': True,
 'atom_descriptors': None,
 'atom_descriptors_path': None,
 'atom_descriptors_size': 0,
 'atom_features_size': 0,
 'atom_messages': False,
 'batch_size': 50,
 'bias': False,
 'bond_feature_scaling': True,
 'bond_features_path': None,
 'bond_features_size': 0,
 'cache_cutoff': 10000,
 'checkpoint_dir': None,
 'checkpoint_frzn': None,
 'checkpoint_path': None,
 'checkpoint_paths': None,
 'class_balance': False,
 'config_path': 'hyperoptfile3',
 'crossval_index_dir': None,
 'crossval_index_file': None,
 'crossval_index_sets': None,
 'cuda': True,
 'data_path': 'data/train_full.csv',
 'data_weights_path': None,
 'dataset_type': 'classification',
 'depth': 5,
 'device': device(type='cuda'),
 'dropout': 0.3,
 'empty_cache': False,
 'ensemble_size': 1,
 'epochs': 100,
 'explicit_h': False,
 'extra_metrics': [],
 'features_generator': ['rdkit_2d_normalized'],
 'features_only': False,
 'features_path': None,
 'features_scaling': False,
 'features_size': None,
 'ffn_hidden_size': 400,
 'ffn_num_layers': 2,
 'final_lr': 0.0001,
 'folds_file': None,
 'freeze_first_only': False,
 'frzn_ffn_layers': 0,
 'gpu': None,
 'grad_clip': None,
 'hidden_size': 400,
 'ignore_columns': None,
 'init_lr': 0.0001,
 'log_frequency': 10,
 'max_data_size': None,
 'max_lr': 0.001,
 'metric': 'auc',
 'metrics': ['auc'],
 'minimize_score': False,
 'mpn_shared': False,
 'multiclass_num_classes': 3,
 'no_atom_descriptor_scaling': False,
 'no_bond_features_scaling': False,
 'no_cache_mol': False,
 'no_cuda': False,
 'no_features_scaling': True,
 'num_folds': 1,
 'num_lrs': 1,
 'num_tasks': 1,
 'num_workers': 8,
 'number_of_molecules': 1,
 'overwrite_default_atom_features': False,
 'overwrite_default_bond_features': False,
 'phase_features_path': None,
 'pytorch_seed': 0,
 'quiet': False,
 'reaction': False,
 'reaction_mode': 'reac_diff',
 'resume_experiment': False,
 'save_dir': 'checkpoints_27',
 'save_preds': False,
 'save_smiles_splits': False,
 'seed': 0,
 'separate_test_atom_descriptors_path': None,
 'separate_test_bond_features_path': None,
 'separate_test_features_path': None,
 'separate_test_path': 'data/test_random_nocanonical.csv',
 'separate_test_phase_features_path': None,
 'separate_val_atom_descriptors_path': None,
 'separate_val_bond_features_path': None,
 'separate_val_features_path': None,
 'separate_val_path': 'data/val_full.csv',
 'separate_val_phase_features_path': None,
 'show_individual_scores': False,
 'smiles_columns': ['Smile'],
 'spectra_activation': 'exp',
 'spectra_phase_mask_path': None,
 'spectra_target_floor': 1e-08,
 'split_sizes': (0.8, 0.1, 0.1),
 'split_type': 'random',
 'target_columns': None,
 'target_weights': None,
 'task_names': ['Label'],
 'test': False,
 'test_fold_index': None,
 'train_data_size': None,
 'undirected': False,
 'use_input_features': True,
 'val_fold_index': None,
 'warmup_epochs': 2.0}
Setting molecule featurization parameters to default.
Loading data
Number of tasks = 1
Fold 0
Splitting data with seed 0
Class sizes
Label 0: 46.78%, 1: 53.22%
Total size = 1,041 | train size = 1,041 | val size = 116 | test size = 290
Building model 0
MoleculeModel(
  (sigmoid): Sigmoid()
  (encoder): MPN(
    (encoder): ModuleList(
      (0): MPNEncoder(
        (dropout_layer): Dropout(p=0.3, inplace=False)
        (act_func): ReLU()
        (W_i): Linear(in_features=147, out_features=400, bias=False)
        (W_h): Linear(in_features=400, out_features=400, bias=False)
        (W_o): Linear(in_features=533, out_features=400, bias=True)
      )
    )
  )
  (ffn): Sequential(
    (0): Dropout(p=0.3, inplace=False)
    (1): Linear(in_features=600, out_features=400, bias=True)
    (2): ReLU()
    (3): Dropout(p=0.3, inplace=False)
    (4): Linear(in_features=400, out_features=1, bias=True)
  )
)
Number of parameters = 673,601
Moving model to cuda
Epoch 0
Loss = 7.3219e-01, PNorm = 39.3928, GNorm = 1.1195, lr_0 = 3.4750e-04
Loss = 6.9265e-01, PNorm = 39.4010, GNorm = 1.9993, lr_0 = 5.7250e-04
Loss = 6.6900e-01, PNorm = 39.4024, GNorm = 1.1264, lr_0 = 5.9500e-04
Validation auc = 0.674992
Epoch 1
Loss = 6.8637e-01, PNorm = 39.4223, GNorm = 1.1276, lr_0 = 8.2000e-04
Loss = 6.6787e-01, PNorm = 39.4522, GNorm = 0.9176, lr_0 = 9.9765e-04
Validation auc = 0.713067
Epoch 2
Loss = 6.5699e-01, PNorm = 39.4816, GNorm = 1.6991, lr_0 = 9.8600e-04
Loss = 6.6834e-01, PNorm = 39.5101, GNorm = 0.6535, lr_0 = 9.7449e-04
Validation auc = 0.733475
Epoch 3
Loss = 6.1724e-01, PNorm = 39.5356, GNorm = 0.6729, lr_0 = 9.6310e-04
Loss = 6.3137e-01, PNorm = 39.5590, GNorm = 0.9581, lr_0 = 9.5186e-04
Validation auc = 0.741090
Epoch 4
Loss = 5.9439e-01, PNorm = 39.5818, GNorm = 0.6284, lr_0 = 9.4074e-04
Loss = 6.3606e-01, PNorm = 39.6035, GNorm = 1.0548, lr_0 = 9.2975e-04
Validation auc = 0.738654
Epoch 5
Loss = 6.3408e-01, PNorm = 39.6246, GNorm = 0.9212, lr_0 = 9.1889e-04
Loss = 6.0704e-01, PNorm = 39.6499, GNorm = 0.5149, lr_0 = 9.0816e-04
Validation auc = 0.753274
Epoch 6
Loss = 6.2950e-01, PNorm = 39.6806, GNorm = 1.1360, lr_0 = 8.9650e-04
Loss = 6.1371e-01, PNorm = 39.7021, GNorm = 0.5649, lr_0 = 8.8603e-04
Validation auc = 0.759366
Epoch 7
Loss = 5.8051e-01, PNorm = 39.7320, GNorm = 0.6891, lr_0 = 8.7568e-04
Loss = 6.1172e-01, PNorm = 39.7585, GNorm = 0.7852, lr_0 = 8.6546e-04
Validation auc = 0.775815
Epoch 8
Loss = 5.9222e-01, PNorm = 39.7799, GNorm = 0.7664, lr_0 = 8.5535e-04
Loss = 6.1289e-01, PNorm = 39.8061, GNorm = 0.6340, lr_0 = 8.4536e-04
Validation auc = 0.780384
Epoch 9
Loss = 6.4653e-01, PNorm = 39.8305, GNorm = 0.6582, lr_0 = 8.3549e-04
Loss = 5.9102e-01, PNorm = 39.8584, GNorm = 0.7724, lr_0 = 8.2573e-04
Validation auc = 0.781298
Epoch 10
Loss = 6.6793e-01, PNorm = 39.8893, GNorm = 0.6948, lr_0 = 8.1608e-04
Loss = 5.8671e-01, PNorm = 39.9150, GNorm = 0.7412, lr_0 = 8.0655e-04
Validation auc = 0.771246
Epoch 11
Loss = 6.3858e-01, PNorm = 39.9436, GNorm = 0.9322, lr_0 = 7.9713e-04
Loss = 5.5943e-01, PNorm = 39.9719, GNorm = 0.9335, lr_0 = 7.8782e-04
Validation auc = 0.777033
Epoch 12
Loss = 5.6977e-01, PNorm = 40.0092, GNorm = 0.6034, lr_0 = 7.7771e-04
Loss = 5.7199e-01, PNorm = 40.0419, GNorm = 0.6605, lr_0 = 7.6862e-04
Loss = 5.8817e-01, PNorm = 40.0624, GNorm = 0.6726, lr_0 = 7.5965e-04
Validation auc = 0.773073
Epoch 13
Loss = 5.6210e-01, PNorm = 40.0954, GNorm = 0.4861, lr_0 = 7.5078e-04
Loss = 6.0700e-01, PNorm = 40.1280, GNorm = 0.5546, lr_0 = 7.4201e-04
Validation auc = 0.776729
Epoch 14
Loss = 5.7411e-01, PNorm = 40.1587, GNorm = 0.5360, lr_0 = 7.3334e-04
Loss = 5.9247e-01, PNorm = 40.1848, GNorm = 0.8502, lr_0 = 7.2478e-04
Validation auc = 0.773378
Epoch 15
Loss = 5.5031e-01, PNorm = 40.2216, GNorm = 0.6188, lr_0 = 7.1631e-04
Loss = 5.6612e-01, PNorm = 40.2687, GNorm = 0.7619, lr_0 = 7.0795e-04
Validation auc = 0.757234
Epoch 16
Loss = 5.6978e-01, PNorm = 40.2966, GNorm = 0.6459, lr_0 = 6.9968e-04
Loss = 5.5493e-01, PNorm = 40.3368, GNorm = 0.6364, lr_0 = 6.9151e-04
Validation auc = 0.772464
Epoch 17
Loss = 5.2166e-01, PNorm = 40.3781, GNorm = 0.6505, lr_0 = 6.8263e-04
Loss = 5.7346e-01, PNorm = 40.4123, GNorm = 0.9818, lr_0 = 6.7465e-04
Validation auc = 0.774596
Epoch 18
Loss = 5.4436e-01, PNorm = 40.4463, GNorm = 0.6582, lr_0 = 6.6678e-04
Loss = 5.2450e-01, PNorm = 40.4866, GNorm = 0.6681, lr_0 = 6.5899e-04
Validation auc = 0.780079
Epoch 19
Loss = 5.3180e-01, PNorm = 40.5241, GNorm = 1.1033, lr_0 = 6.5129e-04
Loss = 5.3973e-01, PNorm = 40.5687, GNorm = 1.0477, lr_0 = 6.4369e-04
Validation auc = 0.767895
Epoch 20
Loss = 5.4529e-01, PNorm = 40.6122, GNorm = 0.6410, lr_0 = 6.3617e-04
Loss = 5.3737e-01, PNorm = 40.6527, GNorm = 0.8932, lr_0 = 6.2874e-04
Validation auc = 0.772464
Epoch 21
Loss = 5.4099e-01, PNorm = 40.6937, GNorm = 0.6949, lr_0 = 6.2139e-04
Loss = 5.1706e-01, PNorm = 40.7323, GNorm = 0.5575, lr_0 = 6.1414e-04
Validation auc = 0.777338
Epoch 22
Loss = 5.9906e-01, PNorm = 40.7655, GNorm = 1.1395, lr_0 = 6.0696e-04
Loss = 5.3618e-01, PNorm = 40.8074, GNorm = 0.7165, lr_0 = 5.9988e-04
Validation auc = 0.785867
Epoch 23
Loss = 4.8832e-01, PNorm = 40.8507, GNorm = 0.6262, lr_0 = 5.9217e-04
Loss = 5.2362e-01, PNorm = 40.8890, GNorm = 0.6648, lr_0 = 5.8526e-04
Validation auc = 0.778556
Epoch 24
Loss = 4.7208e-01, PNorm = 40.9275, GNorm = 0.7147, lr_0 = 5.7842e-04
Loss = 4.9712e-01, PNorm = 40.9670, GNorm = 1.1553, lr_0 = 5.7167e-04
Loss = 5.4816e-01, PNorm = 41.0050, GNorm = 0.7360, lr_0 = 5.6499e-04
Validation auc = 0.770637
Epoch 25
Loss = 5.2472e-01, PNorm = 41.0418, GNorm = 0.7906, lr_0 = 5.5839e-04
Loss = 5.2437e-01, PNorm = 41.0796, GNorm = 0.6796, lr_0 = 5.5187e-04
Validation auc = 0.772769
Epoch 26
Loss = 5.0922e-01, PNorm = 41.1209, GNorm = 0.8960, lr_0 = 5.4542e-04
Loss = 5.0309e-01, PNorm = 41.1685, GNorm = 0.9443, lr_0 = 5.3905e-04
Validation auc = 0.769114
Epoch 27
Loss = 5.0906e-01, PNorm = 41.2115, GNorm = 0.9569, lr_0 = 5.3276e-04
Loss = 4.8241e-01, PNorm = 41.2565, GNorm = 0.6056, lr_0 = 5.2654e-04
Validation auc = 0.768504
Epoch 28
Loss = 4.5755e-01, PNorm = 41.3046, GNorm = 0.8538, lr_0 = 5.1978e-04
Loss = 5.0909e-01, PNorm = 41.3504, GNorm = 0.9186, lr_0 = 5.1371e-04
Validation auc = 0.777033
Epoch 29
Loss = 4.8961e-01, PNorm = 41.3864, GNorm = 1.0680, lr_0 = 5.0771e-04
Loss = 5.1285e-01, PNorm = 41.4245, GNorm = 0.6040, lr_0 = 5.0178e-04
Validation auc = 0.778861
Epoch 30
Loss = 4.7669e-01, PNorm = 41.4693, GNorm = 0.9046, lr_0 = 4.9592e-04
Loss = 5.0848e-01, PNorm = 41.5112, GNorm = 0.8853, lr_0 = 4.9012e-04
Validation auc = 0.764240
Epoch 31
Loss = 4.9087e-01, PNorm = 41.5493, GNorm = 0.7317, lr_0 = 4.8440e-04
Loss = 4.9582e-01, PNorm = 41.5913, GNorm = 1.0231, lr_0 = 4.7874e-04
Validation auc = 0.779775
Epoch 32
Loss = 4.9397e-01, PNorm = 41.6312, GNorm = 1.1038, lr_0 = 4.7315e-04
Loss = 4.8637e-01, PNorm = 41.6712, GNorm = 1.2342, lr_0 = 4.6763e-04
Validation auc = 0.765154
Epoch 33
Loss = 4.6204e-01, PNorm = 41.7084, GNorm = 0.6959, lr_0 = 4.6216e-04
Loss = 5.0804e-01, PNorm = 41.7467, GNorm = 0.8848, lr_0 = 4.5677e-04
Validation auc = 0.763022
Epoch 34
Loss = 4.9187e-01, PNorm = 41.7945, GNorm = 0.6685, lr_0 = 4.5090e-04
Loss = 4.2109e-01, PNorm = 41.8391, GNorm = 0.7090, lr_0 = 4.4564e-04
Validation auc = 0.761499
Epoch 35
Loss = 4.5149e-01, PNorm = 41.8710, GNorm = 1.2716, lr_0 = 4.4043e-04
Loss = 4.5833e-01, PNorm = 41.9108, GNorm = 0.9323, lr_0 = 4.3529e-04
Validation auc = 0.776119
Epoch 36
Loss = 5.9378e-01, PNorm = 41.9473, GNorm = 0.9850, lr_0 = 4.3020e-04
Loss = 4.8953e-01, PNorm = 41.9866, GNorm = 1.0920, lr_0 = 4.2518e-04
Loss = 4.6313e-01, PNorm = 42.0253, GNorm = 0.9207, lr_0 = 4.2021e-04
Validation auc = 0.779165
Epoch 37
Loss = 4.8047e-01, PNorm = 42.0640, GNorm = 1.1302, lr_0 = 4.1531e-04
Loss = 4.5552e-01, PNorm = 42.1051, GNorm = 0.8049, lr_0 = 4.1045e-04
Validation auc = 0.745659
Epoch 38
Loss = 4.9617e-01, PNorm = 42.1331, GNorm = 0.7993, lr_0 = 4.0566e-04
Loss = 4.4371e-01, PNorm = 42.1679, GNorm = 0.7506, lr_0 = 4.0092e-04
Validation auc = 0.780384
Epoch 39
Loss = 4.5135e-01, PNorm = 42.2108, GNorm = 1.1287, lr_0 = 3.9578e-04
Loss = 4.0177e-01, PNorm = 42.2466, GNorm = 0.7464, lr_0 = 3.9115e-04
Validation auc = 0.791045
Epoch 40
Loss = 4.3172e-01, PNorm = 42.2770, GNorm = 0.8865, lr_0 = 3.8658e-04
Loss = 4.4385e-01, PNorm = 42.3122, GNorm = 1.1231, lr_0 = 3.8207e-04
Validation auc = 0.771855
Epoch 41
Loss = 4.0755e-01, PNorm = 42.3490, GNorm = 0.8471, lr_0 = 3.7761e-04
Loss = 4.4175e-01, PNorm = 42.3883, GNorm = 0.8118, lr_0 = 3.7320e-04
Validation auc = 0.778556
Epoch 42
Loss = 4.1388e-01, PNorm = 42.4282, GNorm = 2.1182, lr_0 = 3.6884e-04
Loss = 4.4134e-01, PNorm = 42.4644, GNorm = 1.4896, lr_0 = 3.6453e-04
Validation auc = 0.795005
Epoch 43
Loss = 4.0038e-01, PNorm = 42.4977, GNorm = 1.0253, lr_0 = 3.6027e-04
Loss = 4.1917e-01, PNorm = 42.5413, GNorm = 1.2711, lr_0 = 3.5607e-04
Validation auc = 0.759671
Epoch 44
Loss = 4.8680e-01, PNorm = 42.5755, GNorm = 0.9872, lr_0 = 3.5191e-04
Loss = 4.1848e-01, PNorm = 42.6051, GNorm = 0.9880, lr_0 = 3.4780e-04
Validation auc = 0.788913
Epoch 45
Loss = 4.1082e-01, PNorm = 42.6416, GNorm = 0.8346, lr_0 = 3.4333e-04
Loss = 4.3128e-01, PNorm = 42.6767, GNorm = 0.9853, lr_0 = 3.3932e-04
Validation auc = 0.778556
Epoch 46
Loss = 4.8223e-01, PNorm = 42.7076, GNorm = 1.0328, lr_0 = 3.3536e-04
Loss = 3.8782e-01, PNorm = 42.7423, GNorm = 0.8718, lr_0 = 3.3144e-04
Validation auc = 0.765458
Epoch 47
Loss = 4.0208e-01, PNorm = 42.7775, GNorm = 0.9970, lr_0 = 3.2757e-04
Loss = 3.7783e-01, PNorm = 42.8120, GNorm = 1.0815, lr_0 = 3.2375e-04
Validation auc = 0.774596
Epoch 48
Loss = 3.0354e-01, PNorm = 42.8415, GNorm = 1.1783, lr_0 = 3.1996e-04
Loss = 4.3877e-01, PNorm = 42.8705, GNorm = 1.5800, lr_0 = 3.1623e-04
Loss = 3.6638e-01, PNorm = 42.9023, GNorm = 1.0593, lr_0 = 3.1253e-04
Validation auc = 0.779775
Epoch 49
Loss = 3.9662e-01, PNorm = 42.9368, GNorm = 0.9815, lr_0 = 3.0888e-04
Loss = 4.2272e-01, PNorm = 42.9631, GNorm = 1.0739, lr_0 = 3.0528e-04
Validation auc = 0.778861
Epoch 50
Loss = 3.8116e-01, PNorm = 42.9934, GNorm = 1.4506, lr_0 = 3.0171e-04
Loss = 3.9231e-01, PNorm = 43.0210, GNorm = 1.0972, lr_0 = 2.9819e-04
Validation auc = 0.784648
Epoch 51
Loss = 3.8010e-01, PNorm = 43.0558, GNorm = 2.2244, lr_0 = 2.9436e-04
Loss = 3.9798e-01, PNorm = 43.0843, GNorm = 0.8919, lr_0 = 2.9092e-04
Validation auc = 0.779165
Epoch 52
Loss = 3.8977e-01, PNorm = 43.1120, GNorm = 1.3500, lr_0 = 2.8752e-04
Loss = 4.0730e-01, PNorm = 43.1395, GNorm = 0.9001, lr_0 = 2.8417e-04
Validation auc = 0.780688
Epoch 53
Loss = 3.8248e-01, PNorm = 43.1627, GNorm = 0.9259, lr_0 = 2.8085e-04
Loss = 3.5122e-01, PNorm = 43.1867, GNorm = 0.6370, lr_0 = 2.7757e-04
Validation auc = 0.783734
Epoch 54
Loss = 3.4692e-01, PNorm = 43.2135, GNorm = 1.6430, lr_0 = 2.7432e-04
Loss = 3.6538e-01, PNorm = 43.2356, GNorm = 1.4351, lr_0 = 2.7112e-04
Validation auc = 0.782516
Epoch 55
Loss = 3.4822e-01, PNorm = 43.2609, GNorm = 1.5523, lr_0 = 2.6795e-04
Loss = 3.4285e-01, PNorm = 43.2840, GNorm = 1.3840, lr_0 = 2.6483e-04
Validation auc = 0.789522
Epoch 56
Loss = 3.8425e-01, PNorm = 43.3093, GNorm = 1.7607, lr_0 = 2.6142e-04
Loss = 3.1874e-01, PNorm = 43.3343, GNorm = 1.3617, lr_0 = 2.5837e-04
Validation auc = 0.770941
Epoch 57
Loss = 3.4774e-01, PNorm = 43.3623, GNorm = 1.6366, lr_0 = 2.5535e-04
Loss = 3.4410e-01, PNorm = 43.3845, GNorm = 1.2439, lr_0 = 2.5237e-04
Validation auc = 0.759671
Epoch 58
Loss = 3.4102e-01, PNorm = 43.4060, GNorm = 1.0046, lr_0 = 2.4942e-04
Loss = 3.4791e-01, PNorm = 43.4286, GNorm = 1.5290, lr_0 = 2.4651e-04
Validation auc = 0.783125
Epoch 59
Loss = 2.7298e-01, PNorm = 43.4520, GNorm = 1.3821, lr_0 = 2.4363e-04
Loss = 3.5733e-01, PNorm = 43.4696, GNorm = 1.1286, lr_0 = 2.4079e-04
Validation auc = 0.781907
Epoch 60
Loss = 2.7634e-01, PNorm = 43.4884, GNorm = 1.4843, lr_0 = 2.3797e-04
Loss = 3.2181e-01, PNorm = 43.5078, GNorm = 1.7109, lr_0 = 2.3520e-04
Loss = 3.6305e-01, PNorm = 43.5263, GNorm = 1.5208, lr_0 = 2.3245e-04
Validation auc = 0.780384
Epoch 61
Loss = 3.4031e-01, PNorm = 43.5454, GNorm = 1.7668, lr_0 = 2.2973e-04
Loss = 3.4762e-01, PNorm = 43.5625, GNorm = 1.9000, lr_0 = 2.2705e-04
Loss = 2.4893e-01, PNorm = 43.5641, GNorm = 1.0976, lr_0 = 2.2678e-04
Validation auc = 0.779470
Epoch 62
Loss = 3.1805e-01, PNorm = 43.5810, GNorm = 1.1569, lr_0 = 2.2414e-04
Loss = 3.9535e-01, PNorm = 43.5991, GNorm = 1.7562, lr_0 = 2.2152e-04
Validation auc = 0.780993
Epoch 63
Loss = 3.4755e-01, PNorm = 43.6165, GNorm = 2.7509, lr_0 = 2.1893e-04
Loss = 3.3967e-01, PNorm = 43.6362, GNorm = 1.3163, lr_0 = 2.1637e-04
Validation auc = 0.775206
Epoch 64
Loss = 3.2129e-01, PNorm = 43.6548, GNorm = 1.6430, lr_0 = 2.1385e-04
Loss = 2.9992e-01, PNorm = 43.6718, GNorm = 1.1304, lr_0 = 2.1135e-04
Validation auc = 0.770332
Epoch 65
Loss = 3.0505e-01, PNorm = 43.6880, GNorm = 1.6694, lr_0 = 2.0888e-04
Loss = 2.9526e-01, PNorm = 43.7046, GNorm = 1.3098, lr_0 = 2.0644e-04
Validation auc = 0.777947
Epoch 66
Loss = 3.1463e-01, PNorm = 43.7219, GNorm = 1.5603, lr_0 = 2.0403e-04
Loss = 3.0377e-01, PNorm = 43.7409, GNorm = 1.3408, lr_0 = 2.0165e-04
Validation auc = 0.768200
Epoch 67
Loss = 3.1485e-01, PNorm = 43.7590, GNorm = 1.5024, lr_0 = 1.9906e-04
Loss = 2.6226e-01, PNorm = 43.7768, GNorm = 1.1743, lr_0 = 1.9673e-04
Validation auc = 0.774901
Epoch 68
Loss = 3.4772e-01, PNorm = 43.7931, GNorm = 2.0812, lr_0 = 1.9444e-04
Loss = 3.2867e-01, PNorm = 43.8059, GNorm = 1.5451, lr_0 = 1.9216e-04
Validation auc = 0.781298
Epoch 69
Loss = 3.5452e-01, PNorm = 43.8211, GNorm = 1.0344, lr_0 = 1.8992e-04
Loss = 2.9367e-01, PNorm = 43.8368, GNorm = 1.3806, lr_0 = 1.8770e-04
Validation auc = 0.774292
Epoch 70
Loss = 2.9572e-01, PNorm = 43.8531, GNorm = 1.4168, lr_0 = 1.8551e-04
Loss = 2.9266e-01, PNorm = 43.8676, GNorm = 1.5226, lr_0 = 1.8334e-04
Validation auc = 0.775206
Epoch 71
Loss = 2.5484e-01, PNorm = 43.8801, GNorm = 2.3199, lr_0 = 1.8120e-04
Loss = 2.9704e-01, PNorm = 43.8947, GNorm = 1.1939, lr_0 = 1.7909e-04
Validation auc = 0.772769
Epoch 72
Loss = 2.8226e-01, PNorm = 43.9065, GNorm = 1.3542, lr_0 = 1.7699e-04
Loss = 3.1541e-01, PNorm = 43.9164, GNorm = 2.2132, lr_0 = 1.7493e-04
Validation auc = 0.775206
Epoch 73
Loss = 2.3509e-01, PNorm = 43.9323, GNorm = 1.3628, lr_0 = 1.7268e-04
Loss = 2.9585e-01, PNorm = 43.9454, GNorm = 1.4186, lr_0 = 1.7066e-04
Loss = 3.1913e-01, PNorm = 43.9565, GNorm = 1.5782, lr_0 = 1.6867e-04
Validation auc = 0.772160
Epoch 74
Loss = 2.9655e-01, PNorm = 43.9673, GNorm = 2.8072, lr_0 = 1.6670e-04
Loss = 3.0116e-01, PNorm = 43.9793, GNorm = 1.6597, lr_0 = 1.6475e-04
Validation auc = 0.768809
Epoch 75
Loss = 3.0951e-01, PNorm = 43.9911, GNorm = 1.7077, lr_0 = 1.6283e-04
Loss = 2.7670e-01, PNorm = 44.0027, GNorm = 2.0823, lr_0 = 1.6093e-04
Validation auc = 0.775510
Epoch 76
Loss = 2.9872e-01, PNorm = 44.0143, GNorm = 1.4638, lr_0 = 1.5905e-04
Loss = 3.0381e-01, PNorm = 44.0256, GNorm = 1.6373, lr_0 = 1.5719e-04
Validation auc = 0.776119
Epoch 77
Loss = 3.0130e-01, PNorm = 44.0346, GNorm = 3.1253, lr_0 = 1.5536e-04
Loss = 2.7545e-01, PNorm = 44.0457, GNorm = 1.8946, lr_0 = 1.5354e-04
Validation auc = 0.777642
Epoch 78
Loss = 2.3011e-01, PNorm = 44.0606, GNorm = 0.9436, lr_0 = 1.5157e-04
Loss = 2.6981e-01, PNorm = 44.0723, GNorm = 1.4811, lr_0 = 1.4980e-04
Validation auc = 0.778252
Epoch 79
Loss = 2.4141e-01, PNorm = 44.0823, GNorm = 1.4509, lr_0 = 1.4805e-04
Loss = 2.8792e-01, PNorm = 44.0907, GNorm = 1.5952, lr_0 = 1.4632e-04
Validation auc = 0.776729
Epoch 80
Loss = 2.5957e-01, PNorm = 44.1003, GNorm = 1.5028, lr_0 = 1.4461e-04
Loss = 2.9672e-01, PNorm = 44.1100, GNorm = 2.7129, lr_0 = 1.4292e-04
Validation auc = 0.780079
Epoch 81
Loss = 2.9154e-01, PNorm = 44.1168, GNorm = 2.3849, lr_0 = 1.4125e-04
Loss = 2.7135e-01, PNorm = 44.1260, GNorm = 1.5913, lr_0 = 1.3960e-04
Validation auc = 0.765458
Epoch 82
Loss = 2.5090e-01, PNorm = 44.1367, GNorm = 1.5636, lr_0 = 1.3797e-04
Loss = 3.1559e-01, PNorm = 44.1468, GNorm = 1.9236, lr_0 = 1.3636e-04
Validation auc = 0.782516
Epoch 83
Loss = 3.5639e-01, PNorm = 44.1560, GNorm = 2.6827, lr_0 = 1.3477e-04
Loss = 2.5972e-01, PNorm = 44.1637, GNorm = 1.8186, lr_0 = 1.3320e-04
Validation auc = 0.773683
Epoch 84
Loss = 2.0797e-01, PNorm = 44.1735, GNorm = 1.5046, lr_0 = 1.3149e-04
Loss = 2.5041e-01, PNorm = 44.1823, GNorm = 1.4200, lr_0 = 1.2995e-04
Validation auc = 0.775510
Epoch 85
Loss = 2.0428e-01, PNorm = 44.1897, GNorm = 1.3483, lr_0 = 1.2843e-04
Loss = 2.2265e-01, PNorm = 44.1977, GNorm = 1.7366, lr_0 = 1.2693e-04
Loss = 2.9781e-01, PNorm = 44.2062, GNorm = 2.9519, lr_0 = 1.2545e-04
Validation auc = 0.779775
Epoch 86
Loss = 2.4846e-01, PNorm = 44.2137, GNorm = 1.4097, lr_0 = 1.2398e-04
Loss = 2.6296e-01, PNorm = 44.2206, GNorm = 1.7858, lr_0 = 1.2254e-04
Validation auc = 0.776119
Epoch 87
Loss = 2.8324e-01, PNorm = 44.2279, GNorm = 1.4374, lr_0 = 1.2111e-04
Loss = 2.3915e-01, PNorm = 44.2367, GNorm = 1.6594, lr_0 = 1.1969e-04
Validation auc = 0.770941
Epoch 88
Loss = 2.3531e-01, PNorm = 44.2461, GNorm = 1.9441, lr_0 = 1.1829e-04
Loss = 2.6122e-01, PNorm = 44.2549, GNorm = 1.7581, lr_0 = 1.1691e-04
Validation auc = 0.777033
Epoch 89
Loss = 2.2399e-01, PNorm = 44.2633, GNorm = 1.4830, lr_0 = 1.1541e-04
Loss = 2.7378e-01, PNorm = 44.2704, GNorm = 1.4163, lr_0 = 1.1406e-04
Validation auc = 0.776119
Epoch 90
Loss = 2.4185e-01, PNorm = 44.2781, GNorm = 1.2943, lr_0 = 1.1273e-04
Loss = 2.6024e-01, PNorm = 44.2843, GNorm = 1.5242, lr_0 = 1.1141e-04
Validation auc = 0.777338
Epoch 91
Loss = 2.6375e-01, PNorm = 44.2901, GNorm = 1.7430, lr_0 = 1.1011e-04
Loss = 2.3368e-01, PNorm = 44.2960, GNorm = 1.9277, lr_0 = 1.0883e-04
Validation auc = 0.768504
Epoch 92
Loss = 2.8250e-01, PNorm = 44.3020, GNorm = 1.7058, lr_0 = 1.0756e-04
Loss = 2.5205e-01, PNorm = 44.3087, GNorm = 1.9513, lr_0 = 1.0630e-04
Validation auc = 0.775815
Epoch 93
Loss = 2.0590e-01, PNorm = 44.3154, GNorm = 2.7528, lr_0 = 1.0506e-04
Loss = 2.9893e-01, PNorm = 44.3209, GNorm = 1.8104, lr_0 = 1.0383e-04
Validation auc = 0.772160
Epoch 94
Loss = 2.3296e-01, PNorm = 44.3271, GNorm = 2.2627, lr_0 = 1.0262e-04
Loss = 2.2615e-01, PNorm = 44.3341, GNorm = 1.8861, lr_0 = 1.0142e-04
Validation auc = 0.779775
Epoch 95
Loss = 2.5437e-01, PNorm = 44.3420, GNorm = 2.3749, lr_0 = 1.0012e-04
Loss = 2.5766e-01, PNorm = 44.3482, GNorm = 3.4186, lr_0 = 1.0000e-04
Validation auc = 0.775510
Epoch 96
Loss = 2.1674e-01, PNorm = 44.3543, GNorm = 2.1682, lr_0 = 1.0000e-04
Loss = 2.5811e-01, PNorm = 44.3602, GNorm = 3.3641, lr_0 = 1.0000e-04
Validation auc = 0.781298
Epoch 97
Loss = 2.4293e-01, PNorm = 44.3667, GNorm = 2.6783, lr_0 = 1.0000e-04
Loss = 2.2933e-01, PNorm = 44.3711, GNorm = 1.7835, lr_0 = 1.0000e-04
Loss = 2.7613e-01, PNorm = 44.3757, GNorm = 3.3009, lr_0 = 1.0000e-04
Validation auc = 0.780688
Epoch 98
Loss = 2.4128e-01, PNorm = 44.3805, GNorm = 1.3326, lr_0 = 1.0000e-04
Loss = 2.8953e-01, PNorm = 44.3855, GNorm = 2.1439, lr_0 = 1.0000e-04
Validation auc = 0.775815
Epoch 99
Loss = 2.3199e-01, PNorm = 44.3909, GNorm = 1.8059, lr_0 = 1.0000e-04
Loss = 2.7368e-01, PNorm = 44.3981, GNorm = 1.8123, lr_0 = 1.0000e-04
Validation auc = 0.777947
Model 0 best validation auc = 0.795005 on epoch 42
Loading pretrained parameter "encoder.encoder.0.cached_zero_vector".
Loading pretrained parameter "encoder.encoder.0.W_i.weight".
Loading pretrained parameter "encoder.encoder.0.W_h.weight".
Loading pretrained parameter "encoder.encoder.0.W_o.weight".
Loading pretrained parameter "encoder.encoder.0.W_o.bias".
Loading pretrained parameter "ffn.1.weight".
Loading pretrained parameter "ffn.1.bias".
Loading pretrained parameter "ffn.4.weight".
Loading pretrained parameter "ffn.4.bias".
Moving model to cuda
Model 0 test auc = 0.791970
Ensemble test auc = 0.791970
1-fold cross validation
	Seed 0 ==> test auc = 0.791970
Overall test auc = 0.791970 +/- 0.000000
Elapsed time = 0:02:24
