Fold 0
Model 0 best validation auc = 0.875233 on epoch 28
Model 0 test auc = 0.868253
Ensemble test auc = 0.868253
Fold 1
Model 0 best validation auc = 0.886411 on epoch 29
Model 0 test auc = 0.853726
Ensemble test auc = 0.853726
Fold 2
Model 0 best validation auc = 0.886473 on epoch 25
Model 0 test auc = 0.880646
Ensemble test auc = 0.880646
Fold 3
Model 0 best validation auc = 0.852976 on epoch 28
Model 0 test auc = 0.882144
Ensemble test auc = 0.882144
Fold 4
Model 0 best validation auc = 0.864132 on epoch 29
Model 0 test auc = 0.878820
Ensemble test auc = 0.878820
5-fold cross validation
	Seed 0 ==> test auc = 0.868253
	Seed 1 ==> test auc = 0.853726
	Seed 2 ==> test auc = 0.880646
	Seed 3 ==> test auc = 0.882144
	Seed 4 ==> test auc = 0.878820
Overall test auc = 0.872718 +/- 0.010673
Elapsed time = 0:10:45
