Command line
python /home/jxy/anaconda3/envs/chemprop_1119/bin/chemprop_train --data_path data/alldata_chemprop_random_nocanonical.csv --dataset_type classification --save_dir checkpoint_1 --config_path hyperoptfile --epochs 100
Args
{'activation': 'ReLU',
 'aggregation': 'mean',
 'aggregation_norm': 100,
 'alternative_loss_function': None,
 'atom_descriptor_scaling': True,
 'atom_descriptors': None,
 'atom_descriptors_path': None,
 'atom_descriptors_size': 0,
 'atom_features_size': 0,
 'atom_messages': False,
 'batch_size': 50,
 'bias': False,
 'bond_feature_scaling': True,
 'bond_features_path': None,
 'bond_features_size': 0,
 'cache_cutoff': 10000,
 'checkpoint_dir': None,
 'checkpoint_frzn': None,
 'checkpoint_path': None,
 'checkpoint_paths': None,
 'class_balance': False,
 'config_path': 'hyperoptfile',
 'crossval_index_dir': None,
 'crossval_index_file': None,
 'crossval_index_sets': None,
 'cuda': True,
 'data_path': 'data/alldata_chemprop_random_nocanonical.csv',
 'data_weights_path': None,
 'dataset_type': 'classification',
 'depth': 2,
 'device': device(type='cuda'),
 'dropout': 0.35000000000000003,
 'empty_cache': False,
 'ensemble_size': 1,
 'epochs': 100,
 'explicit_h': False,
 'extra_metrics': [],
 'features_generator': None,
 'features_only': False,
 'features_path': None,
 'features_scaling': True,
 'features_size': None,
 'ffn_hidden_size': 1300,
 'ffn_num_layers': 2,
 'final_lr': 0.0001,
 'folds_file': None,
 'freeze_first_only': False,
 'frzn_ffn_layers': 0,
 'gpu': None,
 'grad_clip': None,
 'hidden_size': 1300,
 'ignore_columns': None,
 'init_lr': 0.0001,
 'log_frequency': 10,
 'max_data_size': None,
 'max_lr': 0.001,
 'metric': 'auc',
 'metrics': ['auc'],
 'minimize_score': False,
 'mpn_shared': False,
 'multiclass_num_classes': 3,
 'no_atom_descriptor_scaling': False,
 'no_bond_features_scaling': False,
 'no_cache_mol': False,
 'no_cuda': False,
 'no_features_scaling': False,
 'num_folds': 1,
 'num_lrs': 1,
 'num_tasks': 1,
 'num_workers': 8,
 'number_of_molecules': 1,
 'overwrite_default_atom_features': False,
 'overwrite_default_bond_features': False,
 'phase_features_path': None,
 'pytorch_seed': 0,
 'quiet': False,
 'reaction': False,
 'reaction_mode': 'reac_diff',
 'resume_experiment': False,
 'save_dir': 'checkpoint_1',
 'save_preds': False,
 'save_smiles_splits': False,
 'seed': 0,
 'separate_test_atom_descriptors_path': None,
 'separate_test_bond_features_path': None,
 'separate_test_features_path': None,
 'separate_test_path': None,
 'separate_test_phase_features_path': None,
 'separate_val_atom_descriptors_path': None,
 'separate_val_bond_features_path': None,
 'separate_val_features_path': None,
 'separate_val_path': None,
 'separate_val_phase_features_path': None,
 'show_individual_scores': False,
 'smiles_columns': ['Smile'],
 'spectra_activation': 'exp',
 'spectra_phase_mask_path': None,
 'spectra_target_floor': 1e-08,
 'split_sizes': (0.8, 0.1, 0.1),
 'split_type': 'random',
 'target_columns': None,
 'target_weights': None,
 'task_names': ['Label'],
 'test': False,
 'test_fold_index': None,
 'train_data_size': None,
 'undirected': False,
 'use_input_features': False,
 'val_fold_index': None,
 'warmup_epochs': 2.0}
Setting molecule featurization parameters to default.
Loading data
Number of tasks = 1
Fold 0
Splitting data with seed 0
Class sizes
Label 0: 46.25%, 1: 53.75%
Total size = 6,506 | train size = 5,204 | val size = 651 | test size = 651
Building model 0
MoleculeModel(
  (sigmoid): Sigmoid()
  (encoder): MPN(
    (encoder): ModuleList(
      (0): MPNEncoder(
        (dropout_layer): Dropout(p=0.35000000000000003, inplace=False)
        (act_func): ReLU()
        (W_i): Linear(in_features=147, out_features=1300, bias=False)
        (W_h): Linear(in_features=1300, out_features=1300, bias=False)
        (W_o): Linear(in_features=1433, out_features=1300, bias=True)
      )
    )
  )
  (ffn): Sequential(
    (0): Dropout(p=0.35000000000000003, inplace=False)
    (1): Linear(in_features=1300, out_features=1300, bias=True)
    (2): ReLU()
    (3): Dropout(p=0.35000000000000003, inplace=False)
    (4): Linear(in_features=1300, out_features=1, bias=True)
  )
)
Number of parameters = 5,439,201
Moving model to cuda
Epoch 0
Loss = 6.8020e-01, PNorm = 65.0181, GNorm = 1.2476, lr_0 = 1.4760e-04
Loss = 6.8707e-01, PNorm = 65.0285, GNorm = 0.8958, lr_0 = 1.9087e-04
Loss = 6.5643e-01, PNorm = 65.0420, GNorm = 0.9158, lr_0 = 2.3413e-04
Loss = 6.4014e-01, PNorm = 65.0623, GNorm = 1.7694, lr_0 = 2.7740e-04
Loss = 7.1693e-01, PNorm = 65.0850, GNorm = 0.9624, lr_0 = 3.2067e-04
Loss = 6.5328e-01, PNorm = 65.1157, GNorm = 0.8530, lr_0 = 3.6394e-04
Loss = 6.3380e-01, PNorm = 65.1539, GNorm = 1.2467, lr_0 = 4.0721e-04
Loss = 6.4991e-01, PNorm = 65.1985, GNorm = 0.5915, lr_0 = 4.5048e-04
Loss = 6.3348e-01, PNorm = 65.2526, GNorm = 0.5688, lr_0 = 4.9375e-04
Loss = 6.4523e-01, PNorm = 65.3245, GNorm = 0.5999, lr_0 = 5.3702e-04
Validation auc = 0.777004
Epoch 1
Loss = 6.7544e-01, PNorm = 65.4147, GNorm = 0.3742, lr_0 = 5.8462e-04
Loss = 6.1561e-01, PNorm = 65.5217, GNorm = 0.3569, lr_0 = 6.2788e-04
Loss = 6.2219e-01, PNorm = 65.6263, GNorm = 0.5418, lr_0 = 6.7115e-04
Loss = 5.9272e-01, PNorm = 65.7256, GNorm = 0.4820, lr_0 = 7.1442e-04
Loss = 6.1282e-01, PNorm = 65.8290, GNorm = 0.5917, lr_0 = 7.5769e-04
Loss = 5.7256e-01, PNorm = 65.9641, GNorm = 0.5563, lr_0 = 8.0096e-04
Loss = 6.1330e-01, PNorm = 66.0971, GNorm = 0.4717, lr_0 = 8.4423e-04
Loss = 6.0889e-01, PNorm = 66.2446, GNorm = 0.8515, lr_0 = 8.8750e-04
Loss = 5.5103e-01, PNorm = 66.4146, GNorm = 0.4621, lr_0 = 9.3077e-04
Loss = 5.4489e-01, PNorm = 66.6002, GNorm = 1.7833, lr_0 = 9.7404e-04
Validation auc = 0.800943
Epoch 2
Loss = 6.0219e-01, PNorm = 66.8329, GNorm = 0.3880, lr_0 = 9.9887e-04
Loss = 5.9031e-01, PNorm = 67.0846, GNorm = 1.0346, lr_0 = 9.9662e-04
Loss = 5.6678e-01, PNorm = 67.3065, GNorm = 0.5029, lr_0 = 9.9437e-04
Loss = 5.5852e-01, PNorm = 67.5025, GNorm = 0.9361, lr_0 = 9.9212e-04
Loss = 5.5297e-01, PNorm = 67.6754, GNorm = 0.5442, lr_0 = 9.8989e-04
Loss = 5.5420e-01, PNorm = 67.8325, GNorm = 0.7972, lr_0 = 9.8765e-04
Loss = 5.4373e-01, PNorm = 67.9853, GNorm = 0.4857, lr_0 = 9.8542e-04
Loss = 5.5938e-01, PNorm = 68.1353, GNorm = 0.4372, lr_0 = 9.8320e-04
Loss = 5.1542e-01, PNorm = 68.2695, GNorm = 0.4747, lr_0 = 9.8098e-04
Loss = 5.3572e-01, PNorm = 68.3909, GNorm = 0.4234, lr_0 = 9.7877e-04
Loss = 5.1014e-01, PNorm = 68.5200, GNorm = 0.7280, lr_0 = 9.7656e-04
Validation auc = 0.831918
Epoch 3
Loss = 5.4618e-01, PNorm = 68.6909, GNorm = 0.7295, lr_0 = 9.7413e-04
Loss = 5.8658e-01, PNorm = 68.8359, GNorm = 0.6497, lr_0 = 9.7194e-04
Loss = 5.2745e-01, PNorm = 68.9746, GNorm = 0.6041, lr_0 = 9.6974e-04
Loss = 5.2592e-01, PNorm = 69.0951, GNorm = 0.8489, lr_0 = 9.6755e-04
Loss = 5.3990e-01, PNorm = 69.1911, GNorm = 1.5326, lr_0 = 9.6537e-04
Loss = 5.7531e-01, PNorm = 69.3078, GNorm = 0.8913, lr_0 = 9.6319e-04
Loss = 4.9936e-01, PNorm = 69.4355, GNorm = 0.5793, lr_0 = 9.6102e-04
Loss = 4.9484e-01, PNorm = 69.5725, GNorm = 0.6636, lr_0 = 9.5885e-04
Loss = 5.3137e-01, PNorm = 69.6859, GNorm = 0.9595, lr_0 = 9.5669e-04
Loss = 5.1480e-01, PNorm = 69.8058, GNorm = 1.2748, lr_0 = 9.5453e-04
Validation auc = 0.851247
Epoch 4
Loss = 4.9231e-01, PNorm = 69.9681, GNorm = 0.7390, lr_0 = 9.5216e-04
Loss = 5.0111e-01, PNorm = 70.1282, GNorm = 1.0318, lr_0 = 9.5001e-04
Loss = 5.2858e-01, PNorm = 70.2923, GNorm = 0.6349, lr_0 = 9.4786e-04
Loss = 4.8745e-01, PNorm = 70.4415, GNorm = 0.4697, lr_0 = 9.4573e-04
Loss = 4.9355e-01, PNorm = 70.5929, GNorm = 0.5088, lr_0 = 9.4359e-04
Loss = 5.0509e-01, PNorm = 70.7397, GNorm = 0.7095, lr_0 = 9.4146e-04
Loss = 5.0226e-01, PNorm = 70.8511, GNorm = 0.6925, lr_0 = 9.3934e-04
Loss = 4.7325e-01, PNorm = 70.9962, GNorm = 0.5061, lr_0 = 9.3722e-04
Loss = 5.3474e-01, PNorm = 71.1103, GNorm = 0.7628, lr_0 = 9.3510e-04
Loss = 5.0585e-01, PNorm = 71.2346, GNorm = 0.6700, lr_0 = 9.3299e-04
Loss = 5.2595e-01, PNorm = 71.3606, GNorm = 0.5661, lr_0 = 9.3089e-04
Loss = 9.8342e-01, PNorm = 71.3727, GNorm = 3.7112, lr_0 = 9.3068e-04
Validation auc = 0.856675
Epoch 5
Loss = 4.8101e-01, PNorm = 71.5284, GNorm = 0.6775, lr_0 = 9.2858e-04
Loss = 5.1089e-01, PNorm = 71.6845, GNorm = 0.7196, lr_0 = 9.2648e-04
Loss = 5.4831e-01, PNorm = 71.8056, GNorm = 0.5567, lr_0 = 9.2439e-04
Loss = 4.6769e-01, PNorm = 71.9370, GNorm = 0.7444, lr_0 = 9.2230e-04
Loss = 4.9776e-01, PNorm = 72.0425, GNorm = 1.1707, lr_0 = 9.2022e-04
Loss = 5.0993e-01, PNorm = 72.1525, GNorm = 0.4065, lr_0 = 9.1815e-04
Loss = 5.1079e-01, PNorm = 72.2519, GNorm = 0.7017, lr_0 = 9.1607e-04
Loss = 4.6382e-01, PNorm = 72.3447, GNorm = 0.5208, lr_0 = 9.1401e-04
Loss = 4.5977e-01, PNorm = 72.4865, GNorm = 1.4734, lr_0 = 9.1194e-04
Loss = 4.7318e-01, PNorm = 72.6071, GNorm = 0.8348, lr_0 = 9.0989e-04
Validation auc = 0.863588
Epoch 6
Loss = 5.0429e-01, PNorm = 72.7425, GNorm = 0.3979, lr_0 = 9.0763e-04
Loss = 4.4813e-01, PNorm = 72.8632, GNorm = 0.8306, lr_0 = 9.0558e-04
Loss = 5.0464e-01, PNorm = 72.9740, GNorm = 0.4677, lr_0 = 9.0354e-04
Loss = 4.5084e-01, PNorm = 73.0862, GNorm = 0.9669, lr_0 = 9.0150e-04
Loss = 4.6209e-01, PNorm = 73.2141, GNorm = 0.7918, lr_0 = 8.9946e-04
Loss = 5.0687e-01, PNorm = 73.3131, GNorm = 1.1337, lr_0 = 8.9743e-04
Loss = 4.7254e-01, PNorm = 73.4355, GNorm = 0.8188, lr_0 = 8.9541e-04
Loss = 5.0108e-01, PNorm = 73.5319, GNorm = 0.9163, lr_0 = 8.9339e-04
Loss = 4.7906e-01, PNorm = 73.6271, GNorm = 0.6062, lr_0 = 8.9137e-04
Loss = 4.4898e-01, PNorm = 73.7266, GNorm = 0.6243, lr_0 = 8.8936e-04
Validation auc = 0.867749
Epoch 7
Loss = 4.2062e-01, PNorm = 73.8306, GNorm = 0.4764, lr_0 = 8.8715e-04
Loss = 4.8510e-01, PNorm = 73.9744, GNorm = 0.4202, lr_0 = 8.8515e-04
Loss = 4.7365e-01, PNorm = 74.1214, GNorm = 0.5294, lr_0 = 8.8315e-04
Loss = 4.4279e-01, PNorm = 74.2635, GNorm = 1.0663, lr_0 = 8.8116e-04
Loss = 4.5482e-01, PNorm = 74.3882, GNorm = 0.5280, lr_0 = 8.7917e-04
Loss = 4.8448e-01, PNorm = 74.5007, GNorm = 0.4975, lr_0 = 8.7719e-04
Loss = 4.5729e-01, PNorm = 74.6085, GNorm = 0.7101, lr_0 = 8.7521e-04
Loss = 4.7174e-01, PNorm = 74.7333, GNorm = 0.7944, lr_0 = 8.7323e-04
Loss = 4.9652e-01, PNorm = 74.8307, GNorm = 0.8272, lr_0 = 8.7126e-04
Loss = 5.2802e-01, PNorm = 74.9542, GNorm = 0.8478, lr_0 = 8.6930e-04
Loss = 4.4839e-01, PNorm = 75.0788, GNorm = 0.5662, lr_0 = 8.6733e-04
Validation auc = 0.865749
Epoch 8
Loss = 4.5222e-01, PNorm = 75.2015, GNorm = 0.6170, lr_0 = 8.6518e-04
Loss = 4.4066e-01, PNorm = 75.3127, GNorm = 0.5401, lr_0 = 8.6323e-04
Loss = 4.4089e-01, PNorm = 75.4233, GNorm = 0.7592, lr_0 = 8.6128e-04
Loss = 4.5865e-01, PNorm = 75.5273, GNorm = 0.4804, lr_0 = 8.5934e-04
Loss = 4.5688e-01, PNorm = 75.6425, GNorm = 0.5015, lr_0 = 8.5740e-04
Loss = 4.6642e-01, PNorm = 75.7479, GNorm = 0.4487, lr_0 = 8.5546e-04
Loss = 4.4986e-01, PNorm = 75.8554, GNorm = 0.6372, lr_0 = 8.5353e-04
Loss = 4.5387e-01, PNorm = 75.9842, GNorm = 1.1030, lr_0 = 8.5161e-04
Loss = 4.8509e-01, PNorm = 76.1216, GNorm = 0.6864, lr_0 = 8.4969e-04
Loss = 4.5620e-01, PNorm = 76.2392, GNorm = 0.7016, lr_0 = 8.4777e-04
Validation auc = 0.860531
Epoch 9
Loss = 4.7739e-01, PNorm = 76.3734, GNorm = 0.4548, lr_0 = 8.4566e-04
Loss = 4.4078e-01, PNorm = 76.5083, GNorm = 0.5063, lr_0 = 8.4376e-04
Loss = 4.6237e-01, PNorm = 76.6212, GNorm = 0.7856, lr_0 = 8.4185e-04
Loss = 4.2522e-01, PNorm = 76.7317, GNorm = 0.6205, lr_0 = 8.3995e-04
Loss = 4.3367e-01, PNorm = 76.8477, GNorm = 0.6523, lr_0 = 8.3806e-04
Loss = 4.6554e-01, PNorm = 76.9580, GNorm = 0.6781, lr_0 = 8.3617e-04
Loss = 4.2013e-01, PNorm = 77.0655, GNorm = 0.7418, lr_0 = 8.3428e-04
Loss = 4.7940e-01, PNorm = 77.1661, GNorm = 0.5271, lr_0 = 8.3240e-04
Loss = 4.3798e-01, PNorm = 77.2979, GNorm = 0.6980, lr_0 = 8.3052e-04
Loss = 4.6564e-01, PNorm = 77.4242, GNorm = 0.7212, lr_0 = 8.2864e-04
Loss = 4.0266e-01, PNorm = 77.5395, GNorm = 0.4864, lr_0 = 8.2677e-04
Loss = 4.6138e-01, PNorm = 77.5536, GNorm = 2.0083, lr_0 = 8.2659e-04
Validation auc = 0.868930
Epoch 10
Loss = 4.4231e-01, PNorm = 77.6925, GNorm = 0.5984, lr_0 = 8.2472e-04
Loss = 4.5598e-01, PNorm = 77.8266, GNorm = 0.7270, lr_0 = 8.2286e-04
Loss = 4.1184e-01, PNorm = 77.9569, GNorm = 0.5831, lr_0 = 8.2100e-04
Loss = 4.3014e-01, PNorm = 78.0794, GNorm = 0.6740, lr_0 = 8.1915e-04
Loss = 4.7030e-01, PNorm = 78.1816, GNorm = 0.4425, lr_0 = 8.1730e-04
Loss = 4.2001e-01, PNorm = 78.2954, GNorm = 0.6999, lr_0 = 8.1546e-04
Loss = 4.6137e-01, PNorm = 78.3994, GNorm = 0.7143, lr_0 = 8.1362e-04
Loss = 4.1001e-01, PNorm = 78.5019, GNorm = 0.6264, lr_0 = 8.1178e-04
Loss = 4.5700e-01, PNorm = 78.6144, GNorm = 0.8299, lr_0 = 8.0995e-04
Loss = 4.6135e-01, PNorm = 78.7280, GNorm = 0.6162, lr_0 = 8.0812e-04
Validation auc = 0.870844
Epoch 11
Loss = 3.9209e-01, PNorm = 78.8665, GNorm = 0.9715, lr_0 = 8.0612e-04
Loss = 4.3648e-01, PNorm = 79.0143, GNorm = 0.9028, lr_0 = 8.0430e-04
Loss = 4.1368e-01, PNorm = 79.1444, GNorm = 0.6945, lr_0 = 8.0248e-04
Loss = 4.1274e-01, PNorm = 79.2649, GNorm = 0.5967, lr_0 = 8.0067e-04
Loss = 4.2856e-01, PNorm = 79.3836, GNorm = 0.9344, lr_0 = 7.9886e-04
Loss = 3.9964e-01, PNorm = 79.5045, GNorm = 1.1273, lr_0 = 7.9706e-04
Loss = 4.3796e-01, PNorm = 79.6286, GNorm = 0.8229, lr_0 = 7.9526e-04
Loss = 4.5650e-01, PNorm = 79.7233, GNorm = 0.7517, lr_0 = 7.9347e-04
Loss = 4.2565e-01, PNorm = 79.8211, GNorm = 0.6644, lr_0 = 7.9168e-04
Loss = 4.7049e-01, PNorm = 79.9084, GNorm = 0.9105, lr_0 = 7.8989e-04
Validation auc = 0.874957
Epoch 12
Loss = 3.7773e-01, PNorm = 80.0188, GNorm = 0.4549, lr_0 = 7.8793e-04
Loss = 4.9068e-01, PNorm = 80.1556, GNorm = 1.2114, lr_0 = 7.8615e-04
Loss = 4.4026e-01, PNorm = 80.2809, GNorm = 0.6900, lr_0 = 7.8438e-04
Loss = 4.5153e-01, PNorm = 80.4043, GNorm = 1.1377, lr_0 = 7.8261e-04
Loss = 4.2420e-01, PNorm = 80.5131, GNorm = 0.6620, lr_0 = 7.8084e-04
Loss = 4.3786e-01, PNorm = 80.6174, GNorm = 0.7707, lr_0 = 7.7908e-04
Loss = 3.9065e-01, PNorm = 80.7352, GNorm = 0.5822, lr_0 = 7.7732e-04
Loss = 3.9708e-01, PNorm = 80.8503, GNorm = 0.7820, lr_0 = 7.7557e-04
Loss = 3.7797e-01, PNorm = 80.9794, GNorm = 0.6848, lr_0 = 7.7382e-04
Loss = 4.2360e-01, PNorm = 81.0861, GNorm = 0.6333, lr_0 = 7.7207e-04
Loss = 4.5711e-01, PNorm = 81.2003, GNorm = 0.6427, lr_0 = 7.7033e-04
Validation auc = 0.880737
Epoch 13
Loss = 4.0876e-01, PNorm = 81.3418, GNorm = 0.5946, lr_0 = 7.6859e-04
Loss = 4.6352e-01, PNorm = 81.5014, GNorm = 0.4571, lr_0 = 7.6686e-04
Loss = 4.3371e-01, PNorm = 81.6578, GNorm = 0.7757, lr_0 = 7.6512e-04
Loss = 4.2935e-01, PNorm = 81.7781, GNorm = 0.5028, lr_0 = 7.6340e-04
Loss = 4.1577e-01, PNorm = 81.8933, GNorm = 0.7374, lr_0 = 7.6168e-04
Loss = 4.0374e-01, PNorm = 82.0031, GNorm = 0.9117, lr_0 = 7.5996e-04
Loss = 4.1366e-01, PNorm = 82.0847, GNorm = 0.8560, lr_0 = 7.5824e-04
Loss = 4.2292e-01, PNorm = 82.2045, GNorm = 0.8921, lr_0 = 7.5653e-04
Loss = 4.6830e-01, PNorm = 82.3114, GNorm = 0.6688, lr_0 = 7.5482e-04
Loss = 3.8832e-01, PNorm = 82.4256, GNorm = 0.7123, lr_0 = 7.5312e-04
Validation auc = 0.864816
Epoch 14
Loss = 5.0544e-01, PNorm = 82.5485, GNorm = 0.8347, lr_0 = 7.5125e-04
Loss = 4.2105e-01, PNorm = 82.6852, GNorm = 0.5138, lr_0 = 7.4956e-04
Loss = 4.2776e-01, PNorm = 82.7952, GNorm = 0.6389, lr_0 = 7.4786e-04
Loss = 4.1148e-01, PNorm = 82.9184, GNorm = 0.5412, lr_0 = 7.4618e-04
Loss = 4.0157e-01, PNorm = 83.0376, GNorm = 1.1523, lr_0 = 7.4449e-04
Loss = 4.1599e-01, PNorm = 83.1512, GNorm = 0.7575, lr_0 = 7.4281e-04
Loss = 3.5628e-01, PNorm = 83.2772, GNorm = 0.5793, lr_0 = 7.4114e-04
Loss = 4.2909e-01, PNorm = 83.3878, GNorm = 1.0790, lr_0 = 7.3946e-04
Loss = 4.3329e-01, PNorm = 83.4838, GNorm = 0.6210, lr_0 = 7.3779e-04
Loss = 4.1164e-01, PNorm = 83.5840, GNorm = 0.6210, lr_0 = 7.3613e-04
Loss = 3.8488e-01, PNorm = 83.7058, GNorm = 0.5281, lr_0 = 7.3447e-04
Validation auc = 0.876443
Epoch 15
Loss = 4.6264e-01, PNorm = 83.8296, GNorm = 0.9806, lr_0 = 7.3265e-04
Loss = 3.6597e-01, PNorm = 83.9415, GNorm = 0.9798, lr_0 = 7.3099e-04
Loss = 4.1617e-01, PNorm = 84.0537, GNorm = 1.6295, lr_0 = 7.2934e-04
Loss = 3.8565e-01, PNorm = 84.1746, GNorm = 1.0073, lr_0 = 7.2770e-04
Loss = 4.5112e-01, PNorm = 84.2666, GNorm = 0.8124, lr_0 = 7.2605e-04
Loss = 3.6945e-01, PNorm = 84.3730, GNorm = 0.6794, lr_0 = 7.2442e-04
Loss = 3.8871e-01, PNorm = 84.4835, GNorm = 0.6786, lr_0 = 7.2278e-04
Loss = 4.0703e-01, PNorm = 84.5958, GNorm = 0.9233, lr_0 = 7.2115e-04
Loss = 4.1492e-01, PNorm = 84.6965, GNorm = 1.4134, lr_0 = 7.1952e-04
Loss = 3.7796e-01, PNorm = 84.7994, GNorm = 0.6213, lr_0 = 7.1790e-04
Validation auc = 0.880689
Epoch 16
Loss = 3.4879e-01, PNorm = 84.8995, GNorm = 0.8100, lr_0 = 7.1612e-04
Loss = 4.0142e-01, PNorm = 84.9968, GNorm = 0.6168, lr_0 = 7.1450e-04
Loss = 3.7188e-01, PNorm = 85.0930, GNorm = 0.7673, lr_0 = 7.1289e-04
Loss = 3.8603e-01, PNorm = 85.1966, GNorm = 0.6303, lr_0 = 7.1128e-04
Loss = 3.5927e-01, PNorm = 85.2890, GNorm = 0.6344, lr_0 = 7.0968e-04
Loss = 3.7147e-01, PNorm = 85.3919, GNorm = 0.5446, lr_0 = 7.0807e-04
Loss = 4.0062e-01, PNorm = 85.5024, GNorm = 0.6453, lr_0 = 7.0648e-04
Loss = 4.3233e-01, PNorm = 85.6298, GNorm = 0.8926, lr_0 = 7.0488e-04
Loss = 3.9334e-01, PNorm = 85.7445, GNorm = 0.6557, lr_0 = 7.0329e-04
Loss = 4.5660e-01, PNorm = 85.8651, GNorm = 0.8302, lr_0 = 7.0170e-04
Validation auc = 0.873710
Epoch 17
Loss = 4.0238e-01, PNorm = 86.0062, GNorm = 0.5635, lr_0 = 6.9996e-04
Loss = 3.8766e-01, PNorm = 86.1327, GNorm = 0.8343, lr_0 = 6.9838e-04
Loss = 3.5488e-01, PNorm = 86.2560, GNorm = 0.4827, lr_0 = 6.9681e-04
Loss = 3.8160e-01, PNorm = 86.3572, GNorm = 0.5432, lr_0 = 6.9523e-04
Loss = 3.9922e-01, PNorm = 86.4683, GNorm = 0.6137, lr_0 = 6.9367e-04
Loss = 3.9618e-01, PNorm = 86.5758, GNorm = 0.7874, lr_0 = 6.9210e-04
Loss = 4.0252e-01, PNorm = 86.6861, GNorm = 1.3837, lr_0 = 6.9054e-04
Loss = 3.9107e-01, PNorm = 86.7756, GNorm = 0.7111, lr_0 = 6.8898e-04
Loss = 4.0572e-01, PNorm = 86.8613, GNorm = 0.7118, lr_0 = 6.8742e-04
Loss = 3.9159e-01, PNorm = 86.9581, GNorm = 0.6042, lr_0 = 6.8587e-04
Loss = 3.8228e-01, PNorm = 87.0624, GNorm = 0.7036, lr_0 = 6.8433e-04
Validation auc = 0.868768
Epoch 18
Loss = 3.6217e-01, PNorm = 87.1790, GNorm = 1.0380, lr_0 = 6.8263e-04
Loss = 3.5221e-01, PNorm = 87.3206, GNorm = 1.0213, lr_0 = 6.8109e-04
Loss = 3.8355e-01, PNorm = 87.4450, GNorm = 0.7560, lr_0 = 6.7955e-04
Loss = 3.7322e-01, PNorm = 87.5464, GNorm = 0.9392, lr_0 = 6.7802e-04
Loss = 3.6220e-01, PNorm = 87.6504, GNorm = 0.8072, lr_0 = 6.7649e-04
Loss = 3.3961e-01, PNorm = 87.7571, GNorm = 0.5139, lr_0 = 6.7496e-04
Loss = 3.9207e-01, PNorm = 87.8563, GNorm = 0.7294, lr_0 = 6.7344e-04
Loss = 4.3826e-01, PNorm = 87.9479, GNorm = 0.5246, lr_0 = 6.7192e-04
Loss = 3.5928e-01, PNorm = 88.0552, GNorm = 1.0455, lr_0 = 6.7040e-04
Loss = 4.0942e-01, PNorm = 88.1588, GNorm = 1.0571, lr_0 = 6.6889e-04
Validation auc = 0.877623
Epoch 19
Loss = 4.1767e-01, PNorm = 88.2695, GNorm = 0.5380, lr_0 = 6.6723e-04
Loss = 3.8133e-01, PNorm = 88.3787, GNorm = 0.6154, lr_0 = 6.6572e-04
Loss = 3.7180e-01, PNorm = 88.4895, GNorm = 1.1510, lr_0 = 6.6422e-04
Loss = 3.8399e-01, PNorm = 88.5946, GNorm = 0.5694, lr_0 = 6.6272e-04
Loss = 3.8417e-01, PNorm = 88.6975, GNorm = 0.5309, lr_0 = 6.6123e-04
Loss = 3.3556e-01, PNorm = 88.8061, GNorm = 0.5145, lr_0 = 6.5973e-04
Loss = 4.0397e-01, PNorm = 88.8986, GNorm = 1.0062, lr_0 = 6.5824e-04
Loss = 3.8189e-01, PNorm = 88.9788, GNorm = 0.8077, lr_0 = 6.5676e-04
Loss = 3.6442e-01, PNorm = 89.0740, GNorm = 0.7804, lr_0 = 6.5528e-04
Loss = 3.5194e-01, PNorm = 89.1733, GNorm = 0.6427, lr_0 = 6.5380e-04
Loss = 3.5556e-01, PNorm = 89.2696, GNorm = 1.2384, lr_0 = 6.5232e-04
Validation auc = 0.876795
Epoch 20
Loss = 3.6549e-01, PNorm = 89.4318, GNorm = 0.6584, lr_0 = 6.5070e-04
Loss = 3.4333e-01, PNorm = 89.5671, GNorm = 1.0057, lr_0 = 6.4923e-04
Loss = 4.0517e-01, PNorm = 89.6821, GNorm = 0.8645, lr_0 = 6.4777e-04
Loss = 3.8778e-01, PNorm = 89.7920, GNorm = 0.7480, lr_0 = 6.4631e-04
Loss = 3.8509e-01, PNorm = 89.8788, GNorm = 1.0200, lr_0 = 6.4485e-04
Loss = 3.9510e-01, PNorm = 89.9645, GNorm = 0.6811, lr_0 = 6.4339e-04
Loss = 3.7815e-01, PNorm = 90.0538, GNorm = 0.9626, lr_0 = 6.4194e-04
Loss = 3.7398e-01, PNorm = 90.1573, GNorm = 0.4597, lr_0 = 6.4049e-04
Loss = 3.6390e-01, PNorm = 90.2609, GNorm = 0.6482, lr_0 = 6.3905e-04
Loss = 3.2863e-01, PNorm = 90.3652, GNorm = 0.7562, lr_0 = 6.3761e-04
Validation auc = 0.868606
Epoch 21
Loss = 3.2944e-01, PNorm = 90.4896, GNorm = 0.6829, lr_0 = 6.3602e-04
Loss = 3.6590e-01, PNorm = 90.6061, GNorm = 1.1091, lr_0 = 6.3459e-04
Loss = 3.8316e-01, PNorm = 90.7147, GNorm = 0.8183, lr_0 = 6.3316e-04
Loss = 3.5457e-01, PNorm = 90.8236, GNorm = 0.9397, lr_0 = 6.3173e-04
Loss = 3.6104e-01, PNorm = 90.9204, GNorm = 0.6641, lr_0 = 6.3030e-04
Loss = 3.2016e-01, PNorm = 91.0130, GNorm = 0.8291, lr_0 = 6.2888e-04
Loss = 4.0516e-01, PNorm = 91.1186, GNorm = 0.9241, lr_0 = 6.2746e-04
Loss = 3.4442e-01, PNorm = 91.2030, GNorm = 0.6310, lr_0 = 6.2604e-04
Loss = 3.4723e-01, PNorm = 91.2874, GNorm = 0.6912, lr_0 = 6.2463e-04
Loss = 3.2527e-01, PNorm = 91.3768, GNorm = 0.5194, lr_0 = 6.2322e-04
Validation auc = 0.865264
Epoch 22
Loss = 3.7716e-01, PNorm = 91.4798, GNorm = 1.0074, lr_0 = 6.2168e-04
Loss = 3.3041e-01, PNorm = 91.5858, GNorm = 1.2153, lr_0 = 6.2027e-04
Loss = 3.8858e-01, PNorm = 91.6833, GNorm = 1.0376, lr_0 = 6.1887e-04
Loss = 3.4395e-01, PNorm = 91.7825, GNorm = 0.6325, lr_0 = 6.1748e-04
Loss = 3.2846e-01, PNorm = 91.8847, GNorm = 0.8426, lr_0 = 6.1608e-04
Loss = 3.5981e-01, PNorm = 91.9927, GNorm = 0.9782, lr_0 = 6.1469e-04
Loss = 3.6941e-01, PNorm = 92.0822, GNorm = 1.2408, lr_0 = 6.1331e-04
Loss = 3.5230e-01, PNorm = 92.1661, GNorm = 0.5643, lr_0 = 6.1192e-04
Loss = 3.4985e-01, PNorm = 92.2670, GNorm = 1.1501, lr_0 = 6.1054e-04
Loss = 3.6089e-01, PNorm = 92.3598, GNorm = 0.9817, lr_0 = 6.0916e-04
Loss = 3.8785e-01, PNorm = 92.4332, GNorm = 0.6761, lr_0 = 6.0779e-04
Validation auc = 0.867911
Epoch 23
Loss = 3.4616e-01, PNorm = 92.5385, GNorm = 0.5611, lr_0 = 6.0628e-04
Loss = 3.2551e-01, PNorm = 92.6411, GNorm = 0.8789, lr_0 = 6.0491e-04
Loss = 3.3079e-01, PNorm = 92.7405, GNorm = 1.0922, lr_0 = 6.0355e-04
Loss = 3.3025e-01, PNorm = 92.8408, GNorm = 0.9376, lr_0 = 6.0218e-04
Loss = 3.4312e-01, PNorm = 92.9308, GNorm = 0.7193, lr_0 = 6.0083e-04
Loss = 3.7745e-01, PNorm = 93.0229, GNorm = 0.6988, lr_0 = 5.9947e-04
Loss = 3.2131e-01, PNorm = 93.1317, GNorm = 0.7405, lr_0 = 5.9812e-04
Loss = 3.6715e-01, PNorm = 93.2248, GNorm = 0.9959, lr_0 = 5.9677e-04
Loss = 3.1510e-01, PNorm = 93.3232, GNorm = 0.9403, lr_0 = 5.9542e-04
Loss = 3.6044e-01, PNorm = 93.4056, GNorm = 0.8401, lr_0 = 5.9408e-04
Validation auc = 0.868149
Epoch 24
Loss = 2.8858e-01, PNorm = 93.5020, GNorm = 1.2252, lr_0 = 5.9260e-04
Loss = 3.0910e-01, PNorm = 93.6145, GNorm = 0.7720, lr_0 = 5.9126e-04
Loss = 3.4564e-01, PNorm = 93.7174, GNorm = 1.0010, lr_0 = 5.8993e-04
Loss = 3.3275e-01, PNorm = 93.8090, GNorm = 0.6752, lr_0 = 5.8860e-04
Loss = 3.1847e-01, PNorm = 93.8970, GNorm = 0.9918, lr_0 = 5.8727e-04
Loss = 3.8318e-01, PNorm = 93.9946, GNorm = 1.2455, lr_0 = 5.8595e-04
Loss = 3.3570e-01, PNorm = 94.0896, GNorm = 0.7949, lr_0 = 5.8462e-04
Loss = 4.0123e-01, PNorm = 94.1921, GNorm = 0.9828, lr_0 = 5.8330e-04
Loss = 3.5808e-01, PNorm = 94.2786, GNorm = 1.2915, lr_0 = 5.8199e-04
Loss = 3.1459e-01, PNorm = 94.3816, GNorm = 1.0197, lr_0 = 5.8067e-04
Loss = 3.2907e-01, PNorm = 94.4678, GNorm = 0.8892, lr_0 = 5.7936e-04
Validation auc = 0.869596
Epoch 25
Loss = 3.5659e-01, PNorm = 94.5453, GNorm = 0.9527, lr_0 = 5.7806e-04
Loss = 3.5747e-01, PNorm = 94.6782, GNorm = 0.9457, lr_0 = 5.7675e-04
Loss = 3.3139e-01, PNorm = 94.7913, GNorm = 0.8688, lr_0 = 5.7545e-04
Loss = 3.3094e-01, PNorm = 94.8966, GNorm = 1.0883, lr_0 = 5.7415e-04
Loss = 3.1783e-01, PNorm = 94.9992, GNorm = 0.8378, lr_0 = 5.7286e-04
Loss = 3.8171e-01, PNorm = 95.0915, GNorm = 1.4006, lr_0 = 5.7156e-04
Loss = 3.3442e-01, PNorm = 95.1901, GNorm = 0.9540, lr_0 = 5.7027e-04
Loss = 3.5501e-01, PNorm = 95.2887, GNorm = 0.8123, lr_0 = 5.6899e-04
Loss = 3.3350e-01, PNorm = 95.3858, GNorm = 0.6794, lr_0 = 5.6770e-04
Loss = 3.0525e-01, PNorm = 95.4783, GNorm = 0.7260, lr_0 = 5.6642e-04
Validation auc = 0.867235
Epoch 26
Loss = 3.5939e-01, PNorm = 95.5671, GNorm = 0.6847, lr_0 = 5.6502e-04
Loss = 3.0744e-01, PNorm = 95.6593, GNorm = 0.6763, lr_0 = 5.6374e-04
Loss = 2.9952e-01, PNorm = 95.7530, GNorm = 0.8193, lr_0 = 5.6247e-04
Loss = 3.2594e-01, PNorm = 95.8407, GNorm = 0.6983, lr_0 = 5.6120e-04
Loss = 3.3529e-01, PNorm = 95.9251, GNorm = 0.7277, lr_0 = 5.5993e-04
Loss = 3.4693e-01, PNorm = 96.0208, GNorm = 0.7506, lr_0 = 5.5867e-04
Loss = 3.6997e-01, PNorm = 96.1072, GNorm = 0.7367, lr_0 = 5.5741e-04
Loss = 3.2894e-01, PNorm = 96.1943, GNorm = 0.8909, lr_0 = 5.5615e-04
Loss = 3.3832e-01, PNorm = 96.2825, GNorm = 1.0134, lr_0 = 5.5490e-04
Loss = 2.9896e-01, PNorm = 96.3755, GNorm = 0.7516, lr_0 = 5.5364e-04
Loss = 3.4184e-01, PNorm = 96.4646, GNorm = 0.7732, lr_0 = 5.5239e-04
Loss = 1.5105e-01, PNorm = 96.4725, GNorm = 1.1181, lr_0 = 5.5227e-04
Validation auc = 0.867444
Epoch 27
Loss = 3.1347e-01, PNorm = 96.5629, GNorm = 0.9636, lr_0 = 5.5102e-04
Loss = 3.0868e-01, PNorm = 96.6515, GNorm = 1.1374, lr_0 = 5.4978e-04
Loss = 3.2559e-01, PNorm = 96.7378, GNorm = 0.6964, lr_0 = 5.4854e-04
Loss = 3.2742e-01, PNorm = 96.8179, GNorm = 0.8134, lr_0 = 5.4730e-04
Loss = 3.3201e-01, PNorm = 96.8934, GNorm = 1.0026, lr_0 = 5.4607e-04
Loss = 2.9612e-01, PNorm = 96.9768, GNorm = 0.7135, lr_0 = 5.4483e-04
Loss = 3.1644e-01, PNorm = 97.0549, GNorm = 1.0380, lr_0 = 5.4360e-04
Loss = 2.8541e-01, PNorm = 97.1329, GNorm = 0.8401, lr_0 = 5.4238e-04
Loss = 3.4262e-01, PNorm = 97.1966, GNorm = 1.0400, lr_0 = 5.4115e-04
Loss = 3.1515e-01, PNorm = 97.2730, GNorm = 0.7917, lr_0 = 5.3993e-04
Validation auc = 0.875662
Epoch 28
Loss = 2.9060e-01, PNorm = 97.3503, GNorm = 0.9734, lr_0 = 5.3859e-04
Loss = 3.3587e-01, PNorm = 97.4295, GNorm = 0.9624, lr_0 = 5.3738e-04
Loss = 2.9602e-01, PNorm = 97.5114, GNorm = 0.6329, lr_0 = 5.3616e-04
Loss = 2.8638e-01, PNorm = 97.5989, GNorm = 0.8113, lr_0 = 5.3495e-04
Loss = 2.7267e-01, PNorm = 97.6858, GNorm = 1.1166, lr_0 = 5.3375e-04
Loss = 2.4804e-01, PNorm = 97.7776, GNorm = 0.7947, lr_0 = 5.3254e-04
Loss = 2.9378e-01, PNorm = 97.8673, GNorm = 0.6927, lr_0 = 5.3134e-04
Loss = 3.7708e-01, PNorm = 97.9435, GNorm = 1.2780, lr_0 = 5.3014e-04
Loss = 3.2137e-01, PNorm = 98.0254, GNorm = 0.9663, lr_0 = 5.2895e-04
Loss = 3.8023e-01, PNorm = 98.1125, GNorm = 0.7922, lr_0 = 5.2775e-04
Validation auc = 0.868692
Epoch 29
Loss = 2.5984e-01, PNorm = 98.2055, GNorm = 0.9637, lr_0 = 5.2644e-04
Loss = 3.1364e-01, PNorm = 98.2936, GNorm = 0.7162, lr_0 = 5.2525e-04
Loss = 3.2774e-01, PNorm = 98.3698, GNorm = 1.4250, lr_0 = 5.2407e-04
Loss = 3.1650e-01, PNorm = 98.4493, GNorm = 1.1829, lr_0 = 5.2289e-04
Loss = 3.0317e-01, PNorm = 98.5385, GNorm = 0.8359, lr_0 = 5.2171e-04
Loss = 2.9756e-01, PNorm = 98.6177, GNorm = 0.8499, lr_0 = 5.2053e-04
Loss = 3.3322e-01, PNorm = 98.7048, GNorm = 0.8578, lr_0 = 5.1935e-04
Loss = 2.8267e-01, PNorm = 98.7789, GNorm = 0.8864, lr_0 = 5.1818e-04
Loss = 3.1953e-01, PNorm = 98.8469, GNorm = 0.8959, lr_0 = 5.1701e-04
Loss = 3.2500e-01, PNorm = 98.9217, GNorm = 0.7811, lr_0 = 5.1585e-04
Loss = 3.0484e-01, PNorm = 98.9958, GNorm = 1.0124, lr_0 = 5.1468e-04
Validation auc = 0.866597
Epoch 30
Loss = 2.5903e-01, PNorm = 99.1115, GNorm = 0.9517, lr_0 = 5.1340e-04
Loss = 2.9900e-01, PNorm = 99.1989, GNorm = 1.2903, lr_0 = 5.1225e-04
Loss = 3.2101e-01, PNorm = 99.2896, GNorm = 0.8190, lr_0 = 5.1109e-04
Loss = 2.8747e-01, PNorm = 99.3709, GNorm = 1.0821, lr_0 = 5.0994e-04
Loss = 3.7287e-01, PNorm = 99.4456, GNorm = 0.8394, lr_0 = 5.0879e-04
Loss = 3.2000e-01, PNorm = 99.5126, GNorm = 1.2627, lr_0 = 5.0764e-04
Loss = 3.1314e-01, PNorm = 99.5893, GNorm = 0.8612, lr_0 = 5.0649e-04
Loss = 2.6493e-01, PNorm = 99.6604, GNorm = 1.3131, lr_0 = 5.0535e-04
Loss = 3.1030e-01, PNorm = 99.7226, GNorm = 0.9646, lr_0 = 5.0421e-04
Loss = 2.6541e-01, PNorm = 99.7926, GNorm = 0.6148, lr_0 = 5.0307e-04
Validation auc = 0.873157
Epoch 31
Loss = 3.1060e-01, PNorm = 99.8730, GNorm = 1.1130, lr_0 = 5.0182e-04
Loss = 3.1312e-01, PNorm = 99.9813, GNorm = 0.8024, lr_0 = 5.0069e-04
Loss = 3.0235e-01, PNorm = 100.0793, GNorm = 0.8995, lr_0 = 4.9956e-04
Loss = 2.7897e-01, PNorm = 100.1651, GNorm = 1.0391, lr_0 = 4.9843e-04
Loss = 3.5241e-01, PNorm = 100.2433, GNorm = 1.1557, lr_0 = 4.9731e-04
Loss = 3.3678e-01, PNorm = 100.3165, GNorm = 1.3431, lr_0 = 4.9619e-04
Loss = 2.8299e-01, PNorm = 100.3974, GNorm = 0.6753, lr_0 = 4.9507e-04
Loss = 3.0727e-01, PNorm = 100.4816, GNorm = 0.5848, lr_0 = 4.9395e-04
Loss = 2.8622e-01, PNorm = 100.5535, GNorm = 0.8467, lr_0 = 4.9283e-04
Loss = 2.9271e-01, PNorm = 100.6209, GNorm = 0.8298, lr_0 = 4.9172e-04
Loss = 3.1232e-01, PNorm = 100.6884, GNorm = 0.7261, lr_0 = 4.9061e-04
Loss = 6.1883e-02, PNorm = 100.6951, GNorm = 0.6842, lr_0 = 4.9050e-04
Validation auc = 0.878576
Epoch 32
Loss = 3.2002e-01, PNorm = 100.7651, GNorm = 1.1954, lr_0 = 4.8939e-04
Loss = 2.6624e-01, PNorm = 100.8378, GNorm = 0.8468, lr_0 = 4.8829e-04
Loss = 2.9442e-01, PNorm = 100.9127, GNorm = 0.7083, lr_0 = 4.8719e-04
Loss = 3.0666e-01, PNorm = 100.9955, GNorm = 1.8439, lr_0 = 4.8609e-04
Loss = 3.3387e-01, PNorm = 101.0616, GNorm = 0.7209, lr_0 = 4.8499e-04
Loss = 2.8997e-01, PNorm = 101.1339, GNorm = 1.1596, lr_0 = 4.8390e-04
Loss = 3.0581e-01, PNorm = 101.1957, GNorm = 0.6400, lr_0 = 4.8280e-04
Loss = 2.3716e-01, PNorm = 101.2629, GNorm = 0.6059, lr_0 = 4.8172e-04
Loss = 2.8890e-01, PNorm = 101.3198, GNorm = 0.8594, lr_0 = 4.8063e-04
Loss = 3.0129e-01, PNorm = 101.3720, GNorm = 1.1032, lr_0 = 4.7954e-04
Validation auc = 0.871148
Epoch 33
Loss = 2.6484e-01, PNorm = 101.4544, GNorm = 0.5501, lr_0 = 4.7835e-04
Loss = 2.5945e-01, PNorm = 101.5312, GNorm = 0.7752, lr_0 = 4.7727e-04
Loss = 3.0768e-01, PNorm = 101.5957, GNorm = 0.7167, lr_0 = 4.7620e-04
Loss = 2.6345e-01, PNorm = 101.6686, GNorm = 1.0179, lr_0 = 4.7512e-04
Loss = 2.6532e-01, PNorm = 101.7354, GNorm = 0.7094, lr_0 = 4.7405e-04
Loss = 3.2252e-01, PNorm = 101.7954, GNorm = 0.6610, lr_0 = 4.7298e-04
Loss = 2.4650e-01, PNorm = 101.8626, GNorm = 1.1237, lr_0 = 4.7191e-04
Loss = 3.0854e-01, PNorm = 101.9339, GNorm = 0.8747, lr_0 = 4.7085e-04
Loss = 2.7110e-01, PNorm = 101.9953, GNorm = 0.6427, lr_0 = 4.6979e-04
Loss = 3.0204e-01, PNorm = 102.0564, GNorm = 0.8073, lr_0 = 4.6873e-04
Validation auc = 0.875100
Epoch 34
Loss = 3.4567e-01, PNorm = 102.1176, GNorm = 1.3212, lr_0 = 4.6756e-04
Loss = 2.6317e-01, PNorm = 102.1996, GNorm = 0.9786, lr_0 = 4.6651e-04
Loss = 2.6244e-01, PNorm = 102.2676, GNorm = 0.7224, lr_0 = 4.6545e-04
Loss = 2.4081e-01, PNorm = 102.3418, GNorm = 0.7661, lr_0 = 4.6440e-04
Loss = 3.0005e-01, PNorm = 102.4185, GNorm = 1.0888, lr_0 = 4.6336e-04
Loss = 2.4924e-01, PNorm = 102.4891, GNorm = 0.9800, lr_0 = 4.6231e-04
Loss = 3.1314e-01, PNorm = 102.5613, GNorm = 0.7543, lr_0 = 4.6127e-04
Loss = 2.6910e-01, PNorm = 102.6295, GNorm = 1.0634, lr_0 = 4.6023e-04
Loss = 3.6632e-01, PNorm = 102.6879, GNorm = 1.2490, lr_0 = 4.5919e-04
Loss = 2.7985e-01, PNorm = 102.7542, GNorm = 0.6263, lr_0 = 4.5815e-04
Loss = 2.8742e-01, PNorm = 102.8177, GNorm = 0.7103, lr_0 = 4.5712e-04
Validation auc = 0.867958
Epoch 35
Loss = 2.2274e-01, PNorm = 102.8861, GNorm = 0.7106, lr_0 = 4.5598e-04
Loss = 2.9300e-01, PNorm = 102.9523, GNorm = 0.7895, lr_0 = 4.5495e-04
Loss = 2.6028e-01, PNorm = 103.0253, GNorm = 0.8243, lr_0 = 4.5393e-04
Loss = 2.7055e-01, PNorm = 103.0813, GNorm = 0.5453, lr_0 = 4.5290e-04
Loss = 2.6811e-01, PNorm = 103.1417, GNorm = 0.8757, lr_0 = 4.5188e-04
Loss = 2.7719e-01, PNorm = 103.2095, GNorm = 0.9986, lr_0 = 4.5086e-04
Loss = 2.6896e-01, PNorm = 103.2673, GNorm = 0.7770, lr_0 = 4.4984e-04
Loss = 3.0071e-01, PNorm = 103.3161, GNorm = 0.8451, lr_0 = 4.4883e-04
Loss = 2.9177e-01, PNorm = 103.3624, GNorm = 1.1378, lr_0 = 4.4782e-04
Loss = 2.9581e-01, PNorm = 103.4106, GNorm = 0.9019, lr_0 = 4.4680e-04
Validation auc = 0.872910
Epoch 36
Loss = 2.6644e-01, PNorm = 103.4783, GNorm = 0.9329, lr_0 = 4.4570e-04
Loss = 2.2187e-01, PNorm = 103.5419, GNorm = 0.7935, lr_0 = 4.4469e-04
Loss = 3.2076e-01, PNorm = 103.6024, GNorm = 1.2361, lr_0 = 4.4369e-04
Loss = 2.9160e-01, PNorm = 103.6656, GNorm = 1.1756, lr_0 = 4.4269e-04
Loss = 2.7016e-01, PNorm = 103.7386, GNorm = 1.0941, lr_0 = 4.4169e-04
Loss = 2.6516e-01, PNorm = 103.7950, GNorm = 0.7058, lr_0 = 4.4069e-04
Loss = 2.8284e-01, PNorm = 103.8464, GNorm = 1.1356, lr_0 = 4.3969e-04
Loss = 2.3928e-01, PNorm = 103.9054, GNorm = 0.7785, lr_0 = 4.3870e-04
Loss = 3.0717e-01, PNorm = 103.9537, GNorm = 1.6049, lr_0 = 4.3771e-04
Loss = 2.8156e-01, PNorm = 104.0164, GNorm = 0.6206, lr_0 = 4.3672e-04
Loss = 2.8650e-01, PNorm = 104.0693, GNorm = 1.7016, lr_0 = 4.3574e-04
Loss = 1.1944e-01, PNorm = 104.0757, GNorm = 1.0762, lr_0 = 4.3564e-04
Validation auc = 0.873548
Epoch 37
Loss = 2.8136e-01, PNorm = 104.1336, GNorm = 0.6212, lr_0 = 4.3466e-04
Loss = 2.4983e-01, PNorm = 104.2015, GNorm = 0.9862, lr_0 = 4.3368e-04
Loss = 2.4805e-01, PNorm = 104.2577, GNorm = 0.9035, lr_0 = 4.3270e-04
Loss = 2.4327e-01, PNorm = 104.3110, GNorm = 0.6469, lr_0 = 4.3172e-04
Loss = 2.6618e-01, PNorm = 104.3636, GNorm = 1.0460, lr_0 = 4.3075e-04
Loss = 2.3398e-01, PNorm = 104.4164, GNorm = 0.9104, lr_0 = 4.2978e-04
Loss = 2.5735e-01, PNorm = 104.4603, GNorm = 0.7148, lr_0 = 4.2881e-04
Loss = 2.7604e-01, PNorm = 104.5123, GNorm = 1.4601, lr_0 = 4.2784e-04
Loss = 2.7239e-01, PNorm = 104.5529, GNorm = 0.9725, lr_0 = 4.2687e-04
Loss = 2.6836e-01, PNorm = 104.5955, GNorm = 0.8163, lr_0 = 4.2591e-04
Validation auc = 0.875243
Epoch 38
Loss = 2.4110e-01, PNorm = 104.6481, GNorm = 1.0692, lr_0 = 4.2495e-04
Loss = 2.4040e-01, PNorm = 104.7082, GNorm = 1.0125, lr_0 = 4.2399e-04
Loss = 2.6333e-01, PNorm = 104.7669, GNorm = 1.1906, lr_0 = 4.2303e-04
Loss = 2.6639e-01, PNorm = 104.8168, GNorm = 1.2837, lr_0 = 4.2208e-04
Loss = 2.4484e-01, PNorm = 104.8702, GNorm = 0.9791, lr_0 = 4.2113e-04
Loss = 2.8785e-01, PNorm = 104.9350, GNorm = 1.4476, lr_0 = 4.2017e-04
Loss = 2.3521e-01, PNorm = 105.0012, GNorm = 0.8837, lr_0 = 4.1923e-04
Loss = 2.4852e-01, PNorm = 105.0503, GNorm = 1.1430, lr_0 = 4.1828e-04
Loss = 2.9508e-01, PNorm = 105.1014, GNorm = 1.1684, lr_0 = 4.1734e-04
Loss = 2.4811e-01, PNorm = 105.1572, GNorm = 0.7351, lr_0 = 4.1639e-04
Validation auc = 0.860541
Epoch 39
Loss = 2.1427e-01, PNorm = 105.2216, GNorm = 0.6512, lr_0 = 4.1536e-04
Loss = 2.2981e-01, PNorm = 105.2830, GNorm = 0.7345, lr_0 = 4.1442e-04
Loss = 2.4687e-01, PNorm = 105.3338, GNorm = 1.0369, lr_0 = 4.1349e-04
Loss = 2.1656e-01, PNorm = 105.3844, GNorm = 0.7730, lr_0 = 4.1256e-04
Loss = 2.7729e-01, PNorm = 105.4268, GNorm = 1.2752, lr_0 = 4.1162e-04
Loss = 2.8214e-01, PNorm = 105.4750, GNorm = 0.7582, lr_0 = 4.1070e-04
Loss = 2.5452e-01, PNorm = 105.5204, GNorm = 0.7110, lr_0 = 4.0977e-04
Loss = 3.0413e-01, PNorm = 105.5745, GNorm = 1.1636, lr_0 = 4.0884e-04
Loss = 2.5456e-01, PNorm = 105.6247, GNorm = 1.3126, lr_0 = 4.0792e-04
Loss = 3.1047e-01, PNorm = 105.6775, GNorm = 1.5876, lr_0 = 4.0700e-04
Loss = 2.6181e-01, PNorm = 105.7254, GNorm = 0.5178, lr_0 = 4.0608e-04
Validation auc = 0.875890
Epoch 40
Loss = 2.2238e-01, PNorm = 105.7880, GNorm = 0.7876, lr_0 = 4.0507e-04
Loss = 2.6345e-01, PNorm = 105.8504, GNorm = 1.3219, lr_0 = 4.0416e-04
Loss = 2.6666e-01, PNorm = 105.9108, GNorm = 1.0635, lr_0 = 4.0325e-04
Loss = 2.8760e-01, PNorm = 105.9636, GNorm = 0.4986, lr_0 = 4.0234e-04
Loss = 2.4638e-01, PNorm = 106.0133, GNorm = 0.9971, lr_0 = 4.0143e-04
Loss = 2.2107e-01, PNorm = 106.0615, GNorm = 0.5584, lr_0 = 4.0052e-04
Loss = 2.9477e-01, PNorm = 106.1152, GNorm = 0.7496, lr_0 = 3.9962e-04
Loss = 2.5815e-01, PNorm = 106.1622, GNorm = 0.9018, lr_0 = 3.9872e-04
Loss = 2.2016e-01, PNorm = 106.2091, GNorm = 0.8322, lr_0 = 3.9782e-04
Loss = 2.5956e-01, PNorm = 106.2619, GNorm = 0.9691, lr_0 = 3.9692e-04
Validation auc = 0.875376
Epoch 41
Loss = 2.2733e-01, PNorm = 106.3183, GNorm = 0.7430, lr_0 = 3.9594e-04
Loss = 2.6252e-01, PNorm = 106.3724, GNorm = 0.8454, lr_0 = 3.9504e-04
Loss = 2.6156e-01, PNorm = 106.4255, GNorm = 0.9287, lr_0 = 3.9415e-04
Loss = 2.3404e-01, PNorm = 106.4787, GNorm = 0.8544, lr_0 = 3.9326e-04
Loss = 2.4095e-01, PNorm = 106.5301, GNorm = 1.1488, lr_0 = 3.9237e-04
Loss = 2.2235e-01, PNorm = 106.5963, GNorm = 1.0216, lr_0 = 3.9149e-04
Loss = 2.8591e-01, PNorm = 106.6520, GNorm = 1.0153, lr_0 = 3.9061e-04
Loss = 2.5792e-01, PNorm = 106.7099, GNorm = 1.0639, lr_0 = 3.8972e-04
Loss = 2.5091e-01, PNorm = 106.7591, GNorm = 0.6314, lr_0 = 3.8884e-04
Loss = 2.3167e-01, PNorm = 106.8036, GNorm = 0.6731, lr_0 = 3.8797e-04
Loss = 2.5394e-01, PNorm = 106.8556, GNorm = 0.8260, lr_0 = 3.8709e-04
Validation auc = 0.871510
Epoch 42
Loss = 2.5711e-01, PNorm = 106.9101, GNorm = 1.2988, lr_0 = 3.8613e-04
Loss = 2.3363e-01, PNorm = 106.9612, GNorm = 1.0120, lr_0 = 3.8526e-04
Loss = 3.0036e-01, PNorm = 107.0060, GNorm = 0.7443, lr_0 = 3.8439e-04
Loss = 2.1749e-01, PNorm = 107.0559, GNorm = 0.9696, lr_0 = 3.8352e-04
Loss = 2.5261e-01, PNorm = 107.0955, GNorm = 0.9218, lr_0 = 3.8266e-04
Loss = 2.7761e-01, PNorm = 107.1385, GNorm = 1.3804, lr_0 = 3.8179e-04
Loss = 2.2720e-01, PNorm = 107.1783, GNorm = 0.7909, lr_0 = 3.8093e-04
Loss = 2.2744e-01, PNorm = 107.2244, GNorm = 0.9154, lr_0 = 3.8007e-04
Loss = 2.1167e-01, PNorm = 107.2788, GNorm = 0.5311, lr_0 = 3.7921e-04
Loss = 2.4408e-01, PNorm = 107.3305, GNorm = 0.8558, lr_0 = 3.7836e-04
Validation auc = 0.864797
Epoch 43
Loss = 2.5187e-01, PNorm = 107.3870, GNorm = 1.0849, lr_0 = 3.7742e-04
Loss = 2.7679e-01, PNorm = 107.4404, GNorm = 2.2178, lr_0 = 3.7657e-04
Loss = 2.4300e-01, PNorm = 107.5134, GNorm = 0.9730, lr_0 = 3.7572e-04
Loss = 2.4608e-01, PNorm = 107.5609, GNorm = 0.9057, lr_0 = 3.7487e-04
Loss = 2.3122e-01, PNorm = 107.6096, GNorm = 0.9002, lr_0 = 3.7402e-04
Loss = 2.1123e-01, PNorm = 107.6569, GNorm = 0.7320, lr_0 = 3.7318e-04
Loss = 2.5374e-01, PNorm = 107.7025, GNorm = 0.7052, lr_0 = 3.7234e-04
Loss = 2.8173e-01, PNorm = 107.7495, GNorm = 0.8024, lr_0 = 3.7150e-04
Loss = 2.4528e-01, PNorm = 107.7896, GNorm = 0.7316, lr_0 = 3.7066e-04
Loss = 2.7449e-01, PNorm = 107.8320, GNorm = 0.6622, lr_0 = 3.6982e-04
Validation auc = 0.867311
Epoch 44
Loss = 2.9674e-01, PNorm = 107.8839, GNorm = 1.0048, lr_0 = 3.6891e-04
Loss = 2.2906e-01, PNorm = 107.9371, GNorm = 0.9948, lr_0 = 3.6807e-04
Loss = 2.2041e-01, PNorm = 107.9806, GNorm = 0.5687, lr_0 = 3.6724e-04
Loss = 2.6293e-01, PNorm = 108.0239, GNorm = 1.5255, lr_0 = 3.6641e-04
Loss = 2.5884e-01, PNorm = 108.0718, GNorm = 0.7672, lr_0 = 3.6559e-04
Loss = 2.5217e-01, PNorm = 108.1176, GNorm = 1.0753, lr_0 = 3.6476e-04
Loss = 2.1574e-01, PNorm = 108.1656, GNorm = 0.7004, lr_0 = 3.6394e-04
Loss = 2.1083e-01, PNorm = 108.2046, GNorm = 0.9976, lr_0 = 3.6312e-04
Loss = 2.3936e-01, PNorm = 108.2463, GNorm = 0.8223, lr_0 = 3.6230e-04
Loss = 2.5264e-01, PNorm = 108.2962, GNorm = 0.9204, lr_0 = 3.6148e-04
Loss = 2.3019e-01, PNorm = 108.3468, GNorm = 0.9284, lr_0 = 3.6066e-04
Validation auc = 0.866797
Epoch 45
Loss = 2.1985e-01, PNorm = 108.3906, GNorm = 0.5224, lr_0 = 3.5977e-04
Loss = 2.3053e-01, PNorm = 108.4327, GNorm = 0.7985, lr_0 = 3.5896e-04
Loss = 2.0147e-01, PNorm = 108.4772, GNorm = 0.8205, lr_0 = 3.5815e-04
Loss = 1.8159e-01, PNorm = 108.5250, GNorm = 1.0835, lr_0 = 3.5734e-04
Loss = 2.3611e-01, PNorm = 108.5725, GNorm = 1.3119, lr_0 = 3.5653e-04
Loss = 2.6158e-01, PNorm = 108.6129, GNorm = 1.4649, lr_0 = 3.5573e-04
Loss = 2.1814e-01, PNorm = 108.6481, GNorm = 0.9705, lr_0 = 3.5493e-04
Loss = 2.5268e-01, PNorm = 108.6938, GNorm = 0.6946, lr_0 = 3.5412e-04
Loss = 2.2609e-01, PNorm = 108.7319, GNorm = 0.9658, lr_0 = 3.5333e-04
Loss = 2.5271e-01, PNorm = 108.7752, GNorm = 0.7923, lr_0 = 3.5253e-04
Validation auc = 0.873567
Epoch 46
Loss = 2.2216e-01, PNorm = 108.8179, GNorm = 1.0996, lr_0 = 3.5165e-04
Loss = 1.9117e-01, PNorm = 108.8576, GNorm = 0.6466, lr_0 = 3.5086e-04
Loss = 2.1998e-01, PNorm = 108.8976, GNorm = 0.9105, lr_0 = 3.5007e-04
Loss = 2.2404e-01, PNorm = 108.9382, GNorm = 0.6785, lr_0 = 3.4928e-04
Loss = 2.1345e-01, PNorm = 108.9762, GNorm = 0.8525, lr_0 = 3.4849e-04
Loss = 2.5923e-01, PNorm = 109.0092, GNorm = 0.9254, lr_0 = 3.4770e-04
Loss = 2.4350e-01, PNorm = 109.0528, GNorm = 0.9978, lr_0 = 3.4692e-04
Loss = 2.1961e-01, PNorm = 109.0954, GNorm = 0.9136, lr_0 = 3.4614e-04
Loss = 2.5754e-01, PNorm = 109.1339, GNorm = 0.8017, lr_0 = 3.4535e-04
Loss = 2.7634e-01, PNorm = 109.1703, GNorm = 0.9648, lr_0 = 3.4458e-04
Loss = 2.4535e-01, PNorm = 109.2055, GNorm = 0.7254, lr_0 = 3.4380e-04
Validation auc = 0.871272
Epoch 47
Loss = 2.0545e-01, PNorm = 109.2448, GNorm = 0.9868, lr_0 = 3.4294e-04
Loss = 2.3282e-01, PNorm = 109.2812, GNorm = 0.9555, lr_0 = 3.4217e-04
Loss = 2.0844e-01, PNorm = 109.3227, GNorm = 0.8618, lr_0 = 3.4140e-04
Loss = 2.3003e-01, PNorm = 109.3571, GNorm = 1.2047, lr_0 = 3.4063e-04
Loss = 1.9187e-01, PNorm = 109.3918, GNorm = 0.6879, lr_0 = 3.3986e-04
Loss = 2.6198e-01, PNorm = 109.4252, GNorm = 0.9868, lr_0 = 3.3909e-04
Loss = 2.3070e-01, PNorm = 109.4585, GNorm = 0.8175, lr_0 = 3.3833e-04
Loss = 2.4292e-01, PNorm = 109.4997, GNorm = 0.5581, lr_0 = 3.3756e-04
Loss = 2.1092e-01, PNorm = 109.5364, GNorm = 0.7515, lr_0 = 3.3680e-04
Loss = 2.6857e-01, PNorm = 109.5715, GNorm = 1.1514, lr_0 = 3.3604e-04
Validation auc = 0.864492
Epoch 48
Loss = 2.0342e-01, PNorm = 109.6263, GNorm = 0.9004, lr_0 = 3.3521e-04
Loss = 1.9988e-01, PNorm = 109.6651, GNorm = 1.0530, lr_0 = 3.3445e-04
Loss = 2.0847e-01, PNorm = 109.7027, GNorm = 1.0786, lr_0 = 3.3370e-04
Loss = 2.4096e-01, PNorm = 109.7480, GNorm = 1.1692, lr_0 = 3.3294e-04
Loss = 1.8707e-01, PNorm = 109.7897, GNorm = 0.9346, lr_0 = 3.3219e-04
Loss = 2.0254e-01, PNorm = 109.8355, GNorm = 1.1195, lr_0 = 3.3144e-04
Loss = 2.3256e-01, PNorm = 109.8645, GNorm = 0.9162, lr_0 = 3.3069e-04
Loss = 2.2804e-01, PNorm = 109.9056, GNorm = 1.4489, lr_0 = 3.2995e-04
Loss = 2.4904e-01, PNorm = 109.9362, GNorm = 0.8593, lr_0 = 3.2920e-04
Loss = 2.3794e-01, PNorm = 109.9595, GNorm = 0.9845, lr_0 = 3.2846e-04
Validation auc = 0.865002
Epoch 49
Loss = 3.6856e-01, PNorm = 109.9921, GNorm = 1.1389, lr_0 = 3.2765e-04
Loss = 2.2518e-01, PNorm = 110.0322, GNorm = 1.1438, lr_0 = 3.2691e-04
Loss = 2.1774e-01, PNorm = 110.0720, GNorm = 0.6360, lr_0 = 3.2617e-04
Loss = 1.8243e-01, PNorm = 110.1104, GNorm = 0.7744, lr_0 = 3.2543e-04
Loss = 1.8923e-01, PNorm = 110.1483, GNorm = 0.7868, lr_0 = 3.2470e-04
Loss = 1.8552e-01, PNorm = 110.1749, GNorm = 1.2918, lr_0 = 3.2397e-04
Loss = 2.7490e-01, PNorm = 110.1937, GNorm = 1.8922, lr_0 = 3.2323e-04
Loss = 2.2548e-01, PNorm = 110.2280, GNorm = 0.8002, lr_0 = 3.2250e-04
Loss = 1.9386e-01, PNorm = 110.2649, GNorm = 0.7860, lr_0 = 3.2178e-04
Loss = 2.3284e-01, PNorm = 110.3044, GNorm = 1.2707, lr_0 = 3.2105e-04
Loss = 2.1834e-01, PNorm = 110.3348, GNorm = 1.4417, lr_0 = 3.2033e-04
Validation auc = 0.860769
Epoch 50
Loss = 1.7764e-01, PNorm = 110.3724, GNorm = 0.5615, lr_0 = 3.1960e-04
Loss = 2.0269e-01, PNorm = 110.4095, GNorm = 0.8450, lr_0 = 3.1888e-04
Loss = 2.4549e-01, PNorm = 110.4409, GNorm = 1.0800, lr_0 = 3.1816e-04
Loss = 1.9575e-01, PNorm = 110.4751, GNorm = 1.0553, lr_0 = 3.1744e-04
Loss = 2.3578e-01, PNorm = 110.5092, GNorm = 0.7589, lr_0 = 3.1673e-04
Loss = 2.1487e-01, PNorm = 110.5389, GNorm = 2.7720, lr_0 = 3.1601e-04
Loss = 2.2499e-01, PNorm = 110.5771, GNorm = 0.6081, lr_0 = 3.1530e-04
Loss = 2.2451e-01, PNorm = 110.6118, GNorm = 0.7013, lr_0 = 3.1459e-04
Loss = 2.1805e-01, PNorm = 110.6450, GNorm = 0.6562, lr_0 = 3.1388e-04
Loss = 2.1135e-01, PNorm = 110.6781, GNorm = 0.5794, lr_0 = 3.1317e-04
Validation auc = 0.879199
Epoch 51
Loss = 2.5575e-01, PNorm = 110.7167, GNorm = 1.3704, lr_0 = 3.1239e-04
Loss = 1.8001e-01, PNorm = 110.7495, GNorm = 0.8421, lr_0 = 3.1169e-04
Loss = 2.4291e-01, PNorm = 110.7801, GNorm = 0.8011, lr_0 = 3.1098e-04
Loss = 2.0550e-01, PNorm = 110.8188, GNorm = 1.2644, lr_0 = 3.1028e-04
Loss = 2.2848e-01, PNorm = 110.8570, GNorm = 1.0758, lr_0 = 3.0958e-04
Loss = 1.9069e-01, PNorm = 110.8851, GNorm = 0.5801, lr_0 = 3.0888e-04
Loss = 2.2228e-01, PNorm = 110.9143, GNorm = 0.7598, lr_0 = 3.0819e-04
Loss = 2.0468e-01, PNorm = 110.9478, GNorm = 0.6632, lr_0 = 3.0749e-04
Loss = 1.8393e-01, PNorm = 110.9831, GNorm = 1.2961, lr_0 = 3.0680e-04
Loss = 2.3064e-01, PNorm = 111.0119, GNorm = 1.3780, lr_0 = 3.0611e-04
Loss = 2.1743e-01, PNorm = 111.0467, GNorm = 0.7677, lr_0 = 3.0541e-04
Validation auc = 0.863569
Epoch 52
Loss = 1.6182e-01, PNorm = 111.0943, GNorm = 0.5914, lr_0 = 3.0466e-04
Loss = 1.8845e-01, PNorm = 111.1358, GNorm = 0.8395, lr_0 = 3.0397e-04
Loss = 2.2911e-01, PNorm = 111.1728, GNorm = 1.3023, lr_0 = 3.0328e-04
Loss = 2.0787e-01, PNorm = 111.2030, GNorm = 0.9347, lr_0 = 3.0260e-04
Loss = 2.0547e-01, PNorm = 111.2389, GNorm = 1.0110, lr_0 = 3.0192e-04
Loss = 2.0582e-01, PNorm = 111.2765, GNorm = 1.8270, lr_0 = 3.0123e-04
Loss = 2.2636e-01, PNorm = 111.3094, GNorm = 0.9673, lr_0 = 3.0055e-04
Loss = 2.0187e-01, PNorm = 111.3422, GNorm = 1.4596, lr_0 = 2.9988e-04
Loss = 2.1239e-01, PNorm = 111.3829, GNorm = 2.0725, lr_0 = 2.9920e-04
Loss = 2.8167e-01, PNorm = 111.4109, GNorm = 0.8051, lr_0 = 2.9852e-04
Validation auc = 0.858989
Epoch 53
Loss = 1.8721e-01, PNorm = 111.4481, GNorm = 0.7824, lr_0 = 2.9778e-04
Loss = 2.5765e-01, PNorm = 111.4747, GNorm = 1.5505, lr_0 = 2.9711e-04
Loss = 2.1434e-01, PNorm = 111.5032, GNorm = 0.9476, lr_0 = 2.9644e-04
Loss = 1.8209e-01, PNorm = 111.5301, GNorm = 0.7393, lr_0 = 2.9577e-04
Loss = 1.9886e-01, PNorm = 111.5614, GNorm = 1.4452, lr_0 = 2.9510e-04
Loss = 2.1938e-01, PNorm = 111.5955, GNorm = 1.0143, lr_0 = 2.9444e-04
Loss = 2.0396e-01, PNorm = 111.6250, GNorm = 1.2512, lr_0 = 2.9377e-04
Loss = 2.2338e-01, PNorm = 111.6590, GNorm = 1.1883, lr_0 = 2.9311e-04
Loss = 1.8331e-01, PNorm = 111.6905, GNorm = 0.7616, lr_0 = 2.9245e-04
Loss = 2.0840e-01, PNorm = 111.7174, GNorm = 1.1601, lr_0 = 2.9179e-04
Loss = 1.7209e-01, PNorm = 111.7498, GNorm = 1.2625, lr_0 = 2.9113e-04
Loss = 7.2672e-02, PNorm = 111.7531, GNorm = 1.8875, lr_0 = 2.9107e-04
Validation auc = 0.868187
Epoch 54
Loss = 1.8648e-01, PNorm = 111.7832, GNorm = 0.7214, lr_0 = 2.9041e-04
Loss = 2.1030e-01, PNorm = 111.8117, GNorm = 1.6389, lr_0 = 2.8975e-04
Loss = 1.6885e-01, PNorm = 111.8370, GNorm = 0.3732, lr_0 = 2.8910e-04
Loss = 1.8436e-01, PNorm = 111.8654, GNorm = 0.9533, lr_0 = 2.8845e-04
Loss = 2.0185e-01, PNorm = 111.8972, GNorm = 1.0061, lr_0 = 2.8780e-04
Loss = 2.3755e-01, PNorm = 111.9248, GNorm = 1.1544, lr_0 = 2.8715e-04
Loss = 1.7013e-01, PNorm = 111.9578, GNorm = 0.9060, lr_0 = 2.8650e-04
Loss = 1.9767e-01, PNorm = 111.9809, GNorm = 1.0521, lr_0 = 2.8585e-04
Loss = 2.2820e-01, PNorm = 112.0082, GNorm = 1.0286, lr_0 = 2.8521e-04
Loss = 2.2290e-01, PNorm = 112.0325, GNorm = 0.7969, lr_0 = 2.8456e-04
Validation auc = 0.869882
Epoch 55
Loss = 2.3006e-01, PNorm = 112.0687, GNorm = 1.2505, lr_0 = 2.8386e-04
Loss = 2.0461e-01, PNorm = 112.0999, GNorm = 0.6217, lr_0 = 2.8322e-04
Loss = 2.2365e-01, PNorm = 112.1365, GNorm = 0.4786, lr_0 = 2.8258e-04
Loss = 2.3564e-01, PNorm = 112.1668, GNorm = 0.9338, lr_0 = 2.8194e-04
Loss = 1.7407e-01, PNorm = 112.1909, GNorm = 0.7703, lr_0 = 2.8130e-04
Loss = 1.8421e-01, PNorm = 112.2136, GNorm = 1.0563, lr_0 = 2.8067e-04
Loss = 1.7594e-01, PNorm = 112.2513, GNorm = 1.0408, lr_0 = 2.8004e-04
Loss = 2.2442e-01, PNorm = 112.2796, GNorm = 1.3119, lr_0 = 2.7940e-04
Loss = 1.8163e-01, PNorm = 112.3072, GNorm = 0.7927, lr_0 = 2.7877e-04
Loss = 2.0522e-01, PNorm = 112.3324, GNorm = 0.6754, lr_0 = 2.7814e-04
Validation auc = 0.867463
Epoch 56
Loss = 1.4999e-01, PNorm = 112.3621, GNorm = 0.6031, lr_0 = 2.7745e-04
Loss = 2.0047e-01, PNorm = 112.3876, GNorm = 1.2532, lr_0 = 2.7683e-04
Loss = 1.7039e-01, PNorm = 112.4137, GNorm = 1.2042, lr_0 = 2.7620e-04
Loss = 2.0232e-01, PNorm = 112.4429, GNorm = 1.6698, lr_0 = 2.7558e-04
Loss = 1.8505e-01, PNorm = 112.4750, GNorm = 1.1487, lr_0 = 2.7496e-04
Loss = 1.7661e-01, PNorm = 112.5028, GNorm = 0.7755, lr_0 = 2.7434e-04
Loss = 1.9035e-01, PNorm = 112.5403, GNorm = 0.7811, lr_0 = 2.7372e-04
Loss = 1.7565e-01, PNorm = 112.5689, GNorm = 0.9142, lr_0 = 2.7310e-04
Loss = 2.5221e-01, PNorm = 112.5922, GNorm = 1.7608, lr_0 = 2.7248e-04
Loss = 2.3855e-01, PNorm = 112.6254, GNorm = 1.1242, lr_0 = 2.7187e-04
Loss = 2.3719e-01, PNorm = 112.6412, GNorm = 1.1234, lr_0 = 2.7126e-04
Validation auc = 0.868139
Epoch 57
Loss = 2.1712e-01, PNorm = 112.6675, GNorm = 0.6211, lr_0 = 2.7058e-04
Loss = 1.7123e-01, PNorm = 112.6961, GNorm = 1.4084, lr_0 = 2.6997e-04
Loss = 1.9540e-01, PNorm = 112.7245, GNorm = 1.1309, lr_0 = 2.6936e-04
Loss = 1.6192e-01, PNorm = 112.7519, GNorm = 0.9017, lr_0 = 2.6875e-04
Loss = 1.8042e-01, PNorm = 112.7807, GNorm = 1.2249, lr_0 = 2.6815e-04
Loss = 1.5885e-01, PNorm = 112.8000, GNorm = 0.9378, lr_0 = 2.6754e-04
Loss = 1.9960e-01, PNorm = 112.8173, GNorm = 1.1143, lr_0 = 2.6694e-04
Loss = 1.8600e-01, PNorm = 112.8387, GNorm = 0.8871, lr_0 = 2.6634e-04
Loss = 2.0765e-01, PNorm = 112.8681, GNorm = 0.9887, lr_0 = 2.6574e-04
Loss = 2.3019e-01, PNorm = 112.8918, GNorm = 0.9570, lr_0 = 2.6514e-04
Validation auc = 0.870982
Epoch 58
Loss = 1.9558e-01, PNorm = 112.9174, GNorm = 1.1387, lr_0 = 2.6448e-04
Loss = 1.6326e-01, PNorm = 112.9512, GNorm = 0.9761, lr_0 = 2.6388e-04
Loss = 1.9951e-01, PNorm = 112.9774, GNorm = 1.0048, lr_0 = 2.6329e-04
Loss = 1.8603e-01, PNorm = 112.9976, GNorm = 0.9337, lr_0 = 2.6269e-04
Loss = 1.9441e-01, PNorm = 113.0198, GNorm = 1.1878, lr_0 = 2.6210e-04
Loss = 2.0285e-01, PNorm = 113.0433, GNorm = 1.4761, lr_0 = 2.6151e-04
Loss = 1.7560e-01, PNorm = 113.0713, GNorm = 1.2395, lr_0 = 2.6092e-04
Loss = 2.2362e-01, PNorm = 113.0973, GNorm = 1.3742, lr_0 = 2.6033e-04
Loss = 1.8298e-01, PNorm = 113.1189, GNorm = 0.6195, lr_0 = 2.5974e-04
Loss = 1.8848e-01, PNorm = 113.1408, GNorm = 1.1267, lr_0 = 2.5916e-04
Loss = 1.7752e-01, PNorm = 113.1627, GNorm = 1.4864, lr_0 = 2.5857e-04
Loss = 7.5087e-02, PNorm = 113.1651, GNorm = 1.2327, lr_0 = 2.5851e-04
Validation auc = 0.870929
Epoch 59
Loss = 1.3835e-01, PNorm = 113.1871, GNorm = 1.1639, lr_0 = 2.5793e-04
Loss = 1.9057e-01, PNorm = 113.2076, GNorm = 0.8261, lr_0 = 2.5735e-04
Loss = 1.8780e-01, PNorm = 113.2286, GNorm = 0.7989, lr_0 = 2.5677e-04
Loss = 1.8012e-01, PNorm = 113.2494, GNorm = 1.1361, lr_0 = 2.5619e-04
Loss = 1.7101e-01, PNorm = 113.2677, GNorm = 1.0717, lr_0 = 2.5561e-04
Loss = 1.5879e-01, PNorm = 113.2886, GNorm = 0.8796, lr_0 = 2.5503e-04
Loss = 1.9306e-01, PNorm = 113.3091, GNorm = 0.9886, lr_0 = 2.5446e-04
Loss = 2.0273e-01, PNorm = 113.3301, GNorm = 1.6536, lr_0 = 2.5388e-04
Loss = 2.2974e-01, PNorm = 113.3633, GNorm = 0.8561, lr_0 = 2.5331e-04
Loss = 2.0556e-01, PNorm = 113.3906, GNorm = 1.3551, lr_0 = 2.5274e-04
Validation auc = 0.863502
Epoch 60
Loss = 2.3621e-01, PNorm = 113.4133, GNorm = 1.3781, lr_0 = 2.5211e-04
Loss = 1.9520e-01, PNorm = 113.4388, GNorm = 1.0435, lr_0 = 2.5154e-04
Loss = 1.8253e-01, PNorm = 113.4641, GNorm = 0.6268, lr_0 = 2.5097e-04
Loss = 1.6116e-01, PNorm = 113.4886, GNorm = 0.6367, lr_0 = 2.5041e-04
Loss = 1.6415e-01, PNorm = 113.5133, GNorm = 1.2272, lr_0 = 2.4984e-04
Loss = 1.8688e-01, PNorm = 113.5382, GNorm = 0.6999, lr_0 = 2.4928e-04
Loss = 1.9333e-01, PNorm = 113.5698, GNorm = 0.8718, lr_0 = 2.4872e-04
Loss = 1.9451e-01, PNorm = 113.5931, GNorm = 1.3320, lr_0 = 2.4815e-04
Loss = 2.0233e-01, PNorm = 113.6189, GNorm = 1.0341, lr_0 = 2.4759e-04
Loss = 2.3398e-01, PNorm = 113.6374, GNorm = 1.2132, lr_0 = 2.4704e-04
Validation auc = 0.867630
Epoch 61
Loss = 1.1862e-01, PNorm = 113.6612, GNorm = 0.6346, lr_0 = 2.4642e-04
Loss = 1.6834e-01, PNorm = 113.6819, GNorm = 1.1371, lr_0 = 2.4587e-04
Loss = 1.4490e-01, PNorm = 113.7056, GNorm = 0.7642, lr_0 = 2.4531e-04
Loss = 2.0051e-01, PNorm = 113.7256, GNorm = 0.5595, lr_0 = 2.4476e-04
Loss = 1.8755e-01, PNorm = 113.7451, GNorm = 1.0211, lr_0 = 2.4421e-04
Loss = 1.8325e-01, PNorm = 113.7613, GNorm = 0.4360, lr_0 = 2.4365e-04
Loss = 1.6077e-01, PNorm = 113.7822, GNorm = 0.6810, lr_0 = 2.4310e-04
Loss = 1.8940e-01, PNorm = 113.8045, GNorm = 0.8252, lr_0 = 2.4256e-04
Loss = 1.8488e-01, PNorm = 113.8328, GNorm = 0.8940, lr_0 = 2.4201e-04
Loss = 2.4153e-01, PNorm = 113.8578, GNorm = 0.7420, lr_0 = 2.4146e-04
Loss = 2.0116e-01, PNorm = 113.8815, GNorm = 0.6582, lr_0 = 2.4092e-04
Validation auc = 0.870434
Epoch 62
Loss = 1.8683e-01, PNorm = 113.9174, GNorm = 1.7676, lr_0 = 2.4032e-04
Loss = 2.1463e-01, PNorm = 113.9397, GNorm = 1.3873, lr_0 = 2.3978e-04
Loss = 1.8447e-01, PNorm = 113.9617, GNorm = 1.0400, lr_0 = 2.3924e-04
Loss = 1.6972e-01, PNorm = 113.9807, GNorm = 0.6215, lr_0 = 2.3870e-04
Loss = 1.6335e-01, PNorm = 113.9999, GNorm = 0.8196, lr_0 = 2.3816e-04
Loss = 1.5641e-01, PNorm = 114.0237, GNorm = 0.7871, lr_0 = 2.3762e-04
Loss = 1.9880e-01, PNorm = 114.0441, GNorm = 1.3266, lr_0 = 2.3708e-04
Loss = 1.8614e-01, PNorm = 114.0653, GNorm = 0.7504, lr_0 = 2.3655e-04
Loss = 1.6296e-01, PNorm = 114.0873, GNorm = 0.6022, lr_0 = 2.3601e-04
Loss = 2.1130e-01, PNorm = 114.1082, GNorm = 1.0794, lr_0 = 2.3548e-04
Validation auc = 0.862417
Epoch 63
Loss = 2.0081e-01, PNorm = 114.1319, GNorm = 0.8759, lr_0 = 2.3495e-04
Loss = 1.6725e-01, PNorm = 114.1530, GNorm = 0.7998, lr_0 = 2.3442e-04
Loss = 2.0459e-01, PNorm = 114.1715, GNorm = 1.0749, lr_0 = 2.3389e-04
Loss = 1.7139e-01, PNorm = 114.1877, GNorm = 0.8459, lr_0 = 2.3336e-04
Loss = 1.5617e-01, PNorm = 114.2068, GNorm = 0.7376, lr_0 = 2.3284e-04
Loss = 1.9836e-01, PNorm = 114.2237, GNorm = 1.0534, lr_0 = 2.3231e-04
Loss = 2.1169e-01, PNorm = 114.2372, GNorm = 1.2512, lr_0 = 2.3179e-04
Loss = 1.7476e-01, PNorm = 114.2558, GNorm = 0.7579, lr_0 = 2.3126e-04
Loss = 1.5648e-01, PNorm = 114.2754, GNorm = 0.8630, lr_0 = 2.3074e-04
Loss = 2.1471e-01, PNorm = 114.2970, GNorm = 0.9569, lr_0 = 2.3022e-04
Loss = 1.9288e-01, PNorm = 114.3173, GNorm = 1.5312, lr_0 = 2.2970e-04
Validation auc = 0.864854
Epoch 64
Loss = 1.9475e-01, PNorm = 114.3391, GNorm = 1.7294, lr_0 = 2.2913e-04
Loss = 1.6860e-01, PNorm = 114.3553, GNorm = 1.3808, lr_0 = 2.2862e-04
Loss = 1.6783e-01, PNorm = 114.3726, GNorm = 1.2440, lr_0 = 2.2810e-04
Loss = 1.8240e-01, PNorm = 114.3867, GNorm = 1.6734, lr_0 = 2.2758e-04
Loss = 1.7211e-01, PNorm = 114.4083, GNorm = 0.8533, lr_0 = 2.2707e-04
Loss = 1.7521e-01, PNorm = 114.4341, GNorm = 0.7823, lr_0 = 2.2656e-04
Loss = 1.7090e-01, PNorm = 114.4523, GNorm = 0.7535, lr_0 = 2.2605e-04
Loss = 1.7794e-01, PNorm = 114.4710, GNorm = 0.9559, lr_0 = 2.2554e-04
Loss = 1.7232e-01, PNorm = 114.4895, GNorm = 0.5515, lr_0 = 2.2503e-04
Loss = 1.9647e-01, PNorm = 114.5057, GNorm = 1.3013, lr_0 = 2.2452e-04
Validation auc = 0.866568
Epoch 65
Loss = 1.6367e-01, PNorm = 114.5270, GNorm = 0.8456, lr_0 = 2.2396e-04
Loss = 1.3372e-01, PNorm = 114.5438, GNorm = 0.8695, lr_0 = 2.2346e-04
Loss = 2.0282e-01, PNorm = 114.5596, GNorm = 1.7071, lr_0 = 2.2295e-04
Loss = 1.5118e-01, PNorm = 114.5778, GNorm = 0.5644, lr_0 = 2.2245e-04
Loss = 1.7593e-01, PNorm = 114.5994, GNorm = 0.7126, lr_0 = 2.2195e-04
Loss = 1.7026e-01, PNorm = 114.6196, GNorm = 0.7337, lr_0 = 2.2145e-04
Loss = 1.7878e-01, PNorm = 114.6366, GNorm = 1.1108, lr_0 = 2.2095e-04
Loss = 1.5974e-01, PNorm = 114.6558, GNorm = 1.2758, lr_0 = 2.2045e-04
Loss = 1.6001e-01, PNorm = 114.6728, GNorm = 0.5630, lr_0 = 2.1995e-04
Loss = 2.2011e-01, PNorm = 114.6895, GNorm = 0.9533, lr_0 = 2.1946e-04
Validation auc = 0.870210
Epoch 66
Loss = 2.1826e-01, PNorm = 114.7081, GNorm = 1.3718, lr_0 = 2.1891e-04
Loss = 1.6149e-01, PNorm = 114.7276, GNorm = 2.3818, lr_0 = 2.1842e-04
Loss = 1.7127e-01, PNorm = 114.7469, GNorm = 1.0898, lr_0 = 2.1792e-04
Loss = 1.6493e-01, PNorm = 114.7643, GNorm = 0.9596, lr_0 = 2.1743e-04
Loss = 1.6844e-01, PNorm = 114.7813, GNorm = 0.9404, lr_0 = 2.1694e-04
Loss = 1.3723e-01, PNorm = 114.7998, GNorm = 0.6644, lr_0 = 2.1645e-04
Loss = 1.7906e-01, PNorm = 114.8137, GNorm = 1.1082, lr_0 = 2.1596e-04
Loss = 2.0741e-01, PNorm = 114.8283, GNorm = 0.8344, lr_0 = 2.1548e-04
Loss = 1.6639e-01, PNorm = 114.8458, GNorm = 0.7635, lr_0 = 2.1499e-04
Loss = 1.9564e-01, PNorm = 114.8598, GNorm = 1.6143, lr_0 = 2.1450e-04
Loss = 1.8726e-01, PNorm = 114.8765, GNorm = 1.0910, lr_0 = 2.1402e-04
Validation auc = 0.867601
Epoch 67
Loss = 1.6769e-01, PNorm = 114.8997, GNorm = 0.5361, lr_0 = 2.1349e-04
Loss = 1.7778e-01, PNorm = 114.9224, GNorm = 1.0320, lr_0 = 2.1301e-04
Loss = 1.5380e-01, PNorm = 114.9449, GNorm = 1.0235, lr_0 = 2.1253e-04
Loss = 1.5655e-01, PNorm = 114.9645, GNorm = 1.2694, lr_0 = 2.1205e-04
Loss = 1.7016e-01, PNorm = 114.9836, GNorm = 1.4234, lr_0 = 2.1157e-04
Loss = 1.8798e-01, PNorm = 115.0020, GNorm = 1.5296, lr_0 = 2.1109e-04
Loss = 1.8309e-01, PNorm = 115.0187, GNorm = 1.0950, lr_0 = 2.1061e-04
Loss = 1.9710e-01, PNorm = 115.0348, GNorm = 0.8880, lr_0 = 2.1014e-04
Loss = 1.4895e-01, PNorm = 115.0520, GNorm = 0.6976, lr_0 = 2.0967e-04
Loss = 1.9075e-01, PNorm = 115.0665, GNorm = 0.9059, lr_0 = 2.0919e-04
Validation auc = 0.864978
Epoch 68
Loss = 1.7876e-01, PNorm = 115.0880, GNorm = 0.7261, lr_0 = 2.0867e-04
Loss = 1.6850e-01, PNorm = 115.1057, GNorm = 1.8073, lr_0 = 2.0820e-04
Loss = 1.7754e-01, PNorm = 115.1233, GNorm = 0.8601, lr_0 = 2.0773e-04
Loss = 1.7575e-01, PNorm = 115.1381, GNorm = 0.8237, lr_0 = 2.0726e-04
Loss = 1.7641e-01, PNorm = 115.1609, GNorm = 1.4421, lr_0 = 2.0680e-04
Loss = 1.7646e-01, PNorm = 115.1786, GNorm = 0.7529, lr_0 = 2.0633e-04
Loss = 1.3742e-01, PNorm = 115.1915, GNorm = 1.3037, lr_0 = 2.0586e-04
Loss = 1.5288e-01, PNorm = 115.2122, GNorm = 1.7117, lr_0 = 2.0540e-04
Loss = 2.2224e-01, PNorm = 115.2285, GNorm = 0.8149, lr_0 = 2.0494e-04
Loss = 1.9425e-01, PNorm = 115.2445, GNorm = 0.7675, lr_0 = 2.0447e-04
Loss = 1.6373e-01, PNorm = 115.2596, GNorm = 0.7933, lr_0 = 2.0401e-04
Validation auc = 0.867630
Epoch 69
Loss = 1.3830e-01, PNorm = 115.2807, GNorm = 0.9079, lr_0 = 2.0351e-04
Loss = 1.8335e-01, PNorm = 115.2973, GNorm = 0.8767, lr_0 = 2.0305e-04
Loss = 1.6147e-01, PNorm = 115.3130, GNorm = 1.1762, lr_0 = 2.0259e-04
Loss = 1.4064e-01, PNorm = 115.3265, GNorm = 1.0077, lr_0 = 2.0213e-04
Loss = 1.7987e-01, PNorm = 115.3409, GNorm = 0.8555, lr_0 = 2.0167e-04
Loss = 1.4277e-01, PNorm = 115.3580, GNorm = 0.6878, lr_0 = 2.0122e-04
Loss = 1.7252e-01, PNorm = 115.3727, GNorm = 0.6922, lr_0 = 2.0077e-04
Loss = 1.8066e-01, PNorm = 115.3890, GNorm = 0.9777, lr_0 = 2.0031e-04
Loss = 1.7473e-01, PNorm = 115.4025, GNorm = 0.8695, lr_0 = 1.9986e-04
Loss = 1.5035e-01, PNorm = 115.4166, GNorm = 0.5430, lr_0 = 1.9941e-04
Validation auc = 0.865159
Epoch 70
Loss = 1.6017e-01, PNorm = 115.4337, GNorm = 2.1389, lr_0 = 1.9891e-04
Loss = 1.4983e-01, PNorm = 115.4534, GNorm = 1.1883, lr_0 = 1.9847e-04
Loss = 1.8103e-01, PNorm = 115.4655, GNorm = 1.7384, lr_0 = 1.9802e-04
Loss = 1.3761e-01, PNorm = 115.4789, GNorm = 0.6553, lr_0 = 1.9757e-04
Loss = 1.4769e-01, PNorm = 115.4992, GNorm = 1.3151, lr_0 = 1.9712e-04
Loss = 1.6944e-01, PNorm = 115.5147, GNorm = 1.4916, lr_0 = 1.9668e-04
Loss = 1.8606e-01, PNorm = 115.5374, GNorm = 1.1032, lr_0 = 1.9624e-04
Loss = 1.9751e-01, PNorm = 115.5549, GNorm = 0.7461, lr_0 = 1.9579e-04
Loss = 1.6672e-01, PNorm = 115.5701, GNorm = 0.6419, lr_0 = 1.9535e-04
Loss = 1.5542e-01, PNorm = 115.5849, GNorm = 1.0898, lr_0 = 1.9491e-04
Validation auc = 0.871063
Epoch 71
Loss = 1.3634e-01, PNorm = 115.6030, GNorm = 1.0817, lr_0 = 1.9443e-04
Loss = 1.3706e-01, PNorm = 115.6176, GNorm = 1.6778, lr_0 = 1.9399e-04
Loss = 1.7108e-01, PNorm = 115.6319, GNorm = 1.6278, lr_0 = 1.9355e-04
Loss = 1.5189e-01, PNorm = 115.6487, GNorm = 0.6549, lr_0 = 1.9311e-04
Loss = 1.6092e-01, PNorm = 115.6650, GNorm = 1.5188, lr_0 = 1.9268e-04
Loss = 1.7936e-01, PNorm = 115.6817, GNorm = 0.9401, lr_0 = 1.9224e-04
Loss = 1.3560e-01, PNorm = 115.6987, GNorm = 0.8655, lr_0 = 1.9181e-04
Loss = 1.8618e-01, PNorm = 115.7168, GNorm = 1.8552, lr_0 = 1.9138e-04
Loss = 1.6961e-01, PNorm = 115.7355, GNorm = 0.8312, lr_0 = 1.9094e-04
Loss = 1.7058e-01, PNorm = 115.7518, GNorm = 1.0346, lr_0 = 1.9051e-04
Loss = 1.9214e-01, PNorm = 115.7678, GNorm = 2.5130, lr_0 = 1.9008e-04
Validation auc = 0.860484
Epoch 72
Loss = 2.2529e-01, PNorm = 115.7851, GNorm = 1.0697, lr_0 = 1.8961e-04
Loss = 1.6549e-01, PNorm = 115.7988, GNorm = 0.7497, lr_0 = 1.8918e-04
Loss = 1.6673e-01, PNorm = 115.8172, GNorm = 0.8957, lr_0 = 1.8876e-04
Loss = 1.3267e-01, PNorm = 115.8317, GNorm = 0.7260, lr_0 = 1.8833e-04
Loss = 1.6220e-01, PNorm = 115.8479, GNorm = 1.4254, lr_0 = 1.8791e-04
Loss = 1.5092e-01, PNorm = 115.8641, GNorm = 1.1347, lr_0 = 1.8748e-04
Loss = 1.4609e-01, PNorm = 115.8788, GNorm = 1.5375, lr_0 = 1.8706e-04
Loss = 1.6512e-01, PNorm = 115.8938, GNorm = 0.8407, lr_0 = 1.8664e-04
Loss = 1.6872e-01, PNorm = 115.9089, GNorm = 1.2344, lr_0 = 1.8622e-04
Loss = 1.9982e-01, PNorm = 115.9256, GNorm = 0.9109, lr_0 = 1.8580e-04
Validation auc = 0.861845
Epoch 73
Loss = 1.6722e-01, PNorm = 115.9450, GNorm = 1.1829, lr_0 = 1.8533e-04
Loss = 1.3948e-01, PNorm = 115.9574, GNorm = 0.9038, lr_0 = 1.8492e-04
Loss = 1.5994e-01, PNorm = 115.9716, GNorm = 2.0608, lr_0 = 1.8450e-04
Loss = 1.8035e-01, PNorm = 115.9898, GNorm = 1.5537, lr_0 = 1.8408e-04
Loss = 1.5174e-01, PNorm = 116.0000, GNorm = 0.7356, lr_0 = 1.8367e-04
Loss = 1.9857e-01, PNorm = 116.0135, GNorm = 1.6574, lr_0 = 1.8325e-04
Loss = 1.3097e-01, PNorm = 116.0345, GNorm = 1.1926, lr_0 = 1.8284e-04
Loss = 1.6477e-01, PNorm = 116.0479, GNorm = 1.5692, lr_0 = 1.8243e-04
Loss = 1.5539e-01, PNorm = 116.0620, GNorm = 2.0055, lr_0 = 1.8201e-04
Loss = 1.7658e-01, PNorm = 116.0831, GNorm = 1.4530, lr_0 = 1.8160e-04
Loss = 1.5695e-01, PNorm = 116.0961, GNorm = 0.9487, lr_0 = 1.8119e-04
Validation auc = 0.861826
Epoch 74
Loss = 1.5467e-01, PNorm = 116.1082, GNorm = 0.7321, lr_0 = 1.8074e-04
Loss = 1.3898e-01, PNorm = 116.1213, GNorm = 1.1494, lr_0 = 1.8034e-04
Loss = 1.6399e-01, PNorm = 116.1369, GNorm = 1.0712, lr_0 = 1.7993e-04
Loss = 1.5554e-01, PNorm = 116.1502, GNorm = 0.6690, lr_0 = 1.7952e-04
Loss = 1.5857e-01, PNorm = 116.1653, GNorm = 0.9065, lr_0 = 1.7912e-04
Loss = 1.5041e-01, PNorm = 116.1779, GNorm = 0.9424, lr_0 = 1.7871e-04
Loss = 1.3990e-01, PNorm = 116.1954, GNorm = 1.1148, lr_0 = 1.7831e-04
Loss = 1.7038e-01, PNorm = 116.2129, GNorm = 0.7576, lr_0 = 1.7791e-04
Loss = 1.8645e-01, PNorm = 116.2245, GNorm = 0.6952, lr_0 = 1.7751e-04
Loss = 1.4267e-01, PNorm = 116.2379, GNorm = 0.8659, lr_0 = 1.7711e-04
Validation auc = 0.865135
Epoch 75
Loss = 1.5367e-01, PNorm = 116.2474, GNorm = 0.7046, lr_0 = 1.7671e-04
Loss = 1.3297e-01, PNorm = 116.2590, GNorm = 0.8732, lr_0 = 1.7631e-04
Loss = 1.6191e-01, PNorm = 116.2716, GNorm = 0.6859, lr_0 = 1.7591e-04
Loss = 1.5863e-01, PNorm = 116.2859, GNorm = 0.9305, lr_0 = 1.7551e-04
Loss = 1.5341e-01, PNorm = 116.2991, GNorm = 1.1227, lr_0 = 1.7512e-04
Loss = 1.4585e-01, PNorm = 116.3100, GNorm = 1.1152, lr_0 = 1.7472e-04
Loss = 1.7558e-01, PNorm = 116.3216, GNorm = 1.4532, lr_0 = 1.7433e-04
Loss = 1.7346e-01, PNorm = 116.3347, GNorm = 1.1431, lr_0 = 1.7393e-04
Loss = 1.3884e-01, PNorm = 116.3474, GNorm = 0.8009, lr_0 = 1.7354e-04
Loss = 1.6283e-01, PNorm = 116.3616, GNorm = 0.7968, lr_0 = 1.7315e-04
Loss = 2.0192e-01, PNorm = 116.3744, GNorm = 0.7364, lr_0 = 1.7276e-04
Loss = 4.1850e-01, PNorm = 116.3749, GNorm = 5.2728, lr_0 = 1.7272e-04
Validation auc = 0.868306
Epoch 76
Loss = 1.2509e-01, PNorm = 116.3860, GNorm = 0.8189, lr_0 = 1.7233e-04
Loss = 1.4813e-01, PNorm = 116.4053, GNorm = 0.7811, lr_0 = 1.7194e-04
Loss = 1.8068e-01, PNorm = 116.4218, GNorm = 0.8594, lr_0 = 1.7155e-04
Loss = 1.8065e-01, PNorm = 116.4332, GNorm = 1.5395, lr_0 = 1.7117e-04
Loss = 1.6864e-01, PNorm = 116.4458, GNorm = 0.6296, lr_0 = 1.7078e-04
Loss = 1.7337e-01, PNorm = 116.4598, GNorm = 0.9550, lr_0 = 1.7039e-04
Loss = 1.7129e-01, PNorm = 116.4723, GNorm = 1.1175, lr_0 = 1.7001e-04
Loss = 1.5342e-01, PNorm = 116.4851, GNorm = 0.7822, lr_0 = 1.6963e-04
Loss = 1.5953e-01, PNorm = 116.4970, GNorm = 0.9522, lr_0 = 1.6924e-04
Loss = 1.6271e-01, PNorm = 116.5061, GNorm = 0.8907, lr_0 = 1.6886e-04
Validation auc = 0.868968
Epoch 77
Loss = 1.3221e-01, PNorm = 116.5188, GNorm = 0.8039, lr_0 = 1.6844e-04
Loss = 1.3666e-01, PNorm = 116.5334, GNorm = 0.3424, lr_0 = 1.6806e-04
Loss = 1.4985e-01, PNorm = 116.5432, GNorm = 1.3132, lr_0 = 1.6768e-04
Loss = 1.8957e-01, PNorm = 116.5541, GNorm = 1.2612, lr_0 = 1.6730e-04
Loss = 1.8858e-01, PNorm = 116.5692, GNorm = 1.8170, lr_0 = 1.6693e-04
Loss = 1.2693e-01, PNorm = 116.5818, GNorm = 0.7239, lr_0 = 1.6655e-04
Loss = 1.5187e-01, PNorm = 116.5951, GNorm = 1.5724, lr_0 = 1.6617e-04
Loss = 1.5727e-01, PNorm = 116.6085, GNorm = 0.3170, lr_0 = 1.6580e-04
Loss = 1.8399e-01, PNorm = 116.6257, GNorm = 0.8453, lr_0 = 1.6543e-04
Loss = 1.5012e-01, PNorm = 116.6419, GNorm = 1.2810, lr_0 = 1.6505e-04
Validation auc = 0.865330
Epoch 78
Loss = 1.7464e-01, PNorm = 116.6533, GNorm = 0.7652, lr_0 = 1.6464e-04
Loss = 1.6057e-01, PNorm = 116.6716, GNorm = 0.6621, lr_0 = 1.6427e-04
Loss = 1.3090e-01, PNorm = 116.6876, GNorm = 0.7177, lr_0 = 1.6390e-04
Loss = 1.8600e-01, PNorm = 116.6998, GNorm = 0.8857, lr_0 = 1.6353e-04
Loss = 1.4731e-01, PNorm = 116.7134, GNorm = 0.6497, lr_0 = 1.6316e-04
Loss = 1.5852e-01, PNorm = 116.7286, GNorm = 0.7085, lr_0 = 1.6279e-04
Loss = 1.3296e-01, PNorm = 116.7410, GNorm = 1.1765, lr_0 = 1.6243e-04
Loss = 1.3291e-01, PNorm = 116.7511, GNorm = 0.5215, lr_0 = 1.6206e-04
Loss = 1.9660e-01, PNorm = 116.7665, GNorm = 0.7271, lr_0 = 1.6169e-04
Loss = 1.0979e-01, PNorm = 116.7786, GNorm = 0.7711, lr_0 = 1.6133e-04
Loss = 1.7651e-01, PNorm = 116.7908, GNorm = 1.1113, lr_0 = 1.6096e-04
Validation auc = 0.864369
Epoch 79
Loss = 1.7635e-01, PNorm = 116.8032, GNorm = 0.9645, lr_0 = 1.6057e-04
Loss = 1.7292e-01, PNorm = 116.8204, GNorm = 1.1881, lr_0 = 1.6020e-04
Loss = 1.5850e-01, PNorm = 116.8344, GNorm = 0.7778, lr_0 = 1.5984e-04
Loss = 1.3190e-01, PNorm = 116.8441, GNorm = 0.7301, lr_0 = 1.5948e-04
Loss = 1.7218e-01, PNorm = 116.8517, GNorm = 1.2297, lr_0 = 1.5912e-04
Loss = 1.5110e-01, PNorm = 116.8667, GNorm = 0.5495, lr_0 = 1.5876e-04
Loss = 1.7161e-01, PNorm = 116.8820, GNorm = 0.8170, lr_0 = 1.5840e-04
Loss = 1.4570e-01, PNorm = 116.8894, GNorm = 0.9115, lr_0 = 1.5805e-04
Loss = 1.4798e-01, PNorm = 116.9012, GNorm = 0.6113, lr_0 = 1.5769e-04
Loss = 1.6088e-01, PNorm = 116.9146, GNorm = 0.6975, lr_0 = 1.5733e-04
Validation auc = 0.867963
Epoch 80
Loss = 1.6465e-01, PNorm = 116.9273, GNorm = 1.4280, lr_0 = 1.5694e-04
Loss = 1.3433e-01, PNorm = 116.9371, GNorm = 0.9472, lr_0 = 1.5659e-04
Loss = 1.8813e-01, PNorm = 116.9466, GNorm = 1.2827, lr_0 = 1.5624e-04
Loss = 1.1841e-01, PNorm = 116.9568, GNorm = 1.0102, lr_0 = 1.5588e-04
Loss = 1.6492e-01, PNorm = 116.9673, GNorm = 0.7293, lr_0 = 1.5553e-04
Loss = 1.5817e-01, PNorm = 116.9771, GNorm = 0.5110, lr_0 = 1.5518e-04
Loss = 1.5299e-01, PNorm = 116.9890, GNorm = 0.9319, lr_0 = 1.5483e-04
Loss = 1.5444e-01, PNorm = 116.9998, GNorm = 1.4711, lr_0 = 1.5448e-04
Loss = 1.3239e-01, PNorm = 117.0112, GNorm = 0.6581, lr_0 = 1.5413e-04
Loss = 1.7073e-01, PNorm = 117.0228, GNorm = 0.3727, lr_0 = 1.5378e-04
Loss = 1.5136e-01, PNorm = 117.0319, GNorm = 0.8318, lr_0 = 1.5344e-04
Loss = 3.3891e-01, PNorm = 117.0330, GNorm = 3.3128, lr_0 = 1.5340e-04
Validation auc = 0.864416
Epoch 81
Loss = 1.4078e-01, PNorm = 117.0440, GNorm = 0.8413, lr_0 = 1.5306e-04
Loss = 1.3740e-01, PNorm = 117.0568, GNorm = 0.7740, lr_0 = 1.5271e-04
Loss = 1.3904e-01, PNorm = 117.0704, GNorm = 0.7661, lr_0 = 1.5237e-04
Loss = 1.3366e-01, PNorm = 117.0771, GNorm = 0.2282, lr_0 = 1.5202e-04
Loss = 1.7558e-01, PNorm = 117.0841, GNorm = 0.8900, lr_0 = 1.5168e-04
Loss = 1.3197e-01, PNorm = 117.0925, GNorm = 0.7442, lr_0 = 1.5134e-04
Loss = 1.2981e-01, PNorm = 117.1031, GNorm = 1.0522, lr_0 = 1.5100e-04
Loss = 1.6314e-01, PNorm = 117.1113, GNorm = 1.0654, lr_0 = 1.5065e-04
Loss = 1.5854e-01, PNorm = 117.1194, GNorm = 0.8792, lr_0 = 1.5031e-04
Loss = 1.6070e-01, PNorm = 117.1334, GNorm = 0.6366, lr_0 = 1.4998e-04
Validation auc = 0.867211
Epoch 82
Loss = 1.5629e-01, PNorm = 117.1465, GNorm = 0.8691, lr_0 = 1.4960e-04
Loss = 1.5311e-01, PNorm = 117.1559, GNorm = 1.1005, lr_0 = 1.4927e-04
Loss = 1.5746e-01, PNorm = 117.1656, GNorm = 1.0564, lr_0 = 1.4893e-04
Loss = 1.5535e-01, PNorm = 117.1766, GNorm = 1.1944, lr_0 = 1.4859e-04
Loss = 1.5575e-01, PNorm = 117.1834, GNorm = 1.3445, lr_0 = 1.4826e-04
Loss = 1.4459e-01, PNorm = 117.1944, GNorm = 0.5464, lr_0 = 1.4792e-04
Loss = 1.4850e-01, PNorm = 117.2046, GNorm = 1.4163, lr_0 = 1.4759e-04
Loss = 1.2837e-01, PNorm = 117.2122, GNorm = 0.8152, lr_0 = 1.4726e-04
Loss = 1.4060e-01, PNorm = 117.2212, GNorm = 0.9486, lr_0 = 1.4692e-04
Loss = 1.6712e-01, PNorm = 117.2307, GNorm = 0.6739, lr_0 = 1.4659e-04
Validation auc = 0.863740
Epoch 83
Loss = 1.2901e-01, PNorm = 117.2376, GNorm = 0.8464, lr_0 = 1.4623e-04
Loss = 1.2322e-01, PNorm = 117.2445, GNorm = 0.5004, lr_0 = 1.4590e-04
Loss = 1.4330e-01, PNorm = 117.2516, GNorm = 0.6833, lr_0 = 1.4557e-04
Loss = 1.4304e-01, PNorm = 117.2643, GNorm = 0.5091, lr_0 = 1.4524e-04
Loss = 1.6576e-01, PNorm = 117.2738, GNorm = 0.6693, lr_0 = 1.4491e-04
Loss = 1.3338e-01, PNorm = 117.2803, GNorm = 0.4864, lr_0 = 1.4459e-04
Loss = 1.4671e-01, PNorm = 117.2915, GNorm = 0.5805, lr_0 = 1.4426e-04
Loss = 1.7119e-01, PNorm = 117.3029, GNorm = 1.5566, lr_0 = 1.4393e-04
Loss = 1.4895e-01, PNorm = 117.3101, GNorm = 0.4423, lr_0 = 1.4361e-04
Loss = 1.6315e-01, PNorm = 117.3203, GNorm = 1.1834, lr_0 = 1.4329e-04
Loss = 1.7107e-01, PNorm = 117.3288, GNorm = 1.2221, lr_0 = 1.4296e-04
Validation auc = 0.868744
Epoch 84
Loss = 1.1986e-01, PNorm = 117.3438, GNorm = 1.2022, lr_0 = 1.4261e-04
Loss = 1.5264e-01, PNorm = 117.3549, GNorm = 0.8222, lr_0 = 1.4229e-04
Loss = 1.6830e-01, PNorm = 117.3662, GNorm = 0.9650, lr_0 = 1.4196e-04
Loss = 1.3168e-01, PNorm = 117.3770, GNorm = 0.7815, lr_0 = 1.4164e-04
Loss = 1.5915e-01, PNorm = 117.3857, GNorm = 0.4914, lr_0 = 1.4132e-04
Loss = 1.6914e-01, PNorm = 117.3944, GNorm = 0.8587, lr_0 = 1.4101e-04
Loss = 1.3565e-01, PNorm = 117.4047, GNorm = 0.8911, lr_0 = 1.4069e-04
Loss = 1.4038e-01, PNorm = 117.4138, GNorm = 1.2934, lr_0 = 1.4037e-04
Loss = 1.3892e-01, PNorm = 117.4211, GNorm = 1.4793, lr_0 = 1.4005e-04
Loss = 1.3313e-01, PNorm = 117.4299, GNorm = 1.0986, lr_0 = 1.3974e-04
Validation auc = 0.864126
Epoch 85
Loss = 1.2774e-01, PNorm = 117.4417, GNorm = 0.7608, lr_0 = 1.3939e-04
Loss = 1.2476e-01, PNorm = 117.4537, GNorm = 0.5288, lr_0 = 1.3908e-04
Loss = 1.6980e-01, PNorm = 117.4592, GNorm = 0.9662, lr_0 = 1.3876e-04
Loss = 1.2043e-01, PNorm = 117.4660, GNorm = 0.5909, lr_0 = 1.3845e-04
Loss = 1.1399e-01, PNorm = 117.4789, GNorm = 0.5629, lr_0 = 1.3814e-04
Loss = 1.6810e-01, PNorm = 117.4886, GNorm = 1.6744, lr_0 = 1.3782e-04
Loss = 1.5226e-01, PNorm = 117.5012, GNorm = 0.8769, lr_0 = 1.3751e-04
Loss = 1.6756e-01, PNorm = 117.5156, GNorm = 1.2241, lr_0 = 1.3720e-04
Loss = 1.5415e-01, PNorm = 117.5277, GNorm = 0.9802, lr_0 = 1.3689e-04
Loss = 1.4802e-01, PNorm = 117.5374, GNorm = 1.1226, lr_0 = 1.3658e-04
Loss = 1.2900e-01, PNorm = 117.5462, GNorm = 0.9726, lr_0 = 1.3628e-04
Loss = 2.3135e-01, PNorm = 117.5469, GNorm = 2.3095, lr_0 = 1.3625e-04
Validation auc = 0.863269
Epoch 86
Loss = 1.6689e-01, PNorm = 117.5546, GNorm = 0.6802, lr_0 = 1.3594e-04
Loss = 1.6090e-01, PNorm = 117.5626, GNorm = 0.8132, lr_0 = 1.3563e-04
Loss = 1.3687e-01, PNorm = 117.5749, GNorm = 0.8432, lr_0 = 1.3532e-04
Loss = 1.4174e-01, PNorm = 117.5865, GNorm = 1.5654, lr_0 = 1.3502e-04
Loss = 1.3109e-01, PNorm = 117.5991, GNorm = 0.7471, lr_0 = 1.3471e-04
Loss = 1.5940e-01, PNorm = 117.6070, GNorm = 0.9435, lr_0 = 1.3441e-04
Loss = 1.3936e-01, PNorm = 117.6141, GNorm = 0.7378, lr_0 = 1.3411e-04
Loss = 1.5329e-01, PNorm = 117.6221, GNorm = 0.7186, lr_0 = 1.3380e-04
Loss = 1.3497e-01, PNorm = 117.6313, GNorm = 0.8434, lr_0 = 1.3350e-04
Loss = 1.3678e-01, PNorm = 117.6417, GNorm = 0.7718, lr_0 = 1.3320e-04
Validation auc = 0.863850
Epoch 87
Loss = 1.6013e-01, PNorm = 117.6476, GNorm = 1.0978, lr_0 = 1.3287e-04
Loss = 1.1737e-01, PNorm = 117.6573, GNorm = 0.6237, lr_0 = 1.3257e-04
Loss = 1.7188e-01, PNorm = 117.6687, GNorm = 0.5096, lr_0 = 1.3227e-04
Loss = 1.4135e-01, PNorm = 117.6796, GNorm = 1.1770, lr_0 = 1.3197e-04
Loss = 1.2509e-01, PNorm = 117.6912, GNorm = 0.9988, lr_0 = 1.3168e-04
Loss = 1.5251e-01, PNorm = 117.7001, GNorm = 1.7883, lr_0 = 1.3138e-04
Loss = 1.4774e-01, PNorm = 117.7084, GNorm = 0.9037, lr_0 = 1.3108e-04
Loss = 1.5534e-01, PNorm = 117.7155, GNorm = 1.5918, lr_0 = 1.3079e-04
Loss = 1.6213e-01, PNorm = 117.7247, GNorm = 1.2510, lr_0 = 1.3049e-04
Loss = 1.3906e-01, PNorm = 117.7346, GNorm = 0.9286, lr_0 = 1.3020e-04
Validation auc = 0.861055
Epoch 88
Loss = 8.7249e-02, PNorm = 117.7444, GNorm = 0.6152, lr_0 = 1.2990e-04
Loss = 1.5739e-01, PNorm = 117.7540, GNorm = 1.2305, lr_0 = 1.2961e-04
Loss = 1.3266e-01, PNorm = 117.7618, GNorm = 0.7277, lr_0 = 1.2932e-04
Loss = 1.4918e-01, PNorm = 117.7695, GNorm = 0.8456, lr_0 = 1.2903e-04
Loss = 1.5526e-01, PNorm = 117.7774, GNorm = 1.1973, lr_0 = 1.2873e-04
Loss = 1.4381e-01, PNorm = 117.7867, GNorm = 0.8324, lr_0 = 1.2844e-04
Loss = 1.5516e-01, PNorm = 117.7965, GNorm = 0.6161, lr_0 = 1.2815e-04
Loss = 1.4123e-01, PNorm = 117.8011, GNorm = 0.7914, lr_0 = 1.2786e-04
Loss = 1.3600e-01, PNorm = 117.8071, GNorm = 0.7746, lr_0 = 1.2758e-04
Loss = 1.5336e-01, PNorm = 117.8152, GNorm = 1.6676, lr_0 = 1.2729e-04
Loss = 1.3367e-01, PNorm = 117.8244, GNorm = 0.3451, lr_0 = 1.2700e-04
Validation auc = 0.864716
Epoch 89
Loss = 1.0176e-01, PNorm = 117.8361, GNorm = 1.2223, lr_0 = 1.2669e-04
Loss = 1.4521e-01, PNorm = 117.8428, GNorm = 0.6878, lr_0 = 1.2640e-04
Loss = 1.4433e-01, PNorm = 117.8534, GNorm = 1.4783, lr_0 = 1.2611e-04
Loss = 1.3868e-01, PNorm = 117.8651, GNorm = 1.2949, lr_0 = 1.2583e-04
Loss = 1.2535e-01, PNorm = 117.8755, GNorm = 0.5596, lr_0 = 1.2555e-04
Loss = 1.4204e-01, PNorm = 117.8844, GNorm = 0.8712, lr_0 = 1.2526e-04
Loss = 1.5955e-01, PNorm = 117.8939, GNorm = 0.6550, lr_0 = 1.2498e-04
Loss = 1.4548e-01, PNorm = 117.9052, GNorm = 1.3813, lr_0 = 1.2470e-04
Loss = 1.9325e-01, PNorm = 117.9130, GNorm = 0.8723, lr_0 = 1.2442e-04
Loss = 1.5655e-01, PNorm = 117.9190, GNorm = 1.2857, lr_0 = 1.2414e-04
Validation auc = 0.864254
Epoch 90
Loss = 1.5470e-01, PNorm = 117.9263, GNorm = 0.7519, lr_0 = 1.2383e-04
Loss = 1.3600e-01, PNorm = 117.9357, GNorm = 1.3166, lr_0 = 1.2355e-04
Loss = 1.2782e-01, PNorm = 117.9423, GNorm = 0.6744, lr_0 = 1.2327e-04
Loss = 1.3913e-01, PNorm = 117.9513, GNorm = 1.3157, lr_0 = 1.2299e-04
Loss = 1.3374e-01, PNorm = 117.9617, GNorm = 0.9675, lr_0 = 1.2271e-04
Loss = 1.4582e-01, PNorm = 117.9696, GNorm = 0.3986, lr_0 = 1.2244e-04
Loss = 1.2336e-01, PNorm = 117.9760, GNorm = 0.8378, lr_0 = 1.2216e-04
Loss = 1.2713e-01, PNorm = 117.9835, GNorm = 0.8509, lr_0 = 1.2188e-04
Loss = 1.8694e-01, PNorm = 117.9912, GNorm = 2.9436, lr_0 = 1.2161e-04
Loss = 1.2465e-01, PNorm = 118.0002, GNorm = 0.4707, lr_0 = 1.2134e-04
Loss = 1.5440e-01, PNorm = 118.0055, GNorm = 0.5471, lr_0 = 1.2106e-04
Validation auc = 0.867625
Epoch 91
Loss = 1.4199e-01, PNorm = 118.0142, GNorm = 0.8791, lr_0 = 1.2076e-04
Loss = 1.5347e-01, PNorm = 118.0225, GNorm = 0.9425, lr_0 = 1.2049e-04
Loss = 1.3062e-01, PNorm = 118.0301, GNorm = 0.3662, lr_0 = 1.2022e-04
Loss = 1.6022e-01, PNorm = 118.0387, GNorm = 0.8888, lr_0 = 1.1995e-04
Loss = 1.6976e-01, PNorm = 118.0457, GNorm = 2.1085, lr_0 = 1.1967e-04
Loss = 1.2268e-01, PNorm = 118.0548, GNorm = 1.1766, lr_0 = 1.1940e-04
Loss = 1.5310e-01, PNorm = 118.0628, GNorm = 0.6191, lr_0 = 1.1914e-04
Loss = 1.2250e-01, PNorm = 118.0703, GNorm = 0.6592, lr_0 = 1.1887e-04
Loss = 1.3202e-01, PNorm = 118.0789, GNorm = 1.0120, lr_0 = 1.1860e-04
Loss = 1.1952e-01, PNorm = 118.0870, GNorm = 1.1662, lr_0 = 1.1833e-04
Validation auc = 0.861250
Epoch 92
Loss = 1.1302e-01, PNorm = 118.0974, GNorm = 0.4306, lr_0 = 1.1804e-04
Loss = 1.1443e-01, PNorm = 118.1042, GNorm = 1.4866, lr_0 = 1.1777e-04
Loss = 1.1842e-01, PNorm = 118.1098, GNorm = 0.5136, lr_0 = 1.1750e-04
Loss = 1.5594e-01, PNorm = 118.1196, GNorm = 0.9851, lr_0 = 1.1724e-04
Loss = 1.2382e-01, PNorm = 118.1284, GNorm = 0.7294, lr_0 = 1.1697e-04
Loss = 1.2183e-01, PNorm = 118.1336, GNorm = 0.9034, lr_0 = 1.1671e-04
Loss = 1.4502e-01, PNorm = 118.1390, GNorm = 1.7875, lr_0 = 1.1645e-04
Loss = 1.3075e-01, PNorm = 118.1451, GNorm = 0.5637, lr_0 = 1.1618e-04
Loss = 1.6887e-01, PNorm = 118.1526, GNorm = 1.2723, lr_0 = 1.1592e-04
Loss = 1.3898e-01, PNorm = 118.1600, GNorm = 3.1296, lr_0 = 1.1566e-04
Validation auc = 0.863317
Epoch 93
Loss = 1.2756e-01, PNorm = 118.1689, GNorm = 0.6146, lr_0 = 1.1537e-04
Loss = 1.2602e-01, PNorm = 118.1762, GNorm = 0.8271, lr_0 = 1.1511e-04
Loss = 1.2792e-01, PNorm = 118.1864, GNorm = 0.7374, lr_0 = 1.1485e-04
Loss = 1.2190e-01, PNorm = 118.1933, GNorm = 0.8205, lr_0 = 1.1459e-04
Loss = 9.7919e-02, PNorm = 118.1992, GNorm = 0.6239, lr_0 = 1.1434e-04
Loss = 1.3347e-01, PNorm = 118.2056, GNorm = 0.5328, lr_0 = 1.1408e-04
Loss = 1.6388e-01, PNorm = 118.2132, GNorm = 0.6575, lr_0 = 1.1382e-04
Loss = 1.5745e-01, PNorm = 118.2213, GNorm = 1.0680, lr_0 = 1.1356e-04
Loss = 1.4700e-01, PNorm = 118.2273, GNorm = 1.3540, lr_0 = 1.1331e-04
Loss = 1.4015e-01, PNorm = 118.2357, GNorm = 0.3936, lr_0 = 1.1305e-04
Loss = 1.4734e-01, PNorm = 118.2420, GNorm = 1.0475, lr_0 = 1.1280e-04
Validation auc = 0.862798
Epoch 94
Loss = 1.1380e-01, PNorm = 118.2470, GNorm = 1.0885, lr_0 = 1.1252e-04
Loss = 1.4735e-01, PNorm = 118.2527, GNorm = 1.0293, lr_0 = 1.1226e-04
Loss = 1.5149e-01, PNorm = 118.2600, GNorm = 2.0338, lr_0 = 1.1201e-04
Loss = 1.3514e-01, PNorm = 118.2678, GNorm = 0.8231, lr_0 = 1.1176e-04
Loss = 1.0865e-01, PNorm = 118.2751, GNorm = 0.5963, lr_0 = 1.1150e-04
Loss = 1.7124e-01, PNorm = 118.2821, GNorm = 0.6791, lr_0 = 1.1125e-04
Loss = 1.2556e-01, PNorm = 118.2905, GNorm = 0.7044, lr_0 = 1.1100e-04
Loss = 1.1624e-01, PNorm = 118.2987, GNorm = 0.6829, lr_0 = 1.1075e-04
Loss = 1.2792e-01, PNorm = 118.3055, GNorm = 0.3757, lr_0 = 1.1050e-04
Loss = 1.4613e-01, PNorm = 118.3106, GNorm = 1.2520, lr_0 = 1.1025e-04
Validation auc = 0.867501
Epoch 95
Loss = 1.4174e-01, PNorm = 118.3163, GNorm = 1.1314, lr_0 = 1.0998e-04
Loss = 1.1164e-01, PNorm = 118.3266, GNorm = 0.6874, lr_0 = 1.0973e-04
Loss = 1.0851e-01, PNorm = 118.3371, GNorm = 0.8738, lr_0 = 1.0948e-04
Loss = 1.5017e-01, PNorm = 118.3442, GNorm = 1.1677, lr_0 = 1.0924e-04
Loss = 1.4295e-01, PNorm = 118.3492, GNorm = 1.7565, lr_0 = 1.0899e-04
Loss = 1.4813e-01, PNorm = 118.3553, GNorm = 0.7123, lr_0 = 1.0874e-04
Loss = 1.4671e-01, PNorm = 118.3611, GNorm = 1.0517, lr_0 = 1.0850e-04
Loss = 1.3265e-01, PNorm = 118.3665, GNorm = 0.7298, lr_0 = 1.0825e-04
Loss = 1.3593e-01, PNorm = 118.3707, GNorm = 0.6025, lr_0 = 1.0801e-04
Loss = 1.4425e-01, PNorm = 118.3763, GNorm = 0.8866, lr_0 = 1.0776e-04
Loss = 1.7753e-01, PNorm = 118.3828, GNorm = 1.0817, lr_0 = 1.0752e-04
Validation auc = 0.865854
Epoch 96
Loss = 1.2808e-01, PNorm = 118.3918, GNorm = 0.9338, lr_0 = 1.0725e-04
Loss = 1.3497e-01, PNorm = 118.3986, GNorm = 1.0210, lr_0 = 1.0701e-04
Loss = 1.2336e-01, PNorm = 118.4057, GNorm = 1.3977, lr_0 = 1.0677e-04
Loss = 1.6625e-01, PNorm = 118.4139, GNorm = 0.6485, lr_0 = 1.0653e-04
Loss = 1.2303e-01, PNorm = 118.4226, GNorm = 0.6188, lr_0 = 1.0629e-04
Loss = 1.2044e-01, PNorm = 118.4309, GNorm = 0.6118, lr_0 = 1.0605e-04
Loss = 1.4678e-01, PNorm = 118.4340, GNorm = 1.7038, lr_0 = 1.0581e-04
Loss = 1.4546e-01, PNorm = 118.4402, GNorm = 1.0081, lr_0 = 1.0557e-04
Loss = 1.2123e-01, PNorm = 118.4476, GNorm = 0.7534, lr_0 = 1.0533e-04
Loss = 1.7613e-01, PNorm = 118.4569, GNorm = 0.5050, lr_0 = 1.0510e-04
Validation auc = 0.861493
Epoch 97
Loss = 1.1787e-01, PNorm = 118.4661, GNorm = 0.6523, lr_0 = 1.0483e-04
Loss = 1.1838e-01, PNorm = 118.4718, GNorm = 0.5813, lr_0 = 1.0460e-04
Loss = 1.2392e-01, PNorm = 118.4763, GNorm = 0.5528, lr_0 = 1.0436e-04
Loss = 1.1473e-01, PNorm = 118.4826, GNorm = 0.8199, lr_0 = 1.0413e-04
Loss = 1.1987e-01, PNorm = 118.4914, GNorm = 0.8090, lr_0 = 1.0389e-04
Loss = 1.4227e-01, PNorm = 118.4961, GNorm = 1.3786, lr_0 = 1.0366e-04
Loss = 1.5810e-01, PNorm = 118.5005, GNorm = 0.7241, lr_0 = 1.0342e-04
Loss = 1.1360e-01, PNorm = 118.5054, GNorm = 0.9433, lr_0 = 1.0319e-04
Loss = 1.4375e-01, PNorm = 118.5124, GNorm = 0.8069, lr_0 = 1.0296e-04
Loss = 1.2287e-01, PNorm = 118.5211, GNorm = 0.8966, lr_0 = 1.0272e-04
Validation auc = 0.863169
Epoch 98
Loss = 2.7226e-02, PNorm = 118.5288, GNorm = 0.3236, lr_0 = 1.0247e-04
Loss = 1.1151e-01, PNorm = 118.5338, GNorm = 0.9946, lr_0 = 1.0224e-04
Loss = 1.4744e-01, PNorm = 118.5399, GNorm = 0.6140, lr_0 = 1.0201e-04
Loss = 1.2654e-01, PNorm = 118.5480, GNorm = 0.4840, lr_0 = 1.0178e-04
Loss = 1.2665e-01, PNorm = 118.5525, GNorm = 1.0065, lr_0 = 1.0155e-04
Loss = 1.3457e-01, PNorm = 118.5586, GNorm = 0.8279, lr_0 = 1.0132e-04
Loss = 1.1106e-01, PNorm = 118.5659, GNorm = 0.6953, lr_0 = 1.0109e-04
Loss = 1.3188e-01, PNorm = 118.5705, GNorm = 0.8925, lr_0 = 1.0086e-04
Loss = 1.6787e-01, PNorm = 118.5739, GNorm = 0.8828, lr_0 = 1.0063e-04
Loss = 1.3783e-01, PNorm = 118.5802, GNorm = 0.8194, lr_0 = 1.0041e-04
Loss = 1.0478e-01, PNorm = 118.5862, GNorm = 0.6090, lr_0 = 1.0018e-04
Validation auc = 0.862993
Epoch 99
Loss = 1.2895e-01, PNorm = 118.5925, GNorm = 0.5511, lr_0 = 1.0000e-04
Loss = 1.5073e-01, PNorm = 118.5978, GNorm = 0.8867, lr_0 = 1.0000e-04
Loss = 1.3742e-01, PNorm = 118.6034, GNorm = 0.9681, lr_0 = 1.0000e-04
Loss = 1.1556e-01, PNorm = 118.6117, GNorm = 0.7134, lr_0 = 1.0000e-04
Loss = 1.4152e-01, PNorm = 118.6183, GNorm = 0.9549, lr_0 = 1.0000e-04
Loss = 9.5997e-02, PNorm = 118.6226, GNorm = 0.9311, lr_0 = 1.0000e-04
Loss = 1.2134e-01, PNorm = 118.6286, GNorm = 0.9263, lr_0 = 1.0000e-04
Loss = 1.1735e-01, PNorm = 118.6341, GNorm = 0.7517, lr_0 = 1.0000e-04
Loss = 1.3268e-01, PNorm = 118.6396, GNorm = 1.0347, lr_0 = 1.0000e-04
Loss = 1.6971e-01, PNorm = 118.6455, GNorm = 1.0705, lr_0 = 1.0000e-04
Validation auc = 0.862936
Model 0 best validation auc = 0.880737 on epoch 12
Loading pretrained parameter "encoder.encoder.0.cached_zero_vector".
Loading pretrained parameter "encoder.encoder.0.W_i.weight".
Loading pretrained parameter "encoder.encoder.0.W_h.weight".
Loading pretrained parameter "encoder.encoder.0.W_o.weight".
Loading pretrained parameter "encoder.encoder.0.W_o.bias".
Loading pretrained parameter "ffn.1.weight".
Loading pretrained parameter "ffn.1.bias".
Loading pretrained parameter "ffn.4.weight".
Loading pretrained parameter "ffn.4.bias".
Moving model to cuda
Model 0 test auc = 0.877249
Ensemble test auc = 0.877249
1-fold cross validation
	Seed 0 ==> test auc = 0.877249
Overall test auc = 0.877249 +/- 0.000000
Elapsed time = 0:04:22
