Command line
python /home/jxy/anaconda3/envs/chemprop_1119/bin/chemprop_train --data_path data/alldata_chemprop_randomsmile.csv --dataset_type classification --save_dir muta_checkpoints --config_path hyper_config
Args
{'activation': 'ReLU',
 'aggregation': 'mean',
 'aggregation_norm': 100,
 'alternative_loss_function': None,
 'atom_descriptor_scaling': True,
 'atom_descriptors': None,
 'atom_descriptors_path': None,
 'atom_descriptors_size': 0,
 'atom_features_size': 0,
 'atom_messages': False,
 'batch_size': 50,
 'bias': False,
 'bond_feature_scaling': True,
 'bond_features_path': None,
 'bond_features_size': 0,
 'cache_cutoff': 10000,
 'checkpoint_dir': None,
 'checkpoint_frzn': None,
 'checkpoint_path': None,
 'checkpoint_paths': None,
 'class_balance': False,
 'config_path': 'hyper_config',
 'crossval_index_dir': None,
 'crossval_index_file': None,
 'crossval_index_sets': None,
 'cuda': True,
 'data_path': 'data/alldata_chemprop_randomsmile.csv',
 'data_weights_path': None,
 'dataset_type': 'classification',
 'depth': 3,
 'device': device(type='cuda'),
 'dropout': 0.2,
 'empty_cache': False,
 'ensemble_size': 1,
 'epochs': 30,
 'explicit_h': False,
 'extra_metrics': [],
 'features_generator': None,
 'features_only': False,
 'features_path': None,
 'features_scaling': True,
 'features_size': None,
 'ffn_hidden_size': 200,
 'ffn_num_layers': 2,
 'final_lr': 0.0001,
 'folds_file': None,
 'freeze_first_only': False,
 'frzn_ffn_layers': 0,
 'gpu': None,
 'grad_clip': None,
 'hidden_size': 200,
 'ignore_columns': None,
 'init_lr': 0.0001,
 'log_frequency': 10,
 'max_data_size': None,
 'max_lr': 0.001,
 'metric': 'auc',
 'metrics': ['auc'],
 'minimize_score': False,
 'mpn_shared': False,
 'multiclass_num_classes': 3,
 'no_atom_descriptor_scaling': False,
 'no_bond_features_scaling': False,
 'no_cache_mol': False,
 'no_cuda': False,
 'no_features_scaling': False,
 'num_folds': 1,
 'num_lrs': 1,
 'num_tasks': 1,
 'num_workers': 8,
 'number_of_molecules': 1,
 'overwrite_default_atom_features': False,
 'overwrite_default_bond_features': False,
 'phase_features_path': None,
 'pytorch_seed': 0,
 'quiet': False,
 'reaction': False,
 'reaction_mode': 'reac_diff',
 'resume_experiment': False,
 'save_dir': 'muta_checkpoints',
 'save_preds': False,
 'save_smiles_splits': False,
 'seed': 0,
 'separate_test_atom_descriptors_path': None,
 'separate_test_bond_features_path': None,
 'separate_test_features_path': None,
 'separate_test_path': None,
 'separate_test_phase_features_path': None,
 'separate_val_atom_descriptors_path': None,
 'separate_val_bond_features_path': None,
 'separate_val_features_path': None,
 'separate_val_path': None,
 'separate_val_phase_features_path': None,
 'show_individual_scores': False,
 'smiles_columns': ['Smile'],
 'spectra_activation': 'exp',
 'spectra_phase_mask_path': None,
 'spectra_target_floor': 1e-08,
 'split_sizes': (0.8, 0.1, 0.1),
 'split_type': 'random',
 'target_columns': None,
 'target_weights': None,
 'task_names': ['Label'],
 'test': False,
 'test_fold_index': None,
 'train_data_size': None,
 'undirected': False,
 'use_input_features': False,
 'val_fold_index': None,
 'warmup_epochs': 2.0}
Setting molecule featurization parameters to default.
Loading data
Number of tasks = 1
Fold 0
Splitting data with seed 0
Class sizes
Label 0: 46.25%, 1: 53.75%
Total size = 6,506 | train size = 5,204 | val size = 651 | test size = 651
Building model 0
MoleculeModel(
  (sigmoid): Sigmoid()
  (encoder): MPN(
    (encoder): ModuleList(
      (0): MPNEncoder(
        (dropout_layer): Dropout(p=0.2, inplace=False)
        (act_func): ReLU()
        (W_i): Linear(in_features=147, out_features=200, bias=False)
        (W_h): Linear(in_features=200, out_features=200, bias=False)
        (W_o): Linear(in_features=333, out_features=200, bias=True)
      )
    )
  )
  (ffn): Sequential(
    (0): Dropout(p=0.2, inplace=False)
    (1): Linear(in_features=200, out_features=200, bias=True)
    (2): ReLU()
    (3): Dropout(p=0.2, inplace=False)
    (4): Linear(in_features=200, out_features=1, bias=True)
  )
)
Number of parameters = 176,801
Moving model to cuda
Epoch 0
Loss = 7.1346e-01, PNorm = 28.6581, GNorm = 1.5098, lr_0 = 1.4760e-04
Loss = 6.9618e-01, PNorm = 28.6578, GNorm = 0.5187, lr_0 = 1.9087e-04
Loss = 6.6840e-01, PNorm = 28.6593, GNorm = 0.4372, lr_0 = 2.3413e-04
Loss = 6.4600e-01, PNorm = 28.6627, GNorm = 0.6488, lr_0 = 2.7740e-04
Loss = 6.5172e-01, PNorm = 28.6674, GNorm = 0.9023, lr_0 = 3.2067e-04
Loss = 6.3949e-01, PNorm = 28.6731, GNorm = 0.9519, lr_0 = 3.6394e-04
Loss = 6.3109e-01, PNorm = 28.6810, GNorm = 0.9170, lr_0 = 4.0721e-04
Loss = 6.3841e-01, PNorm = 28.6898, GNorm = 0.8144, lr_0 = 4.5048e-04
Loss = 6.2181e-01, PNorm = 28.7019, GNorm = 1.5826, lr_0 = 4.9375e-04
Loss = 6.3718e-01, PNorm = 28.7166, GNorm = 0.6342, lr_0 = 5.3702e-04
Validation auc = 0.754818
Epoch 1
Loss = 6.2141e-01, PNorm = 28.7322, GNorm = 0.5440, lr_0 = 5.8462e-04
Loss = 6.0791e-01, PNorm = 28.7522, GNorm = 0.9267, lr_0 = 6.2788e-04
Loss = 6.2205e-01, PNorm = 28.7736, GNorm = 1.2852, lr_0 = 6.7115e-04
Loss = 5.9514e-01, PNorm = 28.8017, GNorm = 0.5577, lr_0 = 7.1442e-04
Loss = 6.0412e-01, PNorm = 28.8276, GNorm = 1.4509, lr_0 = 7.5769e-04
Loss = 5.8326e-01, PNorm = 28.8517, GNorm = 0.9970, lr_0 = 8.0096e-04
Loss = 6.1634e-01, PNorm = 28.8710, GNorm = 0.5468, lr_0 = 8.4423e-04
Loss = 6.1132e-01, PNorm = 28.8977, GNorm = 0.8233, lr_0 = 8.8750e-04
Loss = 5.6601e-01, PNorm = 28.9378, GNorm = 0.7949, lr_0 = 9.3077e-04
Loss = 5.4704e-01, PNorm = 28.9862, GNorm = 1.0240, lr_0 = 9.7404e-04
Validation auc = 0.800428
Epoch 2
Loss = 5.5958e-01, PNorm = 29.0196, GNorm = 0.6183, lr_0 = 9.9605e-04
Loss = 5.6524e-01, PNorm = 29.0649, GNorm = 0.7371, lr_0 = 9.8821e-04
Loss = 5.5725e-01, PNorm = 29.1129, GNorm = 0.6333, lr_0 = 9.8043e-04
Loss = 5.8860e-01, PNorm = 29.1571, GNorm = 0.9112, lr_0 = 9.7270e-04
Loss = 5.6599e-01, PNorm = 29.1895, GNorm = 1.0473, lr_0 = 9.6504e-04
Loss = 5.7497e-01, PNorm = 29.2274, GNorm = 1.3147, lr_0 = 9.5744e-04
Loss = 5.7619e-01, PNorm = 29.2633, GNorm = 0.5889, lr_0 = 9.4990e-04
Loss = 5.7201e-01, PNorm = 29.3023, GNorm = 0.8402, lr_0 = 9.4242e-04
Loss = 5.2853e-01, PNorm = 29.3362, GNorm = 0.7770, lr_0 = 9.3500e-04
Loss = 5.5368e-01, PNorm = 29.3656, GNorm = 0.4867, lr_0 = 9.2763e-04
Loss = 5.2089e-01, PNorm = 29.4063, GNorm = 0.9352, lr_0 = 9.2033e-04
Validation auc = 0.818577
Epoch 3
Loss = 5.6660e-01, PNorm = 29.4504, GNorm = 1.6089, lr_0 = 9.1236e-04
Loss = 5.9275e-01, PNorm = 29.4773, GNorm = 1.0542, lr_0 = 9.0517e-04
Loss = 5.1632e-01, PNorm = 29.5089, GNorm = 0.6423, lr_0 = 8.9804e-04
Loss = 5.4493e-01, PNorm = 29.5401, GNorm = 1.0963, lr_0 = 8.9097e-04
Loss = 5.5331e-01, PNorm = 29.5653, GNorm = 1.6908, lr_0 = 8.8395e-04
Loss = 5.7745e-01, PNorm = 29.5895, GNorm = 0.9736, lr_0 = 8.7699e-04
Loss = 5.1514e-01, PNorm = 29.6263, GNorm = 0.5606, lr_0 = 8.7008e-04
Loss = 5.1104e-01, PNorm = 29.6630, GNorm = 0.8132, lr_0 = 8.6323e-04
Loss = 5.4347e-01, PNorm = 29.6856, GNorm = 1.2245, lr_0 = 8.5643e-04
Loss = 5.1523e-01, PNorm = 29.7116, GNorm = 1.6168, lr_0 = 8.4969e-04
Validation auc = 0.835117
Epoch 4
Loss = 5.1042e-01, PNorm = 29.7490, GNorm = 0.5837, lr_0 = 8.4233e-04
Loss = 4.9248e-01, PNorm = 29.7902, GNorm = 1.2445, lr_0 = 8.3569e-04
Loss = 5.4685e-01, PNorm = 29.8261, GNorm = 1.2066, lr_0 = 8.2911e-04
Loss = 4.8900e-01, PNorm = 29.8542, GNorm = 0.6218, lr_0 = 8.2258e-04
Loss = 5.0930e-01, PNorm = 29.8872, GNorm = 0.5998, lr_0 = 8.1610e-04
Loss = 5.1316e-01, PNorm = 29.9239, GNorm = 0.9236, lr_0 = 8.0967e-04
Loss = 5.1842e-01, PNorm = 29.9521, GNorm = 1.2325, lr_0 = 8.0330e-04
Loss = 4.8217e-01, PNorm = 29.9867, GNorm = 0.6830, lr_0 = 7.9697e-04
Loss = 5.3432e-01, PNorm = 30.0158, GNorm = 0.6844, lr_0 = 7.9069e-04
Loss = 5.0735e-01, PNorm = 30.0444, GNorm = 0.5880, lr_0 = 7.8447e-04
Loss = 5.2181e-01, PNorm = 30.0724, GNorm = 0.8164, lr_0 = 7.7829e-04
Loss = 9.3322e-01, PNorm = 30.0742, GNorm = 4.0376, lr_0 = 7.7767e-04
Validation auc = 0.849429
Epoch 5
Loss = 4.7240e-01, PNorm = 30.1057, GNorm = 1.0740, lr_0 = 7.7155e-04
Loss = 5.2396e-01, PNorm = 30.1395, GNorm = 0.6538, lr_0 = 7.6547e-04
Loss = 5.6160e-01, PNorm = 30.1585, GNorm = 0.6810, lr_0 = 7.5944e-04
Loss = 4.7740e-01, PNorm = 30.1803, GNorm = 0.5005, lr_0 = 7.5346e-04
Loss = 4.9940e-01, PNorm = 30.2011, GNorm = 1.2813, lr_0 = 7.4753e-04
Loss = 5.2303e-01, PNorm = 30.2304, GNorm = 0.8209, lr_0 = 7.4164e-04
Loss = 4.8940e-01, PNorm = 30.2557, GNorm = 0.6601, lr_0 = 7.3580e-04
Loss = 4.5663e-01, PNorm = 30.2753, GNorm = 0.7464, lr_0 = 7.3000e-04
Loss = 4.6617e-01, PNorm = 30.3036, GNorm = 1.6501, lr_0 = 7.2425e-04
Loss = 4.5630e-01, PNorm = 30.3331, GNorm = 0.8976, lr_0 = 7.1855e-04
Validation auc = 0.860617
Epoch 6
Loss = 5.3451e-01, PNorm = 30.3639, GNorm = 0.5548, lr_0 = 7.1233e-04
Loss = 4.5519e-01, PNorm = 30.3916, GNorm = 1.0872, lr_0 = 7.0672e-04
Loss = 5.0207e-01, PNorm = 30.4201, GNorm = 0.6234, lr_0 = 7.0115e-04
Loss = 4.7429e-01, PNorm = 30.4443, GNorm = 1.7784, lr_0 = 6.9563e-04
Loss = 4.7517e-01, PNorm = 30.4698, GNorm = 1.0671, lr_0 = 6.9015e-04
Loss = 4.9409e-01, PNorm = 30.4916, GNorm = 1.7206, lr_0 = 6.8471e-04
Loss = 4.5596e-01, PNorm = 30.5164, GNorm = 1.4682, lr_0 = 6.7932e-04
Loss = 4.9931e-01, PNorm = 30.5374, GNorm = 1.8637, lr_0 = 6.7397e-04
Loss = 4.7701e-01, PNorm = 30.5630, GNorm = 0.9894, lr_0 = 6.6866e-04
Loss = 4.4303e-01, PNorm = 30.5913, GNorm = 0.8596, lr_0 = 6.6339e-04
Validation auc = 0.869682
Epoch 7
Loss = 3.7854e-01, PNorm = 30.6217, GNorm = 0.7768, lr_0 = 6.5765e-04
Loss = 4.9035e-01, PNorm = 30.6484, GNorm = 0.5042, lr_0 = 6.5247e-04
Loss = 4.8100e-01, PNorm = 30.6718, GNorm = 1.1657, lr_0 = 6.4733e-04
Loss = 4.3271e-01, PNorm = 30.7038, GNorm = 1.6421, lr_0 = 6.4223e-04
Loss = 4.5503e-01, PNorm = 30.7313, GNorm = 1.1794, lr_0 = 6.3717e-04
Loss = 4.8277e-01, PNorm = 30.7476, GNorm = 0.7305, lr_0 = 6.3216e-04
Loss = 4.5959e-01, PNorm = 30.7629, GNorm = 0.8849, lr_0 = 6.2718e-04
Loss = 4.8352e-01, PNorm = 30.7856, GNorm = 1.0804, lr_0 = 6.2224e-04
Loss = 4.6965e-01, PNorm = 30.8026, GNorm = 0.7988, lr_0 = 6.1734e-04
Loss = 5.2882e-01, PNorm = 30.8204, GNorm = 0.8202, lr_0 = 6.1247e-04
Loss = 4.4479e-01, PNorm = 30.8431, GNorm = 0.9297, lr_0 = 6.0765e-04
Validation auc = 0.867644
Epoch 8
Loss = 4.6127e-01, PNorm = 30.8700, GNorm = 0.7808, lr_0 = 6.0239e-04
Loss = 4.6265e-01, PNorm = 30.8952, GNorm = 0.7483, lr_0 = 5.9764e-04
Loss = 4.6273e-01, PNorm = 30.9159, GNorm = 0.9118, lr_0 = 5.9294e-04
Loss = 4.6460e-01, PNorm = 30.9333, GNorm = 0.6021, lr_0 = 5.8827e-04
Loss = 4.6683e-01, PNorm = 30.9539, GNorm = 0.7494, lr_0 = 5.8363e-04
Loss = 4.6845e-01, PNorm = 30.9716, GNorm = 0.6382, lr_0 = 5.7904e-04
Loss = 4.6801e-01, PNorm = 30.9867, GNorm = 0.8693, lr_0 = 5.7448e-04
Loss = 4.5925e-01, PNorm = 31.0057, GNorm = 1.5094, lr_0 = 5.6995e-04
Loss = 4.7379e-01, PNorm = 31.0272, GNorm = 0.7196, lr_0 = 5.6546e-04
Loss = 4.4403e-01, PNorm = 31.0459, GNorm = 0.6770, lr_0 = 5.6101e-04
Validation auc = 0.864788
Epoch 9
Loss = 4.6599e-01, PNorm = 31.0651, GNorm = 0.6357, lr_0 = 5.5615e-04
Loss = 4.5045e-01, PNorm = 31.0897, GNorm = 0.6207, lr_0 = 5.5177e-04
Loss = 4.8053e-01, PNorm = 31.1121, GNorm = 0.9296, lr_0 = 5.4742e-04
Loss = 4.3249e-01, PNorm = 31.1299, GNorm = 0.6597, lr_0 = 5.4311e-04
Loss = 4.3993e-01, PNorm = 31.1486, GNorm = 0.6475, lr_0 = 5.3884e-04
Loss = 4.5556e-01, PNorm = 31.1678, GNorm = 0.8983, lr_0 = 5.3459e-04
Loss = 4.2155e-01, PNorm = 31.1803, GNorm = 0.9522, lr_0 = 5.3038e-04
Loss = 4.7217e-01, PNorm = 31.1928, GNorm = 0.9030, lr_0 = 5.2620e-04
Loss = 4.3597e-01, PNorm = 31.2159, GNorm = 0.8757, lr_0 = 5.2206e-04
Loss = 4.7924e-01, PNorm = 31.2345, GNorm = 1.0092, lr_0 = 5.1795e-04
Loss = 4.1333e-01, PNorm = 31.2497, GNorm = 0.6871, lr_0 = 5.1387e-04
Loss = 4.8959e-01, PNorm = 31.2514, GNorm = 2.7227, lr_0 = 5.1346e-04
Validation auc = 0.869777
Epoch 10
Loss = 4.4490e-01, PNorm = 31.2736, GNorm = 0.6978, lr_0 = 5.0942e-04
Loss = 4.4701e-01, PNorm = 31.2923, GNorm = 0.8951, lr_0 = 5.0541e-04
Loss = 4.3727e-01, PNorm = 31.3100, GNorm = 0.9623, lr_0 = 5.0143e-04
Loss = 4.2769e-01, PNorm = 31.3214, GNorm = 0.7470, lr_0 = 4.9748e-04
Loss = 4.7082e-01, PNorm = 31.3306, GNorm = 0.8247, lr_0 = 4.9356e-04
Loss = 4.3170e-01, PNorm = 31.3415, GNorm = 1.2862, lr_0 = 4.8967e-04
Loss = 4.5149e-01, PNorm = 31.3535, GNorm = 1.0367, lr_0 = 4.8581e-04
Loss = 4.1406e-01, PNorm = 31.3703, GNorm = 0.7373, lr_0 = 4.8199e-04
Loss = 4.7147e-01, PNorm = 31.3841, GNorm = 1.3079, lr_0 = 4.7819e-04
Loss = 4.6633e-01, PNorm = 31.3949, GNorm = 0.7576, lr_0 = 4.7443e-04
Validation auc = 0.875167
Epoch 11
Loss = 4.0993e-01, PNorm = 31.4147, GNorm = 1.2674, lr_0 = 4.7032e-04
Loss = 4.5447e-01, PNorm = 31.4352, GNorm = 1.0992, lr_0 = 4.6661e-04
Loss = 4.2658e-01, PNorm = 31.4520, GNorm = 0.6340, lr_0 = 4.6294e-04
Loss = 4.3691e-01, PNorm = 31.4648, GNorm = 0.8465, lr_0 = 4.5929e-04
Loss = 4.1282e-01, PNorm = 31.4762, GNorm = 0.7652, lr_0 = 4.5567e-04
Loss = 3.7881e-01, PNorm = 31.4906, GNorm = 1.7386, lr_0 = 4.5208e-04
Loss = 4.5771e-01, PNorm = 31.5035, GNorm = 1.1260, lr_0 = 4.4852e-04
Loss = 4.5448e-01, PNorm = 31.5134, GNorm = 1.4368, lr_0 = 4.4499e-04
Loss = 4.3126e-01, PNorm = 31.5269, GNorm = 0.9241, lr_0 = 4.4149e-04
Loss = 4.5449e-01, PNorm = 31.5369, GNorm = 1.3117, lr_0 = 4.3801e-04
Validation auc = 0.876404
Epoch 12
Loss = 3.9193e-01, PNorm = 31.5489, GNorm = 0.8389, lr_0 = 4.3422e-04
Loss = 5.0761e-01, PNorm = 31.5630, GNorm = 1.7041, lr_0 = 4.3080e-04
Loss = 4.5333e-01, PNorm = 31.5732, GNorm = 0.7275, lr_0 = 4.2740e-04
Loss = 4.6654e-01, PNorm = 31.5895, GNorm = 1.0853, lr_0 = 4.2404e-04
Loss = 4.2372e-01, PNorm = 31.6051, GNorm = 0.8700, lr_0 = 4.2070e-04
Loss = 4.5919e-01, PNorm = 31.6193, GNorm = 0.9955, lr_0 = 4.1738e-04
Loss = 4.0406e-01, PNorm = 31.6361, GNorm = 0.8027, lr_0 = 4.1410e-04
Loss = 3.9379e-01, PNorm = 31.6462, GNorm = 1.1586, lr_0 = 4.1084e-04
Loss = 4.2491e-01, PNorm = 31.6551, GNorm = 0.9448, lr_0 = 4.0760e-04
Loss = 4.4026e-01, PNorm = 31.6632, GNorm = 1.1199, lr_0 = 4.0439e-04
Loss = 4.3346e-01, PNorm = 31.6726, GNorm = 1.4047, lr_0 = 4.0120e-04
Validation auc = 0.879337
Epoch 13
Loss = 4.0977e-01, PNorm = 31.6865, GNorm = 0.7186, lr_0 = 3.9804e-04
Loss = 4.6025e-01, PNorm = 31.6955, GNorm = 0.7921, lr_0 = 3.9491e-04
Loss = 4.2685e-01, PNorm = 31.7082, GNorm = 1.8011, lr_0 = 3.9180e-04
Loss = 4.2681e-01, PNorm = 31.7200, GNorm = 0.8681, lr_0 = 3.8871e-04
Loss = 4.3369e-01, PNorm = 31.7299, GNorm = 1.0332, lr_0 = 3.8565e-04
Loss = 4.2158e-01, PNorm = 31.7439, GNorm = 1.4348, lr_0 = 3.8261e-04
Loss = 4.3605e-01, PNorm = 31.7509, GNorm = 0.7805, lr_0 = 3.7960e-04
Loss = 4.2428e-01, PNorm = 31.7624, GNorm = 1.2420, lr_0 = 3.7661e-04
Loss = 4.6280e-01, PNorm = 31.7693, GNorm = 0.9536, lr_0 = 3.7364e-04
Loss = 4.2221e-01, PNorm = 31.7768, GNorm = 1.1663, lr_0 = 3.7070e-04
Validation auc = 0.876262
Epoch 14
Loss = 4.7485e-01, PNorm = 31.7838, GNorm = 1.1714, lr_0 = 3.6749e-04
Loss = 4.4385e-01, PNorm = 31.7908, GNorm = 0.6674, lr_0 = 3.6460e-04
Loss = 4.3780e-01, PNorm = 31.7961, GNorm = 0.8455, lr_0 = 3.6173e-04
Loss = 4.0934e-01, PNorm = 31.8068, GNorm = 0.8077, lr_0 = 3.5888e-04
Loss = 4.2259e-01, PNorm = 31.8212, GNorm = 0.9713, lr_0 = 3.5605e-04
Loss = 4.1034e-01, PNorm = 31.8377, GNorm = 1.3536, lr_0 = 3.5325e-04
Loss = 3.6969e-01, PNorm = 31.8575, GNorm = 1.4046, lr_0 = 3.5046e-04
Loss = 4.2097e-01, PNorm = 31.8737, GNorm = 1.3322, lr_0 = 3.4770e-04
Loss = 4.5641e-01, PNorm = 31.8782, GNorm = 1.0683, lr_0 = 3.4496e-04
Loss = 4.4819e-01, PNorm = 31.8824, GNorm = 1.7353, lr_0 = 3.4225e-04
Loss = 4.1464e-01, PNorm = 31.8911, GNorm = 1.2472, lr_0 = 3.3955e-04
Validation auc = 0.879756
Epoch 15
Loss = 4.5772e-01, PNorm = 31.9022, GNorm = 1.0167, lr_0 = 3.3661e-04
Loss = 4.0795e-01, PNorm = 31.9114, GNorm = 1.4331, lr_0 = 3.3396e-04
Loss = 4.3646e-01, PNorm = 31.9209, GNorm = 1.9801, lr_0 = 3.3133e-04
Loss = 4.0101e-01, PNorm = 31.9324, GNorm = 1.0209, lr_0 = 3.2872e-04
Loss = 4.6621e-01, PNorm = 31.9387, GNorm = 0.9179, lr_0 = 3.2613e-04
Loss = 3.9490e-01, PNorm = 31.9478, GNorm = 0.8693, lr_0 = 3.2356e-04
Loss = 4.3899e-01, PNorm = 31.9573, GNorm = 1.0351, lr_0 = 3.2101e-04
Loss = 4.2119e-01, PNorm = 31.9635, GNorm = 1.2972, lr_0 = 3.1849e-04
Loss = 4.0878e-01, PNorm = 31.9712, GNorm = 1.7528, lr_0 = 3.1598e-04
Loss = 3.8207e-01, PNorm = 31.9816, GNorm = 1.0670, lr_0 = 3.1349e-04
Validation auc = 0.878918
Epoch 16
Loss = 3.8818e-01, PNorm = 31.9922, GNorm = 1.0790, lr_0 = 3.1077e-04
Loss = 4.1394e-01, PNorm = 32.0008, GNorm = 1.1397, lr_0 = 3.0833e-04
Loss = 3.9312e-01, PNorm = 32.0073, GNorm = 1.2454, lr_0 = 3.0590e-04
Loss = 3.8237e-01, PNorm = 32.0168, GNorm = 1.0277, lr_0 = 3.0349e-04
Loss = 3.7180e-01, PNorm = 32.0248, GNorm = 1.0823, lr_0 = 3.0110e-04
Loss = 4.0227e-01, PNorm = 32.0331, GNorm = 0.9222, lr_0 = 2.9873e-04
Loss = 4.3688e-01, PNorm = 32.0391, GNorm = 0.9293, lr_0 = 2.9637e-04
Loss = 4.4937e-01, PNorm = 32.0453, GNorm = 1.6075, lr_0 = 2.9404e-04
Loss = 3.9886e-01, PNorm = 32.0550, GNorm = 1.1502, lr_0 = 2.9172e-04
Loss = 4.6058e-01, PNorm = 32.0633, GNorm = 1.7172, lr_0 = 2.8943e-04
Validation auc = 0.880642
Epoch 17
Loss = 3.6871e-01, PNorm = 32.0734, GNorm = 0.9595, lr_0 = 2.8692e-04
Loss = 3.8626e-01, PNorm = 32.0864, GNorm = 0.9293, lr_0 = 2.8466e-04
Loss = 3.6401e-01, PNorm = 32.0979, GNorm = 0.8277, lr_0 = 2.8242e-04
Loss = 3.9581e-01, PNorm = 32.1072, GNorm = 0.9196, lr_0 = 2.8019e-04
Loss = 4.3637e-01, PNorm = 32.1139, GNorm = 1.0422, lr_0 = 2.7799e-04
Loss = 4.2415e-01, PNorm = 32.1200, GNorm = 1.1406, lr_0 = 2.7580e-04
Loss = 4.2599e-01, PNorm = 32.1280, GNorm = 1.2313, lr_0 = 2.7363e-04
Loss = 4.0330e-01, PNorm = 32.1331, GNorm = 1.0081, lr_0 = 2.7147e-04
Loss = 4.3165e-01, PNorm = 32.1362, GNorm = 1.0485, lr_0 = 2.6933e-04
Loss = 3.8851e-01, PNorm = 32.1440, GNorm = 0.8904, lr_0 = 2.6721e-04
Loss = 4.2586e-01, PNorm = 32.1497, GNorm = 1.0753, lr_0 = 2.6511e-04
Validation auc = 0.878833
Epoch 18
Loss = 4.0488e-01, PNorm = 32.1509, GNorm = 1.3914, lr_0 = 2.6281e-04
Loss = 3.9297e-01, PNorm = 32.1584, GNorm = 1.2118, lr_0 = 2.6074e-04
Loss = 4.1940e-01, PNorm = 32.1663, GNorm = 1.4969, lr_0 = 2.5869e-04
Loss = 4.0118e-01, PNorm = 32.1751, GNorm = 1.4065, lr_0 = 2.5665e-04
Loss = 3.8549e-01, PNorm = 32.1868, GNorm = 0.9169, lr_0 = 2.5463e-04
Loss = 3.6539e-01, PNorm = 32.1974, GNorm = 0.7867, lr_0 = 2.5262e-04
Loss = 4.1916e-01, PNorm = 32.2029, GNorm = 1.7708, lr_0 = 2.5063e-04
Loss = 4.4814e-01, PNorm = 32.2060, GNorm = 0.9128, lr_0 = 2.4866e-04
Loss = 3.9351e-01, PNorm = 32.2098, GNorm = 1.9557, lr_0 = 2.4670e-04
Loss = 4.5815e-01, PNorm = 32.2141, GNorm = 1.5458, lr_0 = 2.4476e-04
Validation auc = 0.879509
Epoch 19
Loss = 4.3681e-01, PNorm = 32.2193, GNorm = 0.6638, lr_0 = 2.4264e-04
Loss = 4.0254e-01, PNorm = 32.2276, GNorm = 0.9608, lr_0 = 2.4073e-04
Loss = 3.8979e-01, PNorm = 32.2354, GNorm = 1.0231, lr_0 = 2.3883e-04
Loss = 4.0266e-01, PNorm = 32.2426, GNorm = 0.7468, lr_0 = 2.3695e-04
Loss = 4.0051e-01, PNorm = 32.2489, GNorm = 0.7362, lr_0 = 2.3508e-04
Loss = 3.9125e-01, PNorm = 32.2556, GNorm = 1.2928, lr_0 = 2.3323e-04
Loss = 4.2025e-01, PNorm = 32.2611, GNorm = 1.3096, lr_0 = 2.3140e-04
Loss = 4.1602e-01, PNorm = 32.2651, GNorm = 1.3735, lr_0 = 2.2957e-04
Loss = 4.0349e-01, PNorm = 32.2716, GNorm = 1.0674, lr_0 = 2.2776e-04
Loss = 3.7250e-01, PNorm = 32.2792, GNorm = 0.8940, lr_0 = 2.2597e-04
Loss = 3.8533e-01, PNorm = 32.2878, GNorm = 1.3770, lr_0 = 2.2419e-04
Validation auc = 0.881623
Epoch 20
Loss = 4.1571e-01, PNorm = 32.2947, GNorm = 1.0341, lr_0 = 2.2225e-04
Loss = 3.9095e-01, PNorm = 32.3028, GNorm = 1.0039, lr_0 = 2.2050e-04
Loss = 4.3485e-01, PNorm = 32.3103, GNorm = 0.8509, lr_0 = 2.1876e-04
Loss = 4.2171e-01, PNorm = 32.3167, GNorm = 0.8775, lr_0 = 2.1704e-04
Loss = 4.0505e-01, PNorm = 32.3219, GNorm = 1.4735, lr_0 = 2.1533e-04
Loss = 4.1610e-01, PNorm = 32.3282, GNorm = 0.9707, lr_0 = 2.1363e-04
Loss = 4.1260e-01, PNorm = 32.3308, GNorm = 0.9471, lr_0 = 2.1195e-04
Loss = 3.8086e-01, PNorm = 32.3360, GNorm = 0.7911, lr_0 = 2.1028e-04
Loss = 3.9321e-01, PNorm = 32.3420, GNorm = 1.3718, lr_0 = 2.0863e-04
Loss = 3.6678e-01, PNorm = 32.3491, GNorm = 0.9799, lr_0 = 2.0698e-04
Validation auc = 0.882318
Epoch 21
Loss = 3.8744e-01, PNorm = 32.3582, GNorm = 0.8019, lr_0 = 2.0519e-04
Loss = 4.0442e-01, PNorm = 32.3647, GNorm = 0.8971, lr_0 = 2.0357e-04
Loss = 4.3118e-01, PNorm = 32.3699, GNorm = 1.4252, lr_0 = 2.0197e-04
Loss = 4.0193e-01, PNorm = 32.3744, GNorm = 1.2419, lr_0 = 2.0038e-04
Loss = 3.8254e-01, PNorm = 32.3780, GNorm = 0.9241, lr_0 = 1.9880e-04
Loss = 3.6927e-01, PNorm = 32.3831, GNorm = 1.1636, lr_0 = 1.9724e-04
Loss = 4.5641e-01, PNorm = 32.3863, GNorm = 1.1632, lr_0 = 1.9568e-04
Loss = 3.7386e-01, PNorm = 32.3901, GNorm = 1.1124, lr_0 = 1.9414e-04
Loss = 3.7384e-01, PNorm = 32.3965, GNorm = 0.6049, lr_0 = 1.9261e-04
Loss = 3.8431e-01, PNorm = 32.4029, GNorm = 0.7003, lr_0 = 1.9110e-04
Validation auc = 0.882013
Epoch 22
Loss = 3.9456e-01, PNorm = 32.4079, GNorm = 0.7805, lr_0 = 1.8944e-04
Loss = 3.8240e-01, PNorm = 32.4125, GNorm = 1.4675, lr_0 = 1.8795e-04
Loss = 4.1433e-01, PNorm = 32.4158, GNorm = 1.2163, lr_0 = 1.8647e-04
Loss = 3.8201e-01, PNorm = 32.4206, GNorm = 0.9187, lr_0 = 1.8500e-04
Loss = 3.5825e-01, PNorm = 32.4260, GNorm = 0.8869, lr_0 = 1.8354e-04
Loss = 4.0298e-01, PNorm = 32.4308, GNorm = 1.2603, lr_0 = 1.8210e-04
Loss = 3.8495e-01, PNorm = 32.4363, GNorm = 1.9016, lr_0 = 1.8066e-04
Loss = 4.2590e-01, PNorm = 32.4383, GNorm = 1.0935, lr_0 = 1.7924e-04
Loss = 4.0416e-01, PNorm = 32.4430, GNorm = 1.1841, lr_0 = 1.7783e-04
Loss = 4.1812e-01, PNorm = 32.4473, GNorm = 1.3401, lr_0 = 1.7643e-04
Loss = 4.2742e-01, PNorm = 32.4506, GNorm = 1.0509, lr_0 = 1.7504e-04
Validation auc = 0.881832
Epoch 23
Loss = 3.7694e-01, PNorm = 32.4561, GNorm = 0.6541, lr_0 = 1.7352e-04
Loss = 3.9626e-01, PNorm = 32.4607, GNorm = 1.0189, lr_0 = 1.7216e-04
Loss = 3.7138e-01, PNorm = 32.4656, GNorm = 1.1466, lr_0 = 1.7080e-04
Loss = 3.7371e-01, PNorm = 32.4727, GNorm = 1.1499, lr_0 = 1.6945e-04
Loss = 3.9896e-01, PNorm = 32.4772, GNorm = 1.4782, lr_0 = 1.6812e-04
Loss = 4.1688e-01, PNorm = 32.4814, GNorm = 0.9048, lr_0 = 1.6680e-04
Loss = 3.8976e-01, PNorm = 32.4863, GNorm = 1.0848, lr_0 = 1.6548e-04
Loss = 4.1530e-01, PNorm = 32.4898, GNorm = 1.3469, lr_0 = 1.6418e-04
Loss = 3.7365e-01, PNorm = 32.4937, GNorm = 1.0816, lr_0 = 1.6289e-04
Loss = 3.9428e-01, PNorm = 32.4980, GNorm = 1.3202, lr_0 = 1.6160e-04
Validation auc = 0.882042
Epoch 24
Loss = 3.6215e-01, PNorm = 32.5038, GNorm = 0.9318, lr_0 = 1.6020e-04
Loss = 3.3876e-01, PNorm = 32.5100, GNorm = 0.9060, lr_0 = 1.5894e-04
Loss = 4.0381e-01, PNorm = 32.5171, GNorm = 0.8117, lr_0 = 1.5769e-04
Loss = 3.7203e-01, PNorm = 32.5222, GNorm = 1.4240, lr_0 = 1.5645e-04
Loss = 3.8145e-01, PNorm = 32.5274, GNorm = 1.5807, lr_0 = 1.5522e-04
Loss = 4.0429e-01, PNorm = 32.5304, GNorm = 1.3993, lr_0 = 1.5399e-04
Loss = 4.0012e-01, PNorm = 32.5333, GNorm = 1.6234, lr_0 = 1.5278e-04
Loss = 4.4417e-01, PNorm = 32.5342, GNorm = 0.9408, lr_0 = 1.5158e-04
Loss = 3.9348e-01, PNorm = 32.5368, GNorm = 1.4476, lr_0 = 1.5038e-04
Loss = 3.8010e-01, PNorm = 32.5404, GNorm = 1.5050, lr_0 = 1.4920e-04
Loss = 3.8355e-01, PNorm = 32.5446, GNorm = 1.3911, lr_0 = 1.4802e-04
Validation auc = 0.881280
Epoch 25
Loss = 4.0468e-01, PNorm = 32.5428, GNorm = 1.0410, lr_0 = 1.4686e-04
Loss = 4.0241e-01, PNorm = 32.5458, GNorm = 1.0862, lr_0 = 1.4570e-04
Loss = 3.6059e-01, PNorm = 32.5495, GNorm = 0.9019, lr_0 = 1.4455e-04
Loss = 3.6998e-01, PNorm = 32.5539, GNorm = 1.0984, lr_0 = 1.4341e-04
Loss = 4.0142e-01, PNorm = 32.5567, GNorm = 1.3347, lr_0 = 1.4229e-04
Loss = 4.3154e-01, PNorm = 32.5588, GNorm = 2.1068, lr_0 = 1.4116e-04
Loss = 3.9864e-01, PNorm = 32.5611, GNorm = 1.1786, lr_0 = 1.4005e-04
Loss = 3.9385e-01, PNorm = 32.5650, GNorm = 1.1287, lr_0 = 1.3895e-04
Loss = 3.7413e-01, PNorm = 32.5697, GNorm = 1.0745, lr_0 = 1.3786e-04
Loss = 3.8670e-01, PNorm = 32.5751, GNorm = 1.0466, lr_0 = 1.3677e-04
Validation auc = 0.882299
Epoch 26
Loss = 3.5387e-01, PNorm = 32.5811, GNorm = 0.6709, lr_0 = 1.3558e-04
Loss = 3.9505e-01, PNorm = 32.5845, GNorm = 0.9659, lr_0 = 1.3452e-04
Loss = 3.6513e-01, PNorm = 32.5878, GNorm = 1.2262, lr_0 = 1.3346e-04
Loss = 3.6728e-01, PNorm = 32.5907, GNorm = 1.2674, lr_0 = 1.3241e-04
Loss = 3.8779e-01, PNorm = 32.5940, GNorm = 0.9234, lr_0 = 1.3136e-04
Loss = 4.3244e-01, PNorm = 32.5959, GNorm = 0.8062, lr_0 = 1.3033e-04
Loss = 4.1419e-01, PNorm = 32.5988, GNorm = 1.1608, lr_0 = 1.2930e-04
Loss = 4.0046e-01, PNorm = 32.6012, GNorm = 1.1070, lr_0 = 1.2828e-04
Loss = 3.6364e-01, PNorm = 32.6061, GNorm = 1.4341, lr_0 = 1.2727e-04
Loss = 3.5498e-01, PNorm = 32.6109, GNorm = 1.1819, lr_0 = 1.2627e-04
Loss = 4.0953e-01, PNorm = 32.6151, GNorm = 1.3867, lr_0 = 1.2528e-04
Loss = 1.1593e-01, PNorm = 32.6155, GNorm = 1.6146, lr_0 = 1.2518e-04
Validation auc = 0.882689
Epoch 27
Loss = 3.8686e-01, PNorm = 32.6200, GNorm = 1.2802, lr_0 = 1.2419e-04
Loss = 4.0493e-01, PNorm = 32.6239, GNorm = 1.9221, lr_0 = 1.2321e-04
Loss = 3.9094e-01, PNorm = 32.6268, GNorm = 1.2520, lr_0 = 1.2224e-04
Loss = 3.9915e-01, PNorm = 32.6296, GNorm = 1.0822, lr_0 = 1.2128e-04
Loss = 3.7568e-01, PNorm = 32.6314, GNorm = 0.8666, lr_0 = 1.2033e-04
Loss = 3.7420e-01, PNorm = 32.6344, GNorm = 1.4815, lr_0 = 1.1938e-04
Loss = 3.8834e-01, PNorm = 32.6377, GNorm = 1.1904, lr_0 = 1.1844e-04
Loss = 3.6663e-01, PNorm = 32.6413, GNorm = 1.0252, lr_0 = 1.1750e-04
Loss = 4.2589e-01, PNorm = 32.6431, GNorm = 1.3800, lr_0 = 1.1658e-04
Loss = 3.8398e-01, PNorm = 32.6451, GNorm = 1.1397, lr_0 = 1.1566e-04
Validation auc = 0.881803
Epoch 28
Loss = 3.5925e-01, PNorm = 32.6487, GNorm = 1.5177, lr_0 = 1.1466e-04
Loss = 4.0496e-01, PNorm = 32.6521, GNorm = 1.2499, lr_0 = 1.1376e-04
Loss = 3.7941e-01, PNorm = 32.6556, GNorm = 0.9719, lr_0 = 1.1286e-04
Loss = 3.6652e-01, PNorm = 32.6594, GNorm = 1.7307, lr_0 = 1.1197e-04
Loss = 3.2831e-01, PNorm = 32.6627, GNorm = 1.1696, lr_0 = 1.1109e-04
Loss = 3.5270e-01, PNorm = 32.6665, GNorm = 1.4152, lr_0 = 1.1021e-04
Loss = 3.9022e-01, PNorm = 32.6709, GNorm = 0.8685, lr_0 = 1.0935e-04
Loss = 4.2513e-01, PNorm = 32.6724, GNorm = 1.1983, lr_0 = 1.0849e-04
Loss = 3.8556e-01, PNorm = 32.6732, GNorm = 1.1727, lr_0 = 1.0763e-04
Loss = 4.0297e-01, PNorm = 32.6752, GNorm = 1.0722, lr_0 = 1.0678e-04
Validation auc = 0.882632
Epoch 29
Loss = 3.6338e-01, PNorm = 32.6787, GNorm = 0.8709, lr_0 = 1.0586e-04
Loss = 3.7244e-01, PNorm = 32.6817, GNorm = 1.1760, lr_0 = 1.0502e-04
Loss = 3.9386e-01, PNorm = 32.6835, GNorm = 1.2404, lr_0 = 1.0420e-04
Loss = 3.8857e-01, PNorm = 32.6865, GNorm = 1.4860, lr_0 = 1.0338e-04
Loss = 3.9385e-01, PNorm = 32.6901, GNorm = 1.1123, lr_0 = 1.0256e-04
Loss = 3.8218e-01, PNorm = 32.6922, GNorm = 1.7814, lr_0 = 1.0175e-04
Loss = 3.8247e-01, PNorm = 32.6942, GNorm = 1.3318, lr_0 = 1.0095e-04
Loss = 3.5196e-01, PNorm = 32.6975, GNorm = 0.9453, lr_0 = 1.0016e-04
Loss = 3.8565e-01, PNorm = 32.7006, GNorm = 1.1329, lr_0 = 1.0000e-04
Loss = 3.9538e-01, PNorm = 32.7028, GNorm = 1.1168, lr_0 = 1.0000e-04
Loss = 3.7904e-01, PNorm = 32.7054, GNorm = 1.2773, lr_0 = 1.0000e-04
Validation auc = 0.882375
Model 0 best validation auc = 0.882689 on epoch 26
Loading pretrained parameter "encoder.encoder.0.cached_zero_vector".
Loading pretrained parameter "encoder.encoder.0.W_i.weight".
Loading pretrained parameter "encoder.encoder.0.W_h.weight".
Loading pretrained parameter "encoder.encoder.0.W_o.weight".
Loading pretrained parameter "encoder.encoder.0.W_o.bias".
Loading pretrained parameter "ffn.1.weight".
Loading pretrained parameter "ffn.1.bias".
Loading pretrained parameter "ffn.4.weight".
Loading pretrained parameter "ffn.4.bias".
Moving model to cuda
Model 0 test auc = 0.863655
Ensemble test auc = 0.863655
1-fold cross validation
	Seed 0 ==> test auc = 0.863655
Overall test auc = 0.863655 +/- 0.000000
Elapsed time = 0:01:47
