Command line
python /home/jxy/anaconda3/envs/chemprop_1119/bin/chemprop_train --data_path data/train_full.csv --dataset_type classification --save_dir checkpoints_34 --config_path hyperoptfile3 --epochs 100 --separate_test_path data/test2_random_nocanonical.csv --separate_val_path data/val_full.csv --features_generator rdkit_2d_normalized --no_features_scaling
Args
{'activation': 'ReLU',
 'aggregation': 'mean',
 'aggregation_norm': 100,
 'alternative_loss_function': None,
 'atom_descriptor_scaling': True,
 'atom_descriptors': None,
 'atom_descriptors_path': None,
 'atom_descriptors_size': 0,
 'atom_features_size': 0,
 'atom_messages': False,
 'batch_size': 50,
 'bias': False,
 'bond_feature_scaling': True,
 'bond_features_path': None,
 'bond_features_size': 0,
 'cache_cutoff': 10000,
 'checkpoint_dir': None,
 'checkpoint_frzn': None,
 'checkpoint_path': None,
 'checkpoint_paths': None,
 'class_balance': False,
 'config_path': 'hyperoptfile3',
 'crossval_index_dir': None,
 'crossval_index_file': None,
 'crossval_index_sets': None,
 'cuda': True,
 'data_path': 'data/train_full.csv',
 'data_weights_path': None,
 'dataset_type': 'classification',
 'depth': 4,
 'device': device(type='cuda'),
 'dropout': 0.3,
 'empty_cache': False,
 'ensemble_size': 1,
 'epochs': 100,
 'explicit_h': False,
 'extra_metrics': [],
 'features_generator': ['rdkit_2d_normalized'],
 'features_only': False,
 'features_path': None,
 'features_scaling': False,
 'features_size': None,
 'ffn_hidden_size': 600,
 'ffn_num_layers': 2,
 'final_lr': 0.0001,
 'folds_file': None,
 'freeze_first_only': False,
 'frzn_ffn_layers': 0,
 'gpu': None,
 'grad_clip': None,
 'hidden_size': 600,
 'ignore_columns': None,
 'init_lr': 0.0001,
 'log_frequency': 10,
 'max_data_size': None,
 'max_lr': 0.001,
 'metric': 'auc',
 'metrics': ['auc'],
 'minimize_score': False,
 'mpn_shared': False,
 'multiclass_num_classes': 3,
 'no_atom_descriptor_scaling': False,
 'no_bond_features_scaling': False,
 'no_cache_mol': False,
 'no_cuda': False,
 'no_features_scaling': True,
 'num_folds': 1,
 'num_lrs': 1,
 'num_tasks': 1,
 'num_workers': 8,
 'number_of_molecules': 1,
 'overwrite_default_atom_features': False,
 'overwrite_default_bond_features': False,
 'phase_features_path': None,
 'pytorch_seed': 0,
 'quiet': False,
 'reaction': False,
 'reaction_mode': 'reac_diff',
 'resume_experiment': False,
 'save_dir': 'checkpoints_34',
 'save_preds': False,
 'save_smiles_splits': False,
 'seed': 0,
 'separate_test_atom_descriptors_path': None,
 'separate_test_bond_features_path': None,
 'separate_test_features_path': None,
 'separate_test_path': 'data/test2_random_nocanonical.csv',
 'separate_test_phase_features_path': None,
 'separate_val_atom_descriptors_path': None,
 'separate_val_bond_features_path': None,
 'separate_val_features_path': None,
 'separate_val_path': 'data/val_full.csv',
 'separate_val_phase_features_path': None,
 'show_individual_scores': False,
 'smiles_columns': ['Smile'],
 'spectra_activation': 'exp',
 'spectra_phase_mask_path': None,
 'spectra_target_floor': 1e-08,
 'split_sizes': (0.8, 0.1, 0.1),
 'split_type': 'random',
 'target_columns': None,
 'target_weights': None,
 'task_names': ['Label'],
 'test': False,
 'test_fold_index': None,
 'train_data_size': None,
 'undirected': False,
 'use_input_features': True,
 'val_fold_index': None,
 'warmup_epochs': 2.0}
Setting molecule featurization parameters to default.
Loading data
Number of tasks = 1
Fold 0
Splitting data with seed 0
Class sizes
Label 0: 46.78%, 1: 53.22%
Total size = 1,041 | train size = 1,041 | val size = 116 | test size = 141
Building model 0
MoleculeModel(
  (sigmoid): Sigmoid()
  (encoder): MPN(
    (encoder): ModuleList(
      (0): MPNEncoder(
        (dropout_layer): Dropout(p=0.3, inplace=False)
        (act_func): ReLU()
        (W_i): Linear(in_features=147, out_features=600, bias=False)
        (W_h): Linear(in_features=600, out_features=600, bias=False)
        (W_o): Linear(in_features=733, out_features=600, bias=True)
      )
    )
  )
  (ffn): Sequential(
    (0): Dropout(p=0.3, inplace=False)
    (1): Linear(in_features=800, out_features=600, bias=True)
    (2): ReLU()
    (3): Dropout(p=0.3, inplace=False)
    (4): Linear(in_features=600, out_features=1, bias=True)
  )
)
Number of parameters = 1,370,401
Moving model to cuda
Epoch 0
Loss = 7.1302e-01, PNorm = 46.7651, GNorm = 1.1244, lr_0 = 3.4750e-04
Loss = 6.9871e-01, PNorm = 46.7802, GNorm = 2.3180, lr_0 = 5.7250e-04
Loss = 6.3556e-01, PNorm = 46.7826, GNorm = 1.0549, lr_0 = 5.9500e-04
Validation auc = 0.686872
Epoch 1
Loss = 6.6211e-01, PNorm = 46.8161, GNorm = 0.9732, lr_0 = 8.2000e-04
Loss = 6.6999e-01, PNorm = 46.8631, GNorm = 1.3904, lr_0 = 9.9765e-04
Validation auc = 0.720378
Epoch 2
Loss = 6.5600e-01, PNorm = 46.9103, GNorm = 1.8885, lr_0 = 9.8600e-04
Loss = 6.6683e-01, PNorm = 46.9551, GNorm = 0.9734, lr_0 = 9.7449e-04
Validation auc = 0.757234
Epoch 3
Loss = 6.1758e-01, PNorm = 47.0007, GNorm = 0.6675, lr_0 = 9.6310e-04
Loss = 6.3797e-01, PNorm = 47.0372, GNorm = 0.9834, lr_0 = 9.5186e-04
Validation auc = 0.759062
Epoch 4
Loss = 5.7877e-01, PNorm = 47.0737, GNorm = 0.6055, lr_0 = 9.4074e-04
Loss = 6.2806e-01, PNorm = 47.1072, GNorm = 1.3660, lr_0 = 9.2975e-04
Validation auc = 0.752665
Epoch 5
Loss = 6.3644e-01, PNorm = 47.1419, GNorm = 0.8151, lr_0 = 9.1889e-04
Loss = 5.8979e-01, PNorm = 47.1864, GNorm = 0.6623, lr_0 = 9.0816e-04
Validation auc = 0.761194
Epoch 6
Loss = 6.1350e-01, PNorm = 47.2240, GNorm = 1.1949, lr_0 = 8.9650e-04
Loss = 5.8108e-01, PNorm = 47.2571, GNorm = 0.5628, lr_0 = 8.8603e-04
Validation auc = 0.773073
Epoch 7
Loss = 5.5622e-01, PNorm = 47.3033, GNorm = 0.6786, lr_0 = 8.7568e-04
Loss = 5.8708e-01, PNorm = 47.3472, GNorm = 1.1560, lr_0 = 8.6546e-04
Validation auc = 0.770941
Epoch 8
Loss = 5.9579e-01, PNorm = 47.3718, GNorm = 0.8815, lr_0 = 8.5535e-04
Loss = 5.9147e-01, PNorm = 47.4167, GNorm = 0.7364, lr_0 = 8.4536e-04
Validation auc = 0.760280
Epoch 9
Loss = 6.3483e-01, PNorm = 47.4639, GNorm = 0.8755, lr_0 = 8.3549e-04
Loss = 5.7951e-01, PNorm = 47.5022, GNorm = 0.7115, lr_0 = 8.2573e-04
Validation auc = 0.762108
Epoch 10
Loss = 5.9509e-01, PNorm = 47.5483, GNorm = 0.7153, lr_0 = 8.1608e-04
Loss = 5.7724e-01, PNorm = 47.5930, GNorm = 0.7053, lr_0 = 8.0655e-04
Validation auc = 0.764545
Epoch 11
Loss = 6.1374e-01, PNorm = 47.6321, GNorm = 0.6147, lr_0 = 7.9713e-04
Loss = 5.3351e-01, PNorm = 47.6805, GNorm = 0.8230, lr_0 = 7.8782e-04
Validation auc = 0.754797
Epoch 12
Loss = 5.7451e-01, PNorm = 47.7364, GNorm = 0.6681, lr_0 = 7.7771e-04
Loss = 5.5313e-01, PNorm = 47.7863, GNorm = 0.6363, lr_0 = 7.6862e-04
Loss = 5.9347e-01, PNorm = 47.8344, GNorm = 0.8748, lr_0 = 7.5965e-04
Validation auc = 0.784648
Epoch 13
Loss = 5.6671e-01, PNorm = 47.8930, GNorm = 0.5628, lr_0 = 7.5078e-04
Loss = 5.7138e-01, PNorm = 47.9482, GNorm = 0.7895, lr_0 = 7.4201e-04
Validation auc = 0.753274
Epoch 14
Loss = 5.7489e-01, PNorm = 48.0069, GNorm = 0.7813, lr_0 = 7.3334e-04
Loss = 5.5798e-01, PNorm = 48.0610, GNorm = 1.0808, lr_0 = 7.2478e-04
Validation auc = 0.761194
Epoch 15
Loss = 5.4878e-01, PNorm = 48.1128, GNorm = 0.7033, lr_0 = 7.1631e-04
Loss = 5.3374e-01, PNorm = 48.1729, GNorm = 0.6188, lr_0 = 7.0795e-04
Validation auc = 0.760280
Epoch 16
Loss = 5.3640e-01, PNorm = 48.2238, GNorm = 0.6042, lr_0 = 6.9968e-04
Loss = 5.4106e-01, PNorm = 48.2910, GNorm = 0.6271, lr_0 = 6.9151e-04
Validation auc = 0.782821
Epoch 17
Loss = 5.3636e-01, PNorm = 48.3506, GNorm = 1.0197, lr_0 = 6.8263e-04
Loss = 5.4070e-01, PNorm = 48.4085, GNorm = 0.6581, lr_0 = 6.7465e-04
Validation auc = 0.748096
Epoch 18
Loss = 5.3742e-01, PNorm = 48.4718, GNorm = 0.7448, lr_0 = 6.6678e-04
Loss = 5.0539e-01, PNorm = 48.5413, GNorm = 0.7883, lr_0 = 6.5899e-04
Validation auc = 0.783430
Epoch 19
Loss = 5.1580e-01, PNorm = 48.6043, GNorm = 1.0669, lr_0 = 6.5129e-04
Loss = 5.4274e-01, PNorm = 48.6700, GNorm = 1.0235, lr_0 = 6.4369e-04
Validation auc = 0.775206
Epoch 20
Loss = 5.4758e-01, PNorm = 48.7383, GNorm = 0.6309, lr_0 = 6.3617e-04
Loss = 5.2969e-01, PNorm = 48.8071, GNorm = 1.1221, lr_0 = 6.2874e-04
Validation auc = 0.778556
Epoch 21
Loss = 5.1782e-01, PNorm = 48.8797, GNorm = 0.8021, lr_0 = 6.2139e-04
Loss = 4.9361e-01, PNorm = 48.9505, GNorm = 0.5625, lr_0 = 6.1414e-04
Validation auc = 0.785562
Epoch 22
Loss = 5.3413e-01, PNorm = 49.0032, GNorm = 1.0205, lr_0 = 6.0696e-04
Loss = 4.9812e-01, PNorm = 49.0751, GNorm = 0.6567, lr_0 = 5.9988e-04
Validation auc = 0.780384
Epoch 23
Loss = 5.3319e-01, PNorm = 49.1403, GNorm = 0.5944, lr_0 = 5.9217e-04
Loss = 4.9430e-01, PNorm = 49.2140, GNorm = 0.7262, lr_0 = 5.8526e-04
Validation auc = 0.775510
Epoch 24
Loss = 4.8836e-01, PNorm = 49.2807, GNorm = 0.7564, lr_0 = 5.7842e-04
Loss = 4.8163e-01, PNorm = 49.3502, GNorm = 0.9973, lr_0 = 5.7167e-04
Loss = 5.0596e-01, PNorm = 49.4288, GNorm = 0.7799, lr_0 = 5.6499e-04
Validation auc = 0.768200
Epoch 25
Loss = 5.1726e-01, PNorm = 49.4915, GNorm = 0.7776, lr_0 = 5.5839e-04
Loss = 4.8368e-01, PNorm = 49.5655, GNorm = 0.6215, lr_0 = 5.5187e-04
Validation auc = 0.742309
Epoch 26
Loss = 4.9987e-01, PNorm = 49.6285, GNorm = 0.8108, lr_0 = 5.4542e-04
Loss = 4.8679e-01, PNorm = 49.7047, GNorm = 0.9812, lr_0 = 5.3905e-04
Validation auc = 0.775815
Epoch 27
Loss = 4.6432e-01, PNorm = 49.7753, GNorm = 0.9960, lr_0 = 5.3276e-04
Loss = 4.7702e-01, PNorm = 49.8508, GNorm = 0.6198, lr_0 = 5.2654e-04
Validation auc = 0.778861
Epoch 28
Loss = 4.1950e-01, PNorm = 49.9195, GNorm = 0.8181, lr_0 = 5.1978e-04
Loss = 4.9471e-01, PNorm = 49.9837, GNorm = 1.0157, lr_0 = 5.1371e-04
Validation auc = 0.783125
Epoch 29
Loss = 4.7092e-01, PNorm = 50.0606, GNorm = 0.8914, lr_0 = 5.0771e-04
Loss = 4.8624e-01, PNorm = 50.1390, GNorm = 0.9496, lr_0 = 5.0178e-04
Validation auc = 0.782516
Epoch 30
Loss = 4.4856e-01, PNorm = 50.2161, GNorm = 1.7999, lr_0 = 4.9592e-04
Loss = 4.9733e-01, PNorm = 50.2794, GNorm = 1.1059, lr_0 = 4.9012e-04
Validation auc = 0.772464
Epoch 31
Loss = 4.6249e-01, PNorm = 50.3478, GNorm = 0.6497, lr_0 = 4.8440e-04
Loss = 4.6343e-01, PNorm = 50.4230, GNorm = 1.3528, lr_0 = 4.7874e-04
Validation auc = 0.789217
Epoch 32
Loss = 4.1822e-01, PNorm = 50.4906, GNorm = 0.8924, lr_0 = 4.7315e-04
Loss = 4.6407e-01, PNorm = 50.5598, GNorm = 1.6596, lr_0 = 4.6763e-04
Validation auc = 0.754188
Epoch 33
Loss = 4.3409e-01, PNorm = 50.6217, GNorm = 0.5535, lr_0 = 4.6216e-04
Loss = 4.4465e-01, PNorm = 50.6933, GNorm = 0.9916, lr_0 = 4.5677e-04
Validation auc = 0.784953
Epoch 34
Loss = 4.2624e-01, PNorm = 50.7714, GNorm = 0.8517, lr_0 = 4.5090e-04
Loss = 3.8667e-01, PNorm = 50.8434, GNorm = 0.6036, lr_0 = 4.4564e-04
Validation auc = 0.763631
Epoch 35
Loss = 3.4232e-01, PNorm = 50.9126, GNorm = 0.6567, lr_0 = 4.4043e-04
Loss = 4.4239e-01, PNorm = 50.9789, GNorm = 0.9640, lr_0 = 4.3529e-04
Validation auc = 0.784039
Epoch 36
Loss = 4.7861e-01, PNorm = 51.0446, GNorm = 0.9492, lr_0 = 4.3020e-04
Loss = 4.2419e-01, PNorm = 51.1149, GNorm = 1.3211, lr_0 = 4.2518e-04
Loss = 3.8513e-01, PNorm = 51.1879, GNorm = 1.1052, lr_0 = 4.2021e-04
Validation auc = 0.758148
Epoch 37
Loss = 3.9931e-01, PNorm = 51.2499, GNorm = 0.8232, lr_0 = 4.1531e-04
Loss = 3.6053e-01, PNorm = 51.3101, GNorm = 0.7324, lr_0 = 4.1045e-04
Validation auc = 0.764545
Epoch 38
Loss = 3.8851e-01, PNorm = 51.3794, GNorm = 0.9235, lr_0 = 4.0566e-04
Loss = 3.9898e-01, PNorm = 51.4471, GNorm = 0.8030, lr_0 = 4.0092e-04
Validation auc = 0.778556
Epoch 39
Loss = 3.9567e-01, PNorm = 51.5141, GNorm = 1.0119, lr_0 = 3.9578e-04
Loss = 3.7107e-01, PNorm = 51.5785, GNorm = 0.9135, lr_0 = 3.9115e-04
Validation auc = 0.763935
Epoch 40
Loss = 3.3734e-01, PNorm = 51.6395, GNorm = 0.8185, lr_0 = 3.8658e-04
Loss = 4.2564e-01, PNorm = 51.6962, GNorm = 1.0596, lr_0 = 3.8207e-04
Validation auc = 0.767286
Epoch 41
Loss = 3.5535e-01, PNorm = 51.7593, GNorm = 1.0365, lr_0 = 3.7761e-04
Loss = 3.6588e-01, PNorm = 51.8256, GNorm = 1.4451, lr_0 = 3.7320e-04
Validation auc = 0.766372
Epoch 42
Loss = 3.3659e-01, PNorm = 51.8793, GNorm = 1.4058, lr_0 = 3.6884e-04
Loss = 3.5794e-01, PNorm = 51.9356, GNorm = 1.2546, lr_0 = 3.6453e-04
Validation auc = 0.760280
Epoch 43
Loss = 3.4750e-01, PNorm = 51.9909, GNorm = 1.1232, lr_0 = 3.6027e-04
Loss = 3.5079e-01, PNorm = 52.0548, GNorm = 1.5590, lr_0 = 3.5607e-04
Validation auc = 0.733475
Epoch 44
Loss = 4.1886e-01, PNorm = 52.1095, GNorm = 1.0138, lr_0 = 3.5191e-04
Loss = 3.2222e-01, PNorm = 52.1599, GNorm = 1.2136, lr_0 = 3.4780e-04
Validation auc = 0.768809
Epoch 45
Loss = 3.4137e-01, PNorm = 52.2259, GNorm = 1.4977, lr_0 = 3.4333e-04
Loss = 3.3599e-01, PNorm = 52.2877, GNorm = 1.5952, lr_0 = 3.3932e-04
Validation auc = 0.768200
Epoch 46
Loss = 3.5259e-01, PNorm = 52.3388, GNorm = 1.1763, lr_0 = 3.3536e-04
Loss = 3.4632e-01, PNorm = 52.3856, GNorm = 0.8345, lr_0 = 3.3144e-04
Validation auc = 0.771550
Epoch 47
Loss = 4.1592e-01, PNorm = 52.4419, GNorm = 1.1271, lr_0 = 3.2757e-04
Loss = 3.2434e-01, PNorm = 52.4931, GNorm = 1.7821, lr_0 = 3.2375e-04
Validation auc = 0.779470
Epoch 48
Loss = 3.6543e-01, PNorm = 52.5405, GNorm = 1.4419, lr_0 = 3.1996e-04
Loss = 3.2021e-01, PNorm = 52.5872, GNorm = 1.8498, lr_0 = 3.1623e-04
Loss = 2.9538e-01, PNorm = 52.6336, GNorm = 1.3114, lr_0 = 3.1253e-04
Validation auc = 0.777033
Epoch 49
Loss = 3.0639e-01, PNorm = 52.6750, GNorm = 1.4658, lr_0 = 3.0888e-04
Loss = 3.2215e-01, PNorm = 52.7158, GNorm = 1.3374, lr_0 = 3.0528e-04
Validation auc = 0.771246
Epoch 50
Loss = 2.7546e-01, PNorm = 52.7613, GNorm = 1.4248, lr_0 = 3.0171e-04
Loss = 3.0401e-01, PNorm = 52.8030, GNorm = 1.2360, lr_0 = 2.9819e-04
Validation auc = 0.761803
Epoch 51
Loss = 3.0929e-01, PNorm = 52.8448, GNorm = 1.6148, lr_0 = 2.9436e-04
Loss = 3.0409e-01, PNorm = 52.8856, GNorm = 1.5933, lr_0 = 2.9092e-04
Validation auc = 0.772769
Epoch 52
Loss = 3.0033e-01, PNorm = 52.9241, GNorm = 1.3627, lr_0 = 2.8752e-04
Loss = 3.0665e-01, PNorm = 52.9642, GNorm = 1.5958, lr_0 = 2.8417e-04
Validation auc = 0.761803
Epoch 53
Loss = 3.0431e-01, PNorm = 53.0020, GNorm = 1.1643, lr_0 = 2.8085e-04
Loss = 2.8496e-01, PNorm = 53.0420, GNorm = 1.2644, lr_0 = 2.7757e-04
Validation auc = 0.760280
Epoch 54
Loss = 2.8777e-01, PNorm = 53.0816, GNorm = 1.0219, lr_0 = 2.7432e-04
Loss = 2.9008e-01, PNorm = 53.1187, GNorm = 1.6773, lr_0 = 2.7112e-04
Validation auc = 0.756625
Epoch 55
Loss = 2.7387e-01, PNorm = 53.1524, GNorm = 2.6085, lr_0 = 2.6795e-04
Loss = 2.6668e-01, PNorm = 53.1916, GNorm = 1.5646, lr_0 = 2.6483e-04
Validation auc = 0.758148
Epoch 56
Loss = 2.9309e-01, PNorm = 53.2321, GNorm = 1.7734, lr_0 = 2.6142e-04
Loss = 2.2683e-01, PNorm = 53.2692, GNorm = 1.4317, lr_0 = 2.5837e-04
Validation auc = 0.743223
Epoch 57
Loss = 2.4792e-01, PNorm = 53.3028, GNorm = 1.2414, lr_0 = 2.5535e-04
Loss = 2.5800e-01, PNorm = 53.3376, GNorm = 2.2391, lr_0 = 2.5237e-04
Validation auc = 0.756320
Epoch 58
Loss = 3.5411e-01, PNorm = 53.3684, GNorm = 1.6066, lr_0 = 2.4942e-04
Loss = 2.8213e-01, PNorm = 53.4004, GNorm = 1.4862, lr_0 = 2.4651e-04
Validation auc = 0.760280
Epoch 59
Loss = 1.9810e-01, PNorm = 53.4306, GNorm = 1.1825, lr_0 = 2.4363e-04
Loss = 2.7565e-01, PNorm = 53.4582, GNorm = 0.9733, lr_0 = 2.4079e-04
Validation auc = 0.752361
Epoch 60
Loss = 1.3604e-01, PNorm = 53.4905, GNorm = 1.4511, lr_0 = 2.3797e-04
Loss = 2.0900e-01, PNorm = 53.5212, GNorm = 1.5553, lr_0 = 2.3520e-04
Loss = 2.6770e-01, PNorm = 53.5521, GNorm = 2.4211, lr_0 = 2.3245e-04
Validation auc = 0.738044
Epoch 61
Loss = 2.4838e-01, PNorm = 53.5816, GNorm = 2.1637, lr_0 = 2.2973e-04
Loss = 2.9170e-01, PNorm = 53.6086, GNorm = 3.5795, lr_0 = 2.2705e-04
Loss = 1.9566e-01, PNorm = 53.6117, GNorm = 1.6008, lr_0 = 2.2678e-04
Validation auc = 0.753274
Epoch 62
Loss = 2.4970e-01, PNorm = 53.6394, GNorm = 1.1161, lr_0 = 2.2414e-04
Loss = 2.8279e-01, PNorm = 53.6664, GNorm = 1.5823, lr_0 = 2.2152e-04
Validation auc = 0.740786
Epoch 63
Loss = 2.5039e-01, PNorm = 53.6922, GNorm = 2.3827, lr_0 = 2.1893e-04
Loss = 2.4836e-01, PNorm = 53.7182, GNorm = 1.3954, lr_0 = 2.1637e-04
Validation auc = 0.743527
Epoch 64
Loss = 2.3337e-01, PNorm = 53.7496, GNorm = 3.4021, lr_0 = 2.1385e-04
Loss = 2.2713e-01, PNorm = 53.7748, GNorm = 1.0674, lr_0 = 2.1135e-04
Validation auc = 0.748401
Epoch 65
Loss = 2.1864e-01, PNorm = 53.7966, GNorm = 1.5691, lr_0 = 2.0888e-04
Loss = 2.3681e-01, PNorm = 53.8202, GNorm = 1.8960, lr_0 = 2.0644e-04
Validation auc = 0.752665
Epoch 66
Loss = 2.0550e-01, PNorm = 53.8431, GNorm = 1.5063, lr_0 = 2.0403e-04
Loss = 2.1130e-01, PNorm = 53.8658, GNorm = 1.5619, lr_0 = 2.0165e-04
Validation auc = 0.742613
Epoch 67
Loss = 2.3263e-01, PNorm = 53.8898, GNorm = 2.0932, lr_0 = 1.9906e-04
Loss = 2.1639e-01, PNorm = 53.9154, GNorm = 1.5505, lr_0 = 1.9673e-04
Validation auc = 0.748401
Epoch 68
Loss = 2.2994e-01, PNorm = 53.9349, GNorm = 3.3761, lr_0 = 1.9444e-04
Loss = 2.1534e-01, PNorm = 53.9546, GNorm = 1.1196, lr_0 = 1.9216e-04
Validation auc = 0.749010
Epoch 69
Loss = 2.5694e-01, PNorm = 53.9793, GNorm = 2.2808, lr_0 = 1.8992e-04
Loss = 2.1277e-01, PNorm = 54.0035, GNorm = 2.2290, lr_0 = 1.8770e-04
Validation auc = 0.757843
Epoch 70
Loss = 1.8193e-01, PNorm = 54.0251, GNorm = 0.7568, lr_0 = 1.8551e-04
Loss = 1.8788e-01, PNorm = 54.0464, GNorm = 1.4076, lr_0 = 1.8334e-04
Validation auc = 0.746573
Epoch 71
Loss = 1.4651e-01, PNorm = 54.0648, GNorm = 1.8212, lr_0 = 1.8120e-04
Loss = 1.9888e-01, PNorm = 54.0835, GNorm = 1.2746, lr_0 = 1.7909e-04
Validation auc = 0.732562
Epoch 72
Loss = 2.8825e-01, PNorm = 54.0983, GNorm = 6.0438, lr_0 = 1.7699e-04
Loss = 1.9685e-01, PNorm = 54.1147, GNorm = 1.3159, lr_0 = 1.7493e-04
Validation auc = 0.750533
Epoch 73
Loss = 1.4527e-01, PNorm = 54.1399, GNorm = 1.2367, lr_0 = 1.7268e-04
Loss = 1.9649e-01, PNorm = 54.1599, GNorm = 2.5375, lr_0 = 1.7066e-04
Loss = 1.8935e-01, PNorm = 54.1775, GNorm = 0.9662, lr_0 = 1.6867e-04
Validation auc = 0.740177
Epoch 74
Loss = 1.9634e-01, PNorm = 54.1961, GNorm = 3.4202, lr_0 = 1.6670e-04
Loss = 2.3727e-01, PNorm = 54.2105, GNorm = 3.1224, lr_0 = 1.6475e-04
Validation auc = 0.731343
Epoch 75
Loss = 2.0162e-01, PNorm = 54.2257, GNorm = 1.4484, lr_0 = 1.6283e-04
Loss = 2.0840e-01, PNorm = 54.2385, GNorm = 1.5611, lr_0 = 1.6093e-04
Validation auc = 0.750533
Epoch 76
Loss = 1.8451e-01, PNorm = 54.2575, GNorm = 1.7939, lr_0 = 1.5905e-04
Loss = 1.9084e-01, PNorm = 54.2744, GNorm = 1.7357, lr_0 = 1.5719e-04
Validation auc = 0.741090
Epoch 77
Loss = 1.8395e-01, PNorm = 54.2926, GNorm = 1.6861, lr_0 = 1.5536e-04
Loss = 1.7614e-01, PNorm = 54.3090, GNorm = 1.4312, lr_0 = 1.5354e-04
Validation auc = 0.735912
Epoch 78
Loss = 1.5617e-01, PNorm = 54.3275, GNorm = 1.3696, lr_0 = 1.5157e-04
Loss = 2.2106e-01, PNorm = 54.3407, GNorm = 2.2337, lr_0 = 1.4980e-04
Validation auc = 0.731648
Epoch 79
Loss = 1.4347e-01, PNorm = 54.3553, GNorm = 1.1669, lr_0 = 1.4805e-04
Loss = 1.9750e-01, PNorm = 54.3716, GNorm = 1.4145, lr_0 = 1.4632e-04
Validation auc = 0.738044
Epoch 80
Loss = 1.2583e-01, PNorm = 54.3904, GNorm = 1.3928, lr_0 = 1.4461e-04
Loss = 2.1875e-01, PNorm = 54.4058, GNorm = 3.3903, lr_0 = 1.4292e-04
Validation auc = 0.744441
Epoch 81
Loss = 2.3014e-01, PNorm = 54.4153, GNorm = 2.0713, lr_0 = 1.4125e-04
Loss = 1.5093e-01, PNorm = 54.4294, GNorm = 1.3848, lr_0 = 1.3960e-04
Validation auc = 0.735912
Epoch 82
Loss = 1.4745e-01, PNorm = 54.4438, GNorm = 1.9382, lr_0 = 1.3797e-04
Loss = 1.7906e-01, PNorm = 54.4578, GNorm = 1.3659, lr_0 = 1.3636e-04
Validation auc = 0.739567
Epoch 83
Loss = 2.3231e-01, PNorm = 54.4705, GNorm = 2.0926, lr_0 = 1.3477e-04
Loss = 1.3920e-01, PNorm = 54.4826, GNorm = 2.3854, lr_0 = 1.3320e-04
Validation auc = 0.732257
Epoch 84
Loss = 1.0231e-01, PNorm = 54.4948, GNorm = 1.8262, lr_0 = 1.3149e-04
Loss = 1.4934e-01, PNorm = 54.5038, GNorm = 1.6715, lr_0 = 1.2995e-04
Validation auc = 0.743527
Epoch 85
Loss = 1.8796e-01, PNorm = 54.5141, GNorm = 1.6554, lr_0 = 1.2843e-04
Loss = 1.4424e-01, PNorm = 54.5237, GNorm = 1.7300, lr_0 = 1.2693e-04
Loss = 1.7180e-01, PNorm = 54.5336, GNorm = 1.8886, lr_0 = 1.2545e-04
Validation auc = 0.746269
Epoch 86
Loss = 1.5739e-01, PNorm = 54.5437, GNorm = 1.2808, lr_0 = 1.2398e-04
Loss = 1.7495e-01, PNorm = 54.5541, GNorm = 2.8141, lr_0 = 1.2254e-04
Validation auc = 0.750533
Epoch 87
Loss = 1.6757e-01, PNorm = 54.5659, GNorm = 1.3574, lr_0 = 1.2111e-04
Loss = 1.5035e-01, PNorm = 54.5780, GNorm = 1.6464, lr_0 = 1.1969e-04
Validation auc = 0.743527
Epoch 88
Loss = 1.6957e-01, PNorm = 54.5879, GNorm = 2.5047, lr_0 = 1.1829e-04
Loss = 2.1058e-01, PNorm = 54.5968, GNorm = 2.3364, lr_0 = 1.1691e-04
Validation auc = 0.740481
Epoch 89
Loss = 1.2432e-01, PNorm = 54.6083, GNorm = 1.6204, lr_0 = 1.1541e-04
Loss = 1.5645e-01, PNorm = 54.6204, GNorm = 1.6223, lr_0 = 1.1406e-04
Validation auc = 0.734998
Epoch 90
Loss = 1.5805e-01, PNorm = 54.6273, GNorm = 1.0159, lr_0 = 1.1273e-04
Loss = 1.4877e-01, PNorm = 54.6367, GNorm = 1.6037, lr_0 = 1.1141e-04
Validation auc = 0.744746
Epoch 91
Loss = 2.0568e-01, PNorm = 54.6466, GNorm = 2.2584, lr_0 = 1.1011e-04
Loss = 1.3778e-01, PNorm = 54.6562, GNorm = 1.5853, lr_0 = 1.0883e-04
Validation auc = 0.735608
Epoch 92
Loss = 1.5182e-01, PNorm = 54.6663, GNorm = 1.7741, lr_0 = 1.0756e-04
Loss = 1.3883e-01, PNorm = 54.6758, GNorm = 3.2886, lr_0 = 1.0630e-04
Validation auc = 0.740177
Epoch 93
Loss = 1.7960e-01, PNorm = 54.6834, GNorm = 4.0342, lr_0 = 1.0506e-04
Loss = 1.9235e-01, PNorm = 54.6908, GNorm = 1.9333, lr_0 = 1.0383e-04
Validation auc = 0.736826
Epoch 94
Loss = 1.8868e-01, PNorm = 54.6992, GNorm = 2.1354, lr_0 = 1.0262e-04
Loss = 1.1947e-01, PNorm = 54.7083, GNorm = 1.2052, lr_0 = 1.0142e-04
Validation auc = 0.738349
Epoch 95
Loss = 9.2018e-02, PNorm = 54.7170, GNorm = 0.7955, lr_0 = 1.0012e-04
Loss = 1.6148e-01, PNorm = 54.7253, GNorm = 2.2810, lr_0 = 1.0000e-04
Validation auc = 0.739263
Epoch 96
Loss = 9.6512e-02, PNorm = 54.7331, GNorm = 1.4705, lr_0 = 1.0000e-04
Loss = 1.5829e-01, PNorm = 54.7425, GNorm = 2.8154, lr_0 = 1.0000e-04
Validation auc = 0.749010
Epoch 97
Loss = 1.2238e-01, PNorm = 54.7511, GNorm = 1.9101, lr_0 = 1.0000e-04
Loss = 1.3616e-01, PNorm = 54.7587, GNorm = 1.1946, lr_0 = 1.0000e-04
Loss = 1.6749e-01, PNorm = 54.7667, GNorm = 4.6159, lr_0 = 1.0000e-04
Validation auc = 0.737740
Epoch 98
Loss = 1.3813e-01, PNorm = 54.7763, GNorm = 1.6990, lr_0 = 1.0000e-04
Loss = 1.4542e-01, PNorm = 54.7842, GNorm = 2.2519, lr_0 = 1.0000e-04
Validation auc = 0.734694
Epoch 99
Loss = 1.4336e-01, PNorm = 54.7939, GNorm = 2.0298, lr_0 = 1.0000e-04
Loss = 1.6203e-01, PNorm = 54.8020, GNorm = 2.5006, lr_0 = 1.0000e-04
Validation auc = 0.739872
Model 0 best validation auc = 0.789217 on epoch 31
Loading pretrained parameter "encoder.encoder.0.cached_zero_vector".
Loading pretrained parameter "encoder.encoder.0.W_i.weight".
Loading pretrained parameter "encoder.encoder.0.W_h.weight".
Loading pretrained parameter "encoder.encoder.0.W_o.weight".
Loading pretrained parameter "encoder.encoder.0.W_o.bias".
Loading pretrained parameter "ffn.1.weight".
Loading pretrained parameter "ffn.1.bias".
Loading pretrained parameter "ffn.4.weight".
Loading pretrained parameter "ffn.4.bias".
Moving model to cuda
Model 0 test auc = 0.820225
Ensemble test auc = 0.820225
1-fold cross validation
	Seed 0 ==> test auc = 0.820225
Overall test auc = 0.820225 +/- 0.000000
Elapsed time = 0:02:20
