Command line
python /home/jxy/anaconda3/envs/chemprop_1119/bin/chemprop_train --data_path data/train_random_nocanonical.csv --dataset_type classification --save_dir checkpoints_22 --config_path hyperoptfile --epochs 100 --separate_test_path data/test_random_nocanonical.csv --separate_val_path data/val_none.csv --features_generator rdkit_2d_normalized --no_features_scaling --aggregation_norm 100
Args
{'activation': 'ReLU',
 'aggregation': 'mean',
 'aggregation_norm': 100,
 'alternative_loss_function': None,
 'atom_descriptor_scaling': True,
 'atom_descriptors': None,
 'atom_descriptors_path': None,
 'atom_descriptors_size': 0,
 'atom_features_size': 0,
 'atom_messages': False,
 'batch_size': 50,
 'bias': False,
 'bond_feature_scaling': True,
 'bond_features_path': None,
 'bond_features_size': 0,
 'cache_cutoff': 10000,
 'checkpoint_dir': None,
 'checkpoint_frzn': None,
 'checkpoint_path': None,
 'checkpoint_paths': None,
 'class_balance': False,
 'config_path': 'hyperoptfile',
 'crossval_index_dir': None,
 'crossval_index_file': None,
 'crossval_index_sets': None,
 'cuda': True,
 'data_path': 'data/train_random_nocanonical.csv',
 'data_weights_path': None,
 'dataset_type': 'classification',
 'depth': 3,
 'device': device(type='cuda'),
 'dropout': 0.35,
 'empty_cache': False,
 'ensemble_size': 1,
 'epochs': 100,
 'explicit_h': False,
 'extra_metrics': [],
 'features_generator': ['rdkit_2d_normalized'],
 'features_only': False,
 'features_path': None,
 'features_scaling': False,
 'features_size': None,
 'ffn_hidden_size': 1200,
 'ffn_num_layers': 2,
 'final_lr': 0.0001,
 'folds_file': None,
 'freeze_first_only': False,
 'frzn_ffn_layers': 0,
 'gpu': None,
 'grad_clip': None,
 'hidden_size': 1200,
 'ignore_columns': None,
 'init_lr': 0.0001,
 'log_frequency': 10,
 'max_data_size': None,
 'max_lr': 0.001,
 'metric': 'auc',
 'metrics': ['auc'],
 'minimize_score': False,
 'mpn_shared': False,
 'multiclass_num_classes': 3,
 'no_atom_descriptor_scaling': False,
 'no_bond_features_scaling': False,
 'no_cache_mol': False,
 'no_cuda': False,
 'no_features_scaling': True,
 'num_folds': 1,
 'num_lrs': 1,
 'num_tasks': 1,
 'num_workers': 8,
 'number_of_molecules': 1,
 'overwrite_default_atom_features': False,
 'overwrite_default_bond_features': False,
 'phase_features_path': None,
 'pytorch_seed': 0,
 'quiet': False,
 'reaction': False,
 'reaction_mode': 'reac_diff',
 'resume_experiment': False,
 'save_dir': 'checkpoints_22',
 'save_preds': False,
 'save_smiles_splits': False,
 'seed': 0,
 'separate_test_atom_descriptors_path': None,
 'separate_test_bond_features_path': None,
 'separate_test_features_path': None,
 'separate_test_path': 'data/test_random_nocanonical.csv',
 'separate_test_phase_features_path': None,
 'separate_val_atom_descriptors_path': None,
 'separate_val_bond_features_path': None,
 'separate_val_features_path': None,
 'separate_val_path': 'data/val_none.csv',
 'separate_val_phase_features_path': None,
 'show_individual_scores': False,
 'smiles_columns': ['Smile'],
 'spectra_activation': 'exp',
 'spectra_phase_mask_path': None,
 'spectra_target_floor': 1e-08,
 'split_sizes': (0.8, 0.1, 0.1),
 'split_type': 'random',
 'target_columns': None,
 'target_weights': None,
 'task_names': ['Label'],
 'test': False,
 'test_fold_index': None,
 'train_data_size': None,
 'undirected': False,
 'use_input_features': True,
 'val_fold_index': None,
 'warmup_epochs': 2.0}
Setting molecule featurization parameters to default.
Loading data
Number of tasks = 1
Fold 0
Splitting data with seed 0
Class sizes
Label 0: 46.33%, 1: 53.67%
Total size = 1,157 | train size = 1,157 | val size = 0 | test size = 290
Building model 0
MoleculeModel(
  (sigmoid): Sigmoid()
  (encoder): MPN(
    (encoder): ModuleList(
      (0): MPNEncoder(
        (dropout_layer): Dropout(p=0.35, inplace=False)
        (act_func): ReLU()
        (W_i): Linear(in_features=147, out_features=1200, bias=False)
        (W_h): Linear(in_features=1200, out_features=1200, bias=False)
        (W_o): Linear(in_features=1333, out_features=1200, bias=True)
      )
    )
  )
  (ffn): Sequential(
    (0): Dropout(p=0.35, inplace=False)
    (1): Linear(in_features=1400, out_features=1200, bias=True)
    (2): ReLU()
    (3): Dropout(p=0.35, inplace=False)
    (4): Linear(in_features=1200, out_features=1, bias=True)
  )
)
Number of parameters = 4,900,801
Moving model to cuda
Epoch 0
Loss = 7.0067e-01, PNorm = 63.4077, GNorm = 1.7463, lr_0 = 3.1522e-04
Loss = 7.2813e-01, PNorm = 63.4428, GNorm = 2.2208, lr_0 = 5.1087e-04
Validation auc = nan
Epoch 1
Loss = 6.7516e-01, PNorm = 63.5130, GNorm = 1.0461, lr_0 = 7.2609e-04
Loss = 6.2544e-01, PNorm = 63.5946, GNorm = 1.5356, lr_0 = 9.2174e-04
Validation auc = nan
Epoch 2
Loss = 6.5250e-01, PNorm = 63.6931, GNorm = 0.8295, lr_0 = 9.9287e-04
Loss = 6.7856e-01, PNorm = 63.7811, GNorm = 0.8331, lr_0 = 9.8278e-04
Validation auc = nan
Epoch 3
Loss = 6.5552e-01, PNorm = 63.8642, GNorm = 0.7890, lr_0 = 9.7180e-04
Loss = 6.2481e-01, PNorm = 63.9279, GNorm = 0.9438, lr_0 = 9.6192e-04
Loss = 6.0788e-01, PNorm = 63.9832, GNorm = 0.6924, lr_0 = 9.5215e-04
Validation auc = nan
Epoch 4
Loss = 6.6837e-01, PNorm = 64.0405, GNorm = 0.7610, lr_0 = 9.4151e-04
Loss = 6.1894e-01, PNorm = 64.0962, GNorm = 0.5634, lr_0 = 9.3194e-04
Validation auc = nan
Epoch 5
Loss = 6.0815e-01, PNorm = 64.1597, GNorm = 1.3073, lr_0 = 9.2153e-04
Loss = 5.9393e-01, PNorm = 64.2002, GNorm = 0.7388, lr_0 = 9.1216e-04
Validation auc = nan
Epoch 6
Loss = 6.1761e-01, PNorm = 64.2569, GNorm = 0.8158, lr_0 = 9.0197e-04
Loss = 6.2192e-01, PNorm = 64.3092, GNorm = 0.7377, lr_0 = 8.9280e-04
Loss = 6.0698e-01, PNorm = 64.3562, GNorm = 0.9233, lr_0 = 8.8373e-04
Validation auc = nan
Epoch 7
Loss = 6.1584e-01, PNorm = 64.4142, GNorm = 0.7928, lr_0 = 8.7385e-04
Loss = 5.7177e-01, PNorm = 64.4667, GNorm = 1.0888, lr_0 = 8.6497e-04
Validation auc = nan
Epoch 8
Loss = 5.9132e-01, PNorm = 64.5252, GNorm = 0.6142, lr_0 = 8.5618e-04
Loss = 5.9652e-01, PNorm = 64.5930, GNorm = 0.8453, lr_0 = 8.4748e-04
Validation auc = nan
Epoch 9
Loss = 5.2326e-01, PNorm = 64.6624, GNorm = 0.5850, lr_0 = 8.3801e-04
Loss = 6.0222e-01, PNorm = 64.7363, GNorm = 0.7184, lr_0 = 8.2949e-04
Loss = 5.9662e-01, PNorm = 64.8063, GNorm = 0.6364, lr_0 = 8.2106e-04
Validation auc = nan
Epoch 10
Loss = 5.7651e-01, PNorm = 64.9064, GNorm = 1.5721, lr_0 = 8.1188e-04
Loss = 5.9939e-01, PNorm = 64.9829, GNorm = 0.6238, lr_0 = 8.0363e-04
Validation auc = nan
Epoch 11
Loss = 5.9603e-01, PNorm = 65.0684, GNorm = 1.0515, lr_0 = 7.9465e-04
Loss = 5.6831e-01, PNorm = 65.1452, GNorm = 0.6514, lr_0 = 7.8658e-04
Validation auc = nan
Epoch 12
Loss = 5.2158e-01, PNorm = 65.2208, GNorm = 0.6112, lr_0 = 7.7779e-04
Loss = 5.9566e-01, PNorm = 65.2902, GNorm = 0.7067, lr_0 = 7.6988e-04
Loss = 5.7216e-01, PNorm = 65.3572, GNorm = 0.7523, lr_0 = 7.6206e-04
Loss = 5.3659e-01, PNorm = 65.3664, GNorm = 1.6191, lr_0 = 7.6128e-04
Validation auc = nan
Epoch 13
Loss = 5.8996e-01, PNorm = 65.4519, GNorm = 0.6779, lr_0 = 7.5354e-04
Loss = 5.4220e-01, PNorm = 65.5364, GNorm = 0.8520, lr_0 = 7.4588e-04
Validation auc = nan
Epoch 14
Loss = 5.3660e-01, PNorm = 65.6217, GNorm = 1.1485, lr_0 = 7.3755e-04
Loss = 5.9292e-01, PNorm = 65.7000, GNorm = 0.7220, lr_0 = 7.3005e-04
Validation auc = nan
Epoch 15
Loss = 5.7867e-01, PNorm = 65.7748, GNorm = 1.6451, lr_0 = 7.2263e-04
Loss = 5.7122e-01, PNorm = 65.8568, GNorm = 1.0699, lr_0 = 7.1529e-04
Loss = 5.6209e-01, PNorm = 65.9434, GNorm = 0.7420, lr_0 = 7.0802e-04
Loss = 4.7755e-01, PNorm = 65.9530, GNorm = 1.4639, lr_0 = 7.0730e-04
Validation auc = nan
Epoch 16
Loss = 5.4676e-01, PNorm = 66.0465, GNorm = 0.8628, lr_0 = 7.0011e-04
Loss = 5.6595e-01, PNorm = 66.1320, GNorm = 0.9539, lr_0 = 6.9299e-04
Validation auc = nan
Epoch 17
Loss = 5.4727e-01, PNorm = 66.2281, GNorm = 0.5696, lr_0 = 6.8525e-04
Loss = 5.4364e-01, PNorm = 66.3317, GNorm = 0.6521, lr_0 = 6.7828e-04
Validation auc = nan
Epoch 18
Loss = 5.7537e-01, PNorm = 66.4332, GNorm = 0.6420, lr_0 = 6.7070e-04
Loss = 5.2503e-01, PNorm = 66.5402, GNorm = 0.6511, lr_0 = 6.6389e-04
Validation auc = nan
Epoch 19
Loss = 5.9489e-01, PNorm = 66.6385, GNorm = 0.7638, lr_0 = 6.5647e-04
Loss = 5.2097e-01, PNorm = 66.7531, GNorm = 0.6217, lr_0 = 6.4980e-04
Loss = 5.5517e-01, PNorm = 66.8669, GNorm = 0.8365, lr_0 = 6.4319e-04
Validation auc = nan
Epoch 20
Loss = 5.0697e-01, PNorm = 67.0047, GNorm = 0.6183, lr_0 = 6.3600e-04
Loss = 5.3453e-01, PNorm = 67.1342, GNorm = 0.5880, lr_0 = 6.2954e-04
Validation auc = nan
Epoch 21
Loss = 4.8311e-01, PNorm = 67.2756, GNorm = 0.6935, lr_0 = 6.2251e-04
Loss = 5.3127e-01, PNorm = 67.4184, GNorm = 0.7475, lr_0 = 6.1618e-04
Validation auc = nan
Epoch 22
Loss = 3.7093e-01, PNorm = 67.5510, GNorm = 0.6772, lr_0 = 6.0992e-04
Loss = 5.2433e-01, PNorm = 67.6780, GNorm = 0.8295, lr_0 = 6.0372e-04
Loss = 4.9830e-01, PNorm = 67.8109, GNorm = 0.6549, lr_0 = 5.9758e-04
Validation auc = nan
Epoch 23
Loss = 5.0677e-01, PNorm = 67.9667, GNorm = 1.0351, lr_0 = 5.9090e-04
Loss = 5.1015e-01, PNorm = 68.1108, GNorm = 0.9665, lr_0 = 5.8490e-04
Validation auc = nan
Epoch 24
Loss = 4.8495e-01, PNorm = 68.2720, GNorm = 0.9021, lr_0 = 5.7836e-04
Loss = 5.2479e-01, PNorm = 68.4172, GNorm = 0.9047, lr_0 = 5.7248e-04
Validation auc = nan
Epoch 25
Loss = 5.0212e-01, PNorm = 68.5696, GNorm = 0.8740, lr_0 = 5.6609e-04
Loss = 4.7902e-01, PNorm = 68.7072, GNorm = 1.1994, lr_0 = 5.6033e-04
Loss = 4.8325e-01, PNorm = 68.8235, GNorm = 1.2478, lr_0 = 5.5464e-04
Validation auc = nan
Epoch 26
Loss = 5.2030e-01, PNorm = 68.9576, GNorm = 0.8155, lr_0 = 5.4844e-04
Loss = 4.7066e-01, PNorm = 69.0890, GNorm = 0.8375, lr_0 = 5.4287e-04
Validation auc = nan
Epoch 27
Loss = 4.9735e-01, PNorm = 69.2185, GNorm = 1.0539, lr_0 = 5.3680e-04
Loss = 4.8867e-01, PNorm = 69.3556, GNorm = 0.7574, lr_0 = 5.3135e-04
Validation auc = nan
Epoch 28
Loss = 4.3070e-01, PNorm = 69.4983, GNorm = 1.0567, lr_0 = 5.2541e-04
Loss = 4.5672e-01, PNorm = 69.6381, GNorm = 0.6422, lr_0 = 5.2007e-04
Loss = 4.7623e-01, PNorm = 69.7769, GNorm = 0.8771, lr_0 = 5.1478e-04
Validation auc = nan
Epoch 29
Loss = 4.6232e-01, PNorm = 69.9104, GNorm = 1.0636, lr_0 = 5.0955e-04
Loss = 4.7010e-01, PNorm = 70.0522, GNorm = 0.9807, lr_0 = 5.0437e-04
Validation auc = nan
Epoch 30
Loss = 4.7879e-01, PNorm = 70.2015, GNorm = 0.7996, lr_0 = 4.9874e-04
Loss = 4.1145e-01, PNorm = 70.3469, GNorm = 0.8768, lr_0 = 4.9367e-04
Validation auc = nan
Epoch 31
Loss = 4.8124e-01, PNorm = 70.4798, GNorm = 1.4101, lr_0 = 4.8815e-04
Loss = 4.4572e-01, PNorm = 70.6139, GNorm = 0.8819, lr_0 = 4.8319e-04
Loss = 4.1942e-01, PNorm = 70.7367, GNorm = 0.6796, lr_0 = 4.7828e-04
Loss = 4.8712e-01, PNorm = 70.7493, GNorm = 2.4409, lr_0 = 4.7779e-04
Validation auc = nan
Epoch 32
Loss = 4.3177e-01, PNorm = 70.8783, GNorm = 0.9583, lr_0 = 4.7293e-04
Loss = 4.5105e-01, PNorm = 70.9961, GNorm = 0.7785, lr_0 = 4.6813e-04
Validation auc = nan
Epoch 33
Loss = 3.9849e-01, PNorm = 71.1279, GNorm = 0.8244, lr_0 = 4.6290e-04
Loss = 4.4220e-01, PNorm = 71.2635, GNorm = 0.9767, lr_0 = 4.5819e-04
Validation auc = nan
Epoch 34
Loss = 4.0889e-01, PNorm = 71.3910, GNorm = 1.6013, lr_0 = 4.5307e-04
Loss = 4.4852e-01, PNorm = 71.5001, GNorm = 1.3986, lr_0 = 4.4847e-04
Validation auc = nan
Epoch 35
Loss = 4.5054e-01, PNorm = 71.6366, GNorm = 1.3020, lr_0 = 4.4346e-04
Loss = 4.1918e-01, PNorm = 71.7730, GNorm = 1.2892, lr_0 = 4.3895e-04
Loss = 4.3912e-01, PNorm = 71.8990, GNorm = 1.0252, lr_0 = 4.3449e-04
Validation auc = nan
Epoch 36
Loss = 3.9341e-01, PNorm = 72.0324, GNorm = 1.1110, lr_0 = 4.3007e-04
Loss = 4.0885e-01, PNorm = 72.1479, GNorm = 0.9102, lr_0 = 4.2570e-04
Validation auc = nan
Epoch 37
Loss = 4.0206e-01, PNorm = 72.2623, GNorm = 0.8351, lr_0 = 4.2094e-04
Loss = 3.9946e-01, PNorm = 72.3837, GNorm = 1.0628, lr_0 = 4.1667e-04
Validation auc = nan
Epoch 38
Loss = 3.1869e-01, PNorm = 72.4985, GNorm = 0.7439, lr_0 = 4.1201e-04
Loss = 3.6324e-01, PNorm = 72.6047, GNorm = 1.1499, lr_0 = 4.0782e-04
Loss = 3.9162e-01, PNorm = 72.7184, GNorm = 1.1559, lr_0 = 4.0368e-04
Validation auc = nan
Epoch 39
Loss = 3.6375e-01, PNorm = 72.8313, GNorm = 1.0643, lr_0 = 3.9917e-04
Loss = 3.8085e-01, PNorm = 72.9252, GNorm = 1.1410, lr_0 = 3.9511e-04
Validation auc = nan
Epoch 40
Loss = 3.4995e-01, PNorm = 73.0390, GNorm = 0.8097, lr_0 = 3.9069e-04
Loss = 3.2043e-01, PNorm = 73.1459, GNorm = 1.4564, lr_0 = 3.8672e-04
Validation auc = nan
Epoch 41
Loss = 3.4113e-01, PNorm = 73.2482, GNorm = 1.9402, lr_0 = 3.8240e-04
Loss = 3.9431e-01, PNorm = 73.3298, GNorm = 1.0998, lr_0 = 3.7852e-04
Loss = 3.4372e-01, PNorm = 73.4235, GNorm = 1.0631, lr_0 = 3.7467e-04
Validation auc = nan
Epoch 42
Loss = 3.7146e-01, PNorm = 73.5426, GNorm = 1.2222, lr_0 = 3.7048e-04
Loss = 3.4290e-01, PNorm = 73.6403, GNorm = 0.9489, lr_0 = 3.6672e-04
Validation auc = nan
Epoch 43
Loss = 3.1136e-01, PNorm = 73.7352, GNorm = 0.7676, lr_0 = 3.6299e-04
Loss = 3.4964e-01, PNorm = 73.8359, GNorm = 1.1951, lr_0 = 3.5930e-04
Validation auc = nan
Epoch 44
Loss = 2.9042e-01, PNorm = 73.9344, GNorm = 1.0419, lr_0 = 3.5528e-04
Loss = 2.9963e-01, PNorm = 74.0281, GNorm = 0.9419, lr_0 = 3.5167e-04
Loss = 3.3835e-01, PNorm = 74.1120, GNorm = 1.0901, lr_0 = 3.4810e-04
Validation auc = nan
Epoch 45
Loss = 3.0462e-01, PNorm = 74.2210, GNorm = 1.2382, lr_0 = 3.4421e-04
Loss = 2.8564e-01, PNorm = 74.3058, GNorm = 0.7475, lr_0 = 3.4071e-04
Validation auc = nan
Epoch 46
Loss = 2.5747e-01, PNorm = 74.3929, GNorm = 0.8419, lr_0 = 3.3690e-04
Loss = 3.0989e-01, PNorm = 74.4788, GNorm = 1.4420, lr_0 = 3.3348e-04
Validation auc = nan
Epoch 47
Loss = 2.8744e-01, PNorm = 74.5659, GNorm = 0.9499, lr_0 = 3.2975e-04
Loss = 2.7376e-01, PNorm = 74.6500, GNorm = 1.2072, lr_0 = 3.2640e-04
Loss = 3.2198e-01, PNorm = 74.7319, GNorm = 1.7243, lr_0 = 3.2308e-04
Loss = 5.8555e-02, PNorm = 74.7404, GNorm = 1.1831, lr_0 = 3.2276e-04
Validation auc = nan
Epoch 48
Loss = 2.6740e-01, PNorm = 74.8192, GNorm = 1.5853, lr_0 = 3.1947e-04
Loss = 2.6571e-01, PNorm = 74.8933, GNorm = 1.1525, lr_0 = 3.1623e-04
Validation auc = nan
Epoch 49
Loss = 2.7059e-01, PNorm = 74.9837, GNorm = 1.0811, lr_0 = 3.1269e-04
Loss = 2.7846e-01, PNorm = 75.0668, GNorm = 1.4545, lr_0 = 3.0952e-04
Validation auc = nan
Epoch 50
Loss = 3.4570e-01, PNorm = 75.1440, GNorm = 2.2791, lr_0 = 3.0637e-04
Loss = 2.8060e-01, PNorm = 75.2192, GNorm = 1.4962, lr_0 = 3.0326e-04
Loss = 2.2274e-01, PNorm = 75.2908, GNorm = 0.9608, lr_0 = 3.0017e-04
Loss = 6.1337e-01, PNorm = 75.2981, GNorm = 4.7824, lr_0 = 2.9987e-04
Validation auc = nan
Epoch 51
Loss = 2.3322e-01, PNorm = 75.3841, GNorm = 1.0398, lr_0 = 2.9682e-04
Loss = 2.9295e-01, PNorm = 75.4539, GNorm = 2.1546, lr_0 = 2.9380e-04
Validation auc = nan
Epoch 52
Loss = 2.7570e-01, PNorm = 75.5267, GNorm = 1.2003, lr_0 = 2.9052e-04
Loss = 2.7068e-01, PNorm = 75.6033, GNorm = 1.2018, lr_0 = 2.8757e-04
Validation auc = nan
Epoch 53
Loss = 2.9280e-01, PNorm = 75.6775, GNorm = 1.2176, lr_0 = 2.8435e-04
Loss = 2.5880e-01, PNorm = 75.7459, GNorm = 1.0385, lr_0 = 2.8146e-04
Validation auc = nan
Epoch 54
Loss = 2.1154e-01, PNorm = 75.8161, GNorm = 1.1607, lr_0 = 2.7832e-04
Loss = 2.4964e-01, PNorm = 75.8743, GNorm = 1.7523, lr_0 = 2.7549e-04
Loss = 2.5395e-01, PNorm = 75.9334, GNorm = 1.8900, lr_0 = 2.7269e-04
Validation auc = nan
Epoch 55
Loss = 2.2111e-01, PNorm = 76.0065, GNorm = 1.2275, lr_0 = 2.6964e-04
Loss = 2.6934e-01, PNorm = 76.0651, GNorm = 2.0041, lr_0 = 2.6690e-04
Validation auc = nan
Epoch 56
Loss = 2.5120e-01, PNorm = 76.1319, GNorm = 1.0860, lr_0 = 2.6392e-04
Loss = 2.2260e-01, PNorm = 76.1908, GNorm = 1.0703, lr_0 = 2.6124e-04
Validation auc = nan
Epoch 57
Loss = 2.6782e-01, PNorm = 76.2521, GNorm = 1.1351, lr_0 = 2.5832e-04
Loss = 1.9871e-01, PNorm = 76.3120, GNorm = 1.2633, lr_0 = 2.5569e-04
Loss = 2.3572e-01, PNorm = 76.3656, GNorm = 1.4495, lr_0 = 2.5309e-04
Validation auc = nan
Epoch 58
Loss = 2.5712e-01, PNorm = 76.4216, GNorm = 1.3062, lr_0 = 2.5052e-04
Loss = 2.0092e-01, PNorm = 76.4753, GNorm = 1.2413, lr_0 = 2.4798e-04
Validation auc = nan
Epoch 59
Loss = 2.2617e-01, PNorm = 76.5304, GNorm = 1.2379, lr_0 = 2.4521e-04
Loss = 2.1538e-01, PNorm = 76.5837, GNorm = 1.8097, lr_0 = 2.4271e-04
Validation auc = nan
Epoch 60
Loss = 2.4579e-01, PNorm = 76.6483, GNorm = 1.5599, lr_0 = 2.4000e-04
Loss = 2.0919e-01, PNorm = 76.6992, GNorm = 0.7820, lr_0 = 2.3756e-04
Loss = 2.0295e-01, PNorm = 76.7493, GNorm = 1.5415, lr_0 = 2.3515e-04
Validation auc = nan
Epoch 61
Loss = 1.8584e-01, PNorm = 76.8009, GNorm = 1.4456, lr_0 = 2.3252e-04
Loss = 1.9437e-01, PNorm = 76.8443, GNorm = 1.7397, lr_0 = 2.3016e-04
Validation auc = nan
Epoch 62
Loss = 1.9888e-01, PNorm = 76.8870, GNorm = 0.8977, lr_0 = 2.2758e-04
Loss = 1.6833e-01, PNorm = 76.9358, GNorm = 1.5017, lr_0 = 2.2527e-04
Validation auc = nan
Epoch 63
Loss = 1.4590e-01, PNorm = 76.9832, GNorm = 1.6396, lr_0 = 2.2275e-04
Loss = 1.9196e-01, PNorm = 77.0275, GNorm = 1.3977, lr_0 = 2.2049e-04
Loss = 2.3915e-01, PNorm = 77.0705, GNorm = 1.6671, lr_0 = 2.1825e-04
Loss = 2.8358e-01, PNorm = 77.0756, GNorm = 5.8523, lr_0 = 2.1803e-04
Validation auc = nan
Epoch 64
Loss = 1.8249e-01, PNorm = 77.1242, GNorm = 1.6889, lr_0 = 2.1581e-04
Loss = 2.0243e-01, PNorm = 77.1657, GNorm = 1.7074, lr_0 = 2.1362e-04
Validation auc = nan
Epoch 65
Loss = 2.1034e-01, PNorm = 77.2030, GNorm = 2.1323, lr_0 = 2.1145e-04
Loss = 1.7827e-01, PNorm = 77.2450, GNorm = 0.7325, lr_0 = 2.0930e-04
Validation auc = nan
Epoch 66
Loss = 1.4411e-01, PNorm = 77.2904, GNorm = 2.2144, lr_0 = 2.0696e-04
Loss = 1.5701e-01, PNorm = 77.3323, GNorm = 1.3881, lr_0 = 2.0485e-04
Loss = 2.1535e-01, PNorm = 77.3704, GNorm = 1.0837, lr_0 = 2.0277e-04
Loss = 1.5278e-02, PNorm = 77.3746, GNorm = 0.5252, lr_0 = 2.0257e-04
Validation auc = nan
Epoch 67
Loss = 1.7585e-01, PNorm = 77.4143, GNorm = 1.2638, lr_0 = 2.0051e-04
Loss = 1.5601e-01, PNorm = 77.4494, GNorm = 1.7227, lr_0 = 1.9847e-04
Validation auc = nan
Epoch 68
Loss = 1.4967e-01, PNorm = 77.4842, GNorm = 1.4174, lr_0 = 1.9625e-04
Loss = 1.4433e-01, PNorm = 77.5207, GNorm = 1.3894, lr_0 = 1.9426e-04
Validation auc = nan
Epoch 69
Loss = 2.1633e-01, PNorm = 77.5610, GNorm = 2.6906, lr_0 = 1.9209e-04
Loss = 1.4852e-01, PNorm = 77.5926, GNorm = 1.9860, lr_0 = 1.9013e-04
Validation auc = nan
Epoch 70
Loss = 1.6116e-01, PNorm = 77.6296, GNorm = 1.3335, lr_0 = 1.8801e-04
Loss = 1.5774e-01, PNorm = 77.6624, GNorm = 2.9199, lr_0 = 1.8610e-04
Loss = 1.4139e-01, PNorm = 77.6895, GNorm = 1.9653, lr_0 = 1.8421e-04
Validation auc = nan
Epoch 71
Loss = 1.2554e-01, PNorm = 77.7160, GNorm = 0.9533, lr_0 = 1.8215e-04
Loss = 1.8081e-01, PNorm = 77.7419, GNorm = 1.2224, lr_0 = 1.8030e-04
Validation auc = nan
Epoch 72
Loss = 1.0958e-01, PNorm = 77.7735, GNorm = 0.7916, lr_0 = 1.7846e-04
Loss = 1.8169e-01, PNorm = 77.8047, GNorm = 0.9635, lr_0 = 1.7665e-04
Validation auc = nan
Epoch 73
Loss = 1.4929e-01, PNorm = 77.8413, GNorm = 1.3053, lr_0 = 1.7468e-04
Loss = 1.4480e-01, PNorm = 77.8772, GNorm = 1.0691, lr_0 = 1.7290e-04
Loss = 1.5388e-01, PNorm = 77.9074, GNorm = 1.0417, lr_0 = 1.7114e-04
Validation auc = nan
Epoch 74
Loss = 1.4453e-01, PNorm = 77.9357, GNorm = 0.9206, lr_0 = 1.6923e-04
Loss = 1.2865e-01, PNorm = 77.9619, GNorm = 3.0938, lr_0 = 1.6751e-04
Validation auc = nan
Epoch 75
Loss = 1.4185e-01, PNorm = 77.9898, GNorm = 1.5824, lr_0 = 1.6564e-04
Loss = 1.5623e-01, PNorm = 78.0151, GNorm = 2.0527, lr_0 = 1.6396e-04
Validation auc = nan
Epoch 76
Loss = 1.5132e-01, PNorm = 78.0384, GNorm = 1.3899, lr_0 = 1.6212e-04
Loss = 1.3619e-01, PNorm = 78.0679, GNorm = 1.8540, lr_0 = 1.6048e-04
Loss = 1.3014e-01, PNorm = 78.0958, GNorm = 1.2886, lr_0 = 1.5885e-04
Validation auc = nan
Epoch 77
Loss = 1.5534e-01, PNorm = 78.1286, GNorm = 1.2028, lr_0 = 1.5707e-04
Loss = 1.7320e-01, PNorm = 78.1562, GNorm = 0.9628, lr_0 = 1.5547e-04
Validation auc = nan
Epoch 78
Loss = 1.8613e-01, PNorm = 78.1847, GNorm = 2.3364, lr_0 = 1.5374e-04
Loss = 1.1299e-01, PNorm = 78.2130, GNorm = 0.6525, lr_0 = 1.5217e-04
Validation auc = nan
Epoch 79
Loss = 1.6929e-01, PNorm = 78.2366, GNorm = 1.2949, lr_0 = 1.5063e-04
Loss = 1.4066e-01, PNorm = 78.2595, GNorm = 1.0076, lr_0 = 1.4910e-04
Loss = 1.1860e-01, PNorm = 78.2795, GNorm = 0.6280, lr_0 = 1.4758e-04
Validation auc = nan
Epoch 80
Loss = 1.2757e-01, PNorm = 78.3055, GNorm = 0.8096, lr_0 = 1.4593e-04
Loss = 1.3994e-01, PNorm = 78.3288, GNorm = 1.2243, lr_0 = 1.4445e-04
Validation auc = nan
Epoch 81
Loss = 1.4885e-01, PNorm = 78.3529, GNorm = 1.5827, lr_0 = 1.4284e-04
Loss = 1.4741e-01, PNorm = 78.3755, GNorm = 1.9289, lr_0 = 1.4138e-04
Validation auc = nan
Epoch 82
Loss = 1.0444e-01, PNorm = 78.3984, GNorm = 1.2463, lr_0 = 1.3980e-04
Loss = 1.3146e-01, PNorm = 78.4192, GNorm = 0.8985, lr_0 = 1.3838e-04
Loss = 1.3568e-01, PNorm = 78.4417, GNorm = 1.3026, lr_0 = 1.3698e-04
Loss = 3.0877e-01, PNorm = 78.4439, GNorm = 6.3538, lr_0 = 1.3684e-04
Validation auc = nan
Epoch 83
Loss = 1.5159e-01, PNorm = 78.4639, GNorm = 2.9023, lr_0 = 1.3545e-04
Loss = 1.0279e-01, PNorm = 78.4833, GNorm = 1.1327, lr_0 = 1.3407e-04
Validation auc = nan
Epoch 84
Loss = 1.3931e-01, PNorm = 78.5041, GNorm = 1.9416, lr_0 = 1.3257e-04
Loss = 1.2838e-01, PNorm = 78.5220, GNorm = 1.3880, lr_0 = 1.3122e-04
Validation auc = nan
Epoch 85
Loss = 8.9375e-02, PNorm = 78.5417, GNorm = 1.3014, lr_0 = 1.2976e-04
Loss = 1.2048e-01, PNorm = 78.5592, GNorm = 0.7391, lr_0 = 1.2844e-04
Loss = 1.2925e-01, PNorm = 78.5766, GNorm = 3.5812, lr_0 = 1.2713e-04
Validation auc = nan
Epoch 86
Loss = 1.1500e-01, PNorm = 78.5936, GNorm = 2.1656, lr_0 = 1.2584e-04
Loss = 1.1249e-01, PNorm = 78.6093, GNorm = 1.1415, lr_0 = 1.2456e-04
Validation auc = nan
Epoch 87
Loss = 1.1010e-01, PNorm = 78.6292, GNorm = 1.2550, lr_0 = 1.2317e-04
Loss = 1.1033e-01, PNorm = 78.6465, GNorm = 1.4992, lr_0 = 1.2192e-04
Validation auc = nan
Epoch 88
Loss = 1.2551e-01, PNorm = 78.6613, GNorm = 1.3211, lr_0 = 1.2056e-04
Loss = 1.3064e-01, PNorm = 78.6767, GNorm = 1.8057, lr_0 = 1.1933e-04
Validation auc = nan
Epoch 89
Loss = 1.4382e-01, PNorm = 78.6941, GNorm = 1.2023, lr_0 = 1.1800e-04
Loss = 8.5071e-02, PNorm = 78.7101, GNorm = 1.6851, lr_0 = 1.1680e-04
Loss = 1.3352e-01, PNorm = 78.7243, GNorm = 1.2740, lr_0 = 1.1561e-04
Validation auc = nan
Epoch 90
Loss = 7.9545e-02, PNorm = 78.7414, GNorm = 1.5121, lr_0 = 1.1432e-04
Loss = 1.3294e-01, PNorm = 78.7561, GNorm = 1.5522, lr_0 = 1.1316e-04
Validation auc = nan
Epoch 91
Loss = 8.6678e-02, PNorm = 78.7734, GNorm = 0.6161, lr_0 = 1.1189e-04
Loss = 1.3039e-01, PNorm = 78.7876, GNorm = 1.3493, lr_0 = 1.1076e-04
Validation auc = nan
Epoch 92
Loss = 1.1456e-01, PNorm = 78.8045, GNorm = 1.4875, lr_0 = 1.0952e-04
Loss = 1.3753e-01, PNorm = 78.8185, GNorm = 2.6266, lr_0 = 1.0840e-04
Loss = 1.1284e-01, PNorm = 78.8324, GNorm = 0.8576, lr_0 = 1.0730e-04
Validation auc = nan
Epoch 93
Loss = 1.0753e-01, PNorm = 78.8460, GNorm = 0.9267, lr_0 = 1.0621e-04
Loss = 1.2337e-01, PNorm = 78.8605, GNorm = 1.0379, lr_0 = 1.0513e-04
Validation auc = nan
Epoch 94
Loss = 9.0439e-02, PNorm = 78.8755, GNorm = 0.7892, lr_0 = 1.0396e-04
Loss = 8.9812e-02, PNorm = 78.8890, GNorm = 1.6904, lr_0 = 1.0290e-04
Validation auc = nan
Epoch 95
Loss = 1.6150e-01, PNorm = 78.9030, GNorm = 1.3402, lr_0 = 1.0175e-04
Loss = 1.1965e-01, PNorm = 78.9166, GNorm = 1.8350, lr_0 = 1.0072e-04
Loss = 1.0007e-01, PNorm = 78.9273, GNorm = 0.6955, lr_0 = 1.0000e-04
Validation auc = nan
Epoch 96
Loss = 6.7453e-02, PNorm = 78.9418, GNorm = 1.2558, lr_0 = 1.0000e-04
Loss = 8.1804e-02, PNorm = 78.9535, GNorm = 1.4794, lr_0 = 1.0000e-04
Validation auc = nan
Epoch 97
Loss = 1.0323e-01, PNorm = 78.9661, GNorm = 1.8747, lr_0 = 1.0000e-04
Loss = 9.4605e-02, PNorm = 78.9763, GNorm = 1.0223, lr_0 = 1.0000e-04
Validation auc = nan
Epoch 98
Loss = 8.7825e-02, PNorm = 78.9900, GNorm = 1.3560, lr_0 = 1.0000e-04
Loss = 8.9635e-02, PNorm = 79.0005, GNorm = 1.2412, lr_0 = 1.0000e-04
Loss = 1.1585e-01, PNorm = 79.0114, GNorm = 2.6538, lr_0 = 1.0000e-04
Loss = 2.0501e-02, PNorm = 79.0122, GNorm = 0.4944, lr_0 = 1.0000e-04
Validation auc = nan
Epoch 99
Loss = 1.0351e-01, PNorm = 79.0202, GNorm = 1.2690, lr_0 = 1.0000e-04
Loss = 1.0172e-01, PNorm = 79.0308, GNorm = 2.7215, lr_0 = 1.0000e-04
Validation auc = nan
Model 0 best validation auc = -inf on epoch 0
Loading pretrained parameter "encoder.encoder.0.cached_zero_vector".
Loading pretrained parameter "encoder.encoder.0.W_i.weight".
Loading pretrained parameter "encoder.encoder.0.W_h.weight".
Loading pretrained parameter "encoder.encoder.0.W_o.weight".
Loading pretrained parameter "encoder.encoder.0.W_o.bias".
Loading pretrained parameter "ffn.1.weight".
Loading pretrained parameter "ffn.1.bias".
Loading pretrained parameter "ffn.4.weight".
Loading pretrained parameter "ffn.4.bias".
Moving model to cuda
Model 0 test auc = 0.559978
Ensemble test auc = 0.559978
1-fold cross validation
	Seed 0 ==> test auc = 0.559978
Overall test auc = 0.559978 +/- 0.000000
Elapsed time = 0:02:32
