Command line
python /home/jxy/anaconda3/envs/chemprop_1119/bin/chemprop_train --data_path data/train_full.csv --dataset_type classification --save_dir checkpoints_16 --config_path hyperoptfile --epochs 100 --separate_test_path data/test_random_nocanonical.csv --separate_val_path data/val_full.csv --features_generator rdkit_2d_normalized --no_features_scaling
Args
{'activation': 'ReLU',
 'aggregation': 'mean',
 'aggregation_norm': 100,
 'alternative_loss_function': None,
 'atom_descriptor_scaling': True,
 'atom_descriptors': None,
 'atom_descriptors_path': None,
 'atom_descriptors_size': 0,
 'atom_features_size': 0,
 'atom_messages': False,
 'batch_size': 50,
 'bias': False,
 'bond_feature_scaling': True,
 'bond_features_path': None,
 'bond_features_size': 0,
 'cache_cutoff': 10000,
 'checkpoint_dir': None,
 'checkpoint_frzn': None,
 'checkpoint_path': None,
 'checkpoint_paths': None,
 'class_balance': False,
 'config_path': 'hyperoptfile',
 'crossval_index_dir': None,
 'crossval_index_file': None,
 'crossval_index_sets': None,
 'cuda': True,
 'data_path': 'data/train_full.csv',
 'data_weights_path': None,
 'dataset_type': 'classification',
 'depth': 2,
 'device': device(type='cuda'),
 'dropout': 0.2,
 'empty_cache': False,
 'ensemble_size': 1,
 'epochs': 100,
 'explicit_h': False,
 'extra_metrics': [],
 'features_generator': ['rdkit_2d_normalized'],
 'features_only': False,
 'features_path': None,
 'features_scaling': False,
 'features_size': None,
 'ffn_hidden_size': 600,
 'ffn_num_layers': 2,
 'final_lr': 0.0001,
 'folds_file': None,
 'freeze_first_only': False,
 'frzn_ffn_layers': 0,
 'gpu': None,
 'grad_clip': None,
 'hidden_size': 600,
 'ignore_columns': None,
 'init_lr': 0.0001,
 'log_frequency': 10,
 'max_data_size': None,
 'max_lr': 0.001,
 'metric': 'auc',
 'metrics': ['auc'],
 'minimize_score': False,
 'mpn_shared': False,
 'multiclass_num_classes': 3,
 'no_atom_descriptor_scaling': False,
 'no_bond_features_scaling': False,
 'no_cache_mol': False,
 'no_cuda': False,
 'no_features_scaling': True,
 'num_folds': 1,
 'num_lrs': 1,
 'num_tasks': 1,
 'num_workers': 8,
 'number_of_molecules': 1,
 'overwrite_default_atom_features': False,
 'overwrite_default_bond_features': False,
 'phase_features_path': None,
 'pytorch_seed': 0,
 'quiet': False,
 'reaction': False,
 'reaction_mode': 'reac_diff',
 'resume_experiment': False,
 'save_dir': 'checkpoints_16',
 'save_preds': False,
 'save_smiles_splits': False,
 'seed': 0,
 'separate_test_atom_descriptors_path': None,
 'separate_test_bond_features_path': None,
 'separate_test_features_path': None,
 'separate_test_path': 'data/test_random_nocanonical.csv',
 'separate_test_phase_features_path': None,
 'separate_val_atom_descriptors_path': None,
 'separate_val_bond_features_path': None,
 'separate_val_features_path': None,
 'separate_val_path': 'data/val_full.csv',
 'separate_val_phase_features_path': None,
 'show_individual_scores': False,
 'smiles_columns': ['Smile'],
 'spectra_activation': 'exp',
 'spectra_phase_mask_path': None,
 'spectra_target_floor': 1e-08,
 'split_sizes': (0.8, 0.1, 0.1),
 'split_type': 'random',
 'target_columns': None,
 'target_weights': None,
 'task_names': ['Label'],
 'test': False,
 'test_fold_index': None,
 'train_data_size': None,
 'undirected': False,
 'use_input_features': True,
 'val_fold_index': None,
 'warmup_epochs': 2.0}
Setting molecule featurization parameters to default.
Loading data
Number of tasks = 1
Fold 0
Splitting data with seed 0
Class sizes
Label 0: 46.78%, 1: 53.22%
Total size = 1,041 | train size = 1,041 | val size = 116 | test size = 290
Building model 0
MoleculeModel(
  (sigmoid): Sigmoid()
  (encoder): MPN(
    (encoder): ModuleList(
      (0): MPNEncoder(
        (dropout_layer): Dropout(p=0.2, inplace=False)
        (act_func): ReLU()
        (W_i): Linear(in_features=147, out_features=600, bias=False)
        (W_h): Linear(in_features=600, out_features=600, bias=False)
        (W_o): Linear(in_features=733, out_features=600, bias=True)
      )
    )
  )
  (ffn): Sequential(
    (0): Dropout(p=0.2, inplace=False)
    (1): Linear(in_features=800, out_features=600, bias=True)
    (2): ReLU()
    (3): Dropout(p=0.2, inplace=False)
    (4): Linear(in_features=600, out_features=1, bias=True)
  )
)
Number of parameters = 1,370,401
Moving model to cuda
Epoch 0
Loss = 7.0457e-01, PNorm = 46.7652, GNorm = 0.7963, lr_0 = 3.4750e-04
Loss = 6.9171e-01, PNorm = 46.7821, GNorm = 2.2445, lr_0 = 5.7250e-04
Loss = 6.2246e-01, PNorm = 46.7846, GNorm = 0.8801, lr_0 = 5.9500e-04
Validation auc = 0.702711
Epoch 1
Loss = 6.4921e-01, PNorm = 46.8195, GNorm = 0.7895, lr_0 = 8.2000e-04
Loss = 6.4792e-01, PNorm = 46.8672, GNorm = 1.5971, lr_0 = 9.9765e-04
Validation auc = 0.734998
Epoch 2
Loss = 6.2050e-01, PNorm = 46.9189, GNorm = 1.7574, lr_0 = 9.8600e-04
Loss = 6.7022e-01, PNorm = 46.9732, GNorm = 1.3537, lr_0 = 9.7449e-04
Validation auc = 0.757843
Epoch 3
Loss = 6.0822e-01, PNorm = 47.0305, GNorm = 0.5830, lr_0 = 9.6310e-04
Loss = 6.2200e-01, PNorm = 47.0836, GNorm = 0.9116, lr_0 = 9.5186e-04
Validation auc = 0.766372
Epoch 4
Loss = 5.8449e-01, PNorm = 47.1384, GNorm = 0.4852, lr_0 = 9.4074e-04
Loss = 5.7760e-01, PNorm = 47.2038, GNorm = 0.8087, lr_0 = 9.2975e-04
Validation auc = 0.761499
Epoch 5
Loss = 5.7173e-01, PNorm = 47.2604, GNorm = 0.5565, lr_0 = 9.1889e-04
Loss = 5.6756e-01, PNorm = 47.3326, GNorm = 0.5316, lr_0 = 9.0816e-04
Validation auc = 0.772160
Epoch 6
Loss = 6.3467e-01, PNorm = 47.4010, GNorm = 1.5192, lr_0 = 8.9650e-04
Loss = 5.9742e-01, PNorm = 47.4642, GNorm = 0.6559, lr_0 = 8.8603e-04
Validation auc = 0.766677
Epoch 7
Loss = 5.4926e-01, PNorm = 47.5405, GNorm = 0.6864, lr_0 = 8.7568e-04
Loss = 5.6819e-01, PNorm = 47.6049, GNorm = 1.2183, lr_0 = 8.6546e-04
Validation auc = 0.776729
Epoch 8
Loss = 5.4212e-01, PNorm = 47.6542, GNorm = 0.5863, lr_0 = 8.5535e-04
Loss = 5.6847e-01, PNorm = 47.7293, GNorm = 0.7263, lr_0 = 8.4536e-04
Validation auc = 0.761499
Epoch 9
Loss = 6.2716e-01, PNorm = 47.8133, GNorm = 0.8830, lr_0 = 8.3549e-04
Loss = 5.5950e-01, PNorm = 47.8981, GNorm = 0.6527, lr_0 = 8.2573e-04
Validation auc = 0.768504
Epoch 10
Loss = 5.4899e-01, PNorm = 47.9731, GNorm = 0.6044, lr_0 = 8.1608e-04
Loss = 5.5008e-01, PNorm = 48.0713, GNorm = 0.8614, lr_0 = 8.0655e-04
Validation auc = 0.779165
Epoch 11
Loss = 5.9543e-01, PNorm = 48.1603, GNorm = 0.6238, lr_0 = 7.9713e-04
Loss = 5.1006e-01, PNorm = 48.2618, GNorm = 0.6499, lr_0 = 7.8782e-04
Validation auc = 0.767591
Epoch 12
Loss = 5.2205e-01, PNorm = 48.3688, GNorm = 0.5889, lr_0 = 7.7771e-04
Loss = 5.2247e-01, PNorm = 48.4636, GNorm = 0.5181, lr_0 = 7.6862e-04
Loss = 5.3276e-01, PNorm = 48.5684, GNorm = 0.7451, lr_0 = 7.5965e-04
Validation auc = 0.794395
Epoch 13
Loss = 5.4403e-01, PNorm = 48.6874, GNorm = 0.7915, lr_0 = 7.5078e-04
Loss = 5.2357e-01, PNorm = 48.8047, GNorm = 0.8525, lr_0 = 7.4201e-04
Validation auc = 0.791654
Epoch 14
Loss = 5.4096e-01, PNorm = 48.9358, GNorm = 0.7400, lr_0 = 7.3334e-04
Loss = 5.1088e-01, PNorm = 49.0316, GNorm = 0.9011, lr_0 = 7.2478e-04
Validation auc = 0.793786
Epoch 15
Loss = 5.0507e-01, PNorm = 49.1503, GNorm = 0.6736, lr_0 = 7.1631e-04
Loss = 5.0816e-01, PNorm = 49.2780, GNorm = 0.5374, lr_0 = 7.0795e-04
Validation auc = 0.775510
Epoch 16
Loss = 5.0651e-01, PNorm = 49.3863, GNorm = 0.7080, lr_0 = 6.9968e-04
Loss = 4.8925e-01, PNorm = 49.5239, GNorm = 0.6045, lr_0 = 6.9151e-04
Validation auc = 0.784039
Epoch 17
Loss = 4.8236e-01, PNorm = 49.6431, GNorm = 0.5972, lr_0 = 6.8263e-04
Loss = 5.0699e-01, PNorm = 49.7512, GNorm = 1.2156, lr_0 = 6.7465e-04
Validation auc = 0.796223
Epoch 18
Loss = 4.7298e-01, PNorm = 49.8616, GNorm = 0.7960, lr_0 = 6.6678e-04
Loss = 4.6566e-01, PNorm = 49.9694, GNorm = 0.6014, lr_0 = 6.5899e-04
Validation auc = 0.798355
Epoch 19
Loss = 4.3197e-01, PNorm = 50.0770, GNorm = 1.1666, lr_0 = 6.5129e-04
Loss = 4.9323e-01, PNorm = 50.1993, GNorm = 1.0924, lr_0 = 6.4369e-04
Validation auc = 0.777947
Epoch 20
Loss = 4.4609e-01, PNorm = 50.3240, GNorm = 0.6491, lr_0 = 6.3617e-04
Loss = 4.7423e-01, PNorm = 50.4419, GNorm = 1.2068, lr_0 = 6.2874e-04
Validation auc = 0.784648
Epoch 21
Loss = 4.4047e-01, PNorm = 50.5568, GNorm = 0.9652, lr_0 = 6.2139e-04
Loss = 4.4271e-01, PNorm = 50.6599, GNorm = 0.7154, lr_0 = 6.1414e-04
Validation auc = 0.810844
Epoch 22
Loss = 4.3952e-01, PNorm = 50.7621, GNorm = 0.9501, lr_0 = 6.0696e-04
Loss = 4.5224e-01, PNorm = 50.8851, GNorm = 0.6864, lr_0 = 5.9988e-04
Validation auc = 0.795309
Epoch 23
Loss = 4.2022e-01, PNorm = 50.9989, GNorm = 0.6579, lr_0 = 5.9217e-04
Loss = 4.4599e-01, PNorm = 51.1243, GNorm = 0.8696, lr_0 = 5.8526e-04
Validation auc = 0.782821
Epoch 24
Loss = 3.7939e-01, PNorm = 51.2451, GNorm = 0.7310, lr_0 = 5.7842e-04
Loss = 4.1442e-01, PNorm = 51.3526, GNorm = 1.0852, lr_0 = 5.7167e-04
Loss = 4.5903e-01, PNorm = 51.4533, GNorm = 0.6434, lr_0 = 5.6499e-04
Validation auc = 0.779470
Epoch 25
Loss = 4.4298e-01, PNorm = 51.5642, GNorm = 0.5444, lr_0 = 5.5839e-04
Loss = 4.2619e-01, PNorm = 51.6696, GNorm = 0.5579, lr_0 = 5.5187e-04
Validation auc = 0.762717
Epoch 26
Loss = 4.1737e-01, PNorm = 51.7824, GNorm = 0.8362, lr_0 = 5.4542e-04
Loss = 4.1583e-01, PNorm = 51.9050, GNorm = 0.8351, lr_0 = 5.3905e-04
Validation auc = 0.785257
Epoch 27
Loss = 4.1490e-01, PNorm = 52.0201, GNorm = 1.1209, lr_0 = 5.3276e-04
Loss = 4.1684e-01, PNorm = 52.1356, GNorm = 0.5658, lr_0 = 5.2654e-04
Validation auc = 0.791959
Epoch 28
Loss = 3.7882e-01, PNorm = 52.2535, GNorm = 0.7866, lr_0 = 5.1978e-04
Loss = 4.2811e-01, PNorm = 52.3604, GNorm = 1.0508, lr_0 = 5.1371e-04
Validation auc = 0.812976
Epoch 29
Loss = 4.0439e-01, PNorm = 52.4641, GNorm = 0.6462, lr_0 = 5.0771e-04
Loss = 4.1108e-01, PNorm = 52.5815, GNorm = 0.6867, lr_0 = 5.0178e-04
Validation auc = 0.795005
Epoch 30
Loss = 3.7737e-01, PNorm = 52.7021, GNorm = 1.3767, lr_0 = 4.9592e-04
Loss = 4.2661e-01, PNorm = 52.7879, GNorm = 1.3667, lr_0 = 4.9012e-04
Validation auc = 0.805361
Epoch 31
Loss = 3.7993e-01, PNorm = 52.8885, GNorm = 0.6124, lr_0 = 4.8440e-04
Loss = 3.9020e-01, PNorm = 52.9973, GNorm = 1.1658, lr_0 = 4.7874e-04
Validation auc = 0.812367
Epoch 32
Loss = 3.7150e-01, PNorm = 53.1038, GNorm = 1.0503, lr_0 = 4.7315e-04
Loss = 3.8514e-01, PNorm = 53.2070, GNorm = 1.7485, lr_0 = 4.6763e-04
Validation auc = 0.801401
Epoch 33
Loss = 3.7501e-01, PNorm = 53.2832, GNorm = 0.6728, lr_0 = 4.6216e-04
Loss = 3.9351e-01, PNorm = 53.3842, GNorm = 0.7460, lr_0 = 4.5677e-04
Validation auc = 0.809321
Epoch 34
Loss = 3.6789e-01, PNorm = 53.5026, GNorm = 0.7891, lr_0 = 4.5090e-04
Loss = 3.3379e-01, PNorm = 53.5952, GNorm = 0.7416, lr_0 = 4.4564e-04
Validation auc = 0.798051
Epoch 35
Loss = 3.1837e-01, PNorm = 53.6904, GNorm = 0.6501, lr_0 = 4.4043e-04
Loss = 3.5961e-01, PNorm = 53.7854, GNorm = 1.0135, lr_0 = 4.3529e-04
Validation auc = 0.817545
Epoch 36
Loss = 5.0974e-01, PNorm = 53.8705, GNorm = 1.1927, lr_0 = 4.3020e-04
Loss = 3.6573e-01, PNorm = 53.9618, GNorm = 1.2834, lr_0 = 4.2518e-04
Loss = 3.3567e-01, PNorm = 54.0546, GNorm = 1.1754, lr_0 = 4.2021e-04
Validation auc = 0.803533
Epoch 37
Loss = 3.5936e-01, PNorm = 54.1386, GNorm = 0.8330, lr_0 = 4.1531e-04
Loss = 3.3899e-01, PNorm = 54.2131, GNorm = 0.8341, lr_0 = 4.1045e-04
Validation auc = 0.798051
Epoch 38
Loss = 3.6955e-01, PNorm = 54.3010, GNorm = 0.8333, lr_0 = 4.0566e-04
Loss = 3.3273e-01, PNorm = 54.3843, GNorm = 0.9009, lr_0 = 4.0092e-04
Validation auc = 0.786171
Epoch 39
Loss = 3.4704e-01, PNorm = 54.4693, GNorm = 0.8626, lr_0 = 3.9578e-04
Loss = 3.0006e-01, PNorm = 54.5544, GNorm = 0.8189, lr_0 = 3.9115e-04
Validation auc = 0.809625
Epoch 40
Loss = 3.1165e-01, PNorm = 54.6362, GNorm = 0.6681, lr_0 = 3.8658e-04
Loss = 3.3517e-01, PNorm = 54.7173, GNorm = 0.7412, lr_0 = 3.8207e-04
Validation auc = 0.815108
Epoch 41
Loss = 2.8163e-01, PNorm = 54.7987, GNorm = 0.6773, lr_0 = 3.7761e-04
Loss = 3.4532e-01, PNorm = 54.8800, GNorm = 0.7445, lr_0 = 3.7320e-04
Validation auc = 0.787085
Epoch 42
Loss = 3.1094e-01, PNorm = 54.9589, GNorm = 1.1042, lr_0 = 3.6884e-04
Loss = 3.0910e-01, PNorm = 55.0447, GNorm = 0.5884, lr_0 = 3.6453e-04
Validation auc = 0.823942
Epoch 43
Loss = 3.1882e-01, PNorm = 55.1266, GNorm = 1.2858, lr_0 = 3.6027e-04
Loss = 3.1770e-01, PNorm = 55.2119, GNorm = 1.3931, lr_0 = 3.5607e-04
Validation auc = 0.765458
Epoch 44
Loss = 3.5467e-01, PNorm = 55.2871, GNorm = 0.9114, lr_0 = 3.5191e-04
Loss = 2.8462e-01, PNorm = 55.3589, GNorm = 1.1413, lr_0 = 3.4780e-04
Validation auc = 0.795918
Epoch 45
Loss = 3.2164e-01, PNorm = 55.4464, GNorm = 0.8705, lr_0 = 3.4333e-04
Loss = 2.9564e-01, PNorm = 55.5163, GNorm = 1.2179, lr_0 = 3.3932e-04
Validation auc = 0.825769
Epoch 46
Loss = 3.6627e-01, PNorm = 55.5877, GNorm = 1.2179, lr_0 = 3.3536e-04
Loss = 2.9630e-01, PNorm = 55.6533, GNorm = 0.7728, lr_0 = 3.3144e-04
Validation auc = 0.798051
Epoch 47
Loss = 2.9166e-01, PNorm = 55.7181, GNorm = 0.7434, lr_0 = 3.2757e-04
Loss = 2.7301e-01, PNorm = 55.7910, GNorm = 0.7462, lr_0 = 3.2375e-04
Validation auc = 0.804752
Epoch 48
Loss = 1.8730e-01, PNorm = 55.8590, GNorm = 0.6228, lr_0 = 3.1996e-04
Loss = 2.9599e-01, PNorm = 55.9291, GNorm = 1.6014, lr_0 = 3.1623e-04
Loss = 2.7170e-01, PNorm = 55.9916, GNorm = 1.0400, lr_0 = 3.1253e-04
Validation auc = 0.817850
Epoch 49
Loss = 2.7032e-01, PNorm = 56.0554, GNorm = 0.9421, lr_0 = 3.0888e-04
Loss = 2.6972e-01, PNorm = 56.1177, GNorm = 0.6512, lr_0 = 3.0528e-04
Validation auc = 0.807798
Epoch 50
Loss = 2.5100e-01, PNorm = 56.1851, GNorm = 1.0389, lr_0 = 3.0171e-04
Loss = 3.0048e-01, PNorm = 56.2472, GNorm = 0.8459, lr_0 = 2.9819e-04
Validation auc = 0.813890
Epoch 51
Loss = 2.7450e-01, PNorm = 56.3112, GNorm = 1.5355, lr_0 = 2.9436e-04
Loss = 2.6813e-01, PNorm = 56.3680, GNorm = 0.8133, lr_0 = 2.9092e-04
Validation auc = 0.800487
Epoch 52
Loss = 2.3900e-01, PNorm = 56.4246, GNorm = 1.1178, lr_0 = 2.8752e-04
Loss = 2.7154e-01, PNorm = 56.4912, GNorm = 0.8975, lr_0 = 2.8417e-04
Validation auc = 0.796223
Epoch 53
Loss = 2.6095e-01, PNorm = 56.5450, GNorm = 0.7411, lr_0 = 2.8085e-04
Loss = 2.3956e-01, PNorm = 56.5986, GNorm = 0.7270, lr_0 = 2.7757e-04
Validation auc = 0.809625
Epoch 54
Loss = 2.5919e-01, PNorm = 56.6550, GNorm = 0.8727, lr_0 = 2.7432e-04
Loss = 2.6215e-01, PNorm = 56.7085, GNorm = 0.8493, lr_0 = 2.7112e-04
Validation auc = 0.799574
Epoch 55
Loss = 2.5251e-01, PNorm = 56.7609, GNorm = 1.8625, lr_0 = 2.6795e-04
Loss = 2.4300e-01, PNorm = 56.8069, GNorm = 0.9769, lr_0 = 2.6483e-04
Validation auc = 0.808712
Epoch 56
Loss = 2.3451e-01, PNorm = 56.8690, GNorm = 0.8111, lr_0 = 2.6142e-04
Loss = 2.2618e-01, PNorm = 56.9204, GNorm = 1.0095, lr_0 = 2.5837e-04
Validation auc = 0.810539
Epoch 57
Loss = 2.2609e-01, PNorm = 56.9715, GNorm = 0.8355, lr_0 = 2.5535e-04
Loss = 2.1708e-01, PNorm = 57.0215, GNorm = 0.8151, lr_0 = 2.5237e-04
Validation auc = 0.809321
Epoch 58
Loss = 2.1676e-01, PNorm = 57.0660, GNorm = 0.8102, lr_0 = 2.4942e-04
Loss = 2.3818e-01, PNorm = 57.1108, GNorm = 0.8523, lr_0 = 2.4651e-04
Validation auc = 0.798355
Epoch 59
Loss = 2.1921e-01, PNorm = 57.1620, GNorm = 0.7582, lr_0 = 2.4363e-04
Loss = 2.5728e-01, PNorm = 57.2103, GNorm = 0.7583, lr_0 = 2.4079e-04
Validation auc = 0.815717
Epoch 60
Loss = 1.9943e-01, PNorm = 57.2596, GNorm = 1.0270, lr_0 = 2.3797e-04
Loss = 2.0641e-01, PNorm = 57.3068, GNorm = 0.8630, lr_0 = 2.3520e-04
Loss = 2.4482e-01, PNorm = 57.3458, GNorm = 1.1959, lr_0 = 2.3245e-04
Validation auc = 0.803533
Epoch 61
Loss = 2.1379e-01, PNorm = 57.3870, GNorm = 0.8520, lr_0 = 2.2973e-04
Loss = 2.1807e-01, PNorm = 57.4297, GNorm = 1.7780, lr_0 = 2.2705e-04
Loss = 2.6899e-01, PNorm = 57.4349, GNorm = 1.6759, lr_0 = 2.2678e-04
Validation auc = 0.807493
Epoch 62
Loss = 1.9758e-01, PNorm = 57.4722, GNorm = 0.6208, lr_0 = 2.2414e-04
Loss = 2.5724e-01, PNorm = 57.5168, GNorm = 0.9839, lr_0 = 2.2152e-04
Validation auc = 0.809930
Epoch 63
Loss = 2.4005e-01, PNorm = 57.5608, GNorm = 2.1272, lr_0 = 2.1893e-04
Loss = 2.1026e-01, PNorm = 57.5994, GNorm = 0.6608, lr_0 = 2.1637e-04
Validation auc = 0.812367
Epoch 64
Loss = 2.1515e-01, PNorm = 57.6441, GNorm = 0.9651, lr_0 = 2.1385e-04
Loss = 2.1409e-01, PNorm = 57.6858, GNorm = 1.1944, lr_0 = 2.1135e-04
Validation auc = 0.795614
Epoch 65
Loss = 2.2466e-01, PNorm = 57.7202, GNorm = 0.8127, lr_0 = 2.0888e-04
Loss = 1.7966e-01, PNorm = 57.7580, GNorm = 1.2042, lr_0 = 2.0644e-04
Validation auc = 0.799878
Epoch 66
Loss = 1.8384e-01, PNorm = 57.7987, GNorm = 0.8137, lr_0 = 2.0403e-04
Loss = 2.0276e-01, PNorm = 57.8344, GNorm = 1.0464, lr_0 = 2.0165e-04
Validation auc = 0.807798
Epoch 67
Loss = 1.9913e-01, PNorm = 57.8719, GNorm = 0.9656, lr_0 = 1.9906e-04
Loss = 1.7635e-01, PNorm = 57.9075, GNorm = 0.8372, lr_0 = 1.9673e-04
Validation auc = 0.798051
Epoch 68
Loss = 1.8388e-01, PNorm = 57.9409, GNorm = 1.0127, lr_0 = 1.9444e-04
Loss = 2.0806e-01, PNorm = 57.9748, GNorm = 1.3188, lr_0 = 1.9216e-04
Validation auc = 0.795918
Epoch 69
Loss = 1.9476e-01, PNorm = 58.0124, GNorm = 0.8547, lr_0 = 1.8992e-04
Loss = 1.7115e-01, PNorm = 58.0472, GNorm = 1.2426, lr_0 = 1.8770e-04
Validation auc = 0.784648
Epoch 70
Loss = 1.6711e-01, PNorm = 58.0787, GNorm = 1.2725, lr_0 = 1.8551e-04
Loss = 1.7585e-01, PNorm = 58.1109, GNorm = 1.0676, lr_0 = 1.8334e-04
Validation auc = 0.799878
Epoch 71
Loss = 1.8351e-01, PNorm = 58.1411, GNorm = 1.0166, lr_0 = 1.8120e-04
Loss = 1.8970e-01, PNorm = 58.1756, GNorm = 0.9982, lr_0 = 1.7909e-04
Validation auc = 0.794395
Epoch 72
Loss = 1.6913e-01, PNorm = 58.2085, GNorm = 0.7749, lr_0 = 1.7699e-04
Loss = 1.8398e-01, PNorm = 58.2388, GNorm = 0.9371, lr_0 = 1.7493e-04
Validation auc = 0.795309
Epoch 73
Loss = 1.0873e-01, PNorm = 58.2730, GNorm = 0.4516, lr_0 = 1.7268e-04
Loss = 1.6606e-01, PNorm = 58.3059, GNorm = 1.3646, lr_0 = 1.7066e-04
Loss = 2.0886e-01, PNorm = 58.3338, GNorm = 1.5478, lr_0 = 1.6867e-04
Validation auc = 0.779470
Epoch 74
Loss = 1.6282e-01, PNorm = 58.3607, GNorm = 1.6423, lr_0 = 1.6670e-04
Loss = 2.0345e-01, PNorm = 58.3914, GNorm = 0.7948, lr_0 = 1.6475e-04
Validation auc = 0.805056
Epoch 75
Loss = 1.7814e-01, PNorm = 58.4218, GNorm = 0.6953, lr_0 = 1.6283e-04
Loss = 1.7206e-01, PNorm = 58.4501, GNorm = 0.7711, lr_0 = 1.6093e-04
Validation auc = 0.801706
Epoch 76
Loss = 1.7582e-01, PNorm = 58.4791, GNorm = 1.2407, lr_0 = 1.5905e-04
Loss = 1.8865e-01, PNorm = 58.4997, GNorm = 1.2538, lr_0 = 1.5719e-04
Validation auc = 0.795005
Epoch 77
Loss = 1.7456e-01, PNorm = 58.5260, GNorm = 1.7773, lr_0 = 1.5536e-04
Loss = 1.6861e-01, PNorm = 58.5513, GNorm = 1.2531, lr_0 = 1.5354e-04
Validation auc = 0.791045
Epoch 78
Loss = 1.5694e-01, PNorm = 58.5776, GNorm = 0.9133, lr_0 = 1.5157e-04
Loss = 2.0577e-01, PNorm = 58.6003, GNorm = 0.9782, lr_0 = 1.4980e-04
Validation auc = 0.795005
Epoch 79
Loss = 1.4816e-01, PNorm = 58.6218, GNorm = 0.9212, lr_0 = 1.4805e-04
Loss = 1.7788e-01, PNorm = 58.6483, GNorm = 1.0347, lr_0 = 1.4632e-04
Validation auc = 0.808712
Epoch 80
Loss = 1.6278e-01, PNorm = 58.6723, GNorm = 0.9189, lr_0 = 1.4461e-04
Loss = 1.7743e-01, PNorm = 58.6989, GNorm = 2.4371, lr_0 = 1.4292e-04
Validation auc = 0.798964
Epoch 81
Loss = 1.8050e-01, PNorm = 58.7200, GNorm = 0.9808, lr_0 = 1.4125e-04
Loss = 1.6115e-01, PNorm = 58.7430, GNorm = 0.6113, lr_0 = 1.3960e-04
Validation auc = 0.793482
Epoch 82
Loss = 1.4000e-01, PNorm = 58.7648, GNorm = 0.8506, lr_0 = 1.3797e-04
Loss = 1.9717e-01, PNorm = 58.7867, GNorm = 1.0066, lr_0 = 1.3636e-04
Validation auc = 0.807189
Epoch 83
Loss = 2.4060e-01, PNorm = 58.8108, GNorm = 1.7451, lr_0 = 1.3477e-04
Loss = 1.4665e-01, PNorm = 58.8314, GNorm = 1.1921, lr_0 = 1.3320e-04
Validation auc = 0.797137
Epoch 84
Loss = 1.4094e-01, PNorm = 58.8514, GNorm = 1.0518, lr_0 = 1.3149e-04
Loss = 1.4889e-01, PNorm = 58.8693, GNorm = 1.0451, lr_0 = 1.2995e-04
Validation auc = 0.793482
Epoch 85
Loss = 1.4013e-01, PNorm = 58.8899, GNorm = 1.2040, lr_0 = 1.2843e-04
Loss = 1.3918e-01, PNorm = 58.9065, GNorm = 0.9252, lr_0 = 1.2693e-04
Loss = 1.6887e-01, PNorm = 58.9246, GNorm = 1.1635, lr_0 = 1.2545e-04
Validation auc = 0.796528
Epoch 86
Loss = 1.4353e-01, PNorm = 58.9428, GNorm = 0.9279, lr_0 = 1.2398e-04
Loss = 1.6404e-01, PNorm = 58.9617, GNorm = 0.6203, lr_0 = 1.2254e-04
Validation auc = 0.801097
Epoch 87
Loss = 1.8644e-01, PNorm = 58.9828, GNorm = 1.6072, lr_0 = 1.2111e-04
Loss = 1.3593e-01, PNorm = 59.0029, GNorm = 0.9901, lr_0 = 1.1969e-04
Validation auc = 0.799878
Epoch 88
Loss = 1.5744e-01, PNorm = 59.0191, GNorm = 1.0176, lr_0 = 1.1829e-04
Loss = 1.5744e-01, PNorm = 59.0364, GNorm = 1.0027, lr_0 = 1.1691e-04
Validation auc = 0.794395
Epoch 89
Loss = 1.5680e-01, PNorm = 59.0552, GNorm = 1.0832, lr_0 = 1.1541e-04
Loss = 1.6613e-01, PNorm = 59.0730, GNorm = 1.4481, lr_0 = 1.1406e-04
Validation auc = 0.802010
Epoch 90
Loss = 1.3338e-01, PNorm = 59.0888, GNorm = 0.6783, lr_0 = 1.1273e-04
Loss = 1.3844e-01, PNorm = 59.1064, GNorm = 0.9543, lr_0 = 1.1141e-04
Validation auc = 0.784648
Epoch 91
Loss = 1.6395e-01, PNorm = 59.1239, GNorm = 0.7373, lr_0 = 1.1011e-04
Loss = 1.5083e-01, PNorm = 59.1382, GNorm = 1.3837, lr_0 = 1.0883e-04
Validation auc = 0.791349
Epoch 92
Loss = 1.7003e-01, PNorm = 59.1562, GNorm = 0.9090, lr_0 = 1.0756e-04
Loss = 1.4291e-01, PNorm = 59.1730, GNorm = 1.5488, lr_0 = 1.0630e-04
Validation auc = 0.786171
Epoch 93
Loss = 1.3137e-01, PNorm = 59.1869, GNorm = 1.3583, lr_0 = 1.0506e-04
Loss = 1.6714e-01, PNorm = 59.2010, GNorm = 1.2248, lr_0 = 1.0383e-04
Validation auc = 0.792568
Epoch 94
Loss = 1.6336e-01, PNorm = 59.2148, GNorm = 1.3833, lr_0 = 1.0262e-04
Loss = 1.3898e-01, PNorm = 59.2301, GNorm = 0.8991, lr_0 = 1.0142e-04
Validation auc = 0.783734
Epoch 95
Loss = 1.1979e-01, PNorm = 59.2441, GNorm = 0.5326, lr_0 = 1.0012e-04
Loss = 1.2604e-01, PNorm = 59.2580, GNorm = 1.2596, lr_0 = 1.0000e-04
Validation auc = 0.785867
Epoch 96
Loss = 1.0705e-01, PNorm = 59.2736, GNorm = 0.8291, lr_0 = 1.0000e-04
Loss = 1.3887e-01, PNorm = 59.2908, GNorm = 1.0376, lr_0 = 1.0000e-04
Validation auc = 0.787694
Epoch 97
Loss = 9.3720e-02, PNorm = 59.3043, GNorm = 1.0031, lr_0 = 1.0000e-04
Loss = 1.6379e-01, PNorm = 59.3184, GNorm = 1.2343, lr_0 = 1.0000e-04
Loss = 1.4609e-01, PNorm = 59.3319, GNorm = 1.5105, lr_0 = 1.0000e-04
Validation auc = 0.787390
Epoch 98
Loss = 1.4033e-01, PNorm = 59.3475, GNorm = 0.6306, lr_0 = 1.0000e-04
Loss = 1.4944e-01, PNorm = 59.3577, GNorm = 1.5168, lr_0 = 1.0000e-04
Validation auc = 0.785867
Epoch 99
Loss = 1.3817e-01, PNorm = 59.3729, GNorm = 2.2596, lr_0 = 1.0000e-04
Loss = 1.4179e-01, PNorm = 59.3839, GNorm = 0.8808, lr_0 = 1.0000e-04
Validation auc = 0.793177
Model 0 best validation auc = 0.825769 on epoch 45
Loading pretrained parameter "encoder.encoder.0.cached_zero_vector".
Loading pretrained parameter "encoder.encoder.0.W_i.weight".
Loading pretrained parameter "encoder.encoder.0.W_h.weight".
Loading pretrained parameter "encoder.encoder.0.W_o.weight".
Loading pretrained parameter "encoder.encoder.0.W_o.bias".
Loading pretrained parameter "ffn.1.weight".
Loading pretrained parameter "ffn.1.bias".
Loading pretrained parameter "ffn.4.weight".
Loading pretrained parameter "ffn.4.bias".
Moving model to cuda
Model 0 test auc = 0.791139
Ensemble test auc = 0.791139
1-fold cross validation
	Seed 0 ==> test auc = 0.791139
Overall test auc = 0.791139 +/- 0.000000
Elapsed time = 0:02:19
