Command line
python /home/jxy/anaconda3/envs/chemprop_1119/bin/chemprop_train --data_path data/train_random_nocanonical.csv --dataset_type classification --save_dir checkpoints_3 --config_path hyperoptfile --epochs 100 --separate_test_path data/test_random_nocanonical.csv
Args
{'activation': 'ReLU',
 'aggregation': 'mean',
 'aggregation_norm': 100,
 'alternative_loss_function': None,
 'atom_descriptor_scaling': True,
 'atom_descriptors': None,
 'atom_descriptors_path': None,
 'atom_descriptors_size': 0,
 'atom_features_size': 0,
 'atom_messages': False,
 'batch_size': 50,
 'bias': False,
 'bond_feature_scaling': True,
 'bond_features_path': None,
 'bond_features_size': 0,
 'cache_cutoff': 10000,
 'checkpoint_dir': None,
 'checkpoint_frzn': None,
 'checkpoint_path': None,
 'checkpoint_paths': None,
 'class_balance': False,
 'config_path': 'hyperoptfile',
 'crossval_index_dir': None,
 'crossval_index_file': None,
 'crossval_index_sets': None,
 'cuda': True,
 'data_path': 'data/train_random_nocanonical.csv',
 'data_weights_path': None,
 'dataset_type': 'classification',
 'depth': 3,
 'device': device(type='cuda'),
 'dropout': 0.35,
 'empty_cache': False,
 'ensemble_size': 1,
 'epochs': 100,
 'explicit_h': False,
 'extra_metrics': [],
 'features_generator': None,
 'features_only': False,
 'features_path': None,
 'features_scaling': True,
 'features_size': None,
 'ffn_hidden_size': 600,
 'ffn_num_layers': 2,
 'final_lr': 0.0001,
 'folds_file': None,
 'freeze_first_only': False,
 'frzn_ffn_layers': 0,
 'gpu': None,
 'grad_clip': None,
 'hidden_size': 600,
 'ignore_columns': None,
 'init_lr': 0.0001,
 'log_frequency': 10,
 'max_data_size': None,
 'max_lr': 0.001,
 'metric': 'auc',
 'metrics': ['auc'],
 'minimize_score': False,
 'mpn_shared': False,
 'multiclass_num_classes': 3,
 'no_atom_descriptor_scaling': False,
 'no_bond_features_scaling': False,
 'no_cache_mol': False,
 'no_cuda': False,
 'no_features_scaling': False,
 'num_folds': 1,
 'num_lrs': 1,
 'num_tasks': 1,
 'num_workers': 8,
 'number_of_molecules': 1,
 'overwrite_default_atom_features': False,
 'overwrite_default_bond_features': False,
 'phase_features_path': None,
 'pytorch_seed': 0,
 'quiet': False,
 'reaction': False,
 'reaction_mode': 'reac_diff',
 'resume_experiment': False,
 'save_dir': 'checkpoints_3',
 'save_preds': False,
 'save_smiles_splits': False,
 'seed': 0,
 'separate_test_atom_descriptors_path': None,
 'separate_test_bond_features_path': None,
 'separate_test_features_path': None,
 'separate_test_path': 'data/test_random_nocanonical.csv',
 'separate_test_phase_features_path': None,
 'separate_val_atom_descriptors_path': None,
 'separate_val_bond_features_path': None,
 'separate_val_features_path': None,
 'separate_val_path': None,
 'separate_val_phase_features_path': None,
 'show_individual_scores': False,
 'smiles_columns': ['Smile'],
 'spectra_activation': 'exp',
 'spectra_phase_mask_path': None,
 'spectra_target_floor': 1e-08,
 'split_sizes': (0.8, 0.1, 0.1),
 'split_type': 'random',
 'target_columns': None,
 'target_weights': None,
 'task_names': ['Label'],
 'test': False,
 'test_fold_index': None,
 'train_data_size': None,
 'undirected': False,
 'use_input_features': False,
 'val_fold_index': None,
 'warmup_epochs': 2.0}
Setting molecule featurization parameters to default.
Loading data
Number of tasks = 1
Fold 0
Splitting data with seed 0
Class sizes
Label 0: 46.33%, 1: 53.67%
Total size = 1,157 | train size = 925 | val size = 232 | test size = 290
Building model 0
MoleculeModel(
  (sigmoid): Sigmoid()
  (encoder): MPN(
    (encoder): ModuleList(
      (0): MPNEncoder(
        (dropout_layer): Dropout(p=0.35, inplace=False)
        (act_func): ReLU()
        (W_i): Linear(in_features=147, out_features=600, bias=False)
        (W_h): Linear(in_features=600, out_features=600, bias=False)
        (W_o): Linear(in_features=733, out_features=600, bias=True)
      )
    )
  )
  (ffn): Sequential(
    (0): Dropout(p=0.35, inplace=False)
    (1): Linear(in_features=600, out_features=600, bias=True)
    (2): ReLU()
    (3): Dropout(p=0.35, inplace=False)
    (4): Linear(in_features=600, out_features=1, bias=True)
  )
)
Number of parameters = 1,250,401
Moving model to cuda
Epoch 0
Loss = 7.0918e-01, PNorm = 45.8242, GNorm = 0.8338, lr_0 = 3.7500e-04
Validation auc = 0.627329
Epoch 1
Loss = 7.0959e-01, PNorm = 45.8455, GNorm = 0.9695, lr_0 = 6.5000e-04
Loss = 7.2084e-01, PNorm = 45.8783, GNorm = 1.3356, lr_0 = 9.0000e-04
Validation auc = 0.637094
Epoch 2
Loss = 6.9191e-01, PNorm = 45.9272, GNorm = 0.6091, lr_0 = 9.9220e-04
Loss = 7.1091e-01, PNorm = 45.9761, GNorm = 0.3361, lr_0 = 9.7933e-04
Validation auc = 0.640024
Epoch 3
Loss = 6.8066e-01, PNorm = 46.0227, GNorm = 0.2752, lr_0 = 9.6537e-04
Loss = 6.8836e-01, PNorm = 46.0612, GNorm = 0.7753, lr_0 = 9.5285e-04
Validation auc = 0.647536
Epoch 4
Loss = 6.8257e-01, PNorm = 46.0876, GNorm = 0.2921, lr_0 = 9.4049e-04
Loss = 6.8594e-01, PNorm = 46.1197, GNorm = 0.3953, lr_0 = 9.2830e-04
Validation auc = 0.657752
Epoch 5
Loss = 6.8822e-01, PNorm = 46.1448, GNorm = 0.2695, lr_0 = 9.1506e-04
Loss = 6.6913e-01, PNorm = 46.1730, GNorm = 0.4538, lr_0 = 9.0320e-04
Validation auc = 0.666842
Epoch 6
Loss = 6.7683e-01, PNorm = 46.2014, GNorm = 0.3973, lr_0 = 8.9148e-04
Validation auc = 0.667067
Epoch 7
Loss = 6.5412e-01, PNorm = 46.2387, GNorm = 0.2623, lr_0 = 8.7877e-04
Loss = 6.6612e-01, PNorm = 46.2848, GNorm = 0.7842, lr_0 = 8.6738e-04
Validation auc = 0.680213
Epoch 8
Loss = 6.6802e-01, PNorm = 46.3238, GNorm = 0.3477, lr_0 = 8.5613e-04
Loss = 6.7093e-01, PNorm = 46.3716, GNorm = 0.8247, lr_0 = 8.4503e-04
Validation auc = 0.685021
Epoch 9
Loss = 6.7354e-01, PNorm = 46.4198, GNorm = 0.2331, lr_0 = 8.3298e-04
Loss = 6.5299e-01, PNorm = 46.4676, GNorm = 0.2814, lr_0 = 8.2218e-04
Validation auc = 0.681566
Epoch 10
Loss = 6.7387e-01, PNorm = 46.5089, GNorm = 0.5171, lr_0 = 8.1152e-04
Loss = 6.5065e-01, PNorm = 46.5559, GNorm = 0.2731, lr_0 = 8.0099e-04
Validation auc = 0.693359
Epoch 11
Loss = 6.6181e-01, PNorm = 46.6187, GNorm = 0.7627, lr_0 = 7.8957e-04
Loss = 6.5989e-01, PNorm = 46.6654, GNorm = 0.2254, lr_0 = 7.7933e-04
Validation auc = 0.673377
Epoch 12
Loss = 6.3766e-01, PNorm = 46.7346, GNorm = 0.3150, lr_0 = 7.6923e-04
Loss = 6.6012e-01, PNorm = 46.7924, GNorm = 0.5579, lr_0 = 7.5925e-04
Loss = 7.6693e-01, PNorm = 46.7966, GNorm = 0.5519, lr_0 = 7.5826e-04
Validation auc = 0.699519
Epoch 13
Loss = 6.3742e-01, PNorm = 46.8472, GNorm = 0.5464, lr_0 = 7.4843e-04
Validation auc = 0.696590
Epoch 14
Loss = 5.8516e-01, PNorm = 46.9033, GNorm = 0.3118, lr_0 = 7.3872e-04
Loss = 6.4093e-01, PNorm = 46.9578, GNorm = 0.3524, lr_0 = 7.2914e-04
Validation auc = 0.690880
Epoch 15
Loss = 6.2019e-01, PNorm = 47.0263, GNorm = 0.4317, lr_0 = 7.1875e-04
Loss = 6.4031e-01, PNorm = 47.0940, GNorm = 0.7953, lr_0 = 7.0943e-04
Validation auc = 0.700721
Epoch 16
Loss = 5.7688e-01, PNorm = 47.1585, GNorm = 0.5568, lr_0 = 7.0023e-04
Loss = 6.5479e-01, PNorm = 47.2273, GNorm = 0.6338, lr_0 = 6.9114e-04
Validation auc = 0.677734
Epoch 17
Loss = 6.3047e-01, PNorm = 47.2861, GNorm = 0.3124, lr_0 = 6.8129e-04
Loss = 6.3183e-01, PNorm = 47.3490, GNorm = 0.3636, lr_0 = 6.7246e-04
Validation auc = 0.702524
Epoch 18
Loss = 6.2255e-01, PNorm = 47.4170, GNorm = 0.7059, lr_0 = 6.6374e-04
Loss = 6.4306e-01, PNorm = 47.4707, GNorm = 0.5447, lr_0 = 6.5513e-04
Validation auc = 0.687425
Epoch 19
Loss = 6.3200e-01, PNorm = 47.5275, GNorm = 0.3526, lr_0 = 6.4579e-04
Loss = 6.1584e-01, PNorm = 47.5893, GNorm = 0.6212, lr_0 = 6.3741e-04
Validation auc = 0.703425
Epoch 20
Loss = 6.0097e-01, PNorm = 47.6493, GNorm = 0.4251, lr_0 = 6.2915e-04
Validation auc = 0.665790
Epoch 21
Loss = 5.8178e-01, PNorm = 47.7186, GNorm = 0.4127, lr_0 = 6.2018e-04
Loss = 6.0747e-01, PNorm = 47.7807, GNorm = 0.4020, lr_0 = 6.1214e-04
Validation auc = 0.696890
Epoch 22
Loss = 6.6311e-01, PNorm = 47.8496, GNorm = 1.5912, lr_0 = 6.0420e-04
Loss = 5.9178e-01, PNorm = 47.9179, GNorm = 0.7981, lr_0 = 5.9636e-04
Validation auc = 0.675631
Epoch 23
Loss = 5.6047e-01, PNorm = 48.0023, GNorm = 0.5330, lr_0 = 5.8786e-04
Loss = 6.0675e-01, PNorm = 48.0751, GNorm = 0.8809, lr_0 = 5.8024e-04
Validation auc = 0.701097
Epoch 24
Loss = 5.8353e-01, PNorm = 48.1360, GNorm = 0.7158, lr_0 = 5.7271e-04
Loss = 5.7173e-01, PNorm = 48.2052, GNorm = 0.6439, lr_0 = 5.6529e-04
Validation auc = 0.698993
Epoch 25
Loss = 5.6660e-01, PNorm = 48.2797, GNorm = 1.0041, lr_0 = 5.5723e-04
Loss = 5.7288e-01, PNorm = 48.3495, GNorm = 0.4938, lr_0 = 5.5000e-04
Validation auc = 0.694712
Epoch 26
Loss = 5.4188e-01, PNorm = 48.4272, GNorm = 0.6487, lr_0 = 5.4287e-04
Validation auc = 0.691031
Epoch 27
Loss = 4.8441e-01, PNorm = 48.4989, GNorm = 0.8813, lr_0 = 5.3513e-04
Loss = 5.4365e-01, PNorm = 48.5734, GNorm = 0.4774, lr_0 = 5.2819e-04
Validation auc = 0.702524
Epoch 28
Loss = 5.0867e-01, PNorm = 48.6458, GNorm = 0.9982, lr_0 = 5.2134e-04
Loss = 5.4878e-01, PNorm = 48.7248, GNorm = 2.1821, lr_0 = 5.1458e-04
Validation auc = 0.685171
Epoch 29
Loss = 5.1069e-01, PNorm = 48.7889, GNorm = 1.4894, lr_0 = 5.0724e-04
Loss = 5.5409e-01, PNorm = 48.8570, GNorm = 0.7296, lr_0 = 5.0066e-04
Validation auc = 0.687876
Epoch 30
Loss = 5.1659e-01, PNorm = 48.9259, GNorm = 1.4772, lr_0 = 4.9417e-04
Loss = 5.1618e-01, PNorm = 48.9935, GNorm = 0.8284, lr_0 = 4.8776e-04
Validation auc = 0.688477
Epoch 31
Loss = 4.9632e-01, PNorm = 49.0605, GNorm = 0.9120, lr_0 = 4.8081e-04
Loss = 5.1767e-01, PNorm = 49.1280, GNorm = 1.1541, lr_0 = 4.7457e-04
Validation auc = 0.710862
Epoch 32
Loss = 5.1019e-01, PNorm = 49.1918, GNorm = 0.7509, lr_0 = 4.6842e-04
Loss = 5.3722e-01, PNorm = 49.2484, GNorm = 0.9152, lr_0 = 4.6234e-04
Loss = 4.0480e-01, PNorm = 49.2543, GNorm = 1.1417, lr_0 = 4.6174e-04
Validation auc = 0.718525
Epoch 33
Loss = 5.0145e-01, PNorm = 49.3118, GNorm = 0.9155, lr_0 = 4.5575e-04
Validation auc = 0.713717
Epoch 34
Loss = 4.4968e-01, PNorm = 49.3726, GNorm = 0.6363, lr_0 = 4.4984e-04
Loss = 4.9064e-01, PNorm = 49.4321, GNorm = 1.2766, lr_0 = 4.4401e-04
Validation auc = 0.691031
Epoch 35
Loss = 4.4392e-01, PNorm = 49.5008, GNorm = 0.7446, lr_0 = 4.3768e-04
Loss = 4.9347e-01, PNorm = 49.5609, GNorm = 1.2474, lr_0 = 4.3200e-04
Validation auc = 0.716046
Epoch 36
Loss = 4.6498e-01, PNorm = 49.6197, GNorm = 1.0179, lr_0 = 4.2640e-04
Loss = 4.5887e-01, PNorm = 49.6782, GNorm = 0.7013, lr_0 = 4.2087e-04
Validation auc = 0.701172
Epoch 37
Loss = 4.5505e-01, PNorm = 49.7375, GNorm = 2.1381, lr_0 = 4.1487e-04
Loss = 4.8416e-01, PNorm = 49.7947, GNorm = 1.0279, lr_0 = 4.0949e-04
Validation auc = 0.704853
Epoch 38
Loss = 4.3636e-01, PNorm = 49.8547, GNorm = 2.4327, lr_0 = 4.0418e-04
Loss = 4.8644e-01, PNorm = 49.9085, GNorm = 1.0519, lr_0 = 3.9894e-04
Validation auc = 0.708984
Epoch 39
Loss = 4.1880e-01, PNorm = 49.9796, GNorm = 0.9291, lr_0 = 3.9325e-04
Loss = 4.9797e-01, PNorm = 50.0304, GNorm = 1.5441, lr_0 = 3.8815e-04
Validation auc = 0.692383
Epoch 40
Loss = 4.5450e-01, PNorm = 50.0798, GNorm = 1.8583, lr_0 = 3.8312e-04
Validation auc = 0.721980
Epoch 41
Loss = 4.6556e-01, PNorm = 50.1415, GNorm = 2.6976, lr_0 = 3.7766e-04
Loss = 4.2883e-01, PNorm = 50.1855, GNorm = 0.8401, lr_0 = 3.7276e-04
Validation auc = 0.718825
Epoch 42
Loss = 4.3661e-01, PNorm = 50.2410, GNorm = 2.0327, lr_0 = 3.6793e-04
Loss = 4.4582e-01, PNorm = 50.2941, GNorm = 1.6687, lr_0 = 3.6315e-04
Validation auc = 0.701247
Epoch 43
Loss = 4.1821e-01, PNorm = 50.3482, GNorm = 3.0125, lr_0 = 3.5798e-04
Loss = 3.8597e-01, PNorm = 50.3997, GNorm = 3.3982, lr_0 = 3.5333e-04
Validation auc = 0.709435
Epoch 44
Loss = 4.2886e-01, PNorm = 50.4460, GNorm = 1.0116, lr_0 = 3.4875e-04
Loss = 3.9760e-01, PNorm = 50.4936, GNorm = 1.4672, lr_0 = 3.4423e-04
Validation auc = 0.714769
Epoch 45
Loss = 3.8415e-01, PNorm = 50.5472, GNorm = 2.0418, lr_0 = 3.3932e-04
Loss = 4.6517e-01, PNorm = 50.5854, GNorm = 4.0112, lr_0 = 3.3492e-04
Validation auc = 0.696289
Epoch 46
Loss = 4.0644e-01, PNorm = 50.6290, GNorm = 1.2580, lr_0 = 3.3058e-04
Validation auc = 0.716346
Epoch 47
Loss = 3.4470e-01, PNorm = 50.6795, GNorm = 1.0272, lr_0 = 3.2587e-04
Loss = 3.8348e-01, PNorm = 50.7270, GNorm = 1.7401, lr_0 = 3.2164e-04
Validation auc = 0.724985
Epoch 48
Loss = 4.2458e-01, PNorm = 50.7679, GNorm = 1.8803, lr_0 = 3.1747e-04
Loss = 3.7576e-01, PNorm = 50.8083, GNorm = 1.4540, lr_0 = 3.1335e-04
Validation auc = 0.716196
Epoch 49
Loss = 3.8203e-01, PNorm = 50.8488, GNorm = 2.1356, lr_0 = 3.0888e-04
Loss = 3.7065e-01, PNorm = 50.8921, GNorm = 1.7072, lr_0 = 3.0488e-04
Validation auc = 0.734525
Epoch 50
Loss = 2.9515e-01, PNorm = 50.9279, GNorm = 2.6190, lr_0 = 3.0092e-04
Loss = 4.1953e-01, PNorm = 50.9608, GNorm = 4.4918, lr_0 = 2.9702e-04
Validation auc = 0.729417
Epoch 51
Loss = 3.6469e-01, PNorm = 51.0020, GNorm = 1.3326, lr_0 = 2.9279e-04
Loss = 3.6980e-01, PNorm = 51.0339, GNorm = 1.6922, lr_0 = 2.8899e-04
Validation auc = 0.709285
Epoch 52
Loss = 3.3791e-01, PNorm = 51.0732, GNorm = 2.3646, lr_0 = 2.8524e-04
Loss = 3.9207e-01, PNorm = 51.1081, GNorm = 1.5838, lr_0 = 2.8154e-04
Loss = 3.6003e-01, PNorm = 51.1109, GNorm = 2.4129, lr_0 = 2.8118e-04
Validation auc = 0.718149
Epoch 53
Loss = 3.5667e-01, PNorm = 51.1410, GNorm = 1.3748, lr_0 = 2.7753e-04
Validation auc = 0.729943
Epoch 54
Loss = 4.0177e-01, PNorm = 51.1775, GNorm = 2.4223, lr_0 = 2.7393e-04
Loss = 3.6059e-01, PNorm = 51.2134, GNorm = 2.3742, lr_0 = 2.7038e-04
Validation auc = 0.709585
Epoch 55
Loss = 3.5260e-01, PNorm = 51.2504, GNorm = 2.0435, lr_0 = 2.6652e-04
Loss = 3.6600e-01, PNorm = 51.2851, GNorm = 2.1137, lr_0 = 2.6307e-04
Validation auc = 0.717548
Epoch 56
Loss = 3.1572e-01, PNorm = 51.3121, GNorm = 1.6892, lr_0 = 2.5966e-04
Loss = 3.0626e-01, PNorm = 51.3453, GNorm = 1.6074, lr_0 = 2.5629e-04
Validation auc = 0.701472
Epoch 57
Loss = 3.3656e-01, PNorm = 51.3783, GNorm = 1.8274, lr_0 = 2.5264e-04
Loss = 3.3160e-01, PNorm = 51.4068, GNorm = 1.8280, lr_0 = 2.4936e-04
Validation auc = 0.715895
Epoch 58
Loss = 2.9732e-01, PNorm = 51.4367, GNorm = 1.7915, lr_0 = 2.4613e-04
Loss = 3.6655e-01, PNorm = 51.4628, GNorm = 1.8733, lr_0 = 2.4293e-04
Validation auc = 0.703576
Epoch 59
Loss = 3.1065e-01, PNorm = 51.4948, GNorm = 1.3689, lr_0 = 2.3947e-04
Loss = 3.4108e-01, PNorm = 51.5227, GNorm = 2.6219, lr_0 = 2.3636e-04
Validation auc = 0.717323
Epoch 60
Loss = 3.4446e-01, PNorm = 51.5495, GNorm = 3.8055, lr_0 = 2.3330e-04
Validation auc = 0.703801
Epoch 61
Loss = 3.1370e-01, PNorm = 51.5805, GNorm = 1.8049, lr_0 = 2.2997e-04
Loss = 3.3176e-01, PNorm = 51.6036, GNorm = 2.0169, lr_0 = 2.2699e-04
Validation auc = 0.709435
Epoch 62
Loss = 2.8465e-01, PNorm = 51.6254, GNorm = 1.8305, lr_0 = 2.2405e-04
Loss = 2.9579e-01, PNorm = 51.6522, GNorm = 1.8948, lr_0 = 2.2114e-04
Validation auc = 0.720365
Epoch 63
Loss = 3.0472e-01, PNorm = 51.6775, GNorm = 2.9545, lr_0 = 2.1799e-04
Loss = 3.1697e-01, PNorm = 51.7035, GNorm = 3.3730, lr_0 = 2.1516e-04
Validation auc = 0.716046
Epoch 64
Loss = 3.0887e-01, PNorm = 51.7251, GNorm = 2.5142, lr_0 = 2.1237e-04
Loss = 2.8511e-01, PNorm = 51.7464, GNorm = 2.3657, lr_0 = 2.0962e-04
Validation auc = 0.717924
Epoch 65
Loss = 3.2558e-01, PNorm = 51.7680, GNorm = 1.4583, lr_0 = 2.0663e-04
Loss = 2.8295e-01, PNorm = 51.7878, GNorm = 2.0428, lr_0 = 2.0395e-04
Validation auc = 0.717022
Epoch 66
Loss = 2.9171e-01, PNorm = 51.8125, GNorm = 1.4253, lr_0 = 2.0131e-04
Validation auc = 0.715370
Epoch 67
Loss = 2.7743e-01, PNorm = 51.8390, GNorm = 1.8686, lr_0 = 1.9844e-04
Loss = 3.0396e-01, PNorm = 51.8601, GNorm = 3.9074, lr_0 = 1.9586e-04
Validation auc = 0.704252
Epoch 68
Loss = 2.8068e-01, PNorm = 51.8791, GNorm = 2.3492, lr_0 = 1.9332e-04
Loss = 3.2809e-01, PNorm = 51.9011, GNorm = 2.7702, lr_0 = 1.9081e-04
Validation auc = 0.723558
Epoch 69
Loss = 2.3248e-01, PNorm = 51.9279, GNorm = 1.6456, lr_0 = 1.8809e-04
Loss = 2.9266e-01, PNorm = 51.9478, GNorm = 2.1765, lr_0 = 1.8566e-04
Validation auc = 0.702900
Epoch 70
Loss = 2.4707e-01, PNorm = 51.9678, GNorm = 1.9927, lr_0 = 1.8325e-04
Loss = 2.9979e-01, PNorm = 51.9876, GNorm = 1.8178, lr_0 = 1.8087e-04
Validation auc = 0.712440
Epoch 71
Loss = 2.8986e-01, PNorm = 52.0095, GNorm = 2.0223, lr_0 = 1.7829e-04
Loss = 2.7963e-01, PNorm = 52.0300, GNorm = 2.0403, lr_0 = 1.7598e-04
Validation auc = 0.723032
Epoch 72
Loss = 2.7950e-01, PNorm = 52.0459, GNorm = 1.0931, lr_0 = 1.7370e-04
Loss = 2.6324e-01, PNorm = 52.0617, GNorm = 1.8850, lr_0 = 1.7145e-04
Loss = 2.4722e-01, PNorm = 52.0635, GNorm = 1.9978, lr_0 = 1.7122e-04
Validation auc = 0.713492
Epoch 73
Loss = 2.4484e-01, PNorm = 52.0808, GNorm = 2.2798, lr_0 = 1.6900e-04
Validation auc = 0.705303
Epoch 74
Loss = 3.4085e-01, PNorm = 52.0969, GNorm = 2.3122, lr_0 = 1.6681e-04
Loss = 2.7624e-01, PNorm = 52.1129, GNorm = 2.8445, lr_0 = 1.6465e-04
Validation auc = 0.714769
Epoch 75
Loss = 2.2126e-01, PNorm = 52.1311, GNorm = 1.4856, lr_0 = 1.6230e-04
Loss = 2.8575e-01, PNorm = 52.1466, GNorm = 1.4741, lr_0 = 1.6019e-04
Validation auc = 0.720478
Epoch 76
Loss = 3.1447e-01, PNorm = 52.1626, GNorm = 2.7736, lr_0 = 1.5812e-04
Loss = 2.5212e-01, PNorm = 52.1794, GNorm = 1.9949, lr_0 = 1.5607e-04
Validation auc = 0.717924
Epoch 77
Loss = 2.5546e-01, PNorm = 52.1973, GNorm = 2.3052, lr_0 = 1.5384e-04
Loss = 2.4374e-01, PNorm = 52.2125, GNorm = 2.7789, lr_0 = 1.5185e-04
Validation auc = 0.715069
Epoch 78
Loss = 2.3133e-01, PNorm = 52.2267, GNorm = 2.7428, lr_0 = 1.4988e-04
Loss = 2.8646e-01, PNorm = 52.2404, GNorm = 2.9184, lr_0 = 1.4793e-04
Validation auc = 0.711689
Epoch 79
Loss = 2.9415e-01, PNorm = 52.2550, GNorm = 2.9298, lr_0 = 1.4583e-04
Loss = 2.5970e-01, PNorm = 52.2689, GNorm = 3.4910, lr_0 = 1.4393e-04
Validation auc = 0.720177
Epoch 80
Loss = 2.4571e-01, PNorm = 52.2845, GNorm = 2.0272, lr_0 = 1.4207e-04
Validation auc = 0.716722
Epoch 81
Loss = 2.2575e-01, PNorm = 52.3006, GNorm = 1.6711, lr_0 = 1.4004e-04
Loss = 2.4240e-01, PNorm = 52.3141, GNorm = 2.3714, lr_0 = 1.3823e-04
Validation auc = 0.716872
Epoch 82
Loss = 2.6999e-01, PNorm = 52.3255, GNorm = 2.4199, lr_0 = 1.3643e-04
Loss = 2.8550e-01, PNorm = 52.3372, GNorm = 2.2911, lr_0 = 1.3466e-04
Validation auc = 0.720628
Epoch 83
Loss = 2.4644e-01, PNorm = 52.3518, GNorm = 3.3789, lr_0 = 1.3274e-04
Loss = 2.4080e-01, PNorm = 52.3650, GNorm = 1.7812, lr_0 = 1.3102e-04
Validation auc = 0.716346
Epoch 84
Loss = 2.2707e-01, PNorm = 52.3786, GNorm = 3.8417, lr_0 = 1.2932e-04
Loss = 2.6825e-01, PNorm = 52.3907, GNorm = 1.8772, lr_0 = 1.2765e-04
Validation auc = 0.711989
Epoch 85
Loss = 2.4383e-01, PNorm = 52.4048, GNorm = 3.3322, lr_0 = 1.2583e-04
Loss = 2.6841e-01, PNorm = 52.4158, GNorm = 4.2719, lr_0 = 1.2420e-04
Validation auc = 0.722731
Epoch 86
Loss = 2.1085e-01, PNorm = 52.4257, GNorm = 2.4107, lr_0 = 1.2258e-04
Validation auc = 0.718525
Epoch 87
Loss = 3.0098e-01, PNorm = 52.4367, GNorm = 2.5747, lr_0 = 1.2084e-04
Loss = 2.4803e-01, PNorm = 52.4457, GNorm = 2.1701, lr_0 = 1.1927e-04
Validation auc = 0.731370
Epoch 88
Loss = 1.9953e-01, PNorm = 52.4570, GNorm = 2.6675, lr_0 = 1.1772e-04
Loss = 2.2988e-01, PNorm = 52.4665, GNorm = 1.3821, lr_0 = 1.1620e-04
Validation auc = 0.705003
Epoch 89
Loss = 2.4593e-01, PNorm = 52.4789, GNorm = 1.9197, lr_0 = 1.1454e-04
Loss = 2.0564e-01, PNorm = 52.4902, GNorm = 1.8726, lr_0 = 1.1305e-04
Validation auc = 0.717999
Epoch 90
Loss = 2.1626e-01, PNorm = 52.5003, GNorm = 1.8019, lr_0 = 1.1159e-04
Loss = 2.3243e-01, PNorm = 52.5104, GNorm = 2.7758, lr_0 = 1.1014e-04
Validation auc = 0.715294
Epoch 91
Loss = 2.1745e-01, PNorm = 52.5194, GNorm = 2.4969, lr_0 = 1.0857e-04
Loss = 2.2066e-01, PNorm = 52.5289, GNorm = 1.7889, lr_0 = 1.0716e-04
Validation auc = 0.726487
Epoch 92
Loss = 2.2393e-01, PNorm = 52.5386, GNorm = 1.8286, lr_0 = 1.0577e-04
Loss = 2.0929e-01, PNorm = 52.5490, GNorm = 1.9947, lr_0 = 1.0440e-04
Loss = 2.7544e-01, PNorm = 52.5500, GNorm = 3.4933, lr_0 = 1.0427e-04
Validation auc = 0.729868
Epoch 93
Loss = 2.3787e-01, PNorm = 52.5586, GNorm = 1.8221, lr_0 = 1.0291e-04
Validation auc = 0.724534
Epoch 94
Loss = 1.4321e-01, PNorm = 52.5679, GNorm = 1.9207, lr_0 = 1.0158e-04
Loss = 1.9197e-01, PNorm = 52.5782, GNorm = 1.9061, lr_0 = 1.0026e-04
Validation auc = 0.722957
Epoch 95
Loss = 2.3205e-01, PNorm = 52.5880, GNorm = 1.2704, lr_0 = 1.0000e-04
Loss = 2.1491e-01, PNorm = 52.5974, GNorm = 2.0884, lr_0 = 1.0000e-04
Validation auc = 0.726187
Epoch 96
Loss = 2.2067e-01, PNorm = 52.6077, GNorm = 3.0402, lr_0 = 1.0000e-04
Loss = 2.0121e-01, PNorm = 52.6168, GNorm = 1.7909, lr_0 = 1.0000e-04
Validation auc = 0.720177
Epoch 97
Loss = 1.9244e-01, PNorm = 52.6279, GNorm = 2.9866, lr_0 = 1.0000e-04
Loss = 2.0040e-01, PNorm = 52.6381, GNorm = 2.4279, lr_0 = 1.0000e-04
Validation auc = 0.724835
Epoch 98
Loss = 1.8968e-01, PNorm = 52.6466, GNorm = 1.0632, lr_0 = 1.0000e-04
Loss = 1.9444e-01, PNorm = 52.6557, GNorm = 1.8525, lr_0 = 1.0000e-04
Validation auc = 0.724609
Epoch 99
Loss = 1.9053e-01, PNorm = 52.6660, GNorm = 2.1576, lr_0 = 1.0000e-04
Loss = 2.1743e-01, PNorm = 52.6743, GNorm = 2.6224, lr_0 = 1.0000e-04
Validation auc = 0.718074
Model 0 best validation auc = 0.734525 on epoch 49
Loading pretrained parameter "encoder.encoder.0.cached_zero_vector".
Loading pretrained parameter "encoder.encoder.0.W_i.weight".
Loading pretrained parameter "encoder.encoder.0.W_h.weight".
Loading pretrained parameter "encoder.encoder.0.W_o.weight".
Loading pretrained parameter "encoder.encoder.0.W_o.bias".
Loading pretrained parameter "ffn.1.weight".
Loading pretrained parameter "ffn.1.bias".
Loading pretrained parameter "ffn.4.weight".
Loading pretrained parameter "ffn.4.bias".
Moving model to cuda
Model 0 test auc = 0.762287
Ensemble test auc = 0.762287
1-fold cross validation
	Seed 0 ==> test auc = 0.762287
Overall test auc = 0.762287 +/- 0.000000
Elapsed time = 0:01:15
