Command line
python /home/jxy/anaconda3/envs/chemprop_1119/bin/chemprop_train --data_path data2/train_full.csv --dataset_type classification --save_dir checkpoints_2 --config_path hyperoptfile3 --epochs 100 --separate_test_path data/test_random_nocanonical.csv --separate_val_path data2/val_full.csv --features_generator rdkit_2d_normalized --no_features_scaling
Args
{'activation': 'ReLU',
 'aggregation': 'mean',
 'aggregation_norm': 100,
 'alternative_loss_function': None,
 'atom_descriptor_scaling': True,
 'atom_descriptors': None,
 'atom_descriptors_path': None,
 'atom_descriptors_size': 0,
 'atom_features_size': 0,
 'atom_messages': False,
 'batch_size': 50,
 'bias': False,
 'bond_feature_scaling': True,
 'bond_features_path': None,
 'bond_features_size': 0,
 'cache_cutoff': 10000,
 'checkpoint_dir': None,
 'checkpoint_frzn': None,
 'checkpoint_path': None,
 'checkpoint_paths': None,
 'class_balance': False,
 'config_path': 'hyperoptfile3',
 'crossval_index_dir': None,
 'crossval_index_file': None,
 'crossval_index_sets': None,
 'cuda': True,
 'data_path': 'data2/train_full.csv',
 'data_weights_path': None,
 'dataset_type': 'classification',
 'depth': 4,
 'device': device(type='cuda'),
 'dropout': 0.3,
 'empty_cache': False,
 'ensemble_size': 1,
 'epochs': 100,
 'explicit_h': False,
 'extra_metrics': [],
 'features_generator': ['rdkit_2d_normalized'],
 'features_only': False,
 'features_path': None,
 'features_scaling': False,
 'features_size': None,
 'ffn_hidden_size': 600,
 'ffn_num_layers': 2,
 'final_lr': 0.0001,
 'folds_file': None,
 'freeze_first_only': False,
 'frzn_ffn_layers': 0,
 'gpu': None,
 'grad_clip': None,
 'hidden_size': 600,
 'ignore_columns': None,
 'init_lr': 0.0001,
 'log_frequency': 10,
 'max_data_size': None,
 'max_lr': 0.001,
 'metric': 'auc',
 'metrics': ['auc'],
 'minimize_score': False,
 'mpn_shared': False,
 'multiclass_num_classes': 3,
 'no_atom_descriptor_scaling': False,
 'no_bond_features_scaling': False,
 'no_cache_mol': False,
 'no_cuda': False,
 'no_features_scaling': True,
 'num_folds': 1,
 'num_lrs': 1,
 'num_tasks': 1,
 'num_workers': 8,
 'number_of_molecules': 1,
 'overwrite_default_atom_features': False,
 'overwrite_default_bond_features': False,
 'phase_features_path': None,
 'pytorch_seed': 0,
 'quiet': False,
 'reaction': False,
 'reaction_mode': 'reac_diff',
 'resume_experiment': False,
 'save_dir': 'checkpoints_2',
 'save_preds': False,
 'save_smiles_splits': False,
 'seed': 0,
 'separate_test_atom_descriptors_path': None,
 'separate_test_bond_features_path': None,
 'separate_test_features_path': None,
 'separate_test_path': 'data/test_random_nocanonical.csv',
 'separate_test_phase_features_path': None,
 'separate_val_atom_descriptors_path': None,
 'separate_val_bond_features_path': None,
 'separate_val_features_path': None,
 'separate_val_path': 'data2/val_full.csv',
 'separate_val_phase_features_path': None,
 'show_individual_scores': False,
 'smiles_columns': ['Smile'],
 'spectra_activation': 'exp',
 'spectra_phase_mask_path': None,
 'spectra_target_floor': 1e-08,
 'split_sizes': (0.8, 0.1, 0.1),
 'split_type': 'random',
 'target_columns': None,
 'target_weights': None,
 'task_names': ['Label'],
 'test': False,
 'test_fold_index': None,
 'train_data_size': None,
 'undirected': False,
 'use_input_features': True,
 'val_fold_index': None,
 'warmup_epochs': 2.0}
Setting molecule featurization parameters to default.
Loading data
Number of tasks = 1
Fold 0
Splitting data with seed 0
Class sizes
Label 0: 46.88%, 1: 53.12%
Total size = 1,041 | train size = 1,041 | val size = 116 | test size = 290
Building model 0
MoleculeModel(
  (sigmoid): Sigmoid()
  (encoder): MPN(
    (encoder): ModuleList(
      (0): MPNEncoder(
        (dropout_layer): Dropout(p=0.3, inplace=False)
        (act_func): ReLU()
        (W_i): Linear(in_features=147, out_features=600, bias=False)
        (W_h): Linear(in_features=600, out_features=600, bias=False)
        (W_o): Linear(in_features=733, out_features=600, bias=True)
      )
    )
  )
  (ffn): Sequential(
    (0): Dropout(p=0.3, inplace=False)
    (1): Linear(in_features=800, out_features=600, bias=True)
    (2): ReLU()
    (3): Dropout(p=0.3, inplace=False)
    (4): Linear(in_features=600, out_features=1, bias=True)
  )
)
Number of parameters = 1,370,401
Moving model to cuda
Epoch 0
Loss = 7.5056e-01, PNorm = 46.7638, GNorm = 1.7967, lr_0 = 3.4750e-04
Loss = 6.8504e-01, PNorm = 46.7776, GNorm = 0.8872, lr_0 = 5.7250e-04
Loss = 7.2155e-01, PNorm = 46.7797, GNorm = 1.3378, lr_0 = 5.9500e-04
Validation auc = 0.638480
Epoch 1
Loss = 6.5578e-01, PNorm = 46.8099, GNorm = 1.1373, lr_0 = 8.2000e-04
Loss = 6.8421e-01, PNorm = 46.8509, GNorm = 0.7719, lr_0 = 9.9765e-04
Validation auc = 0.683824
Epoch 2
Loss = 6.4884e-01, PNorm = 46.8956, GNorm = 0.7453, lr_0 = 9.8600e-04
Loss = 6.2555e-01, PNorm = 46.9354, GNorm = 0.6381, lr_0 = 9.7449e-04
Validation auc = 0.663603
Epoch 3
Loss = 6.3360e-01, PNorm = 46.9745, GNorm = 0.6924, lr_0 = 9.6310e-04
Loss = 6.2890e-01, PNorm = 47.0126, GNorm = 0.7936, lr_0 = 9.5186e-04
Validation auc = 0.674939
Epoch 4
Loss = 6.1110e-01, PNorm = 47.0494, GNorm = 0.6143, lr_0 = 9.4074e-04
Loss = 6.0784e-01, PNorm = 47.0889, GNorm = 0.6019, lr_0 = 9.2975e-04
Validation auc = 0.692096
Epoch 5
Loss = 6.1834e-01, PNorm = 47.1261, GNorm = 0.7253, lr_0 = 9.1889e-04
Loss = 6.1295e-01, PNorm = 47.1622, GNorm = 1.0289, lr_0 = 9.0816e-04
Validation auc = 0.702512
Epoch 6
Loss = 6.3371e-01, PNorm = 47.1881, GNorm = 0.9294, lr_0 = 8.9650e-04
Loss = 5.8108e-01, PNorm = 47.2241, GNorm = 0.6574, lr_0 = 8.8603e-04
Validation auc = 0.702512
Epoch 7
Loss = 5.7058e-01, PNorm = 47.2600, GNorm = 0.7841, lr_0 = 8.7568e-04
Loss = 5.8410e-01, PNorm = 47.2940, GNorm = 0.6852, lr_0 = 8.6546e-04
Validation auc = 0.713542
Epoch 8
Loss = 5.8835e-01, PNorm = 47.3305, GNorm = 0.6332, lr_0 = 8.5535e-04
Loss = 5.8939e-01, PNorm = 47.3628, GNorm = 0.6114, lr_0 = 8.4536e-04
Validation auc = 0.710172
Epoch 9
Loss = 5.7813e-01, PNorm = 47.4018, GNorm = 0.8234, lr_0 = 8.3549e-04
Loss = 5.9724e-01, PNorm = 47.4478, GNorm = 1.1662, lr_0 = 8.2573e-04
Validation auc = 0.707414
Epoch 10
Loss = 6.1952e-01, PNorm = 47.4806, GNorm = 0.6700, lr_0 = 8.1608e-04
Loss = 5.6146e-01, PNorm = 47.5175, GNorm = 1.0114, lr_0 = 8.0655e-04
Validation auc = 0.700674
Epoch 11
Loss = 5.2417e-01, PNorm = 47.5533, GNorm = 0.5510, lr_0 = 7.9713e-04
Loss = 5.8370e-01, PNorm = 47.5857, GNorm = 0.8994, lr_0 = 7.8782e-04
Validation auc = 0.712316
Epoch 12
Loss = 5.9421e-01, PNorm = 47.6256, GNorm = 0.5446, lr_0 = 7.7771e-04
Loss = 5.4589e-01, PNorm = 47.6705, GNorm = 0.6475, lr_0 = 7.6862e-04
Loss = 5.8644e-01, PNorm = 47.7075, GNorm = 0.6265, lr_0 = 7.5965e-04
Validation auc = 0.712010
Epoch 13
Loss = 5.3715e-01, PNorm = 47.7555, GNorm = 1.0527, lr_0 = 7.5078e-04
Loss = 5.9651e-01, PNorm = 47.8015, GNorm = 0.6538, lr_0 = 7.4201e-04
Validation auc = 0.710172
Epoch 14
Loss = 5.4590e-01, PNorm = 47.8507, GNorm = 0.8447, lr_0 = 7.3334e-04
Loss = 5.4522e-01, PNorm = 47.9050, GNorm = 0.6430, lr_0 = 7.2478e-04
Validation auc = 0.707108
Epoch 15
Loss = 5.1513e-01, PNorm = 47.9628, GNorm = 0.7749, lr_0 = 7.1631e-04
Loss = 5.6508e-01, PNorm = 48.0371, GNorm = 1.5319, lr_0 = 7.0795e-04
Validation auc = 0.707721
Epoch 16
Loss = 5.4883e-01, PNorm = 48.0932, GNorm = 0.5948, lr_0 = 6.9968e-04
Loss = 5.5664e-01, PNorm = 48.1617, GNorm = 0.6336, lr_0 = 6.9151e-04
Validation auc = 0.699755
Epoch 17
Loss = 5.4151e-01, PNorm = 48.2254, GNorm = 0.8008, lr_0 = 6.8263e-04
Loss = 5.4929e-01, PNorm = 48.2888, GNorm = 0.6297, lr_0 = 6.7465e-04
Validation auc = 0.708027
Epoch 18
Loss = 5.3227e-01, PNorm = 48.3481, GNorm = 0.7832, lr_0 = 6.6678e-04
Loss = 5.4709e-01, PNorm = 48.4136, GNorm = 0.7756, lr_0 = 6.5899e-04
Validation auc = 0.709252
Epoch 19
Loss = 5.2696e-01, PNorm = 48.4785, GNorm = 0.5307, lr_0 = 6.5129e-04
Loss = 5.1969e-01, PNorm = 48.5463, GNorm = 0.6377, lr_0 = 6.4369e-04
Validation auc = 0.705576
Epoch 20
Loss = 4.9729e-01, PNorm = 48.6206, GNorm = 0.6834, lr_0 = 6.3617e-04
Loss = 5.5037e-01, PNorm = 48.6884, GNorm = 0.7598, lr_0 = 6.2874e-04
Validation auc = 0.719975
Epoch 21
Loss = 5.9274e-01, PNorm = 48.7602, GNorm = 1.5631, lr_0 = 6.2139e-04
Loss = 4.8731e-01, PNorm = 48.8311, GNorm = 0.6147, lr_0 = 6.1414e-04
Validation auc = 0.718750
Epoch 22
Loss = 4.8458e-01, PNorm = 48.9002, GNorm = 0.8650, lr_0 = 6.0696e-04
Loss = 5.1496e-01, PNorm = 48.9717, GNorm = 0.6703, lr_0 = 5.9988e-04
Validation auc = 0.719975
Epoch 23
Loss = 6.1519e-01, PNorm = 49.0448, GNorm = 0.9641, lr_0 = 5.9217e-04
Loss = 4.8318e-01, PNorm = 49.1123, GNorm = 0.9062, lr_0 = 5.8526e-04
Validation auc = 0.730086
Epoch 24
Loss = 6.6674e-01, PNorm = 49.1788, GNorm = 1.0156, lr_0 = 5.7842e-04
Loss = 5.0078e-01, PNorm = 49.2556, GNorm = 0.7505, lr_0 = 5.7167e-04
Loss = 4.8001e-01, PNorm = 49.3312, GNorm = 0.9462, lr_0 = 5.6499e-04
Validation auc = 0.710172
Epoch 25
Loss = 4.7394e-01, PNorm = 49.4167, GNorm = 0.6602, lr_0 = 5.5839e-04
Loss = 4.9745e-01, PNorm = 49.4974, GNorm = 0.7011, lr_0 = 5.5187e-04
Validation auc = 0.720895
Epoch 26
Loss = 4.8095e-01, PNorm = 49.5736, GNorm = 0.7062, lr_0 = 5.4542e-04
Loss = 4.6529e-01, PNorm = 49.6532, GNorm = 0.9454, lr_0 = 5.3905e-04
Validation auc = 0.706189
Epoch 27
Loss = 4.8147e-01, PNorm = 49.7364, GNorm = 1.0081, lr_0 = 5.3276e-04
Loss = 4.8290e-01, PNorm = 49.8140, GNorm = 0.9257, lr_0 = 5.2654e-04
Validation auc = 0.730392
Epoch 28
Loss = 4.4121e-01, PNorm = 49.9046, GNorm = 1.3979, lr_0 = 5.1978e-04
Loss = 5.0646e-01, PNorm = 49.9861, GNorm = 0.9453, lr_0 = 5.1371e-04
Validation auc = 0.698223
Epoch 29
Loss = 4.6246e-01, PNorm = 50.0650, GNorm = 0.6747, lr_0 = 5.0771e-04
Loss = 4.4732e-01, PNorm = 50.1461, GNorm = 1.6723, lr_0 = 5.0178e-04
Validation auc = 0.723346
Epoch 30
Loss = 4.2423e-01, PNorm = 50.2289, GNorm = 1.3354, lr_0 = 4.9592e-04
Loss = 4.2322e-01, PNorm = 50.3102, GNorm = 1.1000, lr_0 = 4.9012e-04
Validation auc = 0.716299
Epoch 31
Loss = 4.8589e-01, PNorm = 50.3796, GNorm = 1.1562, lr_0 = 4.8440e-04
Loss = 4.7171e-01, PNorm = 50.4474, GNorm = 1.5027, lr_0 = 4.7874e-04
Validation auc = 0.717218
Epoch 32
Loss = 4.2326e-01, PNorm = 50.5243, GNorm = 0.8414, lr_0 = 4.7315e-04
Loss = 4.2308e-01, PNorm = 50.6020, GNorm = 0.8780, lr_0 = 4.6763e-04
Validation auc = 0.706495
Epoch 33
Loss = 4.7509e-01, PNorm = 50.6612, GNorm = 1.3286, lr_0 = 4.6216e-04
Loss = 4.2633e-01, PNorm = 50.7310, GNorm = 0.6660, lr_0 = 4.5677e-04
Validation auc = 0.699142
Epoch 34
Loss = 3.7231e-01, PNorm = 50.8091, GNorm = 0.8937, lr_0 = 4.5090e-04
Loss = 3.9980e-01, PNorm = 50.8887, GNorm = 1.1059, lr_0 = 4.4564e-04
Validation auc = 0.687194
Epoch 35
Loss = 4.0645e-01, PNorm = 50.9618, GNorm = 0.9133, lr_0 = 4.4043e-04
Loss = 4.1226e-01, PNorm = 51.0319, GNorm = 1.0290, lr_0 = 4.3529e-04
Validation auc = 0.718444
Epoch 36
Loss = 4.3697e-01, PNorm = 51.1118, GNorm = 1.7501, lr_0 = 4.3020e-04
Loss = 3.7760e-01, PNorm = 51.1906, GNorm = 1.1254, lr_0 = 4.2518e-04
Loss = 4.1528e-01, PNorm = 51.2701, GNorm = 0.9002, lr_0 = 4.2021e-04
Validation auc = 0.724571
Epoch 37
Loss = 4.2366e-01, PNorm = 51.3538, GNorm = 1.4188, lr_0 = 4.1531e-04
Loss = 3.8644e-01, PNorm = 51.4288, GNorm = 0.7697, lr_0 = 4.1045e-04
Validation auc = 0.715380
Epoch 38
Loss = 3.6427e-01, PNorm = 51.4979, GNorm = 1.2030, lr_0 = 4.0566e-04
Loss = 3.8332e-01, PNorm = 51.5665, GNorm = 1.5511, lr_0 = 4.0092e-04
Validation auc = 0.711397
Epoch 39
Loss = 3.7274e-01, PNorm = 51.6387, GNorm = 1.0639, lr_0 = 3.9578e-04
Loss = 3.6190e-01, PNorm = 51.7135, GNorm = 0.9226, lr_0 = 3.9115e-04
Validation auc = 0.718137
Epoch 40
Loss = 3.4492e-01, PNorm = 51.7809, GNorm = 0.7702, lr_0 = 3.8658e-04
Loss = 3.3786e-01, PNorm = 51.8431, GNorm = 0.9991, lr_0 = 3.8207e-04
Validation auc = 0.718137
Epoch 41
Loss = 3.3461e-01, PNorm = 51.9040, GNorm = 1.1422, lr_0 = 3.7761e-04
Loss = 3.4241e-01, PNorm = 51.9712, GNorm = 1.3475, lr_0 = 3.7320e-04
Validation auc = 0.706801
Epoch 42
Loss = 3.1877e-01, PNorm = 52.0353, GNorm = 1.0269, lr_0 = 3.6884e-04
Loss = 3.3318e-01, PNorm = 52.0955, GNorm = 1.1664, lr_0 = 3.6453e-04
Validation auc = 0.706189
Epoch 43
Loss = 3.4460e-01, PNorm = 52.1471, GNorm = 1.0679, lr_0 = 3.6027e-04
Loss = 3.4132e-01, PNorm = 52.2056, GNorm = 1.9132, lr_0 = 3.5607e-04
Validation auc = 0.724877
Epoch 44
Loss = 3.0156e-01, PNorm = 52.2672, GNorm = 1.5968, lr_0 = 3.5191e-04
Loss = 3.0332e-01, PNorm = 52.3328, GNorm = 1.2360, lr_0 = 3.4780e-04
Validation auc = 0.698529
Epoch 45
Loss = 3.3533e-01, PNorm = 52.4017, GNorm = 1.5061, lr_0 = 3.4333e-04
Loss = 3.0889e-01, PNorm = 52.4516, GNorm = 1.2461, lr_0 = 3.3932e-04
Validation auc = 0.708333
Epoch 46
Loss = 2.5916e-01, PNorm = 52.5067, GNorm = 1.5550, lr_0 = 3.3536e-04
Loss = 3.1131e-01, PNorm = 52.5604, GNorm = 1.5013, lr_0 = 3.3144e-04
Validation auc = 0.700980
Epoch 47
Loss = 2.5783e-01, PNorm = 52.6173, GNorm = 1.2208, lr_0 = 3.2757e-04
Loss = 2.8053e-01, PNorm = 52.6713, GNorm = 1.3052, lr_0 = 3.2375e-04
Validation auc = 0.695159
Epoch 48
Loss = 3.2516e-01, PNorm = 52.7143, GNorm = 1.3026, lr_0 = 3.1996e-04
Loss = 3.1438e-01, PNorm = 52.7674, GNorm = 0.7946, lr_0 = 3.1623e-04
Loss = 2.8059e-01, PNorm = 52.8177, GNorm = 1.4848, lr_0 = 3.1253e-04
Validation auc = 0.710478
Epoch 49
Loss = 2.4884e-01, PNorm = 52.8654, GNorm = 1.1500, lr_0 = 3.0888e-04
Loss = 2.8521e-01, PNorm = 52.9105, GNorm = 2.0559, lr_0 = 3.0528e-04
Validation auc = 0.712929
Epoch 50
Loss = 2.5492e-01, PNorm = 52.9622, GNorm = 3.0405, lr_0 = 3.0171e-04
Loss = 3.0844e-01, PNorm = 53.0079, GNorm = 1.7480, lr_0 = 2.9819e-04
Validation auc = 0.709559
Epoch 51
Loss = 2.6492e-01, PNorm = 53.0511, GNorm = 1.4183, lr_0 = 2.9436e-04
Loss = 2.6401e-01, PNorm = 53.0980, GNorm = 1.5588, lr_0 = 2.9092e-04
Validation auc = 0.708946
Epoch 52
Loss = 2.7425e-01, PNorm = 53.1382, GNorm = 2.9662, lr_0 = 2.8752e-04
Loss = 2.5508e-01, PNorm = 53.1792, GNorm = 1.4068, lr_0 = 2.8417e-04
Validation auc = 0.716605
Epoch 53
Loss = 2.5557e-01, PNorm = 53.2231, GNorm = 1.0558, lr_0 = 2.8085e-04
Loss = 2.7944e-01, PNorm = 53.2608, GNorm = 1.8301, lr_0 = 2.7757e-04
Validation auc = 0.709252
Epoch 54
Loss = 2.3662e-01, PNorm = 53.2985, GNorm = 1.1007, lr_0 = 2.7432e-04
Loss = 2.2067e-01, PNorm = 53.3379, GNorm = 1.6641, lr_0 = 2.7112e-04
Validation auc = 0.727328
Epoch 55
Loss = 2.3688e-01, PNorm = 53.3730, GNorm = 1.3572, lr_0 = 2.6795e-04
Loss = 2.3688e-01, PNorm = 53.4086, GNorm = 2.0143, lr_0 = 2.6483e-04
Validation auc = 0.704657
Epoch 56
Loss = 2.0032e-01, PNorm = 53.4486, GNorm = 0.8217, lr_0 = 2.6142e-04
Loss = 2.1985e-01, PNorm = 53.4863, GNorm = 1.1396, lr_0 = 2.5837e-04
Validation auc = 0.710478
Epoch 57
Loss = 2.3131e-01, PNorm = 53.5245, GNorm = 1.4518, lr_0 = 2.5535e-04
Loss = 2.0955e-01, PNorm = 53.5612, GNorm = 0.8237, lr_0 = 2.5237e-04
Validation auc = 0.713542
Epoch 58
Loss = 2.0395e-01, PNorm = 53.5953, GNorm = 1.0429, lr_0 = 2.4942e-04
Loss = 2.2747e-01, PNorm = 53.6316, GNorm = 1.3570, lr_0 = 2.4651e-04
Validation auc = 0.719669
Epoch 59
Loss = 2.9813e-01, PNorm = 53.6703, GNorm = 2.5371, lr_0 = 2.4363e-04
Loss = 2.3683e-01, PNorm = 53.7015, GNorm = 1.2662, lr_0 = 2.4079e-04
Validation auc = 0.712623
Epoch 60
Loss = 2.9702e-01, PNorm = 53.7353, GNorm = 1.8374, lr_0 = 2.3797e-04
Loss = 1.9941e-01, PNorm = 53.7679, GNorm = 2.4707, lr_0 = 2.3520e-04
Loss = 2.3586e-01, PNorm = 53.7960, GNorm = 2.3845, lr_0 = 2.3245e-04
Validation auc = 0.703738
Epoch 61
Loss = 2.1836e-01, PNorm = 53.8255, GNorm = 1.4360, lr_0 = 2.2973e-04
Loss = 2.3428e-01, PNorm = 53.8537, GNorm = 1.4229, lr_0 = 2.2705e-04
Loss = 1.3631e-01, PNorm = 53.8567, GNorm = 1.0643, lr_0 = 2.2678e-04
Validation auc = 0.719363
Epoch 62
Loss = 2.4315e-01, PNorm = 53.8824, GNorm = 1.7840, lr_0 = 2.2414e-04
Loss = 1.9169e-01, PNorm = 53.9098, GNorm = 0.8341, lr_0 = 2.2152e-04
Validation auc = 0.702819
Epoch 63
Loss = 1.8302e-01, PNorm = 53.9377, GNorm = 2.2781, lr_0 = 2.1893e-04
Loss = 2.2174e-01, PNorm = 53.9636, GNorm = 1.4976, lr_0 = 2.1637e-04
Validation auc = 0.708027
Epoch 64
Loss = 1.9472e-01, PNorm = 53.9866, GNorm = 2.0405, lr_0 = 2.1385e-04
Loss = 2.2230e-01, PNorm = 54.0086, GNorm = 1.8233, lr_0 = 2.1135e-04
Validation auc = 0.706801
Epoch 65
Loss = 1.9367e-01, PNorm = 54.0294, GNorm = 2.1048, lr_0 = 2.0888e-04
Loss = 1.7348e-01, PNorm = 54.0551, GNorm = 1.6420, lr_0 = 2.0644e-04
Validation auc = 0.702206
Epoch 66
Loss = 1.9205e-01, PNorm = 54.0778, GNorm = 1.3404, lr_0 = 2.0403e-04
Loss = 1.7787e-01, PNorm = 54.1020, GNorm = 1.2459, lr_0 = 2.0165e-04
Validation auc = 0.705882
Epoch 67
Loss = 1.6928e-01, PNorm = 54.1270, GNorm = 1.5332, lr_0 = 1.9906e-04
Loss = 1.8101e-01, PNorm = 54.1462, GNorm = 1.5111, lr_0 = 1.9673e-04
Validation auc = 0.708333
Epoch 68
Loss = 1.6610e-01, PNorm = 54.1691, GNorm = 1.3952, lr_0 = 1.9444e-04
Loss = 1.9908e-01, PNorm = 54.1925, GNorm = 1.9947, lr_0 = 1.9216e-04
Validation auc = 0.709252
Epoch 69
Loss = 1.6131e-01, PNorm = 54.2148, GNorm = 2.0281, lr_0 = 1.8992e-04
Loss = 1.9718e-01, PNorm = 54.2367, GNorm = 2.7100, lr_0 = 1.8770e-04
Validation auc = 0.706801
Epoch 70
Loss = 2.0379e-01, PNorm = 54.2530, GNorm = 1.5638, lr_0 = 1.8551e-04
Loss = 1.6708e-01, PNorm = 54.2756, GNorm = 1.2526, lr_0 = 1.8334e-04
Validation auc = 0.713235
Epoch 71
Loss = 1.6583e-01, PNorm = 54.2969, GNorm = 1.5542, lr_0 = 1.8120e-04
Loss = 1.8848e-01, PNorm = 54.3149, GNorm = 1.7390, lr_0 = 1.7909e-04
Validation auc = 0.708946
Epoch 72
Loss = 1.5719e-01, PNorm = 54.3380, GNorm = 1.5520, lr_0 = 1.7699e-04
Loss = 1.6857e-01, PNorm = 54.3597, GNorm = 1.3776, lr_0 = 1.7493e-04
Validation auc = 0.697917
Epoch 73
Loss = 1.7514e-01, PNorm = 54.3816, GNorm = 1.3382, lr_0 = 1.7268e-04
Loss = 1.7803e-01, PNorm = 54.4000, GNorm = 1.8452, lr_0 = 1.7066e-04
Loss = 1.9487e-01, PNorm = 54.4182, GNorm = 1.7699, lr_0 = 1.6867e-04
Validation auc = 0.704044
Epoch 74
Loss = 1.7170e-01, PNorm = 54.4349, GNorm = 1.0660, lr_0 = 1.6670e-04
Loss = 1.7110e-01, PNorm = 54.4553, GNorm = 1.9770, lr_0 = 1.6475e-04
Validation auc = 0.702819
Epoch 75
Loss = 1.5120e-01, PNorm = 54.4754, GNorm = 1.6920, lr_0 = 1.6283e-04
Loss = 1.6347e-01, PNorm = 54.4908, GNorm = 1.4257, lr_0 = 1.6093e-04
Validation auc = 0.697917
Epoch 76
Loss = 1.6969e-01, PNorm = 54.5062, GNorm = 0.8236, lr_0 = 1.5905e-04
Loss = 1.5988e-01, PNorm = 54.5191, GNorm = 2.0251, lr_0 = 1.5719e-04
Validation auc = 0.708946
Epoch 77
Loss = 1.2676e-01, PNorm = 54.5367, GNorm = 1.1797, lr_0 = 1.5536e-04
Loss = 1.9158e-01, PNorm = 54.5545, GNorm = 1.9218, lr_0 = 1.5354e-04
Validation auc = 0.708946
Epoch 78
Loss = 1.3163e-01, PNorm = 54.5684, GNorm = 2.1467, lr_0 = 1.5157e-04
Loss = 1.4812e-01, PNorm = 54.5853, GNorm = 1.1411, lr_0 = 1.4980e-04
Validation auc = 0.696078
Epoch 79
Loss = 1.8078e-01, PNorm = 54.6028, GNorm = 1.9868, lr_0 = 1.4805e-04
Loss = 1.5165e-01, PNorm = 54.6180, GNorm = 0.9818, lr_0 = 1.4632e-04
Validation auc = 0.707721
Epoch 80
Loss = 1.6305e-01, PNorm = 54.6310, GNorm = 1.6967, lr_0 = 1.4461e-04
Loss = 1.7492e-01, PNorm = 54.6428, GNorm = 3.2441, lr_0 = 1.4292e-04
Validation auc = 0.700674
Epoch 81
Loss = 1.1453e-01, PNorm = 54.6563, GNorm = 1.7238, lr_0 = 1.4125e-04
Loss = 1.7250e-01, PNorm = 54.6712, GNorm = 1.5622, lr_0 = 1.3960e-04
Validation auc = 0.690257
Epoch 82
Loss = 1.9844e-01, PNorm = 54.6847, GNorm = 1.6776, lr_0 = 1.3797e-04
Loss = 1.3272e-01, PNorm = 54.6990, GNorm = 2.0181, lr_0 = 1.3636e-04
Validation auc = 0.695772
Epoch 83
Loss = 1.0984e-01, PNorm = 54.7129, GNorm = 2.2858, lr_0 = 1.3477e-04
Loss = 1.6558e-01, PNorm = 54.7250, GNorm = 2.3840, lr_0 = 1.3320e-04
Validation auc = 0.690870
Epoch 84
Loss = 1.3581e-01, PNorm = 54.7390, GNorm = 1.3521, lr_0 = 1.3149e-04
Loss = 1.0294e-01, PNorm = 54.7525, GNorm = 0.7291, lr_0 = 1.2995e-04
Validation auc = 0.693015
Epoch 85
Loss = 1.5556e-01, PNorm = 54.7660, GNorm = 1.4968, lr_0 = 1.2843e-04
Loss = 1.3322e-01, PNorm = 54.7799, GNorm = 2.4767, lr_0 = 1.2693e-04
Loss = 1.4999e-01, PNorm = 54.7921, GNorm = 2.4355, lr_0 = 1.2545e-04
Validation auc = 0.694547
Epoch 86
Loss = 1.3607e-01, PNorm = 54.8037, GNorm = 2.7994, lr_0 = 1.2398e-04
Loss = 1.3215e-01, PNorm = 54.8145, GNorm = 1.9259, lr_0 = 1.2254e-04
Validation auc = 0.699755
Epoch 87
Loss = 1.3424e-01, PNorm = 54.8244, GNorm = 5.2760, lr_0 = 1.2111e-04
Loss = 1.5950e-01, PNorm = 54.8344, GNorm = 0.9434, lr_0 = 1.1969e-04
Validation auc = 0.700980
Epoch 88
Loss = 1.3764e-01, PNorm = 54.8448, GNorm = 2.8219, lr_0 = 1.1829e-04
Loss = 1.4528e-01, PNorm = 54.8584, GNorm = 2.4950, lr_0 = 1.1691e-04
Validation auc = 0.693321
Epoch 89
Loss = 1.2325e-01, PNorm = 54.8728, GNorm = 1.6512, lr_0 = 1.1541e-04
Loss = 1.3648e-01, PNorm = 54.8858, GNorm = 2.2937, lr_0 = 1.1406e-04
Validation auc = 0.695466
Epoch 90
Loss = 1.2742e-01, PNorm = 54.8935, GNorm = 1.2428, lr_0 = 1.1273e-04
Loss = 1.6691e-01, PNorm = 54.9012, GNorm = 1.7253, lr_0 = 1.1141e-04
Validation auc = 0.696998
Epoch 91
Loss = 1.3301e-01, PNorm = 54.9070, GNorm = 2.2129, lr_0 = 1.1011e-04
Loss = 1.2383e-01, PNorm = 54.9166, GNorm = 1.0586, lr_0 = 1.0883e-04
Validation auc = 0.703125
Epoch 92
Loss = 1.3317e-01, PNorm = 54.9249, GNorm = 2.2012, lr_0 = 1.0756e-04
Loss = 1.1401e-01, PNorm = 54.9339, GNorm = 0.9132, lr_0 = 1.0630e-04
Validation auc = 0.709099
Epoch 93
Loss = 1.1743e-01, PNorm = 54.9440, GNorm = 4.0822, lr_0 = 1.0506e-04
Loss = 1.4433e-01, PNorm = 54.9535, GNorm = 1.1945, lr_0 = 1.0383e-04
Validation auc = 0.700674
Epoch 94
Loss = 1.7112e-01, PNorm = 54.9660, GNorm = 5.5069, lr_0 = 1.0262e-04
Loss = 1.4699e-01, PNorm = 54.9735, GNorm = 1.9175, lr_0 = 1.0142e-04
Validation auc = 0.696385
Epoch 95
Loss = 1.5677e-01, PNorm = 54.9840, GNorm = 1.2042, lr_0 = 1.0012e-04
Loss = 1.3085e-01, PNorm = 54.9913, GNorm = 1.0299, lr_0 = 1.0000e-04
Validation auc = 0.691176
Epoch 96
Loss = 1.1882e-01, PNorm = 54.9989, GNorm = 1.5498, lr_0 = 1.0000e-04
Loss = 1.3358e-01, PNorm = 55.0078, GNorm = 1.6891, lr_0 = 1.0000e-04
Validation auc = 0.696998
Epoch 97
Loss = 6.4340e-02, PNorm = 55.0154, GNorm = 1.3832, lr_0 = 1.0000e-04
Loss = 1.2259e-01, PNorm = 55.0228, GNorm = 1.8433, lr_0 = 1.0000e-04
Loss = 1.1929e-01, PNorm = 55.0310, GNorm = 2.2689, lr_0 = 1.0000e-04
Validation auc = 0.696078
Epoch 98
Loss = 1.2646e-01, PNorm = 55.0392, GNorm = 1.8139, lr_0 = 1.0000e-04
Loss = 1.2960e-01, PNorm = 55.0479, GNorm = 4.2684, lr_0 = 1.0000e-04
Validation auc = 0.700521
Epoch 99
Loss = 1.2703e-01, PNorm = 55.0528, GNorm = 2.4342, lr_0 = 1.0000e-04
Loss = 1.5297e-01, PNorm = 55.0596, GNorm = 2.3312, lr_0 = 1.0000e-04
Validation auc = 0.700368
Model 0 best validation auc = 0.730392 on epoch 27
Loading pretrained parameter "encoder.encoder.0.cached_zero_vector".
Loading pretrained parameter "encoder.encoder.0.W_i.weight".
Loading pretrained parameter "encoder.encoder.0.W_h.weight".
Loading pretrained parameter "encoder.encoder.0.W_o.weight".
Loading pretrained parameter "encoder.encoder.0.W_o.bias".
Loading pretrained parameter "ffn.1.weight".
Loading pretrained parameter "ffn.1.bias".
Loading pretrained parameter "ffn.4.weight".
Loading pretrained parameter "ffn.4.bias".
Moving model to cuda
Model 0 test auc = 0.806739
Ensemble test auc = 0.806739
1-fold cross validation
	Seed 0 ==> test auc = 0.806739
Overall test auc = 0.806739 +/- 0.000000
Elapsed time = 0:02:24
