Command line
python /home/jxy/anaconda3/envs/chemprop_1119/bin/chemprop_train --data_path data/alldata_chemprop_randomsmile.csv --dataset_type classification --save_dir muta_checkpoints_100 --config_path hyper_config
Args
{'activation': 'ReLU',
 'aggregation': 'mean',
 'aggregation_norm': 100,
 'alternative_loss_function': None,
 'atom_descriptor_scaling': True,
 'atom_descriptors': None,
 'atom_descriptors_path': None,
 'atom_descriptors_size': 0,
 'atom_features_size': 0,
 'atom_messages': False,
 'batch_size': 50,
 'bias': False,
 'bond_feature_scaling': True,
 'bond_features_path': None,
 'bond_features_size': 0,
 'cache_cutoff': 10000,
 'checkpoint_dir': None,
 'checkpoint_frzn': None,
 'checkpoint_path': None,
 'checkpoint_paths': None,
 'class_balance': False,
 'config_path': 'hyper_config',
 'crossval_index_dir': None,
 'crossval_index_file': None,
 'crossval_index_sets': None,
 'cuda': True,
 'data_path': 'data/alldata_chemprop_randomsmile.csv',
 'data_weights_path': None,
 'dataset_type': 'classification',
 'depth': 3,
 'device': device(type='cuda'),
 'dropout': 0.2,
 'empty_cache': False,
 'ensemble_size': 1,
 'epochs': 30,
 'explicit_h': False,
 'extra_metrics': [],
 'features_generator': None,
 'features_only': False,
 'features_path': None,
 'features_scaling': True,
 'features_size': None,
 'ffn_hidden_size': 100,
 'ffn_num_layers': 2,
 'final_lr': 0.0001,
 'folds_file': None,
 'freeze_first_only': False,
 'frzn_ffn_layers': 0,
 'gpu': None,
 'grad_clip': None,
 'hidden_size': 100,
 'ignore_columns': None,
 'init_lr': 0.0001,
 'log_frequency': 10,
 'max_data_size': None,
 'max_lr': 0.001,
 'metric': 'auc',
 'metrics': ['auc'],
 'minimize_score': False,
 'mpn_shared': False,
 'multiclass_num_classes': 3,
 'no_atom_descriptor_scaling': False,
 'no_bond_features_scaling': False,
 'no_cache_mol': False,
 'no_cuda': False,
 'no_features_scaling': False,
 'num_folds': 1,
 'num_lrs': 1,
 'num_tasks': 1,
 'num_workers': 8,
 'number_of_molecules': 1,
 'overwrite_default_atom_features': False,
 'overwrite_default_bond_features': False,
 'phase_features_path': None,
 'pytorch_seed': 0,
 'quiet': False,
 'reaction': False,
 'reaction_mode': 'reac_diff',
 'resume_experiment': False,
 'save_dir': 'muta_checkpoints_100',
 'save_preds': False,
 'save_smiles_splits': False,
 'seed': 0,
 'separate_test_atom_descriptors_path': None,
 'separate_test_bond_features_path': None,
 'separate_test_features_path': None,
 'separate_test_path': None,
 'separate_test_phase_features_path': None,
 'separate_val_atom_descriptors_path': None,
 'separate_val_bond_features_path': None,
 'separate_val_features_path': None,
 'separate_val_path': None,
 'separate_val_phase_features_path': None,
 'show_individual_scores': False,
 'smiles_columns': ['Smile'],
 'spectra_activation': 'exp',
 'spectra_phase_mask_path': None,
 'spectra_target_floor': 1e-08,
 'split_sizes': (0.8, 0.1, 0.1),
 'split_type': 'random',
 'target_columns': None,
 'target_weights': None,
 'task_names': ['Label'],
 'test': False,
 'test_fold_index': None,
 'train_data_size': None,
 'undirected': False,
 'use_input_features': False,
 'val_fold_index': None,
 'warmup_epochs': 2.0}
Setting molecule featurization parameters to default.
Loading data
Number of tasks = 1
Fold 0
Splitting data with seed 0
Class sizes
Label 0: 46.25%, 1: 53.75%
Total size = 6,506 | train size = 5,204 | val size = 651 | test size = 651
Building model 0
MoleculeModel(
  (sigmoid): Sigmoid()
  (encoder): MPN(
    (encoder): ModuleList(
      (0): MPNEncoder(
        (dropout_layer): Dropout(p=0.2, inplace=False)
        (act_func): ReLU()
        (W_i): Linear(in_features=147, out_features=100, bias=False)
        (W_h): Linear(in_features=100, out_features=100, bias=False)
        (W_o): Linear(in_features=233, out_features=100, bias=True)
      )
    )
  )
  (ffn): Sequential(
    (0): Dropout(p=0.2, inplace=False)
    (1): Linear(in_features=100, out_features=100, bias=True)
    (2): ReLU()
    (3): Dropout(p=0.2, inplace=False)
    (4): Linear(in_features=100, out_features=1, bias=True)
  )
)
Number of parameters = 58,401
Moving model to cuda
Epoch 0
Loss = 6.9094e-01, PNorm = 21.4354, GNorm = 0.9912, lr_0 = 1.4760e-04
Loss = 6.8894e-01, PNorm = 21.4356, GNorm = 0.4782, lr_0 = 1.9087e-04
Loss = 6.7288e-01, PNorm = 21.4366, GNorm = 0.4034, lr_0 = 2.3413e-04
Loss = 6.6268e-01, PNorm = 21.4384, GNorm = 0.4611, lr_0 = 2.7740e-04
Loss = 6.6411e-01, PNorm = 21.4403, GNorm = 0.6762, lr_0 = 3.2067e-04
Loss = 6.4996e-01, PNorm = 21.4428, GNorm = 1.0763, lr_0 = 3.6394e-04
Loss = 6.4834e-01, PNorm = 21.4445, GNorm = 0.5204, lr_0 = 4.0721e-04
Loss = 6.5585e-01, PNorm = 21.4476, GNorm = 0.5034, lr_0 = 4.5048e-04
Loss = 6.3875e-01, PNorm = 21.4518, GNorm = 0.9166, lr_0 = 4.9375e-04
Loss = 6.6756e-01, PNorm = 21.4577, GNorm = 0.6884, lr_0 = 5.3702e-04
Validation auc = 0.702104
Epoch 1
Loss = 6.3399e-01, PNorm = 21.4631, GNorm = 0.4090, lr_0 = 5.8462e-04
Loss = 6.2512e-01, PNorm = 21.4731, GNorm = 0.8288, lr_0 = 6.2788e-04
Loss = 6.3047e-01, PNorm = 21.4840, GNorm = 0.8433, lr_0 = 6.7115e-04
Loss = 6.3462e-01, PNorm = 21.4977, GNorm = 0.7855, lr_0 = 7.1442e-04
Loss = 6.3040e-01, PNorm = 21.5142, GNorm = 0.7663, lr_0 = 7.5769e-04
Loss = 6.1586e-01, PNorm = 21.5305, GNorm = 0.9957, lr_0 = 8.0096e-04
Loss = 6.3865e-01, PNorm = 21.5495, GNorm = 0.7528, lr_0 = 8.4423e-04
Loss = 6.3218e-01, PNorm = 21.5649, GNorm = 1.0354, lr_0 = 8.8750e-04
Loss = 6.0899e-01, PNorm = 21.5882, GNorm = 0.5494, lr_0 = 9.3077e-04
Loss = 5.8907e-01, PNorm = 21.6143, GNorm = 0.8169, lr_0 = 9.7404e-04
Validation auc = 0.749591
Epoch 2
Loss = 5.9631e-01, PNorm = 21.6463, GNorm = 1.6519, lr_0 = 9.9605e-04
Loss = 5.9863e-01, PNorm = 21.6768, GNorm = 0.4311, lr_0 = 9.8821e-04
Loss = 5.8225e-01, PNorm = 21.7102, GNorm = 0.8710, lr_0 = 9.8043e-04
Loss = 5.7928e-01, PNorm = 21.7451, GNorm = 0.8146, lr_0 = 9.7270e-04
Loss = 5.9313e-01, PNorm = 21.7737, GNorm = 0.4381, lr_0 = 9.6504e-04
Loss = 5.9070e-01, PNorm = 21.7974, GNorm = 1.0004, lr_0 = 9.5744e-04
Loss = 5.9451e-01, PNorm = 21.8206, GNorm = 0.7040, lr_0 = 9.4990e-04
Loss = 5.9695e-01, PNorm = 21.8472, GNorm = 0.8311, lr_0 = 9.4242e-04
Loss = 5.4319e-01, PNorm = 21.8733, GNorm = 0.4516, lr_0 = 9.3500e-04
Loss = 5.8806e-01, PNorm = 21.8945, GNorm = 0.5523, lr_0 = 9.2763e-04
Loss = 5.7924e-01, PNorm = 21.9284, GNorm = 1.7094, lr_0 = 9.2033e-04
Validation auc = 0.796372
Epoch 3
Loss = 5.9729e-01, PNorm = 21.9589, GNorm = 1.4803, lr_0 = 9.1236e-04
Loss = 5.7900e-01, PNorm = 21.9859, GNorm = 0.6461, lr_0 = 9.0517e-04
Loss = 5.4796e-01, PNorm = 22.0108, GNorm = 0.6274, lr_0 = 8.9804e-04
Loss = 5.5235e-01, PNorm = 22.0325, GNorm = 1.0891, lr_0 = 8.9097e-04
Loss = 5.6435e-01, PNorm = 22.0466, GNorm = 1.7898, lr_0 = 8.8395e-04
Loss = 5.9442e-01, PNorm = 22.0611, GNorm = 1.0789, lr_0 = 8.7699e-04
Loss = 5.4531e-01, PNorm = 22.0828, GNorm = 0.5767, lr_0 = 8.7008e-04
Loss = 5.2665e-01, PNorm = 22.1094, GNorm = 0.7859, lr_0 = 8.6323e-04
Loss = 5.5731e-01, PNorm = 22.1312, GNorm = 1.0400, lr_0 = 8.5643e-04
Loss = 5.3832e-01, PNorm = 22.1520, GNorm = 1.7234, lr_0 = 8.4969e-04
Validation auc = 0.814978
Epoch 4
Loss = 5.3691e-01, PNorm = 22.1734, GNorm = 0.6518, lr_0 = 8.4233e-04
Loss = 5.2336e-01, PNorm = 22.1951, GNorm = 1.1857, lr_0 = 8.3569e-04
Loss = 5.7075e-01, PNorm = 22.2114, GNorm = 1.0371, lr_0 = 8.2911e-04
Loss = 5.2980e-01, PNorm = 22.2180, GNorm = 0.8190, lr_0 = 8.2258e-04
Loss = 5.3478e-01, PNorm = 22.2356, GNorm = 0.6410, lr_0 = 8.1610e-04
Loss = 5.2981e-01, PNorm = 22.2618, GNorm = 0.7489, lr_0 = 8.0967e-04
Loss = 5.5821e-01, PNorm = 22.2781, GNorm = 1.8156, lr_0 = 8.0330e-04
Loss = 5.2900e-01, PNorm = 22.2981, GNorm = 0.8607, lr_0 = 7.9697e-04
Loss = 5.5702e-01, PNorm = 22.3149, GNorm = 0.5048, lr_0 = 7.9069e-04
Loss = 5.4279e-01, PNorm = 22.3282, GNorm = 0.5061, lr_0 = 7.8447e-04
Loss = 5.6209e-01, PNorm = 22.3439, GNorm = 1.2435, lr_0 = 7.7829e-04
Loss = 8.7570e-01, PNorm = 22.3452, GNorm = 3.0622, lr_0 = 7.7767e-04
Validation auc = 0.825519
Epoch 5
Loss = 5.1793e-01, PNorm = 22.3631, GNorm = 0.5300, lr_0 = 7.7155e-04
Loss = 5.3634e-01, PNorm = 22.3836, GNorm = 0.5922, lr_0 = 7.6547e-04
Loss = 5.6202e-01, PNorm = 22.4019, GNorm = 0.7039, lr_0 = 7.5944e-04
Loss = 5.2659e-01, PNorm = 22.4129, GNorm = 0.7293, lr_0 = 7.5346e-04
Loss = 5.2533e-01, PNorm = 22.4253, GNorm = 1.5877, lr_0 = 7.4753e-04
Loss = 5.8726e-01, PNorm = 22.4376, GNorm = 0.8110, lr_0 = 7.4164e-04
Loss = 5.2733e-01, PNorm = 22.4516, GNorm = 0.9177, lr_0 = 7.3580e-04
Loss = 4.8914e-01, PNorm = 22.4680, GNorm = 0.5254, lr_0 = 7.3000e-04
Loss = 5.0485e-01, PNorm = 22.4914, GNorm = 1.4203, lr_0 = 7.2425e-04
Loss = 5.0272e-01, PNorm = 22.5056, GNorm = 1.3641, lr_0 = 7.1855e-04
Validation auc = 0.830651
Epoch 6
Loss = 5.7553e-01, PNorm = 22.5270, GNorm = 1.1711, lr_0 = 7.1233e-04
Loss = 4.9693e-01, PNorm = 22.5413, GNorm = 1.6680, lr_0 = 7.0672e-04
Loss = 5.2650e-01, PNorm = 22.5598, GNorm = 0.9537, lr_0 = 7.0115e-04
Loss = 4.9967e-01, PNorm = 22.5769, GNorm = 2.3570, lr_0 = 6.9563e-04
Loss = 5.1063e-01, PNorm = 22.5968, GNorm = 0.8501, lr_0 = 6.9015e-04
Loss = 5.0986e-01, PNorm = 22.6156, GNorm = 1.4896, lr_0 = 6.8471e-04
Loss = 4.9514e-01, PNorm = 22.6330, GNorm = 1.2708, lr_0 = 6.7932e-04
Loss = 5.4214e-01, PNorm = 22.6400, GNorm = 2.1348, lr_0 = 6.7397e-04
Loss = 5.2109e-01, PNorm = 22.6554, GNorm = 0.9136, lr_0 = 6.6866e-04
Loss = 4.9519e-01, PNorm = 22.6700, GNorm = 0.6584, lr_0 = 6.6339e-04
Validation auc = 0.838726
Epoch 7
Loss = 4.4651e-01, PNorm = 22.6841, GNorm = 0.5120, lr_0 = 6.5765e-04
Loss = 5.0320e-01, PNorm = 22.6964, GNorm = 0.7394, lr_0 = 6.5247e-04
Loss = 5.0091e-01, PNorm = 22.7076, GNorm = 0.7272, lr_0 = 6.4733e-04
Loss = 4.5652e-01, PNorm = 22.7245, GNorm = 1.3203, lr_0 = 6.4223e-04
Loss = 4.7305e-01, PNorm = 22.7428, GNorm = 1.2319, lr_0 = 6.3717e-04
Loss = 5.1575e-01, PNorm = 22.7518, GNorm = 0.7441, lr_0 = 6.3216e-04
Loss = 5.0716e-01, PNorm = 22.7582, GNorm = 0.8932, lr_0 = 6.2718e-04
Loss = 5.3105e-01, PNorm = 22.7699, GNorm = 0.9829, lr_0 = 6.2224e-04
Loss = 5.2141e-01, PNorm = 22.7794, GNorm = 0.7644, lr_0 = 6.1734e-04
Loss = 5.5023e-01, PNorm = 22.7892, GNorm = 0.5686, lr_0 = 6.1247e-04
Loss = 4.8488e-01, PNorm = 22.8053, GNorm = 1.2772, lr_0 = 6.0765e-04
Validation auc = 0.851752
Epoch 8
Loss = 4.8579e-01, PNorm = 22.8250, GNorm = 1.0620, lr_0 = 6.0239e-04
Loss = 5.1459e-01, PNorm = 22.8424, GNorm = 0.6040, lr_0 = 5.9764e-04
Loss = 4.9455e-01, PNorm = 22.8573, GNorm = 0.8674, lr_0 = 5.9294e-04
Loss = 4.9507e-01, PNorm = 22.8698, GNorm = 0.7248, lr_0 = 5.8827e-04
Loss = 5.1444e-01, PNorm = 22.8819, GNorm = 0.8962, lr_0 = 5.8363e-04
Loss = 5.0156e-01, PNorm = 22.8906, GNorm = 0.8183, lr_0 = 5.7904e-04
Loss = 5.1732e-01, PNorm = 22.8995, GNorm = 1.5558, lr_0 = 5.7448e-04
Loss = 4.8506e-01, PNorm = 22.9116, GNorm = 1.3161, lr_0 = 5.6995e-04
Loss = 5.1407e-01, PNorm = 22.9249, GNorm = 0.6354, lr_0 = 5.6546e-04
Loss = 4.8477e-01, PNorm = 22.9366, GNorm = 0.6823, lr_0 = 5.6101e-04
Validation auc = 0.845877
Epoch 9
Loss = 5.3015e-01, PNorm = 22.9492, GNorm = 0.9014, lr_0 = 5.5615e-04
Loss = 5.1225e-01, PNorm = 22.9604, GNorm = 1.3743, lr_0 = 5.5177e-04
Loss = 5.1674e-01, PNorm = 22.9731, GNorm = 0.5773, lr_0 = 5.4742e-04
Loss = 4.7614e-01, PNorm = 22.9856, GNorm = 0.7209, lr_0 = 5.4311e-04
Loss = 4.7583e-01, PNorm = 23.0006, GNorm = 0.5794, lr_0 = 5.3884e-04
Loss = 5.0021e-01, PNorm = 23.0135, GNorm = 1.0359, lr_0 = 5.3459e-04
Loss = 4.8059e-01, PNorm = 23.0225, GNorm = 0.9133, lr_0 = 5.3038e-04
Loss = 4.8093e-01, PNorm = 23.0303, GNorm = 0.9683, lr_0 = 5.2620e-04
Loss = 4.8077e-01, PNorm = 23.0448, GNorm = 0.6974, lr_0 = 5.2206e-04
Loss = 5.1275e-01, PNorm = 23.0544, GNorm = 0.7741, lr_0 = 5.1795e-04
Loss = 4.4628e-01, PNorm = 23.0652, GNorm = 0.5819, lr_0 = 5.1387e-04
Loss = 4.3601e-01, PNorm = 23.0666, GNorm = 2.2921, lr_0 = 5.1346e-04
Validation auc = 0.853875
Epoch 10
Loss = 4.6622e-01, PNorm = 23.0820, GNorm = 0.9402, lr_0 = 5.0942e-04
Loss = 4.8547e-01, PNorm = 23.0911, GNorm = 1.1176, lr_0 = 5.0541e-04
Loss = 4.7669e-01, PNorm = 23.1001, GNorm = 0.7304, lr_0 = 5.0143e-04
Loss = 4.6469e-01, PNorm = 23.1092, GNorm = 0.9784, lr_0 = 4.9748e-04
Loss = 4.9553e-01, PNorm = 23.1165, GNorm = 0.9412, lr_0 = 4.9356e-04
Loss = 4.6624e-01, PNorm = 23.1243, GNorm = 1.0172, lr_0 = 4.8967e-04
Loss = 4.9454e-01, PNorm = 23.1331, GNorm = 1.1982, lr_0 = 4.8581e-04
Loss = 4.6921e-01, PNorm = 23.1450, GNorm = 0.6851, lr_0 = 4.8199e-04
Loss = 5.0574e-01, PNorm = 23.1531, GNorm = 1.3944, lr_0 = 4.7819e-04
Loss = 5.2188e-01, PNorm = 23.1587, GNorm = 0.7632, lr_0 = 4.7443e-04
Validation auc = 0.859141
Epoch 11
Loss = 4.4386e-01, PNorm = 23.1727, GNorm = 1.3835, lr_0 = 4.7032e-04
Loss = 5.0178e-01, PNorm = 23.1858, GNorm = 0.9555, lr_0 = 4.6661e-04
Loss = 4.5902e-01, PNorm = 23.1944, GNorm = 0.7117, lr_0 = 4.6294e-04
Loss = 4.7421e-01, PNorm = 23.2048, GNorm = 0.7452, lr_0 = 4.5929e-04
Loss = 4.4778e-01, PNorm = 23.2169, GNorm = 0.6476, lr_0 = 4.5567e-04
Loss = 4.3655e-01, PNorm = 23.2273, GNorm = 1.2551, lr_0 = 4.5208e-04
Loss = 5.0071e-01, PNorm = 23.2370, GNorm = 1.2211, lr_0 = 4.4852e-04
Loss = 5.0972e-01, PNorm = 23.2419, GNorm = 1.6330, lr_0 = 4.4499e-04
Loss = 4.7513e-01, PNorm = 23.2489, GNorm = 0.6395, lr_0 = 4.4149e-04
Loss = 5.1259e-01, PNorm = 23.2530, GNorm = 1.7471, lr_0 = 4.3801e-04
Validation auc = 0.860779
Epoch 12
Loss = 4.5779e-01, PNorm = 23.2599, GNorm = 0.9742, lr_0 = 4.3422e-04
Loss = 5.2065e-01, PNorm = 23.2686, GNorm = 1.6965, lr_0 = 4.3080e-04
Loss = 4.9204e-01, PNorm = 23.2742, GNorm = 0.6123, lr_0 = 4.2740e-04
Loss = 5.0098e-01, PNorm = 23.2838, GNorm = 0.7366, lr_0 = 4.2404e-04
Loss = 4.5049e-01, PNorm = 23.2965, GNorm = 0.8371, lr_0 = 4.2070e-04
Loss = 4.9004e-01, PNorm = 23.3061, GNorm = 1.3602, lr_0 = 4.1738e-04
Loss = 4.4847e-01, PNorm = 23.3172, GNorm = 1.0014, lr_0 = 4.1410e-04
Loss = 4.4804e-01, PNorm = 23.3240, GNorm = 1.0439, lr_0 = 4.1084e-04
Loss = 4.7404e-01, PNorm = 23.3330, GNorm = 0.8067, lr_0 = 4.0760e-04
Loss = 4.6964e-01, PNorm = 23.3377, GNorm = 0.8548, lr_0 = 4.0439e-04
Loss = 4.9315e-01, PNorm = 23.3418, GNorm = 1.6283, lr_0 = 4.0120e-04
Validation auc = 0.864521
Epoch 13
Loss = 4.4064e-01, PNorm = 23.3526, GNorm = 0.6717, lr_0 = 3.9804e-04
Loss = 5.0429e-01, PNorm = 23.3613, GNorm = 1.3006, lr_0 = 3.9491e-04
Loss = 4.6779e-01, PNorm = 23.3696, GNorm = 2.2383, lr_0 = 3.9180e-04
Loss = 4.7033e-01, PNorm = 23.3789, GNorm = 0.6290, lr_0 = 3.8871e-04
Loss = 4.6161e-01, PNorm = 23.3858, GNorm = 1.5718, lr_0 = 3.8565e-04
Loss = 4.5116e-01, PNorm = 23.3956, GNorm = 1.3334, lr_0 = 3.8261e-04
Loss = 4.6953e-01, PNorm = 23.4014, GNorm = 0.8453, lr_0 = 3.7960e-04
Loss = 4.6801e-01, PNorm = 23.4088, GNorm = 1.2581, lr_0 = 3.7661e-04
Loss = 4.7305e-01, PNorm = 23.4153, GNorm = 0.9624, lr_0 = 3.7364e-04
Loss = 4.6274e-01, PNorm = 23.4205, GNorm = 1.4369, lr_0 = 3.7070e-04
Validation auc = 0.864769
Epoch 14
Loss = 5.5312e-01, PNorm = 23.4230, GNorm = 1.1631, lr_0 = 3.6749e-04
Loss = 4.8213e-01, PNorm = 23.4258, GNorm = 0.8120, lr_0 = 3.6460e-04
Loss = 4.8003e-01, PNorm = 23.4295, GNorm = 1.1085, lr_0 = 3.6173e-04
Loss = 4.6879e-01, PNorm = 23.4335, GNorm = 0.9829, lr_0 = 3.5888e-04
Loss = 4.7197e-01, PNorm = 23.4416, GNorm = 1.3528, lr_0 = 3.5605e-04
Loss = 4.5736e-01, PNorm = 23.4525, GNorm = 1.1448, lr_0 = 3.5325e-04
Loss = 4.3215e-01, PNorm = 23.4665, GNorm = 1.3914, lr_0 = 3.5046e-04
Loss = 4.7199e-01, PNorm = 23.4782, GNorm = 0.9241, lr_0 = 3.4770e-04
Loss = 4.8986e-01, PNorm = 23.4852, GNorm = 0.6926, lr_0 = 3.4496e-04
Loss = 4.8988e-01, PNorm = 23.4903, GNorm = 2.0086, lr_0 = 3.4225e-04
Loss = 4.4228e-01, PNorm = 23.4962, GNorm = 1.5693, lr_0 = 3.3955e-04
Validation auc = 0.866045
Epoch 15
Loss = 5.0094e-01, PNorm = 23.5039, GNorm = 1.2020, lr_0 = 3.3661e-04
Loss = 4.4365e-01, PNorm = 23.5095, GNorm = 2.0075, lr_0 = 3.3396e-04
Loss = 4.9631e-01, PNorm = 23.5127, GNorm = 1.9347, lr_0 = 3.3133e-04
Loss = 4.5313e-01, PNorm = 23.5174, GNorm = 1.1701, lr_0 = 3.2872e-04
Loss = 5.1792e-01, PNorm = 23.5215, GNorm = 1.3858, lr_0 = 3.2613e-04
Loss = 4.2906e-01, PNorm = 23.5303, GNorm = 1.2283, lr_0 = 3.2356e-04
Loss = 4.8196e-01, PNorm = 23.5384, GNorm = 0.8926, lr_0 = 3.2101e-04
Loss = 4.5944e-01, PNorm = 23.5435, GNorm = 1.2523, lr_0 = 3.1849e-04
Loss = 4.4513e-01, PNorm = 23.5484, GNorm = 2.4790, lr_0 = 3.1598e-04
Loss = 4.2337e-01, PNorm = 23.5552, GNorm = 1.2305, lr_0 = 3.1349e-04
Validation auc = 0.866978
Epoch 16
Loss = 4.1046e-01, PNorm = 23.5618, GNorm = 0.8450, lr_0 = 3.1077e-04
Loss = 4.6183e-01, PNorm = 23.5677, GNorm = 1.3739, lr_0 = 3.0833e-04
Loss = 4.4155e-01, PNorm = 23.5732, GNorm = 1.4365, lr_0 = 3.0590e-04
Loss = 4.3603e-01, PNorm = 23.5796, GNorm = 0.7836, lr_0 = 3.0349e-04
Loss = 4.2456e-01, PNorm = 23.5851, GNorm = 1.4306, lr_0 = 3.0110e-04
Loss = 4.5103e-01, PNorm = 23.5895, GNorm = 0.7975, lr_0 = 2.9873e-04
Loss = 4.8246e-01, PNorm = 23.5930, GNorm = 0.7794, lr_0 = 2.9637e-04
Loss = 4.9246e-01, PNorm = 23.5959, GNorm = 1.0485, lr_0 = 2.9404e-04
Loss = 4.5641e-01, PNorm = 23.5993, GNorm = 0.9621, lr_0 = 2.9172e-04
Loss = 4.8463e-01, PNorm = 23.6035, GNorm = 1.5954, lr_0 = 2.8943e-04
Validation auc = 0.869034
Epoch 17
Loss = 3.8723e-01, PNorm = 23.6102, GNorm = 0.7202, lr_0 = 2.8692e-04
Loss = 4.2928e-01, PNorm = 23.6202, GNorm = 1.1182, lr_0 = 2.8466e-04
Loss = 4.2000e-01, PNorm = 23.6295, GNorm = 1.0343, lr_0 = 2.8242e-04
Loss = 4.4915e-01, PNorm = 23.6357, GNorm = 0.6717, lr_0 = 2.8019e-04
Loss = 4.5590e-01, PNorm = 23.6405, GNorm = 1.3583, lr_0 = 2.7799e-04
Loss = 4.8458e-01, PNorm = 23.6426, GNorm = 1.6325, lr_0 = 2.7580e-04
Loss = 4.7651e-01, PNorm = 23.6451, GNorm = 0.8659, lr_0 = 2.7363e-04
Loss = 4.4043e-01, PNorm = 23.6489, GNorm = 1.1540, lr_0 = 2.7147e-04
Loss = 4.7100e-01, PNorm = 23.6513, GNorm = 0.9606, lr_0 = 2.6933e-04
Loss = 4.5060e-01, PNorm = 23.6560, GNorm = 0.7275, lr_0 = 2.6721e-04
Loss = 4.6667e-01, PNorm = 23.6592, GNorm = 1.0096, lr_0 = 2.6511e-04
Validation auc = 0.867292
Epoch 18
Loss = 4.7536e-01, PNorm = 23.6636, GNorm = 1.1005, lr_0 = 2.6281e-04
Loss = 4.2511e-01, PNorm = 23.6698, GNorm = 1.5450, lr_0 = 2.6074e-04
Loss = 4.4802e-01, PNorm = 23.6747, GNorm = 1.7506, lr_0 = 2.5869e-04
Loss = 4.4790e-01, PNorm = 23.6810, GNorm = 1.4734, lr_0 = 2.5665e-04
Loss = 4.2460e-01, PNorm = 23.6873, GNorm = 0.8649, lr_0 = 2.5463e-04
Loss = 4.1098e-01, PNorm = 23.6934, GNorm = 0.9672, lr_0 = 2.5262e-04
Loss = 4.7362e-01, PNorm = 23.6965, GNorm = 1.7904, lr_0 = 2.5063e-04
Loss = 5.0578e-01, PNorm = 23.6976, GNorm = 0.7049, lr_0 = 2.4866e-04
Loss = 4.4051e-01, PNorm = 23.6983, GNorm = 1.7869, lr_0 = 2.4670e-04
Loss = 4.7948e-01, PNorm = 23.7004, GNorm = 1.4113, lr_0 = 2.4476e-04
Validation auc = 0.867549
Epoch 19
Loss = 5.1347e-01, PNorm = 23.7034, GNorm = 0.6832, lr_0 = 2.4264e-04
Loss = 4.6465e-01, PNorm = 23.7065, GNorm = 1.1569, lr_0 = 2.4073e-04
Loss = 4.5075e-01, PNorm = 23.7096, GNorm = 1.2539, lr_0 = 2.3883e-04
Loss = 4.7266e-01, PNorm = 23.7119, GNorm = 0.7564, lr_0 = 2.3695e-04
Loss = 4.3643e-01, PNorm = 23.7161, GNorm = 1.0392, lr_0 = 2.3508e-04
Loss = 4.3678e-01, PNorm = 23.7211, GNorm = 2.1357, lr_0 = 2.3323e-04
Loss = 4.7626e-01, PNorm = 23.7243, GNorm = 1.9231, lr_0 = 2.3140e-04
Loss = 4.6616e-01, PNorm = 23.7259, GNorm = 1.4810, lr_0 = 2.2957e-04
Loss = 4.4328e-01, PNorm = 23.7298, GNorm = 1.2437, lr_0 = 2.2776e-04
Loss = 4.0800e-01, PNorm = 23.7357, GNorm = 1.0966, lr_0 = 2.2597e-04
Loss = 4.4196e-01, PNorm = 23.7412, GNorm = 1.7172, lr_0 = 2.2419e-04
Validation auc = 0.869863
Epoch 20
Loss = 4.8141e-01, PNorm = 23.7442, GNorm = 0.9440, lr_0 = 2.2225e-04
Loss = 4.1692e-01, PNorm = 23.7492, GNorm = 1.4506, lr_0 = 2.2050e-04
Loss = 4.8968e-01, PNorm = 23.7538, GNorm = 1.0459, lr_0 = 2.1876e-04
Loss = 4.7563e-01, PNorm = 23.7585, GNorm = 0.9340, lr_0 = 2.1704e-04
Loss = 4.4162e-01, PNorm = 23.7609, GNorm = 1.4805, lr_0 = 2.1533e-04
Loss = 4.5308e-01, PNorm = 23.7644, GNorm = 1.2006, lr_0 = 2.1363e-04
Loss = 4.4169e-01, PNorm = 23.7671, GNorm = 1.1874, lr_0 = 2.1195e-04
Loss = 4.4511e-01, PNorm = 23.7699, GNorm = 0.8070, lr_0 = 2.1028e-04
Loss = 4.5698e-01, PNorm = 23.7731, GNorm = 1.4624, lr_0 = 2.0863e-04
Loss = 4.0896e-01, PNorm = 23.7776, GNorm = 0.9665, lr_0 = 2.0698e-04
Validation auc = 0.870644
Epoch 21
Loss = 4.6970e-01, PNorm = 23.7835, GNorm = 0.8103, lr_0 = 2.0519e-04
Loss = 4.5303e-01, PNorm = 23.7884, GNorm = 0.9141, lr_0 = 2.0357e-04
Loss = 4.7983e-01, PNorm = 23.7905, GNorm = 1.5261, lr_0 = 2.0197e-04
Loss = 4.4735e-01, PNorm = 23.7930, GNorm = 0.9539, lr_0 = 2.0038e-04
Loss = 4.3842e-01, PNorm = 23.7954, GNorm = 1.1653, lr_0 = 1.9880e-04
Loss = 4.0315e-01, PNorm = 23.7991, GNorm = 1.3849, lr_0 = 1.9724e-04
Loss = 4.9174e-01, PNorm = 23.8018, GNorm = 0.9707, lr_0 = 1.9568e-04
Loss = 4.2723e-01, PNorm = 23.8047, GNorm = 1.1330, lr_0 = 1.9414e-04
Loss = 4.1039e-01, PNorm = 23.8092, GNorm = 0.5907, lr_0 = 1.9261e-04
Loss = 4.1330e-01, PNorm = 23.8143, GNorm = 0.6525, lr_0 = 1.9110e-04
Validation auc = 0.873386
Epoch 22
Loss = 4.0331e-01, PNorm = 23.8187, GNorm = 0.7726, lr_0 = 1.8944e-04
Loss = 4.3772e-01, PNorm = 23.8227, GNorm = 2.3607, lr_0 = 1.8795e-04
Loss = 4.6002e-01, PNorm = 23.8254, GNorm = 1.1155, lr_0 = 1.8647e-04
Loss = 4.3724e-01, PNorm = 23.8281, GNorm = 1.1993, lr_0 = 1.8500e-04
Loss = 4.0647e-01, PNorm = 23.8322, GNorm = 0.8172, lr_0 = 1.8354e-04
Loss = 4.6663e-01, PNorm = 23.8356, GNorm = 1.5124, lr_0 = 1.8210e-04
Loss = 4.0810e-01, PNorm = 23.8397, GNorm = 1.9886, lr_0 = 1.8066e-04
Loss = 4.8204e-01, PNorm = 23.8404, GNorm = 0.8666, lr_0 = 1.7924e-04
Loss = 4.6120e-01, PNorm = 23.8434, GNorm = 0.7557, lr_0 = 1.7783e-04
Loss = 4.7441e-01, PNorm = 23.8461, GNorm = 1.4371, lr_0 = 1.7643e-04
Loss = 4.8880e-01, PNorm = 23.8471, GNorm = 1.2713, lr_0 = 1.7504e-04
Validation auc = 0.872224
Epoch 23
Loss = 4.4254e-01, PNorm = 23.8486, GNorm = 0.8878, lr_0 = 1.7352e-04
Loss = 4.3492e-01, PNorm = 23.8513, GNorm = 0.8212, lr_0 = 1.7216e-04
Loss = 4.3091e-01, PNorm = 23.8540, GNorm = 1.1401, lr_0 = 1.7080e-04
Loss = 4.2571e-01, PNorm = 23.8587, GNorm = 1.7632, lr_0 = 1.6945e-04
Loss = 4.4025e-01, PNorm = 23.8615, GNorm = 1.4668, lr_0 = 1.6812e-04
Loss = 4.6553e-01, PNorm = 23.8636, GNorm = 1.0844, lr_0 = 1.6680e-04
Loss = 4.3117e-01, PNorm = 23.8667, GNorm = 0.9052, lr_0 = 1.6548e-04
Loss = 4.6543e-01, PNorm = 23.8696, GNorm = 1.0643, lr_0 = 1.6418e-04
Loss = 4.2928e-01, PNorm = 23.8714, GNorm = 1.1347, lr_0 = 1.6289e-04
Loss = 4.4190e-01, PNorm = 23.8740, GNorm = 1.1535, lr_0 = 1.6160e-04
Validation auc = 0.873100
Epoch 24
Loss = 3.7074e-01, PNorm = 23.8772, GNorm = 1.1682, lr_0 = 1.6020e-04
Loss = 3.9417e-01, PNorm = 23.8816, GNorm = 0.7212, lr_0 = 1.5894e-04
Loss = 4.4422e-01, PNorm = 23.8871, GNorm = 0.7366, lr_0 = 1.5769e-04
Loss = 4.3147e-01, PNorm = 23.8898, GNorm = 1.3925, lr_0 = 1.5645e-04
Loss = 4.3011e-01, PNorm = 23.8928, GNorm = 1.2970, lr_0 = 1.5522e-04
Loss = 4.5004e-01, PNorm = 23.8946, GNorm = 1.0291, lr_0 = 1.5399e-04
Loss = 4.6943e-01, PNorm = 23.8957, GNorm = 1.1078, lr_0 = 1.5278e-04
Loss = 4.9238e-01, PNorm = 23.8960, GNorm = 0.9198, lr_0 = 1.5158e-04
Loss = 4.5460e-01, PNorm = 23.8974, GNorm = 1.4538, lr_0 = 1.5038e-04
Loss = 4.3575e-01, PNorm = 23.8996, GNorm = 1.5035, lr_0 = 1.4920e-04
Loss = 4.2350e-01, PNorm = 23.9027, GNorm = 1.3436, lr_0 = 1.4802e-04
Validation auc = 0.874557
Epoch 25
Loss = 4.3833e-01, PNorm = 23.9028, GNorm = 1.2767, lr_0 = 1.4686e-04
Loss = 4.4027e-01, PNorm = 23.9056, GNorm = 1.2197, lr_0 = 1.4570e-04
Loss = 4.0908e-01, PNorm = 23.9076, GNorm = 1.0144, lr_0 = 1.4455e-04
Loss = 4.1527e-01, PNorm = 23.9104, GNorm = 1.3997, lr_0 = 1.4341e-04
Loss = 4.6527e-01, PNorm = 23.9121, GNorm = 1.6372, lr_0 = 1.4229e-04
Loss = 4.7687e-01, PNorm = 23.9140, GNorm = 1.8792, lr_0 = 1.4116e-04
Loss = 4.4390e-01, PNorm = 23.9157, GNorm = 0.8859, lr_0 = 1.4005e-04
Loss = 4.2930e-01, PNorm = 23.9178, GNorm = 1.1389, lr_0 = 1.3895e-04
Loss = 4.2845e-01, PNorm = 23.9208, GNorm = 1.0000, lr_0 = 1.3786e-04
Loss = 4.4164e-01, PNorm = 23.9242, GNorm = 0.9020, lr_0 = 1.3677e-04
Validation auc = 0.873729
Epoch 26
Loss = 4.1890e-01, PNorm = 23.9276, GNorm = 1.0447, lr_0 = 1.3558e-04
Loss = 4.3196e-01, PNorm = 23.9301, GNorm = 1.0403, lr_0 = 1.3452e-04
Loss = 4.1919e-01, PNorm = 23.9335, GNorm = 1.2913, lr_0 = 1.3346e-04
Loss = 4.2354e-01, PNorm = 23.9360, GNorm = 0.9691, lr_0 = 1.3241e-04
Loss = 4.5728e-01, PNorm = 23.9374, GNorm = 1.1982, lr_0 = 1.3136e-04
Loss = 4.7893e-01, PNorm = 23.9383, GNorm = 0.8516, lr_0 = 1.3033e-04
Loss = 4.6703e-01, PNorm = 23.9400, GNorm = 1.2495, lr_0 = 1.2930e-04
Loss = 4.4998e-01, PNorm = 23.9411, GNorm = 1.2184, lr_0 = 1.2828e-04
Loss = 4.1504e-01, PNorm = 23.9441, GNorm = 1.2113, lr_0 = 1.2727e-04
Loss = 4.0546e-01, PNorm = 23.9472, GNorm = 1.3304, lr_0 = 1.2627e-04
Loss = 4.5622e-01, PNorm = 23.9492, GNorm = 1.6186, lr_0 = 1.2528e-04
Loss = 2.7541e-01, PNorm = 23.9494, GNorm = 3.3679, lr_0 = 1.2518e-04
Validation auc = 0.874272
Epoch 27
Loss = 4.3166e-01, PNorm = 23.9521, GNorm = 1.5428, lr_0 = 1.2419e-04
Loss = 4.6074e-01, PNorm = 23.9549, GNorm = 1.7338, lr_0 = 1.2321e-04
Loss = 4.4372e-01, PNorm = 23.9567, GNorm = 1.8258, lr_0 = 1.2224e-04
Loss = 4.6056e-01, PNorm = 23.9586, GNorm = 1.0814, lr_0 = 1.2128e-04
Loss = 4.2059e-01, PNorm = 23.9595, GNorm = 0.9206, lr_0 = 1.2033e-04
Loss = 4.1625e-01, PNorm = 23.9616, GNorm = 1.1682, lr_0 = 1.1938e-04
Loss = 4.3133e-01, PNorm = 23.9636, GNorm = 1.3170, lr_0 = 1.1844e-04
Loss = 4.1099e-01, PNorm = 23.9657, GNorm = 1.2296, lr_0 = 1.1750e-04
Loss = 4.6432e-01, PNorm = 23.9670, GNorm = 1.5576, lr_0 = 1.1658e-04
Loss = 4.1071e-01, PNorm = 23.9685, GNorm = 0.8233, lr_0 = 1.1566e-04
Validation auc = 0.874710
Epoch 28
Loss = 3.9433e-01, PNorm = 23.9708, GNorm = 1.2253, lr_0 = 1.1466e-04
Loss = 4.7273e-01, PNorm = 23.9725, GNorm = 1.1610, lr_0 = 1.1376e-04
Loss = 4.3484e-01, PNorm = 23.9740, GNorm = 0.8904, lr_0 = 1.1286e-04
Loss = 4.2864e-01, PNorm = 23.9761, GNorm = 2.2629, lr_0 = 1.1197e-04
Loss = 3.9354e-01, PNorm = 23.9779, GNorm = 1.1878, lr_0 = 1.1109e-04
Loss = 4.0330e-01, PNorm = 23.9803, GNorm = 1.8800, lr_0 = 1.1021e-04
Loss = 4.6204e-01, PNorm = 23.9832, GNorm = 1.0017, lr_0 = 1.0935e-04
Loss = 4.6413e-01, PNorm = 23.9848, GNorm = 1.1064, lr_0 = 1.0849e-04
Loss = 4.4709e-01, PNorm = 23.9855, GNorm = 1.4838, lr_0 = 1.0763e-04
Loss = 4.8097e-01, PNorm = 23.9864, GNorm = 1.1986, lr_0 = 1.0678e-04
Validation auc = 0.875090
Epoch 29
Loss = 3.8419e-01, PNorm = 23.9881, GNorm = 1.3944, lr_0 = 1.0586e-04
Loss = 4.3183e-01, PNorm = 23.9895, GNorm = 1.2881, lr_0 = 1.0502e-04
Loss = 4.4106e-01, PNorm = 23.9903, GNorm = 0.7837, lr_0 = 1.0420e-04
Loss = 4.6462e-01, PNorm = 23.9918, GNorm = 1.1030, lr_0 = 1.0338e-04
Loss = 4.5582e-01, PNorm = 23.9931, GNorm = 1.1235, lr_0 = 1.0256e-04
Loss = 4.3297e-01, PNorm = 23.9947, GNorm = 1.5987, lr_0 = 1.0175e-04
Loss = 4.4252e-01, PNorm = 23.9959, GNorm = 1.0688, lr_0 = 1.0095e-04
Loss = 4.1221e-01, PNorm = 23.9981, GNorm = 0.9311, lr_0 = 1.0016e-04
Loss = 4.3291e-01, PNorm = 23.9999, GNorm = 0.8148, lr_0 = 1.0000e-04
Loss = 4.5704e-01, PNorm = 24.0014, GNorm = 1.1005, lr_0 = 1.0000e-04
Loss = 4.2189e-01, PNorm = 24.0033, GNorm = 1.5514, lr_0 = 1.0000e-04
Validation auc = 0.874976
Model 0 best validation auc = 0.875090 on epoch 28
Loading pretrained parameter "encoder.encoder.0.cached_zero_vector".
Loading pretrained parameter "encoder.encoder.0.W_i.weight".
Loading pretrained parameter "encoder.encoder.0.W_h.weight".
Loading pretrained parameter "encoder.encoder.0.W_o.weight".
Loading pretrained parameter "encoder.encoder.0.W_o.bias".
Loading pretrained parameter "ffn.1.weight".
Loading pretrained parameter "ffn.1.bias".
Loading pretrained parameter "ffn.4.weight".
Loading pretrained parameter "ffn.4.bias".
Moving model to cuda
Model 0 test auc = 0.863371
Ensemble test auc = 0.863371
1-fold cross validation
	Seed 0 ==> test auc = 0.863371
Overall test auc = 0.863371 +/- 0.000000
Elapsed time = 0:01:42
