Command line
python /home/jxy/anaconda3/envs/chemprop_1119/bin/chemprop_train --data_path data/train_full.csv --dataset_type classification --save_dir checkpoints_9 --config_path hyperoptfile --epochs 100 --separate_test_path data/test_random_nocanonical.csv --separate_val_path data/val_full.csv --features_generator rdkit_2d_normalized --no_features_scaling
Args
{'activation': 'ReLU',
 'aggregation': 'mean',
 'aggregation_norm': 100,
 'alternative_loss_function': None,
 'atom_descriptor_scaling': True,
 'atom_descriptors': None,
 'atom_descriptors_path': None,
 'atom_descriptors_size': 0,
 'atom_features_size': 0,
 'atom_messages': False,
 'batch_size': 50,
 'bias': False,
 'bond_feature_scaling': True,
 'bond_features_path': None,
 'bond_features_size': 0,
 'cache_cutoff': 10000,
 'checkpoint_dir': None,
 'checkpoint_frzn': None,
 'checkpoint_path': None,
 'checkpoint_paths': None,
 'class_balance': False,
 'config_path': 'hyperoptfile',
 'crossval_index_dir': None,
 'crossval_index_file': None,
 'crossval_index_sets': None,
 'cuda': True,
 'data_path': 'data/train_full.csv',
 'data_weights_path': None,
 'dataset_type': 'classification',
 'depth': 3,
 'device': device(type='cuda'),
 'dropout': 0.35,
 'empty_cache': False,
 'ensemble_size': 1,
 'epochs': 100,
 'explicit_h': False,
 'extra_metrics': [],
 'features_generator': ['rdkit_2d_normalized'],
 'features_only': False,
 'features_path': None,
 'features_scaling': False,
 'features_size': None,
 'ffn_hidden_size': 600,
 'ffn_num_layers': 2,
 'final_lr': 0.0001,
 'folds_file': None,
 'freeze_first_only': False,
 'frzn_ffn_layers': 0,
 'gpu': None,
 'grad_clip': None,
 'hidden_size': 600,
 'ignore_columns': None,
 'init_lr': 0.0001,
 'log_frequency': 10,
 'max_data_size': None,
 'max_lr': 0.001,
 'metric': 'auc',
 'metrics': ['auc'],
 'minimize_score': False,
 'mpn_shared': False,
 'multiclass_num_classes': 3,
 'no_atom_descriptor_scaling': False,
 'no_bond_features_scaling': False,
 'no_cache_mol': False,
 'no_cuda': False,
 'no_features_scaling': True,
 'num_folds': 1,
 'num_lrs': 1,
 'num_tasks': 1,
 'num_workers': 8,
 'number_of_molecules': 1,
 'overwrite_default_atom_features': False,
 'overwrite_default_bond_features': False,
 'phase_features_path': None,
 'pytorch_seed': 0,
 'quiet': False,
 'reaction': False,
 'reaction_mode': 'reac_diff',
 'resume_experiment': False,
 'save_dir': 'checkpoints_9',
 'save_preds': False,
 'save_smiles_splits': False,
 'seed': 0,
 'separate_test_atom_descriptors_path': None,
 'separate_test_bond_features_path': None,
 'separate_test_features_path': None,
 'separate_test_path': 'data/test_random_nocanonical.csv',
 'separate_test_phase_features_path': None,
 'separate_val_atom_descriptors_path': None,
 'separate_val_bond_features_path': None,
 'separate_val_features_path': None,
 'separate_val_path': 'data/val_full.csv',
 'separate_val_phase_features_path': None,
 'show_individual_scores': False,
 'smiles_columns': ['Smile'],
 'spectra_activation': 'exp',
 'spectra_phase_mask_path': None,
 'spectra_target_floor': 1e-08,
 'split_sizes': (0.8, 0.1, 0.1),
 'split_type': 'random',
 'target_columns': None,
 'target_weights': None,
 'task_names': ['Label'],
 'test': False,
 'test_fold_index': None,
 'train_data_size': None,
 'undirected': False,
 'use_input_features': True,
 'val_fold_index': None,
 'warmup_epochs': 2.0}
Setting molecule featurization parameters to default.
Loading data
Number of tasks = 1
Fold 0
Splitting data with seed 0
Class sizes
Label 0: 46.78%, 1: 53.22%
Total size = 1,041 | train size = 1,041 | val size = 116 | test size = 290
Building model 0
MoleculeModel(
  (sigmoid): Sigmoid()
  (encoder): MPN(
    (encoder): ModuleList(
      (0): MPNEncoder(
        (dropout_layer): Dropout(p=0.35, inplace=False)
        (act_func): ReLU()
        (W_i): Linear(in_features=147, out_features=600, bias=False)
        (W_h): Linear(in_features=600, out_features=600, bias=False)
        (W_o): Linear(in_features=733, out_features=600, bias=True)
      )
    )
  )
  (ffn): Sequential(
    (0): Dropout(p=0.35, inplace=False)
    (1): Linear(in_features=800, out_features=600, bias=True)
    (2): ReLU()
    (3): Dropout(p=0.35, inplace=False)
    (4): Linear(in_features=600, out_features=1, bias=True)
  )
)
Number of parameters = 1,370,401
Moving model to cuda
Epoch 0
Loss = 7.2178e-01, PNorm = 46.7646, GNorm = 1.5288, lr_0 = 3.4750e-04
Loss = 6.9789e-01, PNorm = 46.7812, GNorm = 2.5578, lr_0 = 5.7250e-04
Loss = 5.9279e-01, PNorm = 46.7837, GNorm = 1.1328, lr_0 = 5.9500e-04
Validation auc = 0.704539
Epoch 1
Loss = 6.4961e-01, PNorm = 46.8192, GNorm = 1.2373, lr_0 = 8.2000e-04
Loss = 6.6950e-01, PNorm = 46.8665, GNorm = 1.2866, lr_0 = 9.9765e-04
Validation auc = 0.720682
Epoch 2
Loss = 6.5032e-01, PNorm = 46.9182, GNorm = 2.0316, lr_0 = 9.8600e-04
Loss = 6.8143e-01, PNorm = 46.9613, GNorm = 0.9304, lr_0 = 9.7449e-04
Validation auc = 0.756016
Epoch 3
Loss = 6.3650e-01, PNorm = 47.0025, GNorm = 0.6684, lr_0 = 9.6310e-04
Loss = 6.3832e-01, PNorm = 47.0388, GNorm = 1.1229, lr_0 = 9.5186e-04
Validation auc = 0.760889
Epoch 4
Loss = 5.9550e-01, PNorm = 47.0749, GNorm = 0.7084, lr_0 = 9.4074e-04
Loss = 6.1681e-01, PNorm = 47.1155, GNorm = 1.0283, lr_0 = 9.2975e-04
Validation auc = 0.769418
Epoch 5
Loss = 6.2675e-01, PNorm = 47.1500, GNorm = 0.9305, lr_0 = 9.1889e-04
Loss = 6.0748e-01, PNorm = 47.1944, GNorm = 0.6810, lr_0 = 9.0816e-04
Validation auc = 0.774596
Epoch 6
Loss = 6.4212e-01, PNorm = 47.2404, GNorm = 1.4931, lr_0 = 8.9650e-04
Loss = 6.1412e-01, PNorm = 47.2735, GNorm = 0.7464, lr_0 = 8.8603e-04
Validation auc = 0.779470
Epoch 7
Loss = 6.0240e-01, PNorm = 47.3185, GNorm = 0.9131, lr_0 = 8.7568e-04
Loss = 5.9942e-01, PNorm = 47.3651, GNorm = 1.1727, lr_0 = 8.6546e-04
Validation auc = 0.777338
Epoch 8
Loss = 5.9712e-01, PNorm = 47.4014, GNorm = 0.7972, lr_0 = 8.5535e-04
Loss = 6.0778e-01, PNorm = 47.4462, GNorm = 0.7072, lr_0 = 8.4536e-04
Validation auc = 0.786780
Epoch 9
Loss = 6.3104e-01, PNorm = 47.4950, GNorm = 0.6711, lr_0 = 8.3549e-04
Loss = 5.7974e-01, PNorm = 47.5365, GNorm = 0.7079, lr_0 = 8.2573e-04
Validation auc = 0.787085
Epoch 10
Loss = 5.8781e-01, PNorm = 47.5824, GNorm = 0.7538, lr_0 = 8.1608e-04
Loss = 6.0377e-01, PNorm = 47.6320, GNorm = 0.9558, lr_0 = 8.0655e-04
Validation auc = 0.785562
Epoch 11
Loss = 6.9727e-01, PNorm = 47.6758, GNorm = 1.0458, lr_0 = 7.9713e-04
Loss = 5.7063e-01, PNorm = 47.7220, GNorm = 0.9161, lr_0 = 7.8782e-04
Validation auc = 0.785562
Epoch 12
Loss = 5.3588e-01, PNorm = 47.7781, GNorm = 0.5980, lr_0 = 7.7771e-04
Loss = 5.6875e-01, PNorm = 47.8277, GNorm = 0.6775, lr_0 = 7.6862e-04
Loss = 5.9578e-01, PNorm = 47.8675, GNorm = 0.7893, lr_0 = 7.5965e-04
Validation auc = 0.782516
Epoch 13
Loss = 5.8302e-01, PNorm = 47.9186, GNorm = 0.5712, lr_0 = 7.5078e-04
Loss = 5.8266e-01, PNorm = 47.9710, GNorm = 0.6287, lr_0 = 7.4201e-04
Validation auc = 0.779775
Epoch 14
Loss = 5.7474e-01, PNorm = 48.0247, GNorm = 0.6388, lr_0 = 7.3334e-04
Loss = 5.9059e-01, PNorm = 48.0711, GNorm = 0.8659, lr_0 = 7.2478e-04
Validation auc = 0.781298
Epoch 15
Loss = 5.6446e-01, PNorm = 48.1346, GNorm = 0.7803, lr_0 = 7.1631e-04
Loss = 5.5540e-01, PNorm = 48.2010, GNorm = 0.8060, lr_0 = 7.0795e-04
Validation auc = 0.762108
Epoch 16
Loss = 5.6146e-01, PNorm = 48.2583, GNorm = 0.6915, lr_0 = 6.9968e-04
Loss = 5.5049e-01, PNorm = 48.3368, GNorm = 0.6715, lr_0 = 6.9151e-04
Validation auc = 0.774901
Epoch 17
Loss = 5.0719e-01, PNorm = 48.4078, GNorm = 0.6919, lr_0 = 6.8263e-04
Loss = 5.8471e-01, PNorm = 48.4743, GNorm = 0.9039, lr_0 = 6.7465e-04
Validation auc = 0.759062
Epoch 18
Loss = 5.5163e-01, PNorm = 48.5386, GNorm = 0.8688, lr_0 = 6.6678e-04
Loss = 5.1615e-01, PNorm = 48.6119, GNorm = 0.6652, lr_0 = 6.5899e-04
Validation auc = 0.768809
Epoch 19
Loss = 5.5858e-01, PNorm = 48.6766, GNorm = 1.1565, lr_0 = 6.5129e-04
Loss = 5.5246e-01, PNorm = 48.7488, GNorm = 1.0582, lr_0 = 6.4369e-04
Validation auc = 0.771855
Epoch 20
Loss = 5.4326e-01, PNorm = 48.8204, GNorm = 0.6481, lr_0 = 6.3617e-04
Loss = 5.3945e-01, PNorm = 48.8848, GNorm = 1.1302, lr_0 = 6.2874e-04
Validation auc = 0.756930
Epoch 21
Loss = 5.4898e-01, PNorm = 48.9570, GNorm = 0.8264, lr_0 = 6.2139e-04
Loss = 5.2551e-01, PNorm = 49.0244, GNorm = 0.7688, lr_0 = 6.1414e-04
Validation auc = 0.784039
Epoch 22
Loss = 5.2500e-01, PNorm = 49.0852, GNorm = 0.9169, lr_0 = 6.0696e-04
Loss = 5.1035e-01, PNorm = 49.1649, GNorm = 0.6459, lr_0 = 5.9988e-04
Validation auc = 0.771855
Epoch 23
Loss = 4.7746e-01, PNorm = 49.2336, GNorm = 0.6274, lr_0 = 5.9217e-04
Loss = 5.2169e-01, PNorm = 49.3069, GNorm = 0.8712, lr_0 = 5.8526e-04
Validation auc = 0.772160
Epoch 24
Loss = 4.6963e-01, PNorm = 49.3810, GNorm = 0.7171, lr_0 = 5.7842e-04
Loss = 5.1708e-01, PNorm = 49.4561, GNorm = 1.2939, lr_0 = 5.7167e-04
Loss = 5.4125e-01, PNorm = 49.5294, GNorm = 0.7848, lr_0 = 5.6499e-04
Validation auc = 0.773987
Epoch 25
Loss = 5.1651e-01, PNorm = 49.6010, GNorm = 0.6986, lr_0 = 5.5839e-04
Loss = 4.9749e-01, PNorm = 49.6772, GNorm = 0.6908, lr_0 = 5.5187e-04
Validation auc = 0.736826
Epoch 26
Loss = 5.2640e-01, PNorm = 49.7405, GNorm = 0.7712, lr_0 = 5.4542e-04
Loss = 5.1809e-01, PNorm = 49.8191, GNorm = 0.8897, lr_0 = 5.3905e-04
Validation auc = 0.806579
Epoch 27
Loss = 5.0198e-01, PNorm = 49.8944, GNorm = 1.2360, lr_0 = 5.3276e-04
Loss = 4.9505e-01, PNorm = 49.9644, GNorm = 0.6526, lr_0 = 5.2654e-04
Validation auc = 0.775510
Epoch 28
Loss = 4.6358e-01, PNorm = 50.0354, GNorm = 0.8495, lr_0 = 5.1978e-04
Loss = 5.1399e-01, PNorm = 50.0947, GNorm = 0.9136, lr_0 = 5.1371e-04
Validation auc = 0.782821
Epoch 29
Loss = 4.8716e-01, PNorm = 50.1597, GNorm = 0.9430, lr_0 = 5.0771e-04
Loss = 5.2988e-01, PNorm = 50.2282, GNorm = 0.7924, lr_0 = 5.0178e-04
Validation auc = 0.788913
Epoch 30
Loss = 4.5971e-01, PNorm = 50.3079, GNorm = 1.0385, lr_0 = 4.9592e-04
Loss = 4.8427e-01, PNorm = 50.3725, GNorm = 1.1183, lr_0 = 4.9012e-04
Validation auc = 0.761499
Epoch 31
Loss = 4.9287e-01, PNorm = 50.4396, GNorm = 0.8680, lr_0 = 4.8440e-04
Loss = 4.7638e-01, PNorm = 50.5090, GNorm = 0.8873, lr_0 = 4.7874e-04
Validation auc = 0.790740
Epoch 32
Loss = 4.4142e-01, PNorm = 50.5797, GNorm = 1.1483, lr_0 = 4.7315e-04
Loss = 4.8013e-01, PNorm = 50.6504, GNorm = 0.9745, lr_0 = 4.6763e-04
Validation auc = 0.773073
Epoch 33
Loss = 4.9250e-01, PNorm = 50.6986, GNorm = 0.7250, lr_0 = 4.6216e-04
Loss = 4.7913e-01, PNorm = 50.7642, GNorm = 1.0320, lr_0 = 4.5677e-04
Validation auc = 0.779775
Epoch 34
Loss = 4.7040e-01, PNorm = 50.8329, GNorm = 0.6208, lr_0 = 4.5090e-04
Loss = 4.0909e-01, PNorm = 50.9026, GNorm = 0.7297, lr_0 = 4.4564e-04
Validation auc = 0.776729
Epoch 35
Loss = 4.0247e-01, PNorm = 50.9590, GNorm = 0.8440, lr_0 = 4.4043e-04
Loss = 4.5860e-01, PNorm = 51.0238, GNorm = 0.8005, lr_0 = 4.3529e-04
Validation auc = 0.792568
Epoch 36
Loss = 6.2645e-01, PNorm = 51.0820, GNorm = 1.1933, lr_0 = 4.3020e-04
Loss = 4.5075e-01, PNorm = 51.1449, GNorm = 1.1037, lr_0 = 4.2518e-04
Loss = 4.4615e-01, PNorm = 51.2006, GNorm = 1.3630, lr_0 = 4.2021e-04
Validation auc = 0.779775
Epoch 37
Loss = 4.5827e-01, PNorm = 51.2533, GNorm = 0.9533, lr_0 = 4.1531e-04
Loss = 4.3282e-01, PNorm = 51.3094, GNorm = 0.7946, lr_0 = 4.1045e-04
Validation auc = 0.758148
Epoch 38
Loss = 4.7534e-01, PNorm = 51.3613, GNorm = 0.8721, lr_0 = 4.0566e-04
Loss = 4.2639e-01, PNorm = 51.4259, GNorm = 0.8813, lr_0 = 4.0092e-04
Validation auc = 0.778861
Epoch 39
Loss = 4.4157e-01, PNorm = 51.4901, GNorm = 1.0477, lr_0 = 3.9578e-04
Loss = 3.8806e-01, PNorm = 51.5541, GNorm = 0.9957, lr_0 = 3.9115e-04
Validation auc = 0.773378
Epoch 40
Loss = 3.8625e-01, PNorm = 51.6117, GNorm = 1.0981, lr_0 = 3.8658e-04
Loss = 4.4268e-01, PNorm = 51.6626, GNorm = 0.8955, lr_0 = 3.8207e-04
Validation auc = 0.801401
Epoch 41
Loss = 3.6859e-01, PNorm = 51.7161, GNorm = 0.8221, lr_0 = 3.7761e-04
Loss = 4.0762e-01, PNorm = 51.7732, GNorm = 0.8467, lr_0 = 3.7320e-04
Validation auc = 0.782211
Epoch 42
Loss = 3.9941e-01, PNorm = 51.8282, GNorm = 1.1461, lr_0 = 3.6884e-04
Loss = 4.2366e-01, PNorm = 51.8833, GNorm = 1.0134, lr_0 = 3.6453e-04
Validation auc = 0.788608
Epoch 43
Loss = 4.0400e-01, PNorm = 51.9353, GNorm = 1.0926, lr_0 = 3.6027e-04
Loss = 4.0597e-01, PNorm = 51.9929, GNorm = 1.1812, lr_0 = 3.5607e-04
Validation auc = 0.756625
Epoch 44
Loss = 4.6257e-01, PNorm = 52.0452, GNorm = 0.9038, lr_0 = 3.5191e-04
Loss = 4.0692e-01, PNorm = 52.0955, GNorm = 1.2284, lr_0 = 3.4780e-04
Validation auc = 0.764240
Epoch 45
Loss = 4.1331e-01, PNorm = 52.1554, GNorm = 0.6971, lr_0 = 3.4333e-04
Loss = 4.0417e-01, PNorm = 52.2078, GNorm = 1.3065, lr_0 = 3.3932e-04
Validation auc = 0.793177
Epoch 46
Loss = 4.0893e-01, PNorm = 52.2546, GNorm = 0.9449, lr_0 = 3.3536e-04
Loss = 3.9102e-01, PNorm = 52.3012, GNorm = 1.1753, lr_0 = 3.3144e-04
Validation auc = 0.781602
Epoch 47
Loss = 3.9133e-01, PNorm = 52.3503, GNorm = 0.8278, lr_0 = 3.2757e-04
Loss = 3.7280e-01, PNorm = 52.4046, GNorm = 1.4171, lr_0 = 3.2375e-04
Validation auc = 0.777947
Epoch 48
Loss = 2.8771e-01, PNorm = 52.4472, GNorm = 0.9695, lr_0 = 3.1996e-04
Loss = 3.9682e-01, PNorm = 52.4972, GNorm = 1.6990, lr_0 = 3.1623e-04
Loss = 3.6666e-01, PNorm = 52.5450, GNorm = 0.9796, lr_0 = 3.1253e-04
Validation auc = 0.785562
Epoch 49
Loss = 3.7267e-01, PNorm = 52.5923, GNorm = 0.9527, lr_0 = 3.0888e-04
Loss = 3.5801e-01, PNorm = 52.6370, GNorm = 0.9574, lr_0 = 3.0528e-04
Validation auc = 0.780384
Epoch 50
Loss = 3.7280e-01, PNorm = 52.6830, GNorm = 1.7440, lr_0 = 3.0171e-04
Loss = 3.8574e-01, PNorm = 52.7271, GNorm = 1.5400, lr_0 = 2.9819e-04
Validation auc = 0.777338
Epoch 51
Loss = 3.5665e-01, PNorm = 52.7773, GNorm = 2.1637, lr_0 = 2.9436e-04
Loss = 3.8651e-01, PNorm = 52.8204, GNorm = 1.4038, lr_0 = 2.9092e-04
Validation auc = 0.794700
Epoch 52
Loss = 3.3053e-01, PNorm = 52.8587, GNorm = 1.2729, lr_0 = 2.8752e-04
Loss = 3.7007e-01, PNorm = 52.9051, GNorm = 1.2631, lr_0 = 2.8417e-04
Validation auc = 0.775206
Epoch 53
Loss = 3.3014e-01, PNorm = 52.9480, GNorm = 0.9734, lr_0 = 2.8085e-04
Loss = 3.5415e-01, PNorm = 52.9848, GNorm = 0.9676, lr_0 = 2.7757e-04
Validation auc = 0.770332
Epoch 54
Loss = 3.0249e-01, PNorm = 53.0227, GNorm = 1.0318, lr_0 = 2.7432e-04
Loss = 3.5633e-01, PNorm = 53.0583, GNorm = 1.4803, lr_0 = 2.7112e-04
Validation auc = 0.779165
Epoch 55
Loss = 3.5321e-01, PNorm = 53.0909, GNorm = 2.9598, lr_0 = 2.6795e-04
Loss = 3.3836e-01, PNorm = 53.1202, GNorm = 1.2684, lr_0 = 2.6483e-04
Validation auc = 0.783125
Epoch 56
Loss = 3.5930e-01, PNorm = 53.1601, GNorm = 1.8803, lr_0 = 2.6142e-04
Loss = 3.1184e-01, PNorm = 53.1961, GNorm = 1.0873, lr_0 = 2.5837e-04
Validation auc = 0.783430
Epoch 57
Loss = 3.1187e-01, PNorm = 53.2336, GNorm = 0.9252, lr_0 = 2.5535e-04
Loss = 3.2715e-01, PNorm = 53.2685, GNorm = 1.0975, lr_0 = 2.5237e-04
Validation auc = 0.768504
Epoch 58
Loss = 3.3838e-01, PNorm = 53.3011, GNorm = 0.9851, lr_0 = 2.4942e-04
Loss = 3.0418e-01, PNorm = 53.3349, GNorm = 0.9940, lr_0 = 2.4651e-04
Validation auc = 0.762412
Epoch 59
Loss = 2.0830e-01, PNorm = 53.3668, GNorm = 1.1258, lr_0 = 2.4363e-04
Loss = 3.5855e-01, PNorm = 53.3936, GNorm = 1.1455, lr_0 = 2.4079e-04
Validation auc = 0.786780
Epoch 60
Loss = 2.4577e-01, PNorm = 53.4272, GNorm = 1.2572, lr_0 = 2.3797e-04
Loss = 3.0388e-01, PNorm = 53.4629, GNorm = 0.9919, lr_0 = 2.3520e-04
Loss = 3.2404e-01, PNorm = 53.4981, GNorm = 1.2555, lr_0 = 2.3245e-04
Validation auc = 0.759062
Epoch 61
Loss = 3.2273e-01, PNorm = 53.5260, GNorm = 2.1108, lr_0 = 2.2973e-04
Loss = 3.1983e-01, PNorm = 53.5528, GNorm = 2.5351, lr_0 = 2.2705e-04
Loss = 2.8960e-01, PNorm = 53.5556, GNorm = 1.9090, lr_0 = 2.2678e-04
Validation auc = 0.766372
Epoch 62
Loss = 2.9337e-01, PNorm = 53.5822, GNorm = 1.5624, lr_0 = 2.2414e-04
Loss = 3.6779e-01, PNorm = 53.6111, GNorm = 1.3351, lr_0 = 2.2152e-04
Validation auc = 0.782821
Epoch 63
Loss = 3.2051e-01, PNorm = 53.6396, GNorm = 3.0662, lr_0 = 2.1893e-04
Loss = 3.0201e-01, PNorm = 53.6652, GNorm = 1.2263, lr_0 = 2.1637e-04
Validation auc = 0.768504
Epoch 64
Loss = 3.3620e-01, PNorm = 53.6968, GNorm = 1.2979, lr_0 = 2.1385e-04
Loss = 3.1161e-01, PNorm = 53.7273, GNorm = 0.9313, lr_0 = 2.1135e-04
Validation auc = 0.774901
Epoch 65
Loss = 3.2417e-01, PNorm = 53.7544, GNorm = 1.3628, lr_0 = 2.0888e-04
Loss = 3.1250e-01, PNorm = 53.7765, GNorm = 2.6216, lr_0 = 2.0644e-04
Validation auc = 0.780993
Epoch 66
Loss = 3.2276e-01, PNorm = 53.8027, GNorm = 1.7801, lr_0 = 2.0403e-04
Loss = 2.9816e-01, PNorm = 53.8285, GNorm = 1.6069, lr_0 = 2.0165e-04
Validation auc = 0.774596
Epoch 67
Loss = 2.7946e-01, PNorm = 53.8571, GNorm = 1.2456, lr_0 = 1.9906e-04
Loss = 2.6909e-01, PNorm = 53.8828, GNorm = 1.2870, lr_0 = 1.9673e-04
Validation auc = 0.778556
Epoch 68
Loss = 3.1622e-01, PNorm = 53.9030, GNorm = 1.7336, lr_0 = 1.9444e-04
Loss = 2.8460e-01, PNorm = 53.9252, GNorm = 1.4334, lr_0 = 1.9216e-04
Validation auc = 0.777033
Epoch 69
Loss = 2.5351e-01, PNorm = 53.9510, GNorm = 1.1825, lr_0 = 1.8992e-04
Loss = 2.5322e-01, PNorm = 53.9779, GNorm = 2.2835, lr_0 = 1.8770e-04
Validation auc = 0.762108
Epoch 70
Loss = 2.9916e-01, PNorm = 54.0002, GNorm = 1.4139, lr_0 = 1.8551e-04
Loss = 2.7794e-01, PNorm = 54.0210, GNorm = 1.7179, lr_0 = 1.8334e-04
Validation auc = 0.768200
Epoch 71
Loss = 2.3659e-01, PNorm = 54.0399, GNorm = 1.5169, lr_0 = 1.8120e-04
Loss = 2.8154e-01, PNorm = 54.0608, GNorm = 1.4063, lr_0 = 1.7909e-04
Validation auc = 0.758453
Epoch 72
Loss = 3.2727e-01, PNorm = 54.0823, GNorm = 1.4714, lr_0 = 1.7699e-04
Loss = 2.8527e-01, PNorm = 54.1004, GNorm = 1.4015, lr_0 = 1.7493e-04
Validation auc = 0.769114
Epoch 73
Loss = 1.3000e-01, PNorm = 54.1225, GNorm = 0.7750, lr_0 = 1.7268e-04
Loss = 2.7955e-01, PNorm = 54.1424, GNorm = 1.0924, lr_0 = 1.7066e-04
Loss = 2.7974e-01, PNorm = 54.1608, GNorm = 1.1232, lr_0 = 1.6867e-04
Validation auc = 0.765458
Epoch 74
Loss = 2.4567e-01, PNorm = 54.1793, GNorm = 2.5676, lr_0 = 1.6670e-04
Loss = 2.7207e-01, PNorm = 54.1989, GNorm = 1.3877, lr_0 = 1.6475e-04
Validation auc = 0.765458
Epoch 75
Loss = 2.7840e-01, PNorm = 54.2156, GNorm = 1.5742, lr_0 = 1.6283e-04
Loss = 2.5389e-01, PNorm = 54.2324, GNorm = 1.0668, lr_0 = 1.6093e-04
Validation auc = 0.771855
Epoch 76
Loss = 2.5425e-01, PNorm = 54.2501, GNorm = 2.6254, lr_0 = 1.5905e-04
Loss = 2.6190e-01, PNorm = 54.2659, GNorm = 1.3363, lr_0 = 1.5719e-04
Validation auc = 0.760280
Epoch 77
Loss = 2.7892e-01, PNorm = 54.2852, GNorm = 1.8168, lr_0 = 1.5536e-04
Loss = 2.4760e-01, PNorm = 54.2989, GNorm = 1.2974, lr_0 = 1.5354e-04
Validation auc = 0.769418
Epoch 78
Loss = 2.1169e-01, PNorm = 54.3165, GNorm = 1.1301, lr_0 = 1.5157e-04
Loss = 2.5435e-01, PNorm = 54.3330, GNorm = 1.5231, lr_0 = 1.4980e-04
Validation auc = 0.763022
Epoch 79
Loss = 2.3251e-01, PNorm = 54.3501, GNorm = 1.9936, lr_0 = 1.4805e-04
Loss = 2.5322e-01, PNorm = 54.3668, GNorm = 1.5093, lr_0 = 1.4632e-04
Validation auc = 0.760889
Epoch 80
Loss = 2.6594e-01, PNorm = 54.3807, GNorm = 1.4721, lr_0 = 1.4461e-04
Loss = 2.8142e-01, PNorm = 54.3954, GNorm = 1.8218, lr_0 = 1.4292e-04
Validation auc = 0.761803
Epoch 81
Loss = 2.8205e-01, PNorm = 54.4103, GNorm = 2.0431, lr_0 = 1.4125e-04
Loss = 2.4247e-01, PNorm = 54.4251, GNorm = 1.2153, lr_0 = 1.3960e-04
Validation auc = 0.759976
Epoch 82
Loss = 2.7734e-01, PNorm = 54.4391, GNorm = 1.8294, lr_0 = 1.3797e-04
Loss = 2.8946e-01, PNorm = 54.4523, GNorm = 1.9906, lr_0 = 1.3636e-04
Validation auc = 0.766981
Epoch 83
Loss = 3.3123e-01, PNorm = 54.4662, GNorm = 2.1811, lr_0 = 1.3477e-04
Loss = 2.1729e-01, PNorm = 54.4821, GNorm = 1.2084, lr_0 = 1.3320e-04
Validation auc = 0.769418
Epoch 84
Loss = 2.0293e-01, PNorm = 54.4976, GNorm = 1.2778, lr_0 = 1.3149e-04
Loss = 2.1672e-01, PNorm = 54.5115, GNorm = 1.3038, lr_0 = 1.2995e-04
Validation auc = 0.752056
Epoch 85
Loss = 1.7960e-01, PNorm = 54.5271, GNorm = 0.9839, lr_0 = 1.2843e-04
Loss = 2.0329e-01, PNorm = 54.5433, GNorm = 1.4184, lr_0 = 1.2693e-04
Loss = 2.7273e-01, PNorm = 54.5572, GNorm = 1.6581, lr_0 = 1.2545e-04
Validation auc = 0.748096
Epoch 86
Loss = 2.2928e-01, PNorm = 54.5695, GNorm = 1.7385, lr_0 = 1.2398e-04
Loss = 2.3855e-01, PNorm = 54.5825, GNorm = 1.4572, lr_0 = 1.2254e-04
Validation auc = 0.759671
Epoch 87
Loss = 2.7595e-01, PNorm = 54.5949, GNorm = 1.6971, lr_0 = 1.2111e-04
Loss = 2.0503e-01, PNorm = 54.6077, GNorm = 1.8125, lr_0 = 1.1969e-04
Validation auc = 0.755102
Epoch 88
Loss = 2.0940e-01, PNorm = 54.6196, GNorm = 1.6444, lr_0 = 1.1829e-04
Loss = 2.6017e-01, PNorm = 54.6307, GNorm = 1.8265, lr_0 = 1.1691e-04
Validation auc = 0.759366
Epoch 89
Loss = 2.2183e-01, PNorm = 54.6407, GNorm = 1.6836, lr_0 = 1.1541e-04
Loss = 2.4180e-01, PNorm = 54.6512, GNorm = 1.5596, lr_0 = 1.1406e-04
Validation auc = 0.761803
Epoch 90
Loss = 2.1480e-01, PNorm = 54.6613, GNorm = 1.1432, lr_0 = 1.1273e-04
Loss = 2.3755e-01, PNorm = 54.6739, GNorm = 1.5458, lr_0 = 1.1141e-04
Validation auc = 0.757234
Epoch 91
Loss = 2.2580e-01, PNorm = 54.6845, GNorm = 1.2758, lr_0 = 1.1011e-04
Loss = 2.2693e-01, PNorm = 54.6964, GNorm = 1.4131, lr_0 = 1.0883e-04
Validation auc = 0.754797
Epoch 92
Loss = 2.2915e-01, PNorm = 54.7075, GNorm = 2.0917, lr_0 = 1.0756e-04
Loss = 2.3138e-01, PNorm = 54.7164, GNorm = 1.3946, lr_0 = 1.0630e-04
Validation auc = 0.754797
Epoch 93
Loss = 2.1031e-01, PNorm = 54.7260, GNorm = 2.3262, lr_0 = 1.0506e-04
Loss = 2.2803e-01, PNorm = 54.7348, GNorm = 1.8920, lr_0 = 1.0383e-04
Validation auc = 0.756320
Epoch 94
Loss = 2.8327e-01, PNorm = 54.7432, GNorm = 1.5087, lr_0 = 1.0262e-04
Loss = 1.9522e-01, PNorm = 54.7541, GNorm = 2.1482, lr_0 = 1.0142e-04
Validation auc = 0.749619
Epoch 95
Loss = 1.5307e-01, PNorm = 54.7657, GNorm = 1.0633, lr_0 = 1.0012e-04
Loss = 2.4030e-01, PNorm = 54.7770, GNorm = 2.1506, lr_0 = 1.0000e-04
Validation auc = 0.754797
Epoch 96
Loss = 1.9793e-01, PNorm = 54.7866, GNorm = 1.7408, lr_0 = 1.0000e-04
Loss = 2.0636e-01, PNorm = 54.7968, GNorm = 2.0221, lr_0 = 1.0000e-04
Validation auc = 0.768200
Epoch 97
Loss = 1.7246e-01, PNorm = 54.8065, GNorm = 2.2569, lr_0 = 1.0000e-04
Loss = 2.2633e-01, PNorm = 54.8157, GNorm = 1.2245, lr_0 = 1.0000e-04
Loss = 2.2361e-01, PNorm = 54.8264, GNorm = 2.8753, lr_0 = 1.0000e-04
Validation auc = 0.758148
Epoch 98
Loss = 2.3278e-01, PNorm = 54.8369, GNorm = 1.9802, lr_0 = 1.0000e-04
Loss = 2.3013e-01, PNorm = 54.8436, GNorm = 2.1027, lr_0 = 1.0000e-04
Validation auc = 0.762108
Epoch 99
Loss = 2.4705e-01, PNorm = 54.8517, GNorm = 2.1222, lr_0 = 1.0000e-04
Loss = 2.1278e-01, PNorm = 54.8603, GNorm = 1.9989, lr_0 = 1.0000e-04
Validation auc = 0.756320
Model 0 best validation auc = 0.806579 on epoch 26
Loading pretrained parameter "encoder.encoder.0.cached_zero_vector".
Loading pretrained parameter "encoder.encoder.0.W_i.weight".
Loading pretrained parameter "encoder.encoder.0.W_h.weight".
Loading pretrained parameter "encoder.encoder.0.W_o.weight".
Loading pretrained parameter "encoder.encoder.0.W_o.bias".
Loading pretrained parameter "ffn.1.weight".
Loading pretrained parameter "ffn.1.bias".
Loading pretrained parameter "ffn.4.weight".
Loading pretrained parameter "ffn.4.bias".
Moving model to cuda
Model 0 test auc = 0.797643
Ensemble test auc = 0.797643
1-fold cross validation
	Seed 0 ==> test auc = 0.797643
Overall test auc = 0.797643 +/- 0.000000
Elapsed time = 0:02:25
