Command line
python /home/jxy/anaconda3/envs/chemprop_1119/bin/chemprop_train --data_path data/train_full.csv --dataset_type classification --save_dir checkpoints_29 --config_path hyperoptfile3 --epochs 100 --separate_test_path data/test_random_nocanonical.csv --separate_val_path data/val_full.csv --features_generator rdkit_2d_normalized --no_features_scaling
Args
{'activation': 'ReLU',
 'aggregation': 'mean',
 'aggregation_norm': 100,
 'alternative_loss_function': None,
 'atom_descriptor_scaling': True,
 'atom_descriptors': None,
 'atom_descriptors_path': None,
 'atom_descriptors_size': 0,
 'atom_features_size': 0,
 'atom_messages': False,
 'batch_size': 50,
 'bias': False,
 'bond_feature_scaling': True,
 'bond_features_path': None,
 'bond_features_size': 0,
 'cache_cutoff': 10000,
 'checkpoint_dir': None,
 'checkpoint_frzn': None,
 'checkpoint_path': None,
 'checkpoint_paths': None,
 'class_balance': False,
 'config_path': 'hyperoptfile3',
 'crossval_index_dir': None,
 'crossval_index_file': None,
 'crossval_index_sets': None,
 'cuda': True,
 'data_path': 'data/train_full.csv',
 'data_weights_path': None,
 'dataset_type': 'classification',
 'depth': 5,
 'device': device(type='cuda'),
 'dropout': 0.3,
 'empty_cache': False,
 'ensemble_size': 1,
 'epochs': 100,
 'explicit_h': False,
 'extra_metrics': [],
 'features_generator': ['rdkit_2d_normalized'],
 'features_only': False,
 'features_path': None,
 'features_scaling': False,
 'features_size': None,
 'ffn_hidden_size': 600,
 'ffn_num_layers': 3,
 'final_lr': 0.0001,
 'folds_file': None,
 'freeze_first_only': False,
 'frzn_ffn_layers': 0,
 'gpu': None,
 'grad_clip': None,
 'hidden_size': 600,
 'ignore_columns': None,
 'init_lr': 0.0001,
 'log_frequency': 10,
 'max_data_size': None,
 'max_lr': 0.001,
 'metric': 'auc',
 'metrics': ['auc'],
 'minimize_score': False,
 'mpn_shared': False,
 'multiclass_num_classes': 3,
 'no_atom_descriptor_scaling': False,
 'no_bond_features_scaling': False,
 'no_cache_mol': False,
 'no_cuda': False,
 'no_features_scaling': True,
 'num_folds': 1,
 'num_lrs': 1,
 'num_tasks': 1,
 'num_workers': 8,
 'number_of_molecules': 1,
 'overwrite_default_atom_features': False,
 'overwrite_default_bond_features': False,
 'phase_features_path': None,
 'pytorch_seed': 0,
 'quiet': False,
 'reaction': False,
 'reaction_mode': 'reac_diff',
 'resume_experiment': False,
 'save_dir': 'checkpoints_29',
 'save_preds': False,
 'save_smiles_splits': False,
 'seed': 0,
 'separate_test_atom_descriptors_path': None,
 'separate_test_bond_features_path': None,
 'separate_test_features_path': None,
 'separate_test_path': 'data/test_random_nocanonical.csv',
 'separate_test_phase_features_path': None,
 'separate_val_atom_descriptors_path': None,
 'separate_val_bond_features_path': None,
 'separate_val_features_path': None,
 'separate_val_path': 'data/val_full.csv',
 'separate_val_phase_features_path': None,
 'show_individual_scores': False,
 'smiles_columns': ['Smile'],
 'spectra_activation': 'exp',
 'spectra_phase_mask_path': None,
 'spectra_target_floor': 1e-08,
 'split_sizes': (0.8, 0.1, 0.1),
 'split_type': 'random',
 'target_columns': None,
 'target_weights': None,
 'task_names': ['Label'],
 'test': False,
 'test_fold_index': None,
 'train_data_size': None,
 'undirected': False,
 'use_input_features': True,
 'val_fold_index': None,
 'warmup_epochs': 2.0}
Setting molecule featurization parameters to default.
Loading data
Number of tasks = 1
Fold 0
Splitting data with seed 0
Class sizes
Label 0: 46.78%, 1: 53.22%
Total size = 1,041 | train size = 1,041 | val size = 116 | test size = 290
Building model 0
MoleculeModel(
  (sigmoid): Sigmoid()
  (encoder): MPN(
    (encoder): ModuleList(
      (0): MPNEncoder(
        (dropout_layer): Dropout(p=0.3, inplace=False)
        (act_func): ReLU()
        (W_i): Linear(in_features=147, out_features=600, bias=False)
        (W_h): Linear(in_features=600, out_features=600, bias=False)
        (W_o): Linear(in_features=733, out_features=600, bias=True)
      )
    )
  )
  (ffn): Sequential(
    (0): Dropout(p=0.3, inplace=False)
    (1): Linear(in_features=800, out_features=600, bias=True)
    (2): ReLU()
    (3): Dropout(p=0.3, inplace=False)
    (4): Linear(in_features=600, out_features=600, bias=True)
    (5): ReLU()
    (6): Dropout(p=0.3, inplace=False)
    (7): Linear(in_features=600, out_features=1, bias=True)
  )
)
Number of parameters = 1,731,001
Moving model to cuda
Epoch 0
Loss = 7.1768e-01, PNorm = 52.7439, GNorm = 1.2795, lr_0 = 3.4750e-04
Loss = 7.0386e-01, PNorm = 52.7617, GNorm = 1.4113, lr_0 = 5.7250e-04
Loss = 6.2735e-01, PNorm = 52.7647, GNorm = 0.8996, lr_0 = 5.9500e-04
Validation auc = 0.711544
Epoch 1
Loss = 6.7238e-01, PNorm = 52.8054, GNorm = 1.3660, lr_0 = 8.2000e-04
Loss = 6.8151e-01, PNorm = 52.8572, GNorm = 1.0779, lr_0 = 9.9765e-04
Validation auc = 0.710021
Epoch 2
Loss = 6.6471e-01, PNorm = 52.9115, GNorm = 1.8193, lr_0 = 9.8600e-04
Loss = 6.9020e-01, PNorm = 52.9597, GNorm = 0.8640, lr_0 = 9.7449e-04
Validation auc = 0.731952
Epoch 3
Loss = 6.4215e-01, PNorm = 53.0020, GNorm = 0.5773, lr_0 = 9.6310e-04
Loss = 6.3451e-01, PNorm = 53.0397, GNorm = 0.9388, lr_0 = 9.5186e-04
Validation auc = 0.745050
Epoch 4
Loss = 6.0043e-01, PNorm = 53.0759, GNorm = 0.6027, lr_0 = 9.4074e-04
Loss = 6.2882e-01, PNorm = 53.1125, GNorm = 0.9472, lr_0 = 9.2975e-04
Validation auc = 0.737131
Epoch 5
Loss = 5.9959e-01, PNorm = 53.1478, GNorm = 0.8369, lr_0 = 9.1889e-04
Loss = 6.1708e-01, PNorm = 53.1873, GNorm = 0.6440, lr_0 = 9.0816e-04
Validation auc = 0.774292
Epoch 6
Loss = 6.2370e-01, PNorm = 53.2335, GNorm = 1.1786, lr_0 = 8.9650e-04
Loss = 6.0221e-01, PNorm = 53.2716, GNorm = 0.6989, lr_0 = 8.8603e-04
Validation auc = 0.769114
Epoch 7
Loss = 6.0144e-01, PNorm = 53.3186, GNorm = 0.8473, lr_0 = 8.7568e-04
Loss = 6.1761e-01, PNorm = 53.3647, GNorm = 1.0372, lr_0 = 8.6546e-04
Validation auc = 0.761194
Epoch 8
Loss = 5.9220e-01, PNorm = 53.4047, GNorm = 0.7453, lr_0 = 8.5535e-04
Loss = 5.7903e-01, PNorm = 53.4546, GNorm = 0.9625, lr_0 = 8.4536e-04
Validation auc = 0.754188
Epoch 9
Loss = 6.5404e-01, PNorm = 53.5063, GNorm = 0.8521, lr_0 = 8.3549e-04
Loss = 5.7849e-01, PNorm = 53.5541, GNorm = 1.1253, lr_0 = 8.2573e-04
Validation auc = 0.770637
Epoch 10
Loss = 5.9427e-01, PNorm = 53.6011, GNorm = 0.6945, lr_0 = 8.1608e-04
Loss = 5.9191e-01, PNorm = 53.6489, GNorm = 0.9476, lr_0 = 8.0655e-04
Validation auc = 0.764240
Epoch 11
Loss = 6.3866e-01, PNorm = 53.6869, GNorm = 0.8786, lr_0 = 7.9713e-04
Loss = 5.4835e-01, PNorm = 53.7309, GNorm = 0.7732, lr_0 = 7.8782e-04
Validation auc = 0.762108
Epoch 12
Loss = 5.4676e-01, PNorm = 53.7842, GNorm = 0.7940, lr_0 = 7.7771e-04
Loss = 5.5166e-01, PNorm = 53.8261, GNorm = 0.8077, lr_0 = 7.6862e-04
Loss = 5.8298e-01, PNorm = 53.8653, GNorm = 0.9431, lr_0 = 7.5965e-04
Validation auc = 0.773683
Epoch 13
Loss = 5.5516e-01, PNorm = 53.9114, GNorm = 0.6731, lr_0 = 7.5078e-04
Loss = 5.8368e-01, PNorm = 53.9588, GNorm = 0.7824, lr_0 = 7.4201e-04
Validation auc = 0.764849
Epoch 14
Loss = 5.5293e-01, PNorm = 54.0099, GNorm = 0.8526, lr_0 = 7.3334e-04
Loss = 5.4599e-01, PNorm = 54.0579, GNorm = 1.2058, lr_0 = 7.2478e-04
Validation auc = 0.755102
Epoch 15
Loss = 5.3262e-01, PNorm = 54.1040, GNorm = 0.9829, lr_0 = 7.1631e-04
Loss = 5.3603e-01, PNorm = 54.1554, GNorm = 0.8596, lr_0 = 7.0795e-04
Validation auc = 0.772160
Epoch 16
Loss = 5.3044e-01, PNorm = 54.2007, GNorm = 0.8503, lr_0 = 6.9968e-04
Loss = 5.3574e-01, PNorm = 54.2570, GNorm = 0.7966, lr_0 = 6.9151e-04
Validation auc = 0.797137
Epoch 17
Loss = 5.1199e-01, PNorm = 54.3098, GNorm = 0.9600, lr_0 = 6.8263e-04
Loss = 5.2228e-01, PNorm = 54.3604, GNorm = 0.8247, lr_0 = 6.7465e-04
Validation auc = 0.769723
Epoch 18
Loss = 5.2772e-01, PNorm = 54.4156, GNorm = 1.0820, lr_0 = 6.6678e-04
Loss = 5.1130e-01, PNorm = 54.4734, GNorm = 0.8122, lr_0 = 6.5899e-04
Validation auc = 0.772160
Epoch 19
Loss = 4.8905e-01, PNorm = 54.5318, GNorm = 1.1885, lr_0 = 6.5129e-04
Loss = 5.4051e-01, PNorm = 54.5955, GNorm = 1.4231, lr_0 = 6.4369e-04
Validation auc = 0.777033
Epoch 20
Loss = 5.2753e-01, PNorm = 54.6565, GNorm = 0.9996, lr_0 = 6.3617e-04
Loss = 5.2108e-01, PNorm = 54.7204, GNorm = 1.2510, lr_0 = 6.2874e-04
Validation auc = 0.760585
Epoch 21
Loss = 4.9337e-01, PNorm = 54.7781, GNorm = 0.9562, lr_0 = 6.2139e-04
Loss = 4.8416e-01, PNorm = 54.8386, GNorm = 0.8153, lr_0 = 6.1414e-04
Validation auc = 0.782211
Epoch 22
Loss = 5.2977e-01, PNorm = 54.8953, GNorm = 1.1430, lr_0 = 6.0696e-04
Loss = 4.8838e-01, PNorm = 54.9645, GNorm = 0.9951, lr_0 = 5.9988e-04
Validation auc = 0.792568
Epoch 23
Loss = 4.5078e-01, PNorm = 55.0190, GNorm = 0.8576, lr_0 = 5.9217e-04
Loss = 4.7848e-01, PNorm = 55.0818, GNorm = 0.8377, lr_0 = 5.8526e-04
Validation auc = 0.756930
Epoch 24
Loss = 4.6860e-01, PNorm = 55.1448, GNorm = 1.0745, lr_0 = 5.7842e-04
Loss = 4.7379e-01, PNorm = 55.2109, GNorm = 1.5661, lr_0 = 5.7167e-04
Loss = 5.1071e-01, PNorm = 55.2746, GNorm = 1.2811, lr_0 = 5.6499e-04
Validation auc = 0.782211
Epoch 25
Loss = 4.9771e-01, PNorm = 55.3390, GNorm = 0.9059, lr_0 = 5.5839e-04
Loss = 4.8757e-01, PNorm = 55.3999, GNorm = 0.9074, lr_0 = 5.5187e-04
Validation auc = 0.758148
Epoch 26
Loss = 4.5733e-01, PNorm = 55.4585, GNorm = 1.2949, lr_0 = 5.4542e-04
Loss = 4.5913e-01, PNorm = 55.5207, GNorm = 1.0579, lr_0 = 5.3905e-04
Validation auc = 0.778252
Epoch 27
Loss = 4.7163e-01, PNorm = 55.5758, GNorm = 1.4427, lr_0 = 5.3276e-04
Loss = 4.3431e-01, PNorm = 55.6403, GNorm = 0.9088, lr_0 = 5.2654e-04
Validation auc = 0.780079
Epoch 28
Loss = 3.9828e-01, PNorm = 55.7064, GNorm = 1.1820, lr_0 = 5.1978e-04
Loss = 4.6602e-01, PNorm = 55.7684, GNorm = 1.1372, lr_0 = 5.1371e-04
Validation auc = 0.814804
Epoch 29
Loss = 4.0887e-01, PNorm = 55.8383, GNorm = 1.0497, lr_0 = 5.0771e-04
Loss = 4.7427e-01, PNorm = 55.9114, GNorm = 1.5006, lr_0 = 5.0178e-04
Validation auc = 0.780079
Epoch 30
Loss = 4.2487e-01, PNorm = 55.9888, GNorm = 1.2240, lr_0 = 4.9592e-04
Loss = 4.5805e-01, PNorm = 56.0599, GNorm = 1.4845, lr_0 = 4.9012e-04
Validation auc = 0.784648
Epoch 31
Loss = 4.1889e-01, PNorm = 56.1283, GNorm = 1.0938, lr_0 = 4.8440e-04
Loss = 4.2672e-01, PNorm = 56.1993, GNorm = 1.5029, lr_0 = 4.7874e-04
Validation auc = 0.782211
Epoch 32
Loss = 4.0001e-01, PNorm = 56.2650, GNorm = 1.2625, lr_0 = 4.7315e-04
Loss = 4.3172e-01, PNorm = 56.3253, GNorm = 2.3683, lr_0 = 4.6763e-04
Validation auc = 0.789826
Epoch 33
Loss = 3.8792e-01, PNorm = 56.3831, GNorm = 1.0879, lr_0 = 4.6216e-04
Loss = 4.0865e-01, PNorm = 56.4436, GNorm = 1.4954, lr_0 = 4.5677e-04
Validation auc = 0.807189
Epoch 34
Loss = 3.6380e-01, PNorm = 56.5025, GNorm = 1.1725, lr_0 = 4.5090e-04
Loss = 3.5323e-01, PNorm = 56.5594, GNorm = 1.2517, lr_0 = 4.4564e-04
Validation auc = 0.777642
Epoch 35
Loss = 3.5678e-01, PNorm = 56.6134, GNorm = 1.1365, lr_0 = 4.4043e-04
Loss = 4.1328e-01, PNorm = 56.6669, GNorm = 1.4059, lr_0 = 4.3529e-04
Validation auc = 0.796223
Epoch 36
Loss = 4.6440e-01, PNorm = 56.7215, GNorm = 1.4352, lr_0 = 4.3020e-04
Loss = 3.8275e-01, PNorm = 56.7815, GNorm = 1.4626, lr_0 = 4.2518e-04
Loss = 3.7506e-01, PNorm = 56.8311, GNorm = 1.3759, lr_0 = 4.2021e-04
Validation auc = 0.776729
Epoch 37
Loss = 3.8089e-01, PNorm = 56.8870, GNorm = 1.7067, lr_0 = 4.1531e-04
Loss = 3.7788e-01, PNorm = 56.9388, GNorm = 1.4292, lr_0 = 4.1045e-04
Validation auc = 0.771855
Epoch 38
Loss = 3.8435e-01, PNorm = 56.9969, GNorm = 1.4550, lr_0 = 4.0566e-04
Loss = 3.6878e-01, PNorm = 57.0555, GNorm = 1.3115, lr_0 = 4.0092e-04
Validation auc = 0.791959
Epoch 39
Loss = 3.8681e-01, PNorm = 57.1189, GNorm = 1.7214, lr_0 = 3.9578e-04
Loss = 3.2832e-01, PNorm = 57.1786, GNorm = 1.6459, lr_0 = 3.9115e-04
Validation auc = 0.778252
Epoch 40
Loss = 3.4618e-01, PNorm = 57.2357, GNorm = 1.3042, lr_0 = 3.8658e-04
Loss = 3.6104e-01, PNorm = 57.2923, GNorm = 1.1798, lr_0 = 3.8207e-04
Validation auc = 0.779470
Epoch 41
Loss = 3.0276e-01, PNorm = 57.3430, GNorm = 1.0104, lr_0 = 3.7761e-04
Loss = 3.7687e-01, PNorm = 57.3918, GNorm = 1.2421, lr_0 = 3.7320e-04
Validation auc = 0.789217
Epoch 42
Loss = 3.2691e-01, PNorm = 57.4435, GNorm = 1.8517, lr_0 = 3.6884e-04
Loss = 3.4411e-01, PNorm = 57.4929, GNorm = 1.2910, lr_0 = 3.6453e-04
Validation auc = 0.799574
Epoch 43
Loss = 3.1570e-01, PNorm = 57.5383, GNorm = 1.4730, lr_0 = 3.6027e-04
Loss = 3.1802e-01, PNorm = 57.5828, GNorm = 1.8415, lr_0 = 3.5607e-04
Validation auc = 0.771246
Epoch 44
Loss = 3.4176e-01, PNorm = 57.6234, GNorm = 1.3557, lr_0 = 3.5191e-04
Loss = 3.0251e-01, PNorm = 57.6654, GNorm = 1.2777, lr_0 = 3.4780e-04
Validation auc = 0.780688
Epoch 45
Loss = 2.7663e-01, PNorm = 57.7124, GNorm = 1.1562, lr_0 = 3.4333e-04
Loss = 3.2281e-01, PNorm = 57.7521, GNorm = 1.7612, lr_0 = 3.3932e-04
Validation auc = 0.821505
Epoch 46
Loss = 3.7475e-01, PNorm = 57.7931, GNorm = 1.6792, lr_0 = 3.3536e-04
Loss = 2.7928e-01, PNorm = 57.8323, GNorm = 1.0566, lr_0 = 3.3144e-04
Validation auc = 0.769114
Epoch 47
Loss = 2.9860e-01, PNorm = 57.8679, GNorm = 1.9302, lr_0 = 3.2757e-04
Loss = 2.9918e-01, PNorm = 57.9014, GNorm = 2.4197, lr_0 = 3.2375e-04
Validation auc = 0.796832
Epoch 48
Loss = 3.0569e-01, PNorm = 57.9352, GNorm = 1.6872, lr_0 = 3.1996e-04
Loss = 3.1425e-01, PNorm = 57.9714, GNorm = 1.7504, lr_0 = 3.1623e-04
Loss = 3.0165e-01, PNorm = 58.0036, GNorm = 1.7376, lr_0 = 3.1253e-04
Validation auc = 0.777947
Epoch 49
Loss = 2.9303e-01, PNorm = 58.0372, GNorm = 1.8258, lr_0 = 3.0888e-04
Loss = 2.7464e-01, PNorm = 58.0722, GNorm = 1.2863, lr_0 = 3.0528e-04
Validation auc = 0.770941
Epoch 50
Loss = 2.9050e-01, PNorm = 58.1087, GNorm = 1.4026, lr_0 = 3.0171e-04
Loss = 2.8585e-01, PNorm = 58.1413, GNorm = 1.5030, lr_0 = 2.9819e-04
Validation auc = 0.772769
Epoch 51
Loss = 3.0232e-01, PNorm = 58.1783, GNorm = 2.7958, lr_0 = 2.9436e-04
Loss = 2.6704e-01, PNorm = 58.2160, GNorm = 2.1005, lr_0 = 2.9092e-04
Validation auc = 0.793482
Epoch 52
Loss = 2.7164e-01, PNorm = 58.2548, GNorm = 1.6715, lr_0 = 2.8752e-04
Loss = 2.9956e-01, PNorm = 58.2917, GNorm = 1.6987, lr_0 = 2.8417e-04
Validation auc = 0.755102
Epoch 53
Loss = 3.1090e-01, PNorm = 58.3207, GNorm = 1.3900, lr_0 = 2.8085e-04
Loss = 2.6129e-01, PNorm = 58.3520, GNorm = 1.4002, lr_0 = 2.7757e-04
Validation auc = 0.780079
Epoch 54
Loss = 2.6073e-01, PNorm = 58.3818, GNorm = 1.1068, lr_0 = 2.7432e-04
Loss = 2.4907e-01, PNorm = 58.4082, GNorm = 1.8704, lr_0 = 2.7112e-04
Validation auc = 0.777033
Epoch 55
Loss = 2.3111e-01, PNorm = 58.4323, GNorm = 3.2218, lr_0 = 2.6795e-04
Loss = 2.3151e-01, PNorm = 58.4597, GNorm = 2.1005, lr_0 = 2.6483e-04
Validation auc = 0.785867
Epoch 56
Loss = 2.7048e-01, PNorm = 58.4938, GNorm = 1.5845, lr_0 = 2.6142e-04
Loss = 2.4425e-01, PNorm = 58.5214, GNorm = 1.8088, lr_0 = 2.5837e-04
Validation auc = 0.784344
Epoch 57
Loss = 2.1377e-01, PNorm = 58.5475, GNorm = 1.7176, lr_0 = 2.5535e-04
Loss = 2.4291e-01, PNorm = 58.5756, GNorm = 3.1368, lr_0 = 2.5237e-04
Validation auc = 0.779470
Epoch 58
Loss = 2.8129e-01, PNorm = 58.5995, GNorm = 2.4041, lr_0 = 2.4942e-04
Loss = 2.6629e-01, PNorm = 58.6252, GNorm = 1.4740, lr_0 = 2.4651e-04
Validation auc = 0.779165
Epoch 59
Loss = 1.8246e-01, PNorm = 58.6531, GNorm = 1.4876, lr_0 = 2.4363e-04
Loss = 2.6930e-01, PNorm = 58.6775, GNorm = 1.9165, lr_0 = 2.4079e-04
Validation auc = 0.777033
Epoch 60
Loss = 1.7452e-01, PNorm = 58.7014, GNorm = 1.6796, lr_0 = 2.3797e-04
Loss = 2.1374e-01, PNorm = 58.7265, GNorm = 1.3017, lr_0 = 2.3520e-04
Loss = 2.5308e-01, PNorm = 58.7499, GNorm = 2.3599, lr_0 = 2.3245e-04
Validation auc = 0.773378
Epoch 61
Loss = 2.0906e-01, PNorm = 58.7731, GNorm = 2.3330, lr_0 = 2.2973e-04
Loss = 2.3770e-01, PNorm = 58.7942, GNorm = 1.3993, lr_0 = 2.2705e-04
Loss = 1.6562e-01, PNorm = 58.7965, GNorm = 1.3842, lr_0 = 2.2678e-04
Validation auc = 0.770941
Epoch 62
Loss = 2.0549e-01, PNorm = 58.8187, GNorm = 1.4127, lr_0 = 2.2414e-04
Loss = 2.2975e-01, PNorm = 58.8411, GNorm = 2.0447, lr_0 = 2.2152e-04
Validation auc = 0.773683
Epoch 63
Loss = 2.4068e-01, PNorm = 58.8620, GNorm = 2.0393, lr_0 = 2.1893e-04
Loss = 2.0484e-01, PNorm = 58.8842, GNorm = 2.4956, lr_0 = 2.1637e-04
Validation auc = 0.777033
Epoch 64
Loss = 2.3324e-01, PNorm = 58.9064, GNorm = 2.0895, lr_0 = 2.1385e-04
Loss = 1.8136e-01, PNorm = 58.9247, GNorm = 1.4386, lr_0 = 2.1135e-04
Validation auc = 0.761499
Epoch 65
Loss = 2.6867e-01, PNorm = 58.9450, GNorm = 2.5765, lr_0 = 2.0888e-04
Loss = 1.9798e-01, PNorm = 58.9632, GNorm = 1.1342, lr_0 = 2.0644e-04
Validation auc = 0.774596
Epoch 66
Loss = 1.4735e-01, PNorm = 58.9828, GNorm = 1.5854, lr_0 = 2.0403e-04
Loss = 2.2170e-01, PNorm = 59.0006, GNorm = 1.7496, lr_0 = 2.0165e-04
Validation auc = 0.770027
Epoch 67
Loss = 1.8624e-01, PNorm = 59.0193, GNorm = 1.8870, lr_0 = 1.9906e-04
Loss = 1.8763e-01, PNorm = 59.0379, GNorm = 2.8230, lr_0 = 1.9673e-04
Validation auc = 0.780993
Epoch 68
Loss = 2.2050e-01, PNorm = 59.0555, GNorm = 3.5630, lr_0 = 1.9444e-04
Loss = 2.0613e-01, PNorm = 59.0719, GNorm = 2.2523, lr_0 = 1.9216e-04
Validation auc = 0.780079
Epoch 69
Loss = 1.6938e-01, PNorm = 59.0878, GNorm = 1.3268, lr_0 = 1.8992e-04
Loss = 1.7663e-01, PNorm = 59.1042, GNorm = 1.7589, lr_0 = 1.8770e-04
Validation auc = 0.765763
Epoch 70
Loss = 1.5670e-01, PNorm = 59.1236, GNorm = 2.0154, lr_0 = 1.8551e-04
Loss = 1.6546e-01, PNorm = 59.1411, GNorm = 1.3431, lr_0 = 1.8334e-04
Validation auc = 0.768809
Epoch 71
Loss = 1.4424e-01, PNorm = 59.1556, GNorm = 2.1167, lr_0 = 1.8120e-04
Loss = 1.6446e-01, PNorm = 59.1715, GNorm = 2.0066, lr_0 = 1.7909e-04
Validation auc = 0.770941
Epoch 72
Loss = 3.0422e-01, PNorm = 59.1868, GNorm = 2.7022, lr_0 = 1.7699e-04
Loss = 1.7625e-01, PNorm = 59.2030, GNorm = 1.8852, lr_0 = 1.7493e-04
Validation auc = 0.768200
Epoch 73
Loss = 1.2548e-01, PNorm = 59.2190, GNorm = 2.0790, lr_0 = 1.7268e-04
Loss = 1.9643e-01, PNorm = 59.2307, GNorm = 1.6500, lr_0 = 1.7066e-04
Loss = 2.0980e-01, PNorm = 59.2424, GNorm = 0.8235, lr_0 = 1.6867e-04
Validation auc = 0.777642
Epoch 74
Loss = 1.9658e-01, PNorm = 59.2547, GNorm = 2.1010, lr_0 = 1.6670e-04
Loss = 1.8361e-01, PNorm = 59.2678, GNorm = 1.9447, lr_0 = 1.6475e-04
Validation auc = 0.767895
Epoch 75
Loss = 1.7955e-01, PNorm = 59.2808, GNorm = 1.3563, lr_0 = 1.6283e-04
Loss = 1.3814e-01, PNorm = 59.2938, GNorm = 0.9526, lr_0 = 1.6093e-04
Validation auc = 0.775510
Epoch 76
Loss = 1.5664e-01, PNorm = 59.3062, GNorm = 1.7277, lr_0 = 1.5905e-04
Loss = 1.7265e-01, PNorm = 59.3185, GNorm = 1.7790, lr_0 = 1.5719e-04
Validation auc = 0.768809
Epoch 77
Loss = 1.5915e-01, PNorm = 59.3320, GNorm = 2.2415, lr_0 = 1.5536e-04
Loss = 1.5124e-01, PNorm = 59.3443, GNorm = 1.1763, lr_0 = 1.5354e-04
Validation auc = 0.765154
Epoch 78
Loss = 1.6457e-01, PNorm = 59.3560, GNorm = 1.4473, lr_0 = 1.5157e-04
Loss = 1.7883e-01, PNorm = 59.3668, GNorm = 2.3625, lr_0 = 1.4980e-04
Validation auc = 0.771246
Epoch 79
Loss = 1.2764e-01, PNorm = 59.3774, GNorm = 1.9733, lr_0 = 1.4805e-04
Loss = 1.6458e-01, PNorm = 59.3883, GNorm = 2.1655, lr_0 = 1.4632e-04
Validation auc = 0.781298
Epoch 80
Loss = 9.8092e-02, PNorm = 59.3996, GNorm = 1.3948, lr_0 = 1.4461e-04
Loss = 1.6108e-01, PNorm = 59.4109, GNorm = 2.0984, lr_0 = 1.4292e-04
Validation auc = 0.775815
Epoch 81
Loss = 1.7817e-01, PNorm = 59.4205, GNorm = 2.8715, lr_0 = 1.4125e-04
Loss = 1.3965e-01, PNorm = 59.4314, GNorm = 0.7764, lr_0 = 1.3960e-04
Validation auc = 0.770027
Epoch 82
Loss = 1.3898e-01, PNorm = 59.4417, GNorm = 2.5196, lr_0 = 1.3797e-04
Loss = 1.6161e-01, PNorm = 59.4501, GNorm = 1.8534, lr_0 = 1.3636e-04
Validation auc = 0.769114
Epoch 83
Loss = 2.0943e-01, PNorm = 59.4590, GNorm = 2.3643, lr_0 = 1.3477e-04
Loss = 1.3489e-01, PNorm = 59.4689, GNorm = 1.4994, lr_0 = 1.3320e-04
Validation auc = 0.771855
Epoch 84
Loss = 1.7842e-01, PNorm = 59.4780, GNorm = 2.2263, lr_0 = 1.3149e-04
Loss = 1.2214e-01, PNorm = 59.4870, GNorm = 2.2212, lr_0 = 1.2995e-04
Validation auc = 0.762717
Epoch 85
Loss = 1.1692e-01, PNorm = 59.4942, GNorm = 2.6275, lr_0 = 1.2843e-04
Loss = 1.6121e-01, PNorm = 59.5024, GNorm = 2.5728, lr_0 = 1.2693e-04
Loss = 1.6373e-01, PNorm = 59.5106, GNorm = 2.2635, lr_0 = 1.2545e-04
Validation auc = 0.773378
Epoch 86
Loss = 1.5914e-01, PNorm = 59.5176, GNorm = 1.9706, lr_0 = 1.2398e-04
Loss = 1.2528e-01, PNorm = 59.5256, GNorm = 1.2846, lr_0 = 1.2254e-04
Validation auc = 0.766981
Epoch 87
Loss = 1.3951e-01, PNorm = 59.5337, GNorm = 2.4625, lr_0 = 1.2111e-04
Loss = 1.3432e-01, PNorm = 59.5415, GNorm = 0.5254, lr_0 = 1.1969e-04
Validation auc = 0.771246
Epoch 88
Loss = 1.6906e-01, PNorm = 59.5490, GNorm = 2.7344, lr_0 = 1.1829e-04
Loss = 1.5301e-01, PNorm = 59.5554, GNorm = 1.5294, lr_0 = 1.1691e-04
Validation auc = 0.766372
Epoch 89
Loss = 1.1603e-01, PNorm = 59.5629, GNorm = 2.3651, lr_0 = 1.1541e-04
Loss = 1.4551e-01, PNorm = 59.5700, GNorm = 2.7542, lr_0 = 1.1406e-04
Validation auc = 0.772160
Epoch 90
Loss = 1.4086e-01, PNorm = 59.5770, GNorm = 2.7903, lr_0 = 1.1273e-04
Loss = 1.1039e-01, PNorm = 59.5846, GNorm = 3.0167, lr_0 = 1.1141e-04
Validation auc = 0.767895
Epoch 91
Loss = 1.8599e-01, PNorm = 59.5917, GNorm = 1.4001, lr_0 = 1.1011e-04
Loss = 1.4203e-01, PNorm = 59.5987, GNorm = 2.7112, lr_0 = 1.0883e-04
Validation auc = 0.770027
Epoch 92
Loss = 1.7736e-01, PNorm = 59.6053, GNorm = 2.1145, lr_0 = 1.0756e-04
Loss = 9.6105e-02, PNorm = 59.6128, GNorm = 2.1775, lr_0 = 1.0630e-04
Validation auc = 0.769114
Epoch 93
Loss = 1.2353e-01, PNorm = 59.6198, GNorm = 1.9265, lr_0 = 1.0506e-04
Loss = 1.3718e-01, PNorm = 59.6260, GNorm = 0.7772, lr_0 = 1.0383e-04
Validation auc = 0.768200
Epoch 94
Loss = 1.9985e-01, PNorm = 59.6326, GNorm = 3.2230, lr_0 = 1.0262e-04
Loss = 1.1931e-01, PNorm = 59.6378, GNorm = 1.8843, lr_0 = 1.0142e-04
Validation auc = 0.770332
Epoch 95
Loss = 9.1044e-02, PNorm = 59.6443, GNorm = 1.1500, lr_0 = 1.0012e-04
Loss = 1.5151e-01, PNorm = 59.6497, GNorm = 2.5310, lr_0 = 1.0000e-04
Validation auc = 0.772769
Epoch 96
Loss = 1.5357e-01, PNorm = 59.6543, GNorm = 1.7021, lr_0 = 1.0000e-04
Loss = 1.1437e-01, PNorm = 59.6594, GNorm = 1.5870, lr_0 = 1.0000e-04
Validation auc = 0.765763
Epoch 97
Loss = 1.6962e-01, PNorm = 59.6640, GNorm = 2.7257, lr_0 = 1.0000e-04
Loss = 1.4077e-01, PNorm = 59.6690, GNorm = 1.2072, lr_0 = 1.0000e-04
Loss = 1.3323e-01, PNorm = 59.6747, GNorm = 2.3181, lr_0 = 1.0000e-04
Validation auc = 0.763022
Epoch 98
Loss = 1.3334e-01, PNorm = 59.6808, GNorm = 3.1928, lr_0 = 1.0000e-04
Loss = 1.4663e-01, PNorm = 59.6870, GNorm = 2.9238, lr_0 = 1.0000e-04
Validation auc = 0.765763
Epoch 99
Loss = 1.2327e-01, PNorm = 59.6935, GNorm = 2.8119, lr_0 = 1.0000e-04
Loss = 1.2570e-01, PNorm = 59.7002, GNorm = 1.4615, lr_0 = 1.0000e-04
Validation auc = 0.766677
Model 0 best validation auc = 0.821505 on epoch 45
Loading pretrained parameter "encoder.encoder.0.cached_zero_vector".
Loading pretrained parameter "encoder.encoder.0.W_i.weight".
Loading pretrained parameter "encoder.encoder.0.W_h.weight".
Loading pretrained parameter "encoder.encoder.0.W_o.weight".
Loading pretrained parameter "encoder.encoder.0.W_o.bias".
Loading pretrained parameter "ffn.1.weight".
Loading pretrained parameter "ffn.1.bias".
Loading pretrained parameter "ffn.4.weight".
Loading pretrained parameter "ffn.4.bias".
Loading pretrained parameter "ffn.7.weight".
Loading pretrained parameter "ffn.7.bias".
Moving model to cuda
Model 0 test auc = 0.776077
Ensemble test auc = 0.776077
1-fold cross validation
	Seed 0 ==> test auc = 0.776077
Overall test auc = 0.776077 +/- 0.000000
Elapsed time = 0:02:22
